#
# A fatal error has been detected by the Java Runtime Environment:
#
#  SIGSEGV (0xb) at pc=0x00007fcbe35c2c58, pid=11520, tid=140513764177664
#
# JRE version: 6.0_24-b24
# Java VM: OpenJDK 64-Bit Server VM (20.0-b12 mixed mode linux-amd64 compressed oops)
# Derivative: IcedTea6 1.11.4
# Distribution: Ubuntu 12.04 LTS, package 6b24-1.11.4-1ubuntu0.12.04.1
# Problematic frame:
# C  [libX11.so.6+0x33c58]  XQueryExtension+0x28
#
# If you would like to submit a bug report, please include
# instructions how to reproduce the bug and visit:
#   https://bugs.launchpad.net/ubuntu/+source/openjdk-6/
#

---------------  T H R E A D  ---------------

Current thread (0x00007fcbec070000):  VMThread [stack: 0x00007fcbe8eff000,0x00007fcbe9000000] [id=11530]

siginfo:si_signo=SIGSEGV: si_errno=0, si_code=1 (SEGV_MAPERR), si_addr=0xffffffffec290588

Registers:
RAX=0x00007fcbc4000bd0, RBX=0xffffffffec28fc20, RCX=0x00007fcbe8ffe7d8, RDX=0x00007fcbe8ffe7d4
RSP=0x00007fcbe8ffe770, RBP=0x00007fcbe159a932, RSI=0x00007fcbe159a932, RDI=0xffffffffec28fc20
R8 =0x00007fcbe8ffe7dc, R9 =0x0000000000000010, R10=0x00007fcbf3c1efa8, R11=0x0000000000000000
R12=0x0000000000000000, R13=0x00007fcbe159a932, R14=0x00007fcbc4000bd0, R15=0x0000000000000000
RIP=0x00007fcbe35c2c58, EFLAGS=0x0000000000010202, CSGSFS=0x0000000000000033, ERR=0x0000000000000005
  TRAPNO=0x000000000000000e

Top of Stack: (sp=0x00007fcbe8ffe770)
0x00007fcbe8ffe770:   0000000000000000 0000003000000003
0x00007fcbe8ffe780:   0000006e0000005b 0000007c00000077
0x00007fcbe8ffe790:   00000000ffffffff ffffffffec28fc20
0x00007fcbe8ffe7a0:   00007fcbe159a932 0000000000000000
0x00007fcbe8ffe7b0:   00007fcbe159a932 00007fcbc4000bd0
0x00007fcbe8ffe7c0:   0000000000000000 00007fcbe35b6c55
0x00007fcbe8ffe7d0:   00007fcbf446b048 00007fcbe16d3520
0x00007fcbe8ffe7e0:   00007fcbe16d3520 ffffffffec28fc20
0x00007fcbe8ffe7f0:   00007fcbec17e360 00007fcbe38d002b
0x00007fcbe8ffe800:   00007fcbf3871790 000000110000002c
0x00007fcbe8ffe810:   00007fcbe8ffe890 0000000000000000
0x00007fcbe8ffe820:   00007fcbe8ffe890 ffffffffec28fc20
0x00007fcbe8ffe830:   0000000000000000 00007fcbf446b048
0x00007fcbe8ffe840:   00007fcbe16ecd50 00007fcbe1541119
0x00007fcbe8ffe850:   0000000000000000 000000000000002c
0x00007fcbe8ffe860:   00007fcbe8ffe890 00007fcbe8ffe8b0
0x00007fcbe8ffe870:   0000000000000000 00007fcbf446b048
0x00007fcbe8ffe880:   00007fcbec28f780 00007fcbe1537b42
0x00007fcbe8ffe890:   00007fcbe8ffea80 00007fcbe159a8b1
0x00007fcbe8ffe8a0:   00007fcbe8ffea80 00007fcbf425792d
0x00007fcbe8ffe8b0:   00007fcbf446c2c8 00007fcbf446c858
0x00007fcbe8ffe8c0:   00007fcbf444d000 00007fcbec006a00
0x00007fcbe8ffe8d0:   00007fcbec007510 00007fcbec006eb0
0x00007fcbe8ffe8e0:   00007fcbec007a10 00007fcbec00c6f0
0x00007fcbe8ffe8f0:   00007fcbec11b1d0 00007fcbec11b6b0
0x00007fcbe8ffe900:   00007fcbf444c000 00007fcbec28c180
0x00007fcbe8ffe910:   00007fcbec286c90 00007fcbec287130
0x00007fcbe8ffe920:   00007fcbec28c650 00007fcbec28caf0
0x00007fcbe8ffe930:   00007fcbec28cf90 00007fcbec0ffea0
0x00007fcbe8ffe940:   00007fcbec0bdc90 00007fcbec0025e0
0x00007fcbe8ffe950:   00007fcbec001ec0 00000000008eb5f0
0x00007fcbe8ffe960:   00000000008ebb60 00000000008ec570 

Instructions: (pc=0x00007fcbe35c2c58)
0x00007fcbe35c2c38:   24 d8 48 89 fb 4c 89 64 24 e0 4c 89 6c 24 e8 48
0x00007fcbe35c2c48:   89 f5 4c 89 74 24 f0 4c 89 7c 24 f8 48 83 ec 58
0x00007fcbe35c2c58:   48 8b 87 68 09 00 00 49 89 d4 49 89 cd 4d 89 c6
0x00007fcbe35c2c68:   48 85 c0 74 02 ff 10 ba 08 00 00 00 be 62 00 00 

Register to memory mapping:

RAX=0x00007fcbc4000bd0 is an unknown value
RBX=0xffffffffec28fc20 is an unknown value
RCX=0x00007fcbe8ffe7d8 is an unknown value
RDX=0x00007fcbe8ffe7d4 is an unknown value
RSP=0x00007fcbe8ffe770 is an unknown value
RBP=0x00007fcbe159a932: <offset 0x96932> in /usr/lib/fglrx/libGL.so.1 at 0x00007fcbe1504000
RSI=0x00007fcbe159a932: <offset 0x96932> in /usr/lib/fglrx/libGL.so.1 at 0x00007fcbe1504000
RDI=0xffffffffec28fc20 is an unknown value
R8 =0x00007fcbe8ffe7dc is an unknown value
R9 =0x0000000000000010 is an unknown value
R10=0x00007fcbf3c1efa8: <offset 0x3bbfa8> in /lib/x86_64-linux-gnu/libc.so.6 at 0x00007fcbf3863000
R11=0x0000000000000000 is an unknown value
R12=0x0000000000000000 is an unknown value
R13=0x00007fcbe159a932: <offset 0x96932> in /usr/lib/fglrx/libGL.so.1 at 0x00007fcbe1504000
R14=0x00007fcbc4000bd0 is an unknown value
R15=0x0000000000000000 is an unknown value


Stack: [0x00007fcbe8eff000,0x00007fcbe9000000],  sp=0x00007fcbe8ffe770,  free space=1021k
Native frames: (J=compiled Java code, j=interpreted, Vv=VM code, C=native code)
C  [libX11.so.6+0x33c58]  XQueryExtension+0x28

VM_Operation (0x00007fcbe06f8460): Exit, mode: safepoint, requested by thread 0x00007fcbc0001000


---------------  P R O C E S S  ---------------

Java Threads: ( => current thread )
  0x00007fcbc0001000 JavaThread "SIGTERM handler" daemon [_thread_blocked, id=11612, stack(0x00007fcbe05f9000,0x00007fcbe06fa000)]
  0x00007fcbecb58800 JavaThread "Thread-2" daemon [_thread_blocked, id=11541, stack(0x00007fcbe07fd000,0x00007fcbe08fe000)]
  0x00007fcbec28b800 JavaThread "AWT-XAWT" daemon [_thread_blocked, id=11539, stack(0x00007fcbe1e5f000,0x00007fcbe1f60000)]
  0x00007fcbec149000 JavaThread "Java2D Disposer" daemon [_thread_blocked, id=11538, stack(0x00007fcbe2370000,0x00007fcbe2471000)]
  0x00007fcbec09e800 JavaThread "Low Memory Detector" daemon [_thread_blocked, id=11536, stack(0x00007fcbe8216000,0x00007fcbe8317000)]
  0x00007fcbec09c000 JavaThread "C2 CompilerThread1" daemon [_thread_blocked, id=11535, stack(0x00007fcbe8317000,0x00007fcbe8418000)]
  0x00007fcbec099800 JavaThread "C2 CompilerThread0" daemon [_thread_blocked, id=11534, stack(0x00007fcbe8418000,0x00007fcbe8519000)]
  0x00007fcbec098000 JavaThread "Signal Dispatcher" daemon [_thread_blocked, id=11533, stack(0x00007fcbe8519000,0x00007fcbe861a000)]
  0x00007fcbec079000 JavaThread "Finalizer" daemon [_thread_blocked, id=11532, stack(0x00007fcbe8cfd000,0x00007fcbe8dfe000)]
  0x00007fcbec077000 JavaThread "Reference Handler" daemon [_thread_blocked, id=11531, stack(0x00007fcbe8dfe000,0x00007fcbe8eff000)]
  0x00007fcbec008800 JavaThread "main" [_thread_blocked, id=11525, stack(0x00007fcbf4348000,0x00007fcbf4449000)]

Other Threads:
=>0x00007fcbec070000 VMThread [stack: 0x00007fcbe8eff000,0x00007fcbe9000000] [id=11530]

VM state:at safepoint (shutting down)

VM Mutex/Monitor currently owned by a thread:  ([mutex/lock_event])
[0x00007fcbec004dd0] Threads_lock - owner thread: 0x00007fcbec070000

Heap
 PSYoungGen      total 34880K, used 8687K [0x00000000d9200000, 0x00000000db8e0000, 0x0000000100000000)
  eden space 29952K, 23% used [0x00000000d9200000,0x00000000d98bfc90,0x00000000daf40000)
  from space 4928K, 36% used [0x00000000daf40000,0x00000000db0fc020,0x00000000db410000)
  to   space 4928K, 0% used [0x00000000db410000,0x00000000db410000,0x00000000db8e0000)
 PSOldGen        total 79616K, used 0K [0x000000008b600000, 0x00000000903c0000, 0x00000000d9200000)
  object space 79616K, 0% used [0x000000008b600000,0x000000008b600000,0x00000000903c0000)
 PSPermGen       total 21248K, used 11384K [0x0000000081000000, 0x00000000824c0000, 0x000000008b600000)
  object space 21248K, 53% used [0x0000000081000000,0x0000000081b1e2c8,0x00000000824c0000)

Code Cache  [0x00007fcbe9000000, 0x00007fcbe9270000, 0x00007fcbec000000)
 total_blobs=706 nmethods=226 adapters=434 free_code_cache=49327296 largest_free_block=12096

Dynamic libraries:
00400000-00409000 r-xp 00000000 08:03 18618890                           /usr/lib/jvm/java-6-openjdk-amd64/jre/bin/java
00608000-00609000 r--p 00008000 08:03 18618890                           /usr/lib/jvm/java-6-openjdk-amd64/jre/bin/java
00609000-0060a000 rw-p 00009000 08:03 18618890                           /usr/lib/jvm/java-6-openjdk-amd64/jre/bin/java
008eb000-0090c000 rw-p 00000000 00:00 0                                  [heap]
81000000-824c0000 rw-p 00000000 00:00 0 
824c0000-8b600000 rw-p 00000000 00:00 0 
8b600000-903c0000 rw-p 00000000 00:00 0 
903c0000-d9200000 rw-p 00000000 00:00 0 
d9200000-db8e0000 rw-p 00000000 00:00 0 
db8e0000-100000000 rw-p 00000000 00:00 0 
7fcb8c000000-7fcb8c021000 rw-p 00000000 00:00 0 
7fcb8c021000-7fcb90000000 ---p 00000000 00:00 0 
7fcb94000000-7fcb94021000 rw-p 00000000 00:00 0 
7fcb94021000-7fcb98000000 ---p 00000000 00:00 0 
7fcb98000000-7fcb98021000 rw-p 00000000 00:00 0 
7fcb98021000-7fcb9c000000 ---p 00000000 00:00 0 
7fcb9c000000-7fcb9c021000 rw-p 00000000 00:00 0 
7fcb9c021000-7fcba0000000 ---p 00000000 00:00 0 
7fcba0000000-7fcba0021000 rw-p 00000000 00:00 0 
7fcba0021000-7fcba4000000 ---p 00000000 00:00 0 
7fcba4000000-7fcba4021000 rw-p 00000000 00:00 0 
7fcba4021000-7fcba8000000 ---p 00000000 00:00 0 
7fcba8000000-7fcba8021000 rw-p 00000000 00:00 0 
7fcba8021000-7fcbac000000 ---p 00000000 00:00 0 
7fcbac000000-7fcbac021000 rw-p 00000000 00:00 0 
7fcbac021000-7fcbb0000000 ---p 00000000 00:00 0 
7fcbb0000000-7fcbb0021000 rw-p 00000000 00:00 0 
7fcbb0021000-7fcbb4000000 ---p 00000000 00:00 0 
7fcbb4000000-7fcbb43fe000 rw-p 00000000 00:00 0 
7fcbb43fe000-7fcbb8000000 ---p 00000000 00:00 0 
7fcbb8000000-7fcbb8cfa000 rw-p 00000000 00:00 0 
7fcbb8cfa000-7fcbbc000000 ---p 00000000 00:00 0 
7fcbbc000000-7fcbbc021000 rw-p 00000000 00:00 0 
7fcbbc021000-7fcbc0000000 ---p 00000000 00:00 0 
7fcbc0000000-7fcbc0021000 rw-p 00000000 00:00 0 
7fcbc0021000-7fcbc4000000 ---p 00000000 00:00 0 
7fcbc4000000-7fcbc4021000 rw-p 00000000 00:00 0 
7fcbc4021000-7fcbc8000000 ---p 00000000 00:00 0 
7fcbc8000000-7fcbc8021000 rw-p 00000000 00:00 0 
7fcbc8021000-7fcbcc000000 ---p 00000000 00:00 0 
7fcbcc000000-7fcbcc021000 rw-p 00000000 00:00 0 
7fcbcc021000-7fcbd0000000 ---p 00000000 00:00 0 
7fcbd4000000-7fcbd4021000 rw-p 00000000 00:00 0 
7fcbd4021000-7fcbd8000000 ---p 00000000 00:00 0 
7fcbd9b31000-7fcbd9d32000 rw-s e913f000 00:05 10225                      /dev/ati/card0
7fcbd9d32000-7fcbdbc8c000 r-xp 00000000 08:03 19009510                   /usr/lib/fglrx/dri/fglrx_dri.so
7fcbdbc8c000-7fcbdbd8c000 ---p 01f5a000 08:03 19009510                   /usr/lib/fglrx/dri/fglrx_dri.so
7fcbdbd8c000-7fcbdbeda000 rwxp 01f5a000 08:03 19009510                   /usr/lib/fglrx/dri/fglrx_dri.so
7fcbdbeda000-7fcbdc000000 rwxp 00000000 00:00 0 
7fcbdc000000-7fcbdc021000 rw-p 00000000 00:00 0 
7fcbdc021000-7fcbe0000000 ---p 00000000 00:00 0 
7fcbe00f6000-7fcbe00f9000 ---p 00000000 00:00 0 
7fcbe00f9000-7fcbe01f7000 rw-p 00000000 00:00 0 
7fcbe01f7000-7fcbe02f7000 rw-s 2b3c1000 00:05 10225                      /dev/ati/card0
7fcbe02f7000-7fcbe02fa000 ---p 00000000 00:00 0 
7fcbe02fa000-7fcbe03f8000 rw-p 00000000 00:00 0 
7fcbe03f8000-7fcbe04f8000 rw-s 2b3c5000 00:05 10225                      /dev/ati/card0
7fcbe04f8000-7fcbe04fb000 ---p 00000000 00:00 0 
7fcbe04fb000-7fcbe05f9000 rw-p 00000000 00:00 0 
7fcbe05f9000-7fcbe05fc000 ---p 00000000 00:00 0 
7fcbe05fc000-7fcbe06fa000 rw-p 00000000 00:00 0 
7fcbe06fa000-7fcbe06fd000 r-xp 00000000 08:03 15602613                   /home/arwilczek90/workspace/Elements/lib/slick/libjinput-linux64.so
7fcbe06fd000-7fcbe07fc000 ---p 00003000 08:03 15602613                   /home/arwilczek90/workspace/Elements/lib/slick/libjinput-linux64.so
7fcbe07fc000-7fcbe07fd000 rw-p 00002000 08:03 15602613                   /home/arwilczek90/workspace/Elements/lib/slick/libjinput-linux64.so
7fcbe07fd000-7fcbe0800000 ---p 00000000 00:00 0 
7fcbe0800000-7fcbe08fe000 rw-p 00000000 00:00 0 
7fcbe08fe000-7fcbe0903000 r--s 0002f000 08:03 15598498                   /home/arwilczek90/workspace/Elements/lib/slick/lib/jinput.jar
7fcbe0903000-7fcbe0905000 r--s 00008000 08:03 15598497                   /home/arwilczek90/workspace/Elements/lib/slick/lib/ibxm.jar
7fcbe0905000-7fcbe0908000 r--s 0005b000 08:03 15598496                   /home/arwilczek90/workspace/Elements/lib/slick/lib/hiero.jar
7fcbe0908000-7fcbe0909000 r--s 00007000 08:03 15597697                   /home/arwilczek90/workspace/Elements/lib/slick/applet/lwjgl_util_applet.jar
7fcbe0909000-7fcbe0949000 rw-s 0002a000 00:05 10225                      /dev/ati/card0
7fcbe0949000-7fcbe1049000 rw-s 00006000 00:05 10225                      /dev/ati/card0
7fcbe1049000-7fcbe104b000 r-xp 00000000 08:03 18488267                   /usr/lib/x86_64-linux-gnu/libXinerama.so.1.0.0
7fcbe104b000-7fcbe124a000 ---p 00002000 08:03 18488267                   /usr/lib/x86_64-linux-gnu/libXinerama.so.1.0.0
7fcbe124a000-7fcbe124b000 r--p 00001000 08:03 18488267                   /usr/lib/x86_64-linux-gnu/libXinerama.so.1.0.0
7fcbe124b000-7fcbe124c000 rw-p 00002000 08:03 18488267                   /usr/lib/x86_64-linux-gnu/libXinerama.so.1.0.0
7fcbe124c000-7fcbe1287000 r-xp 00000000 08:03 19009508                   /usr/lib/fglrx/libatiadlxx.so
7fcbe1287000-7fcbe1387000 ---p 0003b000 08:03 19009508                   /usr/lib/fglrx/libatiadlxx.so
7fcbe1387000-7fcbe1390000 rw-p 0003b000 08:03 19009508                   /usr/lib/fglrx/libatiadlxx.so
7fcbe1390000-7fcbe13a1000 rw-p 00000000 00:00 0 
7fcbe13bb000-7fcbe13fb000 rw-s f0300000 00:05 10225                      /dev/ati/card0
7fcbe13fb000-7fcbe1402000 r-xp 00000000 08:03 19009532                   /usr/lib/fglrx/libatiuki.so.1.0
7fcbe1402000-7fcbe1502000 ---p 00007000 08:03 19009532                   /usr/lib/fglrx/libatiuki.so.1.0
7fcbe1502000-7fcbe1503000 rw-p 00007000 08:03 19009532                   /usr/lib/fglrx/libatiuki.so.1.0
7fcbe1503000-7fcbe1504000 rw-p 00000000 00:00 0 
7fcbe1504000-7fcbe15c7000 r-xp 00000000 08:03 19009512                   /usr/lib/fglrx/libGL.so.1.2
7fcbe15c7000-7fcbe16c6000 ---p 000c3000 08:03 19009512                   /usr/lib/fglrx/libGL.so.1.2
7fcbe16c6000-7fcbe16ed000 rwxp 000c2000 08:03 19009512                   /usr/lib/fglrx/libGL.so.1.2
7fcbe16ed000-7fcbe170d000 rwxp 00000000 00:00 0 
7fcbe170d000-7fcbe170e000 r-xp 00000000 08:03 18618886                   /usr/lib/jvm/java-6-openjdk-amd64/jre/lib/amd64/libjawt.so
7fcbe170e000-7fcbe190d000 ---p 00001000 08:03 18618886                   /usr/lib/jvm/java-6-openjdk-amd64/jre/lib/amd64/libjawt.so
7fcbe190d000-7fcbe190e000 r--p 00000000 08:03 18618886                   /usr/lib/jvm/java-6-openjdk-amd64/jre/lib/amd64/libjawt.so
7fcbe190e000-7fcbe190f000 rw-p 00001000 08:03 18618886                   /usr/lib/jvm/java-6-openjdk-amd64/jre/lib/amd64/libjawt.so
7fcbe190f000-7fcbe1913000 r-xp 00000000 08:03 18488287                   /usr/lib/x86_64-linux-gnu/libXxf86vm.so.1.0.0
7fcbe1913000-7fcbe1b12000 ---p 00004000 08:03 18488287                   /usr/lib/x86_64-linux-gnu/libXxf86vm.so.1.0.0
7fcbe1b12000-7fcbe1b13000 r--p 00003000 08:03 18488287                   /usr/lib/x86_64-linux-gnu/libXxf86vm.so.1.0.0
7fcbe1b13000-7fcbe1b14000 rw-p 00004000 08:03 18488287                   /usr/lib/x86_64-linux-gnu/libXxf86vm.so.1.0.0
7fcbe1b14000-7fcbe1b1c000 r-xp 00000000 08:03 18488277                   /usr/lib/x86_64-linux-gnu/libXrandr.so.2.2.0
7fcbe1b1c000-7fcbe1d1b000 ---p 00008000 08:03 18488277                   /usr/lib/x86_64-linux-gnu/libXrandr.so.2.2.0
7fcbe1d1b000-7fcbe1d1c000 r--p 00007000 08:03 18488277                   /usr/lib/x86_64-linux-gnu/libXrandr.so.2.2.0
7fcbe1d1c000-7fcbe1d1d000 rw-p 00008000 08:03 18488277                   /usr/lib/x86_64-linux-gnu/libXrandr.so.2.2.0
7fcbe1d1d000-7fcbe1d5d000 r-xp 00000000 08:03 15602617                   /home/arwilczek90/workspace/Elements/lib/slick/liblwjgl64.so
7fcbe1d5d000-7fcbe1e5d000 ---p 00040000 08:03 15602617                   /home/arwilczek90/workspace/Elements/lib/slick/liblwjgl64.so
7fcbe1e5d000-7fcbe1e5f000 rw-p 00040000 08:03 15602617                   /home/arwilczek90/workspace/Elements/lib/slick/liblwjgl64.so
7fcbe1e5f000-7fcbe1e62000 ---p 00000000 00:00 0 
7fcbe1e62000-7fcbe1f60000 rw-p 00000000 00:00 0 
7fcbe1f60000-7fcbe1f65000 r-xp 00000000 08:03 18488261                   /usr/lib/x86_64-linux-gnu/libXfixes.so.3.1.0
7fcbe1f65000-7fcbe2164000 ---p 00005000 08:03 18488261                   /usr/lib/x86_64-linux-gnu/libXfixes.so.3.1.0
7fcbe2164000-7fcbe2165000 r--p 00004000 08:03 18488261                   /usr/lib/x86_64-linux-gnu/libXfixes.so.3.1.0
7fcbe2165000-7fcbe2166000 rw-p 00005000 08:03 18488261                   /usr/lib/x86_64-linux-gnu/libXfixes.so.3.1.0
7fcbe2166000-7fcbe216f000 r-xp 00000000 08:03 18488253                   /usr/lib/x86_64-linux-gnu/libXcursor.so.1.0.2
7fcbe216f000-7fcbe236e000 ---p 00009000 08:03 18488253                   /usr/lib/x86_64-linux-gnu/libXcursor.so.1.0.2
7fcbe236e000-7fcbe236f000 r--p 00008000 08:03 18488253                   /usr/lib/x86_64-linux-gnu/libXcursor.so.1.0.2
7fcbe236f000-7fcbe2370000 rw-p 00009000 08:03 18488253                   /usr/lib/x86_64-linux-gnu/libXcursor.so.1.0.2
7fcbe2370000-7fcbe2373000 ---p 00000000 00:00 0 
7fcbe2373000-7fcbe2471000 rw-p 00000000 00:00 0 
7fcbe2471000-7fcbe2507000 r-xp 00000000 08:03 18488439                   /usr/lib/x86_64-linux-gnu/libfreetype.so.6.8.0
7fcbe2507000-7fcbe2706000 ---p 00096000 08:03 18488439                   /usr/lib/x86_64-linux-gnu/libfreetype.so.6.8.0
7fcbe2706000-7fcbe270c000 r--p 00095000 08:03 18488439                   /usr/lib/x86_64-linux-gnu/libfreetype.so.6.8.0
7fcbe270c000-7fcbe270d000 rw-p 0009b000 08:03 18488439                   /usr/lib/x86_64-linux-gnu/libfreetype.so.6.8.0
7fcbe270d000-7fcbe2747000 r-xp 00000000 08:03 18618871                   /usr/lib/jvm/java-6-openjdk-amd64/jre/lib/amd64/libfontmanager.so
7fcbe2747000-7fcbe2946000 ---p 0003a000 08:03 18618871                   /usr/lib/jvm/java-6-openjdk-amd64/jre/lib/amd64/libfontmanager.so
7fcbe2946000-7fcbe2948000 r--p 00039000 08:03 18618871                   /usr/lib/jvm/java-6-openjdk-amd64/jre/lib/amd64/libfontmanager.so
7fcbe2948000-7fcbe2949000 rw-p 0003b000 08:03 18618871                   /usr/lib/jvm/java-6-openjdk-amd64/jre/lib/amd64/libfontmanager.so
7fcbe2949000-7fcbe294e000 r-xp 00000000 08:03 18488257                   /usr/lib/x86_64-linux-gnu/libXdmcp.so.6.0.0
7fcbe294e000-7fcbe2b4d000 ---p 00005000 08:03 18488257                   /usr/lib/x86_64-linux-gnu/libXdmcp.so.6.0.0
7fcbe2b4d000-7fcbe2b4e000 r--p 00004000 08:03 18488257                   /usr/lib/x86_64-linux-gnu/libXdmcp.so.6.0.0
7fcbe2b4e000-7fcbe2b4f000 rw-p 00005000 08:03 18488257                   /usr/lib/x86_64-linux-gnu/libXdmcp.so.6.0.0
7fcbe2b4f000-7fcbe2b51000 r-xp 00000000 08:03 18488246                   /usr/lib/x86_64-linux-gnu/libXau.so.6.0.0
7fcbe2b51000-7fcbe2d50000 ---p 00002000 08:03 18488246                   /usr/lib/x86_64-linux-gnu/libXau.so.6.0.0
7fcbe2d50000-7fcbe2d51000 r--p 00001000 08:03 18488246                   /usr/lib/x86_64-linux-gnu/libXau.so.6.0.0
7fcbe2d51000-7fcbe2d52000 rw-p 00002000 08:03 18488246                   /usr/lib/x86_64-linux-gnu/libXau.so.6.0.0
7fcbe2d52000-7fcbe2d6f000 r-xp 00000000 08:03 18488845                   /usr/lib/x86_64-linux-gnu/libxcb.so.1.1.0
7fcbe2d6f000-7fcbe2f6e000 ---p 0001d000 08:03 18488845                   /usr/lib/x86_64-linux-gnu/libxcb.so.1.1.0
7fcbe2f6e000-7fcbe2f6f000 r--p 0001c000 08:03 18488845                   /usr/lib/x86_64-linux-gnu/libxcb.so.1.1.0
7fcbe2f6f000-7fcbe2f70000 rw-p 0001d000 08:03 18488845                   /usr/lib/x86_64-linux-gnu/libxcb.so.1.1.0
7fcbe2f70000-7fcbe2f7e000 r-xp 00000000 08:03 18488265                   /usr/lib/x86_64-linux-gnu/libXi.so.6.1.0
7fcbe2f7e000-7fcbe317d000 ---p 0000e000 08:03 18488265                   /usr/lib/x86_64-linux-gnu/libXi.so.6.1.0
7fcbe317d000-7fcbe317e000 r--p 0000d000 08:03 18488265                   /usr/lib/x86_64-linux-gnu/libXi.so.6.1.0
7fcbe317e000-7fcbe317f000 rw-p 0000e000 08:03 18488265                   /usr/lib/x86_64-linux-gnu/libXi.so.6.1.0
7fcbe317f000-7fcbe3184000 r-xp 00000000 08:03 18488283                   /usr/lib/x86_64-linux-gnu/libXtst.so.6.1.0
7fcbe3184000-7fcbe3383000 ---p 00005000 08:03 18488283                   /usr/lib/x86_64-linux-gnu/libXtst.so.6.1.0
7fcbe3383000-7fcbe3384000 r--p 00004000 08:03 18488283                   /usr/lib/x86_64-linux-gnu/libXtst.so.6.1.0
7fcbe3384000-7fcbe3385000 rw-p 00005000 08:03 18488283                   /usr/lib/x86_64-linux-gnu/libXtst.so.6.1.0
7fcbe3385000-7fcbe338e000 r-xp 00000000 08:03 18488279                   /usr/lib/x86_64-linux-gnu/libXrender.so.1.3.0
7fcbe338e000-7fcbe358d000 ---p 00009000 08:03 18488279                   /usr/lib/x86_64-linux-gnu/libXrender.so.1.3.0
7fcbe358d000-7fcbe358e000 r--p 00008000 08:03 18488279                   /usr/lib/x86_64-linux-gnu/libXrender.so.1.3.0
7fcbe358e000-7fcbe358f000 rw-p 00009000 08:03 18488279                   /usr/lib/x86_64-linux-gnu/libXrender.so.1.3.0
7fcbe358f000-7fcbe36be000 r-xp 00000000 08:03 18488244                   /usr/lib/x86_64-linux-gnu/libX11.so.6.3.0
7fcbe36be000-7fcbe38be000 ---p 0012f000 08:03 18488244                   /usr/lib/x86_64-linux-gnu/libX11.so.6.3.0
7fcbe38be000-7fcbe38bf000 r--p 0012f000 08:03 18488244                   /usr/lib/x86_64-linux-gnu/libX11.so.6.3.0
7fcbe38bf000-7fcbe38c3000 rw-p 00130000 08:03 18488244                   /usr/lib/x86_64-linux-gnu/libX11.so.6.3.0
7fcbe38c3000-7fcbe38d3000 r-xp 00000000 08:03 18488259                   /usr/lib/x86_64-linux-gnu/libXext.so.6.4.0
7fcbe38d3000-7fcbe3ad2000 ---p 00010000 08:03 18488259                   /usr/lib/x86_64-linux-gnu/libXext.so.6.4.0
7fcbe3ad2000-7fcbe3ad3000 r--p 0000f000 08:03 18488259                   /usr/lib/x86_64-linux-gnu/libXext.so.6.4.0
7fcbe3ad3000-7fcbe3ad4000 rw-p 00010000 08:03 18488259                   /usr/lib/x86_64-linux-gnu/libXext.so.6.4.0
7fcbe3ad4000-7fcbe3b1f000 r-xp 00000000 08:03 18618972                   /usr/lib/jvm/java-6-openjdk-amd64/jre/lib/amd64/xawt/libmawt.so
7fcbe3b1f000-7fcbe3d1f000 ---p 0004b000 08:03 18618972                   /usr/lib/jvm/java-6-openjdk-amd64/jre/lib/amd64/xawt/libmawt.so
7fcbe3d1f000-7fcbe3d20000 r--p 0004b000 08:03 18618972                   /usr/lib/jvm/java-6-openjdk-amd64/jre/lib/amd64/xawt/libmawt.so
7fcbe3d20000-7fcbe3d23000 rw-p 0004c000 08:03 18618972                   /usr/lib/jvm/java-6-openjdk-amd64/jre/lib/amd64/xawt/libmawt.so
7fcbe3d23000-7fcbe3d24000 rw-p 00000000 00:00 0 
7fcbe3d24000-7fcbe3dd0000 r-xp 00000000 08:03 18618874                   /usr/lib/jvm/java-6-openjdk-amd64/jre/lib/amd64/libawt.so
7fcbe3dd0000-7fcbe3fcf000 ---p 000ac000 08:03 18618874                   /usr/lib/jvm/java-6-openjdk-amd64/jre/lib/amd64/libawt.so
7fcbe3fcf000-7fcbe3fd0000 r--p 000ab000 08:03 18618874                   /usr/lib/jvm/java-6-openjdk-amd64/jre/lib/amd64/libawt.so
7fcbe3fd0000-7fcbe3fdb000 rw-p 000ac000 08:03 18618874                   /usr/lib/jvm/java-6-openjdk-amd64/jre/lib/amd64/libawt.so
7fcbe3fdb000-7fcbe4000000 rw-p 00000000 00:00 0 
7fcbe4000000-7fcbe4021000 rw-p 00000000 00:00 0 
7fcbe4021000-7fcbe8000000 ---p 00000000 00:00 0 
7fcbe800e000-7fcbe8010000 r--s 00015000 08:03 15598514                   /home/arwilczek90/workspace/Elements/lib/slick/lib/tinylinepp.jar
7fcbe8010000-7fcbe8013000 r--s 00015000 08:03 15598512                   /home/arwilczek90/workspace/Elements/lib/slick/lib/slick-util.jar
7fcbe8013000-7fcbe801b000 r--s 00067000 08:03 15598510                   /home/arwilczek90/workspace/Elements/lib/slick/lib/slick-sources.jar
7fcbe801b000-7fcbe801c000 r--s 00000000 08:03 15598509                   /home/arwilczek90/workspace/Elements/lib/slick/lib/slick-examples.jar
7fcbe801c000-7fcbe801d000 r--s 00003000 08:03 15598508                   /home/arwilczek90/workspace/Elements/lib/slick/lib/scalar.jar
7fcbe801d000-7fcbe8020000 r--s 00017000 08:03 15598507                   /home/arwilczek90/workspace/Elements/lib/slick/lib/pedigree.jar
7fcbe8020000-7fcbe802b000 r--s 00093000 08:03 15598513                   /home/arwilczek90/workspace/Elements/lib/slick/lib/slick.jar
7fcbe802b000-7fcbe802d000 r--s 00004000 08:03 15598506                   /home/arwilczek90/workspace/Elements/lib/slick/lib/packulike.jar
7fcbe802d000-7fcbe802e000 r--s 00043000 08:03 15598505                   /home/arwilczek90/workspace/Elements/lib/slick/lib/natives-win32.jar
7fcbe802e000-7fcbe8030000 r--s 00033000 08:03 15598504                   /home/arwilczek90/workspace/Elements/lib/slick/lib/natives-mac.jar
7fcbe8030000-7fcbe8031000 r--s 0003d000 08:03 15598503                   /home/arwilczek90/workspace/Elements/lib/slick/lib/natives-linux.jar
7fcbe8031000-7fcbe8038000 r--s 00073000 08:03 15598502                   /home/arwilczek90/workspace/Elements/lib/slick/lib/lwjgl.jar
7fcbe8038000-7fcbe803a000 r--s 0000d000 08:03 15598501                   /home/arwilczek90/workspace/Elements/lib/slick/lib/jorbis-0.0.15.jar
7fcbe803a000-7fcbe803b000 r--s 00001000 08:03 15598500                   /home/arwilczek90/workspace/Elements/lib/slick/lib/jogg-0.0.7.jar
7fcbe803b000-7fcbe803c000 r--s 00001000 08:03 15598499                   /home/arwilczek90/workspace/Elements/lib/slick/lib/jnlp.jar
7fcbe803c000-7fcbe803d000 rw-s 00005000 00:05 10225                      /dev/ati/card0
7fcbe803d000-7fcbe803f000 rw-s 00002000 00:05 10225                      /dev/ati/card0
7fcbe803f000-7fcbe804a000 r--s 00093000 08:03 15597692                   /home/arwilczek90/workspace/Elements/lib/slick.jar
7fcbe804a000-7fcbe8051000 r--s 000fb000 08:03 18618812                   /usr/lib/jvm/java-6-openjdk-common/jre/lib/resources.jar
7fcbe8051000-7fcbe8052000 r--s 00000000 08:03 19927127                   /var/cache/fontconfig/c05880de57d1f5e948fdfacc138775d9-le64.cache-3
7fcbe8052000-7fcbe805b000 r--s 00000000 08:03 19927122                   /var/cache/fontconfig/945677eb7aeaf62f1d50efc3fb3ec7d8-le64.cache-3
7fcbe805b000-7fcbe805d000 r--s 00000000 08:03 19927123                   /var/cache/fontconfig/99e8ed0e538f840c565b6ed5dad60d56-le64.cache-3
7fcbe805d000-7fcbe8061000 r--s 00000000 08:03 19927109                   /var/cache/fontconfig/2cd17615ca594fa2959ae173292e504c-le64.cache-3
7fcbe8061000-7fcbe8062000 r--s 00000000 08:03 19927134                   /var/cache/fontconfig/e7071f4a29fa870f4323321c154eba04-le64.cache-3
7fcbe8062000-7fcbe8063000 r--s 00000000 08:03 19927107                   /var/cache/fontconfig/0d8c3b2ac0904cb8a57a757ad11a4a08-le64.cache-3
7fcbe8063000-7fcbe8069000 r--s 00000000 08:03 19927124                   /var/cache/fontconfig/a755afe4a08bf5b97852ceb7400b47bc-le64.cache-3
7fcbe8069000-7fcbe8072000 r--s 00000000 08:03 19927460                   /var/cache/fontconfig/6d41288fd70b0be22e8c3a91e032eec0-le64.cache-3
7fcbe8072000-7fcbe8082000 r--s 00000000 08:03 19927106                   /var/cache/fontconfig/04aabc0a78ac019cf9454389977116d2-le64.cache-3
7fcbe8082000-7fcbe8085000 r--s 00000000 08:03 19927112                   /var/cache/fontconfig/385c0604a188198f04d133e54aba7fe7-le64.cache-3
7fcbe8085000-7fcbe8086000 r--s 00000000 08:03 19927113                   /var/cache/fontconfig/4794a0821666d79190d59a36cb4f44b5-le64.cache-3
7fcbe8086000-7fcbe8089000 r--s 00000000 08:03 19927121                   /var/cache/fontconfig/8801497958630a81b71ace7c5f9b32a8-le64.cache-3
7fcbe8089000-7fcbe80b7000 r--s 00000000 08:03 19927454                   /var/cache/fontconfig/365b55f210c0a22e9a19e35191240f32-le64.cache-3
7fcbe80b7000-7fcbe80bc000 r--s 00000000 08:03 19927110                   /var/cache/fontconfig/3047814df9a2f067bd2d96a2b9c36e5a-le64.cache-3
7fcbe80bc000-7fcbe80bd000 r--s 00000000 08:03 19927115                   /var/cache/fontconfig/56cf4f4769d0f4abc89a4895d7bd3ae1-le64.cache-3
7fcbe80bd000-7fcbe80be000 r--s 00000000 08:03 19927126                   /var/cache/fontconfig/b9d506c9ac06c20b433354fa67a72993-le64.cache-3
7fcbe80be000-7fcbe80c3000 r--s 00000000 08:03 19927125                   /var/cache/fontconfig/b47c4e1ecd0709278f4910c18777a504-le64.cache-3
7fcbe80c3000-7fcbe80d3000 r--s 00000000 08:03 19927130                   /var/cache/fontconfig/d52a8644073d54c13679302ca1180695-le64.cache-3
7fcbe80d3000-7fcbe80d6000 r--s 00000000 08:03 19927196                   /var/cache/fontconfig/e13b20fdb08344e0e664864cc2ede53d-le64.cache-3
7fcbe80d6000-7fcbe80da000 r--s 00000000 08:03 19927452                   /var/cache/fontconfig/7ef2298fde41cc6eeb7af42e48b7d293-le64.cache-3
7fcbe80da000-7fcbe80e3000 r--s 00000000 08:03 19927122                   /var/cache/fontconfig/945677eb7aeaf62f1d50efc3fb3ec7d8-le64.cache-3
7fcbe80e3000-7fcbe80ec000 r--s 00000000 08:03 19927460                   /var/cache/fontconfig/6d41288fd70b0be22e8c3a91e032eec0-le64.cache-3
7fcbe80ec000-7fcbe80fc000 r--s 00000000 08:03 19927106                   /var/cache/fontconfig/04aabc0a78ac019cf9454389977116d2-le64.cache-3
7fcbe80fc000-7fcbe80ff000 r--s 0007d000 08:03 18618443                   /usr/lib/jvm/java-6-openjdk-common/jre/lib/jsse.jar
7fcbe80ff000-7fcbe8106000 r--s 00073000 08:03 15597691                   /home/arwilczek90/workspace/Elements/lib/lwjgl.jar
7fcbe8106000-7fcbe8108000 r--s 0000f000 08:03 18618803                   /usr/lib/jvm/java-6-openjdk-common/jre/lib/ext/pulse-java.jar
7fcbe8108000-7fcbe810b000 r--s 00077000 08:03 18618797                   /usr/lib/jvm/java-6-openjdk-common/jre/lib/ext/localedata.jar
7fcbe810b000-7fcbe810c000 r--s 00007000 08:03 18748229                   /usr/share/java/java-atk-wrapper.jar
7fcbe810c000-7fcbe810e000 r--s 00001000 08:03 18618801                   /usr/lib/jvm/java-6-openjdk-common/jre/lib/ext/dnsns.jar
7fcbe810e000-7fcbe8112000 r--s 00038000 08:03 18618795                   /usr/lib/jvm/java-6-openjdk-common/jre/lib/ext/sunpkcs11.jar
7fcbe8112000-7fcbe8115000 r--s 00031000 08:03 18618799                   /usr/lib/jvm/java-6-openjdk-common/jre/lib/ext/sunjce_provider.jar
7fcbe8115000-7fcbe8116000 ---p 00000000 00:00 0 
7fcbe8116000-7fcbe8216000 rw-p 00000000 00:00 0 
7fcbe8216000-7fcbe8219000 ---p 00000000 00:00 0 
7fcbe8219000-7fcbe8317000 rw-p 00000000 00:00 0 
7fcbe8317000-7fcbe831a000 ---p 00000000 00:00 0 
7fcbe831a000-7fcbe8418000 rw-p 00000000 00:00 0 
7fcbe8418000-7fcbe841b000 ---p 00000000 00:00 0 
7fcbe841b000-7fcbe8519000 rw-p 00000000 00:00 0 
7fcbe8519000-7fcbe851c000 ---p 00000000 00:00 0 
7fcbe851c000-7fcbe861a000 rw-p 00000000 00:00 0 
7fcbe861a000-7fcbe8cfd000 r--p 00000000 08:03 18487587                   /usr/lib/locale/locale-archive
7fcbe8cfd000-7fcbe8d00000 ---p 00000000 00:00 0 
7fcbe8d00000-7fcbe8dfe000 rw-p 00000000 00:00 0 
7fcbe8dfe000-7fcbe8e01000 ---p 00000000 00:00 0 
7fcbe8e01000-7fcbe8eff000 rw-p 00000000 00:00 0 
7fcbe8eff000-7fcbe8f00000 ---p 00000000 00:00 0 
7fcbe8f00000-7fcbe9000000 rw-p 00000000 00:00 0 
7fcbe9000000-7fcbe9270000 rwxp 00000000 00:00 0 
7fcbe9270000-7fcbecdd0000 rw-p 00000000 00:00 0 
7fcbecdd0000-7fcbf0000000 ---p 00000000 00:00 0 
7fcbf0000000-7fcbf0004000 r--s 00000000 08:03 19927109                   /var/cache/fontconfig/2cd17615ca594fa2959ae173292e504c-le64.cache-3
7fcbf0004000-7fcbf0007000 r--s 00000000 08:03 19927112                   /var/cache/fontconfig/385c0604a188198f04d133e54aba7fe7-le64.cache-3
7fcbf0007000-7fcbf0008000 r--s 00000000 08:03 19927113                   /var/cache/fontconfig/4794a0821666d79190d59a36cb4f44b5-le64.cache-3
7fcbf0008000-7fcbf000b000 r--s 00000000 08:03 19927121                   /var/cache/fontconfig/8801497958630a81b71ace7c5f9b32a8-le64.cache-3
7fcbf000b000-7fcbf0039000 r--s 00000000 08:03 19927454                   /var/cache/fontconfig/365b55f210c0a22e9a19e35191240f32-le64.cache-3
7fcbf0039000-7fcbf0571000 rw-p 00000000 00:00 0 
7fcbf0571000-7fcbf0703000 r--s 037bf000 08:03 18618843                   /usr/lib/jvm/java-6-openjdk-amd64/jre/lib/rt.jar
7fcbf0703000-7fcbf072b000 rw-p 00000000 00:00 0 
7fcbf072b000-7fcbf072c000 ---p 00000000 00:00 0 
7fcbf072c000-7fcbf082c000 rw-p 00000000 00:00 0 
7fcbf082c000-7fcbf082d000 ---p 00000000 00:00 0 
7fcbf082d000-7fcbf092d000 rw-p 00000000 00:00 0 
7fcbf092d000-7fcbf092e000 ---p 00000000 00:00 0 
7fcbf092e000-7fcbf0a2e000 rw-p 00000000 00:00 0 
7fcbf0a2e000-7fcbf0a2f000 ---p 00000000 00:00 0 
7fcbf0a2f000-7fcbf0b3a000 rw-p 00000000 00:00 0 
7fcbf0b3a000-7fcbf0b82000 rw-p 00000000 00:00 0 
7fcbf0b82000-7fcbf0ba9000 rw-p 00000000 00:00 0 
7fcbf0ba9000-7fcbf0df0000 rw-p 00000000 00:00 0 
7fcbf0df0000-7fcbf0dfb000 rw-p 00000000 00:00 0 
7fcbf0dfb000-7fcbf0e43000 rw-p 00000000 00:00 0 
7fcbf0e43000-7fcbf0e6a000 rw-p 00000000 00:00 0 
7fcbf0e6a000-7fcbf10b1000 rw-p 00000000 00:00 0 
7fcbf10b1000-7fcbf10c5000 rw-p 00000000 00:00 0 
7fcbf10c5000-7fcbf11e8000 rw-p 00000000 00:00 0 
7fcbf11e8000-7fcbf11e9000 rw-p 00000000 00:00 0 
7fcbf11e9000-7fcbf11f0000 r-xp 00000000 08:03 18618888                   /usr/lib/jvm/java-6-openjdk-amd64/jre/lib/amd64/libzip.so
7fcbf11f0000-7fcbf13ef000 ---p 00007000 08:03 18618888                   /usr/lib/jvm/java-6-openjdk-amd64/jre/lib/amd64/libzip.so
7fcbf13ef000-7fcbf13f0000 r--p 00006000 08:03 18618888                   /usr/lib/jvm/java-6-openjdk-amd64/jre/lib/amd64/libzip.so
7fcbf13f0000-7fcbf13f1000 rw-p 00007000 08:03 18618888                   /usr/lib/jvm/java-6-openjdk-amd64/jre/lib/amd64/libzip.so
7fcbf13f1000-7fcbf13fd000 r-xp 00000000 08:03 21758081                   /lib/x86_64-linux-gnu/libnss_files-2.15.so
7fcbf13fd000-7fcbf15fc000 ---p 0000c000 08:03 21758081                   /lib/x86_64-linux-gnu/libnss_files-2.15.so
7fcbf15fc000-7fcbf15fd000 r--p 0000b000 08:03 21758081                   /lib/x86_64-linux-gnu/libnss_files-2.15.so
7fcbf15fd000-7fcbf15fe000 rw-p 0000c000 08:03 21758081                   /lib/x86_64-linux-gnu/libnss_files-2.15.so
7fcbf15fe000-7fcbf1608000 r-xp 00000000 08:03 21758077                   /lib/x86_64-linux-gnu/libnss_nis-2.15.so
7fcbf1608000-7fcbf1808000 ---p 0000a000 08:03 21758077                   /lib/x86_64-linux-gnu/libnss_nis-2.15.so
7fcbf1808000-7fcbf1809000 r--p 0000a000 08:03 21758077                   /lib/x86_64-linux-gnu/libnss_nis-2.15.so
7fcbf1809000-7fcbf180a000 rw-p 0000b000 08:03 21758077                   /lib/x86_64-linux-gnu/libnss_nis-2.15.so
7fcbf180a000-7fcbf1821000 r-xp 00000000 08:03 21761730                   /lib/x86_64-linux-gnu/libnsl-2.15.so
7fcbf1821000-7fcbf1a20000 ---p 00017000 08:03 21761730                   /lib/x86_64-linux-gnu/libnsl-2.15.so
7fcbf1a20000-7fcbf1a21000 r--p 00016000 08:03 21761730                   /lib/x86_64-linux-gnu/libnsl-2.15.so
7fcbf1a21000-7fcbf1a22000 rw-p 00017000 08:03 21761730                   /lib/x86_64-linux-gnu/libnsl-2.15.so
7fcbf1a22000-7fcbf1a24000 rw-p 00000000 00:00 0 
7fcbf1a24000-7fcbf1a2c000 r-xp 00000000 08:03 21758082                   /lib/x86_64-linux-gnu/libnss_compat-2.15.so
7fcbf1a2c000-7fcbf1c2b000 ---p 00008000 08:03 21758082                   /lib/x86_64-linux-gnu/libnss_compat-2.15.so
7fcbf1c2b000-7fcbf1c2c000 r--p 00007000 08:03 21758082                   /lib/x86_64-linux-gnu/libnss_compat-2.15.so
7fcbf1c2c000-7fcbf1c2d000 rw-p 00008000 08:03 21758082                   /lib/x86_64-linux-gnu/libnss_compat-2.15.so
7fcbf1c2d000-7fcbf1c59000 r-xp 00000000 08:03 18618873                   /usr/lib/jvm/java-6-openjdk-amd64/jre/lib/amd64/libjava.so
7fcbf1c59000-7fcbf1e58000 ---p 0002c000 08:03 18618873                   /usr/lib/jvm/java-6-openjdk-amd64/jre/lib/amd64/libjava.so
7fcbf1e58000-7fcbf1e59000 r--p 0002b000 08:03 18618873                   /usr/lib/jvm/java-6-openjdk-amd64/jre/lib/amd64/libjava.so
7fcbf1e59000-7fcbf1e5c000 rw-p 0002c000 08:03 18618873                   /usr/lib/jvm/java-6-openjdk-amd64/jre/lib/amd64/libjava.so
7fcbf1e5c000-7fcbf1e6a000 r-xp 00000000 08:03 18618872                   /usr/lib/jvm/java-6-openjdk-amd64/jre/lib/amd64/libverify.so
7fcbf1e6a000-7fcbf2069000 ---p 0000e000 08:03 18618872                   /usr/lib/jvm/java-6-openjdk-amd64/jre/lib/amd64/libverify.so
7fcbf2069000-7fcbf206b000 r--p 0000d000 08:03 18618872                   /usr/lib/jvm/java-6-openjdk-amd64/jre/lib/amd64/libverify.so
7fcbf206b000-7fcbf206c000 rw-p 0000f000 08:03 18618872                   /usr/lib/jvm/java-6-openjdk-amd64/jre/lib/amd64/libverify.so
7fcbf206c000-7fcbf2073000 r-xp 00000000 08:03 21758075                   /lib/x86_64-linux-gnu/librt-2.15.so
7fcbf2073000-7fcbf2272000 ---p 00007000 08:03 21758075                   /lib/x86_64-linux-gnu/librt-2.15.so
7fcbf2272000-7fcbf2273000 r--p 00006000 08:03 21758075                   /lib/x86_64-linux-gnu/librt-2.15.so
7fcbf2273000-7fcbf2274000 rw-p 00007000 08:03 21758075                   /lib/x86_64-linux-gnu/librt-2.15.so
7fcbf2274000-7fcbf2289000 r-xp 00000000 08:03 21761542                   /lib/x86_64-linux-gnu/libgcc_s.so.1
7fcbf2289000-7fcbf2488000 ---p 00015000 08:03 21761542                   /lib/x86_64-linux-gnu/libgcc_s.so.1
7fcbf2488000-7fcbf2489000 r--p 00014000 08:03 21761542                   /lib/x86_64-linux-gnu/libgcc_s.so.1
7fcbf2489000-7fcbf248a000 rw-p 00015000 08:03 21761542                   /lib/x86_64-linux-gnu/libgcc_s.so.1
7fcbf248a000-7fcbf2583000 r-xp 00000000 08:03 21758079                   /lib/x86_64-linux-gnu/libm-2.15.so
7fcbf2583000-7fcbf2782000 ---p 000f9000 08:03 21758079                   /lib/x86_64-linux-gnu/libm-2.15.so
7fcbf2782000-7fcbf2783000 r--p 000f8000 08:03 21758079                   /lib/x86_64-linux-gnu/libm-2.15.so
7fcbf2783000-7fcbf2784000 rw-p 000f9000 08:03 21758079                   /lib/x86_64-linux-gnu/libm-2.15.so
7fcbf2784000-7fcbf2866000 r-xp 00000000 08:03 18488773                   /usr/lib/x86_64-linux-gnu/libstdc++.so.6.0.16
7fcbf2866000-7fcbf2a65000 ---p 000e2000 08:03 18488773                   /usr/lib/x86_64-linux-gnu/libstdc++.so.6.0.16
7fcbf2a65000-7fcbf2a6d000 r--p 000e1000 08:03 18488773                   /usr/lib/x86_64-linux-gnu/libstdc++.so.6.0.16
7fcbf2a6d000-7fcbf2a6f000 rw-p 000e9000 08:03 18488773                   /usr/lib/x86_64-linux-gnu/libstdc++.so.6.0.16
7fcbf2a6f000-7fcbf2a84000 rw-p 00000000 00:00 0 
7fcbf2a84000-7fcbf3388000 r-xp 00000000 08:03 18618878                   /usr/lib/jvm/java-6-openjdk-amd64/jre/lib/amd64/server/libjvm.so
7fcbf3388000-7fcbf3588000 ---p 00904000 08:03 18618878                   /usr/lib/jvm/java-6-openjdk-amd64/jre/lib/amd64/server/libjvm.so
7fcbf3588000-7fcbf3608000 r--p 00904000 08:03 18618878                   /usr/lib/jvm/java-6-openjdk-amd64/jre/lib/amd64/server/libjvm.so
7fcbf3608000-7fcbf3623000 rw-p 00984000 08:03 18618878                   /usr/lib/jvm/java-6-openjdk-amd64/jre/lib/amd64/server/libjvm.so
7fcbf3623000-7fcbf364c000 rw-p 00000000 00:00 0 
7fcbf364c000-7fcbf3662000 r-xp 00000000 08:03 21761632                   /lib/x86_64-linux-gnu/libz.so.1.2.3.4
7fcbf3662000-7fcbf3861000 ---p 00016000 08:03 21761632                   /lib/x86_64-linux-gnu/libz.so.1.2.3.4
7fcbf3861000-7fcbf3862000 r--p 00015000 08:03 21761632                   /lib/x86_64-linux-gnu/libz.so.1.2.3.4
7fcbf3862000-7fcbf3863000 rw-p 00016000 08:03 21761632                   /lib/x86_64-linux-gnu/libz.so.1.2.3.4
7fcbf3863000-7fcbf3a18000 r-xp 00000000 08:03 21757975                   /lib/x86_64-linux-gnu/libc-2.15.so
7fcbf3a18000-7fcbf3c17000 ---p 001b5000 08:03 21757975                   /lib/x86_64-linux-gnu/libc-2.15.so
7fcbf3c17000-7fcbf3c1b000 r--p 001b4000 08:03 21757975                   /lib/x86_64-linux-gnu/libc-2.15.so
7fcbf3c1b000-7fcbf3c1d000 rw-p 001b8000 08:03 21757975                   /lib/x86_64-linux-gnu/libc-2.15.so
7fcbf3c1d000-7fcbf3c22000 rw-p 00000000 00:00 0 
7fcbf3c22000-7fcbf3c24000 r-xp 00000000 08:03 21757964                   /lib/x86_64-linux-gnu/libdl-2.15.so
7fcbf3c24000-7fcbf3e24000 ---p 00002000 08:03 21757964                   /lib/x86_64-linux-gnu/libdl-2.15.so
7fcbf3e24000-7fcbf3e25000 r--p 00002000 08:03 21757964                   /lib/x86_64-linux-gnu/libdl-2.15.so
7fcbf3e25000-7fcbf3e26000 rw-p 00003000 08:03 21757964                   /lib/x86_64-linux-gnu/libdl-2.15.so
7fcbf3e26000-7fcbf3e2a000 r-xp 00000000 08:03 18618855                   /usr/lib/jvm/java-6-openjdk-amd64/jre/lib/amd64/jli/libjli.so
7fcbf3e2a000-7fcbf4029000 ---p 00004000 08:03 18618855                   /usr/lib/jvm/java-6-openjdk-amd64/jre/lib/amd64/jli/libjli.so
7fcbf4029000-7fcbf402a000 r--p 00003000 08:03 18618855                   /usr/lib/jvm/java-6-openjdk-amd64/jre/lib/amd64/jli/libjli.so
7fcbf402a000-7fcbf402b000 rw-p 00004000 08:03 18618855                   /usr/lib/jvm/java-6-openjdk-amd64/jre/lib/amd64/jli/libjli.so
7fcbf402b000-7fcbf4043000 r-xp 00000000 08:03 21758073                   /lib/x86_64-linux-gnu/libpthread-2.15.so
7fcbf4043000-7fcbf4242000 ---p 00018000 08:03 21758073                   /lib/x86_64-linux-gnu/libpthread-2.15.so
7fcbf4242000-7fcbf4243000 r--p 00017000 08:03 21758073                   /lib/x86_64-linux-gnu/libpthread-2.15.so
7fcbf4243000-7fcbf4244000 rw-p 00018000 08:03 21758073                   /lib/x86_64-linux-gnu/libpthread-2.15.so
7fcbf4244000-7fcbf4248000 rw-p 00000000 00:00 0 
7fcbf4248000-7fcbf426a000 r-xp 00000000 08:03 21758085                   /lib/x86_64-linux-gnu/ld-2.15.so
7fcbf426a000-7fcbf426b000 r--s 00000000 08:03 19927127                   /var/cache/fontconfig/c05880de57d1f5e948fdfacc138775d9-le64.cache-3
7fcbf426b000-7fcbf426d000 r--s 00000000 08:03 19927123                   /var/cache/fontconfig/99e8ed0e538f840c565b6ed5dad60d56-le64.cache-3
7fcbf426d000-7fcbf4273000 r--s 00000000 08:03 19927124                   /var/cache/fontconfig/a755afe4a08bf5b97852ceb7400b47bc-le64.cache-3
7fcbf4273000-7fcbf4278000 r--s 00000000 08:03 19927110                   /var/cache/fontconfig/3047814df9a2f067bd2d96a2b9c36e5a-le64.cache-3
7fcbf4278000-7fcbf4288000 r--s 00000000 08:03 19927130                   /var/cache/fontconfig/d52a8644073d54c13679302ca1180695-le64.cache-3
7fcbf4288000-7fcbf4292000 rw-p 00000000 00:00 0 
7fcbf4292000-7fcbf4348000 rw-p 00000000 00:00 0 
7fcbf4348000-7fcbf434b000 ---p 00000000 00:00 0 
7fcbf434b000-7fcbf444e000 rw-p 00000000 00:00 0 
7fcbf444e000-7fcbf444f000 r--s 00000000 08:03 19927134                   /var/cache/fontconfig/e7071f4a29fa870f4323321c154eba04-le64.cache-3
7fcbf444f000-7fcbf4450000 r--s 00000000 08:03 19927107                   /var/cache/fontconfig/0d8c3b2ac0904cb8a57a757ad11a4a08-le64.cache-3
7fcbf4450000-7fcbf4451000 r--s 00000000 08:03 19927115                   /var/cache/fontconfig/56cf4f4769d0f4abc89a4895d7bd3ae1-le64.cache-3
7fcbf4451000-7fcbf4452000 r--s 00000000 08:03 19927126                   /var/cache/fontconfig/b9d506c9ac06c20b433354fa67a72993-le64.cache-3
7fcbf4452000-7fcbf4457000 r--s 00000000 08:03 19927125                   /var/cache/fontconfig/b47c4e1ecd0709278f4910c18777a504-le64.cache-3
7fcbf4457000-7fcbf445a000 r--s 00000000 08:03 19927196                   /var/cache/fontconfig/e13b20fdb08344e0e664864cc2ede53d-le64.cache-3
7fcbf445a000-7fcbf445e000 r--s 00000000 08:03 19927452                   /var/cache/fontconfig/7ef2298fde41cc6eeb7af42e48b7d293-le64.cache-3
7fcbf445e000-7fcbf4466000 rw-s 00000000 08:03 8126514                    /tmp/hsperfdata_arwilczek90/11520 (deleted)
7fcbf4466000-7fcbf4467000 rw-p 00000000 00:00 0 
7fcbf4467000-7fcbf4468000 ---p 00000000 00:00 0 
7fcbf4468000-7fcbf446a000 rw-p 00000000 00:00 0 
7fcbf446a000-7fcbf446b000 r--p 00022000 08:03 21758085                   /lib/x86_64-linux-gnu/ld-2.15.so
7fcbf446b000-7fcbf446d000 rw-p 00023000 08:03 21758085                   /lib/x86_64-linux-gnu/ld-2.15.so
7fff1ff89000-7fff1ffaa000 rw-p 00000000 00:00 0                          [stack]
7fff1ffff000-7fff20000000 r-xp 00000000 00:00 0                          [vdso]
ffffffffff600000-ffffffffff601000 r-xp 00000000 00:00 0                  [vsyscall]

VM Arguments:
jvm_args: -Djava.library.path=/home/arwilczek90/workspace/Elements/lib/slick:/home/arwilczek90/workspace/Elements/lib/slick -Dfile.encoding=UTF-8 
java_command: com.hack.elements.view.Main
Launcher Type: SUN_STANDARD

Environment Variables:
PATH=/usr/lib/lightdm/lightdm:/usr/local/sbin:/usr/local/bin:/usr/sbin:/usr/bin:/sbin:/bin:/usr/games
LD_LIBRARY_PATH=/usr/lib/jvm/java-6-openjdk-amd64/jre/lib/amd64/server:/usr/lib/jvm/java-6-openjdk-amd64/jre/lib/amd64:/usr/lib/jvm/java-6-openjdk-amd64/jre/../lib/amd64
SHELL=/bin/bash
DISPLAY=:0.0

Signal Handlers:
SIGSEGV: [libjvm.so+0x784310], sa_mask[0]=0x7ffbfeff, sa_flags=0x10000004
SIGBUS: [libjvm.so+0x784310], sa_mask[0]=0x7ffbfeff, sa_flags=0x10000004
SIGFPE: [libjvm.so+0x648580], sa_mask[0]=0x7ffbfeff, sa_flags=0x10000004
SIGPIPE: [libjvm.so+0x648580], sa_mask[0]=0x7ffbfeff, sa_flags=0x10000004
SIGXFSZ: [libjvm.so+0x648580], sa_mask[0]=0x7ffbfeff, sa_flags=0x10000004
SIGILL: [libjvm.so+0x648580], sa_mask[0]=0x7ffbfeff, sa_flags=0x10000004
SIGUSR1: SIG_DFL, sa_mask[0]=0x00000000, sa_flags=0x00000000
SIGUSR2: [libjvm.so+0x648730], sa_mask[0]=0x00000004, sa_flags=0x10000004
SIGHUP: [libjvm.so+0x64b250], sa_mask[0]=0x7ffbfeff, sa_flags=0x10000004
SIGINT: [libjvm.so+0x64b250], sa_mask[0]=0x7ffbfeff, sa_flags=0x10000004
SIGTERM: [libjvm.so+0x64b250], sa_mask[0]=0x7ffbfeff, sa_flags=0x10000004
SIGQUIT: [libjvm.so+0x64b250], sa_mask[0]=0x7ffbfeff, sa_flags=0x10000004


---------------  S Y S T E M  ---------------

OS:Ubuntu 12.04 (precise)
uname:Linux 3.2.0-32-generic #51-Ubuntu SMP Wed Sep 26 21:33:09 UTC 2012 x86_64
libc:glibc 2.15 NPTL 2.15 
rlimit: STACK 8192k, CORE 0k, NPROC 59545, NOFILE 4096, AS infinity
load average:0.44 0.80 0.89

/proc/meminfo:
MemTotal:        7639648 kB
MemFree:         4336036 kB
Buffers:          110800 kB
Cached:          1122080 kB
SwapCached:            0 kB
Active:          2149152 kB
Inactive:         697100 kB
Active(anon):    1614208 kB
Inactive(anon):    18660 kB
Active(file):     534944 kB
Inactive(file):   678440 kB
Unevictable:          20 kB
Mlocked:              20 kB
SwapTotal:       3818492 kB
SwapFree:        3818492 kB
Dirty:               424 kB
Writeback:             0 kB
AnonPages:       1613420 kB
Mapped:           320684 kB
Shmem:             19492 kB
Slab:              91996 kB
SReclaimable:      61440 kB
SUnreclaim:        30556 kB
KernelStack:        4112 kB
PageTables:        35320 kB
NFS_Unstable:          0 kB
Bounce:                0 kB
WritebackTmp:          0 kB
CommitLimit:     7638316 kB
Committed_AS:    4448144 kB
VmallocTotal:   34359738367 kB
VmallocUsed:      116912 kB
VmallocChunk:   34359619344 kB
HardwareCorrupted:     0 kB
AnonHugePages:         0 kB
HugePages_Total:       0
HugePages_Free:        0
HugePages_Rsvd:        0
HugePages_Surp:        0
Hugepagesize:       2048 kB
DirectMap4k:      282624 kB
DirectMap2M:     5464064 kB
DirectMap1G:     2097152 kB


CPU:total 4 (4 cores per cpu, 1 threads per core) family 18 model 1 stepping 0, cmov, cx8, fxsr, mmx, sse, sse2, sse3, popcnt, mmxext, 3dnowpref, lzcnt, sse4a

Memory: 4k page, physical 7639648k(4336036k free), swap 3818492k(3818492k free)

vm_info: OpenJDK 64-Bit Server VM (20.0-b12) for linux-amd64 JRE (1.6.0_24-b24), built on Sep  2 2012 19:50:47 by "buildd" with gcc 4.6.3

time: Sat Oct 13 18:25:32 2012
elapsed time: 234 seconds

