#
# A fatal error has been detected by the Java Runtime Environment:
#
#  SIGSEGV (0xb) at pc=0x00007f2464071c58, pid=14635, tid=139794300221184
#
# JRE version: 6.0_24-b24
# Java VM: OpenJDK 64-Bit Server VM (20.0-b12 mixed mode linux-amd64 compressed oops)
# Derivative: IcedTea6 1.11.4
# Distribution: Ubuntu 12.04 LTS, package 6b24-1.11.4-1ubuntu0.12.04.1
# Problematic frame:
# C  [libX11.so.6+0x33c58]  XQueryExtension+0x28
#
# If you would like to submit a bug report, please include
# instructions how to reproduce the bug and visit:
#   https://bugs.launchpad.net/ubuntu/+source/openjdk-6/
#

---------------  T H R E A D  ---------------

Current thread (0x00007f2460070000):  VMThread [stack: 0x00007f24658b3000,0x00007f24659b4000] [id=14645]

siginfo:si_signo=SIGSEGV: si_errno=0, si_code=1 (SEGV_MAPERR), si_addr=0x0000000060260bf8

Registers:
RAX=0x00007f2444000bd0, RBX=0x0000000060260290, RCX=0x00007f24659b2658, RDX=0x00007f24659b2654
RSP=0x00007f24659b25f0, RBP=0x00007f2456f14932, RSI=0x00007f2456f14932, RDI=0x0000000060260290
R8 =0x00007f24659b265c, R9 =0x0000000000000010, R10=0x00007f2469599fa8, R11=0x0000000000000000
R12=0x0000000000000000, R13=0x00007f2456f14932, R14=0x00007f2444000bd0, R15=0x0000000000000000
RIP=0x00007f2464071c58, EFLAGS=0x0000000000010206, CSGSFS=0x0000000000000033, ERR=0x0000000000000004
  TRAPNO=0x000000000000000e

Top of Stack: (sp=0x00007f24659b25f0)
0x00007f24659b25f0:   0000000000000000 0000003000000003
0x00007f24659b2600:   0000006e0000005b 0000007c00000077
0x00007f24659b2610:   00000000ffffffff 0000000060260290
0x00007f24659b2620:   00007f2456f14932 0000000000000000
0x00007f24659b2630:   00007f2456f14932 00007f2444000bd0
0x00007f24659b2640:   0000000000000000 00007f2464065c55
0x00007f24659b2650:   00007f2469de6048 00007f245704d520
0x00007f24659b2660:   00007f245704d520 0000000060260290
0x00007f24659b2670:   00007f24601aa8a0 00007f246437f02b
0x00007f24659b2680:   00007f24691ec790 000000110000002c
0x00007f24659b2690:   00007f24659b2710 0000000000000000
0x00007f24659b26a0:   00007f24659b2710 0000000060260290
0x00007f24659b26b0:   0000000000000000 00007f2469de6048
0x00007f24659b26c0:   00007f2457066d50 00007f2456ebb119
0x00007f24659b26d0:   0000000000000000 000000000000002c
0x00007f24659b26e0:   00007f24659b2710 00007f24659b2730
0x00007f24659b26f0:   0000000000000000 00007f2469de6048
0x00007f24659b2700:   00007f246025fdf0 00007f2456eb1b42
0x00007f24659b2710:   00007f24659b2900 00007f2456f148b1
0x00007f24659b2720:   00007f24659b2900 00007f2469bd292d
0x00007f24659b2730:   00007f2469de72c8 00007f2469de7858
0x00007f24659b2740:   00007f2469dc8000 00007f2460006a00
0x00007f24659b2750:   00007f2460007510 00007f2460006eb0
0x00007f24659b2760:   00007f2460007a10 00007f246000c6f0
0x00007f24659b2770:   00007f24601560c0 00007f24601565a0
0x00007f24659b2780:   00007f2469dc7000 00007f246025c7f0
0x00007f24659b2790:   00007f2460256f20 00007f24602573c0
0x00007f24659b27a0:   00007f246025ccc0 00007f246025d160
0x00007f24659b27b0:   00007f246025d600 00007f24600ec100
0x00007f24659b27c0:   00007f24600ebc30 00007f24600025e0
0x00007f24659b27d0:   00007f2460001ec0 0000000000b0d5f0
0x00007f24659b27e0:   0000000000b0db60 0000000000b0e570 

Instructions: (pc=0x00007f2464071c58)
0x00007f2464071c38:   24 d8 48 89 fb 4c 89 64 24 e0 4c 89 6c 24 e8 48
0x00007f2464071c48:   89 f5 4c 89 74 24 f0 4c 89 7c 24 f8 48 83 ec 58
0x00007f2464071c58:   48 8b 87 68 09 00 00 49 89 d4 49 89 cd 4d 89 c6
0x00007f2464071c68:   48 85 c0 74 02 ff 10 ba 08 00 00 00 be 62 00 00 

Register to memory mapping:

RAX=0x00007f2444000bd0 is an unknown value
RBX=0x0000000060260290 is an unknown value
RCX=0x00007f24659b2658 is an unknown value
RDX=0x00007f24659b2654 is an unknown value
RSP=0x00007f24659b25f0 is an unknown value
RBP=0x00007f2456f14932: <offset 0x96932> in /usr/lib/fglrx/libGL.so.1 at 0x00007f2456e7e000
RSI=0x00007f2456f14932: <offset 0x96932> in /usr/lib/fglrx/libGL.so.1 at 0x00007f2456e7e000
RDI=0x0000000060260290 is an unknown value
R8 =0x00007f24659b265c is an unknown value
R9 =0x0000000000000010 is an unknown value
R10=0x00007f2469599fa8: <offset 0x3bbfa8> in /lib/x86_64-linux-gnu/libc.so.6 at 0x00007f24691de000
R11=0x0000000000000000 is an unknown value
R12=0x0000000000000000 is an unknown value
R13=0x00007f2456f14932: <offset 0x96932> in /usr/lib/fglrx/libGL.so.1 at 0x00007f2456e7e000
R14=0x00007f2444000bd0 is an unknown value
R15=0x0000000000000000 is an unknown value


Stack: [0x00007f24658b3000,0x00007f24659b4000],  sp=0x00007f24659b25f0,  free space=1021k
Native frames: (J=compiled Java code, j=interpreted, Vv=VM code, C=native code)
C  [libX11.so.6+0x33c58]  XQueryExtension+0x28

VM_Operation (0x00007f24544af5e0): Exit, mode: safepoint, requested by thread 0x00007f2430001000


---------------  P R O C E S S  ---------------

Java Threads: ( => current thread )
  0x00007f2430001000 JavaThread "SIGTERM handler" daemon [_thread_blocked, id=14754, stack(0x00007f24543b0000,0x00007f24544b1000)]
  0x00007f2460b28800 JavaThread "Thread-2" daemon [_thread_blocked, id=14657, stack(0x00007f24545b4000,0x00007f24546b5000)]
  0x00007f246025c000 JavaThread "AWT-XAWT" daemon [_thread_blocked, id=14654, stack(0x00007f24577d9000,0x00007f24578da000)]
  0x00007f2460167800 JavaThread "Java2D Disposer" daemon [_thread_blocked, id=14653, stack(0x00007f245c07d000,0x00007f245c17e000)]
  0x00007f246009e800 JavaThread "Low Memory Detector" daemon [_thread_blocked, id=14651, stack(0x00007f2464bca000,0x00007f2464ccb000)]
  0x00007f246009c000 JavaThread "C2 CompilerThread1" daemon [_thread_blocked, id=14650, stack(0x00007f2464ccb000,0x00007f2464dcc000)]
  0x00007f2460099800 JavaThread "C2 CompilerThread0" daemon [_thread_blocked, id=14649, stack(0x00007f2464dcc000,0x00007f2464ecd000)]
  0x00007f2460098000 JavaThread "Signal Dispatcher" daemon [_thread_blocked, id=14648, stack(0x00007f2464ecd000,0x00007f2464fce000)]
  0x00007f2460079000 JavaThread "Finalizer" daemon [_thread_blocked, id=14647, stack(0x00007f24656b1000,0x00007f24657b2000)]
  0x00007f2460077000 JavaThread "Reference Handler" daemon [_thread_blocked, id=14646, stack(0x00007f24657b2000,0x00007f24658b3000)]
  0x00007f2460008800 JavaThread "main" [_thread_blocked, id=14636, stack(0x00007f2469cc3000,0x00007f2469dc4000)]

Other Threads:
=>0x00007f2460070000 VMThread [stack: 0x00007f24658b3000,0x00007f24659b4000] [id=14645]

VM state:at safepoint (shutting down)

VM Mutex/Monitor currently owned by a thread:  ([mutex/lock_event])
[0x00007f2460004dd0] Threads_lock - owner thread: 0x00007f2460070000

Heap
 PSYoungGen      total 34880K, used 8728K [0x00000000d9200000, 0x00000000db8e0000, 0x0000000100000000)
  eden space 29952K, 23% used [0x00000000d9200000,0x00000000d98ce000,0x00000000daf40000)
  from space 4928K, 35% used [0x00000000daf40000,0x00000000db0f8030,0x00000000db410000)
  to   space 4928K, 0% used [0x00000000db410000,0x00000000db410000,0x00000000db8e0000)
 PSOldGen        total 79616K, used 0K [0x000000008b600000, 0x00000000903c0000, 0x00000000d9200000)
  object space 79616K, 0% used [0x000000008b600000,0x000000008b600000,0x00000000903c0000)
 PSPermGen       total 21248K, used 11388K [0x0000000081000000, 0x00000000824c0000, 0x000000008b600000)
  object space 21248K, 53% used [0x0000000081000000,0x0000000081b1f360,0x00000000824c0000)

Code Cache  [0x00007f245d000000, 0x00007f245d270000, 0x00007f2460000000)
 total_blobs=707 nmethods=227 adapters=434 free_code_cache=49330816 largest_free_block=16640

Dynamic libraries:
00400000-00409000 r-xp 00000000 08:03 18618890                           /usr/lib/jvm/java-6-openjdk-amd64/jre/bin/java
00608000-00609000 r--p 00008000 08:03 18618890                           /usr/lib/jvm/java-6-openjdk-amd64/jre/bin/java
00609000-0060a000 rw-p 00009000 08:03 18618890                           /usr/lib/jvm/java-6-openjdk-amd64/jre/bin/java
00b0d000-00b2e000 rw-p 00000000 00:00 0                                  [heap]
81000000-824c0000 rw-p 00000000 00:00 0 
824c0000-8b600000 rw-p 00000000 00:00 0 
8b600000-903c0000 rw-p 00000000 00:00 0 
903c0000-d9200000 rw-p 00000000 00:00 0 
d9200000-db8e0000 rw-p 00000000 00:00 0 
db8e0000-100000000 rw-p 00000000 00:00 0 
7f2408000000-7f2408021000 rw-p 00000000 00:00 0 
7f2408021000-7f240c000000 ---p 00000000 00:00 0 
7f240feff000-7f240ff02000 ---p 00000000 00:00 0 
7f240ff02000-7f2410000000 rw-p 00000000 00:00 0 
7f2410000000-7f2410021000 rw-p 00000000 00:00 0 
7f2410021000-7f2414000000 ---p 00000000 00:00 0 
7f2414000000-7f2414021000 rw-p 00000000 00:00 0 
7f2414021000-7f2418000000 ---p 00000000 00:00 0 
7f2418000000-7f2418021000 rw-p 00000000 00:00 0 
7f2418021000-7f241c000000 ---p 00000000 00:00 0 
7f241c000000-7f241c021000 rw-p 00000000 00:00 0 
7f241c021000-7f2420000000 ---p 00000000 00:00 0 
7f2420000000-7f2420021000 rw-p 00000000 00:00 0 
7f2420021000-7f2424000000 ---p 00000000 00:00 0 
7f2424000000-7f2424021000 rw-p 00000000 00:00 0 
7f2424021000-7f2428000000 ---p 00000000 00:00 0 
7f2428000000-7f24283d1000 rw-p 00000000 00:00 0 
7f24283d1000-7f242c000000 ---p 00000000 00:00 0 
7f242c000000-7f242c021000 rw-p 00000000 00:00 0 
7f242c021000-7f2430000000 ---p 00000000 00:00 0 
7f2430000000-7f2430021000 rw-p 00000000 00:00 0 
7f2430021000-7f2434000000 ---p 00000000 00:00 0 
7f2434000000-7f2434d6c000 rw-p 00000000 00:00 0 
7f2434d6c000-7f2438000000 ---p 00000000 00:00 0 
7f2438000000-7f2438021000 rw-p 00000000 00:00 0 
7f2438021000-7f243c000000 ---p 00000000 00:00 0 
7f243c000000-7f243c021000 rw-p 00000000 00:00 0 
7f243c021000-7f2440000000 ---p 00000000 00:00 0 
7f2440000000-7f2440021000 rw-p 00000000 00:00 0 
7f2440021000-7f2444000000 ---p 00000000 00:00 0 
7f2444000000-7f2444021000 rw-p 00000000 00:00 0 
7f2444021000-7f2448000000 ---p 00000000 00:00 0 
7f2448000000-7f2448021000 rw-p 00000000 00:00 0 
7f2448021000-7f244c000000 ---p 00000000 00:00 0 
7f244f600000-7f244f800000 rw-s 2fb08000 00:05 10225                      /dev/ati/card0
7f244f800000-7f244f900000 rw-s 2fb06000 00:05 10225                      /dev/ati/card0
7f244f900000-7f2450000000 rw-s 00006000 00:05 10225                      /dev/ati/card0
7f2450000000-7f2450021000 rw-p 00000000 00:00 0 
7f2450021000-7f2454000000 ---p 00000000 00:00 0 
7f24540ae000-7f24540b1000 ---p 00000000 00:00 0 
7f24540b1000-7f24541af000 rw-p 00000000 00:00 0 
7f24541af000-7f24542af000 rw-s 2fb0a000 00:05 10225                      /dev/ati/card0
7f24542af000-7f24542b2000 ---p 00000000 00:00 0 
7f24542b2000-7f24543b0000 rw-p 00000000 00:00 0 
7f24543b0000-7f24543b3000 ---p 00000000 00:00 0 
7f24543b3000-7f24544b1000 rw-p 00000000 00:00 0 
7f24544b1000-7f24544b4000 r-xp 00000000 08:03 15602613                   /home/arwilczek90/workspace/Elements/lib/slick/libjinput-linux64.so
7f24544b4000-7f24545b3000 ---p 00003000 08:03 15602613                   /home/arwilczek90/workspace/Elements/lib/slick/libjinput-linux64.so
7f24545b3000-7f24545b4000 rw-p 00002000 08:03 15602613                   /home/arwilczek90/workspace/Elements/lib/slick/libjinput-linux64.so
7f24545b4000-7f24545b7000 ---p 00000000 00:00 0 
7f24545b7000-7f24546b5000 rw-p 00000000 00:00 0 
7f24546b5000-7f24546f5000 rw-s 0002a000 00:05 10225                      /dev/ati/card0
7f24546f5000-7f24546f7000 r-xp 00000000 08:03 18488267                   /usr/lib/x86_64-linux-gnu/libXinerama.so.1.0.0
7f24546f7000-7f24548f6000 ---p 00002000 08:03 18488267                   /usr/lib/x86_64-linux-gnu/libXinerama.so.1.0.0
7f24548f6000-7f24548f7000 r--p 00001000 08:03 18488267                   /usr/lib/x86_64-linux-gnu/libXinerama.so.1.0.0
7f24548f7000-7f24548f8000 rw-p 00002000 08:03 18488267                   /usr/lib/x86_64-linux-gnu/libXinerama.so.1.0.0
7f24548f8000-7f2454933000 r-xp 00000000 08:03 19009508                   /usr/lib/fglrx/libatiadlxx.so
7f2454933000-7f2454a33000 ---p 0003b000 08:03 19009508                   /usr/lib/fglrx/libatiadlxx.so
7f2454a33000-7f2454a3c000 rw-p 0003b000 08:03 19009508                   /usr/lib/fglrx/libatiadlxx.so
7f2454a3c000-7f2454a4d000 rw-p 00000000 00:00 0 
7f2454a67000-7f2454aa7000 rw-s f0300000 00:05 10225                      /dev/ati/card0
7f2454aa7000-7f2454aae000 r-xp 00000000 08:03 19009532                   /usr/lib/fglrx/libatiuki.so.1.0
7f2454aae000-7f2454bae000 ---p 00007000 08:03 19009532                   /usr/lib/fglrx/libatiuki.so.1.0
7f2454bae000-7f2454baf000 rw-p 00007000 08:03 19009532                   /usr/lib/fglrx/libatiuki.so.1.0
7f2454baf000-7f2454bb0000 rw-p 00000000 00:00 0 
7f2454bb0000-7f2456b0a000 r-xp 00000000 08:03 19009510                   /usr/lib/fglrx/dri/fglrx_dri.so
7f2456b0a000-7f2456c0a000 ---p 01f5a000 08:03 19009510                   /usr/lib/fglrx/dri/fglrx_dri.so
7f2456c0a000-7f2456d58000 rwxp 01f5a000 08:03 19009510                   /usr/lib/fglrx/dri/fglrx_dri.so
7f2456d58000-7f2456e7e000 rwxp 00000000 00:00 0 
7f2456e7e000-7f2456f41000 r-xp 00000000 08:03 19009512                   /usr/lib/fglrx/libGL.so.1.2
7f2456f41000-7f2457040000 ---p 000c3000 08:03 19009512                   /usr/lib/fglrx/libGL.so.1.2
7f2457040000-7f2457067000 rwxp 000c2000 08:03 19009512                   /usr/lib/fglrx/libGL.so.1.2
7f2457067000-7f2457087000 rwxp 00000000 00:00 0 
7f2457087000-7f2457088000 r-xp 00000000 08:03 18618886                   /usr/lib/jvm/java-6-openjdk-amd64/jre/lib/amd64/libjawt.so
7f2457088000-7f2457287000 ---p 00001000 08:03 18618886                   /usr/lib/jvm/java-6-openjdk-amd64/jre/lib/amd64/libjawt.so
7f2457287000-7f2457288000 r--p 00000000 08:03 18618886                   /usr/lib/jvm/java-6-openjdk-amd64/jre/lib/amd64/libjawt.so
7f2457288000-7f2457289000 rw-p 00001000 08:03 18618886                   /usr/lib/jvm/java-6-openjdk-amd64/jre/lib/amd64/libjawt.so
7f2457289000-7f245728d000 r-xp 00000000 08:03 18488287                   /usr/lib/x86_64-linux-gnu/libXxf86vm.so.1.0.0
7f245728d000-7f245748c000 ---p 00004000 08:03 18488287                   /usr/lib/x86_64-linux-gnu/libXxf86vm.so.1.0.0
7f245748c000-7f245748d000 r--p 00003000 08:03 18488287                   /usr/lib/x86_64-linux-gnu/libXxf86vm.so.1.0.0
7f245748d000-7f245748e000 rw-p 00004000 08:03 18488287                   /usr/lib/x86_64-linux-gnu/libXxf86vm.so.1.0.0
7f245748e000-7f2457496000 r-xp 00000000 08:03 18488277                   /usr/lib/x86_64-linux-gnu/libXrandr.so.2.2.0
7f2457496000-7f2457695000 ---p 00008000 08:03 18488277                   /usr/lib/x86_64-linux-gnu/libXrandr.so.2.2.0
7f2457695000-7f2457696000 r--p 00007000 08:03 18488277                   /usr/lib/x86_64-linux-gnu/libXrandr.so.2.2.0
7f2457696000-7f2457697000 rw-p 00008000 08:03 18488277                   /usr/lib/x86_64-linux-gnu/libXrandr.so.2.2.0
7f2457697000-7f24576d7000 r-xp 00000000 08:03 15602617                   /home/arwilczek90/workspace/Elements/lib/slick/liblwjgl64.so
7f24576d7000-7f24577d7000 ---p 00040000 08:03 15602617                   /home/arwilczek90/workspace/Elements/lib/slick/liblwjgl64.so
7f24577d7000-7f24577d9000 rw-p 00040000 08:03 15602617                   /home/arwilczek90/workspace/Elements/lib/slick/liblwjgl64.so
7f24577d9000-7f24577dc000 ---p 00000000 00:00 0 
7f24577dc000-7f24578da000 rw-p 00000000 00:00 0 
7f24578da000-7f24578e3000 r--s 00000000 08:03 19927122                   /var/cache/fontconfig/945677eb7aeaf62f1d50efc3fb3ec7d8-le64.cache-3
7f24578e3000-7f24578e5000 r--s 00000000 08:03 19927123                   /var/cache/fontconfig/99e8ed0e538f840c565b6ed5dad60d56-le64.cache-3
7f24578e5000-7f24578eb000 r--s 00000000 08:03 19927124                   /var/cache/fontconfig/a755afe4a08bf5b97852ceb7400b47bc-le64.cache-3
7f24578eb000-7f24578f4000 r--s 00000000 08:03 19927460                   /var/cache/fontconfig/6d41288fd70b0be22e8c3a91e032eec0-le64.cache-3
7f24578f4000-7f2457904000 r--s 00000000 08:03 19927106                   /var/cache/fontconfig/04aabc0a78ac019cf9454389977116d2-le64.cache-3
7f2457907000-7f2457909000 r--s 00015000 08:03 15598514                   /home/arwilczek90/workspace/Elements/lib/slick/lib/tinylinepp.jar
7f2457909000-7f245790c000 r--s 00015000 08:03 15598512                   /home/arwilczek90/workspace/Elements/lib/slick/lib/slick-util.jar
7f245790c000-7f2457914000 r--s 00067000 08:03 15598510                   /home/arwilczek90/workspace/Elements/lib/slick/lib/slick-sources.jar
7f2457914000-7f2457915000 r--s 00000000 08:03 15598509                   /home/arwilczek90/workspace/Elements/lib/slick/lib/slick-examples.jar
7f2457915000-7f2457916000 r--s 00003000 08:03 15598508                   /home/arwilczek90/workspace/Elements/lib/slick/lib/scalar.jar
7f2457916000-7f2457919000 r--s 00017000 08:03 15598507                   /home/arwilczek90/workspace/Elements/lib/slick/lib/pedigree.jar
7f2457919000-7f2457924000 r--s 00093000 08:03 15598513                   /home/arwilczek90/workspace/Elements/lib/slick/lib/slick.jar
7f2457924000-7f2457926000 r--s 00004000 08:03 15598506                   /home/arwilczek90/workspace/Elements/lib/slick/lib/packulike.jar
7f2457926000-7f2457927000 r--s 00043000 08:03 15598505                   /home/arwilczek90/workspace/Elements/lib/slick/lib/natives-win32.jar
7f2457927000-7f2457929000 r--s 00033000 08:03 15598504                   /home/arwilczek90/workspace/Elements/lib/slick/lib/natives-mac.jar
7f2457929000-7f245792a000 r--s 0003d000 08:03 15598503                   /home/arwilczek90/workspace/Elements/lib/slick/lib/natives-linux.jar
7f245792a000-7f2457931000 r--s 00073000 08:03 15598502                   /home/arwilczek90/workspace/Elements/lib/slick/lib/lwjgl.jar
7f2457931000-7f2457933000 r--s 0000d000 08:03 15598501                   /home/arwilczek90/workspace/Elements/lib/slick/lib/jorbis-0.0.15.jar
7f2457933000-7f2457938000 r-xp 00000000 08:03 18488261                   /usr/lib/x86_64-linux-gnu/libXfixes.so.3.1.0
7f2457938000-7f2457b37000 ---p 00005000 08:03 18488261                   /usr/lib/x86_64-linux-gnu/libXfixes.so.3.1.0
7f2457b37000-7f2457b38000 r--p 00004000 08:03 18488261                   /usr/lib/x86_64-linux-gnu/libXfixes.so.3.1.0
7f2457b38000-7f2457b39000 rw-p 00005000 08:03 18488261                   /usr/lib/x86_64-linux-gnu/libXfixes.so.3.1.0
7f2457b39000-7f2457b42000 r-xp 00000000 08:03 18488253                   /usr/lib/x86_64-linux-gnu/libXcursor.so.1.0.2
7f2457b42000-7f2457d41000 ---p 00009000 08:03 18488253                   /usr/lib/x86_64-linux-gnu/libXcursor.so.1.0.2
7f2457d41000-7f2457d42000 r--p 00008000 08:03 18488253                   /usr/lib/x86_64-linux-gnu/libXcursor.so.1.0.2
7f2457d42000-7f2457d43000 rw-p 00009000 08:03 18488253                   /usr/lib/x86_64-linux-gnu/libXcursor.so.1.0.2
7f2457d44000-7f2457d45000 r--s 00001000 08:03 15598500                   /home/arwilczek90/workspace/Elements/lib/slick/lib/jogg-0.0.7.jar
7f2457d45000-7f2457d46000 r--s 00001000 08:03 15598499                   /home/arwilczek90/workspace/Elements/lib/slick/lib/jnlp.jar
7f2457d46000-7f2457d4b000 r--s 0002f000 08:03 15598498                   /home/arwilczek90/workspace/Elements/lib/slick/lib/jinput.jar
7f2457d4b000-7f2457d4d000 r--s 00008000 08:03 15598497                   /home/arwilczek90/workspace/Elements/lib/slick/lib/ibxm.jar
7f2457d4d000-7f2457d50000 r--s 0005b000 08:03 15598496                   /home/arwilczek90/workspace/Elements/lib/slick/lib/hiero.jar
7f2457d50000-7f2457d52000 rw-s 00002000 00:05 10225                      /dev/ati/card0
7f2457d52000-7f2457d5d000 r--s 00093000 08:03 15597692                   /home/arwilczek90/workspace/Elements/lib/slick.jar
7f2457d5d000-7f2457d64000 r--s 000fb000 08:03 18618812                   /usr/lib/jvm/java-6-openjdk-common/jre/lib/resources.jar
7f2457d64000-7f2457dfa000 r-xp 00000000 08:03 18488439                   /usr/lib/x86_64-linux-gnu/libfreetype.so.6.8.0
7f2457dfa000-7f2457ff9000 ---p 00096000 08:03 18488439                   /usr/lib/x86_64-linux-gnu/libfreetype.so.6.8.0
7f2457ff9000-7f2457fff000 r--p 00095000 08:03 18488439                   /usr/lib/x86_64-linux-gnu/libfreetype.so.6.8.0
7f2457fff000-7f2458000000 rw-p 0009b000 08:03 18488439                   /usr/lib/x86_64-linux-gnu/libfreetype.so.6.8.0
7f2458000000-7f2458021000 rw-p 00000000 00:00 0 
7f2458021000-7f245c000000 ---p 00000000 00:00 0 
7f245c000000-7f245c001000 r--s 00007000 08:03 15597697                   /home/arwilczek90/workspace/Elements/lib/slick/applet/lwjgl_util_applet.jar
7f245c001000-7f245c005000 r--s 00000000 08:03 19927109                   /var/cache/fontconfig/2cd17615ca594fa2959ae173292e504c-le64.cache-3
7f245c005000-7f245c008000 r--s 00000000 08:03 19927112                   /var/cache/fontconfig/385c0604a188198f04d133e54aba7fe7-le64.cache-3
7f245c008000-7f245c009000 r--s 00000000 08:03 19927113                   /var/cache/fontconfig/4794a0821666d79190d59a36cb4f44b5-le64.cache-3
7f245c009000-7f245c00c000 r--s 00000000 08:03 19927121                   /var/cache/fontconfig/8801497958630a81b71ace7c5f9b32a8-le64.cache-3
7f245c00c000-7f245c03a000 r--s 00000000 08:03 19927454                   /var/cache/fontconfig/365b55f210c0a22e9a19e35191240f32-le64.cache-3
7f245c03a000-7f245c03f000 r--s 00000000 08:03 19927110                   /var/cache/fontconfig/3047814df9a2f067bd2d96a2b9c36e5a-le64.cache-3
7f245c03f000-7f245c040000 r--s 00000000 08:03 19927115                   /var/cache/fontconfig/56cf4f4769d0f4abc89a4895d7bd3ae1-le64.cache-3
7f245c040000-7f245c041000 r--s 00000000 08:03 19927126                   /var/cache/fontconfig/b9d506c9ac06c20b433354fa67a72993-le64.cache-3
7f245c041000-7f245c046000 r--s 00000000 08:03 19927125                   /var/cache/fontconfig/b47c4e1ecd0709278f4910c18777a504-le64.cache-3
7f245c046000-7f245c056000 r--s 00000000 08:03 19927130                   /var/cache/fontconfig/d52a8644073d54c13679302ca1180695-le64.cache-3
7f245c056000-7f245c059000 r--s 00000000 08:03 19927196                   /var/cache/fontconfig/e13b20fdb08344e0e664864cc2ede53d-le64.cache-3
7f245c059000-7f245c05d000 r--s 00000000 08:03 19927452                   /var/cache/fontconfig/7ef2298fde41cc6eeb7af42e48b7d293-le64.cache-3
7f245c05d000-7f245c05e000 r--s 00000000 08:03 19927127                   /var/cache/fontconfig/c05880de57d1f5e948fdfacc138775d9-le64.cache-3
7f245c05e000-7f245c067000 r--s 00000000 08:03 19927122                   /var/cache/fontconfig/945677eb7aeaf62f1d50efc3fb3ec7d8-le64.cache-3
7f245c067000-7f245c069000 r--s 00000000 08:03 19927123                   /var/cache/fontconfig/99e8ed0e538f840c565b6ed5dad60d56-le64.cache-3
7f245c069000-7f245c06d000 r--s 00000000 08:03 19927109                   /var/cache/fontconfig/2cd17615ca594fa2959ae173292e504c-le64.cache-3
7f245c06d000-7f245c07d000 r--s 00000000 08:03 19927106                   /var/cache/fontconfig/04aabc0a78ac019cf9454389977116d2-le64.cache-3
7f245c07d000-7f245c080000 ---p 00000000 00:00 0 
7f245c080000-7f245c17e000 rw-p 00000000 00:00 0 
7f245c17e000-7f245c1b8000 r-xp 00000000 08:03 18618871                   /usr/lib/jvm/java-6-openjdk-amd64/jre/lib/amd64/libfontmanager.so
7f245c1b8000-7f245c3b7000 ---p 0003a000 08:03 18618871                   /usr/lib/jvm/java-6-openjdk-amd64/jre/lib/amd64/libfontmanager.so
7f245c3b7000-7f245c3b9000 r--p 00039000 08:03 18618871                   /usr/lib/jvm/java-6-openjdk-amd64/jre/lib/amd64/libfontmanager.so
7f245c3b9000-7f245c3ba000 rw-p 0003b000 08:03 18618871                   /usr/lib/jvm/java-6-openjdk-amd64/jre/lib/amd64/libfontmanager.so
7f245c3ba000-7f245c3bf000 r-xp 00000000 08:03 18488257                   /usr/lib/x86_64-linux-gnu/libXdmcp.so.6.0.0
7f245c3bf000-7f245c5be000 ---p 00005000 08:03 18488257                   /usr/lib/x86_64-linux-gnu/libXdmcp.so.6.0.0
7f245c5be000-7f245c5bf000 r--p 00004000 08:03 18488257                   /usr/lib/x86_64-linux-gnu/libXdmcp.so.6.0.0
7f245c5bf000-7f245c5c0000 rw-p 00005000 08:03 18488257                   /usr/lib/x86_64-linux-gnu/libXdmcp.so.6.0.0
7f245c5c0000-7f245c5c2000 r-xp 00000000 08:03 18488246                   /usr/lib/x86_64-linux-gnu/libXau.so.6.0.0
7f245c5c2000-7f245c7c1000 ---p 00002000 08:03 18488246                   /usr/lib/x86_64-linux-gnu/libXau.so.6.0.0
7f245c7c1000-7f245c7c2000 r--p 00001000 08:03 18488246                   /usr/lib/x86_64-linux-gnu/libXau.so.6.0.0
7f245c7c2000-7f245c7c3000 rw-p 00002000 08:03 18488246                   /usr/lib/x86_64-linux-gnu/libXau.so.6.0.0
7f245c7c3000-7f245c7e0000 r-xp 00000000 08:03 18488845                   /usr/lib/x86_64-linux-gnu/libxcb.so.1.1.0
7f245c7e0000-7f245c9df000 ---p 0001d000 08:03 18488845                   /usr/lib/x86_64-linux-gnu/libxcb.so.1.1.0
7f245c9df000-7f245c9e0000 r--p 0001c000 08:03 18488845                   /usr/lib/x86_64-linux-gnu/libxcb.so.1.1.0
7f245c9e0000-7f245c9e1000 rw-p 0001d000 08:03 18488845                   /usr/lib/x86_64-linux-gnu/libxcb.so.1.1.0
7f245c9e1000-7f245c9ef000 r-xp 00000000 08:03 18488265                   /usr/lib/x86_64-linux-gnu/libXi.so.6.1.0
7f245c9ef000-7f245cbee000 ---p 0000e000 08:03 18488265                   /usr/lib/x86_64-linux-gnu/libXi.so.6.1.0
7f245cbee000-7f245cbef000 r--p 0000d000 08:03 18488265                   /usr/lib/x86_64-linux-gnu/libXi.so.6.1.0
7f245cbef000-7f245cbf0000 rw-p 0000e000 08:03 18488265                   /usr/lib/x86_64-linux-gnu/libXi.so.6.1.0
7f245cbf0000-7f245cbf5000 r-xp 00000000 08:03 18488283                   /usr/lib/x86_64-linux-gnu/libXtst.so.6.1.0
7f245cbf5000-7f245cdf4000 ---p 00005000 08:03 18488283                   /usr/lib/x86_64-linux-gnu/libXtst.so.6.1.0
7f245cdf4000-7f245cdf5000 r--p 00004000 08:03 18488283                   /usr/lib/x86_64-linux-gnu/libXtst.so.6.1.0
7f245cdf5000-7f245cdf6000 rw-p 00005000 08:03 18488283                   /usr/lib/x86_64-linux-gnu/libXtst.so.6.1.0
7f245cdf6000-7f245cdff000 r-xp 00000000 08:03 18488279                   /usr/lib/x86_64-linux-gnu/libXrender.so.1.3.0
7f245cdff000-7f245cffe000 ---p 00009000 08:03 18488279                   /usr/lib/x86_64-linux-gnu/libXrender.so.1.3.0
7f245cffe000-7f245cfff000 r--p 00008000 08:03 18488279                   /usr/lib/x86_64-linux-gnu/libXrender.so.1.3.0
7f245cfff000-7f245d000000 rw-p 00009000 08:03 18488279                   /usr/lib/x86_64-linux-gnu/libXrender.so.1.3.0
7f245d000000-7f245d270000 rwxp 00000000 00:00 0 
7f245d270000-7f2460da0000 rw-p 00000000 00:00 0 
7f2460da0000-7f2464000000 ---p 00000000 00:00 0 
7f2464000000-7f2464001000 rw-s 00005000 00:05 10225                      /dev/ati/card0
7f2464001000-7f2464002000 r--s 00000000 08:03 19927134                   /var/cache/fontconfig/e7071f4a29fa870f4323321c154eba04-le64.cache-3
7f2464002000-7f2464003000 r--s 00000000 08:03 19927107                   /var/cache/fontconfig/0d8c3b2ac0904cb8a57a757ad11a4a08-le64.cache-3
7f2464003000-7f2464009000 r--s 00000000 08:03 19927124                   /var/cache/fontconfig/a755afe4a08bf5b97852ceb7400b47bc-le64.cache-3
7f2464009000-7f246400c000 r--s 00000000 08:03 19927112                   /var/cache/fontconfig/385c0604a188198f04d133e54aba7fe7-le64.cache-3
7f246400c000-7f246400d000 r--s 00000000 08:03 19927113                   /var/cache/fontconfig/4794a0821666d79190d59a36cb4f44b5-le64.cache-3
7f246400d000-7f2464010000 r--s 00000000 08:03 19927121                   /var/cache/fontconfig/8801497958630a81b71ace7c5f9b32a8-le64.cache-3
7f2464010000-7f246403e000 r--s 00000000 08:03 19927454                   /var/cache/fontconfig/365b55f210c0a22e9a19e35191240f32-le64.cache-3
7f246403e000-7f246416d000 r-xp 00000000 08:03 18488244                   /usr/lib/x86_64-linux-gnu/libX11.so.6.3.0
7f246416d000-7f246436d000 ---p 0012f000 08:03 18488244                   /usr/lib/x86_64-linux-gnu/libX11.so.6.3.0
7f246436d000-7f246436e000 r--p 0012f000 08:03 18488244                   /usr/lib/x86_64-linux-gnu/libX11.so.6.3.0
7f246436e000-7f2464372000 rw-p 00130000 08:03 18488244                   /usr/lib/x86_64-linux-gnu/libX11.so.6.3.0
7f2464372000-7f2464382000 r-xp 00000000 08:03 18488259                   /usr/lib/x86_64-linux-gnu/libXext.so.6.4.0
7f2464382000-7f2464581000 ---p 00010000 08:03 18488259                   /usr/lib/x86_64-linux-gnu/libXext.so.6.4.0
7f2464581000-7f2464582000 r--p 0000f000 08:03 18488259                   /usr/lib/x86_64-linux-gnu/libXext.so.6.4.0
7f2464582000-7f2464583000 rw-p 00010000 08:03 18488259                   /usr/lib/x86_64-linux-gnu/libXext.so.6.4.0
7f2464583000-7f2464584000 r--s 00000000 08:03 19927127                   /var/cache/fontconfig/c05880de57d1f5e948fdfacc138775d9-le64.cache-3
7f2464584000-7f246458d000 r--s 00000000 08:03 19927460                   /var/cache/fontconfig/6d41288fd70b0be22e8c3a91e032eec0-le64.cache-3
7f246458d000-7f246459d000 r--s 00000000 08:03 19927130                   /var/cache/fontconfig/d52a8644073d54c13679302ca1180695-le64.cache-3
7f246459d000-7f24645e8000 r-xp 00000000 08:03 18618972                   /usr/lib/jvm/java-6-openjdk-amd64/jre/lib/amd64/xawt/libmawt.so
7f24645e8000-7f24647e8000 ---p 0004b000 08:03 18618972                   /usr/lib/jvm/java-6-openjdk-amd64/jre/lib/amd64/xawt/libmawt.so
7f24647e8000-7f24647e9000 r--p 0004b000 08:03 18618972                   /usr/lib/jvm/java-6-openjdk-amd64/jre/lib/amd64/xawt/libmawt.so
7f24647e9000-7f24647ec000 rw-p 0004c000 08:03 18618972                   /usr/lib/jvm/java-6-openjdk-amd64/jre/lib/amd64/xawt/libmawt.so
7f24647ec000-7f24647ed000 rw-p 00000000 00:00 0 
7f24647ed000-7f2464899000 r-xp 00000000 08:03 18618874                   /usr/lib/jvm/java-6-openjdk-amd64/jre/lib/amd64/libawt.so
7f2464899000-7f2464a98000 ---p 000ac000 08:03 18618874                   /usr/lib/jvm/java-6-openjdk-amd64/jre/lib/amd64/libawt.so
7f2464a98000-7f2464a99000 r--p 000ab000 08:03 18618874                   /usr/lib/jvm/java-6-openjdk-amd64/jre/lib/amd64/libawt.so
7f2464a99000-7f2464aa4000 rw-p 000ac000 08:03 18618874                   /usr/lib/jvm/java-6-openjdk-amd64/jre/lib/amd64/libawt.so
7f2464aa4000-7f2464ac9000 rw-p 00000000 00:00 0 
7f2464ac9000-7f2464aca000 ---p 00000000 00:00 0 
7f2464aca000-7f2464bca000 rw-p 00000000 00:00 0 
7f2464bca000-7f2464bcd000 ---p 00000000 00:00 0 
7f2464bcd000-7f2464ccb000 rw-p 00000000 00:00 0 
7f2464ccb000-7f2464cce000 ---p 00000000 00:00 0 
7f2464cce000-7f2464dcc000 rw-p 00000000 00:00 0 
7f2464dcc000-7f2464dcf000 ---p 00000000 00:00 0 
7f2464dcf000-7f2464ecd000 rw-p 00000000 00:00 0 
7f2464ecd000-7f2464ed0000 ---p 00000000 00:00 0 
7f2464ed0000-7f2464fce000 rw-p 00000000 00:00 0 
7f2464fce000-7f24656b1000 r--p 00000000 08:03 18487587                   /usr/lib/locale/locale-archive
7f24656b1000-7f24656b4000 ---p 00000000 00:00 0 
7f24656b4000-7f24657b2000 rw-p 00000000 00:00 0 
7f24657b2000-7f24657b5000 ---p 00000000 00:00 0 
7f24657b5000-7f24658b3000 rw-p 00000000 00:00 0 
7f24658b3000-7f24658b4000 ---p 00000000 00:00 0 
7f24658b4000-7f2465eec000 rw-p 00000000 00:00 0 
7f2465eec000-7f246607e000 r--s 037bf000 08:03 18618843                   /usr/lib/jvm/java-6-openjdk-amd64/jre/lib/rt.jar
7f246607e000-7f24660a6000 rw-p 00000000 00:00 0 
7f24660a6000-7f24660a7000 ---p 00000000 00:00 0 
7f24660a7000-7f24661a7000 rw-p 00000000 00:00 0 
7f24661a7000-7f24661a8000 ---p 00000000 00:00 0 
7f24661a8000-7f24662a8000 rw-p 00000000 00:00 0 
7f24662a8000-7f24662a9000 ---p 00000000 00:00 0 
7f24662a9000-7f24663a9000 rw-p 00000000 00:00 0 
7f24663a9000-7f24663aa000 ---p 00000000 00:00 0 
7f24663aa000-7f24664b5000 rw-p 00000000 00:00 0 
7f24664b5000-7f24664fd000 rw-p 00000000 00:00 0 
7f24664fd000-7f2466524000 rw-p 00000000 00:00 0 
7f2466524000-7f246676b000 rw-p 00000000 00:00 0 
7f246676b000-7f2466776000 rw-p 00000000 00:00 0 
7f2466776000-7f24667be000 rw-p 00000000 00:00 0 
7f24667be000-7f24667e5000 rw-p 00000000 00:00 0 
7f24667e5000-7f2466a2c000 rw-p 00000000 00:00 0 
7f2466a2c000-7f2466a40000 rw-p 00000000 00:00 0 
7f2466a40000-7f2466b63000 rw-p 00000000 00:00 0 
7f2466b63000-7f2466b64000 rw-p 00000000 00:00 0 
7f2466b64000-7f2466b6b000 r-xp 00000000 08:03 18618888                   /usr/lib/jvm/java-6-openjdk-amd64/jre/lib/amd64/libzip.so
7f2466b6b000-7f2466d6a000 ---p 00007000 08:03 18618888                   /usr/lib/jvm/java-6-openjdk-amd64/jre/lib/amd64/libzip.so
7f2466d6a000-7f2466d6b000 r--p 00006000 08:03 18618888                   /usr/lib/jvm/java-6-openjdk-amd64/jre/lib/amd64/libzip.so
7f2466d6b000-7f2466d6c000 rw-p 00007000 08:03 18618888                   /usr/lib/jvm/java-6-openjdk-amd64/jre/lib/amd64/libzip.so
7f2466d6c000-7f2466d78000 r-xp 00000000 08:03 21758081                   /lib/x86_64-linux-gnu/libnss_files-2.15.so
7f2466d78000-7f2466f77000 ---p 0000c000 08:03 21758081                   /lib/x86_64-linux-gnu/libnss_files-2.15.so
7f2466f77000-7f2466f78000 r--p 0000b000 08:03 21758081                   /lib/x86_64-linux-gnu/libnss_files-2.15.so
7f2466f78000-7f2466f79000 rw-p 0000c000 08:03 21758081                   /lib/x86_64-linux-gnu/libnss_files-2.15.so
7f2466f79000-7f2466f83000 r-xp 00000000 08:03 21758077                   /lib/x86_64-linux-gnu/libnss_nis-2.15.so
7f2466f83000-7f2467183000 ---p 0000a000 08:03 21758077                   /lib/x86_64-linux-gnu/libnss_nis-2.15.so
7f2467183000-7f2467184000 r--p 0000a000 08:03 21758077                   /lib/x86_64-linux-gnu/libnss_nis-2.15.so
7f2467184000-7f2467185000 rw-p 0000b000 08:03 21758077                   /lib/x86_64-linux-gnu/libnss_nis-2.15.so
7f2467185000-7f246719c000 r-xp 00000000 08:03 21761730                   /lib/x86_64-linux-gnu/libnsl-2.15.so
7f246719c000-7f246739b000 ---p 00017000 08:03 21761730                   /lib/x86_64-linux-gnu/libnsl-2.15.so
7f246739b000-7f246739c000 r--p 00016000 08:03 21761730                   /lib/x86_64-linux-gnu/libnsl-2.15.so
7f246739c000-7f246739d000 rw-p 00017000 08:03 21761730                   /lib/x86_64-linux-gnu/libnsl-2.15.so
7f246739d000-7f246739f000 rw-p 00000000 00:00 0 
7f246739f000-7f24673a7000 r-xp 00000000 08:03 21758082                   /lib/x86_64-linux-gnu/libnss_compat-2.15.so
7f24673a7000-7f24675a6000 ---p 00008000 08:03 21758082                   /lib/x86_64-linux-gnu/libnss_compat-2.15.so
7f24675a6000-7f24675a7000 r--p 00007000 08:03 21758082                   /lib/x86_64-linux-gnu/libnss_compat-2.15.so
7f24675a7000-7f24675a8000 rw-p 00008000 08:03 21758082                   /lib/x86_64-linux-gnu/libnss_compat-2.15.so
7f24675a8000-7f24675d4000 r-xp 00000000 08:03 18618873                   /usr/lib/jvm/java-6-openjdk-amd64/jre/lib/amd64/libjava.so
7f24675d4000-7f24677d3000 ---p 0002c000 08:03 18618873                   /usr/lib/jvm/java-6-openjdk-amd64/jre/lib/amd64/libjava.so
7f24677d3000-7f24677d4000 r--p 0002b000 08:03 18618873                   /usr/lib/jvm/java-6-openjdk-amd64/jre/lib/amd64/libjava.so
7f24677d4000-7f24677d7000 rw-p 0002c000 08:03 18618873                   /usr/lib/jvm/java-6-openjdk-amd64/jre/lib/amd64/libjava.so
7f24677d7000-7f24677e5000 r-xp 00000000 08:03 18618872                   /usr/lib/jvm/java-6-openjdk-amd64/jre/lib/amd64/libverify.so
7f24677e5000-7f24679e4000 ---p 0000e000 08:03 18618872                   /usr/lib/jvm/java-6-openjdk-amd64/jre/lib/amd64/libverify.so
7f24679e4000-7f24679e6000 r--p 0000d000 08:03 18618872                   /usr/lib/jvm/java-6-openjdk-amd64/jre/lib/amd64/libverify.so
7f24679e6000-7f24679e7000 rw-p 0000f000 08:03 18618872                   /usr/lib/jvm/java-6-openjdk-amd64/jre/lib/amd64/libverify.so
7f24679e7000-7f24679ee000 r-xp 00000000 08:03 21758075                   /lib/x86_64-linux-gnu/librt-2.15.so
7f24679ee000-7f2467bed000 ---p 00007000 08:03 21758075                   /lib/x86_64-linux-gnu/librt-2.15.so
7f2467bed000-7f2467bee000 r--p 00006000 08:03 21758075                   /lib/x86_64-linux-gnu/librt-2.15.so
7f2467bee000-7f2467bef000 rw-p 00007000 08:03 21758075                   /lib/x86_64-linux-gnu/librt-2.15.so
7f2467bef000-7f2467c04000 r-xp 00000000 08:03 21761542                   /lib/x86_64-linux-gnu/libgcc_s.so.1
7f2467c04000-7f2467e03000 ---p 00015000 08:03 21761542                   /lib/x86_64-linux-gnu/libgcc_s.so.1
7f2467e03000-7f2467e04000 r--p 00014000 08:03 21761542                   /lib/x86_64-linux-gnu/libgcc_s.so.1
7f2467e04000-7f2467e05000 rw-p 00015000 08:03 21761542                   /lib/x86_64-linux-gnu/libgcc_s.so.1
7f2467e05000-7f2467efe000 r-xp 00000000 08:03 21758079                   /lib/x86_64-linux-gnu/libm-2.15.so
7f2467efe000-7f24680fd000 ---p 000f9000 08:03 21758079                   /lib/x86_64-linux-gnu/libm-2.15.so
7f24680fd000-7f24680fe000 r--p 000f8000 08:03 21758079                   /lib/x86_64-linux-gnu/libm-2.15.so
7f24680fe000-7f24680ff000 rw-p 000f9000 08:03 21758079                   /lib/x86_64-linux-gnu/libm-2.15.so
7f24680ff000-7f24681e1000 r-xp 00000000 08:03 18488773                   /usr/lib/x86_64-linux-gnu/libstdc++.so.6.0.16
7f24681e1000-7f24683e0000 ---p 000e2000 08:03 18488773                   /usr/lib/x86_64-linux-gnu/libstdc++.so.6.0.16
7f24683e0000-7f24683e8000 r--p 000e1000 08:03 18488773                   /usr/lib/x86_64-linux-gnu/libstdc++.so.6.0.16
7f24683e8000-7f24683ea000 rw-p 000e9000 08:03 18488773                   /usr/lib/x86_64-linux-gnu/libstdc++.so.6.0.16
7f24683ea000-7f24683ff000 rw-p 00000000 00:00 0 
7f24683ff000-7f2468d03000 r-xp 00000000 08:03 18618878                   /usr/lib/jvm/java-6-openjdk-amd64/jre/lib/amd64/server/libjvm.so
7f2468d03000-7f2468f03000 ---p 00904000 08:03 18618878                   /usr/lib/jvm/java-6-openjdk-amd64/jre/lib/amd64/server/libjvm.so
7f2468f03000-7f2468f83000 r--p 00904000 08:03 18618878                   /usr/lib/jvm/java-6-openjdk-amd64/jre/lib/amd64/server/libjvm.so
7f2468f83000-7f2468f9e000 rw-p 00984000 08:03 18618878                   /usr/lib/jvm/java-6-openjdk-amd64/jre/lib/amd64/server/libjvm.so
7f2468f9e000-7f2468fc7000 rw-p 00000000 00:00 0 
7f2468fc7000-7f2468fdd000 r-xp 00000000 08:03 21761632                   /lib/x86_64-linux-gnu/libz.so.1.2.3.4
7f2468fdd000-7f24691dc000 ---p 00016000 08:03 21761632                   /lib/x86_64-linux-gnu/libz.so.1.2.3.4
7f24691dc000-7f24691dd000 r--p 00015000 08:03 21761632                   /lib/x86_64-linux-gnu/libz.so.1.2.3.4
7f24691dd000-7f24691de000 rw-p 00016000 08:03 21761632                   /lib/x86_64-linux-gnu/libz.so.1.2.3.4
7f24691de000-7f2469393000 r-xp 00000000 08:03 21757975                   /lib/x86_64-linux-gnu/libc-2.15.so
7f2469393000-7f2469592000 ---p 001b5000 08:03 21757975                   /lib/x86_64-linux-gnu/libc-2.15.so
7f2469592000-7f2469596000 r--p 001b4000 08:03 21757975                   /lib/x86_64-linux-gnu/libc-2.15.so
7f2469596000-7f2469598000 rw-p 001b8000 08:03 21757975                   /lib/x86_64-linux-gnu/libc-2.15.so
7f2469598000-7f246959d000 rw-p 00000000 00:00 0 
7f246959d000-7f246959f000 r-xp 00000000 08:03 21757964                   /lib/x86_64-linux-gnu/libdl-2.15.so
7f246959f000-7f246979f000 ---p 00002000 08:03 21757964                   /lib/x86_64-linux-gnu/libdl-2.15.so
7f246979f000-7f24697a0000 r--p 00002000 08:03 21757964                   /lib/x86_64-linux-gnu/libdl-2.15.so
7f24697a0000-7f24697a1000 rw-p 00003000 08:03 21757964                   /lib/x86_64-linux-gnu/libdl-2.15.so
7f24697a1000-7f24697a5000 r-xp 00000000 08:03 18618855                   /usr/lib/jvm/java-6-openjdk-amd64/jre/lib/amd64/jli/libjli.so
7f24697a5000-7f24699a4000 ---p 00004000 08:03 18618855                   /usr/lib/jvm/java-6-openjdk-amd64/jre/lib/amd64/jli/libjli.so
7f24699a4000-7f24699a5000 r--p 00003000 08:03 18618855                   /usr/lib/jvm/java-6-openjdk-amd64/jre/lib/amd64/jli/libjli.so
7f24699a5000-7f24699a6000 rw-p 00004000 08:03 18618855                   /usr/lib/jvm/java-6-openjdk-amd64/jre/lib/amd64/jli/libjli.so
7f24699a6000-7f24699be000 r-xp 00000000 08:03 21758073                   /lib/x86_64-linux-gnu/libpthread-2.15.so
7f24699be000-7f2469bbd000 ---p 00018000 08:03 21758073                   /lib/x86_64-linux-gnu/libpthread-2.15.so
7f2469bbd000-7f2469bbe000 r--p 00017000 08:03 21758073                   /lib/x86_64-linux-gnu/libpthread-2.15.so
7f2469bbe000-7f2469bbf000 rw-p 00018000 08:03 21758073                   /lib/x86_64-linux-gnu/libpthread-2.15.so
7f2469bbf000-7f2469bc3000 rw-p 00000000 00:00 0 
7f2469bc3000-7f2469be5000 r-xp 00000000 08:03 21758085                   /lib/x86_64-linux-gnu/ld-2.15.so
7f2469be5000-7f2469be6000 r--s 00000000 08:03 19927134                   /var/cache/fontconfig/e7071f4a29fa870f4323321c154eba04-le64.cache-3
7f2469be6000-7f2469be7000 r--s 00000000 08:03 19927107                   /var/cache/fontconfig/0d8c3b2ac0904cb8a57a757ad11a4a08-le64.cache-3
7f2469be7000-7f2469bec000 r--s 00000000 08:03 19927110                   /var/cache/fontconfig/3047814df9a2f067bd2d96a2b9c36e5a-le64.cache-3
7f2469bec000-7f2469bed000 r--s 00000000 08:03 19927115                   /var/cache/fontconfig/56cf4f4769d0f4abc89a4895d7bd3ae1-le64.cache-3
7f2469bed000-7f2469bf2000 r--s 00000000 08:03 19927125                   /var/cache/fontconfig/b47c4e1ecd0709278f4910c18777a504-le64.cache-3
7f2469bf2000-7f2469bf5000 r--s 00000000 08:03 19927196                   /var/cache/fontconfig/e13b20fdb08344e0e664864cc2ede53d-le64.cache-3
7f2469bf5000-7f2469bf9000 r--s 00000000 08:03 19927452                   /var/cache/fontconfig/7ef2298fde41cc6eeb7af42e48b7d293-le64.cache-3
7f2469bf9000-7f2469bfc000 r--s 0007d000 08:03 18618443                   /usr/lib/jvm/java-6-openjdk-common/jre/lib/jsse.jar
7f2469bfc000-7f2469c03000 r--s 00073000 08:03 15597691                   /home/arwilczek90/workspace/Elements/lib/lwjgl.jar
7f2469c03000-7f2469c0d000 rw-p 00000000 00:00 0 
7f2469c0d000-7f2469cc3000 rw-p 00000000 00:00 0 
7f2469cc3000-7f2469cc6000 ---p 00000000 00:00 0 
7f2469cc6000-7f2469dc9000 rw-p 00000000 00:00 0 
7f2469dc9000-7f2469dca000 r--s 00000000 08:03 19927126                   /var/cache/fontconfig/b9d506c9ac06c20b433354fa67a72993-le64.cache-3
7f2469dca000-7f2469dcc000 r--s 0000f000 08:03 18618803                   /usr/lib/jvm/java-6-openjdk-common/jre/lib/ext/pulse-java.jar
7f2469dcc000-7f2469dcf000 r--s 00077000 08:03 18618797                   /usr/lib/jvm/java-6-openjdk-common/jre/lib/ext/localedata.jar
7f2469dcf000-7f2469dd0000 r--s 00007000 08:03 18748229                   /usr/share/java/java-atk-wrapper.jar
7f2469dd0000-7f2469dd2000 r--s 00001000 08:03 18618801                   /usr/lib/jvm/java-6-openjdk-common/jre/lib/ext/dnsns.jar
7f2469dd2000-7f2469dd6000 r--s 00038000 08:03 18618795                   /usr/lib/jvm/java-6-openjdk-common/jre/lib/ext/sunpkcs11.jar
7f2469dd6000-7f2469dd9000 r--s 00031000 08:03 18618799                   /usr/lib/jvm/java-6-openjdk-common/jre/lib/ext/sunjce_provider.jar
7f2469dd9000-7f2469de1000 rw-s 00000000 08:03 8126514                    /tmp/hsperfdata_arwilczek90/14635 (deleted)
7f2469de1000-7f2469de2000 rw-p 00000000 00:00 0 
7f2469de2000-7f2469de3000 ---p 00000000 00:00 0 
7f2469de3000-7f2469de5000 rw-p 00000000 00:00 0 
7f2469de5000-7f2469de6000 r--p 00022000 08:03 21758085                   /lib/x86_64-linux-gnu/ld-2.15.so
7f2469de6000-7f2469de8000 rw-p 00023000 08:03 21758085                   /lib/x86_64-linux-gnu/ld-2.15.so
7fffbb6ec000-7fffbb70d000 rw-p 00000000 00:00 0                          [stack]
7fffbb7c3000-7fffbb7c4000 r-xp 00000000 00:00 0                          [vdso]
ffffffffff600000-ffffffffff601000 r-xp 00000000 00:00 0                  [vsyscall]

VM Arguments:
jvm_args: -Djava.library.path=/home/arwilczek90/workspace/Elements/lib/slick:/home/arwilczek90/workspace/Elements/lib/slick -Dfile.encoding=UTF-8 
java_command: com.hack.elements.view.Main
Launcher Type: SUN_STANDARD

Environment Variables:
PATH=/usr/lib/lightdm/lightdm:/usr/local/sbin:/usr/local/bin:/usr/sbin:/usr/bin:/sbin:/bin:/usr/games
LD_LIBRARY_PATH=/usr/lib/jvm/java-6-openjdk-amd64/jre/lib/amd64/server:/usr/lib/jvm/java-6-openjdk-amd64/jre/lib/amd64:/usr/lib/jvm/java-6-openjdk-amd64/jre/../lib/amd64
SHELL=/bin/bash
DISPLAY=:0.0

Signal Handlers:
SIGSEGV: [libjvm.so+0x784310], sa_mask[0]=0x7ffbfeff, sa_flags=0x10000004
SIGBUS: [libjvm.so+0x784310], sa_mask[0]=0x7ffbfeff, sa_flags=0x10000004
SIGFPE: [libjvm.so+0x648580], sa_mask[0]=0x7ffbfeff, sa_flags=0x10000004
SIGPIPE: [libjvm.so+0x648580], sa_mask[0]=0x7ffbfeff, sa_flags=0x10000004
SIGXFSZ: [libjvm.so+0x648580], sa_mask[0]=0x7ffbfeff, sa_flags=0x10000004
SIGILL: [libjvm.so+0x648580], sa_mask[0]=0x7ffbfeff, sa_flags=0x10000004
SIGUSR1: SIG_DFL, sa_mask[0]=0x00000000, sa_flags=0x00000000
SIGUSR2: [libjvm.so+0x648730], sa_mask[0]=0x00000004, sa_flags=0x10000004
SIGHUP: [libjvm.so+0x64b250], sa_mask[0]=0x7ffbfeff, sa_flags=0x10000004
SIGINT: [libjvm.so+0x64b250], sa_mask[0]=0x7ffbfeff, sa_flags=0x10000004
SIGTERM: [libjvm.so+0x64b250], sa_mask[0]=0x7ffbfeff, sa_flags=0x10000004
SIGQUIT: [libjvm.so+0x64b250], sa_mask[0]=0x7ffbfeff, sa_flags=0x10000004


---------------  S Y S T E M  ---------------

OS:Ubuntu 12.04 (precise)
uname:Linux 3.2.0-32-generic #51-Ubuntu SMP Wed Sep 26 21:33:09 UTC 2012 x86_64
libc:glibc 2.15 NPTL 2.15 
rlimit: STACK 8192k, CORE 0k, NPROC 59545, NOFILE 4096, AS infinity
load average:1.77 1.16 0.89

/proc/meminfo:
MemTotal:        7639648 kB
MemFree:         4207140 kB
Buffers:          119472 kB
Cached:          1215780 kB
SwapCached:            0 kB
Active:          2202648 kB
Inactive:         741880 kB
Active(anon):    1609740 kB
Inactive(anon):    15400 kB
Active(file):     592908 kB
Inactive(file):   726480 kB
Unevictable:          20 kB
Mlocked:              20 kB
SwapTotal:       3818492 kB
SwapFree:        3818492 kB
Dirty:                80 kB
Writeback:             0 kB
AnonPages:       1609324 kB
Mapped:           307896 kB
Shmem:             15868 kB
Slab:             105856 kB
SReclaimable:      75404 kB
SUnreclaim:        30452 kB
KernelStack:        4080 kB
PageTables:        33700 kB
NFS_Unstable:          0 kB
Bounce:                0 kB
WritebackTmp:          0 kB
CommitLimit:     7638316 kB
Committed_AS:    4176744 kB
VmallocTotal:   34359738367 kB
VmallocUsed:      116912 kB
VmallocChunk:   34359619344 kB
HardwareCorrupted:     0 kB
AnonHugePages:         0 kB
HugePages_Total:       0
HugePages_Free:        0
HugePages_Rsvd:        0
HugePages_Surp:        0
Hugepagesize:       2048 kB
DirectMap4k:      329728 kB
DirectMap2M:     5416960 kB
DirectMap1G:     2097152 kB


CPU:total 4 (4 cores per cpu, 1 threads per core) family 18 model 1 stepping 0, cmov, cx8, fxsr, mmx, sse, sse2, sse3, popcnt, mmxext, 3dnowpref, lzcnt, sse4a

Memory: 4k page, physical 7639648k(4207140k free), swap 3818492k(3818492k free)

vm_info: OpenJDK 64-Bit Server VM (20.0-b12) for linux-amd64 JRE (1.6.0_24-b24), built on Sep  2 2012 19:50:47 by "buildd" with gcc 4.6.3

time: Sat Oct 13 19:59:23 2012
elapsed time: 220 seconds

