#
# A fatal error has been detected by the Java Runtime Environment:
#
#  SIGSEGV (0xb) at pc=0x00007fd71f89ec58, pid=12121, tid=140562874341120
#
# JRE version: 6.0_24-b24
# Java VM: OpenJDK 64-Bit Server VM (20.0-b12 mixed mode linux-amd64 compressed oops)
# Derivative: IcedTea6 1.11.4
# Distribution: Ubuntu 12.04 LTS, package 6b24-1.11.4-1ubuntu0.12.04.1
# Problematic frame:
# C  [libX11.so.6+0x33c58]  XQueryExtension+0x28
#
# If you would like to submit a bug report, please include
# instructions how to reproduce the bug and visit:
#   https://bugs.launchpad.net/ubuntu/+source/openjdk-6/
#

---------------  T H R E A D  ---------------

Current thread (0x00007fd754070000):  VMThread [stack: 0x00007fd758219000,0x00007fd75831a000] [id=12131]

siginfo:si_signo=SIGSEGV: si_errno=0, si_code=1 (SEGV_MAPERR), si_addr=0x00000000542108b8

Registers:
RAX=0x00007fd7380008c0, RBX=0x000000005420ff50, RCX=0x00007fd758318758, RDX=0x00007fd758318754
RSP=0x00007fd7583186f0, RBP=0x00007fd71d7f4932, RSI=0x00007fd71d7f4932, RDI=0x000000005420ff50
R8 =0x00007fd75831875c, R9 =0x0000000000000000, R10=0x00007fd75befffa8, R11=0x00007fd75bb7fca0
R12=0x0000000000000000, R13=0x00007fd71d7f4932, R14=0x00007fd7380008c0, R15=0x0000000000000000
RIP=0x00007fd71f89ec58, EFLAGS=0x0000000000010206, CSGSFS=0x0000000000000033, ERR=0x0000000000000004
  TRAPNO=0x000000000000000e

Top of Stack: (sp=0x00007fd7583186f0)
0x00007fd7583186f0:   00007fd75bb52790 00007fd75c72e9e8
0x00007fd758318700:   00007fd75109f240 00007fd75109f2a0
0x00007fd758318710:   00000000ffffffff 000000005420ff50
0x00007fd758318720:   00007fd71d7f4932 0000000000000000
0x00007fd758318730:   00007fd71d7f4932 00007fd7380008c0
0x00007fd758318740:   0000000000000000 00007fd71f892c55
0x00007fd758318750:   00007fd75c74c048 00007fd71d92d520
0x00007fd758318760:   00007fd71d92d520 000000005420ff50
0x00007fd758318770:   00007fd754196ba0 00007fd71fbac02b
0x00007fd758318780:   00007fd75bb52790 000000110000002c
0x00007fd758318790:   00007fd758318810 0000000000000000
0x00007fd7583187a0:   00007fd758318810 000000005420ff50
0x00007fd7583187b0:   0000000000000000 00007fd75c74c048
0x00007fd7583187c0:   00007fd71d946d50 00007fd71d79b119
0x00007fd7583187d0:   0000000000000000 000000000000002c
0x00007fd7583187e0:   00007fd758318810 00007fd758318830
0x00007fd7583187f0:   0000000000000000 00007fd75c74c048
0x00007fd758318800:   00007fd75420fab0 00007fd71d791b42
0x00007fd758318810:   00007fd758318a00 00007fd71d7f48b1
0x00007fd758318820:   00007fd758318a00 00007fd75c53892d
0x00007fd758318830:   00007fd75c74d2c8 00007fd75c74d858
0x00007fd758318840:   00007fd75c72e000 00007fd754006a00
0x00007fd758318850:   00007fd754007510 00007fd754006eb0
0x00007fd758318860:   00007fd754007a10 00007fd75400c6f0
0x00007fd758318870:   00007fd75412b4e0 00007fd75412b9c0
0x00007fd758318880:   00007fd75c72d000 00007fd75420c660
0x00007fd758318890:   00007fd754206ba0 00007fd754207040
0x00007fd7583188a0:   00007fd75420cb30 00007fd75420cfd0
0x00007fd7583188b0:   00007fd75420d470 00007fd7540fbc10
0x00007fd7583188c0:   00007fd7540fe240 00007fd7540025e0
0x00007fd7583188d0:   00007fd754001ec0 00000000019f25f0
0x00007fd7583188e0:   00000000019f2b60 00000000019f3570 

Instructions: (pc=0x00007fd71f89ec58)
0x00007fd71f89ec38:   24 d8 48 89 fb 4c 89 64 24 e0 4c 89 6c 24 e8 48
0x00007fd71f89ec48:   89 f5 4c 89 74 24 f0 4c 89 7c 24 f8 48 83 ec 58
0x00007fd71f89ec58:   48 8b 87 68 09 00 00 49 89 d4 49 89 cd 4d 89 c6
0x00007fd71f89ec68:   48 85 c0 74 02 ff 10 ba 08 00 00 00 be 62 00 00 

Register to memory mapping:

RAX=0x00007fd7380008c0 is an unknown value
RBX=0x000000005420ff50 is an unknown value
RCX=0x00007fd758318758 is an unknown value
RDX=0x00007fd758318754 is an unknown value
RSP=0x00007fd7583186f0 is an unknown value
RBP=0x00007fd71d7f4932: <offset 0x96932> in /usr/lib/fglrx/libGL.so.1 at 0x00007fd71d75e000
RSI=0x00007fd71d7f4932: <offset 0x96932> in /usr/lib/fglrx/libGL.so.1 at 0x00007fd71d75e000
RDI=0x000000005420ff50 is an unknown value
R8 =0x00007fd75831875c is an unknown value
R9 =0x0000000000000000 is an unknown value
R10=0x00007fd75befffa8: <offset 0x3bbfa8> in /lib/x86_64-linux-gnu/libc.so.6 at 0x00007fd75bb44000
R11=0x00007fd75bb7fca0: __cxa_finalize+0 in /lib/x86_64-linux-gnu/libc.so.6 at 0x00007fd75bb44000
R12=0x0000000000000000 is an unknown value
R13=0x00007fd71d7f4932: <offset 0x96932> in /usr/lib/fglrx/libGL.so.1 at 0x00007fd71d75e000
R14=0x00007fd7380008c0 is an unknown value
R15=0x0000000000000000 is an unknown value


Stack: [0x00007fd758219000,0x00007fd75831a000],  sp=0x00007fd7583186f0,  free space=1021k
Native frames: (J=compiled Java code, j=interpreted, Vv=VM code, C=native code)
C  [libX11.so.6+0x33c58]  XQueryExtension+0x28

VM_Operation (0x00007fd75c728680): Exit, mode: safepoint, requested by thread 0x00007fd754008800


---------------  P R O C E S S  ---------------

Java Threads: ( => current thread )
  0x00007fd754ad8000 JavaThread "Thread-2" daemon [_thread_blocked, id=12142, stack(0x00007fd71cafc000,0x00007fd71cbfd000)]
  0x00007fd75420b800 JavaThread "AWT-XAWT" daemon [_thread_in_native, id=12140, stack(0x00007fd71e391000,0x00007fd71e492000)]
  0x00007fd754159800 JavaThread "Java2D Disposer" daemon [_thread_blocked, id=12139, stack(0x00007fd750022000,0x00007fd750123000)]
  0x00007fd75409e800 JavaThread "Low Memory Detector" daemon [_thread_blocked, id=12137, stack(0x00007fd750519000,0x00007fd75061a000)]
  0x00007fd75409c000 JavaThread "C2 CompilerThread1" daemon [_thread_blocked, id=12136, stack(0x00007fd75061a000,0x00007fd75071b000)]
  0x00007fd754099800 JavaThread "C2 CompilerThread0" daemon [_thread_blocked, id=12135, stack(0x00007fd75071b000,0x00007fd75081c000)]
  0x00007fd754098000 JavaThread "Signal Dispatcher" daemon [_thread_blocked, id=12134, stack(0x00007fd75081c000,0x00007fd75091d000)]
  0x00007fd754079000 JavaThread "Finalizer" daemon [_thread_blocked, id=12133, stack(0x00007fd758017000,0x00007fd758118000)]
  0x00007fd754077000 JavaThread "Reference Handler" daemon [_thread_blocked, id=12132, stack(0x00007fd758118000,0x00007fd758219000)]
  0x00007fd754008800 JavaThread "main" [_thread_blocked, id=12126, stack(0x00007fd75c629000,0x00007fd75c72a000)]

Other Threads:
=>0x00007fd754070000 VMThread [stack: 0x00007fd758219000,0x00007fd75831a000] [id=12131]

VM state:at safepoint (shutting down)

VM Mutex/Monitor currently owned by a thread:  ([mutex/lock_event])
[0x00007fd754004dd0] Threads_lock - owner thread: 0x00007fd754070000

Heap
 PSYoungGen      total 34880K, used 19975K [0x00000000d9200000, 0x00000000db8e0000, 0x0000000100000000)
  eden space 29952K, 66% used [0x00000000d9200000,0x00000000da581f90,0x00000000daf40000)
  from space 4928K, 0% used [0x00000000db410000,0x00000000db410000,0x00000000db8e0000)
  to   space 4928K, 0% used [0x00000000daf40000,0x00000000daf40000,0x00000000db410000)
 PSOldGen        total 79616K, used 0K [0x000000008b600000, 0x00000000903c0000, 0x00000000d9200000)
  object space 79616K, 0% used [0x000000008b600000,0x000000008b600000,0x00000000903c0000)
 PSPermGen       total 21248K, used 11405K [0x0000000081000000, 0x00000000824c0000, 0x000000008b600000)
  object space 21248K, 53% used [0x0000000081000000,0x0000000081b237c0,0x00000000824c0000)

Code Cache  [0x00007fd751000000, 0x00007fd751270000, 0x00007fd754000000)
 total_blobs=634 nmethods=149 adapters=439 free_code_cache=49506688 largest_free_block=19200

Dynamic libraries:
00400000-00409000 r-xp 00000000 08:03 18618890                           /usr/lib/jvm/java-6-openjdk-amd64/jre/bin/java
00608000-00609000 r--p 00008000 08:03 18618890                           /usr/lib/jvm/java-6-openjdk-amd64/jre/bin/java
00609000-0060a000 rw-p 00009000 08:03 18618890                           /usr/lib/jvm/java-6-openjdk-amd64/jre/bin/java
019f2000-01a13000 rw-p 00000000 00:00 0                                  [heap]
81000000-824c0000 rw-p 00000000 00:00 0 
824c0000-8b600000 rw-p 00000000 00:00 0 
8b600000-903c0000 rw-p 00000000 00:00 0 
903c0000-d9200000 rw-p 00000000 00:00 0 
d9200000-db8e0000 rw-p 00000000 00:00 0 
db8e0000-100000000 rw-p 00000000 00:00 0 
7fd704000000-7fd704021000 rw-p 00000000 00:00 0 
7fd704021000-7fd708000000 ---p 00000000 00:00 0 
7fd708000000-7fd708021000 rw-p 00000000 00:00 0 
7fd708021000-7fd70c000000 ---p 00000000 00:00 0 
7fd70c000000-7fd70c021000 rw-p 00000000 00:00 0 
7fd70c021000-7fd710000000 ---p 00000000 00:00 0 
7fd710000000-7fd710021000 rw-p 00000000 00:00 0 
7fd710021000-7fd714000000 ---p 00000000 00:00 0 
7fd715d32000-7fd717c8c000 r-xp 00000000 08:03 19009510                   /usr/lib/fglrx/dri/fglrx_dri.so
7fd717c8c000-7fd717d8c000 ---p 01f5a000 08:03 19009510                   /usr/lib/fglrx/dri/fglrx_dri.so
7fd717d8c000-7fd717eda000 rwxp 01f5a000 08:03 19009510                   /usr/lib/fglrx/dri/fglrx_dri.so
7fd717eda000-7fd718000000 rwxp 00000000 00:00 0 
7fd718000000-7fd718021000 rw-p 00000000 00:00 0 
7fd718021000-7fd71c000000 ---p 00000000 00:00 0 
7fd71c5f5000-7fd71c5f8000 ---p 00000000 00:00 0 
7fd71c5f8000-7fd71c6f6000 rw-p 00000000 00:00 0 
7fd71c6f6000-7fd71c6f9000 ---p 00000000 00:00 0 
7fd71c6f9000-7fd71c9f9000 rw-p 00000000 00:00 0 
7fd71c9f9000-7fd71c9fc000 r-xp 00000000 08:03 15602613                   /home/arwilczek90/workspace/Elements/lib/slick/libjinput-linux64.so
7fd71c9fc000-7fd71cafb000 ---p 00003000 08:03 15602613                   /home/arwilczek90/workspace/Elements/lib/slick/libjinput-linux64.so
7fd71cafb000-7fd71cafc000 rw-p 00002000 08:03 15602613                   /home/arwilczek90/workspace/Elements/lib/slick/libjinput-linux64.so
7fd71cafc000-7fd71caff000 ---p 00000000 00:00 0 
7fd71caff000-7fd71cbfd000 rw-p 00000000 00:00 0 
7fd71cbfd000-7fd71d2fd000 rw-s 00006000 00:05 10225                      /dev/ati/card0
7fd71d2fd000-7fd71d2ff000 r-xp 00000000 08:03 18488267                   /usr/lib/x86_64-linux-gnu/libXinerama.so.1.0.0
7fd71d2ff000-7fd71d4fe000 ---p 00002000 08:03 18488267                   /usr/lib/x86_64-linux-gnu/libXinerama.so.1.0.0
7fd71d4fe000-7fd71d4ff000 r--p 00001000 08:03 18488267                   /usr/lib/x86_64-linux-gnu/libXinerama.so.1.0.0
7fd71d4ff000-7fd71d500000 rw-p 00002000 08:03 18488267                   /usr/lib/x86_64-linux-gnu/libXinerama.so.1.0.0
7fd71d500000-7fd71d53b000 r-xp 00000000 08:03 19009508                   /usr/lib/fglrx/libatiadlxx.so
7fd71d53b000-7fd71d63b000 ---p 0003b000 08:03 19009508                   /usr/lib/fglrx/libatiadlxx.so
7fd71d63b000-7fd71d644000 rw-p 0003b000 08:03 19009508                   /usr/lib/fglrx/libatiadlxx.so
7fd71d644000-7fd71d655000 rw-p 00000000 00:00 0 
7fd71d655000-7fd71d65c000 r-xp 00000000 08:03 19009532                   /usr/lib/fglrx/libatiuki.so.1.0
7fd71d65c000-7fd71d75c000 ---p 00007000 08:03 19009532                   /usr/lib/fglrx/libatiuki.so.1.0
7fd71d75c000-7fd71d75d000 rw-p 00007000 08:03 19009532                   /usr/lib/fglrx/libatiuki.so.1.0
7fd71d75d000-7fd71d75e000 rw-p 00000000 00:00 0 
7fd71d75e000-7fd71d821000 r-xp 00000000 08:03 19009512                   /usr/lib/fglrx/libGL.so.1.2
7fd71d821000-7fd71d920000 ---p 000c3000 08:03 19009512                   /usr/lib/fglrx/libGL.so.1.2
7fd71d920000-7fd71d947000 rwxp 000c2000 08:03 19009512                   /usr/lib/fglrx/libGL.so.1.2
7fd71d947000-7fd71d967000 rwxp 00000000 00:00 0 
7fd71d967000-7fd71d968000 r-xp 00000000 08:03 18618886                   /usr/lib/jvm/java-6-openjdk-amd64/jre/lib/amd64/libjawt.so
7fd71d968000-7fd71db67000 ---p 00001000 08:03 18618886                   /usr/lib/jvm/java-6-openjdk-amd64/jre/lib/amd64/libjawt.so
7fd71db67000-7fd71db68000 r--p 00000000 08:03 18618886                   /usr/lib/jvm/java-6-openjdk-amd64/jre/lib/amd64/libjawt.so
7fd71db68000-7fd71db69000 rw-p 00001000 08:03 18618886                   /usr/lib/jvm/java-6-openjdk-amd64/jre/lib/amd64/libjawt.so
7fd71db69000-7fd71db6d000 r-xp 00000000 08:03 18488287                   /usr/lib/x86_64-linux-gnu/libXxf86vm.so.1.0.0
7fd71db6d000-7fd71dd6c000 ---p 00004000 08:03 18488287                   /usr/lib/x86_64-linux-gnu/libXxf86vm.so.1.0.0
7fd71dd6c000-7fd71dd6d000 r--p 00003000 08:03 18488287                   /usr/lib/x86_64-linux-gnu/libXxf86vm.so.1.0.0
7fd71dd6d000-7fd71dd6e000 rw-p 00004000 08:03 18488287                   /usr/lib/x86_64-linux-gnu/libXxf86vm.so.1.0.0
7fd71dd6e000-7fd71dd76000 r-xp 00000000 08:03 18488277                   /usr/lib/x86_64-linux-gnu/libXrandr.so.2.2.0
7fd71dd76000-7fd71df75000 ---p 00008000 08:03 18488277                   /usr/lib/x86_64-linux-gnu/libXrandr.so.2.2.0
7fd71df75000-7fd71df76000 r--p 00007000 08:03 18488277                   /usr/lib/x86_64-linux-gnu/libXrandr.so.2.2.0
7fd71df76000-7fd71df77000 rw-p 00008000 08:03 18488277                   /usr/lib/x86_64-linux-gnu/libXrandr.so.2.2.0
7fd71df77000-7fd71dfb7000 r-xp 00000000 08:03 15602617                   /home/arwilczek90/workspace/Elements/lib/slick/liblwjgl64.so
7fd71dfb7000-7fd71e0b7000 ---p 00040000 08:03 15602617                   /home/arwilczek90/workspace/Elements/lib/slick/liblwjgl64.so
7fd71e0b7000-7fd71e0b9000 rw-p 00040000 08:03 15602617                   /home/arwilczek90/workspace/Elements/lib/slick/liblwjgl64.so
7fd71e0b9000-7fd71e0be000 r-xp 00000000 08:03 18488261                   /usr/lib/x86_64-linux-gnu/libXfixes.so.3.1.0
7fd71e0be000-7fd71e2bd000 ---p 00005000 08:03 18488261                   /usr/lib/x86_64-linux-gnu/libXfixes.so.3.1.0
7fd71e2bd000-7fd71e2be000 r--p 00004000 08:03 18488261                   /usr/lib/x86_64-linux-gnu/libXfixes.so.3.1.0
7fd71e2be000-7fd71e2bf000 rw-p 00005000 08:03 18488261                   /usr/lib/x86_64-linux-gnu/libXfixes.so.3.1.0
7fd71e2bf000-7fd71e2ed000 r--s 00000000 08:03 19927454                   /var/cache/fontconfig/365b55f210c0a22e9a19e35191240f32-le64.cache-3
7fd71e2f7000-7fd71e2f9000 r--s 00015000 08:03 15598514                   /home/arwilczek90/workspace/Elements/lib/slick/lib/tinylinepp.jar
7fd71e2f9000-7fd71e2fc000 r--s 00015000 08:03 15598512                   /home/arwilczek90/workspace/Elements/lib/slick/lib/slick-util.jar
7fd71e2fc000-7fd71e304000 r--s 00067000 08:03 15598510                   /home/arwilczek90/workspace/Elements/lib/slick/lib/slick-sources.jar
7fd71e304000-7fd71e305000 r--s 00000000 08:03 15598509                   /home/arwilczek90/workspace/Elements/lib/slick/lib/slick-examples.jar
7fd71e305000-7fd71e306000 r--s 00003000 08:03 15598508                   /home/arwilczek90/workspace/Elements/lib/slick/lib/scalar.jar
7fd71e306000-7fd71e30b000 r--s 0002f000 08:03 15598498                   /home/arwilczek90/workspace/Elements/lib/slick/lib/jinput.jar
7fd71e30b000-7fd71e30d000 r--s 00008000 08:03 15598497                   /home/arwilczek90/workspace/Elements/lib/slick/lib/ibxm.jar
7fd71e30d000-7fd71e310000 r--s 0005b000 08:03 15598496                   /home/arwilczek90/workspace/Elements/lib/slick/lib/hiero.jar
7fd71e310000-7fd71e311000 r--s 00007000 08:03 15597697                   /home/arwilczek90/workspace/Elements/lib/slick/applet/lwjgl_util_applet.jar
7fd71e351000-7fd71e391000 rw-s f0300000 00:05 10225                      /dev/ati/card0
7fd71e391000-7fd71e394000 ---p 00000000 00:00 0 
7fd71e394000-7fd71e492000 rw-p 00000000 00:00 0 
7fd71e492000-7fd71e493000 r--s 00000000 08:03 19927127                   /var/cache/fontconfig/c05880de57d1f5e948fdfacc138775d9-le64.cache-3
7fd71e493000-7fd71e49c000 r--s 00000000 08:03 19927122                   /var/cache/fontconfig/945677eb7aeaf62f1d50efc3fb3ec7d8-le64.cache-3
7fd71e49c000-7fd71e49e000 r--s 00000000 08:03 19927123                   /var/cache/fontconfig/99e8ed0e538f840c565b6ed5dad60d56-le64.cache-3
7fd71e49e000-7fd71e4a2000 r--s 00000000 08:03 19927109                   /var/cache/fontconfig/2cd17615ca594fa2959ae173292e504c-le64.cache-3
7fd71e4a2000-7fd71e4a3000 r--s 00000000 08:03 19927134                   /var/cache/fontconfig/e7071f4a29fa870f4323321c154eba04-le64.cache-3
7fd71e4a3000-7fd71e4a4000 r--s 00000000 08:03 19927107                   /var/cache/fontconfig/0d8c3b2ac0904cb8a57a757ad11a4a08-le64.cache-3
7fd71e4a4000-7fd71e4aa000 r--s 00000000 08:03 19927124                   /var/cache/fontconfig/a755afe4a08bf5b97852ceb7400b47bc-le64.cache-3
7fd71e4aa000-7fd71e4b3000 r--s 00000000 08:03 19927460                   /var/cache/fontconfig/6d41288fd70b0be22e8c3a91e032eec0-le64.cache-3
7fd71e4b3000-7fd71e4c3000 r--s 00000000 08:03 19927106                   /var/cache/fontconfig/04aabc0a78ac019cf9454389977116d2-le64.cache-3
7fd71e4c3000-7fd71e4c6000 r--s 00000000 08:03 19927112                   /var/cache/fontconfig/385c0604a188198f04d133e54aba7fe7-le64.cache-3
7fd71e4c6000-7fd71e4c7000 r--s 00000000 08:03 19927113                   /var/cache/fontconfig/4794a0821666d79190d59a36cb4f44b5-le64.cache-3
7fd71e4c7000-7fd71e4ca000 r--s 00000000 08:03 19927121                   /var/cache/fontconfig/8801497958630a81b71ace7c5f9b32a8-le64.cache-3
7fd71e4ca000-7fd71e4f8000 r--s 00000000 08:03 19927454                   /var/cache/fontconfig/365b55f210c0a22e9a19e35191240f32-le64.cache-3
7fd71e4f8000-7fd71e4fd000 r--s 00000000 08:03 19927110                   /var/cache/fontconfig/3047814df9a2f067bd2d96a2b9c36e5a-le64.cache-3
7fd71e4fd000-7fd71e500000 r--s 00017000 08:03 15598507                   /home/arwilczek90/workspace/Elements/lib/slick/lib/pedigree.jar
7fd71e500000-7fd71e50b000 r--s 00093000 08:03 15598513                   /home/arwilczek90/workspace/Elements/lib/slick/lib/slick.jar
7fd71e50b000-7fd71e514000 r-xp 00000000 08:03 18488253                   /usr/lib/x86_64-linux-gnu/libXcursor.so.1.0.2
7fd71e514000-7fd71e713000 ---p 00009000 08:03 18488253                   /usr/lib/x86_64-linux-gnu/libXcursor.so.1.0.2
7fd71e713000-7fd71e714000 r--p 00008000 08:03 18488253                   /usr/lib/x86_64-linux-gnu/libXcursor.so.1.0.2
7fd71e714000-7fd71e715000 rw-p 00009000 08:03 18488253                   /usr/lib/x86_64-linux-gnu/libXcursor.so.1.0.2
7fd71e715000-7fd71e717000 r--s 00004000 08:03 15598506                   /home/arwilczek90/workspace/Elements/lib/slick/lib/packulike.jar
7fd71e717000-7fd71e718000 r--s 00043000 08:03 15598505                   /home/arwilczek90/workspace/Elements/lib/slick/lib/natives-win32.jar
7fd71e718000-7fd71e71a000 r--s 00033000 08:03 15598504                   /home/arwilczek90/workspace/Elements/lib/slick/lib/natives-mac.jar
7fd71e71a000-7fd71e71b000 r--s 0003d000 08:03 15598503                   /home/arwilczek90/workspace/Elements/lib/slick/lib/natives-linux.jar
7fd71e71b000-7fd71e722000 r--s 00073000 08:03 15598502                   /home/arwilczek90/workspace/Elements/lib/slick/lib/lwjgl.jar
7fd71e722000-7fd71e724000 r--s 0000d000 08:03 15598501                   /home/arwilczek90/workspace/Elements/lib/slick/lib/jorbis-0.0.15.jar
7fd71e724000-7fd71e72f000 r--s 00093000 08:03 15597692                   /home/arwilczek90/workspace/Elements/lib/slick.jar
7fd71e72f000-7fd71e736000 r--s 000fb000 08:03 18618812                   /usr/lib/jvm/java-6-openjdk-common/jre/lib/resources.jar
7fd71e736000-7fd71e746000 r--s 00000000 08:03 19927130                   /var/cache/fontconfig/d52a8644073d54c13679302ca1180695-le64.cache-3
7fd71e746000-7fd71e749000 r--s 00000000 08:03 19927196                   /var/cache/fontconfig/e13b20fdb08344e0e664864cc2ede53d-le64.cache-3
7fd71e749000-7fd71e74d000 r--s 00000000 08:03 19927452                   /var/cache/fontconfig/7ef2298fde41cc6eeb7af42e48b7d293-le64.cache-3
7fd71e74d000-7fd71e7e3000 r-xp 00000000 08:03 18488439                   /usr/lib/x86_64-linux-gnu/libfreetype.so.6.8.0
7fd71e7e3000-7fd71e9e2000 ---p 00096000 08:03 18488439                   /usr/lib/x86_64-linux-gnu/libfreetype.so.6.8.0
7fd71e9e2000-7fd71e9e8000 r--p 00095000 08:03 18488439                   /usr/lib/x86_64-linux-gnu/libfreetype.so.6.8.0
7fd71e9e8000-7fd71e9e9000 rw-p 0009b000 08:03 18488439                   /usr/lib/x86_64-linux-gnu/libfreetype.so.6.8.0
7fd71e9e9000-7fd71ea23000 r-xp 00000000 08:03 18618871                   /usr/lib/jvm/java-6-openjdk-amd64/jre/lib/amd64/libfontmanager.so
7fd71ea23000-7fd71ec22000 ---p 0003a000 08:03 18618871                   /usr/lib/jvm/java-6-openjdk-amd64/jre/lib/amd64/libfontmanager.so
7fd71ec22000-7fd71ec24000 r--p 00039000 08:03 18618871                   /usr/lib/jvm/java-6-openjdk-amd64/jre/lib/amd64/libfontmanager.so
7fd71ec24000-7fd71ec25000 rw-p 0003b000 08:03 18618871                   /usr/lib/jvm/java-6-openjdk-amd64/jre/lib/amd64/libfontmanager.so
7fd71ec25000-7fd71ec2a000 r-xp 00000000 08:03 18488257                   /usr/lib/x86_64-linux-gnu/libXdmcp.so.6.0.0
7fd71ec2a000-7fd71ee29000 ---p 00005000 08:03 18488257                   /usr/lib/x86_64-linux-gnu/libXdmcp.so.6.0.0
7fd71ee29000-7fd71ee2a000 r--p 00004000 08:03 18488257                   /usr/lib/x86_64-linux-gnu/libXdmcp.so.6.0.0
7fd71ee2a000-7fd71ee2b000 rw-p 00005000 08:03 18488257                   /usr/lib/x86_64-linux-gnu/libXdmcp.so.6.0.0
7fd71ee2b000-7fd71ee2d000 r-xp 00000000 08:03 18488246                   /usr/lib/x86_64-linux-gnu/libXau.so.6.0.0
7fd71ee2d000-7fd71f02c000 ---p 00002000 08:03 18488246                   /usr/lib/x86_64-linux-gnu/libXau.so.6.0.0
7fd71f02c000-7fd71f02d000 r--p 00001000 08:03 18488246                   /usr/lib/x86_64-linux-gnu/libXau.so.6.0.0
7fd71f02d000-7fd71f02e000 rw-p 00002000 08:03 18488246                   /usr/lib/x86_64-linux-gnu/libXau.so.6.0.0
7fd71f02e000-7fd71f04b000 r-xp 00000000 08:03 18488845                   /usr/lib/x86_64-linux-gnu/libxcb.so.1.1.0
7fd71f04b000-7fd71f24a000 ---p 0001d000 08:03 18488845                   /usr/lib/x86_64-linux-gnu/libxcb.so.1.1.0
7fd71f24a000-7fd71f24b000 r--p 0001c000 08:03 18488845                   /usr/lib/x86_64-linux-gnu/libxcb.so.1.1.0
7fd71f24b000-7fd71f24c000 rw-p 0001d000 08:03 18488845                   /usr/lib/x86_64-linux-gnu/libxcb.so.1.1.0
7fd71f24c000-7fd71f25a000 r-xp 00000000 08:03 18488265                   /usr/lib/x86_64-linux-gnu/libXi.so.6.1.0
7fd71f25a000-7fd71f459000 ---p 0000e000 08:03 18488265                   /usr/lib/x86_64-linux-gnu/libXi.so.6.1.0
7fd71f459000-7fd71f45a000 r--p 0000d000 08:03 18488265                   /usr/lib/x86_64-linux-gnu/libXi.so.6.1.0
7fd71f45a000-7fd71f45b000 rw-p 0000e000 08:03 18488265                   /usr/lib/x86_64-linux-gnu/libXi.so.6.1.0
7fd71f45b000-7fd71f460000 r-xp 00000000 08:03 18488283                   /usr/lib/x86_64-linux-gnu/libXtst.so.6.1.0
7fd71f460000-7fd71f65f000 ---p 00005000 08:03 18488283                   /usr/lib/x86_64-linux-gnu/libXtst.so.6.1.0
7fd71f65f000-7fd71f660000 r--p 00004000 08:03 18488283                   /usr/lib/x86_64-linux-gnu/libXtst.so.6.1.0
7fd71f660000-7fd71f661000 rw-p 00005000 08:03 18488283                   /usr/lib/x86_64-linux-gnu/libXtst.so.6.1.0
7fd71f661000-7fd71f66a000 r-xp 00000000 08:03 18488279                   /usr/lib/x86_64-linux-gnu/libXrender.so.1.3.0
7fd71f66a000-7fd71f869000 ---p 00009000 08:03 18488279                   /usr/lib/x86_64-linux-gnu/libXrender.so.1.3.0
7fd71f869000-7fd71f86a000 r--p 00008000 08:03 18488279                   /usr/lib/x86_64-linux-gnu/libXrender.so.1.3.0
7fd71f86a000-7fd71f86b000 rw-p 00009000 08:03 18488279                   /usr/lib/x86_64-linux-gnu/libXrender.so.1.3.0
7fd71f86b000-7fd71f99a000 r-xp 00000000 08:03 18488244                   /usr/lib/x86_64-linux-gnu/libX11.so.6.3.0
7fd71f99a000-7fd71fb9a000 ---p 0012f000 08:03 18488244                   /usr/lib/x86_64-linux-gnu/libX11.so.6.3.0
7fd71fb9a000-7fd71fb9b000 r--p 0012f000 08:03 18488244                   /usr/lib/x86_64-linux-gnu/libX11.so.6.3.0
7fd71fb9b000-7fd71fb9f000 rw-p 00130000 08:03 18488244                   /usr/lib/x86_64-linux-gnu/libX11.so.6.3.0
7fd71fb9f000-7fd71fbaf000 r-xp 00000000 08:03 18488259                   /usr/lib/x86_64-linux-gnu/libXext.so.6.4.0
7fd71fbaf000-7fd71fdae000 ---p 00010000 08:03 18488259                   /usr/lib/x86_64-linux-gnu/libXext.so.6.4.0
7fd71fdae000-7fd71fdaf000 r--p 0000f000 08:03 18488259                   /usr/lib/x86_64-linux-gnu/libXext.so.6.4.0
7fd71fdaf000-7fd71fdb0000 rw-p 00010000 08:03 18488259                   /usr/lib/x86_64-linux-gnu/libXext.so.6.4.0
7fd71fdb0000-7fd71fdfb000 r-xp 00000000 08:03 18618972                   /usr/lib/jvm/java-6-openjdk-amd64/jre/lib/amd64/xawt/libmawt.so
7fd71fdfb000-7fd71fffb000 ---p 0004b000 08:03 18618972                   /usr/lib/jvm/java-6-openjdk-amd64/jre/lib/amd64/xawt/libmawt.so
7fd71fffb000-7fd71fffc000 r--p 0004b000 08:03 18618972                   /usr/lib/jvm/java-6-openjdk-amd64/jre/lib/amd64/xawt/libmawt.so
7fd71fffc000-7fd71ffff000 rw-p 0004c000 08:03 18618972                   /usr/lib/jvm/java-6-openjdk-amd64/jre/lib/amd64/xawt/libmawt.so
7fd71ffff000-7fd720000000 rw-p 00000000 00:00 0 
7fd720000000-7fd720021000 rw-p 00000000 00:00 0 
7fd720021000-7fd724000000 ---p 00000000 00:00 0 
7fd724000000-7fd724021000 rw-p 00000000 00:00 0 
7fd724021000-7fd728000000 ---p 00000000 00:00 0 
7fd728000000-7fd72820d000 rw-p 00000000 00:00 0 
7fd72820d000-7fd72c000000 ---p 00000000 00:00 0 
7fd72c000000-7fd72ccd4000 rw-p 00000000 00:00 0 
7fd72ccd4000-7fd730000000 ---p 00000000 00:00 0 
7fd730000000-7fd730021000 rw-p 00000000 00:00 0 
7fd730021000-7fd734000000 ---p 00000000 00:00 0 
7fd734000000-7fd734021000 rw-p 00000000 00:00 0 
7fd734021000-7fd738000000 ---p 00000000 00:00 0 
7fd738000000-7fd738021000 rw-p 00000000 00:00 0 
7fd738021000-7fd73c000000 ---p 00000000 00:00 0 
7fd73c000000-7fd73c021000 rw-p 00000000 00:00 0 
7fd73c021000-7fd740000000 ---p 00000000 00:00 0 
7fd740000000-7fd740021000 rw-p 00000000 00:00 0 
7fd740021000-7fd744000000 ---p 00000000 00:00 0 
7fd744000000-7fd744021000 rw-p 00000000 00:00 0 
7fd744021000-7fd748000000 ---p 00000000 00:00 0 
7fd748000000-7fd748021000 rw-p 00000000 00:00 0 
7fd748021000-7fd74c000000 ---p 00000000 00:00 0 
7fd74c000000-7fd74c021000 rw-p 00000000 00:00 0 
7fd74c021000-7fd750000000 ---p 00000000 00:00 0 
7fd750000000-7fd750001000 r--s 00001000 08:03 15598500                   /home/arwilczek90/workspace/Elements/lib/slick/lib/jogg-0.0.7.jar
7fd750001000-7fd750002000 r--s 00001000 08:03 15598499                   /home/arwilczek90/workspace/Elements/lib/slick/lib/jnlp.jar
7fd750002000-7fd750004000 rw-s 00002000 00:05 10225                      /dev/ati/card0
7fd750004000-7fd750009000 r--s 00000000 08:03 19927125                   /var/cache/fontconfig/b47c4e1ecd0709278f4910c18777a504-le64.cache-3
7fd750009000-7fd75000a000 r--s 00000000 08:03 19927127                   /var/cache/fontconfig/c05880de57d1f5e948fdfacc138775d9-le64.cache-3
7fd75000a000-7fd750013000 r--s 00000000 08:03 19927122                   /var/cache/fontconfig/945677eb7aeaf62f1d50efc3fb3ec7d8-le64.cache-3
7fd750013000-7fd750015000 r--s 00000000 08:03 19927123                   /var/cache/fontconfig/99e8ed0e538f840c565b6ed5dad60d56-le64.cache-3
7fd750015000-7fd750019000 r--s 00000000 08:03 19927109                   /var/cache/fontconfig/2cd17615ca594fa2959ae173292e504c-le64.cache-3
7fd750019000-7fd750022000 r--s 00000000 08:03 19927460                   /var/cache/fontconfig/6d41288fd70b0be22e8c3a91e032eec0-le64.cache-3
7fd750022000-7fd750025000 ---p 00000000 00:00 0 
7fd750025000-7fd750123000 rw-p 00000000 00:00 0 
7fd750123000-7fd7501cf000 r-xp 00000000 08:03 18618874                   /usr/lib/jvm/java-6-openjdk-amd64/jre/lib/amd64/libawt.so
7fd7501cf000-7fd7503ce000 ---p 000ac000 08:03 18618874                   /usr/lib/jvm/java-6-openjdk-amd64/jre/lib/amd64/libawt.so
7fd7503ce000-7fd7503cf000 r--p 000ab000 08:03 18618874                   /usr/lib/jvm/java-6-openjdk-amd64/jre/lib/amd64/libawt.so
7fd7503cf000-7fd7503da000 rw-p 000ac000 08:03 18618874                   /usr/lib/jvm/java-6-openjdk-amd64/jre/lib/amd64/libawt.so
7fd7503da000-7fd7503ff000 rw-p 00000000 00:00 0 
7fd7503ff000-7fd750402000 r--s 0007d000 08:03 18618443                   /usr/lib/jvm/java-6-openjdk-common/jre/lib/jsse.jar
7fd750402000-7fd750409000 r--s 00073000 08:03 15597691                   /home/arwilczek90/workspace/Elements/lib/lwjgl.jar
7fd750409000-7fd75040b000 r--s 0000f000 08:03 18618803                   /usr/lib/jvm/java-6-openjdk-common/jre/lib/ext/pulse-java.jar
7fd75040b000-7fd75040e000 r--s 00077000 08:03 18618797                   /usr/lib/jvm/java-6-openjdk-common/jre/lib/ext/localedata.jar
7fd75040e000-7fd75040f000 r--s 00007000 08:03 18748229                   /usr/share/java/java-atk-wrapper.jar
7fd75040f000-7fd750411000 r--s 00001000 08:03 18618801                   /usr/lib/jvm/java-6-openjdk-common/jre/lib/ext/dnsns.jar
7fd750411000-7fd750415000 r--s 00038000 08:03 18618795                   /usr/lib/jvm/java-6-openjdk-common/jre/lib/ext/sunpkcs11.jar
7fd750415000-7fd750418000 r--s 00031000 08:03 18618799                   /usr/lib/jvm/java-6-openjdk-common/jre/lib/ext/sunjce_provider.jar
7fd750418000-7fd750419000 ---p 00000000 00:00 0 
7fd750419000-7fd750519000 rw-p 00000000 00:00 0 
7fd750519000-7fd75051c000 ---p 00000000 00:00 0 
7fd75051c000-7fd75061a000 rw-p 00000000 00:00 0 
7fd75061a000-7fd75061d000 ---p 00000000 00:00 0 
7fd75061d000-7fd75071b000 rw-p 00000000 00:00 0 
7fd75071b000-7fd75071e000 ---p 00000000 00:00 0 
7fd75071e000-7fd75081c000 rw-p 00000000 00:00 0 
7fd75081c000-7fd75081f000 ---p 00000000 00:00 0 
7fd75081f000-7fd75091d000 rw-p 00000000 00:00 0 
7fd75091d000-7fd751000000 r--p 00000000 08:03 18487587                   /usr/lib/locale/locale-archive
7fd751000000-7fd751270000 rwxp 00000000 00:00 0 
7fd751270000-7fd754d63000 rw-p 00000000 00:00 0 
7fd754d63000-7fd758000000 ---p 00000000 00:00 0 
7fd758000000-7fd758001000 rw-s 00005000 00:05 10225                      /dev/ati/card0
7fd758001000-7fd758007000 r--s 00000000 08:03 19927124                   /var/cache/fontconfig/a755afe4a08bf5b97852ceb7400b47bc-le64.cache-3
7fd758007000-7fd758017000 r--s 00000000 08:03 19927106                   /var/cache/fontconfig/04aabc0a78ac019cf9454389977116d2-le64.cache-3
7fd758017000-7fd75801a000 ---p 00000000 00:00 0 
7fd75801a000-7fd758118000 rw-p 00000000 00:00 0 
7fd758118000-7fd75811b000 ---p 00000000 00:00 0 
7fd75811b000-7fd758219000 rw-p 00000000 00:00 0 
7fd758219000-7fd75821a000 ---p 00000000 00:00 0 
7fd75821a000-7fd758852000 rw-p 00000000 00:00 0 
7fd758852000-7fd7589e4000 r--s 037bf000 08:03 18618843                   /usr/lib/jvm/java-6-openjdk-amd64/jre/lib/rt.jar
7fd7589e4000-7fd758a0c000 rw-p 00000000 00:00 0 
7fd758a0c000-7fd758a0d000 ---p 00000000 00:00 0 
7fd758a0d000-7fd758b0d000 rw-p 00000000 00:00 0 
7fd758b0d000-7fd758b0e000 ---p 00000000 00:00 0 
7fd758b0e000-7fd758c0e000 rw-p 00000000 00:00 0 
7fd758c0e000-7fd758c0f000 ---p 00000000 00:00 0 
7fd758c0f000-7fd758d0f000 rw-p 00000000 00:00 0 
7fd758d0f000-7fd758d10000 ---p 00000000 00:00 0 
7fd758d10000-7fd758e1b000 rw-p 00000000 00:00 0 
7fd758e1b000-7fd758e63000 rw-p 00000000 00:00 0 
7fd758e63000-7fd758e8a000 rw-p 00000000 00:00 0 
7fd758e8a000-7fd7590d1000 rw-p 00000000 00:00 0 
7fd7590d1000-7fd7590dc000 rw-p 00000000 00:00 0 
7fd7590dc000-7fd759124000 rw-p 00000000 00:00 0 
7fd759124000-7fd75914b000 rw-p 00000000 00:00 0 
7fd75914b000-7fd759392000 rw-p 00000000 00:00 0 
7fd759392000-7fd7593a6000 rw-p 00000000 00:00 0 
7fd7593a6000-7fd7594c9000 rw-p 00000000 00:00 0 
7fd7594c9000-7fd7594ca000 rw-p 00000000 00:00 0 
7fd7594ca000-7fd7594d1000 r-xp 00000000 08:03 18618888                   /usr/lib/jvm/java-6-openjdk-amd64/jre/lib/amd64/libzip.so
7fd7594d1000-7fd7596d0000 ---p 00007000 08:03 18618888                   /usr/lib/jvm/java-6-openjdk-amd64/jre/lib/amd64/libzip.so
7fd7596d0000-7fd7596d1000 r--p 00006000 08:03 18618888                   /usr/lib/jvm/java-6-openjdk-amd64/jre/lib/amd64/libzip.so
7fd7596d1000-7fd7596d2000 rw-p 00007000 08:03 18618888                   /usr/lib/jvm/java-6-openjdk-amd64/jre/lib/amd64/libzip.so
7fd7596d2000-7fd7596de000 r-xp 00000000 08:03 21758081                   /lib/x86_64-linux-gnu/libnss_files-2.15.so
7fd7596de000-7fd7598dd000 ---p 0000c000 08:03 21758081                   /lib/x86_64-linux-gnu/libnss_files-2.15.so
7fd7598dd000-7fd7598de000 r--p 0000b000 08:03 21758081                   /lib/x86_64-linux-gnu/libnss_files-2.15.so
7fd7598de000-7fd7598df000 rw-p 0000c000 08:03 21758081                   /lib/x86_64-linux-gnu/libnss_files-2.15.so
7fd7598df000-7fd7598e9000 r-xp 00000000 08:03 21758077                   /lib/x86_64-linux-gnu/libnss_nis-2.15.so
7fd7598e9000-7fd759ae9000 ---p 0000a000 08:03 21758077                   /lib/x86_64-linux-gnu/libnss_nis-2.15.so
7fd759ae9000-7fd759aea000 r--p 0000a000 08:03 21758077                   /lib/x86_64-linux-gnu/libnss_nis-2.15.so
7fd759aea000-7fd759aeb000 rw-p 0000b000 08:03 21758077                   /lib/x86_64-linux-gnu/libnss_nis-2.15.so
7fd759aeb000-7fd759b02000 r-xp 00000000 08:03 21761730                   /lib/x86_64-linux-gnu/libnsl-2.15.so
7fd759b02000-7fd759d01000 ---p 00017000 08:03 21761730                   /lib/x86_64-linux-gnu/libnsl-2.15.so
7fd759d01000-7fd759d02000 r--p 00016000 08:03 21761730                   /lib/x86_64-linux-gnu/libnsl-2.15.so
7fd759d02000-7fd759d03000 rw-p 00017000 08:03 21761730                   /lib/x86_64-linux-gnu/libnsl-2.15.so
7fd759d03000-7fd759d05000 rw-p 00000000 00:00 0 
7fd759d05000-7fd759d0d000 r-xp 00000000 08:03 21758082                   /lib/x86_64-linux-gnu/libnss_compat-2.15.so
7fd759d0d000-7fd759f0c000 ---p 00008000 08:03 21758082                   /lib/x86_64-linux-gnu/libnss_compat-2.15.so
7fd759f0c000-7fd759f0d000 r--p 00007000 08:03 21758082                   /lib/x86_64-linux-gnu/libnss_compat-2.15.so
7fd759f0d000-7fd759f0e000 rw-p 00008000 08:03 21758082                   /lib/x86_64-linux-gnu/libnss_compat-2.15.so
7fd759f0e000-7fd759f3a000 r-xp 00000000 08:03 18618873                   /usr/lib/jvm/java-6-openjdk-amd64/jre/lib/amd64/libjava.so
7fd759f3a000-7fd75a139000 ---p 0002c000 08:03 18618873                   /usr/lib/jvm/java-6-openjdk-amd64/jre/lib/amd64/libjava.so
7fd75a139000-7fd75a13a000 r--p 0002b000 08:03 18618873                   /usr/lib/jvm/java-6-openjdk-amd64/jre/lib/amd64/libjava.so
7fd75a13a000-7fd75a13d000 rw-p 0002c000 08:03 18618873                   /usr/lib/jvm/java-6-openjdk-amd64/jre/lib/amd64/libjava.so
7fd75a13d000-7fd75a14b000 r-xp 00000000 08:03 18618872                   /usr/lib/jvm/java-6-openjdk-amd64/jre/lib/amd64/libverify.so
7fd75a14b000-7fd75a34a000 ---p 0000e000 08:03 18618872                   /usr/lib/jvm/java-6-openjdk-amd64/jre/lib/amd64/libverify.so
7fd75a34a000-7fd75a34c000 r--p 0000d000 08:03 18618872                   /usr/lib/jvm/java-6-openjdk-amd64/jre/lib/amd64/libverify.so
7fd75a34c000-7fd75a34d000 rw-p 0000f000 08:03 18618872                   /usr/lib/jvm/java-6-openjdk-amd64/jre/lib/amd64/libverify.so
7fd75a34d000-7fd75a354000 r-xp 00000000 08:03 21758075                   /lib/x86_64-linux-gnu/librt-2.15.so
7fd75a354000-7fd75a553000 ---p 00007000 08:03 21758075                   /lib/x86_64-linux-gnu/librt-2.15.so
7fd75a553000-7fd75a554000 r--p 00006000 08:03 21758075                   /lib/x86_64-linux-gnu/librt-2.15.so
7fd75a554000-7fd75a555000 rw-p 00007000 08:03 21758075                   /lib/x86_64-linux-gnu/librt-2.15.so
7fd75a555000-7fd75a56a000 r-xp 00000000 08:03 21761542                   /lib/x86_64-linux-gnu/libgcc_s.so.1
7fd75a56a000-7fd75a769000 ---p 00015000 08:03 21761542                   /lib/x86_64-linux-gnu/libgcc_s.so.1
7fd75a769000-7fd75a76a000 r--p 00014000 08:03 21761542                   /lib/x86_64-linux-gnu/libgcc_s.so.1
7fd75a76a000-7fd75a76b000 rw-p 00015000 08:03 21761542                   /lib/x86_64-linux-gnu/libgcc_s.so.1
7fd75a76b000-7fd75a864000 r-xp 00000000 08:03 21758079                   /lib/x86_64-linux-gnu/libm-2.15.so
7fd75a864000-7fd75aa63000 ---p 000f9000 08:03 21758079                   /lib/x86_64-linux-gnu/libm-2.15.so
7fd75aa63000-7fd75aa64000 r--p 000f8000 08:03 21758079                   /lib/x86_64-linux-gnu/libm-2.15.so
7fd75aa64000-7fd75aa65000 rw-p 000f9000 08:03 21758079                   /lib/x86_64-linux-gnu/libm-2.15.so
7fd75aa65000-7fd75ab47000 r-xp 00000000 08:03 18488773                   /usr/lib/x86_64-linux-gnu/libstdc++.so.6.0.16
7fd75ab47000-7fd75ad46000 ---p 000e2000 08:03 18488773                   /usr/lib/x86_64-linux-gnu/libstdc++.so.6.0.16
7fd75ad46000-7fd75ad4e000 r--p 000e1000 08:03 18488773                   /usr/lib/x86_64-linux-gnu/libstdc++.so.6.0.16
7fd75ad4e000-7fd75ad50000 rw-p 000e9000 08:03 18488773                   /usr/lib/x86_64-linux-gnu/libstdc++.so.6.0.16
7fd75ad50000-7fd75ad65000 rw-p 00000000 00:00 0 
7fd75ad65000-7fd75b669000 r-xp 00000000 08:03 18618878                   /usr/lib/jvm/java-6-openjdk-amd64/jre/lib/amd64/server/libjvm.so
7fd75b669000-7fd75b869000 ---p 00904000 08:03 18618878                   /usr/lib/jvm/java-6-openjdk-amd64/jre/lib/amd64/server/libjvm.so
7fd75b869000-7fd75b8e9000 r--p 00904000 08:03 18618878                   /usr/lib/jvm/java-6-openjdk-amd64/jre/lib/amd64/server/libjvm.so
7fd75b8e9000-7fd75b904000 rw-p 00984000 08:03 18618878                   /usr/lib/jvm/java-6-openjdk-amd64/jre/lib/amd64/server/libjvm.so
7fd75b904000-7fd75b92d000 rw-p 00000000 00:00 0 
7fd75b92d000-7fd75b943000 r-xp 00000000 08:03 21761632                   /lib/x86_64-linux-gnu/libz.so.1.2.3.4
7fd75b943000-7fd75bb42000 ---p 00016000 08:03 21761632                   /lib/x86_64-linux-gnu/libz.so.1.2.3.4
7fd75bb42000-7fd75bb43000 r--p 00015000 08:03 21761632                   /lib/x86_64-linux-gnu/libz.so.1.2.3.4
7fd75bb43000-7fd75bb44000 rw-p 00016000 08:03 21761632                   /lib/x86_64-linux-gnu/libz.so.1.2.3.4
7fd75bb44000-7fd75bcf9000 r-xp 00000000 08:03 21757975                   /lib/x86_64-linux-gnu/libc-2.15.so
7fd75bcf9000-7fd75bef8000 ---p 001b5000 08:03 21757975                   /lib/x86_64-linux-gnu/libc-2.15.so
7fd75bef8000-7fd75befc000 r--p 001b4000 08:03 21757975                   /lib/x86_64-linux-gnu/libc-2.15.so
7fd75befc000-7fd75befe000 rw-p 001b8000 08:03 21757975                   /lib/x86_64-linux-gnu/libc-2.15.so
7fd75befe000-7fd75bf03000 rw-p 00000000 00:00 0 
7fd75bf03000-7fd75bf05000 r-xp 00000000 08:03 21757964                   /lib/x86_64-linux-gnu/libdl-2.15.so
7fd75bf05000-7fd75c105000 ---p 00002000 08:03 21757964                   /lib/x86_64-linux-gnu/libdl-2.15.so
7fd75c105000-7fd75c106000 r--p 00002000 08:03 21757964                   /lib/x86_64-linux-gnu/libdl-2.15.so
7fd75c106000-7fd75c107000 rw-p 00003000 08:03 21757964                   /lib/x86_64-linux-gnu/libdl-2.15.so
7fd75c107000-7fd75c10b000 r-xp 00000000 08:03 18618855                   /usr/lib/jvm/java-6-openjdk-amd64/jre/lib/amd64/jli/libjli.so
7fd75c10b000-7fd75c30a000 ---p 00004000 08:03 18618855                   /usr/lib/jvm/java-6-openjdk-amd64/jre/lib/amd64/jli/libjli.so
7fd75c30a000-7fd75c30b000 r--p 00003000 08:03 18618855                   /usr/lib/jvm/java-6-openjdk-amd64/jre/lib/amd64/jli/libjli.so
7fd75c30b000-7fd75c30c000 rw-p 00004000 08:03 18618855                   /usr/lib/jvm/java-6-openjdk-amd64/jre/lib/amd64/jli/libjli.so
7fd75c30c000-7fd75c324000 r-xp 00000000 08:03 21758073                   /lib/x86_64-linux-gnu/libpthread-2.15.so
7fd75c324000-7fd75c523000 ---p 00018000 08:03 21758073                   /lib/x86_64-linux-gnu/libpthread-2.15.so
7fd75c523000-7fd75c524000 r--p 00017000 08:03 21758073                   /lib/x86_64-linux-gnu/libpthread-2.15.so
7fd75c524000-7fd75c525000 rw-p 00018000 08:03 21758073                   /lib/x86_64-linux-gnu/libpthread-2.15.so
7fd75c525000-7fd75c529000 rw-p 00000000 00:00 0 
7fd75c529000-7fd75c54b000 r-xp 00000000 08:03 21758085                   /lib/x86_64-linux-gnu/ld-2.15.so
7fd75c54b000-7fd75c54c000 r--s 00000000 08:03 19927115                   /var/cache/fontconfig/56cf4f4769d0f4abc89a4895d7bd3ae1-le64.cache-3
7fd75c54c000-7fd75c54d000 r--s 00000000 08:03 19927126                   /var/cache/fontconfig/b9d506c9ac06c20b433354fa67a72993-le64.cache-3
7fd75c54d000-7fd75c54e000 r--s 00000000 08:03 19927134                   /var/cache/fontconfig/e7071f4a29fa870f4323321c154eba04-le64.cache-3
7fd75c54e000-7fd75c551000 r--s 00000000 08:03 19927112                   /var/cache/fontconfig/385c0604a188198f04d133e54aba7fe7-le64.cache-3
7fd75c551000-7fd75c554000 r--s 00000000 08:03 19927121                   /var/cache/fontconfig/8801497958630a81b71ace7c5f9b32a8-le64.cache-3
7fd75c554000-7fd75c559000 r--s 00000000 08:03 19927110                   /var/cache/fontconfig/3047814df9a2f067bd2d96a2b9c36e5a-le64.cache-3
7fd75c559000-7fd75c569000 r--s 00000000 08:03 19927130                   /var/cache/fontconfig/d52a8644073d54c13679302ca1180695-le64.cache-3
7fd75c569000-7fd75c573000 rw-p 00000000 00:00 0 
7fd75c573000-7fd75c629000 rw-p 00000000 00:00 0 
7fd75c629000-7fd75c62c000 ---p 00000000 00:00 0 
7fd75c62c000-7fd75c72f000 rw-p 00000000 00:00 0 
7fd75c72f000-7fd75c730000 r--s 00000000 08:03 19927107                   /var/cache/fontconfig/0d8c3b2ac0904cb8a57a757ad11a4a08-le64.cache-3
7fd75c730000-7fd75c731000 r--s 00000000 08:03 19927113                   /var/cache/fontconfig/4794a0821666d79190d59a36cb4f44b5-le64.cache-3
7fd75c731000-7fd75c732000 r--s 00000000 08:03 19927115                   /var/cache/fontconfig/56cf4f4769d0f4abc89a4895d7bd3ae1-le64.cache-3
7fd75c732000-7fd75c733000 r--s 00000000 08:03 19927126                   /var/cache/fontconfig/b9d506c9ac06c20b433354fa67a72993-le64.cache-3
7fd75c733000-7fd75c738000 r--s 00000000 08:03 19927125                   /var/cache/fontconfig/b47c4e1ecd0709278f4910c18777a504-le64.cache-3
7fd75c738000-7fd75c73b000 r--s 00000000 08:03 19927196                   /var/cache/fontconfig/e13b20fdb08344e0e664864cc2ede53d-le64.cache-3
7fd75c73b000-7fd75c73f000 r--s 00000000 08:03 19927452                   /var/cache/fontconfig/7ef2298fde41cc6eeb7af42e48b7d293-le64.cache-3
7fd75c73f000-7fd75c747000 rw-s 00000000 08:03 8126514                    /tmp/hsperfdata_arwilczek90/12121 (deleted)
7fd75c747000-7fd75c748000 rw-p 00000000 00:00 0 
7fd75c748000-7fd75c749000 ---p 00000000 00:00 0 
7fd75c749000-7fd75c74b000 rw-p 00000000 00:00 0 
7fd75c74b000-7fd75c74c000 r--p 00022000 08:03 21758085                   /lib/x86_64-linux-gnu/ld-2.15.so
7fd75c74c000-7fd75c74e000 rw-p 00023000 08:03 21758085                   /lib/x86_64-linux-gnu/ld-2.15.so
7fffe44be000-7fffe44df000 rw-p 00000000 00:00 0                          [stack]
7fffe457d000-7fffe457e000 r-xp 00000000 00:00 0                          [vdso]
ffffffffff600000-ffffffffff601000 r-xp 00000000 00:00 0                  [vsyscall]

VM Arguments:
jvm_args: -Djava.library.path=/home/arwilczek90/workspace/Elements/lib/slick:/home/arwilczek90/workspace/Elements/lib/slick -Dfile.encoding=UTF-8 
java_command: com.hack.elements.view.Main
Launcher Type: SUN_STANDARD

Environment Variables:
PATH=/usr/lib/lightdm/lightdm:/usr/local/sbin:/usr/local/bin:/usr/sbin:/usr/bin:/sbin:/bin:/usr/games
LD_LIBRARY_PATH=/usr/lib/jvm/java-6-openjdk-amd64/jre/lib/amd64/server:/usr/lib/jvm/java-6-openjdk-amd64/jre/lib/amd64:/usr/lib/jvm/java-6-openjdk-amd64/jre/../lib/amd64
SHELL=/bin/bash
DISPLAY=:0.0

Signal Handlers:
SIGSEGV: [libjvm.so+0x784310], sa_mask[0]=0x7ffbfeff, sa_flags=0x10000004
SIGBUS: [libjvm.so+0x784310], sa_mask[0]=0x7ffbfeff, sa_flags=0x10000004
SIGFPE: [libjvm.so+0x648580], sa_mask[0]=0x7ffbfeff, sa_flags=0x10000004
SIGPIPE: [libjvm.so+0x648580], sa_mask[0]=0x7ffbfeff, sa_flags=0x10000004
SIGXFSZ: [libjvm.so+0x648580], sa_mask[0]=0x7ffbfeff, sa_flags=0x10000004
SIGILL: [libjvm.so+0x648580], sa_mask[0]=0x7ffbfeff, sa_flags=0x10000004
SIGUSR1: SIG_DFL, sa_mask[0]=0x00000000, sa_flags=0x00000000
SIGUSR2: [libjvm.so+0x648730], sa_mask[0]=0x00000004, sa_flags=0x10000004
SIGHUP: [libjvm.so+0x64b250], sa_mask[0]=0x7ffbfeff, sa_flags=0x10000004
SIGINT: [libjvm.so+0x64b250], sa_mask[0]=0x7ffbfeff, sa_flags=0x10000004
SIGTERM: [libjvm.so+0x64b250], sa_mask[0]=0x7ffbfeff, sa_flags=0x10000004
SIGQUIT: [libjvm.so+0x64b250], sa_mask[0]=0x7ffbfeff, sa_flags=0x10000004


---------------  S Y S T E M  ---------------

OS:Ubuntu 12.04 (precise)
uname:Linux 3.2.0-32-generic #51-Ubuntu SMP Wed Sep 26 21:33:09 UTC 2012 x86_64
libc:glibc 2.15 NPTL 2.15 
rlimit: STACK 8192k, CORE 0k, NPROC 59545, NOFILE 4096, AS infinity
load average:1.23 0.84 0.65

/proc/meminfo:
MemTotal:        7639648 kB
MemFree:         4270456 kB
Buffers:          112924 kB
Cached:          1131824 kB
SwapCached:            0 kB
Active:          2185800 kB
Inactive:         706588 kB
Active(anon):    1648468 kB
Inactive(anon):    18660 kB
Active(file):     537332 kB
Inactive(file):   687928 kB
Unevictable:          20 kB
Mlocked:              20 kB
SwapTotal:       3818492 kB
SwapFree:        3818492 kB
Dirty:               384 kB
Writeback:             0 kB
AnonPages:       1647760 kB
Mapped:           331752 kB
Shmem:             19492 kB
Slab:              92552 kB
SReclaimable:      62000 kB
SUnreclaim:        30552 kB
KernelStack:        4296 kB
PageTables:        35848 kB
NFS_Unstable:          0 kB
Bounce:                0 kB
WritebackTmp:          0 kB
CommitLimit:     7638316 kB
Committed_AS:    4584984 kB
VmallocTotal:   34359738367 kB
VmallocUsed:      116912 kB
VmallocChunk:   34359619344 kB
HardwareCorrupted:     0 kB
AnonHugePages:         0 kB
HugePages_Total:       0
HugePages_Free:        0
HugePages_Rsvd:        0
HugePages_Surp:        0
Hugepagesize:       2048 kB
DirectMap4k:      290816 kB
DirectMap2M:     5455872 kB
DirectMap1G:     2097152 kB


CPU:total 4 (4 cores per cpu, 1 threads per core) family 18 model 1 stepping 0, cmov, cx8, fxsr, mmx, sse, sse2, sse3, popcnt, mmxext, 3dnowpref, lzcnt, sse4a

Memory: 4k page, physical 7639648k(4270456k free), swap 3818492k(3818492k free)

vm_info: OpenJDK 64-Bit Server VM (20.0-b12) for linux-amd64 JRE (1.6.0_24-b24), built on Sep  2 2012 19:50:47 by "buildd" with gcc 4.6.3

time: Sat Oct 13 19:02:30 2012
elapsed time: 92 seconds

