#
# A fatal error has been detected by the Java Runtime Environment:
#
#  SIGSEGV (0xb) at pc=0x00007fe0f35c2c58, pid=19071, tid=140604218492672
#
# JRE version: 6.0_24-b24
# Java VM: OpenJDK 64-Bit Server VM (20.0-b12 mixed mode linux-amd64 compressed oops)
# Derivative: IcedTea6 1.11.4
# Distribution: Ubuntu 12.04 LTS, package 6b24-1.11.4-1ubuntu0.12.04.1
# Problematic frame:
# C  [libX11.so.6+0x33c58]  XQueryExtension+0x28
#
# If you would like to submit a bug report, please include
# instructions how to reproduce the bug and visit:
#   https://bugs.launchpad.net/ubuntu/+source/openjdk-6/
# The crash happened outside the Java Virtual Machine in native code.
# See problematic frame for where to report the bug.
#

---------------  T H R E A D  ---------------

Current thread (0x00007fe0fc0a5000):  JavaThread "JDWP Transport Listener: dt_socket" daemon [_thread_in_native, id=19087, stack(0x00007fe0f86f4000,0x00007fe0f87f5000)]

siginfo:si_signo=SIGSEGV: si_errno=0, si_code=1 (SEGV_MAPERR), si_addr=0xfffffffffc1fd098

Registers:
RAX=0x00007fe0c4001d10, RBX=0xfffffffffc1fc730, RCX=0x00007fe0f87f34c8, RDX=0x00007fe0f87f34c4
RSP=0x00007fe0f87f3460, RBP=0x00007fe0f159a932, RSI=0x00007fe0f159a932, RDI=0xfffffffffc1fc730
R8 =0x00007fe0f87f34cc, R9 =0x0000000000000000, R10=0x00007fe104555fa8, R11=0x00007fe1041d5ca0
R12=0x0000000000000000, R13=0x00007fe0f159a932, R14=0x00007fe0c4001d10, R15=0x0000000000000000
RIP=0x00007fe0f35c2c58, EFLAGS=0x0000000000010206, CSGSFS=0x0000000000000033, ERR=0x0000000000000005
  TRAPNO=0x000000000000000e

Top of Stack: (sp=0x00007fe0f87f3460)
0x00007fe0f87f3460:   00007fe1041a8790 00007fe104d849e8
0x00007fe0f87f3470:   00007fe103f653a8 0000000000000000
0x00007fe0f87f3480:   00000000ffffffff fffffffffc1fc730
0x00007fe0f87f3490:   00007fe0f159a932 0000000000000000
0x00007fe0f87f34a0:   00007fe0f159a932 00007fe0c4001d10
0x00007fe0f87f34b0:   0000000000000000 00007fe0f35b6c55
0x00007fe0f87f34c0:   00007fe104da2048 00007fe0f16d3520
0x00007fe0f87f34d0:   00007fe0f16d3520 fffffffffc1fc730
0x00007fe0f87f34e0:   00007fe0fc1ae890 00007fe0f38d002b
0x00007fe0f87f34f0:   00007fe1041a8790 000000110000002f
0x00007fe0f87f3500:   00007fe0f87f3580 0000000000000000
0x00007fe0f87f3510:   00007fe0f87f3580 fffffffffc1fc730
0x00007fe0f87f3520:   0000000000000000 00007fe104da2048
0x00007fe0f87f3530:   00007fe0f16ecd50 00007fe0f1541119
0x00007fe0f87f3540:   0000000000000000 000000000000002f
0x00007fe0f87f3550:   00007fe0f87f3580 00007fe0f87f35a0
0x00007fe0f87f3560:   0000000000000000 00007fe104da2048
0x00007fe0f87f3570:   00007fe0fc1fc290 00007fe0f1537b42
0x00007fe0f87f3580:   00007fe0f87f3790 00007fe0f159a8b1
0x00007fe0f87f3590:   00007fe0f87f3790 00007fe104b8e92d
0x00007fe0f87f35a0:   00007fe104da32c8 00007fe104da3858
0x00007fe0f87f35b0:   00007fe104d84000 00007fe0fc004060
0x00007fe0f87f35c0:   00007fe0fc004780 00007fe0fc009040
0x00007fe0f87f35d0:   00007fe0fc009b50 00007fe0fc0094f0
0x00007fe0f87f35e0:   00007fe0fc00a050 00007fe0fc00ed30
0x00007fe0f87f35f0:   00007fe0fc09d330 00007fe0fc157480
0x00007fe0f87f3600:   00007fe0fc157960 00007fe104d83000
0x00007fe0f87f3610:   00007fe0fc1f8e40 00007fe0fc1f1370
0x00007fe0f87f3620:   00007fe0fc1f1810 00007fe0fc1f9310
0x00007fe0f87f3630:   00007fe0fc1f97b0 00007fe0fc1f9c50
0x00007fe0f87f3640:   00007fe0fc111c50 00007fe0fc110a50
0x00007fe0f87f3650:   00007fe0fc0025e0 00007fe0fc001ec0 

Instructions: (pc=0x00007fe0f35c2c58)
0x00007fe0f35c2c38:   24 d8 48 89 fb 4c 89 64 24 e0 4c 89 6c 24 e8 48
0x00007fe0f35c2c48:   89 f5 4c 89 74 24 f0 4c 89 7c 24 f8 48 83 ec 58
0x00007fe0f35c2c58:   48 8b 87 68 09 00 00 49 89 d4 49 89 cd 4d 89 c6
0x00007fe0f35c2c68:   48 85 c0 74 02 ff 10 ba 08 00 00 00 be 62 00 00 

Register to memory mapping:

RAX=0x00007fe0c4001d10 is an unknown value
RBX=0xfffffffffc1fc730 is an unknown value
RCX=0x00007fe0f87f34c8 is pointing into the stack for thread: 0x00007fe0fc0a5000
RDX=0x00007fe0f87f34c4 is pointing into the stack for thread: 0x00007fe0fc0a5000
RSP=0x00007fe0f87f3460 is pointing into the stack for thread: 0x00007fe0fc0a5000
RBP=0x00007fe0f159a932: <offset 0x96932> in /usr/lib/fglrx/libGL.so.1 at 0x00007fe0f1504000
RSI=0x00007fe0f159a932: <offset 0x96932> in /usr/lib/fglrx/libGL.so.1 at 0x00007fe0f1504000
RDI=0xfffffffffc1fc730 is an unknown value
R8 =0x00007fe0f87f34cc is pointing into the stack for thread: 0x00007fe0fc0a5000
R9 =0x0000000000000000 is an unknown value
R10=0x00007fe104555fa8: <offset 0x3bbfa8> in /lib/x86_64-linux-gnu/libc.so.6 at 0x00007fe10419a000
R11=0x00007fe1041d5ca0: __cxa_finalize+0 in /lib/x86_64-linux-gnu/libc.so.6 at 0x00007fe10419a000
R12=0x0000000000000000 is an unknown value
R13=0x00007fe0f159a932: <offset 0x96932> in /usr/lib/fglrx/libGL.so.1 at 0x00007fe0f1504000
R14=0x00007fe0c4001d10 is an unknown value
R15=0x0000000000000000 is an unknown value


Stack: [0x00007fe0f86f4000,0x00007fe0f87f5000],  sp=0x00007fe0f87f3460,  free space=1021k
Native frames: (J=compiled Java code, j=interpreted, Vv=VM code, C=native code)
C  [libX11.so.6+0x33c58]  XQueryExtension+0x28


---------------  P R O C E S S  ---------------

Java Threads: ( => current thread )
  0x00007fe0bc004800 JavaThread "Thread-3" [_thread_in_vm, id=19140, stack(0x00007fe0e9830000,0x00007fe0e9931000)]
  0x00007fe0bc003000 JavaThread "Thread-1" [_thread_in_Java, id=19139, stack(0x00007fe0a3eff000,0x00007fe0a4000000)]
  0x00007fe0bc001800 JavaThread "Thread-0" [_thread_in_native, id=19138, stack(0x00007fe0e9b31000,0x00007fe0e9c32000)]
  0x00007fe0d0001000 JavaThread "SIGTERM handler" daemon [_thread_blocked, id=19137, stack(0x00007fe0f84f2000,0x00007fe0f85f3000)]
  0x00007fe0fcac9800 JavaThread "Thread-2" daemon [_thread_blocked, id=19108, stack(0x00007fe0f0808000,0x00007fe0f0909000)]
  0x00007fe0fc1f8000 JavaThread "AWT-XAWT" daemon [_thread_in_native, id=19103, stack(0x00007fe0f1e5f000,0x00007fe0f1f60000)]
  0x00007fe0fc16a000 JavaThread "Java2D Disposer" daemon [_thread_blocked, id=19101, stack(0x00007fe0f2370000,0x00007fe0f2471000)]
  0x00007fe0fc0b0000 JavaThread "Low Memory Detector" daemon [_thread_blocked, id=19095, stack(0x00007fe0f81ef000,0x00007fe0f82f0000)]
  0x00007fe0fc0ad800 JavaThread "C2 CompilerThread1" daemon [_thread_blocked, id=19094, stack(0x00007fe0f82f0000,0x00007fe0f83f1000)]
  0x00007fe0fc0ab000 JavaThread "C2 CompilerThread0" daemon [_thread_blocked, id=19093, stack(0x00007fe0f83f1000,0x00007fe0f84f2000)]
  0x00007fe0fc0a8800 JavaThread "JDWP Event Helper Thread" daemon [_thread_blocked, id=19089, stack(0x00007fe0f85f3000,0x00007fe0f86f4000)]
=>0x00007fe0fc0a5000 JavaThread "JDWP Transport Listener: dt_socket" daemon [_thread_in_native, id=19087, stack(0x00007fe0f86f4000,0x00007fe0f87f5000)]
  0x00007fe0fc08c800 JavaThread "Signal Dispatcher" daemon [_thread_blocked, id=19085, stack(0x00007fe0f89fa000,0x00007fe0f8afb000)]
  0x00007fe0fc07b000 JavaThread "Finalizer" daemon [_thread_blocked, id=19084, stack(0x00007fe0f8afb000,0x00007fe0f8bfc000)]
  0x00007fe0fc079000 JavaThread "Reference Handler" daemon [_thread_blocked, id=19083, stack(0x00007fe0f8bfc000,0x00007fe0f8cfd000)]
  0x00007fe0fc00b000 JavaThread "main" [_thread_blocked, id=19075, stack(0x00007fe104c7f000,0x00007fe104d80000)]

Other Threads:
  0x00007fe0fc072800 VMThread [stack: 0x00007fe0f8cfd000,0x00007fe0f8dfe000] [id=19082]
  0x00007fe0fc0b2800 WatcherThread [stack: 0x00007fe0f80ee000,0x00007fe0f81ef000] [id=19096]

VM state:not at safepoint (normal execution)

VM Mutex/Monitor currently owned by a thread: None

Heap
 PSYoungGen      total 34880K, used 10314K [0x00000000d9200000, 0x00000000db8e0000, 0x0000000100000000)
  eden space 29952K, 34% used [0x00000000d9200000,0x00000000d9c12888,0x00000000daf40000)
  from space 4928K, 0% used [0x00000000db410000,0x00000000db410000,0x00000000db8e0000)
  to   space 4928K, 0% used [0x00000000daf40000,0x00000000daf40000,0x00000000db410000)
 PSOldGen        total 79616K, used 0K [0x000000008b600000, 0x00000000903c0000, 0x00000000d9200000)
  object space 79616K, 0% used [0x000000008b600000,0x000000008b600000,0x00000000903c0000)
 PSPermGen       total 21248K, used 11308K [0x0000000081000000, 0x00000000824c0000, 0x000000008b600000)
  object space 21248K, 53% used [0x0000000081000000,0x0000000081b0b060,0x00000000824c0000)

Code Cache  [0x00007fe0f9000000, 0x00007fe0f9270000, 0x00007fe0fc000000)
 total_blobs=538 nmethods=66 adapters=434 free_code_cache=49649408 largest_free_block=11648

Dynamic libraries:
00400000-00409000 r-xp 00000000 08:03 18618890                           /usr/lib/jvm/java-6-openjdk-amd64/jre/bin/java
00608000-00609000 r--p 00008000 08:03 18618890                           /usr/lib/jvm/java-6-openjdk-amd64/jre/bin/java
00609000-0060a000 rw-p 00009000 08:03 18618890                           /usr/lib/jvm/java-6-openjdk-amd64/jre/bin/java
0131a000-0133b000 rw-p 00000000 00:00 0                                  [heap]
81000000-824c0000 rw-p 00000000 00:00 0 
824c0000-8b600000 rw-p 00000000 00:00 0 
8b600000-903c0000 rw-p 00000000 00:00 0 
903c0000-d9200000 rw-p 00000000 00:00 0 
d9200000-db8e0000 rw-p 00000000 00:00 0 
db8e0000-100000000 rw-p 00000000 00:00 0 
7fe094000000-7fe094021000 rw-p 00000000 00:00 0 
7fe094021000-7fe098000000 ---p 00000000 00:00 0 
7fe09c000000-7fe09c021000 rw-p 00000000 00:00 0 
7fe09c021000-7fe0a0000000 ---p 00000000 00:00 0 
7fe0a3eff000-7fe0a3f02000 ---p 00000000 00:00 0 
7fe0a3f02000-7fe0a4000000 rw-p 00000000 00:00 0 
7fe0a4000000-7fe0a4021000 rw-p 00000000 00:00 0 
7fe0a4021000-7fe0a8000000 ---p 00000000 00:00 0 
7fe0a8000000-7fe0a8021000 rw-p 00000000 00:00 0 
7fe0a8021000-7fe0ac000000 ---p 00000000 00:00 0 
7fe0ac000000-7fe0ac021000 rw-p 00000000 00:00 0 
7fe0ac021000-7fe0b0000000 ---p 00000000 00:00 0 
7fe0b0000000-7fe0b0021000 rw-p 00000000 00:00 0 
7fe0b0021000-7fe0b4000000 ---p 00000000 00:00 0 
7fe0b4000000-7fe0b4191000 rw-p 00000000 00:00 0 
7fe0b4191000-7fe0b8000000 ---p 00000000 00:00 0 
7fe0b8000000-7fe0b8021000 rw-p 00000000 00:00 0 
7fe0b8021000-7fe0bc000000 ---p 00000000 00:00 0 
7fe0bc000000-7fe0bc021000 rw-p 00000000 00:00 0 
7fe0bc021000-7fe0c0000000 ---p 00000000 00:00 0 
7fe0c0000000-7fe0c02c7000 rw-p 00000000 00:00 0 
7fe0c02c7000-7fe0c4000000 ---p 00000000 00:00 0 
7fe0c4000000-7fe0c4021000 rw-p 00000000 00:00 0 
7fe0c4021000-7fe0c8000000 ---p 00000000 00:00 0 
7fe0c8000000-7fe0c8021000 rw-p 00000000 00:00 0 
7fe0c8021000-7fe0cc000000 ---p 00000000 00:00 0 
7fe0cc000000-7fe0cc021000 rw-p 00000000 00:00 0 
7fe0cc021000-7fe0d0000000 ---p 00000000 00:00 0 
7fe0d0000000-7fe0d0021000 rw-p 00000000 00:00 0 
7fe0d0021000-7fe0d4000000 ---p 00000000 00:00 0 
7fe0d4000000-7fe0d4021000 rw-p 00000000 00:00 0 
7fe0d4021000-7fe0d8000000 ---p 00000000 00:00 0 
7fe0d8000000-7fe0d8021000 rw-p 00000000 00:00 0 
7fe0d8021000-7fe0dc000000 ---p 00000000 00:00 0 
7fe0dc000000-7fe0dc021000 rw-p 00000000 00:00 0 
7fe0dc021000-7fe0e0000000 ---p 00000000 00:00 0 
7fe0e0000000-7fe0e0021000 rw-p 00000000 00:00 0 
7fe0e0021000-7fe0e4000000 ---p 00000000 00:00 0 
7fe0e4000000-7fe0e4021000 rw-p 00000000 00:00 0 
7fe0e4021000-7fe0e8000000 ---p 00000000 00:00 0 
7fe0e9830000-7fe0e9833000 ---p 00000000 00:00 0 
7fe0e9833000-7fe0e9931000 rw-p 00000000 00:00 0 
7fe0e9931000-7fe0e9b31000 rw-s eb761000 00:05 10225                      /dev/ati/card0
7fe0e9b31000-7fe0e9b34000 ---p 00000000 00:00 0 
7fe0e9b34000-7fe0e9c32000 rw-p 00000000 00:00 0 
7fe0e9c32000-7fe0e9d32000 rw-s 3f50a000 00:05 10225                      /dev/ati/card0
7fe0e9d32000-7fe0ebc8c000 r-xp 00000000 08:03 19009510                   /usr/lib/fglrx/dri/fglrx_dri.so
7fe0ebc8c000-7fe0ebd8c000 ---p 01f5a000 08:03 19009510                   /usr/lib/fglrx/dri/fglrx_dri.so
7fe0ebd8c000-7fe0ebeda000 rwxp 01f5a000 08:03 19009510                   /usr/lib/fglrx/dri/fglrx_dri.so
7fe0ebeda000-7fe0ec000000 rwxp 00000000 00:00 0 
7fe0ec000000-7fe0ec021000 rw-p 00000000 00:00 0 
7fe0ec021000-7fe0f0000000 ---p 00000000 00:00 0 
7fe0f0000000-7fe0f0100000 rw-s 3f506000 00:05 10225                      /dev/ati/card0
7fe0f0100000-7fe0f0705000 rw-p 00000000 00:00 0 
7fe0f0705000-7fe0f0708000 r-xp 00000000 08:03 15602613                   /home/arwilczek90/workspace/Elements/lib/slick/libjinput-linux64.so
7fe0f0708000-7fe0f0807000 ---p 00003000 08:03 15602613                   /home/arwilczek90/workspace/Elements/lib/slick/libjinput-linux64.so
7fe0f0807000-7fe0f0808000 rw-p 00002000 08:03 15602613                   /home/arwilczek90/workspace/Elements/lib/slick/libjinput-linux64.so
7fe0f0808000-7fe0f080b000 ---p 00000000 00:00 0 
7fe0f080b000-7fe0f0909000 rw-p 00000000 00:00 0 
7fe0f0909000-7fe0f0949000 rw-s 0002a000 00:05 10225                      /dev/ati/card0
7fe0f0949000-7fe0f1049000 rw-s 00006000 00:05 10225                      /dev/ati/card0
7fe0f1049000-7fe0f104b000 r-xp 00000000 08:03 18488267                   /usr/lib/x86_64-linux-gnu/libXinerama.so.1.0.0
7fe0f104b000-7fe0f124a000 ---p 00002000 08:03 18488267                   /usr/lib/x86_64-linux-gnu/libXinerama.so.1.0.0
7fe0f124a000-7fe0f124b000 r--p 00001000 08:03 18488267                   /usr/lib/x86_64-linux-gnu/libXinerama.so.1.0.0
7fe0f124b000-7fe0f124c000 rw-p 00002000 08:03 18488267                   /usr/lib/x86_64-linux-gnu/libXinerama.so.1.0.0
7fe0f124c000-7fe0f1287000 r-xp 00000000 08:03 19009508                   /usr/lib/fglrx/libatiadlxx.so
7fe0f1287000-7fe0f1387000 ---p 0003b000 08:03 19009508                   /usr/lib/fglrx/libatiadlxx.so
7fe0f1387000-7fe0f1390000 rw-p 0003b000 08:03 19009508                   /usr/lib/fglrx/libatiadlxx.so
7fe0f1390000-7fe0f13a1000 rw-p 00000000 00:00 0 
7fe0f13ae000-7fe0f13b0000 r--s 00015000 08:03 15598514                   /home/arwilczek90/workspace/Elements/lib/slick/lib/tinylinepp.jar
7fe0f13b0000-7fe0f13b3000 r--s 00015000 08:03 15598512                   /home/arwilczek90/workspace/Elements/lib/slick/lib/slick-util.jar
7fe0f13b3000-7fe0f13bb000 r--s 00067000 08:03 15598510                   /home/arwilczek90/workspace/Elements/lib/slick/lib/slick-sources.jar
7fe0f13bb000-7fe0f13fb000 rw-s f0300000 00:05 10225                      /dev/ati/card0
7fe0f13fb000-7fe0f1402000 r-xp 00000000 08:03 19009532                   /usr/lib/fglrx/libatiuki.so.1.0
7fe0f1402000-7fe0f1502000 ---p 00007000 08:03 19009532                   /usr/lib/fglrx/libatiuki.so.1.0
7fe0f1502000-7fe0f1503000 rw-p 00007000 08:03 19009532                   /usr/lib/fglrx/libatiuki.so.1.0
7fe0f1503000-7fe0f1504000 rw-p 00000000 00:00 0 
7fe0f1504000-7fe0f15c7000 r-xp 00000000 08:03 19009512                   /usr/lib/fglrx/libGL.so.1.2
7fe0f15c7000-7fe0f16c6000 ---p 000c3000 08:03 19009512                   /usr/lib/fglrx/libGL.so.1.2
7fe0f16c6000-7fe0f16ed000 rwxp 000c2000 08:03 19009512                   /usr/lib/fglrx/libGL.so.1.2
7fe0f16ed000-7fe0f170d000 rwxp 00000000 00:00 0 
7fe0f170d000-7fe0f170e000 r-xp 00000000 08:03 18618886                   /usr/lib/jvm/java-6-openjdk-amd64/jre/lib/amd64/libjawt.so
7fe0f170e000-7fe0f190d000 ---p 00001000 08:03 18618886                   /usr/lib/jvm/java-6-openjdk-amd64/jre/lib/amd64/libjawt.so
7fe0f190d000-7fe0f190e000 r--p 00000000 08:03 18618886                   /usr/lib/jvm/java-6-openjdk-amd64/jre/lib/amd64/libjawt.so
7fe0f190e000-7fe0f190f000 rw-p 00001000 08:03 18618886                   /usr/lib/jvm/java-6-openjdk-amd64/jre/lib/amd64/libjawt.so
7fe0f190f000-7fe0f1913000 r-xp 00000000 08:03 18488287                   /usr/lib/x86_64-linux-gnu/libXxf86vm.so.1.0.0
7fe0f1913000-7fe0f1b12000 ---p 00004000 08:03 18488287                   /usr/lib/x86_64-linux-gnu/libXxf86vm.so.1.0.0
7fe0f1b12000-7fe0f1b13000 r--p 00003000 08:03 18488287                   /usr/lib/x86_64-linux-gnu/libXxf86vm.so.1.0.0
7fe0f1b13000-7fe0f1b14000 rw-p 00004000 08:03 18488287                   /usr/lib/x86_64-linux-gnu/libXxf86vm.so.1.0.0
7fe0f1b14000-7fe0f1b1c000 r-xp 00000000 08:03 18488277                   /usr/lib/x86_64-linux-gnu/libXrandr.so.2.2.0
7fe0f1b1c000-7fe0f1d1b000 ---p 00008000 08:03 18488277                   /usr/lib/x86_64-linux-gnu/libXrandr.so.2.2.0
7fe0f1d1b000-7fe0f1d1c000 r--p 00007000 08:03 18488277                   /usr/lib/x86_64-linux-gnu/libXrandr.so.2.2.0
7fe0f1d1c000-7fe0f1d1d000 rw-p 00008000 08:03 18488277                   /usr/lib/x86_64-linux-gnu/libXrandr.so.2.2.0
7fe0f1d1d000-7fe0f1d5d000 r-xp 00000000 08:03 15602617                   /home/arwilczek90/workspace/Elements/lib/slick/liblwjgl64.so
7fe0f1d5d000-7fe0f1e5d000 ---p 00040000 08:03 15602617                   /home/arwilczek90/workspace/Elements/lib/slick/liblwjgl64.so
7fe0f1e5d000-7fe0f1e5f000 rw-p 00040000 08:03 15602617                   /home/arwilczek90/workspace/Elements/lib/slick/liblwjgl64.so
7fe0f1e5f000-7fe0f1e62000 ---p 00000000 00:00 0 
7fe0f1e62000-7fe0f1f60000 rw-p 00000000 00:00 0 
7fe0f1f60000-7fe0f1f65000 r-xp 00000000 08:03 18488261                   /usr/lib/x86_64-linux-gnu/libXfixes.so.3.1.0
7fe0f1f65000-7fe0f2164000 ---p 00005000 08:03 18488261                   /usr/lib/x86_64-linux-gnu/libXfixes.so.3.1.0
7fe0f2164000-7fe0f2165000 r--p 00004000 08:03 18488261                   /usr/lib/x86_64-linux-gnu/libXfixes.so.3.1.0
7fe0f2165000-7fe0f2166000 rw-p 00005000 08:03 18488261                   /usr/lib/x86_64-linux-gnu/libXfixes.so.3.1.0
7fe0f2166000-7fe0f216f000 r-xp 00000000 08:03 18488253                   /usr/lib/x86_64-linux-gnu/libXcursor.so.1.0.2
7fe0f216f000-7fe0f236e000 ---p 00009000 08:03 18488253                   /usr/lib/x86_64-linux-gnu/libXcursor.so.1.0.2
7fe0f236e000-7fe0f236f000 r--p 00008000 08:03 18488253                   /usr/lib/x86_64-linux-gnu/libXcursor.so.1.0.2
7fe0f236f000-7fe0f2370000 rw-p 00009000 08:03 18488253                   /usr/lib/x86_64-linux-gnu/libXcursor.so.1.0.2
7fe0f2370000-7fe0f2373000 ---p 00000000 00:00 0 
7fe0f2373000-7fe0f2471000 rw-p 00000000 00:00 0 
7fe0f2471000-7fe0f2507000 r-xp 00000000 08:03 18488439                   /usr/lib/x86_64-linux-gnu/libfreetype.so.6.8.0
7fe0f2507000-7fe0f2706000 ---p 00096000 08:03 18488439                   /usr/lib/x86_64-linux-gnu/libfreetype.so.6.8.0
7fe0f2706000-7fe0f270c000 r--p 00095000 08:03 18488439                   /usr/lib/x86_64-linux-gnu/libfreetype.so.6.8.0
7fe0f270c000-7fe0f270d000 rw-p 0009b000 08:03 18488439                   /usr/lib/x86_64-linux-gnu/libfreetype.so.6.8.0
7fe0f270d000-7fe0f2747000 r-xp 00000000 08:03 18618871                   /usr/lib/jvm/java-6-openjdk-amd64/jre/lib/amd64/libfontmanager.so
7fe0f2747000-7fe0f2946000 ---p 0003a000 08:03 18618871                   /usr/lib/jvm/java-6-openjdk-amd64/jre/lib/amd64/libfontmanager.so
7fe0f2946000-7fe0f2948000 r--p 00039000 08:03 18618871                   /usr/lib/jvm/java-6-openjdk-amd64/jre/lib/amd64/libfontmanager.so
7fe0f2948000-7fe0f2949000 rw-p 0003b000 08:03 18618871                   /usr/lib/jvm/java-6-openjdk-amd64/jre/lib/amd64/libfontmanager.so
7fe0f2949000-7fe0f294e000 r-xp 00000000 08:03 18488257                   /usr/lib/x86_64-linux-gnu/libXdmcp.so.6.0.0
7fe0f294e000-7fe0f2b4d000 ---p 00005000 08:03 18488257                   /usr/lib/x86_64-linux-gnu/libXdmcp.so.6.0.0
7fe0f2b4d000-7fe0f2b4e000 r--p 00004000 08:03 18488257                   /usr/lib/x86_64-linux-gnu/libXdmcp.so.6.0.0
7fe0f2b4e000-7fe0f2b4f000 rw-p 00005000 08:03 18488257                   /usr/lib/x86_64-linux-gnu/libXdmcp.so.6.0.0
7fe0f2b4f000-7fe0f2b51000 r-xp 00000000 08:03 18488246                   /usr/lib/x86_64-linux-gnu/libXau.so.6.0.0
7fe0f2b51000-7fe0f2d50000 ---p 00002000 08:03 18488246                   /usr/lib/x86_64-linux-gnu/libXau.so.6.0.0
7fe0f2d50000-7fe0f2d51000 r--p 00001000 08:03 18488246                   /usr/lib/x86_64-linux-gnu/libXau.so.6.0.0
7fe0f2d51000-7fe0f2d52000 rw-p 00002000 08:03 18488246                   /usr/lib/x86_64-linux-gnu/libXau.so.6.0.0
7fe0f2d52000-7fe0f2d6f000 r-xp 00000000 08:03 18488845                   /usr/lib/x86_64-linux-gnu/libxcb.so.1.1.0
7fe0f2d6f000-7fe0f2f6e000 ---p 0001d000 08:03 18488845                   /usr/lib/x86_64-linux-gnu/libxcb.so.1.1.0
7fe0f2f6e000-7fe0f2f6f000 r--p 0001c000 08:03 18488845                   /usr/lib/x86_64-linux-gnu/libxcb.so.1.1.0
7fe0f2f6f000-7fe0f2f70000 rw-p 0001d000 08:03 18488845                   /usr/lib/x86_64-linux-gnu/libxcb.so.1.1.0
7fe0f2f70000-7fe0f2f7e000 r-xp 00000000 08:03 18488265                   /usr/lib/x86_64-linux-gnu/libXi.so.6.1.0
7fe0f2f7e000-7fe0f317d000 ---p 0000e000 08:03 18488265                   /usr/lib/x86_64-linux-gnu/libXi.so.6.1.0
7fe0f317d000-7fe0f317e000 r--p 0000d000 08:03 18488265                   /usr/lib/x86_64-linux-gnu/libXi.so.6.1.0
7fe0f317e000-7fe0f317f000 rw-p 0000e000 08:03 18488265                   /usr/lib/x86_64-linux-gnu/libXi.so.6.1.0
7fe0f317f000-7fe0f3184000 r-xp 00000000 08:03 18488283                   /usr/lib/x86_64-linux-gnu/libXtst.so.6.1.0
7fe0f3184000-7fe0f3383000 ---p 00005000 08:03 18488283                   /usr/lib/x86_64-linux-gnu/libXtst.so.6.1.0
7fe0f3383000-7fe0f3384000 r--p 00004000 08:03 18488283                   /usr/lib/x86_64-linux-gnu/libXtst.so.6.1.0
7fe0f3384000-7fe0f3385000 rw-p 00005000 08:03 18488283                   /usr/lib/x86_64-linux-gnu/libXtst.so.6.1.0
7fe0f3385000-7fe0f338e000 r-xp 00000000 08:03 18488279                   /usr/lib/x86_64-linux-gnu/libXrender.so.1.3.0
7fe0f338e000-7fe0f358d000 ---p 00009000 08:03 18488279                   /usr/lib/x86_64-linux-gnu/libXrender.so.1.3.0
7fe0f358d000-7fe0f358e000 r--p 00008000 08:03 18488279                   /usr/lib/x86_64-linux-gnu/libXrender.so.1.3.0
7fe0f358e000-7fe0f358f000 rw-p 00009000 08:03 18488279                   /usr/lib/x86_64-linux-gnu/libXrender.so.1.3.0
7fe0f358f000-7fe0f36be000 r-xp 00000000 08:03 18488244                   /usr/lib/x86_64-linux-gnu/libX11.so.6.3.0
7fe0f36be000-7fe0f38be000 ---p 0012f000 08:03 18488244                   /usr/lib/x86_64-linux-gnu/libX11.so.6.3.0
7fe0f38be000-7fe0f38bf000 r--p 0012f000 08:03 18488244                   /usr/lib/x86_64-linux-gnu/libX11.so.6.3.0
7fe0f38bf000-7fe0f38c3000 rw-p 00130000 08:03 18488244                   /usr/lib/x86_64-linux-gnu/libX11.so.6.3.0
7fe0f38c3000-7fe0f38d3000 r-xp 00000000 08:03 18488259                   /usr/lib/x86_64-linux-gnu/libXext.so.6.4.0
7fe0f38d3000-7fe0f3ad2000 ---p 00010000 08:03 18488259                   /usr/lib/x86_64-linux-gnu/libXext.so.6.4.0
7fe0f3ad2000-7fe0f3ad3000 r--p 0000f000 08:03 18488259                   /usr/lib/x86_64-linux-gnu/libXext.so.6.4.0
7fe0f3ad3000-7fe0f3ad4000 rw-p 00010000 08:03 18488259                   /usr/lib/x86_64-linux-gnu/libXext.so.6.4.0
7fe0f3ad4000-7fe0f3b1f000 r-xp 00000000 08:03 18618972                   /usr/lib/jvm/java-6-openjdk-amd64/jre/lib/amd64/xawt/libmawt.so
7fe0f3b1f000-7fe0f3d1f000 ---p 0004b000 08:03 18618972                   /usr/lib/jvm/java-6-openjdk-amd64/jre/lib/amd64/xawt/libmawt.so
7fe0f3d1f000-7fe0f3d20000 r--p 0004b000 08:03 18618972                   /usr/lib/jvm/java-6-openjdk-amd64/jre/lib/amd64/xawt/libmawt.so
7fe0f3d20000-7fe0f3d23000 rw-p 0004c000 08:03 18618972                   /usr/lib/jvm/java-6-openjdk-amd64/jre/lib/amd64/xawt/libmawt.so
7fe0f3d23000-7fe0f3d24000 rw-p 00000000 00:00 0 
7fe0f3d24000-7fe0f3dd0000 r-xp 00000000 08:03 18618874                   /usr/lib/jvm/java-6-openjdk-amd64/jre/lib/amd64/libawt.so
7fe0f3dd0000-7fe0f3fcf000 ---p 000ac000 08:03 18618874                   /usr/lib/jvm/java-6-openjdk-amd64/jre/lib/amd64/libawt.so
7fe0f3fcf000-7fe0f3fd0000 r--p 000ab000 08:03 18618874                   /usr/lib/jvm/java-6-openjdk-amd64/jre/lib/amd64/libawt.so
7fe0f3fd0000-7fe0f3fdb000 rw-p 000ac000 08:03 18618874                   /usr/lib/jvm/java-6-openjdk-amd64/jre/lib/amd64/libawt.so
7fe0f3fdb000-7fe0f4000000 rw-p 00000000 00:00 0 
7fe0f4000000-7fe0f4021000 rw-p 00000000 00:00 0 
7fe0f4021000-7fe0f8000000 ---p 00000000 00:00 0 
7fe0f8000000-7fe0f8001000 r--s 00000000 08:03 15598509                   /home/arwilczek90/workspace/Elements/lib/slick/lib/slick-examples.jar
7fe0f8001000-7fe0f8002000 r--s 00003000 08:03 15598508                   /home/arwilczek90/workspace/Elements/lib/slick/lib/scalar.jar
7fe0f8002000-7fe0f8005000 r--s 00017000 08:03 15598507                   /home/arwilczek90/workspace/Elements/lib/slick/lib/pedigree.jar
7fe0f8005000-7fe0f8010000 r--s 00093000 08:03 15598513                   /home/arwilczek90/workspace/Elements/lib/slick/lib/slick.jar
7fe0f8010000-7fe0f8012000 r--s 00004000 08:03 15598506                   /home/arwilczek90/workspace/Elements/lib/slick/lib/packulike.jar
7fe0f8012000-7fe0f8013000 r--s 00043000 08:03 15598505                   /home/arwilczek90/workspace/Elements/lib/slick/lib/natives-win32.jar
7fe0f8013000-7fe0f8015000 r--s 00033000 08:03 15598504                   /home/arwilczek90/workspace/Elements/lib/slick/lib/natives-mac.jar
7fe0f8015000-7fe0f8016000 r--s 0003d000 08:03 15598503                   /home/arwilczek90/workspace/Elements/lib/slick/lib/natives-linux.jar
7fe0f8016000-7fe0f801d000 r--s 00073000 08:03 15598502                   /home/arwilczek90/workspace/Elements/lib/slick/lib/lwjgl.jar
7fe0f801d000-7fe0f801f000 r--s 0000d000 08:03 15598501                   /home/arwilczek90/workspace/Elements/lib/slick/lib/jorbis-0.0.15.jar
7fe0f801f000-7fe0f8020000 r--s 00001000 08:03 15598500                   /home/arwilczek90/workspace/Elements/lib/slick/lib/jogg-0.0.7.jar
7fe0f8020000-7fe0f8021000 r--s 00001000 08:03 15598499                   /home/arwilczek90/workspace/Elements/lib/slick/lib/jnlp.jar
7fe0f8021000-7fe0f8026000 r--s 0002f000 08:03 15598498                   /home/arwilczek90/workspace/Elements/lib/slick/lib/jinput.jar
7fe0f8026000-7fe0f8028000 r--s 00008000 08:03 15598497                   /home/arwilczek90/workspace/Elements/lib/slick/lib/ibxm.jar
7fe0f8028000-7fe0f802b000 r--s 0005b000 08:03 15598496                   /home/arwilczek90/workspace/Elements/lib/slick/lib/hiero.jar
7fe0f802b000-7fe0f802d000 rw-s 00002000 00:05 10225                      /dev/ati/card0
7fe0f802d000-7fe0f8038000 r--s 00093000 08:03 15597692                   /home/arwilczek90/workspace/Elements/lib/slick.jar
7fe0f8038000-7fe0f803f000 r--s 000fb000 08:03 18618812                   /usr/lib/jvm/java-6-openjdk-common/jre/lib/resources.jar
7fe0f803f000-7fe0f8040000 r--s 00000000 08:03 19927127                   /var/cache/fontconfig/c05880de57d1f5e948fdfacc138775d9-le64.cache-3
7fe0f8040000-7fe0f8049000 r--s 00000000 08:03 19927122                   /var/cache/fontconfig/945677eb7aeaf62f1d50efc3fb3ec7d8-le64.cache-3
7fe0f8049000-7fe0f804b000 r--s 00000000 08:03 19927123                   /var/cache/fontconfig/99e8ed0e538f840c565b6ed5dad60d56-le64.cache-3
7fe0f804b000-7fe0f804f000 r--s 00000000 08:03 19927109                   /var/cache/fontconfig/2cd17615ca594fa2959ae173292e504c-le64.cache-3
7fe0f804f000-7fe0f8050000 r--s 00000000 08:03 19927134                   /var/cache/fontconfig/e7071f4a29fa870f4323321c154eba04-le64.cache-3
7fe0f8050000-7fe0f8051000 r--s 00000000 08:03 19927107                   /var/cache/fontconfig/0d8c3b2ac0904cb8a57a757ad11a4a08-le64.cache-3
7fe0f8051000-7fe0f8057000 r--s 00000000 08:03 19927124                   /var/cache/fontconfig/a755afe4a08bf5b97852ceb7400b47bc-le64.cache-3
7fe0f8057000-7fe0f8060000 r--s 00000000 08:03 19927460                   /var/cache/fontconfig/6d41288fd70b0be22e8c3a91e032eec0-le64.cache-3
7fe0f8060000-7fe0f8070000 r--s 00000000 08:03 19927106                   /var/cache/fontconfig/04aabc0a78ac019cf9454389977116d2-le64.cache-3
7fe0f8070000-7fe0f8073000 r--s 00000000 08:03 19927112                   /var/cache/fontconfig/385c0604a188198f04d133e54aba7fe7-le64.cache-3
7fe0f8073000-7fe0f8074000 r--s 00000000 08:03 19927113                   /var/cache/fontconfig/4794a0821666d79190d59a36cb4f44b5-le64.cache-3
7fe0f8074000-7fe0f8077000 r--s 00000000 08:03 19927121                   /var/cache/fontconfig/8801497958630a81b71ace7c5f9b32a8-le64.cache-3
7fe0f8077000-7fe0f80a5000 r--s 00000000 08:03 19927454                   /var/cache/fontconfig/365b55f210c0a22e9a19e35191240f32-le64.cache-3
7fe0f80a5000-7fe0f80aa000 r--s 00000000 08:03 19927110                   /var/cache/fontconfig/3047814df9a2f067bd2d96a2b9c36e5a-le64.cache-3
7fe0f80aa000-7fe0f80ab000 r--s 00000000 08:03 19927115                   /var/cache/fontconfig/56cf4f4769d0f4abc89a4895d7bd3ae1-le64.cache-3
7fe0f80ab000-7fe0f80ac000 r--s 00000000 08:03 19927126                   /var/cache/fontconfig/b9d506c9ac06c20b433354fa67a72993-le64.cache-3
7fe0f80ac000-7fe0f80b1000 r--s 00000000 08:03 19927125                   /var/cache/fontconfig/b47c4e1ecd0709278f4910c18777a504-le64.cache-3
7fe0f80b1000-7fe0f80c1000 r--s 00000000 08:03 19927130                   /var/cache/fontconfig/d52a8644073d54c13679302ca1180695-le64.cache-3
7fe0f80c1000-7fe0f80c4000 r--s 00000000 08:03 19927196                   /var/cache/fontconfig/e13b20fdb08344e0e664864cc2ede53d-le64.cache-3
7fe0f80c4000-7fe0f80c8000 r--s 00000000 08:03 19927452                   /var/cache/fontconfig/7ef2298fde41cc6eeb7af42e48b7d293-le64.cache-3
7fe0f80c8000-7fe0f80c9000 r--s 00000000 08:03 19927127                   /var/cache/fontconfig/c05880de57d1f5e948fdfacc138775d9-le64.cache-3
7fe0f80c9000-7fe0f80d2000 r--s 00000000 08:03 19927122                   /var/cache/fontconfig/945677eb7aeaf62f1d50efc3fb3ec7d8-le64.cache-3
7fe0f80d2000-7fe0f80d4000 r--s 00000000 08:03 19927123                   /var/cache/fontconfig/99e8ed0e538f840c565b6ed5dad60d56-le64.cache-3
7fe0f80d4000-7fe0f80d8000 r--s 00000000 08:03 19927109                   /var/cache/fontconfig/2cd17615ca594fa2959ae173292e504c-le64.cache-3
7fe0f80d8000-7fe0f80de000 r--s 00000000 08:03 19927124                   /var/cache/fontconfig/a755afe4a08bf5b97852ceb7400b47bc-le64.cache-3
7fe0f80de000-7fe0f80ee000 r--s 00000000 08:03 19927106                   /var/cache/fontconfig/04aabc0a78ac019cf9454389977116d2-le64.cache-3
7fe0f80ee000-7fe0f80ef000 ---p 00000000 00:00 0 
7fe0f80ef000-7fe0f81ef000 rw-p 00000000 00:00 0 
7fe0f81ef000-7fe0f81f2000 ---p 00000000 00:00 0 
7fe0f81f2000-7fe0f82f0000 rw-p 00000000 00:00 0 
7fe0f82f0000-7fe0f82f3000 ---p 00000000 00:00 0 
7fe0f82f3000-7fe0f83f1000 rw-p 00000000 00:00 0 
7fe0f83f1000-7fe0f83f4000 ---p 00000000 00:00 0 
7fe0f83f4000-7fe0f84f2000 rw-p 00000000 00:00 0 
7fe0f84f2000-7fe0f84f5000 ---p 00000000 00:00 0 
7fe0f84f5000-7fe0f85f3000 rw-p 00000000 00:00 0 
7fe0f85f3000-7fe0f85f6000 ---p 00000000 00:00 0 
7fe0f85f6000-7fe0f86f4000 rw-p 00000000 00:00 0 
7fe0f86f4000-7fe0f86f7000 ---p 00000000 00:00 0 
7fe0f86f7000-7fe0f87f5000 rw-p 00000000 00:00 0 
7fe0f87f5000-7fe0f87f9000 r-xp 00000000 08:03 18618885                   /usr/lib/jvm/java-6-openjdk-amd64/jre/lib/amd64/libdt_socket.so
7fe0f87f9000-7fe0f89f8000 ---p 00004000 08:03 18618885                   /usr/lib/jvm/java-6-openjdk-amd64/jre/lib/amd64/libdt_socket.so
7fe0f89f8000-7fe0f89f9000 r--p 00003000 08:03 18618885                   /usr/lib/jvm/java-6-openjdk-amd64/jre/lib/amd64/libdt_socket.so
7fe0f89f9000-7fe0f89fa000 rw-p 00004000 08:03 18618885                   /usr/lib/jvm/java-6-openjdk-amd64/jre/lib/amd64/libdt_socket.so
7fe0f89fa000-7fe0f89fd000 ---p 00000000 00:00 0 
7fe0f89fd000-7fe0f8afb000 rw-p 00000000 00:00 0 
7fe0f8afb000-7fe0f8afe000 ---p 00000000 00:00 0 
7fe0f8afe000-7fe0f8bfc000 rw-p 00000000 00:00 0 
7fe0f8bfc000-7fe0f8bff000 ---p 00000000 00:00 0 
7fe0f8bff000-7fe0f8cfd000 rw-p 00000000 00:00 0 
7fe0f8cfd000-7fe0f8cfe000 ---p 00000000 00:00 0 
7fe0f8cfe000-7fe0f9000000 rw-p 00000000 00:00 0 
7fe0f9000000-7fe0f9270000 rwxp 00000000 00:00 0 
7fe0f9270000-7fe0fccf5000 rw-p 00000000 00:00 0 
7fe0fccf5000-7fe100000000 ---p 00000000 00:00 0 
7fe100000000-7fe100001000 r--s 00007000 08:03 15597697                   /home/arwilczek90/workspace/Elements/lib/slick/applet/lwjgl_util_applet.jar
7fe100001000-7fe100002000 rw-s 00005000 00:05 10225                      /dev/ati/card0
7fe100002000-7fe10000b000 r--s 00000000 08:03 19927460                   /var/cache/fontconfig/6d41288fd70b0be22e8c3a91e032eec0-le64.cache-3
7fe10000b000-7fe10000e000 r--s 00000000 08:03 19927112                   /var/cache/fontconfig/385c0604a188198f04d133e54aba7fe7-le64.cache-3
7fe10000e000-7fe10000f000 r--s 00000000 08:03 19927113                   /var/cache/fontconfig/4794a0821666d79190d59a36cb4f44b5-le64.cache-3
7fe10000f000-7fe100012000 r--s 00000000 08:03 19927121                   /var/cache/fontconfig/8801497958630a81b71ace7c5f9b32a8-le64.cache-3
7fe100012000-7fe100040000 r--s 00000000 08:03 19927454                   /var/cache/fontconfig/365b55f210c0a22e9a19e35191240f32-le64.cache-3
7fe100040000-7fe100050000 r--s 00000000 08:03 19927130                   /var/cache/fontconfig/d52a8644073d54c13679302ca1180695-le64.cache-3
7fe100050000-7fe100386000 rw-p 00000000 00:00 0 
7fe100386000-7fe100518000 r--s 037bf000 08:03 18618843                   /usr/lib/jvm/java-6-openjdk-amd64/jre/lib/rt.jar
7fe100518000-7fe100540000 rw-p 00000000 00:00 0 
7fe100540000-7fe100541000 ---p 00000000 00:00 0 
7fe100541000-7fe100641000 rw-p 00000000 00:00 0 
7fe100641000-7fe100642000 ---p 00000000 00:00 0 
7fe100642000-7fe100742000 rw-p 00000000 00:00 0 
7fe100742000-7fe100743000 ---p 00000000 00:00 0 
7fe100743000-7fe100843000 rw-p 00000000 00:00 0 
7fe100843000-7fe100844000 ---p 00000000 00:00 0 
7fe100844000-7fe10094f000 rw-p 00000000 00:00 0 
7fe10094f000-7fe100997000 rw-p 00000000 00:00 0 
7fe100997000-7fe1009be000 rw-p 00000000 00:00 0 
7fe1009be000-7fe100c05000 rw-p 00000000 00:00 0 
7fe100c05000-7fe100c10000 rw-p 00000000 00:00 0 
7fe100c10000-7fe100c58000 rw-p 00000000 00:00 0 
7fe100c58000-7fe100c7f000 rw-p 00000000 00:00 0 
7fe100c7f000-7fe100ec6000 rw-p 00000000 00:00 0 
7fe100ec6000-7fe100eda000 rw-p 00000000 00:00 0 
7fe100eda000-7fe100ffd000 rw-p 00000000 00:00 0 
7fe100ffd000-7fe100ffe000 rw-p 00000000 00:00 0 
7fe100ffe000-7fe101005000 r-xp 00000000 08:03 18618888                   /usr/lib/jvm/java-6-openjdk-amd64/jre/lib/amd64/libzip.so
7fe101005000-7fe101204000 ---p 00007000 08:03 18618888                   /usr/lib/jvm/java-6-openjdk-amd64/jre/lib/amd64/libzip.so
7fe101204000-7fe101205000 r--p 00006000 08:03 18618888                   /usr/lib/jvm/java-6-openjdk-amd64/jre/lib/amd64/libzip.so
7fe101205000-7fe101206000 rw-p 00007000 08:03 18618888                   /usr/lib/jvm/java-6-openjdk-amd64/jre/lib/amd64/libzip.so
7fe101206000-7fe101212000 r-xp 00000000 08:03 21758081                   /lib/x86_64-linux-gnu/libnss_files-2.15.so
7fe101212000-7fe101411000 ---p 0000c000 08:03 21758081                   /lib/x86_64-linux-gnu/libnss_files-2.15.so
7fe101411000-7fe101412000 r--p 0000b000 08:03 21758081                   /lib/x86_64-linux-gnu/libnss_files-2.15.so
7fe101412000-7fe101413000 rw-p 0000c000 08:03 21758081                   /lib/x86_64-linux-gnu/libnss_files-2.15.so
7fe101413000-7fe10141d000 r-xp 00000000 08:03 21758077                   /lib/x86_64-linux-gnu/libnss_nis-2.15.so
7fe10141d000-7fe10161d000 ---p 0000a000 08:03 21758077                   /lib/x86_64-linux-gnu/libnss_nis-2.15.so
7fe10161d000-7fe10161e000 r--p 0000a000 08:03 21758077                   /lib/x86_64-linux-gnu/libnss_nis-2.15.so
7fe10161e000-7fe10161f000 rw-p 0000b000 08:03 21758077                   /lib/x86_64-linux-gnu/libnss_nis-2.15.so
7fe10161f000-7fe101636000 r-xp 00000000 08:03 21761730                   /lib/x86_64-linux-gnu/libnsl-2.15.so
7fe101636000-7fe101835000 ---p 00017000 08:03 21761730                   /lib/x86_64-linux-gnu/libnsl-2.15.so
7fe101835000-7fe101836000 r--p 00016000 08:03 21761730                   /lib/x86_64-linux-gnu/libnsl-2.15.so
7fe101836000-7fe101837000 rw-p 00017000 08:03 21761730                   /lib/x86_64-linux-gnu/libnsl-2.15.so
7fe101837000-7fe101839000 rw-p 00000000 00:00 0 
7fe101839000-7fe101841000 r-xp 00000000 08:03 21758082                   /lib/x86_64-linux-gnu/libnss_compat-2.15.so
7fe101841000-7fe101a40000 ---p 00008000 08:03 21758082                   /lib/x86_64-linux-gnu/libnss_compat-2.15.so
7fe101a40000-7fe101a41000 r--p 00007000 08:03 21758082                   /lib/x86_64-linux-gnu/libnss_compat-2.15.so
7fe101a41000-7fe101a42000 rw-p 00008000 08:03 21758082                   /lib/x86_64-linux-gnu/libnss_compat-2.15.so
7fe101a42000-7fe102125000 r--p 00000000 08:03 18487587                   /usr/lib/locale/locale-archive
7fe102125000-7fe102128000 r-xp 00000000 08:03 18618853                   /usr/lib/jvm/java-6-openjdk-amd64/jre/lib/amd64/libnpt.so
7fe102128000-7fe102327000 ---p 00003000 08:03 18618853                   /usr/lib/jvm/java-6-openjdk-amd64/jre/lib/amd64/libnpt.so
7fe102327000-7fe102328000 r--p 00002000 08:03 18618853                   /usr/lib/jvm/java-6-openjdk-amd64/jre/lib/amd64/libnpt.so
7fe102328000-7fe102329000 rw-p 00003000 08:03 18618853                   /usr/lib/jvm/java-6-openjdk-amd64/jre/lib/amd64/libnpt.so
7fe102329000-7fe102363000 r-xp 00000000 08:03 18618861                   /usr/lib/jvm/java-6-openjdk-amd64/jre/lib/amd64/libjdwp.so
7fe102363000-7fe102562000 ---p 0003a000 08:03 18618861                   /usr/lib/jvm/java-6-openjdk-amd64/jre/lib/amd64/libjdwp.so
7fe102562000-7fe102563000 r--p 00039000 08:03 18618861                   /usr/lib/jvm/java-6-openjdk-amd64/jre/lib/amd64/libjdwp.so
7fe102563000-7fe102564000 rw-p 0003a000 08:03 18618861                   /usr/lib/jvm/java-6-openjdk-amd64/jre/lib/amd64/libjdwp.so
7fe102564000-7fe102590000 r-xp 00000000 08:03 18618873                   /usr/lib/jvm/java-6-openjdk-amd64/jre/lib/amd64/libjava.so
7fe102590000-7fe10278f000 ---p 0002c000 08:03 18618873                   /usr/lib/jvm/java-6-openjdk-amd64/jre/lib/amd64/libjava.so
7fe10278f000-7fe102790000 r--p 0002b000 08:03 18618873                   /usr/lib/jvm/java-6-openjdk-amd64/jre/lib/amd64/libjava.so
7fe102790000-7fe102793000 rw-p 0002c000 08:03 18618873                   /usr/lib/jvm/java-6-openjdk-amd64/jre/lib/amd64/libjava.so
7fe102793000-7fe1027a1000 r-xp 00000000 08:03 18618872                   /usr/lib/jvm/java-6-openjdk-amd64/jre/lib/amd64/libverify.so
7fe1027a1000-7fe1029a0000 ---p 0000e000 08:03 18618872                   /usr/lib/jvm/java-6-openjdk-amd64/jre/lib/amd64/libverify.so
7fe1029a0000-7fe1029a2000 r--p 0000d000 08:03 18618872                   /usr/lib/jvm/java-6-openjdk-amd64/jre/lib/amd64/libverify.so
7fe1029a2000-7fe1029a3000 rw-p 0000f000 08:03 18618872                   /usr/lib/jvm/java-6-openjdk-amd64/jre/lib/amd64/libverify.so
7fe1029a3000-7fe1029aa000 r-xp 00000000 08:03 21758075                   /lib/x86_64-linux-gnu/librt-2.15.so
7fe1029aa000-7fe102ba9000 ---p 00007000 08:03 21758075                   /lib/x86_64-linux-gnu/librt-2.15.so
7fe102ba9000-7fe102baa000 r--p 00006000 08:03 21758075                   /lib/x86_64-linux-gnu/librt-2.15.so
7fe102baa000-7fe102bab000 rw-p 00007000 08:03 21758075                   /lib/x86_64-linux-gnu/librt-2.15.so
7fe102bab000-7fe102bc0000 r-xp 00000000 08:03 21761542                   /lib/x86_64-linux-gnu/libgcc_s.so.1
7fe102bc0000-7fe102dbf000 ---p 00015000 08:03 21761542                   /lib/x86_64-linux-gnu/libgcc_s.so.1
7fe102dbf000-7fe102dc0000 r--p 00014000 08:03 21761542                   /lib/x86_64-linux-gnu/libgcc_s.so.1
7fe102dc0000-7fe102dc1000 rw-p 00015000 08:03 21761542                   /lib/x86_64-linux-gnu/libgcc_s.so.1
7fe102dc1000-7fe102eba000 r-xp 00000000 08:03 21758079                   /lib/x86_64-linux-gnu/libm-2.15.so
7fe102eba000-7fe1030b9000 ---p 000f9000 08:03 21758079                   /lib/x86_64-linux-gnu/libm-2.15.so
7fe1030b9000-7fe1030ba000 r--p 000f8000 08:03 21758079                   /lib/x86_64-linux-gnu/libm-2.15.so
7fe1030ba000-7fe1030bb000 rw-p 000f9000 08:03 21758079                   /lib/x86_64-linux-gnu/libm-2.15.so
7fe1030bb000-7fe10319d000 r-xp 00000000 08:03 18488773                   /usr/lib/x86_64-linux-gnu/libstdc++.so.6.0.16
7fe10319d000-7fe10339c000 ---p 000e2000 08:03 18488773                   /usr/lib/x86_64-linux-gnu/libstdc++.so.6.0.16
7fe10339c000-7fe1033a4000 r--p 000e1000 08:03 18488773                   /usr/lib/x86_64-linux-gnu/libstdc++.so.6.0.16
7fe1033a4000-7fe1033a6000 rw-p 000e9000 08:03 18488773                   /usr/lib/x86_64-linux-gnu/libstdc++.so.6.0.16
7fe1033a6000-7fe1033bb000 rw-p 00000000 00:00 0 
7fe1033bb000-7fe103cbf000 r-xp 00000000 08:03 18618878                   /usr/lib/jvm/java-6-openjdk-amd64/jre/lib/amd64/server/libjvm.so
7fe103cbf000-7fe103ebf000 ---p 00904000 08:03 18618878                   /usr/lib/jvm/java-6-openjdk-amd64/jre/lib/amd64/server/libjvm.so
7fe103ebf000-7fe103f3f000 r--p 00904000 08:03 18618878                   /usr/lib/jvm/java-6-openjdk-amd64/jre/lib/amd64/server/libjvm.so
7fe103f3f000-7fe103f5a000 rw-p 00984000 08:03 18618878                   /usr/lib/jvm/java-6-openjdk-amd64/jre/lib/amd64/server/libjvm.so
7fe103f5a000-7fe103f83000 rw-p 00000000 00:00 0 
7fe103f83000-7fe103f99000 r-xp 00000000 08:03 21761632                   /lib/x86_64-linux-gnu/libz.so.1.2.3.4
7fe103f99000-7fe104198000 ---p 00016000 08:03 21761632                   /lib/x86_64-linux-gnu/libz.so.1.2.3.4
7fe104198000-7fe104199000 r--p 00015000 08:03 21761632                   /lib/x86_64-linux-gnu/libz.so.1.2.3.4
7fe104199000-7fe10419a000 rw-p 00016000 08:03 21761632                   /lib/x86_64-linux-gnu/libz.so.1.2.3.4
7fe10419a000-7fe10434f000 r-xp 00000000 08:03 21757975                   /lib/x86_64-linux-gnu/libc-2.15.so
7fe10434f000-7fe10454e000 ---p 001b5000 08:03 21757975                   /lib/x86_64-linux-gnu/libc-2.15.so
7fe10454e000-7fe104552000 r--p 001b4000 08:03 21757975                   /lib/x86_64-linux-gnu/libc-2.15.so
7fe104552000-7fe104554000 rw-p 001b8000 08:03 21757975                   /lib/x86_64-linux-gnu/libc-2.15.so
7fe104554000-7fe104559000 rw-p 00000000 00:00 0 
7fe104559000-7fe10455b000 r-xp 00000000 08:03 21757964                   /lib/x86_64-linux-gnu/libdl-2.15.so
7fe10455b000-7fe10475b000 ---p 00002000 08:03 21757964                   /lib/x86_64-linux-gnu/libdl-2.15.so
7fe10475b000-7fe10475c000 r--p 00002000 08:03 21757964                   /lib/x86_64-linux-gnu/libdl-2.15.so
7fe10475c000-7fe10475d000 rw-p 00003000 08:03 21757964                   /lib/x86_64-linux-gnu/libdl-2.15.so
7fe10475d000-7fe104761000 r-xp 00000000 08:03 18618855                   /usr/lib/jvm/java-6-openjdk-amd64/jre/lib/amd64/jli/libjli.so
7fe104761000-7fe104960000 ---p 00004000 08:03 18618855                   /usr/lib/jvm/java-6-openjdk-amd64/jre/lib/amd64/jli/libjli.so
7fe104960000-7fe104961000 r--p 00003000 08:03 18618855                   /usr/lib/jvm/java-6-openjdk-amd64/jre/lib/amd64/jli/libjli.so
7fe104961000-7fe104962000 rw-p 00004000 08:03 18618855                   /usr/lib/jvm/java-6-openjdk-amd64/jre/lib/amd64/jli/libjli.so
7fe104962000-7fe10497a000 r-xp 00000000 08:03 21758073                   /lib/x86_64-linux-gnu/libpthread-2.15.so
7fe10497a000-7fe104b79000 ---p 00018000 08:03 21758073                   /lib/x86_64-linux-gnu/libpthread-2.15.so
7fe104b79000-7fe104b7a000 r--p 00017000 08:03 21758073                   /lib/x86_64-linux-gnu/libpthread-2.15.so
7fe104b7a000-7fe104b7b000 rw-p 00018000 08:03 21758073                   /lib/x86_64-linux-gnu/libpthread-2.15.so
7fe104b7b000-7fe104b7f000 rw-p 00000000 00:00 0 
7fe104b7f000-7fe104ba1000 r-xp 00000000 08:03 21758085                   /lib/x86_64-linux-gnu/ld-2.15.so
7fe104ba1000-7fe104ba2000 r--s 00000000 08:03 19927134                   /var/cache/fontconfig/e7071f4a29fa870f4323321c154eba04-le64.cache-3
7fe104ba2000-7fe104ba3000 r--s 00000000 08:03 19927107                   /var/cache/fontconfig/0d8c3b2ac0904cb8a57a757ad11a4a08-le64.cache-3
7fe104ba3000-7fe104ba8000 r--s 00000000 08:03 19927110                   /var/cache/fontconfig/3047814df9a2f067bd2d96a2b9c36e5a-le64.cache-3
7fe104ba8000-7fe104ba9000 r--s 00000000 08:03 19927115                   /var/cache/fontconfig/56cf4f4769d0f4abc89a4895d7bd3ae1-le64.cache-3
7fe104ba9000-7fe104bae000 r--s 00000000 08:03 19927125                   /var/cache/fontconfig/b47c4e1ecd0709278f4910c18777a504-le64.cache-3
7fe104bae000-7fe104bb1000 r--s 00000000 08:03 19927196                   /var/cache/fontconfig/e13b20fdb08344e0e664864cc2ede53d-le64.cache-3
7fe104bb1000-7fe104bb5000 r--s 00000000 08:03 19927452                   /var/cache/fontconfig/7ef2298fde41cc6eeb7af42e48b7d293-le64.cache-3
7fe104bb5000-7fe104bb8000 r--s 0007d000 08:03 18618443                   /usr/lib/jvm/java-6-openjdk-common/jre/lib/jsse.jar
7fe104bb8000-7fe104bbf000 r--s 00073000 08:03 15597691                   /home/arwilczek90/workspace/Elements/lib/lwjgl.jar
7fe104bbf000-7fe104bc9000 rw-p 00000000 00:00 0 
7fe104bc9000-7fe104c7f000 rw-p 00000000 00:00 0 
7fe104c7f000-7fe104c82000 ---p 00000000 00:00 0 
7fe104c82000-7fe104d85000 rw-p 00000000 00:00 0 
7fe104d85000-7fe104d86000 r--s 00000000 08:03 19927126                   /var/cache/fontconfig/b9d506c9ac06c20b433354fa67a72993-le64.cache-3
7fe104d86000-7fe104d88000 r--s 0000f000 08:03 18618803                   /usr/lib/jvm/java-6-openjdk-common/jre/lib/ext/pulse-java.jar
7fe104d88000-7fe104d8b000 r--s 00077000 08:03 18618797                   /usr/lib/jvm/java-6-openjdk-common/jre/lib/ext/localedata.jar
7fe104d8b000-7fe104d8c000 r--s 00007000 08:03 18748229                   /usr/share/java/java-atk-wrapper.jar
7fe104d8c000-7fe104d8e000 r--s 00001000 08:03 18618801                   /usr/lib/jvm/java-6-openjdk-common/jre/lib/ext/dnsns.jar
7fe104d8e000-7fe104d92000 r--s 00038000 08:03 18618795                   /usr/lib/jvm/java-6-openjdk-common/jre/lib/ext/sunpkcs11.jar
7fe104d92000-7fe104d95000 r--s 00031000 08:03 18618799                   /usr/lib/jvm/java-6-openjdk-common/jre/lib/ext/sunjce_provider.jar
7fe104d95000-7fe104d9d000 rw-s 00000000 08:03 8126541                    /tmp/hsperfdata_arwilczek90/19071
7fe104d9d000-7fe104d9e000 rw-p 00000000 00:00 0 
7fe104d9e000-7fe104d9f000 r--p 00000000 00:00 0 
7fe104d9f000-7fe104da1000 rw-p 00000000 00:00 0 
7fe104da1000-7fe104da2000 r--p 00022000 08:03 21758085                   /lib/x86_64-linux-gnu/ld-2.15.so
7fe104da2000-7fe104da4000 rw-p 00023000 08:03 21758085                   /lib/x86_64-linux-gnu/ld-2.15.so
7fff32d2e000-7fff32d4f000 rw-p 00000000 00:00 0                          [stack]
7fff32dff000-7fff32e00000 r-xp 00000000 00:00 0                          [vdso]
ffffffffff600000-ffffffffff601000 r-xp 00000000 00:00 0                  [vsyscall]

VM Arguments:
jvm_args: -agentlib:jdwp=transport=dt_socket,suspend=y,address=localhost:41099 -Djava.library.path=/home/arwilczek90/workspace/Elements/lib/slick:/home/arwilczek90/workspace/Elements/lib/slick -Dfile.encoding=UTF-8 
java_command: com.hack.elements.view.Main
Launcher Type: SUN_STANDARD

Environment Variables:
PATH=/usr/lib/lightdm/lightdm:/usr/local/sbin:/usr/local/bin:/usr/sbin:/usr/bin:/sbin:/bin:/usr/games
LD_LIBRARY_PATH=/usr/lib/jvm/java-6-openjdk-amd64/jre/lib/amd64/server:/usr/lib/jvm/java-6-openjdk-amd64/jre/lib/amd64:/usr/lib/jvm/java-6-openjdk-amd64/jre/../lib/amd64
SHELL=/bin/bash
DISPLAY=:0.0

Signal Handlers:
SIGSEGV: [libjvm.so+0x784310], sa_mask[0]=0x7ffbfeff, sa_flags=0x10000004
SIGBUS: [libjvm.so+0x784310], sa_mask[0]=0x7ffbfeff, sa_flags=0x10000004
SIGFPE: [libjvm.so+0x648580], sa_mask[0]=0x7ffbfeff, sa_flags=0x10000004
SIGPIPE: [libjvm.so+0x648580], sa_mask[0]=0x7ffbfeff, sa_flags=0x10000004
SIGXFSZ: [libjvm.so+0x648580], sa_mask[0]=0x7ffbfeff, sa_flags=0x10000004
SIGILL: [libjvm.so+0x648580], sa_mask[0]=0x7ffbfeff, sa_flags=0x10000004
SIGUSR1: SIG_DFL, sa_mask[0]=0x00000000, sa_flags=0x00000000
SIGUSR2: [libjvm.so+0x648730], sa_mask[0]=0x00000004, sa_flags=0x10000004
SIGHUP: [libjvm.so+0x64b250], sa_mask[0]=0x7ffbfeff, sa_flags=0x10000004
SIGINT: [libjvm.so+0x64b250], sa_mask[0]=0x7ffbfeff, sa_flags=0x10000004
SIGTERM: [libjvm.so+0x64b250], sa_mask[0]=0x7ffbfeff, sa_flags=0x10000004
SIGQUIT: [libjvm.so+0x64b250], sa_mask[0]=0x7ffbfeff, sa_flags=0x10000004


---------------  S Y S T E M  ---------------

OS:Ubuntu 12.04 (precise)
uname:Linux 3.2.0-32-generic #51-Ubuntu SMP Wed Sep 26 21:33:09 UTC 2012 x86_64
libc:glibc 2.15 NPTL 2.15 
rlimit: STACK 8192k, CORE 0k, NPROC 59545, NOFILE 4096, AS infinity
load average:0.57 0.72 0.70

/proc/meminfo:
MemTotal:        7639648 kB
MemFree:         3838716 kB
Buffers:          130676 kB
Cached:          1223748 kB
SwapCached:            0 kB
Active:          2545156 kB
Inactive:         749904 kB
Active(anon):    1941100 kB
Inactive(anon):    15892 kB
Active(file):     604056 kB
Inactive(file):   734012 kB
Unevictable:          20 kB
Mlocked:              20 kB
SwapTotal:       3818492 kB
SwapFree:        3818492 kB
Dirty:               296 kB
Writeback:             0 kB
AnonPages:       1940816 kB
Mapped:           324584 kB
Shmem:             16360 kB
Slab:             106928 kB
SReclaimable:      76188 kB
SUnreclaim:        30740 kB
KernelStack:        4448 kB
PageTables:        36076 kB
NFS_Unstable:          0 kB
Bounce:                0 kB
WritebackTmp:          0 kB
CommitLimit:     7638316 kB
Committed_AS:    4648980 kB
VmallocTotal:   34359738367 kB
VmallocUsed:      116912 kB
VmallocChunk:   34359619344 kB
HardwareCorrupted:     0 kB
AnonHugePages:         0 kB
HugePages_Total:       0
HugePages_Free:        0
HugePages_Rsvd:        0
HugePages_Surp:        0
Hugepagesize:       2048 kB
DirectMap4k:      342016 kB
DirectMap2M:     5404672 kB
DirectMap1G:     2097152 kB


CPU:total 4 (4 cores per cpu, 1 threads per core) family 18 model 1 stepping 0, cmov, cx8, fxsr, mmx, sse, sse2, sse3, popcnt, mmxext, 3dnowpref, lzcnt, sse4a

Memory: 4k page, physical 7639648k(3838716k free), swap 3818492k(3818492k free)

vm_info: OpenJDK 64-Bit Server VM (20.0-b12) for linux-amd64 JRE (1.6.0_24-b24), built on Sep  2 2012 19:50:47 by "buildd" with gcc 4.6.3

time: Sat Oct 13 23:32:55 2012
elapsed time: 71 seconds

