#
# A fatal error has been detected by the Java Runtime Environment:
#
#  SIGSEGV (0xb) at pc=0x00007f4c635c2c58, pid=2341, tid=139966155847424
#
# JRE version: 6.0_24-b24
# Java VM: OpenJDK 64-Bit Server VM (20.0-b12 mixed mode linux-amd64 compressed oops)
# Derivative: IcedTea6 1.11.4
# Distribution: Ubuntu 12.04 LTS, package 6b24-1.11.4-1ubuntu0.12.04.1
# Problematic frame:
# C  [libX11.so.6+0x33c58]  XQueryExtension+0x28
#
# If you would like to submit a bug report, please include
# instructions how to reproduce the bug and visit:
#   https://bugs.launchpad.net/ubuntu/+source/openjdk-6/
#

---------------  T H R E A D  ---------------

Current thread (0x00007f4c6c070000):  VMThread [stack: 0x00007f4c68eff000,0x00007f4c69000000] [id=2351]

siginfo:si_signo=SIGSEGV: si_errno=0, si_code=1 (SEGV_MAPERR), si_addr=0x000000006c23a8e8

Registers:
RAX=0x00007f4c500008c0, RBX=0x000000006c239f80, RCX=0x00007f4c68ffe958, RDX=0x00007f4c68ffe954
RSP=0x00007f4c68ffe8f0, RBP=0x00007f4c6167a932, RSI=0x00007f4c6167a932, RDI=0x000000006c239f80
R8 =0x00007f4c68ffe95c, R9 =0x0000000000000000, R10=0x00007f4c73cdefa8, R11=0x00007f4c7395eca0
R12=0x0000000000000000, R13=0x00007f4c6167a932, R14=0x00007f4c500008c0, R15=0x0000000000000000
RIP=0x00007f4c635c2c58, EFLAGS=0x0000000000010206, CSGSFS=0x0000000000000033, ERR=0x0000000000000004
  TRAPNO=0x000000000000000e

Top of Stack: (sp=0x00007f4c68ffe8f0)
0x00007f4c68ffe8f0:   00007f4c73931790 00007f4c7450d9e8
0x00007f4c68ffe900:   00007f4c6909f3c0 00007f4c6909f420
0x00007f4c68ffe910:   00000000ffffffff 000000006c239f80
0x00007f4c68ffe920:   00007f4c6167a932 0000000000000000
0x00007f4c68ffe930:   00007f4c6167a932 00007f4c500008c0
0x00007f4c68ffe940:   0000000000000000 00007f4c635b6c55
0x00007f4c68ffe950:   00007f4c7452b048 00007f4c617b3520
0x00007f4c68ffe960:   00007f4c617b3520 000000006c239f80
0x00007f4c68ffe970:   00007f4c6c186bc0 00007f4c638d002b
0x00007f4c68ffe980:   00007f4c73931790 000000110000002c
0x00007f4c68ffe990:   00007f4c68ffea10 0000000000000000
0x00007f4c68ffe9a0:   00007f4c68ffea10 000000006c239f80
0x00007f4c68ffe9b0:   0000000000000000 00007f4c7452b048
0x00007f4c68ffe9c0:   00007f4c617ccd50 00007f4c61621119
0x00007f4c68ffe9d0:   0000000000000000 000000000000002c
0x00007f4c68ffe9e0:   00007f4c68ffea10 00007f4c68ffea30
0x00007f4c68ffe9f0:   0000000000000000 00007f4c7452b048
0x00007f4c68ffea00:   00007f4c6c239ae0 00007f4c61617b42
0x00007f4c68ffea10:   00007f4c68ffec00 00007f4c6167a8b1
0x00007f4c68ffea20:   00007f4c68ffec00 00007f4c7431792d
0x00007f4c68ffea30:   00007f4c7452c2c8 00007f4c7452c858
0x00007f4c68ffea40:   00007f4c7450d000 00007f4c6c006a00
0x00007f4c68ffea50:   00007f4c6c007510 00007f4c6c006eb0
0x00007f4c68ffea60:   00007f4c6c007a10 00007f4c6c00c6f0
0x00007f4c68ffea70:   00007f4c6c13f250 00007f4c6c13f730
0x00007f4c68ffea80:   00007f4c7450c000 00007f4c6c236690
0x00007f4c68ffea90:   00007f4c6c22ebc0 00007f4c6c22f060
0x00007f4c68ffeaa0:   00007f4c6c236b60 00007f4c6c237000
0x00007f4c68ffeab0:   00007f4c6c2374a0 00007f4c6c101930
0x00007f4c68ffeac0:   00007f4c6c0fd120 00007f4c6c0025e0
0x00007f4c68ffead0:   00007f4c6c001ec0 0000000001e085f0
0x00007f4c68ffeae0:   0000000001e08b60 0000000001e09570 

Instructions: (pc=0x00007f4c635c2c58)
0x00007f4c635c2c38:   24 d8 48 89 fb 4c 89 64 24 e0 4c 89 6c 24 e8 48
0x00007f4c635c2c48:   89 f5 4c 89 74 24 f0 4c 89 7c 24 f8 48 83 ec 58
0x00007f4c635c2c58:   48 8b 87 68 09 00 00 49 89 d4 49 89 cd 4d 89 c6
0x00007f4c635c2c68:   48 85 c0 74 02 ff 10 ba 08 00 00 00 be 62 00 00 

Register to memory mapping:

RAX=0x00007f4c500008c0 is an unknown value
RBX=0x000000006c239f80 is an unknown value
RCX=0x00007f4c68ffe958 is an unknown value
RDX=0x00007f4c68ffe954 is an unknown value
RSP=0x00007f4c68ffe8f0 is an unknown value
RBP=0x00007f4c6167a932: <offset 0x96932> in /usr/lib/fglrx/libGL.so.1 at 0x00007f4c615e4000
RSI=0x00007f4c6167a932: <offset 0x96932> in /usr/lib/fglrx/libGL.so.1 at 0x00007f4c615e4000
RDI=0x000000006c239f80 is an unknown value
R8 =0x00007f4c68ffe95c is an unknown value
R9 =0x0000000000000000 is an unknown value
R10=0x00007f4c73cdefa8: <offset 0x3bbfa8> in /lib/x86_64-linux-gnu/libc.so.6 at 0x00007f4c73923000
R11=0x00007f4c7395eca0: __cxa_finalize+0 in /lib/x86_64-linux-gnu/libc.so.6 at 0x00007f4c73923000
R12=0x0000000000000000 is an unknown value
R13=0x00007f4c6167a932: <offset 0x96932> in /usr/lib/fglrx/libGL.so.1 at 0x00007f4c615e4000
R14=0x00007f4c500008c0 is an unknown value
R15=0x0000000000000000 is an unknown value


Stack: [0x00007f4c68eff000,0x00007f4c69000000],  sp=0x00007f4c68ffe8f0,  free space=1022k
Native frames: (J=compiled Java code, j=interpreted, Vv=VM code, C=native code)
C  [libX11.so.6+0x33c58]  XQueryExtension+0x28

VM_Operation (0x00007f4c5972e6e0): Exit, mode: safepoint, requested by thread 0x00007f4c3c001000


---------------  P R O C E S S  ---------------

Java Threads: ( => current thread )
  0x00007f4c3c001000 JavaThread "SIGTERM handler" daemon [_thread_blocked, id=2368, stack(0x00007f4c5962f000,0x00007f4c59730000)]
  0x00007f4c6cb02000 JavaThread "Thread-2" daemon [_thread_blocked, id=2361, stack(0x00007f4c608dd000,0x00007f4c609de000)]
  0x00007f4c6c235800 JavaThread "AWT-XAWT" daemon [_thread_blocked, id=2360, stack(0x00007f4c61f3f000,0x00007f4c62040000)]
  0x00007f4c6c161000 JavaThread "Java2D Disposer" daemon [_thread_blocked, id=2359, stack(0x00007f4c68014000,0x00007f4c68115000)]
  0x00007f4c6c09e800 JavaThread "Low Memory Detector" daemon [_thread_blocked, id=2357, stack(0x00007f4c68216000,0x00007f4c68317000)]
  0x00007f4c6c09c000 JavaThread "C2 CompilerThread1" daemon [_thread_blocked, id=2356, stack(0x00007f4c68317000,0x00007f4c68418000)]
  0x00007f4c6c099800 JavaThread "C2 CompilerThread0" daemon [_thread_blocked, id=2355, stack(0x00007f4c68418000,0x00007f4c68519000)]
  0x00007f4c6c098000 JavaThread "Signal Dispatcher" daemon [_thread_blocked, id=2354, stack(0x00007f4c68519000,0x00007f4c6861a000)]
  0x00007f4c6c079000 JavaThread "Finalizer" daemon [_thread_blocked, id=2353, stack(0x00007f4c68cfd000,0x00007f4c68dfe000)]
  0x00007f4c6c077000 JavaThread "Reference Handler" daemon [_thread_blocked, id=2352, stack(0x00007f4c68dfe000,0x00007f4c68eff000)]
  0x00007f4c6c008800 JavaThread "main" [_thread_blocked, id=2346, stack(0x00007f4c74408000,0x00007f4c74509000)]

Other Threads:
=>0x00007f4c6c070000 VMThread [stack: 0x00007f4c68eff000,0x00007f4c69000000] [id=2351]

VM state:at safepoint (shutting down)

VM Mutex/Monitor currently owned by a thread:  ([mutex/lock_event])
[0x00007f4c6c004dd0] Threads_lock - owner thread: 0x00007f4c6c070000

Heap
 PSYoungGen      total 34880K, used 28388K [0x00000000d9200000, 0x00000000db8e0000, 0x0000000100000000)
  eden space 29952K, 94% used [0x00000000d9200000,0x00000000dadb9088,0x00000000daf40000)
  from space 4928K, 0% used [0x00000000db410000,0x00000000db410000,0x00000000db8e0000)
  to   space 4928K, 0% used [0x00000000daf40000,0x00000000daf40000,0x00000000db410000)
 PSOldGen        total 79616K, used 0K [0x000000008b600000, 0x00000000903c0000, 0x00000000d9200000)
  object space 79616K, 0% used [0x000000008b600000,0x000000008b600000,0x00000000903c0000)
 PSPermGen       total 21248K, used 11339K [0x0000000081000000, 0x00000000824c0000, 0x000000008b600000)
  object space 21248K, 53% used [0x0000000081000000,0x0000000081b12d08,0x00000000824c0000)

Code Cache  [0x00007f4c69000000, 0x00007f4c69270000, 0x00007f4c6c000000)
 total_blobs=619 nmethods=139 adapters=434 free_code_cache=49524544 largest_free_block=26496

Dynamic libraries:
00400000-00409000 r-xp 00000000 08:03 18618890                           /usr/lib/jvm/java-6-openjdk-amd64/jre/bin/java
00608000-00609000 r--p 00008000 08:03 18618890                           /usr/lib/jvm/java-6-openjdk-amd64/jre/bin/java
00609000-0060a000 rw-p 00009000 08:03 18618890                           /usr/lib/jvm/java-6-openjdk-amd64/jre/bin/java
01e08000-01e29000 rw-p 00000000 00:00 0                                  [heap]
81000000-824c0000 rw-p 00000000 00:00 0 
824c0000-8b600000 rw-p 00000000 00:00 0 
8b600000-903c0000 rw-p 00000000 00:00 0 
903c0000-d9200000 rw-p 00000000 00:00 0 
d9200000-db8e0000 rw-p 00000000 00:00 0 
db8e0000-100000000 rw-p 00000000 00:00 0 
7f4c14000000-7f4c14021000 rw-p 00000000 00:00 0 
7f4c14021000-7f4c18000000 ---p 00000000 00:00 0 
7f4c18000000-7f4c18021000 rw-p 00000000 00:00 0 
7f4c18021000-7f4c1c000000 ---p 00000000 00:00 0 
7f4c1c000000-7f4c1c021000 rw-p 00000000 00:00 0 
7f4c1c021000-7f4c20000000 ---p 00000000 00:00 0 
7f4c20000000-7f4c20021000 rw-p 00000000 00:00 0 
7f4c20021000-7f4c24000000 ---p 00000000 00:00 0 
7f4c24000000-7f4c24021000 rw-p 00000000 00:00 0 
7f4c24021000-7f4c28000000 ---p 00000000 00:00 0 
7f4c28000000-7f4c28021000 rw-p 00000000 00:00 0 
7f4c28021000-7f4c2c000000 ---p 00000000 00:00 0 
7f4c2c000000-7f4c2c021000 rw-p 00000000 00:00 0 
7f4c2c021000-7f4c30000000 ---p 00000000 00:00 0 
7f4c30000000-7f4c30021000 rw-p 00000000 00:00 0 
7f4c30021000-7f4c34000000 ---p 00000000 00:00 0 
7f4c34000000-7f4c34cc2000 rw-p 00000000 00:00 0 
7f4c34cc2000-7f4c38000000 ---p 00000000 00:00 0 
7f4c38000000-7f4c38021000 rw-p 00000000 00:00 0 
7f4c38021000-7f4c3c000000 ---p 00000000 00:00 0 
7f4c3c000000-7f4c3c021000 rw-p 00000000 00:00 0 
7f4c3c021000-7f4c40000000 ---p 00000000 00:00 0 
7f4c40000000-7f4c401d9000 rw-p 00000000 00:00 0 
7f4c401d9000-7f4c44000000 ---p 00000000 00:00 0 
7f4c44000000-7f4c44021000 rw-p 00000000 00:00 0 
7f4c44021000-7f4c48000000 ---p 00000000 00:00 0 
7f4c48000000-7f4c48021000 rw-p 00000000 00:00 0 
7f4c48021000-7f4c4c000000 ---p 00000000 00:00 0 
7f4c4c000000-7f4c4c021000 rw-p 00000000 00:00 0 
7f4c4c021000-7f4c50000000 ---p 00000000 00:00 0 
7f4c50000000-7f4c50021000 rw-p 00000000 00:00 0 
7f4c50021000-7f4c54000000 ---p 00000000 00:00 0 
7f4c54000000-7f4c54021000 rw-p 00000000 00:00 0 
7f4c54021000-7f4c58000000 ---p 00000000 00:00 0 
7f4c5932c000-7f4c5932f000 ---p 00000000 00:00 0 
7f4c5932f000-7f4c5942d000 rw-p 00000000 00:00 0 
7f4c5942d000-7f4c59430000 ---p 00000000 00:00 0 
7f4c59430000-7f4c5952e000 rw-p 00000000 00:00 0 
7f4c5952e000-7f4c59531000 ---p 00000000 00:00 0 
7f4c59531000-7f4c5962f000 rw-p 00000000 00:00 0 
7f4c5962f000-7f4c59632000 ---p 00000000 00:00 0 
7f4c59632000-7f4c59730000 rw-p 00000000 00:00 0 
7f4c59730000-7f4c59830000 rw-s 00f42000 00:05 8786                       /dev/ati/card0
7f4c59830000-7f4c59930000 rw-s 00f3f000 00:05 8786                       /dev/ati/card0
7f4c59930000-7f4c59b31000 rw-s e440e000 00:05 8786                       /dev/ati/card0
7f4c59b32000-7f4c59c32000 rw-s 00f3e000 00:05 8786                       /dev/ati/card0
7f4c59c32000-7f4c59d32000 rw-s 00f3b000 00:05 8786                       /dev/ati/card0
7f4c59d32000-7f4c5bc8c000 r-xp 00000000 08:03 19009510                   /usr/lib/fglrx/dri/fglrx_dri.so
7f4c5bc8c000-7f4c5bd8c000 ---p 01f5a000 08:03 19009510                   /usr/lib/fglrx/dri/fglrx_dri.so
7f4c5bd8c000-7f4c5beda000 rwxp 01f5a000 08:03 19009510                   /usr/lib/fglrx/dri/fglrx_dri.so
7f4c5beda000-7f4c5c000000 rwxp 00000000 00:00 0 
7f4c5c000000-7f4c5c021000 rw-p 00000000 00:00 0 
7f4c5c021000-7f4c60000000 ---p 00000000 00:00 0 
7f4c600d5000-7f4c601d5000 rw-s 00f37000 00:05 8786                       /dev/ati/card0
7f4c601d5000-7f4c607da000 rw-p 00000000 00:00 0 
7f4c607da000-7f4c607dd000 r-xp 00000000 08:03 15602613                   /home/arwilczek90/workspace/Elements/lib/slick/libjinput-linux64.so
7f4c607dd000-7f4c608dc000 ---p 00003000 08:03 15602613                   /home/arwilczek90/workspace/Elements/lib/slick/libjinput-linux64.so
7f4c608dc000-7f4c608dd000 rw-p 00002000 08:03 15602613                   /home/arwilczek90/workspace/Elements/lib/slick/libjinput-linux64.so
7f4c608dd000-7f4c608e0000 ---p 00000000 00:00 0 
7f4c608e0000-7f4c609de000 rw-p 00000000 00:00 0 
7f4c609de000-7f4c609e3000 r--s 0002f000 08:03 15598498                   /home/arwilczek90/workspace/Elements/lib/slick/lib/jinput.jar
7f4c609e3000-7f4c609e5000 r--s 00008000 08:03 15598497                   /home/arwilczek90/workspace/Elements/lib/slick/lib/ibxm.jar
7f4c609e5000-7f4c609e8000 r--s 0005b000 08:03 15598496                   /home/arwilczek90/workspace/Elements/lib/slick/lib/hiero.jar
7f4c609e8000-7f4c609e9000 r--s 00007000 08:03 15597697                   /home/arwilczek90/workspace/Elements/lib/slick/applet/lwjgl_util_applet.jar
7f4c609e9000-7f4c60a29000 rw-s 0002a000 00:05 8786                       /dev/ati/card0
7f4c60a29000-7f4c61129000 rw-s 00006000 00:05 8786                       /dev/ati/card0
7f4c61129000-7f4c6112b000 r-xp 00000000 08:03 18488267                   /usr/lib/x86_64-linux-gnu/libXinerama.so.1.0.0
7f4c6112b000-7f4c6132a000 ---p 00002000 08:03 18488267                   /usr/lib/x86_64-linux-gnu/libXinerama.so.1.0.0
7f4c6132a000-7f4c6132b000 r--p 00001000 08:03 18488267                   /usr/lib/x86_64-linux-gnu/libXinerama.so.1.0.0
7f4c6132b000-7f4c6132c000 rw-p 00002000 08:03 18488267                   /usr/lib/x86_64-linux-gnu/libXinerama.so.1.0.0
7f4c6132c000-7f4c61367000 r-xp 00000000 08:03 19009508                   /usr/lib/fglrx/libatiadlxx.so
7f4c61367000-7f4c61467000 ---p 0003b000 08:03 19009508                   /usr/lib/fglrx/libatiadlxx.so
7f4c61467000-7f4c61470000 rw-p 0003b000 08:03 19009508                   /usr/lib/fglrx/libatiadlxx.so
7f4c61470000-7f4c61481000 rw-p 00000000 00:00 0 
7f4c61489000-7f4c6148b000 r--s 00015000 08:03 15598514                   /home/arwilczek90/workspace/Elements/lib/slick/lib/tinylinepp.jar
7f4c6148b000-7f4c6148e000 r--s 00015000 08:03 15598512                   /home/arwilczek90/workspace/Elements/lib/slick/lib/slick-util.jar
7f4c6148e000-7f4c61496000 r--s 00067000 08:03 15598510                   /home/arwilczek90/workspace/Elements/lib/slick/lib/slick-sources.jar
7f4c61496000-7f4c61497000 r--s 00000000 08:03 15598509                   /home/arwilczek90/workspace/Elements/lib/slick/lib/slick-examples.jar
7f4c61497000-7f4c61498000 r--s 00003000 08:03 15598508                   /home/arwilczek90/workspace/Elements/lib/slick/lib/scalar.jar
7f4c61498000-7f4c6149b000 r--s 00017000 08:03 15598507                   /home/arwilczek90/workspace/Elements/lib/slick/lib/pedigree.jar
7f4c6149b000-7f4c614db000 rw-s f0300000 00:05 8786                       /dev/ati/card0
7f4c614db000-7f4c614e2000 r-xp 00000000 08:03 19009532                   /usr/lib/fglrx/libatiuki.so.1.0
7f4c614e2000-7f4c615e2000 ---p 00007000 08:03 19009532                   /usr/lib/fglrx/libatiuki.so.1.0
7f4c615e2000-7f4c615e3000 rw-p 00007000 08:03 19009532                   /usr/lib/fglrx/libatiuki.so.1.0
7f4c615e3000-7f4c615e4000 rw-p 00000000 00:00 0 
7f4c615e4000-7f4c616a7000 r-xp 00000000 08:03 19009512                   /usr/lib/fglrx/libGL.so.1.2
7f4c616a7000-7f4c617a6000 ---p 000c3000 08:03 19009512                   /usr/lib/fglrx/libGL.so.1.2
7f4c617a6000-7f4c617cd000 rwxp 000c2000 08:03 19009512                   /usr/lib/fglrx/libGL.so.1.2
7f4c617cd000-7f4c617ed000 rwxp 00000000 00:00 0 
7f4c617ed000-7f4c617ee000 r-xp 00000000 08:03 18618886                   /usr/lib/jvm/java-6-openjdk-amd64/jre/lib/amd64/libjawt.so
7f4c617ee000-7f4c619ed000 ---p 00001000 08:03 18618886                   /usr/lib/jvm/java-6-openjdk-amd64/jre/lib/amd64/libjawt.so
7f4c619ed000-7f4c619ee000 r--p 00000000 08:03 18618886                   /usr/lib/jvm/java-6-openjdk-amd64/jre/lib/amd64/libjawt.so
7f4c619ee000-7f4c619ef000 rw-p 00001000 08:03 18618886                   /usr/lib/jvm/java-6-openjdk-amd64/jre/lib/amd64/libjawt.so
7f4c619ef000-7f4c619f3000 r-xp 00000000 08:03 18488287                   /usr/lib/x86_64-linux-gnu/libXxf86vm.so.1.0.0
7f4c619f3000-7f4c61bf2000 ---p 00004000 08:03 18488287                   /usr/lib/x86_64-linux-gnu/libXxf86vm.so.1.0.0
7f4c61bf2000-7f4c61bf3000 r--p 00003000 08:03 18488287                   /usr/lib/x86_64-linux-gnu/libXxf86vm.so.1.0.0
7f4c61bf3000-7f4c61bf4000 rw-p 00004000 08:03 18488287                   /usr/lib/x86_64-linux-gnu/libXxf86vm.so.1.0.0
7f4c61bf4000-7f4c61bfc000 r-xp 00000000 08:03 18488277                   /usr/lib/x86_64-linux-gnu/libXrandr.so.2.2.0
7f4c61bfc000-7f4c61dfb000 ---p 00008000 08:03 18488277                   /usr/lib/x86_64-linux-gnu/libXrandr.so.2.2.0
7f4c61dfb000-7f4c61dfc000 r--p 00007000 08:03 18488277                   /usr/lib/x86_64-linux-gnu/libXrandr.so.2.2.0
7f4c61dfc000-7f4c61dfd000 rw-p 00008000 08:03 18488277                   /usr/lib/x86_64-linux-gnu/libXrandr.so.2.2.0
7f4c61dfd000-7f4c61e3d000 r-xp 00000000 08:03 15602617                   /home/arwilczek90/workspace/Elements/lib/slick/liblwjgl64.so
7f4c61e3d000-7f4c61f3d000 ---p 00040000 08:03 15602617                   /home/arwilczek90/workspace/Elements/lib/slick/liblwjgl64.so
7f4c61f3d000-7f4c61f3f000 rw-p 00040000 08:03 15602617                   /home/arwilczek90/workspace/Elements/lib/slick/liblwjgl64.so
7f4c61f3f000-7f4c61f42000 ---p 00000000 00:00 0 
7f4c61f42000-7f4c62040000 rw-p 00000000 00:00 0 
7f4c62040000-7f4c62045000 r-xp 00000000 08:03 18488261                   /usr/lib/x86_64-linux-gnu/libXfixes.so.3.1.0
7f4c62045000-7f4c62244000 ---p 00005000 08:03 18488261                   /usr/lib/x86_64-linux-gnu/libXfixes.so.3.1.0
7f4c62244000-7f4c62245000 r--p 00004000 08:03 18488261                   /usr/lib/x86_64-linux-gnu/libXfixes.so.3.1.0
7f4c62245000-7f4c62246000 rw-p 00005000 08:03 18488261                   /usr/lib/x86_64-linux-gnu/libXfixes.so.3.1.0
7f4c62246000-7f4c6224f000 r-xp 00000000 08:03 18488253                   /usr/lib/x86_64-linux-gnu/libXcursor.so.1.0.2
7f4c6224f000-7f4c6244e000 ---p 00009000 08:03 18488253                   /usr/lib/x86_64-linux-gnu/libXcursor.so.1.0.2
7f4c6244e000-7f4c6244f000 r--p 00008000 08:03 18488253                   /usr/lib/x86_64-linux-gnu/libXcursor.so.1.0.2
7f4c6244f000-7f4c62450000 rw-p 00009000 08:03 18488253                   /usr/lib/x86_64-linux-gnu/libXcursor.so.1.0.2
7f4c62450000-7f4c6245b000 r--s 00093000 08:03 15598513                   /home/arwilczek90/workspace/Elements/lib/slick/lib/slick.jar
7f4c6245b000-7f4c6245d000 r--s 00004000 08:03 15598506                   /home/arwilczek90/workspace/Elements/lib/slick/lib/packulike.jar
7f4c6245d000-7f4c6245e000 r--s 00043000 08:03 15598505                   /home/arwilczek90/workspace/Elements/lib/slick/lib/natives-win32.jar
7f4c6245e000-7f4c62460000 r--s 00033000 08:03 15598504                   /home/arwilczek90/workspace/Elements/lib/slick/lib/natives-mac.jar
7f4c62460000-7f4c62461000 r--s 0003d000 08:03 15598503                   /home/arwilczek90/workspace/Elements/lib/slick/lib/natives-linux.jar
7f4c62461000-7f4c62468000 r--s 00073000 08:03 15598502                   /home/arwilczek90/workspace/Elements/lib/slick/lib/lwjgl.jar
7f4c62468000-7f4c6246a000 r--s 0000d000 08:03 15598501                   /home/arwilczek90/workspace/Elements/lib/slick/lib/jorbis-0.0.15.jar
7f4c6246a000-7f4c62471000 r--s 000fb000 08:03 18618812                   /usr/lib/jvm/java-6-openjdk-common/jre/lib/resources.jar
7f4c62471000-7f4c62507000 r-xp 00000000 08:03 18488439                   /usr/lib/x86_64-linux-gnu/libfreetype.so.6.8.0
7f4c62507000-7f4c62706000 ---p 00096000 08:03 18488439                   /usr/lib/x86_64-linux-gnu/libfreetype.so.6.8.0
7f4c62706000-7f4c6270c000 r--p 00095000 08:03 18488439                   /usr/lib/x86_64-linux-gnu/libfreetype.so.6.8.0
7f4c6270c000-7f4c6270d000 rw-p 0009b000 08:03 18488439                   /usr/lib/x86_64-linux-gnu/libfreetype.so.6.8.0
7f4c6270d000-7f4c62747000 r-xp 00000000 08:03 18618871                   /usr/lib/jvm/java-6-openjdk-amd64/jre/lib/amd64/libfontmanager.so
7f4c62747000-7f4c62946000 ---p 0003a000 08:03 18618871                   /usr/lib/jvm/java-6-openjdk-amd64/jre/lib/amd64/libfontmanager.so
7f4c62946000-7f4c62948000 r--p 00039000 08:03 18618871                   /usr/lib/jvm/java-6-openjdk-amd64/jre/lib/amd64/libfontmanager.so
7f4c62948000-7f4c62949000 rw-p 0003b000 08:03 18618871                   /usr/lib/jvm/java-6-openjdk-amd64/jre/lib/amd64/libfontmanager.so
7f4c62949000-7f4c6294e000 r-xp 00000000 08:03 18488257                   /usr/lib/x86_64-linux-gnu/libXdmcp.so.6.0.0
7f4c6294e000-7f4c62b4d000 ---p 00005000 08:03 18488257                   /usr/lib/x86_64-linux-gnu/libXdmcp.so.6.0.0
7f4c62b4d000-7f4c62b4e000 r--p 00004000 08:03 18488257                   /usr/lib/x86_64-linux-gnu/libXdmcp.so.6.0.0
7f4c62b4e000-7f4c62b4f000 rw-p 00005000 08:03 18488257                   /usr/lib/x86_64-linux-gnu/libXdmcp.so.6.0.0
7f4c62b4f000-7f4c62b51000 r-xp 00000000 08:03 18488246                   /usr/lib/x86_64-linux-gnu/libXau.so.6.0.0
7f4c62b51000-7f4c62d50000 ---p 00002000 08:03 18488246                   /usr/lib/x86_64-linux-gnu/libXau.so.6.0.0
7f4c62d50000-7f4c62d51000 r--p 00001000 08:03 18488246                   /usr/lib/x86_64-linux-gnu/libXau.so.6.0.0
7f4c62d51000-7f4c62d52000 rw-p 00002000 08:03 18488246                   /usr/lib/x86_64-linux-gnu/libXau.so.6.0.0
7f4c62d52000-7f4c62d6f000 r-xp 00000000 08:03 18488845                   /usr/lib/x86_64-linux-gnu/libxcb.so.1.1.0
7f4c62d6f000-7f4c62f6e000 ---p 0001d000 08:03 18488845                   /usr/lib/x86_64-linux-gnu/libxcb.so.1.1.0
7f4c62f6e000-7f4c62f6f000 r--p 0001c000 08:03 18488845                   /usr/lib/x86_64-linux-gnu/libxcb.so.1.1.0
7f4c62f6f000-7f4c62f70000 rw-p 0001d000 08:03 18488845                   /usr/lib/x86_64-linux-gnu/libxcb.so.1.1.0
7f4c62f70000-7f4c62f7e000 r-xp 00000000 08:03 18488265                   /usr/lib/x86_64-linux-gnu/libXi.so.6.1.0
7f4c62f7e000-7f4c6317d000 ---p 0000e000 08:03 18488265                   /usr/lib/x86_64-linux-gnu/libXi.so.6.1.0
7f4c6317d000-7f4c6317e000 r--p 0000d000 08:03 18488265                   /usr/lib/x86_64-linux-gnu/libXi.so.6.1.0
7f4c6317e000-7f4c6317f000 rw-p 0000e000 08:03 18488265                   /usr/lib/x86_64-linux-gnu/libXi.so.6.1.0
7f4c6317f000-7f4c63184000 r-xp 00000000 08:03 18488283                   /usr/lib/x86_64-linux-gnu/libXtst.so.6.1.0
7f4c63184000-7f4c63383000 ---p 00005000 08:03 18488283                   /usr/lib/x86_64-linux-gnu/libXtst.so.6.1.0
7f4c63383000-7f4c63384000 r--p 00004000 08:03 18488283                   /usr/lib/x86_64-linux-gnu/libXtst.so.6.1.0
7f4c63384000-7f4c63385000 rw-p 00005000 08:03 18488283                   /usr/lib/x86_64-linux-gnu/libXtst.so.6.1.0
7f4c63385000-7f4c6338e000 r-xp 00000000 08:03 18488279                   /usr/lib/x86_64-linux-gnu/libXrender.so.1.3.0
7f4c6338e000-7f4c6358d000 ---p 00009000 08:03 18488279                   /usr/lib/x86_64-linux-gnu/libXrender.so.1.3.0
7f4c6358d000-7f4c6358e000 r--p 00008000 08:03 18488279                   /usr/lib/x86_64-linux-gnu/libXrender.so.1.3.0
7f4c6358e000-7f4c6358f000 rw-p 00009000 08:03 18488279                   /usr/lib/x86_64-linux-gnu/libXrender.so.1.3.0
7f4c6358f000-7f4c636be000 r-xp 00000000 08:03 18488244                   /usr/lib/x86_64-linux-gnu/libX11.so.6.3.0
7f4c636be000-7f4c638be000 ---p 0012f000 08:03 18488244                   /usr/lib/x86_64-linux-gnu/libX11.so.6.3.0
7f4c638be000-7f4c638bf000 r--p 0012f000 08:03 18488244                   /usr/lib/x86_64-linux-gnu/libX11.so.6.3.0
7f4c638bf000-7f4c638c3000 rw-p 00130000 08:03 18488244                   /usr/lib/x86_64-linux-gnu/libX11.so.6.3.0
7f4c638c3000-7f4c638d3000 r-xp 00000000 08:03 18488259                   /usr/lib/x86_64-linux-gnu/libXext.so.6.4.0
7f4c638d3000-7f4c63ad2000 ---p 00010000 08:03 18488259                   /usr/lib/x86_64-linux-gnu/libXext.so.6.4.0
7f4c63ad2000-7f4c63ad3000 r--p 0000f000 08:03 18488259                   /usr/lib/x86_64-linux-gnu/libXext.so.6.4.0
7f4c63ad3000-7f4c63ad4000 rw-p 00010000 08:03 18488259                   /usr/lib/x86_64-linux-gnu/libXext.so.6.4.0
7f4c63ad4000-7f4c63b1f000 r-xp 00000000 08:03 18618972                   /usr/lib/jvm/java-6-openjdk-amd64/jre/lib/amd64/xawt/libmawt.so
7f4c63b1f000-7f4c63d1f000 ---p 0004b000 08:03 18618972                   /usr/lib/jvm/java-6-openjdk-amd64/jre/lib/amd64/xawt/libmawt.so
7f4c63d1f000-7f4c63d20000 r--p 0004b000 08:03 18618972                   /usr/lib/jvm/java-6-openjdk-amd64/jre/lib/amd64/xawt/libmawt.so
7f4c63d20000-7f4c63d23000 rw-p 0004c000 08:03 18618972                   /usr/lib/jvm/java-6-openjdk-amd64/jre/lib/amd64/xawt/libmawt.so
7f4c63d23000-7f4c63d24000 rw-p 00000000 00:00 0 
7f4c63d24000-7f4c63dd0000 r-xp 00000000 08:03 18618874                   /usr/lib/jvm/java-6-openjdk-amd64/jre/lib/amd64/libawt.so
7f4c63dd0000-7f4c63fcf000 ---p 000ac000 08:03 18618874                   /usr/lib/jvm/java-6-openjdk-amd64/jre/lib/amd64/libawt.so
7f4c63fcf000-7f4c63fd0000 r--p 000ab000 08:03 18618874                   /usr/lib/jvm/java-6-openjdk-amd64/jre/lib/amd64/libawt.so
7f4c63fd0000-7f4c63fdb000 rw-p 000ac000 08:03 18618874                   /usr/lib/jvm/java-6-openjdk-amd64/jre/lib/amd64/libawt.so
7f4c63fdb000-7f4c64000000 rw-p 00000000 00:00 0 
7f4c64000000-7f4c64021000 rw-p 00000000 00:00 0 
7f4c64021000-7f4c68000000 ---p 00000000 00:00 0 
7f4c68000000-7f4c6800b000 r--s 00093000 08:03 15597692                   /home/arwilczek90/workspace/Elements/lib/slick.jar
7f4c6800b000-7f4c68014000 r--s 00000000 08:03 19927122                   /var/cache/fontconfig/945677eb7aeaf62f1d50efc3fb3ec7d8-le64.cache-3
7f4c68014000-7f4c68017000 ---p 00000000 00:00 0 
7f4c68017000-7f4c68115000 rw-p 00000000 00:00 0 
7f4c68115000-7f4c68116000 ---p 00000000 00:00 0 
7f4c68116000-7f4c68216000 rw-p 00000000 00:00 0 
7f4c68216000-7f4c68219000 ---p 00000000 00:00 0 
7f4c68219000-7f4c68317000 rw-p 00000000 00:00 0 
7f4c68317000-7f4c6831a000 ---p 00000000 00:00 0 
7f4c6831a000-7f4c68418000 rw-p 00000000 00:00 0 
7f4c68418000-7f4c6841b000 ---p 00000000 00:00 0 
7f4c6841b000-7f4c68519000 rw-p 00000000 00:00 0 
7f4c68519000-7f4c6851c000 ---p 00000000 00:00 0 
7f4c6851c000-7f4c6861a000 rw-p 00000000 00:00 0 
7f4c6861a000-7f4c68cfd000 r--p 00000000 08:03 18487587                   /usr/lib/locale/locale-archive
7f4c68cfd000-7f4c68d00000 ---p 00000000 00:00 0 
7f4c68d00000-7f4c68dfe000 rw-p 00000000 00:00 0 
7f4c68dfe000-7f4c68e01000 ---p 00000000 00:00 0 
7f4c68e01000-7f4c68eff000 rw-p 00000000 00:00 0 
7f4c68eff000-7f4c68f00000 ---p 00000000 00:00 0 
7f4c68f00000-7f4c69000000 rw-p 00000000 00:00 0 
7f4c69000000-7f4c69270000 rwxp 00000000 00:00 0 
7f4c69270000-7f4c6cd6d000 rw-p 00000000 00:00 0 
7f4c6cd6d000-7f4c70000000 ---p 00000000 00:00 0 
7f4c70000000-7f4c70001000 r--s 00001000 08:03 15598500                   /home/arwilczek90/workspace/Elements/lib/slick/lib/jogg-0.0.7.jar
7f4c70001000-7f4c70002000 r--s 00001000 08:03 15598499                   /home/arwilczek90/workspace/Elements/lib/slick/lib/jnlp.jar
7f4c70002000-7f4c70004000 rw-s 00002000 00:05 8786                       /dev/ati/card0
7f4c70004000-7f4c70006000 r--s 00000000 08:03 19927123                   /var/cache/fontconfig/99e8ed0e538f840c565b6ed5dad60d56-le64.cache-3
7f4c70006000-7f4c7000a000 r--s 00000000 08:03 19927109                   /var/cache/fontconfig/2cd17615ca594fa2959ae173292e504c-le64.cache-3
7f4c7000a000-7f4c7000b000 r--s 00000000 08:03 19927134                   /var/cache/fontconfig/e7071f4a29fa870f4323321c154eba04-le64.cache-3
7f4c7000b000-7f4c7000c000 r--s 00000000 08:03 19927107                   /var/cache/fontconfig/0d8c3b2ac0904cb8a57a757ad11a4a08-le64.cache-3
7f4c7000c000-7f4c70012000 r--s 00000000 08:03 19927124                   /var/cache/fontconfig/a755afe4a08bf5b97852ceb7400b47bc-le64.cache-3
7f4c70012000-7f4c7001b000 r--s 00000000 08:03 19927460                   /var/cache/fontconfig/6d41288fd70b0be22e8c3a91e032eec0-le64.cache-3
7f4c7001b000-7f4c7002b000 r--s 00000000 08:03 19927106                   /var/cache/fontconfig/04aabc0a78ac019cf9454389977116d2-le64.cache-3
7f4c7002b000-7f4c7002e000 r--s 00000000 08:03 19927112                   /var/cache/fontconfig/385c0604a188198f04d133e54aba7fe7-le64.cache-3
7f4c7002e000-7f4c7002f000 r--s 00000000 08:03 19927113                   /var/cache/fontconfig/4794a0821666d79190d59a36cb4f44b5-le64.cache-3
7f4c7002f000-7f4c70032000 r--s 00000000 08:03 19927121                   /var/cache/fontconfig/8801497958630a81b71ace7c5f9b32a8-le64.cache-3
7f4c70032000-7f4c70060000 r--s 00000000 08:03 19927454                   /var/cache/fontconfig/365b55f210c0a22e9a19e35191240f32-le64.cache-3
7f4c70060000-7f4c70065000 r--s 00000000 08:03 19927110                   /var/cache/fontconfig/3047814df9a2f067bd2d96a2b9c36e5a-le64.cache-3
7f4c70065000-7f4c70066000 r--s 00000000 08:03 19927115                   /var/cache/fontconfig/56cf4f4769d0f4abc89a4895d7bd3ae1-le64.cache-3
7f4c70066000-7f4c70067000 r--s 00000000 08:03 19927126                   /var/cache/fontconfig/b9d506c9ac06c20b433354fa67a72993-le64.cache-3
7f4c70067000-7f4c7006c000 r--s 00000000 08:03 19927125                   /var/cache/fontconfig/b47c4e1ecd0709278f4910c18777a504-le64.cache-3
7f4c7006c000-7f4c7007c000 r--s 00000000 08:03 19927130                   /var/cache/fontconfig/d52a8644073d54c13679302ca1180695-le64.cache-3
7f4c7007c000-7f4c7007f000 r--s 00000000 08:03 19927196                   /var/cache/fontconfig/e13b20fdb08344e0e664864cc2ede53d-le64.cache-3
7f4c7007f000-7f4c70083000 r--s 00000000 08:03 19927452                   /var/cache/fontconfig/7ef2298fde41cc6eeb7af42e48b7d293-le64.cache-3
7f4c70083000-7f4c70084000 r--s 00000000 08:03 19927127                   /var/cache/fontconfig/c05880de57d1f5e948fdfacc138775d9-le64.cache-3
7f4c70084000-7f4c7008d000 r--s 00000000 08:03 19927122                   /var/cache/fontconfig/945677eb7aeaf62f1d50efc3fb3ec7d8-le64.cache-3
7f4c7008d000-7f4c7008f000 r--s 00000000 08:03 19927123                   /var/cache/fontconfig/99e8ed0e538f840c565b6ed5dad60d56-le64.cache-3
7f4c7008f000-7f4c70093000 r--s 00000000 08:03 19927109                   /var/cache/fontconfig/2cd17615ca594fa2959ae173292e504c-le64.cache-3
7f4c70093000-7f4c70094000 r--s 00000000 08:03 19927134                   /var/cache/fontconfig/e7071f4a29fa870f4323321c154eba04-le64.cache-3
7f4c70094000-7f4c70095000 r--s 00000000 08:03 19927107                   /var/cache/fontconfig/0d8c3b2ac0904cb8a57a757ad11a4a08-le64.cache-3
7f4c70095000-7f4c7009b000 r--s 00000000 08:03 19927124                   /var/cache/fontconfig/a755afe4a08bf5b97852ceb7400b47bc-le64.cache-3
7f4c7009b000-7f4c700a4000 r--s 00000000 08:03 19927460                   /var/cache/fontconfig/6d41288fd70b0be22e8c3a91e032eec0-le64.cache-3
7f4c700a4000-7f4c700b4000 r--s 00000000 08:03 19927106                   /var/cache/fontconfig/04aabc0a78ac019cf9454389977116d2-le64.cache-3
7f4c700b4000-7f4c700b7000 r--s 00000000 08:03 19927112                   /var/cache/fontconfig/385c0604a188198f04d133e54aba7fe7-le64.cache-3
7f4c700b7000-7f4c700b8000 r--s 00000000 08:03 19927113                   /var/cache/fontconfig/4794a0821666d79190d59a36cb4f44b5-le64.cache-3
7f4c700b8000-7f4c700bb000 r--s 00000000 08:03 19927121                   /var/cache/fontconfig/8801497958630a81b71ace7c5f9b32a8-le64.cache-3
7f4c700bb000-7f4c700e9000 r--s 00000000 08:03 19927454                   /var/cache/fontconfig/365b55f210c0a22e9a19e35191240f32-le64.cache-3
7f4c700e9000-7f4c700f9000 r--s 00000000 08:03 19927130                   /var/cache/fontconfig/d52a8644073d54c13679302ca1180695-le64.cache-3
7f4c700f9000-7f4c70631000 rw-p 00000000 00:00 0 
7f4c70631000-7f4c707c3000 r--s 037bf000 08:03 18618843                   /usr/lib/jvm/java-6-openjdk-amd64/jre/lib/rt.jar
7f4c707c3000-7f4c707eb000 rw-p 00000000 00:00 0 
7f4c707eb000-7f4c707ec000 ---p 00000000 00:00 0 
7f4c707ec000-7f4c708ec000 rw-p 00000000 00:00 0 
7f4c708ec000-7f4c708ed000 ---p 00000000 00:00 0 
7f4c708ed000-7f4c709ed000 rw-p 00000000 00:00 0 
7f4c709ed000-7f4c709ee000 ---p 00000000 00:00 0 
7f4c709ee000-7f4c70aee000 rw-p 00000000 00:00 0 
7f4c70aee000-7f4c70aef000 ---p 00000000 00:00 0 
7f4c70aef000-7f4c70bfa000 rw-p 00000000 00:00 0 
7f4c70bfa000-7f4c70c42000 rw-p 00000000 00:00 0 
7f4c70c42000-7f4c70c69000 rw-p 00000000 00:00 0 
7f4c70c69000-7f4c70eb0000 rw-p 00000000 00:00 0 
7f4c70eb0000-7f4c70ebb000 rw-p 00000000 00:00 0 
7f4c70ebb000-7f4c70f03000 rw-p 00000000 00:00 0 
7f4c70f03000-7f4c70f2a000 rw-p 00000000 00:00 0 
7f4c70f2a000-7f4c71171000 rw-p 00000000 00:00 0 
7f4c71171000-7f4c71185000 rw-p 00000000 00:00 0 
7f4c71185000-7f4c712a8000 rw-p 00000000 00:00 0 
7f4c712a8000-7f4c712a9000 rw-p 00000000 00:00 0 
7f4c712a9000-7f4c712b0000 r-xp 00000000 08:03 18618888                   /usr/lib/jvm/java-6-openjdk-amd64/jre/lib/amd64/libzip.so
7f4c712b0000-7f4c714af000 ---p 00007000 08:03 18618888                   /usr/lib/jvm/java-6-openjdk-amd64/jre/lib/amd64/libzip.so
7f4c714af000-7f4c714b0000 r--p 00006000 08:03 18618888                   /usr/lib/jvm/java-6-openjdk-amd64/jre/lib/amd64/libzip.so
7f4c714b0000-7f4c714b1000 rw-p 00007000 08:03 18618888                   /usr/lib/jvm/java-6-openjdk-amd64/jre/lib/amd64/libzip.so
7f4c714b1000-7f4c714bd000 r-xp 00000000 08:03 21758081                   /lib/x86_64-linux-gnu/libnss_files-2.15.so
7f4c714bd000-7f4c716bc000 ---p 0000c000 08:03 21758081                   /lib/x86_64-linux-gnu/libnss_files-2.15.so
7f4c716bc000-7f4c716bd000 r--p 0000b000 08:03 21758081                   /lib/x86_64-linux-gnu/libnss_files-2.15.so
7f4c716bd000-7f4c716be000 rw-p 0000c000 08:03 21758081                   /lib/x86_64-linux-gnu/libnss_files-2.15.so
7f4c716be000-7f4c716c8000 r-xp 00000000 08:03 21758077                   /lib/x86_64-linux-gnu/libnss_nis-2.15.so
7f4c716c8000-7f4c718c8000 ---p 0000a000 08:03 21758077                   /lib/x86_64-linux-gnu/libnss_nis-2.15.so
7f4c718c8000-7f4c718c9000 r--p 0000a000 08:03 21758077                   /lib/x86_64-linux-gnu/libnss_nis-2.15.so
7f4c718c9000-7f4c718ca000 rw-p 0000b000 08:03 21758077                   /lib/x86_64-linux-gnu/libnss_nis-2.15.so
7f4c718ca000-7f4c718e1000 r-xp 00000000 08:03 21761730                   /lib/x86_64-linux-gnu/libnsl-2.15.so
7f4c718e1000-7f4c71ae0000 ---p 00017000 08:03 21761730                   /lib/x86_64-linux-gnu/libnsl-2.15.so
7f4c71ae0000-7f4c71ae1000 r--p 00016000 08:03 21761730                   /lib/x86_64-linux-gnu/libnsl-2.15.so
7f4c71ae1000-7f4c71ae2000 rw-p 00017000 08:03 21761730                   /lib/x86_64-linux-gnu/libnsl-2.15.so
7f4c71ae2000-7f4c71ae4000 rw-p 00000000 00:00 0 
7f4c71ae4000-7f4c71aec000 r-xp 00000000 08:03 21758082                   /lib/x86_64-linux-gnu/libnss_compat-2.15.so
7f4c71aec000-7f4c71ceb000 ---p 00008000 08:03 21758082                   /lib/x86_64-linux-gnu/libnss_compat-2.15.so
7f4c71ceb000-7f4c71cec000 r--p 00007000 08:03 21758082                   /lib/x86_64-linux-gnu/libnss_compat-2.15.so
7f4c71cec000-7f4c71ced000 rw-p 00008000 08:03 21758082                   /lib/x86_64-linux-gnu/libnss_compat-2.15.so
7f4c71ced000-7f4c71d19000 r-xp 00000000 08:03 18618873                   /usr/lib/jvm/java-6-openjdk-amd64/jre/lib/amd64/libjava.so
7f4c71d19000-7f4c71f18000 ---p 0002c000 08:03 18618873                   /usr/lib/jvm/java-6-openjdk-amd64/jre/lib/amd64/libjava.so
7f4c71f18000-7f4c71f19000 r--p 0002b000 08:03 18618873                   /usr/lib/jvm/java-6-openjdk-amd64/jre/lib/amd64/libjava.so
7f4c71f19000-7f4c71f1c000 rw-p 0002c000 08:03 18618873                   /usr/lib/jvm/java-6-openjdk-amd64/jre/lib/amd64/libjava.so
7f4c71f1c000-7f4c71f2a000 r-xp 00000000 08:03 18618872                   /usr/lib/jvm/java-6-openjdk-amd64/jre/lib/amd64/libverify.so
7f4c71f2a000-7f4c72129000 ---p 0000e000 08:03 18618872                   /usr/lib/jvm/java-6-openjdk-amd64/jre/lib/amd64/libverify.so
7f4c72129000-7f4c7212b000 r--p 0000d000 08:03 18618872                   /usr/lib/jvm/java-6-openjdk-amd64/jre/lib/amd64/libverify.so
7f4c7212b000-7f4c7212c000 rw-p 0000f000 08:03 18618872                   /usr/lib/jvm/java-6-openjdk-amd64/jre/lib/amd64/libverify.so
7f4c7212c000-7f4c72133000 r-xp 00000000 08:03 21758075                   /lib/x86_64-linux-gnu/librt-2.15.so
7f4c72133000-7f4c72332000 ---p 00007000 08:03 21758075                   /lib/x86_64-linux-gnu/librt-2.15.so
7f4c72332000-7f4c72333000 r--p 00006000 08:03 21758075                   /lib/x86_64-linux-gnu/librt-2.15.so
7f4c72333000-7f4c72334000 rw-p 00007000 08:03 21758075                   /lib/x86_64-linux-gnu/librt-2.15.so
7f4c72334000-7f4c72349000 r-xp 00000000 08:03 21761542                   /lib/x86_64-linux-gnu/libgcc_s.so.1
7f4c72349000-7f4c72548000 ---p 00015000 08:03 21761542                   /lib/x86_64-linux-gnu/libgcc_s.so.1
7f4c72548000-7f4c72549000 r--p 00014000 08:03 21761542                   /lib/x86_64-linux-gnu/libgcc_s.so.1
7f4c72549000-7f4c7254a000 rw-p 00015000 08:03 21761542                   /lib/x86_64-linux-gnu/libgcc_s.so.1
7f4c7254a000-7f4c72643000 r-xp 00000000 08:03 21758079                   /lib/x86_64-linux-gnu/libm-2.15.so
7f4c72643000-7f4c72842000 ---p 000f9000 08:03 21758079                   /lib/x86_64-linux-gnu/libm-2.15.so
7f4c72842000-7f4c72843000 r--p 000f8000 08:03 21758079                   /lib/x86_64-linux-gnu/libm-2.15.so
7f4c72843000-7f4c72844000 rw-p 000f9000 08:03 21758079                   /lib/x86_64-linux-gnu/libm-2.15.so
7f4c72844000-7f4c72926000 r-xp 00000000 08:03 18488773                   /usr/lib/x86_64-linux-gnu/libstdc++.so.6.0.16
7f4c72926000-7f4c72b25000 ---p 000e2000 08:03 18488773                   /usr/lib/x86_64-linux-gnu/libstdc++.so.6.0.16
7f4c72b25000-7f4c72b2d000 r--p 000e1000 08:03 18488773                   /usr/lib/x86_64-linux-gnu/libstdc++.so.6.0.16
7f4c72b2d000-7f4c72b2f000 rw-p 000e9000 08:03 18488773                   /usr/lib/x86_64-linux-gnu/libstdc++.so.6.0.16
7f4c72b2f000-7f4c72b44000 rw-p 00000000 00:00 0 
7f4c72b44000-7f4c73448000 r-xp 00000000 08:03 18618878                   /usr/lib/jvm/java-6-openjdk-amd64/jre/lib/amd64/server/libjvm.so
7f4c73448000-7f4c73648000 ---p 00904000 08:03 18618878                   /usr/lib/jvm/java-6-openjdk-amd64/jre/lib/amd64/server/libjvm.so
7f4c73648000-7f4c736c8000 r--p 00904000 08:03 18618878                   /usr/lib/jvm/java-6-openjdk-amd64/jre/lib/amd64/server/libjvm.so
7f4c736c8000-7f4c736e3000 rw-p 00984000 08:03 18618878                   /usr/lib/jvm/java-6-openjdk-amd64/jre/lib/amd64/server/libjvm.so
7f4c736e3000-7f4c7370c000 rw-p 00000000 00:00 0 
7f4c7370c000-7f4c73722000 r-xp 00000000 08:03 21761632                   /lib/x86_64-linux-gnu/libz.so.1.2.3.4
7f4c73722000-7f4c73921000 ---p 00016000 08:03 21761632                   /lib/x86_64-linux-gnu/libz.so.1.2.3.4
7f4c73921000-7f4c73922000 r--p 00015000 08:03 21761632                   /lib/x86_64-linux-gnu/libz.so.1.2.3.4
7f4c73922000-7f4c73923000 rw-p 00016000 08:03 21761632                   /lib/x86_64-linux-gnu/libz.so.1.2.3.4
7f4c73923000-7f4c73ad8000 r-xp 00000000 08:03 21757975                   /lib/x86_64-linux-gnu/libc-2.15.so
7f4c73ad8000-7f4c73cd7000 ---p 001b5000 08:03 21757975                   /lib/x86_64-linux-gnu/libc-2.15.so
7f4c73cd7000-7f4c73cdb000 r--p 001b4000 08:03 21757975                   /lib/x86_64-linux-gnu/libc-2.15.so
7f4c73cdb000-7f4c73cdd000 rw-p 001b8000 08:03 21757975                   /lib/x86_64-linux-gnu/libc-2.15.so
7f4c73cdd000-7f4c73ce2000 rw-p 00000000 00:00 0 
7f4c73ce2000-7f4c73ce4000 r-xp 00000000 08:03 21757964                   /lib/x86_64-linux-gnu/libdl-2.15.so
7f4c73ce4000-7f4c73ee4000 ---p 00002000 08:03 21757964                   /lib/x86_64-linux-gnu/libdl-2.15.so
7f4c73ee4000-7f4c73ee5000 r--p 00002000 08:03 21757964                   /lib/x86_64-linux-gnu/libdl-2.15.so
7f4c73ee5000-7f4c73ee6000 rw-p 00003000 08:03 21757964                   /lib/x86_64-linux-gnu/libdl-2.15.so
7f4c73ee6000-7f4c73eea000 r-xp 00000000 08:03 18618855                   /usr/lib/jvm/java-6-openjdk-amd64/jre/lib/amd64/jli/libjli.so
7f4c73eea000-7f4c740e9000 ---p 00004000 08:03 18618855                   /usr/lib/jvm/java-6-openjdk-amd64/jre/lib/amd64/jli/libjli.so
7f4c740e9000-7f4c740ea000 r--p 00003000 08:03 18618855                   /usr/lib/jvm/java-6-openjdk-amd64/jre/lib/amd64/jli/libjli.so
7f4c740ea000-7f4c740eb000 rw-p 00004000 08:03 18618855                   /usr/lib/jvm/java-6-openjdk-amd64/jre/lib/amd64/jli/libjli.so
7f4c740eb000-7f4c74103000 r-xp 00000000 08:03 21758073                   /lib/x86_64-linux-gnu/libpthread-2.15.so
7f4c74103000-7f4c74302000 ---p 00018000 08:03 21758073                   /lib/x86_64-linux-gnu/libpthread-2.15.so
7f4c74302000-7f4c74303000 r--p 00017000 08:03 21758073                   /lib/x86_64-linux-gnu/libpthread-2.15.so
7f4c74303000-7f4c74304000 rw-p 00018000 08:03 21758073                   /lib/x86_64-linux-gnu/libpthread-2.15.so
7f4c74304000-7f4c74308000 rw-p 00000000 00:00 0 
7f4c74308000-7f4c7432a000 r-xp 00000000 08:03 21758085                   /lib/x86_64-linux-gnu/ld-2.15.so
7f4c7432a000-7f4c7432b000 rw-s 00005000 00:05 8786                       /dev/ati/card0
7f4c7432b000-7f4c7432c000 r--s 00000000 08:03 19927127                   /var/cache/fontconfig/c05880de57d1f5e948fdfacc138775d9-le64.cache-3
7f4c7432c000-7f4c74331000 r--s 00000000 08:03 19927110                   /var/cache/fontconfig/3047814df9a2f067bd2d96a2b9c36e5a-le64.cache-3
7f4c74331000-7f4c74332000 r--s 00000000 08:03 19927115                   /var/cache/fontconfig/56cf4f4769d0f4abc89a4895d7bd3ae1-le64.cache-3
7f4c74332000-7f4c74337000 r--s 00000000 08:03 19927125                   /var/cache/fontconfig/b47c4e1ecd0709278f4910c18777a504-le64.cache-3
7f4c74337000-7f4c7433a000 r--s 00000000 08:03 19927196                   /var/cache/fontconfig/e13b20fdb08344e0e664864cc2ede53d-le64.cache-3
7f4c7433a000-7f4c7433e000 r--s 00000000 08:03 19927452                   /var/cache/fontconfig/7ef2298fde41cc6eeb7af42e48b7d293-le64.cache-3
7f4c7433e000-7f4c74341000 r--s 0007d000 08:03 18618443                   /usr/lib/jvm/java-6-openjdk-common/jre/lib/jsse.jar
7f4c74341000-7f4c74348000 r--s 00073000 08:03 15597691                   /home/arwilczek90/workspace/Elements/lib/lwjgl.jar
7f4c74348000-7f4c74352000 rw-p 00000000 00:00 0 
7f4c74352000-7f4c74408000 rw-p 00000000 00:00 0 
7f4c74408000-7f4c7440b000 ---p 00000000 00:00 0 
7f4c7440b000-7f4c7450e000 rw-p 00000000 00:00 0 
7f4c7450e000-7f4c7450f000 r--s 00000000 08:03 19927126                   /var/cache/fontconfig/b9d506c9ac06c20b433354fa67a72993-le64.cache-3
7f4c7450f000-7f4c74511000 r--s 0000f000 08:03 18618803                   /usr/lib/jvm/java-6-openjdk-common/jre/lib/ext/pulse-java.jar
7f4c74511000-7f4c74514000 r--s 00077000 08:03 18618797                   /usr/lib/jvm/java-6-openjdk-common/jre/lib/ext/localedata.jar
7f4c74514000-7f4c74515000 r--s 00007000 08:03 18748229                   /usr/share/java/java-atk-wrapper.jar
7f4c74515000-7f4c74517000 r--s 00001000 08:03 18618801                   /usr/lib/jvm/java-6-openjdk-common/jre/lib/ext/dnsns.jar
7f4c74517000-7f4c7451b000 r--s 00038000 08:03 18618795                   /usr/lib/jvm/java-6-openjdk-common/jre/lib/ext/sunpkcs11.jar
7f4c7451b000-7f4c7451e000 r--s 00031000 08:03 18618799                   /usr/lib/jvm/java-6-openjdk-common/jre/lib/ext/sunjce_provider.jar
7f4c7451e000-7f4c74526000 rw-s 00000000 08:03 8126477                    /tmp/hsperfdata_arwilczek90/2341 (deleted)
7f4c74526000-7f4c74527000 rw-p 00000000 00:00 0 
7f4c74527000-7f4c74528000 ---p 00000000 00:00 0 
7f4c74528000-7f4c7452a000 rw-p 00000000 00:00 0 
7f4c7452a000-7f4c7452b000 r--p 00022000 08:03 21758085                   /lib/x86_64-linux-gnu/ld-2.15.so
7f4c7452b000-7f4c7452d000 rw-p 00023000 08:03 21758085                   /lib/x86_64-linux-gnu/ld-2.15.so
7fffc853b000-7fffc855c000 rw-p 00000000 00:00 0                          [stack]
7fffc85ff000-7fffc8600000 r-xp 00000000 00:00 0                          [vdso]
ffffffffff600000-ffffffffff601000 r-xp 00000000 00:00 0                  [vsyscall]

VM Arguments:
jvm_args: -Djava.library.path=/home/arwilczek90/workspace/Elements/lib/slick:/home/arwilczek90/workspace/Elements/lib/slick -Dfile.encoding=UTF-8 
java_command: com.hack.elements.view.Main
Launcher Type: SUN_STANDARD

Environment Variables:
PATH=/usr/lib/lightdm/lightdm:/usr/local/sbin:/usr/local/bin:/usr/sbin:/usr/bin:/sbin:/bin:/usr/games
LD_LIBRARY_PATH=/usr/lib/jvm/java-6-openjdk-amd64/jre/lib/amd64/server:/usr/lib/jvm/java-6-openjdk-amd64/jre/lib/amd64:/usr/lib/jvm/java-6-openjdk-amd64/jre/../lib/amd64
SHELL=/bin/bash
DISPLAY=:0.0

Signal Handlers:
SIGSEGV: [libjvm.so+0x784310], sa_mask[0]=0x7ffbfeff, sa_flags=0x10000004
SIGBUS: [libjvm.so+0x784310], sa_mask[0]=0x7ffbfeff, sa_flags=0x10000004
SIGFPE: [libjvm.so+0x648580], sa_mask[0]=0x7ffbfeff, sa_flags=0x10000004
SIGPIPE: [libjvm.so+0x648580], sa_mask[0]=0x7ffbfeff, sa_flags=0x10000004
SIGXFSZ: [libjvm.so+0x648580], sa_mask[0]=0x7ffbfeff, sa_flags=0x10000004
SIGILL: [libjvm.so+0x648580], sa_mask[0]=0x7ffbfeff, sa_flags=0x10000004
SIGUSR1: SIG_DFL, sa_mask[0]=0x00000000, sa_flags=0x00000000
SIGUSR2: [libjvm.so+0x648730], sa_mask[0]=0x00000004, sa_flags=0x10000004
SIGHUP: [libjvm.so+0x64b250], sa_mask[0]=0x7ffbfeff, sa_flags=0x10000004
SIGINT: [libjvm.so+0x64b250], sa_mask[0]=0x7ffbfeff, sa_flags=0x10000004
SIGTERM: [libjvm.so+0x64b250], sa_mask[0]=0x7ffbfeff, sa_flags=0x10000004
SIGQUIT: [libjvm.so+0x64b250], sa_mask[0]=0x7ffbfeff, sa_flags=0x10000004


---------------  S Y S T E M  ---------------

OS:Ubuntu 12.04 (precise)
uname:Linux 3.2.0-32-generic #51-Ubuntu SMP Wed Sep 26 21:33:09 UTC 2012 x86_64
libc:glibc 2.15 NPTL 2.15 
rlimit: STACK 8192k, CORE 0k, NPROC 59545, NOFILE 4096, AS infinity
load average:1.15 0.83 0.37

/proc/meminfo:
MemTotal:        7639648 kB
MemFree:         6120696 kB
Buffers:           49252 kB
Cached:           454252 kB
SwapCached:            0 kB
Active:           845824 kB
Inactive:         395504 kB
Active(anon):     738596 kB
Inactive(anon):      892 kB
Active(file):     107228 kB
Inactive(file):   394612 kB
Unevictable:          20 kB
Mlocked:              20 kB
SwapTotal:       3818492 kB
SwapFree:        3818492 kB
Dirty:                56 kB
Writeback:             0 kB
AnonPages:        737860 kB
Mapped:           196700 kB
Shmem:              1660 kB
Slab:              46592 kB
SReclaimable:      23544 kB
SUnreclaim:        23048 kB
KernelStack:        3096 kB
PageTables:        23532 kB
NFS_Unstable:          0 kB
Bounce:                0 kB
WritebackTmp:          0 kB
CommitLimit:     7638316 kB
Committed_AS:    2527288 kB
VmallocTotal:   34359738367 kB
VmallocUsed:      116912 kB
VmallocChunk:   34359619008 kB
HardwareCorrupted:     0 kB
AnonHugePages:         0 kB
HugePages_Total:       0
HugePages_Free:        0
HugePages_Rsvd:        0
HugePages_Surp:        0
Hugepagesize:       2048 kB
DirectMap4k:      149504 kB
DirectMap2M:     3500032 kB
DirectMap1G:     4194304 kB


CPU:total 4 (4 cores per cpu, 1 threads per core) family 18 model 1 stepping 0, cmov, cx8, fxsr, mmx, sse, sse2, sse3, popcnt, mmxext, 3dnowpref, lzcnt, sse4a

Memory: 4k page, physical 7639648k(6120696k free), swap 3818492k(3818492k free)

vm_info: OpenJDK 64-Bit Server VM (20.0-b12) for linux-amd64 JRE (1.6.0_24-b24), built on Sep  2 2012 19:50:47 by "buildd" with gcc 4.6.3

time: Sun Oct 14 02:09:56 2012
elapsed time: 63 seconds

