#
# A fatal error has been detected by the Java Runtime Environment:
#
#  SIGSEGV (0xb) at pc=0x00007f4b4f1bec58, pid=6324, tid=139961520072448
#
# JRE version: 6.0_24-b24
# Java VM: OpenJDK 64-Bit Server VM (20.0-b12 mixed mode linux-amd64 compressed oops)
# Derivative: IcedTea6 1.11.4
# Distribution: Ubuntu 12.04 LTS, package 6b24-1.11.4-1ubuntu0.12.04.1
# Problematic frame:
# C  [libX11.so.6+0x33c58]  XQueryExtension+0x28
#
# If you would like to submit a bug report, please include
# instructions how to reproduce the bug and visit:
#   https://bugs.launchpad.net/ubuntu/+source/openjdk-6/
#

---------------  T H R E A D  ---------------

Current thread (0x00007f4b58070000):  VMThread [stack: 0x00007f4b549fa000,0x00007f4b54afb000] [id=6334]

siginfo:si_signo=SIGSEGV: si_errno=0, si_code=1 (SEGV_MAPERR), si_addr=0x0000000058210718

Registers:
RAX=0x00007f4b30000bd0, RBX=0x000000005820fdb0, RCX=0x00007f4b54af99d8, RDX=0x00007f4b54af99d4
RSP=0x00007f4b54af9970, RBP=0x00007f4b4d175932, RSI=0x00007f4b4d175932, RDI=0x000000005820fdb0
R8 =0x00007f4b54af99dc, R9 =0x0000000000000010, R10=0x00007f4b5f7cdfa8, R11=0x0000000000000000
R12=0x0000000000000000, R13=0x00007f4b4d175932, R14=0x00007f4b30000bd0, R15=0x0000000000000000
RIP=0x00007f4b4f1bec58, EFLAGS=0x0000000000010202, CSGSFS=0x0000000000000033, ERR=0x0000000000000004
  TRAPNO=0x000000000000000e

Top of Stack: (sp=0x00007f4b54af9970)
0x00007f4b54af9970:   0000000000000000 0000003000000003
0x00007f4b54af9980:   0000006e0000005b 0000007c00000077
0x00007f4b54af9990:   00000000ffffffff 000000005820fdb0
0x00007f4b54af99a0:   00007f4b4d175932 0000000000000000
0x00007f4b54af99b0:   00007f4b4d175932 00007f4b30000bd0
0x00007f4b54af99c0:   0000000000000000 00007f4b4f1b2c55
0x00007f4b54af99d0:   00007f4b6001a048 00007f4b4d2ae520
0x00007f4b54af99e0:   00007f4b4d2ae520 000000005820fdb0
0x00007f4b54af99f0:   00007f4b5813f340 00007f4b4f4cc02b
0x00007f4b54af9a00:   00007f4b5f420790 000000110000002c
0x00007f4b54af9a10:   00007f4b54af9a90 0000000000000000
0x00007f4b54af9a20:   00007f4b54af9a90 000000005820fdb0
0x00007f4b54af9a30:   0000000000000000 00007f4b6001a048
0x00007f4b54af9a40:   00007f4b4d2c7d50 00007f4b4d11c119
0x00007f4b54af9a50:   0000000000000000 000000000000002c
0x00007f4b54af9a60:   00007f4b54af9a90 00007f4b54af9ab0
0x00007f4b54af9a70:   0000000000000000 00007f4b6001a048
0x00007f4b54af9a80:   00007f4b5820f910 00007f4b4d112b42
0x00007f4b54af9a90:   00007f4b54af9c80 00007f4b4d1758b1
0x00007f4b54af9aa0:   00007f4b54af9c80 00007f4b5fe0692d
0x00007f4b54af9ab0:   00007f4b6001b2c8 00007f4b6001b858
0x00007f4b54af9ac0:   00007f4b5fffc000 00007f4b58006a00
0x00007f4b54af9ad0:   00007f4b58007510 00007f4b58006eb0
0x00007f4b54af9ae0:   00007f4b58007a10 00007f4b5800c6f0
0x00007f4b54af9af0:   00007f4b5811e180 00007f4b5811e660
0x00007f4b54af9b00:   00007f4b5fffb000 00007f4b5820c4c0
0x00007f4b54af9b10:   00007f4b58206fd0 00007f4b58207470
0x00007f4b54af9b20:   00007f4b5820c990 00007f4b5820ce30
0x00007f4b54af9b30:   00007f4b5820d2d0 00007f4b580e3e90
0x00007f4b54af9b40:   00007f4b580c7030 00007f4b580025e0
0x00007f4b54af9b50:   00007f4b58001ec0 00000000014265f0
0x00007f4b54af9b60:   0000000001426b60 0000000001427570 

Instructions: (pc=0x00007f4b4f1bec58)
0x00007f4b4f1bec38:   24 d8 48 89 fb 4c 89 64 24 e0 4c 89 6c 24 e8 48
0x00007f4b4f1bec48:   89 f5 4c 89 74 24 f0 4c 89 7c 24 f8 48 83 ec 58
0x00007f4b4f1bec58:   48 8b 87 68 09 00 00 49 89 d4 49 89 cd 4d 89 c6
0x00007f4b4f1bec68:   48 85 c0 74 02 ff 10 ba 08 00 00 00 be 62 00 00 

Register to memory mapping:

RAX=0x00007f4b30000bd0 is an unknown value
RBX=0x000000005820fdb0 is an unknown value
RCX=0x00007f4b54af99d8 is an unknown value
RDX=0x00007f4b54af99d4 is an unknown value
RSP=0x00007f4b54af9970 is an unknown value
RBP=0x00007f4b4d175932: <offset 0x96932> in /usr/lib/fglrx/libGL.so.1 at 0x00007f4b4d0df000
RSI=0x00007f4b4d175932: <offset 0x96932> in /usr/lib/fglrx/libGL.so.1 at 0x00007f4b4d0df000
RDI=0x000000005820fdb0 is an unknown value
R8 =0x00007f4b54af99dc is an unknown value
R9 =0x0000000000000010 is an unknown value
R10=0x00007f4b5f7cdfa8: <offset 0x3bbfa8> in /lib/x86_64-linux-gnu/libc.so.6 at 0x00007f4b5f412000
R11=0x0000000000000000 is an unknown value
R12=0x0000000000000000 is an unknown value
R13=0x00007f4b4d175932: <offset 0x96932> in /usr/lib/fglrx/libGL.so.1 at 0x00007f4b4d0df000
R14=0x00007f4b30000bd0 is an unknown value
R15=0x0000000000000000 is an unknown value


Stack: [0x00007f4b549fa000,0x00007f4b54afb000],  sp=0x00007f4b54af9970,  free space=1022k
Native frames: (J=compiled Java code, j=interpreted, Vv=VM code, C=native code)
C  [libX11.so.6+0x33c58]  XQueryExtension+0x28

VM_Operation (0x00007f4b4c2b9660): Exit, mode: safepoint, requested by thread 0x00007f4b2c001000


---------------  P R O C E S S  ---------------

Java Threads: ( => current thread )
  0x00007f4b2c001000 JavaThread "SIGTERM handler" daemon [_thread_blocked, id=7529, stack(0x00007f4b4c1ba000,0x00007f4b4c2bb000)]
  0x00007f4b58ad5000 JavaThread "Thread-2" daemon [_thread_blocked, id=6347, stack(0x00007f4b4c3be000,0x00007f4b4c4bf000)]
  0x00007f4b5820c000 JavaThread "AWT-XAWT" daemon [_thread_in_native, id=6345, stack(0x00007f4b4da3a000,0x00007f4b4db3b000)]
  0x00007f4b5812f800 JavaThread "Java2D Disposer" daemon [_thread_blocked, id=6342, stack(0x00007f4b4df6c000,0x00007f4b4e06d000)]
  0x00007f4b5809e800 JavaThread "Low Memory Detector" daemon [_thread_blocked, id=6340, stack(0x00007f4b4fcfd000,0x00007f4b4fdfe000)]
  0x00007f4b5809c000 JavaThread "C2 CompilerThread1" daemon [_thread_blocked, id=6339, stack(0x00007f4b4fdfe000,0x00007f4b4feff000)]
  0x00007f4b58099800 JavaThread "C2 CompilerThread0" daemon [_thread_blocked, id=6338, stack(0x00007f4b4feff000,0x00007f4b50000000)]
  0x00007f4b58079000 JavaThread "Finalizer" daemon [_thread_blocked, id=6336, stack(0x00007f4b547f8000,0x00007f4b548f9000)]
  0x00007f4b58077000 JavaThread "Reference Handler" daemon [_thread_blocked, id=6335, stack(0x00007f4b548f9000,0x00007f4b549fa000)]
  0x00007f4b58008800 JavaThread "main" [_thread_blocked, id=6325, stack(0x00007f4b5fef7000,0x00007f4b5fff8000)]

Other Threads:
=>0x00007f4b58070000 VMThread [stack: 0x00007f4b549fa000,0x00007f4b54afb000] [id=6334]

VM state:at safepoint (shutting down)

VM Mutex/Monitor currently owned by a thread:  ([mutex/lock_event])
[0x00007f4b58004dd0] Threads_lock - owner thread: 0x00007f4b58070000

Heap
 PSYoungGen      total 34880K, used 24902K [0x00000000d9200000, 0x00000000db8e0000, 0x0000000100000000)
  eden space 29952K, 77% used [0x00000000d9200000,0x00000000da8a59f8,0x00000000daf40000)
  from space 4928K, 34% used [0x00000000daf40000,0x00000000db0ec040,0x00000000db410000)
  to   space 4928K, 0% used [0x00000000db410000,0x00000000db410000,0x00000000db8e0000)
 PSOldGen        total 79616K, used 0K [0x000000008b600000, 0x00000000903c0000, 0x00000000d9200000)
  object space 79616K, 0% used [0x000000008b600000,0x000000008b600000,0x00000000903c0000)
 PSPermGen       total 21248K, used 11351K [0x0000000081000000, 0x00000000824c0000, 0x000000008b600000)
  object space 21248K, 53% used [0x0000000081000000,0x0000000081b15ec0,0x00000000824c0000)

Code Cache  [0x00007f4b55000000, 0x00007f4b55270000, 0x00007f4b58000000)
 total_blobs=712 nmethods=232 adapters=434 free_code_cache=49303168 largest_free_block=8064

Dynamic libraries:
00400000-00409000 r-xp 00000000 08:03 18618890                           /usr/lib/jvm/java-6-openjdk-amd64/jre/bin/java
00608000-00609000 r--p 00008000 08:03 18618890                           /usr/lib/jvm/java-6-openjdk-amd64/jre/bin/java
00609000-0060a000 rw-p 00009000 08:03 18618890                           /usr/lib/jvm/java-6-openjdk-amd64/jre/bin/java
01426000-01447000 rw-p 00000000 00:00 0                                  [heap]
81000000-824c0000 rw-p 00000000 00:00 0 
824c0000-8b600000 rw-p 00000000 00:00 0 
8b600000-903c0000 rw-p 00000000 00:00 0 
903c0000-d9200000 rw-p 00000000 00:00 0 
d9200000-db8e0000 rw-p 00000000 00:00 0 
db8e0000-100000000 rw-p 00000000 00:00 0 
7f4b00000000-7f4b00021000 rw-p 00000000 00:00 0 
7f4b00021000-7f4b04000000 ---p 00000000 00:00 0 
7f4b04000000-7f4b04021000 rw-p 00000000 00:00 0 
7f4b04021000-7f4b08000000 ---p 00000000 00:00 0 
7f4b08000000-7f4b08021000 rw-p 00000000 00:00 0 
7f4b08021000-7f4b0c000000 ---p 00000000 00:00 0 
7f4b0c000000-7f4b0c021000 rw-p 00000000 00:00 0 
7f4b0c021000-7f4b10000000 ---p 00000000 00:00 0 
7f4b10000000-7f4b10021000 rw-p 00000000 00:00 0 
7f4b10021000-7f4b14000000 ---p 00000000 00:00 0 
7f4b14000000-7f4b14021000 rw-p 00000000 00:00 0 
7f4b14021000-7f4b18000000 ---p 00000000 00:00 0 
7f4b18000000-7f4b18021000 rw-p 00000000 00:00 0 
7f4b18021000-7f4b1c000000 ---p 00000000 00:00 0 
7f4b1c000000-7f4b1c021000 rw-p 00000000 00:00 0 
7f4b1c021000-7f4b20000000 ---p 00000000 00:00 0 
7f4b20000000-7f4b20ba3000 rw-p 00000000 00:00 0 
7f4b20ba3000-7f4b24000000 ---p 00000000 00:00 0 
7f4b24000000-7f4b243cb000 rw-p 00000000 00:00 0 
7f4b243cb000-7f4b28000000 ---p 00000000 00:00 0 
7f4b28000000-7f4b28021000 rw-p 00000000 00:00 0 
7f4b28021000-7f4b2c000000 ---p 00000000 00:00 0 
7f4b2c000000-7f4b2c021000 rw-p 00000000 00:00 0 
7f4b2c021000-7f4b30000000 ---p 00000000 00:00 0 
7f4b30000000-7f4b30021000 rw-p 00000000 00:00 0 
7f4b30021000-7f4b34000000 ---p 00000000 00:00 0 
7f4b34000000-7f4b34021000 rw-p 00000000 00:00 0 
7f4b34021000-7f4b38000000 ---p 00000000 00:00 0 
7f4b38000000-7f4b38021000 rw-p 00000000 00:00 0 
7f4b38021000-7f4b3c000000 ---p 00000000 00:00 0 
7f4b40000000-7f4b40021000 rw-p 00000000 00:00 0 
7f4b40021000-7f4b44000000 ---p 00000000 00:00 0 
7f4b4572f000-7f4b45732000 ---p 00000000 00:00 0 
7f4b45732000-7f4b45830000 rw-p 00000000 00:00 0 
7f4b45830000-7f4b45a31000 rw-s e9291000 00:05 10225                      /dev/ati/card0
7f4b45a31000-7f4b45b31000 rw-s 1a6b2000 00:05 10225                      /dev/ati/card0
7f4b45b31000-7f4b45b34000 ---p 00000000 00:00 0 
7f4b45b34000-7f4b45c32000 rw-p 00000000 00:00 0 
7f4b45c32000-7f4b45d32000 rw-s 1a6b6000 00:05 10225                      /dev/ati/card0
7f4b45d32000-7f4b47c8c000 r-xp 00000000 08:03 19009510                   /usr/lib/fglrx/dri/fglrx_dri.so
7f4b47c8c000-7f4b47d8c000 ---p 01f5a000 08:03 19009510                   /usr/lib/fglrx/dri/fglrx_dri.so
7f4b47d8c000-7f4b47eda000 rwxp 01f5a000 08:03 19009510                   /usr/lib/fglrx/dri/fglrx_dri.so
7f4b47eda000-7f4b48000000 rwxp 00000000 00:00 0 
7f4b48000000-7f4b48021000 rw-p 00000000 00:00 0 
7f4b48021000-7f4b4c000000 ---p 00000000 00:00 0 
7f4b4c0b9000-7f4b4c0bc000 ---p 00000000 00:00 0 
7f4b4c0bc000-7f4b4c1ba000 rw-p 00000000 00:00 0 
7f4b4c1ba000-7f4b4c1bd000 ---p 00000000 00:00 0 
7f4b4c1bd000-7f4b4c2bb000 rw-p 00000000 00:00 0 
7f4b4c2bb000-7f4b4c2be000 r-xp 00000000 08:03 15602613                   /home/arwilczek90/workspace/Elements/lib/slick/libjinput-linux64.so
7f4b4c2be000-7f4b4c3bd000 ---p 00003000 08:03 15602613                   /home/arwilczek90/workspace/Elements/lib/slick/libjinput-linux64.so
7f4b4c3bd000-7f4b4c3be000 rw-p 00002000 08:03 15602613                   /home/arwilczek90/workspace/Elements/lib/slick/libjinput-linux64.so
7f4b4c3be000-7f4b4c3c1000 ---p 00000000 00:00 0 
7f4b4c3c1000-7f4b4c4bf000 rw-p 00000000 00:00 0 
7f4b4c4bf000-7f4b4c4c4000 r--s 0002f000 08:03 15598498                   /home/arwilczek90/workspace/Elements/lib/slick/lib/jinput.jar
7f4b4c4c4000-7f4b4c4c6000 r--s 00008000 08:03 15598497                   /home/arwilczek90/workspace/Elements/lib/slick/lib/ibxm.jar
7f4b4c4c6000-7f4b4c4c9000 r--s 0005b000 08:03 15598496                   /home/arwilczek90/workspace/Elements/lib/slick/lib/hiero.jar
7f4b4c4c9000-7f4b4c4ca000 r--s 00007000 08:03 15597697                   /home/arwilczek90/workspace/Elements/lib/slick/applet/lwjgl_util_applet.jar
7f4b4c4ca000-7f4b4c50a000 rw-s 0002a000 00:05 10225                      /dev/ati/card0
7f4b4c50a000-7f4b4cc0a000 rw-s 00006000 00:05 10225                      /dev/ati/card0
7f4b4cc0a000-7f4b4cc0c000 r-xp 00000000 08:03 18488267                   /usr/lib/x86_64-linux-gnu/libXinerama.so.1.0.0
7f4b4cc0c000-7f4b4ce0b000 ---p 00002000 08:03 18488267                   /usr/lib/x86_64-linux-gnu/libXinerama.so.1.0.0
7f4b4ce0b000-7f4b4ce0c000 r--p 00001000 08:03 18488267                   /usr/lib/x86_64-linux-gnu/libXinerama.so.1.0.0
7f4b4ce0c000-7f4b4ce0d000 rw-p 00002000 08:03 18488267                   /usr/lib/x86_64-linux-gnu/libXinerama.so.1.0.0
7f4b4ce0d000-7f4b4ce48000 r-xp 00000000 08:03 19009508                   /usr/lib/fglrx/libatiadlxx.so
7f4b4ce48000-7f4b4cf48000 ---p 0003b000 08:03 19009508                   /usr/lib/fglrx/libatiadlxx.so
7f4b4cf48000-7f4b4cf51000 rw-p 0003b000 08:03 19009508                   /usr/lib/fglrx/libatiadlxx.so
7f4b4cf51000-7f4b4cf62000 rw-p 00000000 00:00 0 
7f4b4cf77000-7f4b4cf79000 r--s 00015000 08:03 15598514                   /home/arwilczek90/workspace/Elements/lib/slick/lib/tinylinepp.jar
7f4b4cf79000-7f4b4cf7c000 r--s 00015000 08:03 15598512                   /home/arwilczek90/workspace/Elements/lib/slick/lib/slick-util.jar
7f4b4cf7c000-7f4b4cfbc000 rw-s f0300000 00:05 10225                      /dev/ati/card0
7f4b4cfbc000-7f4b4cfc3000 r-xp 00000000 08:03 19009532                   /usr/lib/fglrx/libatiuki.so.1.0
7f4b4cfc3000-7f4b4d0c3000 ---p 00007000 08:03 19009532                   /usr/lib/fglrx/libatiuki.so.1.0
7f4b4d0c3000-7f4b4d0c4000 rw-p 00007000 08:03 19009532                   /usr/lib/fglrx/libatiuki.so.1.0
7f4b4d0c4000-7f4b4d0c5000 rw-p 00000000 00:00 0 
7f4b4d0c6000-7f4b4d0ce000 r--s 00067000 08:03 15598510                   /home/arwilczek90/workspace/Elements/lib/slick/lib/slick-sources.jar
7f4b4d0ce000-7f4b4d0cf000 r--s 00000000 08:03 15598509                   /home/arwilczek90/workspace/Elements/lib/slick/lib/slick-examples.jar
7f4b4d0cf000-7f4b4d0d2000 r--s 00017000 08:03 15598507                   /home/arwilczek90/workspace/Elements/lib/slick/lib/pedigree.jar
7f4b4d0d2000-7f4b4d0dd000 r--s 00093000 08:03 15598513                   /home/arwilczek90/workspace/Elements/lib/slick/lib/slick.jar
7f4b4d0dd000-7f4b4d0df000 r--s 00004000 08:03 15598506                   /home/arwilczek90/workspace/Elements/lib/slick/lib/packulike.jar
7f4b4d0df000-7f4b4d1a2000 r-xp 00000000 08:03 19009512                   /usr/lib/fglrx/libGL.so.1.2
7f4b4d1a2000-7f4b4d2a1000 ---p 000c3000 08:03 19009512                   /usr/lib/fglrx/libGL.so.1.2
7f4b4d2a1000-7f4b4d2c8000 rwxp 000c2000 08:03 19009512                   /usr/lib/fglrx/libGL.so.1.2
7f4b4d2c8000-7f4b4d2e8000 rwxp 00000000 00:00 0 
7f4b4d2e8000-7f4b4d2e9000 r-xp 00000000 08:03 18618886                   /usr/lib/jvm/java-6-openjdk-amd64/jre/lib/amd64/libjawt.so
7f4b4d2e9000-7f4b4d4e8000 ---p 00001000 08:03 18618886                   /usr/lib/jvm/java-6-openjdk-amd64/jre/lib/amd64/libjawt.so
7f4b4d4e8000-7f4b4d4e9000 r--p 00000000 08:03 18618886                   /usr/lib/jvm/java-6-openjdk-amd64/jre/lib/amd64/libjawt.so
7f4b4d4e9000-7f4b4d4ea000 rw-p 00001000 08:03 18618886                   /usr/lib/jvm/java-6-openjdk-amd64/jre/lib/amd64/libjawt.so
7f4b4d4ea000-7f4b4d4ee000 r-xp 00000000 08:03 18488287                   /usr/lib/x86_64-linux-gnu/libXxf86vm.so.1.0.0
7f4b4d4ee000-7f4b4d6ed000 ---p 00004000 08:03 18488287                   /usr/lib/x86_64-linux-gnu/libXxf86vm.so.1.0.0
7f4b4d6ed000-7f4b4d6ee000 r--p 00003000 08:03 18488287                   /usr/lib/x86_64-linux-gnu/libXxf86vm.so.1.0.0
7f4b4d6ee000-7f4b4d6ef000 rw-p 00004000 08:03 18488287                   /usr/lib/x86_64-linux-gnu/libXxf86vm.so.1.0.0
7f4b4d6ef000-7f4b4d6f7000 r-xp 00000000 08:03 18488277                   /usr/lib/x86_64-linux-gnu/libXrandr.so.2.2.0
7f4b4d6f7000-7f4b4d8f6000 ---p 00008000 08:03 18488277                   /usr/lib/x86_64-linux-gnu/libXrandr.so.2.2.0
7f4b4d8f6000-7f4b4d8f7000 r--p 00007000 08:03 18488277                   /usr/lib/x86_64-linux-gnu/libXrandr.so.2.2.0
7f4b4d8f7000-7f4b4d8f8000 rw-p 00008000 08:03 18488277                   /usr/lib/x86_64-linux-gnu/libXrandr.so.2.2.0
7f4b4d8f8000-7f4b4d938000 r-xp 00000000 08:03 15602617                   /home/arwilczek90/workspace/Elements/lib/slick/liblwjgl64.so
7f4b4d938000-7f4b4da38000 ---p 00040000 08:03 15602617                   /home/arwilczek90/workspace/Elements/lib/slick/liblwjgl64.so
7f4b4da38000-7f4b4da3a000 rw-p 00040000 08:03 15602617                   /home/arwilczek90/workspace/Elements/lib/slick/liblwjgl64.so
7f4b4da3a000-7f4b4da3d000 ---p 00000000 00:00 0 
7f4b4da3d000-7f4b4db3b000 rw-p 00000000 00:00 0 
7f4b4db3b000-7f4b4db40000 r-xp 00000000 08:03 18488261                   /usr/lib/x86_64-linux-gnu/libXfixes.so.3.1.0
7f4b4db40000-7f4b4dd3f000 ---p 00005000 08:03 18488261                   /usr/lib/x86_64-linux-gnu/libXfixes.so.3.1.0
7f4b4dd3f000-7f4b4dd40000 r--p 00004000 08:03 18488261                   /usr/lib/x86_64-linux-gnu/libXfixes.so.3.1.0
7f4b4dd40000-7f4b4dd41000 rw-p 00005000 08:03 18488261                   /usr/lib/x86_64-linux-gnu/libXfixes.so.3.1.0
7f4b4dd41000-7f4b4dd4a000 r-xp 00000000 08:03 18488253                   /usr/lib/x86_64-linux-gnu/libXcursor.so.1.0.2
7f4b4dd4a000-7f4b4df49000 ---p 00009000 08:03 18488253                   /usr/lib/x86_64-linux-gnu/libXcursor.so.1.0.2
7f4b4df49000-7f4b4df4a000 r--p 00008000 08:03 18488253                   /usr/lib/x86_64-linux-gnu/libXcursor.so.1.0.2
7f4b4df4a000-7f4b4df4b000 rw-p 00009000 08:03 18488253                   /usr/lib/x86_64-linux-gnu/libXcursor.so.1.0.2
7f4b4df4b000-7f4b4df4c000 r--s 00003000 08:03 15598508                   /home/arwilczek90/workspace/Elements/lib/slick/lib/scalar.jar
7f4b4df4c000-7f4b4df4d000 r--s 00043000 08:03 15598505                   /home/arwilczek90/workspace/Elements/lib/slick/lib/natives-win32.jar
7f4b4df4d000-7f4b4df4f000 r--s 00033000 08:03 15598504                   /home/arwilczek90/workspace/Elements/lib/slick/lib/natives-mac.jar
7f4b4df4f000-7f4b4df50000 r--s 0003d000 08:03 15598503                   /home/arwilczek90/workspace/Elements/lib/slick/lib/natives-linux.jar
7f4b4df50000-7f4b4df57000 r--s 00073000 08:03 15598502                   /home/arwilczek90/workspace/Elements/lib/slick/lib/lwjgl.jar
7f4b4df57000-7f4b4df59000 r--s 0000d000 08:03 15598501                   /home/arwilczek90/workspace/Elements/lib/slick/lib/jorbis-0.0.15.jar
7f4b4df59000-7f4b4df5a000 r--s 00001000 08:03 15598500                   /home/arwilczek90/workspace/Elements/lib/slick/lib/jogg-0.0.7.jar
7f4b4df5a000-7f4b4df65000 r--s 00093000 08:03 15597692                   /home/arwilczek90/workspace/Elements/lib/slick.jar
7f4b4df65000-7f4b4df6c000 r--s 000fb000 08:03 18618812                   /usr/lib/jvm/java-6-openjdk-common/jre/lib/resources.jar
7f4b4df6c000-7f4b4df6f000 ---p 00000000 00:00 0 
7f4b4df6f000-7f4b4e06d000 rw-p 00000000 00:00 0 
7f4b4e06d000-7f4b4e103000 r-xp 00000000 08:03 18488439                   /usr/lib/x86_64-linux-gnu/libfreetype.so.6.8.0
7f4b4e103000-7f4b4e302000 ---p 00096000 08:03 18488439                   /usr/lib/x86_64-linux-gnu/libfreetype.so.6.8.0
7f4b4e302000-7f4b4e308000 r--p 00095000 08:03 18488439                   /usr/lib/x86_64-linux-gnu/libfreetype.so.6.8.0
7f4b4e308000-7f4b4e309000 rw-p 0009b000 08:03 18488439                   /usr/lib/x86_64-linux-gnu/libfreetype.so.6.8.0
7f4b4e309000-7f4b4e343000 r-xp 00000000 08:03 18618871                   /usr/lib/jvm/java-6-openjdk-amd64/jre/lib/amd64/libfontmanager.so
7f4b4e343000-7f4b4e542000 ---p 0003a000 08:03 18618871                   /usr/lib/jvm/java-6-openjdk-amd64/jre/lib/amd64/libfontmanager.so
7f4b4e542000-7f4b4e544000 r--p 00039000 08:03 18618871                   /usr/lib/jvm/java-6-openjdk-amd64/jre/lib/amd64/libfontmanager.so
7f4b4e544000-7f4b4e545000 rw-p 0003b000 08:03 18618871                   /usr/lib/jvm/java-6-openjdk-amd64/jre/lib/amd64/libfontmanager.so
7f4b4e545000-7f4b4e54a000 r-xp 00000000 08:03 18488257                   /usr/lib/x86_64-linux-gnu/libXdmcp.so.6.0.0
7f4b4e54a000-7f4b4e749000 ---p 00005000 08:03 18488257                   /usr/lib/x86_64-linux-gnu/libXdmcp.so.6.0.0
7f4b4e749000-7f4b4e74a000 r--p 00004000 08:03 18488257                   /usr/lib/x86_64-linux-gnu/libXdmcp.so.6.0.0
7f4b4e74a000-7f4b4e74b000 rw-p 00005000 08:03 18488257                   /usr/lib/x86_64-linux-gnu/libXdmcp.so.6.0.0
7f4b4e74b000-7f4b4e74d000 r-xp 00000000 08:03 18488246                   /usr/lib/x86_64-linux-gnu/libXau.so.6.0.0
7f4b4e74d000-7f4b4e94c000 ---p 00002000 08:03 18488246                   /usr/lib/x86_64-linux-gnu/libXau.so.6.0.0
7f4b4e94c000-7f4b4e94d000 r--p 00001000 08:03 18488246                   /usr/lib/x86_64-linux-gnu/libXau.so.6.0.0
7f4b4e94d000-7f4b4e94e000 rw-p 00002000 08:03 18488246                   /usr/lib/x86_64-linux-gnu/libXau.so.6.0.0
7f4b4e94e000-7f4b4e96b000 r-xp 00000000 08:03 18488845                   /usr/lib/x86_64-linux-gnu/libxcb.so.1.1.0
7f4b4e96b000-7f4b4eb6a000 ---p 0001d000 08:03 18488845                   /usr/lib/x86_64-linux-gnu/libxcb.so.1.1.0
7f4b4eb6a000-7f4b4eb6b000 r--p 0001c000 08:03 18488845                   /usr/lib/x86_64-linux-gnu/libxcb.so.1.1.0
7f4b4eb6b000-7f4b4eb6c000 rw-p 0001d000 08:03 18488845                   /usr/lib/x86_64-linux-gnu/libxcb.so.1.1.0
7f4b4eb6c000-7f4b4eb7a000 r-xp 00000000 08:03 18488265                   /usr/lib/x86_64-linux-gnu/libXi.so.6.1.0
7f4b4eb7a000-7f4b4ed79000 ---p 0000e000 08:03 18488265                   /usr/lib/x86_64-linux-gnu/libXi.so.6.1.0
7f4b4ed79000-7f4b4ed7a000 r--p 0000d000 08:03 18488265                   /usr/lib/x86_64-linux-gnu/libXi.so.6.1.0
7f4b4ed7a000-7f4b4ed7b000 rw-p 0000e000 08:03 18488265                   /usr/lib/x86_64-linux-gnu/libXi.so.6.1.0
7f4b4ed7b000-7f4b4ed80000 r-xp 00000000 08:03 18488283                   /usr/lib/x86_64-linux-gnu/libXtst.so.6.1.0
7f4b4ed80000-7f4b4ef7f000 ---p 00005000 08:03 18488283                   /usr/lib/x86_64-linux-gnu/libXtst.so.6.1.0
7f4b4ef7f000-7f4b4ef80000 r--p 00004000 08:03 18488283                   /usr/lib/x86_64-linux-gnu/libXtst.so.6.1.0
7f4b4ef80000-7f4b4ef81000 rw-p 00005000 08:03 18488283                   /usr/lib/x86_64-linux-gnu/libXtst.so.6.1.0
7f4b4ef81000-7f4b4ef8a000 r-xp 00000000 08:03 18488279                   /usr/lib/x86_64-linux-gnu/libXrender.so.1.3.0
7f4b4ef8a000-7f4b4f189000 ---p 00009000 08:03 18488279                   /usr/lib/x86_64-linux-gnu/libXrender.so.1.3.0
7f4b4f189000-7f4b4f18a000 r--p 00008000 08:03 18488279                   /usr/lib/x86_64-linux-gnu/libXrender.so.1.3.0
7f4b4f18a000-7f4b4f18b000 rw-p 00009000 08:03 18488279                   /usr/lib/x86_64-linux-gnu/libXrender.so.1.3.0
7f4b4f18b000-7f4b4f2ba000 r-xp 00000000 08:03 18488244                   /usr/lib/x86_64-linux-gnu/libX11.so.6.3.0
7f4b4f2ba000-7f4b4f4ba000 ---p 0012f000 08:03 18488244                   /usr/lib/x86_64-linux-gnu/libX11.so.6.3.0
7f4b4f4ba000-7f4b4f4bb000 r--p 0012f000 08:03 18488244                   /usr/lib/x86_64-linux-gnu/libX11.so.6.3.0
7f4b4f4bb000-7f4b4f4bf000 rw-p 00130000 08:03 18488244                   /usr/lib/x86_64-linux-gnu/libX11.so.6.3.0
7f4b4f4bf000-7f4b4f4cf000 r-xp 00000000 08:03 18488259                   /usr/lib/x86_64-linux-gnu/libXext.so.6.4.0
7f4b4f4cf000-7f4b4f6ce000 ---p 00010000 08:03 18488259                   /usr/lib/x86_64-linux-gnu/libXext.so.6.4.0
7f4b4f6ce000-7f4b4f6cf000 r--p 0000f000 08:03 18488259                   /usr/lib/x86_64-linux-gnu/libXext.so.6.4.0
7f4b4f6cf000-7f4b4f6d0000 rw-p 00010000 08:03 18488259                   /usr/lib/x86_64-linux-gnu/libXext.so.6.4.0
7f4b4f6d0000-7f4b4f71b000 r-xp 00000000 08:03 18618972                   /usr/lib/jvm/java-6-openjdk-amd64/jre/lib/amd64/xawt/libmawt.so
7f4b4f71b000-7f4b4f91b000 ---p 0004b000 08:03 18618972                   /usr/lib/jvm/java-6-openjdk-amd64/jre/lib/amd64/xawt/libmawt.so
7f4b4f91b000-7f4b4f91c000 r--p 0004b000 08:03 18618972                   /usr/lib/jvm/java-6-openjdk-amd64/jre/lib/amd64/xawt/libmawt.so
7f4b4f91c000-7f4b4f91f000 rw-p 0004c000 08:03 18618972                   /usr/lib/jvm/java-6-openjdk-amd64/jre/lib/amd64/xawt/libmawt.so
7f4b4f91f000-7f4b4f920000 rw-p 00000000 00:00 0 
7f4b4f920000-7f4b4f9cc000 r-xp 00000000 08:03 18618874                   /usr/lib/jvm/java-6-openjdk-amd64/jre/lib/amd64/libawt.so
7f4b4f9cc000-7f4b4fbcb000 ---p 000ac000 08:03 18618874                   /usr/lib/jvm/java-6-openjdk-amd64/jre/lib/amd64/libawt.so
7f4b4fbcb000-7f4b4fbcc000 r--p 000ab000 08:03 18618874                   /usr/lib/jvm/java-6-openjdk-amd64/jre/lib/amd64/libawt.so
7f4b4fbcc000-7f4b4fbd7000 rw-p 000ac000 08:03 18618874                   /usr/lib/jvm/java-6-openjdk-amd64/jre/lib/amd64/libawt.so
7f4b4fbd7000-7f4b4fbfc000 rw-p 00000000 00:00 0 
7f4b4fbfc000-7f4b4fbfd000 ---p 00000000 00:00 0 
7f4b4fbfd000-7f4b4fcfd000 rw-p 00000000 00:00 0 
7f4b4fcfd000-7f4b4fd00000 ---p 00000000 00:00 0 
7f4b4fd00000-7f4b4fdfe000 rw-p 00000000 00:00 0 
7f4b4fdfe000-7f4b4fe01000 ---p 00000000 00:00 0 
7f4b4fe01000-7f4b4feff000 rw-p 00000000 00:00 0 
7f4b4feff000-7f4b4ff02000 ---p 00000000 00:00 0 
7f4b4ff02000-7f4b50000000 rw-p 00000000 00:00 0 
7f4b50000000-7f4b50021000 rw-p 00000000 00:00 0 
7f4b50021000-7f4b54000000 ---p 00000000 00:00 0 
7f4b54000000-7f4b54001000 r--s 00001000 08:03 15598499                   /home/arwilczek90/workspace/Elements/lib/slick/lib/jnlp.jar
7f4b54001000-7f4b54002000 rw-s 00005000 00:05 10225                      /dev/ati/card0
7f4b54002000-7f4b54004000 rw-s 00002000 00:05 10225                      /dev/ati/card0
7f4b54004000-7f4b54005000 r--s 00000000 08:03 19927127                   /var/cache/fontconfig/c05880de57d1f5e948fdfacc138775d9-le64.cache-3
7f4b54005000-7f4b5400e000 r--s 00000000 08:03 19927122                   /var/cache/fontconfig/945677eb7aeaf62f1d50efc3fb3ec7d8-le64.cache-3
7f4b5400e000-7f4b54010000 r--s 00000000 08:03 19927123                   /var/cache/fontconfig/99e8ed0e538f840c565b6ed5dad60d56-le64.cache-3
7f4b54010000-7f4b54014000 r--s 00000000 08:03 19927109                   /var/cache/fontconfig/2cd17615ca594fa2959ae173292e504c-le64.cache-3
7f4b54014000-7f4b54017000 ---p 00000000 00:00 0 
7f4b54017000-7f4b54115000 rw-p 00000000 00:00 0 
7f4b54115000-7f4b547f8000 r--p 00000000 08:03 18487587                   /usr/lib/locale/locale-archive
7f4b547f8000-7f4b547fb000 ---p 00000000 00:00 0 
7f4b547fb000-7f4b548f9000 rw-p 00000000 00:00 0 
7f4b548f9000-7f4b548fc000 ---p 00000000 00:00 0 
7f4b548fc000-7f4b549fa000 rw-p 00000000 00:00 0 
7f4b549fa000-7f4b549fb000 ---p 00000000 00:00 0 
7f4b549fb000-7f4b55000000 rw-p 00000000 00:00 0 
7f4b55000000-7f4b55270000 rwxp 00000000 00:00 0 
7f4b55270000-7f4b58d51000 rw-p 00000000 00:00 0 
7f4b58d51000-7f4b5c000000 ---p 00000000 00:00 0 
7f4b5c000000-7f4b5c006000 r--s 00000000 08:03 19927124                   /var/cache/fontconfig/a755afe4a08bf5b97852ceb7400b47bc-le64.cache-3
7f4b5c006000-7f4b5c00f000 r--s 00000000 08:03 19927460                   /var/cache/fontconfig/6d41288fd70b0be22e8c3a91e032eec0-le64.cache-3
7f4b5c00f000-7f4b5c01f000 r--s 00000000 08:03 19927106                   /var/cache/fontconfig/04aabc0a78ac019cf9454389977116d2-le64.cache-3
7f4b5c01f000-7f4b5c022000 r--s 00000000 08:03 19927112                   /var/cache/fontconfig/385c0604a188198f04d133e54aba7fe7-le64.cache-3
7f4b5c022000-7f4b5c023000 r--s 00000000 08:03 19927113                   /var/cache/fontconfig/4794a0821666d79190d59a36cb4f44b5-le64.cache-3
7f4b5c023000-7f4b5c026000 r--s 00000000 08:03 19927121                   /var/cache/fontconfig/8801497958630a81b71ace7c5f9b32a8-le64.cache-3
7f4b5c026000-7f4b5c054000 r--s 00000000 08:03 19927454                   /var/cache/fontconfig/365b55f210c0a22e9a19e35191240f32-le64.cache-3
7f4b5c054000-7f4b5c059000 r--s 00000000 08:03 19927110                   /var/cache/fontconfig/3047814df9a2f067bd2d96a2b9c36e5a-le64.cache-3
7f4b5c059000-7f4b5c05a000 r--s 00000000 08:03 19927115                   /var/cache/fontconfig/56cf4f4769d0f4abc89a4895d7bd3ae1-le64.cache-3
7f4b5c05a000-7f4b5c05b000 r--s 00000000 08:03 19927126                   /var/cache/fontconfig/b9d506c9ac06c20b433354fa67a72993-le64.cache-3
7f4b5c05b000-7f4b5c060000 r--s 00000000 08:03 19927125                   /var/cache/fontconfig/b47c4e1ecd0709278f4910c18777a504-le64.cache-3
7f4b5c060000-7f4b5c070000 r--s 00000000 08:03 19927130                   /var/cache/fontconfig/d52a8644073d54c13679302ca1180695-le64.cache-3
7f4b5c070000-7f4b5c073000 r--s 00000000 08:03 19927196                   /var/cache/fontconfig/e13b20fdb08344e0e664864cc2ede53d-le64.cache-3
7f4b5c073000-7f4b5c077000 r--s 00000000 08:03 19927452                   /var/cache/fontconfig/7ef2298fde41cc6eeb7af42e48b7d293-le64.cache-3
7f4b5c077000-7f4b5c078000 r--s 00000000 08:03 19927127                   /var/cache/fontconfig/c05880de57d1f5e948fdfacc138775d9-le64.cache-3
7f4b5c078000-7f4b5c081000 r--s 00000000 08:03 19927122                   /var/cache/fontconfig/945677eb7aeaf62f1d50efc3fb3ec7d8-le64.cache-3
7f4b5c081000-7f4b5c083000 r--s 00000000 08:03 19927123                   /var/cache/fontconfig/99e8ed0e538f840c565b6ed5dad60d56-le64.cache-3
7f4b5c083000-7f4b5c087000 r--s 00000000 08:03 19927109                   /var/cache/fontconfig/2cd17615ca594fa2959ae173292e504c-le64.cache-3
7f4b5c087000-7f4b5c088000 r--s 00000000 08:03 19927134                   /var/cache/fontconfig/e7071f4a29fa870f4323321c154eba04-le64.cache-3
7f4b5c088000-7f4b5c089000 r--s 00000000 08:03 19927107                   /var/cache/fontconfig/0d8c3b2ac0904cb8a57a757ad11a4a08-le64.cache-3
7f4b5c089000-7f4b5c08f000 r--s 00000000 08:03 19927124                   /var/cache/fontconfig/a755afe4a08bf5b97852ceb7400b47bc-le64.cache-3
7f4b5c08f000-7f4b5c098000 r--s 00000000 08:03 19927460                   /var/cache/fontconfig/6d41288fd70b0be22e8c3a91e032eec0-le64.cache-3
7f4b5c098000-7f4b5c0a8000 r--s 00000000 08:03 19927106                   /var/cache/fontconfig/04aabc0a78ac019cf9454389977116d2-le64.cache-3
7f4b5c0a8000-7f4b5c0ab000 r--s 00000000 08:03 19927112                   /var/cache/fontconfig/385c0604a188198f04d133e54aba7fe7-le64.cache-3
7f4b5c0ab000-7f4b5c0ac000 r--s 00000000 08:03 19927113                   /var/cache/fontconfig/4794a0821666d79190d59a36cb4f44b5-le64.cache-3
7f4b5c0ac000-7f4b5c0af000 r--s 00000000 08:03 19927121                   /var/cache/fontconfig/8801497958630a81b71ace7c5f9b32a8-le64.cache-3
7f4b5c0af000-7f4b5c0dd000 r--s 00000000 08:03 19927454                   /var/cache/fontconfig/365b55f210c0a22e9a19e35191240f32-le64.cache-3
7f4b5c0dd000-7f4b5c0ed000 r--s 00000000 08:03 19927130                   /var/cache/fontconfig/d52a8644073d54c13679302ca1180695-le64.cache-3
7f4b5c0ed000-7f4b5c120000 rw-p 00000000 00:00 0 
7f4b5c120000-7f4b5c2b2000 r--s 037bf000 08:03 18618843                   /usr/lib/jvm/java-6-openjdk-amd64/jre/lib/rt.jar
7f4b5c2b2000-7f4b5c2da000 rw-p 00000000 00:00 0 
7f4b5c2da000-7f4b5c2db000 ---p 00000000 00:00 0 
7f4b5c2db000-7f4b5c3db000 rw-p 00000000 00:00 0 
7f4b5c3db000-7f4b5c3dc000 ---p 00000000 00:00 0 
7f4b5c3dc000-7f4b5c4dc000 rw-p 00000000 00:00 0 
7f4b5c4dc000-7f4b5c4dd000 ---p 00000000 00:00 0 
7f4b5c4dd000-7f4b5c5dd000 rw-p 00000000 00:00 0 
7f4b5c5dd000-7f4b5c5de000 ---p 00000000 00:00 0 
7f4b5c5de000-7f4b5c6e9000 rw-p 00000000 00:00 0 
7f4b5c6e9000-7f4b5c731000 rw-p 00000000 00:00 0 
7f4b5c731000-7f4b5c758000 rw-p 00000000 00:00 0 
7f4b5c758000-7f4b5c99f000 rw-p 00000000 00:00 0 
7f4b5c99f000-7f4b5c9aa000 rw-p 00000000 00:00 0 
7f4b5c9aa000-7f4b5c9f2000 rw-p 00000000 00:00 0 
7f4b5c9f2000-7f4b5ca19000 rw-p 00000000 00:00 0 
7f4b5ca19000-7f4b5cc60000 rw-p 00000000 00:00 0 
7f4b5cc60000-7f4b5cc74000 rw-p 00000000 00:00 0 
7f4b5cc74000-7f4b5cd97000 rw-p 00000000 00:00 0 
7f4b5cd97000-7f4b5cd98000 rw-p 00000000 00:00 0 
7f4b5cd98000-7f4b5cd9f000 r-xp 00000000 08:03 18618888                   /usr/lib/jvm/java-6-openjdk-amd64/jre/lib/amd64/libzip.so
7f4b5cd9f000-7f4b5cf9e000 ---p 00007000 08:03 18618888                   /usr/lib/jvm/java-6-openjdk-amd64/jre/lib/amd64/libzip.so
7f4b5cf9e000-7f4b5cf9f000 r--p 00006000 08:03 18618888                   /usr/lib/jvm/java-6-openjdk-amd64/jre/lib/amd64/libzip.so
7f4b5cf9f000-7f4b5cfa0000 rw-p 00007000 08:03 18618888                   /usr/lib/jvm/java-6-openjdk-amd64/jre/lib/amd64/libzip.so
7f4b5cfa0000-7f4b5cfac000 r-xp 00000000 08:03 21758081                   /lib/x86_64-linux-gnu/libnss_files-2.15.so
7f4b5cfac000-7f4b5d1ab000 ---p 0000c000 08:03 21758081                   /lib/x86_64-linux-gnu/libnss_files-2.15.so
7f4b5d1ab000-7f4b5d1ac000 r--p 0000b000 08:03 21758081                   /lib/x86_64-linux-gnu/libnss_files-2.15.so
7f4b5d1ac000-7f4b5d1ad000 rw-p 0000c000 08:03 21758081                   /lib/x86_64-linux-gnu/libnss_files-2.15.so
7f4b5d1ad000-7f4b5d1b7000 r-xp 00000000 08:03 21758077                   /lib/x86_64-linux-gnu/libnss_nis-2.15.so
7f4b5d1b7000-7f4b5d3b7000 ---p 0000a000 08:03 21758077                   /lib/x86_64-linux-gnu/libnss_nis-2.15.so
7f4b5d3b7000-7f4b5d3b8000 r--p 0000a000 08:03 21758077                   /lib/x86_64-linux-gnu/libnss_nis-2.15.so
7f4b5d3b8000-7f4b5d3b9000 rw-p 0000b000 08:03 21758077                   /lib/x86_64-linux-gnu/libnss_nis-2.15.so
7f4b5d3b9000-7f4b5d3d0000 r-xp 00000000 08:03 21761730                   /lib/x86_64-linux-gnu/libnsl-2.15.so
7f4b5d3d0000-7f4b5d5cf000 ---p 00017000 08:03 21761730                   /lib/x86_64-linux-gnu/libnsl-2.15.so
7f4b5d5cf000-7f4b5d5d0000 r--p 00016000 08:03 21761730                   /lib/x86_64-linux-gnu/libnsl-2.15.so
7f4b5d5d0000-7f4b5d5d1000 rw-p 00017000 08:03 21761730                   /lib/x86_64-linux-gnu/libnsl-2.15.so
7f4b5d5d1000-7f4b5d5d3000 rw-p 00000000 00:00 0 
7f4b5d5d3000-7f4b5d5db000 r-xp 00000000 08:03 21758082                   /lib/x86_64-linux-gnu/libnss_compat-2.15.so
7f4b5d5db000-7f4b5d7da000 ---p 00008000 08:03 21758082                   /lib/x86_64-linux-gnu/libnss_compat-2.15.so
7f4b5d7da000-7f4b5d7db000 r--p 00007000 08:03 21758082                   /lib/x86_64-linux-gnu/libnss_compat-2.15.so
7f4b5d7db000-7f4b5d7dc000 rw-p 00008000 08:03 21758082                   /lib/x86_64-linux-gnu/libnss_compat-2.15.so
7f4b5d7dc000-7f4b5d808000 r-xp 00000000 08:03 18618873                   /usr/lib/jvm/java-6-openjdk-amd64/jre/lib/amd64/libjava.so
7f4b5d808000-7f4b5da07000 ---p 0002c000 08:03 18618873                   /usr/lib/jvm/java-6-openjdk-amd64/jre/lib/amd64/libjava.so
7f4b5da07000-7f4b5da08000 r--p 0002b000 08:03 18618873                   /usr/lib/jvm/java-6-openjdk-amd64/jre/lib/amd64/libjava.so
7f4b5da08000-7f4b5da0b000 rw-p 0002c000 08:03 18618873                   /usr/lib/jvm/java-6-openjdk-amd64/jre/lib/amd64/libjava.so
7f4b5da0b000-7f4b5da19000 r-xp 00000000 08:03 18618872                   /usr/lib/jvm/java-6-openjdk-amd64/jre/lib/amd64/libverify.so
7f4b5da19000-7f4b5dc18000 ---p 0000e000 08:03 18618872                   /usr/lib/jvm/java-6-openjdk-amd64/jre/lib/amd64/libverify.so
7f4b5dc18000-7f4b5dc1a000 r--p 0000d000 08:03 18618872                   /usr/lib/jvm/java-6-openjdk-amd64/jre/lib/amd64/libverify.so
7f4b5dc1a000-7f4b5dc1b000 rw-p 0000f000 08:03 18618872                   /usr/lib/jvm/java-6-openjdk-amd64/jre/lib/amd64/libverify.so
7f4b5dc1b000-7f4b5dc22000 r-xp 00000000 08:03 21758075                   /lib/x86_64-linux-gnu/librt-2.15.so
7f4b5dc22000-7f4b5de21000 ---p 00007000 08:03 21758075                   /lib/x86_64-linux-gnu/librt-2.15.so
7f4b5de21000-7f4b5de22000 r--p 00006000 08:03 21758075                   /lib/x86_64-linux-gnu/librt-2.15.so
7f4b5de22000-7f4b5de23000 rw-p 00007000 08:03 21758075                   /lib/x86_64-linux-gnu/librt-2.15.so
7f4b5de23000-7f4b5de38000 r-xp 00000000 08:03 21761542                   /lib/x86_64-linux-gnu/libgcc_s.so.1
7f4b5de38000-7f4b5e037000 ---p 00015000 08:03 21761542                   /lib/x86_64-linux-gnu/libgcc_s.so.1
7f4b5e037000-7f4b5e038000 r--p 00014000 08:03 21761542                   /lib/x86_64-linux-gnu/libgcc_s.so.1
7f4b5e038000-7f4b5e039000 rw-p 00015000 08:03 21761542                   /lib/x86_64-linux-gnu/libgcc_s.so.1
7f4b5e039000-7f4b5e132000 r-xp 00000000 08:03 21758079                   /lib/x86_64-linux-gnu/libm-2.15.so
7f4b5e132000-7f4b5e331000 ---p 000f9000 08:03 21758079                   /lib/x86_64-linux-gnu/libm-2.15.so
7f4b5e331000-7f4b5e332000 r--p 000f8000 08:03 21758079                   /lib/x86_64-linux-gnu/libm-2.15.so
7f4b5e332000-7f4b5e333000 rw-p 000f9000 08:03 21758079                   /lib/x86_64-linux-gnu/libm-2.15.so
7f4b5e333000-7f4b5e415000 r-xp 00000000 08:03 18488773                   /usr/lib/x86_64-linux-gnu/libstdc++.so.6.0.16
7f4b5e415000-7f4b5e614000 ---p 000e2000 08:03 18488773                   /usr/lib/x86_64-linux-gnu/libstdc++.so.6.0.16
7f4b5e614000-7f4b5e61c000 r--p 000e1000 08:03 18488773                   /usr/lib/x86_64-linux-gnu/libstdc++.so.6.0.16
7f4b5e61c000-7f4b5e61e000 rw-p 000e9000 08:03 18488773                   /usr/lib/x86_64-linux-gnu/libstdc++.so.6.0.16
7f4b5e61e000-7f4b5e633000 rw-p 00000000 00:00 0 
7f4b5e633000-7f4b5ef37000 r-xp 00000000 08:03 18618878                   /usr/lib/jvm/java-6-openjdk-amd64/jre/lib/amd64/server/libjvm.so
7f4b5ef37000-7f4b5f137000 ---p 00904000 08:03 18618878                   /usr/lib/jvm/java-6-openjdk-amd64/jre/lib/amd64/server/libjvm.so
7f4b5f137000-7f4b5f1b7000 r--p 00904000 08:03 18618878                   /usr/lib/jvm/java-6-openjdk-amd64/jre/lib/amd64/server/libjvm.so
7f4b5f1b7000-7f4b5f1d2000 rw-p 00984000 08:03 18618878                   /usr/lib/jvm/java-6-openjdk-amd64/jre/lib/amd64/server/libjvm.so
7f4b5f1d2000-7f4b5f1fb000 rw-p 00000000 00:00 0 
7f4b5f1fb000-7f4b5f211000 r-xp 00000000 08:03 21761632                   /lib/x86_64-linux-gnu/libz.so.1.2.3.4
7f4b5f211000-7f4b5f410000 ---p 00016000 08:03 21761632                   /lib/x86_64-linux-gnu/libz.so.1.2.3.4
7f4b5f410000-7f4b5f411000 r--p 00015000 08:03 21761632                   /lib/x86_64-linux-gnu/libz.so.1.2.3.4
7f4b5f411000-7f4b5f412000 rw-p 00016000 08:03 21761632                   /lib/x86_64-linux-gnu/libz.so.1.2.3.4
7f4b5f412000-7f4b5f5c7000 r-xp 00000000 08:03 21757975                   /lib/x86_64-linux-gnu/libc-2.15.so
7f4b5f5c7000-7f4b5f7c6000 ---p 001b5000 08:03 21757975                   /lib/x86_64-linux-gnu/libc-2.15.so
7f4b5f7c6000-7f4b5f7ca000 r--p 001b4000 08:03 21757975                   /lib/x86_64-linux-gnu/libc-2.15.so
7f4b5f7ca000-7f4b5f7cc000 rw-p 001b8000 08:03 21757975                   /lib/x86_64-linux-gnu/libc-2.15.so
7f4b5f7cc000-7f4b5f7d1000 rw-p 00000000 00:00 0 
7f4b5f7d1000-7f4b5f7d3000 r-xp 00000000 08:03 21757964                   /lib/x86_64-linux-gnu/libdl-2.15.so
7f4b5f7d3000-7f4b5f9d3000 ---p 00002000 08:03 21757964                   /lib/x86_64-linux-gnu/libdl-2.15.so
7f4b5f9d3000-7f4b5f9d4000 r--p 00002000 08:03 21757964                   /lib/x86_64-linux-gnu/libdl-2.15.so
7f4b5f9d4000-7f4b5f9d5000 rw-p 00003000 08:03 21757964                   /lib/x86_64-linux-gnu/libdl-2.15.so
7f4b5f9d5000-7f4b5f9d9000 r-xp 00000000 08:03 18618855                   /usr/lib/jvm/java-6-openjdk-amd64/jre/lib/amd64/jli/libjli.so
7f4b5f9d9000-7f4b5fbd8000 ---p 00004000 08:03 18618855                   /usr/lib/jvm/java-6-openjdk-amd64/jre/lib/amd64/jli/libjli.so
7f4b5fbd8000-7f4b5fbd9000 r--p 00003000 08:03 18618855                   /usr/lib/jvm/java-6-openjdk-amd64/jre/lib/amd64/jli/libjli.so
7f4b5fbd9000-7f4b5fbda000 rw-p 00004000 08:03 18618855                   /usr/lib/jvm/java-6-openjdk-amd64/jre/lib/amd64/jli/libjli.so
7f4b5fbda000-7f4b5fbf2000 r-xp 00000000 08:03 21758073                   /lib/x86_64-linux-gnu/libpthread-2.15.so
7f4b5fbf2000-7f4b5fdf1000 ---p 00018000 08:03 21758073                   /lib/x86_64-linux-gnu/libpthread-2.15.so
7f4b5fdf1000-7f4b5fdf2000 r--p 00017000 08:03 21758073                   /lib/x86_64-linux-gnu/libpthread-2.15.so
7f4b5fdf2000-7f4b5fdf3000 rw-p 00018000 08:03 21758073                   /lib/x86_64-linux-gnu/libpthread-2.15.so
7f4b5fdf3000-7f4b5fdf7000 rw-p 00000000 00:00 0 
7f4b5fdf7000-7f4b5fe19000 r-xp 00000000 08:03 21758085                   /lib/x86_64-linux-gnu/ld-2.15.so
7f4b5fe19000-7f4b5fe1a000 r--s 00000000 08:03 19927134                   /var/cache/fontconfig/e7071f4a29fa870f4323321c154eba04-le64.cache-3
7f4b5fe1a000-7f4b5fe1b000 r--s 00000000 08:03 19927107                   /var/cache/fontconfig/0d8c3b2ac0904cb8a57a757ad11a4a08-le64.cache-3
7f4b5fe1b000-7f4b5fe20000 r--s 00000000 08:03 19927110                   /var/cache/fontconfig/3047814df9a2f067bd2d96a2b9c36e5a-le64.cache-3
7f4b5fe20000-7f4b5fe21000 r--s 00000000 08:03 19927115                   /var/cache/fontconfig/56cf4f4769d0f4abc89a4895d7bd3ae1-le64.cache-3
7f4b5fe21000-7f4b5fe26000 r--s 00000000 08:03 19927125                   /var/cache/fontconfig/b47c4e1ecd0709278f4910c18777a504-le64.cache-3
7f4b5fe26000-7f4b5fe29000 r--s 00000000 08:03 19927196                   /var/cache/fontconfig/e13b20fdb08344e0e664864cc2ede53d-le64.cache-3
7f4b5fe29000-7f4b5fe2d000 r--s 00000000 08:03 19927452                   /var/cache/fontconfig/7ef2298fde41cc6eeb7af42e48b7d293-le64.cache-3
7f4b5fe2d000-7f4b5fe30000 r--s 0007d000 08:03 18618443                   /usr/lib/jvm/java-6-openjdk-common/jre/lib/jsse.jar
7f4b5fe30000-7f4b5fe37000 r--s 00073000 08:03 15597691                   /home/arwilczek90/workspace/Elements/lib/lwjgl.jar
7f4b5fe37000-7f4b5fe41000 rw-p 00000000 00:00 0 
7f4b5fe41000-7f4b5fef7000 rw-p 00000000 00:00 0 
7f4b5fef7000-7f4b5fefa000 ---p 00000000 00:00 0 
7f4b5fefa000-7f4b5fffd000 rw-p 00000000 00:00 0 
7f4b5fffd000-7f4b5fffe000 r--s 00000000 08:03 19927126                   /var/cache/fontconfig/b9d506c9ac06c20b433354fa67a72993-le64.cache-3
7f4b5fffe000-7f4b60000000 r--s 0000f000 08:03 18618803                   /usr/lib/jvm/java-6-openjdk-common/jre/lib/ext/pulse-java.jar
7f4b60000000-7f4b60003000 r--s 00077000 08:03 18618797                   /usr/lib/jvm/java-6-openjdk-common/jre/lib/ext/localedata.jar
7f4b60003000-7f4b60004000 r--s 00007000 08:03 18748229                   /usr/share/java/java-atk-wrapper.jar
7f4b60004000-7f4b60006000 r--s 00001000 08:03 18618801                   /usr/lib/jvm/java-6-openjdk-common/jre/lib/ext/dnsns.jar
7f4b60006000-7f4b6000a000 r--s 00038000 08:03 18618795                   /usr/lib/jvm/java-6-openjdk-common/jre/lib/ext/sunpkcs11.jar
7f4b6000a000-7f4b6000d000 r--s 00031000 08:03 18618799                   /usr/lib/jvm/java-6-openjdk-common/jre/lib/ext/sunjce_provider.jar
7f4b6000d000-7f4b60015000 rw-s 00000000 08:03 8126549                    /tmp/hsperfdata_arwilczek90/6324 (deleted)
7f4b60015000-7f4b60016000 rw-p 00000000 00:00 0 
7f4b60016000-7f4b60017000 ---p 00000000 00:00 0 
7f4b60017000-7f4b60019000 rw-p 00000000 00:00 0 
7f4b60019000-7f4b6001a000 r--p 00022000 08:03 21758085                   /lib/x86_64-linux-gnu/ld-2.15.so
7f4b6001a000-7f4b6001c000 rw-p 00023000 08:03 21758085                   /lib/x86_64-linux-gnu/ld-2.15.so
7fff80352000-7fff80373000 rw-p 00000000 00:00 0                          [stack]
7fff803ff000-7fff80400000 r-xp 00000000 00:00 0                          [vdso]
ffffffffff600000-ffffffffff601000 r-xp 00000000 00:00 0                  [vsyscall]

VM Arguments:
jvm_args: -Djava.library.path=/home/arwilczek90/workspace/Elements/lib/slick:/home/arwilczek90/workspace/Elements/lib/slick -Dfile.encoding=UTF-8 
java_command: com.hack.elements.view.Main
Launcher Type: SUN_STANDARD

Environment Variables:
PATH=/usr/lib/lightdm/lightdm:/usr/local/sbin:/usr/local/bin:/usr/sbin:/usr/bin:/sbin:/bin:/usr/games
LD_LIBRARY_PATH=/usr/lib/jvm/java-6-openjdk-amd64/jre/lib/amd64/server:/usr/lib/jvm/java-6-openjdk-amd64/jre/lib/amd64:/usr/lib/jvm/java-6-openjdk-amd64/jre/../lib/amd64
SHELL=/bin/bash
DISPLAY=:0.0

Signal Handlers:
SIGSEGV: [libjvm.so+0x784310], sa_mask[0]=0x7ffbfeff, sa_flags=0x10000004
SIGBUS: [libjvm.so+0x784310], sa_mask[0]=0x7ffbfeff, sa_flags=0x10000004
SIGFPE: [libjvm.so+0x648580], sa_mask[0]=0x7ffbfeff, sa_flags=0x10000004
SIGPIPE: [libjvm.so+0x648580], sa_mask[0]=0x7ffbfeff, sa_flags=0x10000004
SIGXFSZ: [libjvm.so+0x648580], sa_mask[0]=0x7ffbfeff, sa_flags=0x10000004
SIGILL: [libjvm.so+0x648580], sa_mask[0]=0x7ffbfeff, sa_flags=0x10000004
SIGUSR1: SIG_DFL, sa_mask[0]=0x00000000, sa_flags=0x00000000
SIGUSR2: [libjvm.so+0x648730], sa_mask[0]=0x00000004, sa_flags=0x10000004
SIGHUP: [libjvm.so+0x64b250], sa_mask[0]=0x7ffbfeff, sa_flags=0x10000004
SIGINT: [libjvm.so+0x64b250], sa_mask[0]=0x7ffbfeff, sa_flags=0x10000004
SIGTERM: [libjvm.so+0x64b250], sa_mask[0]=0x7ffbfeff, sa_flags=0x10000004
SIGQUIT: [libjvm.so+0x64b250], sa_mask[0]=0x7ffbfeff, sa_flags=0x10000004


---------------  S Y S T E M  ---------------

OS:Ubuntu 12.04 (precise)
uname:Linux 3.2.0-32-generic #51-Ubuntu SMP Wed Sep 26 21:33:09 UTC 2012 x86_64
libc:glibc 2.15 NPTL 2.15 
rlimit: STACK 8192k, CORE 0k, NPROC 59545, NOFILE 4096, AS infinity
load average:0.51 0.88 0.91

/proc/meminfo:
MemTotal:        7639648 kB
MemFree:         4127056 kB
Buffers:          102956 kB
Cached:          1116728 kB
SwapCached:            0 kB
Active:          2342428 kB
Inactive:         701748 kB
Active(anon):    1824964 kB
Inactive(anon):    16112 kB
Active(file):     517464 kB
Inactive(file):   685636 kB
Unevictable:          20 kB
Mlocked:              20 kB
SwapTotal:       3818492 kB
SwapFree:        3818492 kB
Dirty:               124 kB
Writeback:             0 kB
AnonPages:       1824540 kB
Mapped:           329684 kB
Shmem:             16576 kB
Slab:              91904 kB
SReclaimable:      60860 kB
SUnreclaim:        31044 kB
KernelStack:        4560 kB
PageTables:        38400 kB
NFS_Unstable:          0 kB
Bounce:                0 kB
WritebackTmp:          0 kB
CommitLimit:     7638316 kB
Committed_AS:    4871660 kB
VmallocTotal:   34359738367 kB
VmallocUsed:      116912 kB
VmallocChunk:   34359619344 kB
HardwareCorrupted:     0 kB
AnonHugePages:         0 kB
HugePages_Total:       0
HugePages_Free:        0
HugePages_Rsvd:        0
HugePages_Surp:        0
Hugepagesize:       2048 kB
DirectMap4k:      186368 kB
DirectMap2M:     5560320 kB
DirectMap1G:     2097152 kB


CPU:total 4 (4 cores per cpu, 1 threads per core) family 18 model 1 stepping 0, cmov, cx8, fxsr, mmx, sse, sse2, sse3, popcnt, mmxext, 3dnowpref, lzcnt, sse4a

Memory: 4k page, physical 7639648k(4127056k free), swap 3818492k(3818492k free)

vm_info: OpenJDK 64-Bit Server VM (20.0-b12) for linux-amd64 JRE (1.6.0_24-b24), built on Sep  2 2012 19:50:47 by "buildd" with gcc 4.6.3

time: Sat Oct 13 16:10:25 2012
elapsed time: 5386 seconds

