#
# A fatal error has been detected by the Java Runtime Environment:
#
#  SIGSEGV (0xb) at pc=0x00007f73a29c1c58, pid=12904, tid=140134720698112
#
# JRE version: 6.0_24-b24
# Java VM: OpenJDK 64-Bit Server VM (20.0-b12 mixed mode linux-amd64 compressed oops)
# Derivative: IcedTea6 1.11.4
# Distribution: Ubuntu 12.04 LTS, package 6b24-1.11.4-1ubuntu0.12.04.1
# Problematic frame:
# C  [libX11.so.6+0x33c58]  XQueryExtension+0x28
#
# If you would like to submit a bug report, please include
# instructions how to reproduce the bug and visit:
#   https://bugs.launchpad.net/ubuntu/+source/openjdk-6/
#

---------------  T H R E A D  ---------------

Current thread (0x00007f73ac070000):  VMThread [stack: 0x00007f73a82f7000,0x00007f73a83f8000] [id=12914]

siginfo:si_signo=SIGSEGV: si_errno=0, si_code=1 (SEGV_MAPERR), si_addr=0xffffffffac2408c8

Registers:
RAX=0x00007f73840008c0, RBX=0xffffffffac23ff60, RCX=0x00007f73a83f67d8, RDX=0x00007f73a83f67d4
RSP=0x00007f73a83f6770, RBP=0x00007f73a0999932, RSI=0x00007f73a0999932, RDI=0xffffffffac23ff60
R8 =0x00007f73a83f67dc, R9 =0x0000000000000000, R10=0x00007f73b3022fa8, R11=0x00007f73b2ca2ca0
R12=0x0000000000000000, R13=0x00007f73a0999932, R14=0x00007f73840008c0, R15=0x0000000000000000
RIP=0x00007f73a29c1c58, EFLAGS=0x0000000000010202, CSGSFS=0x0000000000000033, ERR=0x0000000000000005
  TRAPNO=0x000000000000000e

Top of Stack: (sp=0x00007f73a83f6770)
0x00007f73a83f6770:   00007f73b2c75790 00007f73b38519e8
0x00007f73a83f6780:   00007f73a909f400 00007f73a909f460
0x00007f73a83f6790:   00000000ffffffff ffffffffac23ff60
0x00007f73a83f67a0:   00007f73a0999932 0000000000000000
0x00007f73a83f67b0:   00007f73a0999932 00007f73840008c0
0x00007f73a83f67c0:   0000000000000000 00007f73a29b5c55
0x00007f73a83f67d0:   00007f73b386f048 00007f73a0ad2520
0x00007f73a83f67e0:   00007f73a0ad2520 ffffffffac23ff60
0x00007f73a83f67f0:   00007f73ac1ae2d0 00007f73a2ccf02b
0x00007f73a83f6800:   00007f73b2c75790 000000110000002c
0x00007f73a83f6810:   00007f73a83f6890 0000000000000000
0x00007f73a83f6820:   00007f73a83f6890 ffffffffac23ff60
0x00007f73a83f6830:   0000000000000000 00007f73b386f048
0x00007f73a83f6840:   00007f73a0aebd50 00007f73a0940119
0x00007f73a83f6850:   0000000000000000 000000000000002c
0x00007f73a83f6860:   00007f73a83f6890 00007f73a83f68b0
0x00007f73a83f6870:   0000000000000000 00007f73b386f048
0x00007f73a83f6880:   00007f73ac23fac0 00007f73a0936b42
0x00007f73a83f6890:   00007f73a83f6a80 00007f73a09998b1
0x00007f73a83f68a0:   00007f73a83f6a80 00007f73b365b92d
0x00007f73a83f68b0:   00007f73b38702c8 00007f73b3870858
0x00007f73a83f68c0:   00007f73b3851000 00007f73ac006a00
0x00007f73a83f68d0:   00007f73ac007510 00007f73ac006eb0
0x00007f73a83f68e0:   00007f73ac007a10 00007f73ac00c6f0
0x00007f73a83f68f0:   00007f73ac157f00 00007f73ac16e510
0x00007f73a83f6900:   00007f73b3850000 00007f73ac23c4c0
0x00007f73a83f6910:   00007f73ac236fd0 00007f73ac237470
0x00007f73a83f6920:   00007f73ac23c990 00007f73ac23ce30
0x00007f73a83f6930:   00007f73ac23d2d0 00007f73ac121910
0x00007f73a83f6940:   00007f73ac11d100 00007f73ac0025e0
0x00007f73a83f6950:   00007f73ac001ec0 00000000018365f0
0x00007f73a83f6960:   0000000001836b60 0000000001837570 

Instructions: (pc=0x00007f73a29c1c58)
0x00007f73a29c1c38:   24 d8 48 89 fb 4c 89 64 24 e0 4c 89 6c 24 e8 48
0x00007f73a29c1c48:   89 f5 4c 89 74 24 f0 4c 89 7c 24 f8 48 83 ec 58
0x00007f73a29c1c58:   48 8b 87 68 09 00 00 49 89 d4 49 89 cd 4d 89 c6
0x00007f73a29c1c68:   48 85 c0 74 02 ff 10 ba 08 00 00 00 be 62 00 00 

Register to memory mapping:

RAX=0x00007f73840008c0 is an unknown value
RBX=0xffffffffac23ff60 is an unknown value
RCX=0x00007f73a83f67d8 is an unknown value
RDX=0x00007f73a83f67d4 is an unknown value
RSP=0x00007f73a83f6770 is an unknown value
RBP=0x00007f73a0999932: <offset 0x96932> in /usr/lib/fglrx/libGL.so.1 at 0x00007f73a0903000
RSI=0x00007f73a0999932: <offset 0x96932> in /usr/lib/fglrx/libGL.so.1 at 0x00007f73a0903000
RDI=0xffffffffac23ff60 is an unknown value
R8 =0x00007f73a83f67dc is an unknown value
R9 =0x0000000000000000 is an unknown value
R10=0x00007f73b3022fa8: <offset 0x3bbfa8> in /lib/x86_64-linux-gnu/libc.so.6 at 0x00007f73b2c67000
R11=0x00007f73b2ca2ca0: __cxa_finalize+0 in /lib/x86_64-linux-gnu/libc.so.6 at 0x00007f73b2c67000
R12=0x0000000000000000 is an unknown value
R13=0x00007f73a0999932: <offset 0x96932> in /usr/lib/fglrx/libGL.so.1 at 0x00007f73a0903000
R14=0x00007f73840008c0 is an unknown value
R15=0x0000000000000000 is an unknown value


Stack: [0x00007f73a82f7000,0x00007f73a83f8000],  sp=0x00007f73a83f6770,  free space=1021k
Native frames: (J=compiled Java code, j=interpreted, Vv=VM code, C=native code)
C  [libX11.so.6+0x33c58]  XQueryExtension+0x28

VM_Operation (0x00007f7399530460): Exit, mode: safepoint, requested by thread 0x00007f7380001000


---------------  P R O C E S S  ---------------

Java Threads: ( => current thread )
  0x00007f7380001000 JavaThread "SIGTERM handler" daemon [_thread_blocked, id=12945, stack(0x00007f7399431000,0x00007f7399532000)]
  0x00007f73acb08000 JavaThread "Thread-2" daemon [_thread_blocked, id=12925, stack(0x00007f73a0347000,0x00007f73a0448000)]
  0x00007f73ac23c000 JavaThread "AWT-XAWT" daemon [_thread_blocked, id=12924, stack(0x00007f73a125e000,0x00007f73a135f000)]
  0x00007f73ac17f800 JavaThread "Java2D Disposer" daemon [_thread_blocked, id=12922, stack(0x00007f73a176f000,0x00007f73a1870000)]
  0x00007f73ac09e800 JavaThread "Low Memory Detector" daemon [_thread_blocked, id=12920, stack(0x00007f73a3519000,0x00007f73a361a000)]
  0x00007f73ac09c000 JavaThread "C2 CompilerThread1" daemon [_thread_blocked, id=12919, stack(0x00007f73a361a000,0x00007f73a371b000)]
  0x00007f73ac099800 JavaThread "C2 CompilerThread0" daemon [_thread_blocked, id=12918, stack(0x00007f73a371b000,0x00007f73a381c000)]
  0x00007f73ac098000 JavaThread "Signal Dispatcher" daemon [_thread_blocked, id=12917, stack(0x00007f73a381c000,0x00007f73a391d000)]
  0x00007f73ac079000 JavaThread "Finalizer" daemon [_thread_blocked, id=12916, stack(0x00007f73a80f5000,0x00007f73a81f6000)]
  0x00007f73ac077000 JavaThread "Reference Handler" daemon [_thread_blocked, id=12915, stack(0x00007f73a81f6000,0x00007f73a82f7000)]
  0x00007f73ac008800 JavaThread "main" [_thread_blocked, id=12909, stack(0x00007f73b374c000,0x00007f73b384d000)]

Other Threads:
=>0x00007f73ac070000 VMThread [stack: 0x00007f73a82f7000,0x00007f73a83f8000] [id=12914]

VM state:at safepoint (shutting down)

VM Mutex/Monitor currently owned by a thread:  ([mutex/lock_event])
[0x00007f73ac004dd0] Threads_lock - owner thread: 0x00007f73ac070000

Heap
 PSYoungGen      total 34880K, used 19317K [0x00000000d9200000, 0x00000000db8e0000, 0x0000000100000000)
  eden space 29952K, 64% used [0x00000000d9200000,0x00000000da4dd4d8,0x00000000daf40000)
  from space 4928K, 0% used [0x00000000db410000,0x00000000db410000,0x00000000db8e0000)
  to   space 4928K, 0% used [0x00000000daf40000,0x00000000daf40000,0x00000000db410000)
 PSOldGen        total 79616K, used 0K [0x000000008b600000, 0x00000000903c0000, 0x00000000d9200000)
  object space 79616K, 0% used [0x000000008b600000,0x000000008b600000,0x00000000903c0000)
 PSPermGen       total 21248K, used 11331K [0x0000000081000000, 0x00000000824c0000, 0x000000008b600000)
  object space 21248K, 53% used [0x0000000081000000,0x0000000081b10f50,0x00000000824c0000)

Code Cache  [0x00007f73a9000000, 0x00007f73a9270000, 0x00007f73ac000000)
 total_blobs=635 nmethods=155 adapters=434 free_code_cache=49512768 largest_free_block=18112

Dynamic libraries:
00400000-00409000 r-xp 00000000 08:03 18618890                           /usr/lib/jvm/java-6-openjdk-amd64/jre/bin/java
00608000-00609000 r--p 00008000 08:03 18618890                           /usr/lib/jvm/java-6-openjdk-amd64/jre/bin/java
00609000-0060a000 rw-p 00009000 08:03 18618890                           /usr/lib/jvm/java-6-openjdk-amd64/jre/bin/java
01836000-01857000 rw-p 00000000 00:00 0                                  [heap]
81000000-824c0000 rw-p 00000000 00:00 0 
824c0000-8b600000 rw-p 00000000 00:00 0 
8b600000-903c0000 rw-p 00000000 00:00 0 
903c0000-d9200000 rw-p 00000000 00:00 0 
d9200000-db8e0000 rw-p 00000000 00:00 0 
db8e0000-100000000 rw-p 00000000 00:00 0 
7f734c000000-7f734c021000 rw-p 00000000 00:00 0 
7f734c021000-7f7350000000 ---p 00000000 00:00 0 
7f7354000000-7f7354021000 rw-p 00000000 00:00 0 
7f7354021000-7f7358000000 ---p 00000000 00:00 0 
7f7358000000-7f7358021000 rw-p 00000000 00:00 0 
7f7358021000-7f735c000000 ---p 00000000 00:00 0 
7f735c000000-7f735c021000 rw-p 00000000 00:00 0 
7f735c021000-7f7360000000 ---p 00000000 00:00 0 
7f7360000000-7f7360021000 rw-p 00000000 00:00 0 
7f7360021000-7f7364000000 ---p 00000000 00:00 0 
7f7364000000-7f7364021000 rw-p 00000000 00:00 0 
7f7364021000-7f7368000000 ---p 00000000 00:00 0 
7f7368000000-7f7368021000 rw-p 00000000 00:00 0 
7f7368021000-7f736c000000 ---p 00000000 00:00 0 
7f736c000000-7f736c021000 rw-p 00000000 00:00 0 
7f736c021000-7f7370000000 ---p 00000000 00:00 0 
7f7370000000-7f7370021000 rw-p 00000000 00:00 0 
7f7370021000-7f7374000000 ---p 00000000 00:00 0 
7f7374000000-7f73741c3000 rw-p 00000000 00:00 0 
7f73741c3000-7f7378000000 ---p 00000000 00:00 0 
7f7378000000-7f7378c96000 rw-p 00000000 00:00 0 
7f7378c96000-7f737c000000 ---p 00000000 00:00 0 
7f737c000000-7f737c021000 rw-p 00000000 00:00 0 
7f737c021000-7f7380000000 ---p 00000000 00:00 0 
7f7380000000-7f7380021000 rw-p 00000000 00:00 0 
7f7380021000-7f7384000000 ---p 00000000 00:00 0 
7f7384000000-7f7384021000 rw-p 00000000 00:00 0 
7f7384021000-7f7388000000 ---p 00000000 00:00 0 
7f7388000000-7f7388021000 rw-p 00000000 00:00 0 
7f7388021000-7f738c000000 ---p 00000000 00:00 0 
7f738c000000-7f738c021000 rw-p 00000000 00:00 0 
7f738c021000-7f7390000000 ---p 00000000 00:00 0 
7f7394000000-7f7394021000 rw-p 00000000 00:00 0 
7f7394021000-7f7398000000 ---p 00000000 00:00 0 
7f7398e2e000-7f7398e31000 ---p 00000000 00:00 0 
7f7398e31000-7f7398f2f000 rw-p 00000000 00:00 0 
7f7398f2f000-7f7398f32000 ---p 00000000 00:00 0 
7f7398f32000-7f7399030000 rw-p 00000000 00:00 0 
7f7399030000-7f7399033000 ---p 00000000 00:00 0 
7f7399033000-7f7399131000 rw-p 00000000 00:00 0 
7f7399131000-7f7399331000 rw-s 2d940000 00:05 10225                      /dev/ati/card0
7f7399331000-7f7399431000 rw-s 2d93e000 00:05 10225                      /dev/ati/card0
7f7399431000-7f7399434000 ---p 00000000 00:00 0 
7f7399434000-7f7399532000 rw-p 00000000 00:00 0 
7f7399532000-7f7399632000 rw-s 2d942000 00:05 10225                      /dev/ati/card0
7f7399632000-7f7399d32000 rw-s 00006000 00:05 10225                      /dev/ati/card0
7f7399d32000-7f739bc8c000 r-xp 00000000 08:03 19009510                   /usr/lib/fglrx/dri/fglrx_dri.so
7f739bc8c000-7f739bd8c000 ---p 01f5a000 08:03 19009510                   /usr/lib/fglrx/dri/fglrx_dri.so
7f739bd8c000-7f739beda000 rwxp 01f5a000 08:03 19009510                   /usr/lib/fglrx/dri/fglrx_dri.so
7f739beda000-7f739c000000 rwxp 00000000 00:00 0 
7f739c000000-7f739c021000 rw-p 00000000 00:00 0 
7f739c021000-7f73a0000000 ---p 00000000 00:00 0 
7f73a0024000-7f73a0226000 rw-p 00000000 00:00 0 
7f73a0226000-7f73a0228000 r--s 00015000 08:03 15598514                   /home/arwilczek90/workspace/Elements/lib/slick/lib/tinylinepp.jar
7f73a0228000-7f73a022b000 r--s 00015000 08:03 15598512                   /home/arwilczek90/workspace/Elements/lib/slick/lib/slick-util.jar
7f73a022b000-7f73a0233000 r--s 00067000 08:03 15598510                   /home/arwilczek90/workspace/Elements/lib/slick/lib/slick-sources.jar
7f73a0233000-7f73a0234000 r--s 00000000 08:03 15598509                   /home/arwilczek90/workspace/Elements/lib/slick/lib/slick-examples.jar
7f73a0234000-7f73a0237000 r--s 00017000 08:03 15598507                   /home/arwilczek90/workspace/Elements/lib/slick/lib/pedigree.jar
7f73a0237000-7f73a0242000 r--s 00093000 08:03 15598513                   /home/arwilczek90/workspace/Elements/lib/slick/lib/slick.jar
7f73a0242000-7f73a0244000 r--s 00004000 08:03 15598506                   /home/arwilczek90/workspace/Elements/lib/slick/lib/packulike.jar
7f73a0244000-7f73a0247000 r-xp 00000000 08:03 15602613                   /home/arwilczek90/workspace/Elements/lib/slick/libjinput-linux64.so
7f73a0247000-7f73a0346000 ---p 00003000 08:03 15602613                   /home/arwilczek90/workspace/Elements/lib/slick/libjinput-linux64.so
7f73a0346000-7f73a0347000 rw-p 00002000 08:03 15602613                   /home/arwilczek90/workspace/Elements/lib/slick/libjinput-linux64.so
7f73a0347000-7f73a034a000 ---p 00000000 00:00 0 
7f73a034a000-7f73a0448000 rw-p 00000000 00:00 0 
7f73a0448000-7f73a0488000 rw-s 0002a000 00:05 10225                      /dev/ati/card0
7f73a0488000-7f73a048a000 r-xp 00000000 08:03 18488267                   /usr/lib/x86_64-linux-gnu/libXinerama.so.1.0.0
7f73a048a000-7f73a0689000 ---p 00002000 08:03 18488267                   /usr/lib/x86_64-linux-gnu/libXinerama.so.1.0.0
7f73a0689000-7f73a068a000 r--p 00001000 08:03 18488267                   /usr/lib/x86_64-linux-gnu/libXinerama.so.1.0.0
7f73a068a000-7f73a068b000 rw-p 00002000 08:03 18488267                   /usr/lib/x86_64-linux-gnu/libXinerama.so.1.0.0
7f73a068b000-7f73a06c6000 r-xp 00000000 08:03 19009508                   /usr/lib/fglrx/libatiadlxx.so
7f73a06c6000-7f73a07c6000 ---p 0003b000 08:03 19009508                   /usr/lib/fglrx/libatiadlxx.so
7f73a07c6000-7f73a07cf000 rw-p 0003b000 08:03 19009508                   /usr/lib/fglrx/libatiadlxx.so
7f73a07cf000-7f73a07e0000 rw-p 00000000 00:00 0 
7f73a07e0000-7f73a07e1000 r--s 00003000 08:03 15598508                   /home/arwilczek90/workspace/Elements/lib/slick/lib/scalar.jar
7f73a07e1000-7f73a07e2000 r--s 00043000 08:03 15598505                   /home/arwilczek90/workspace/Elements/lib/slick/lib/natives-win32.jar
7f73a07e2000-7f73a07e4000 r--s 00033000 08:03 15598504                   /home/arwilczek90/workspace/Elements/lib/slick/lib/natives-mac.jar
7f73a07e4000-7f73a07e5000 r--s 0003d000 08:03 15598503                   /home/arwilczek90/workspace/Elements/lib/slick/lib/natives-linux.jar
7f73a07e5000-7f73a07ec000 r--s 00073000 08:03 15598502                   /home/arwilczek90/workspace/Elements/lib/slick/lib/lwjgl.jar
7f73a07ec000-7f73a07ee000 r--s 0000d000 08:03 15598501                   /home/arwilczek90/workspace/Elements/lib/slick/lib/jorbis-0.0.15.jar
7f73a07ee000-7f73a07ef000 r--s 00001000 08:03 15598500                   /home/arwilczek90/workspace/Elements/lib/slick/lib/jogg-0.0.7.jar
7f73a07ef000-7f73a07f0000 r--s 00001000 08:03 15598499                   /home/arwilczek90/workspace/Elements/lib/slick/lib/jnlp.jar
7f73a07f0000-7f73a07f5000 r--s 0002f000 08:03 15598498                   /home/arwilczek90/workspace/Elements/lib/slick/lib/jinput.jar
7f73a07f5000-7f73a07f7000 r--s 00008000 08:03 15598497                   /home/arwilczek90/workspace/Elements/lib/slick/lib/ibxm.jar
7f73a07f7000-7f73a07fa000 r--s 0005b000 08:03 15598496                   /home/arwilczek90/workspace/Elements/lib/slick/lib/hiero.jar
7f73a07fa000-7f73a0801000 r-xp 00000000 08:03 19009532                   /usr/lib/fglrx/libatiuki.so.1.0
7f73a0801000-7f73a0901000 ---p 00007000 08:03 19009532                   /usr/lib/fglrx/libatiuki.so.1.0
7f73a0901000-7f73a0902000 rw-p 00007000 08:03 19009532                   /usr/lib/fglrx/libatiuki.so.1.0
7f73a0902000-7f73a0903000 rw-p 00000000 00:00 0 
7f73a0903000-7f73a09c6000 r-xp 00000000 08:03 19009512                   /usr/lib/fglrx/libGL.so.1.2
7f73a09c6000-7f73a0ac5000 ---p 000c3000 08:03 19009512                   /usr/lib/fglrx/libGL.so.1.2
7f73a0ac5000-7f73a0aec000 rwxp 000c2000 08:03 19009512                   /usr/lib/fglrx/libGL.so.1.2
7f73a0aec000-7f73a0b0c000 rwxp 00000000 00:00 0 
7f73a0b0c000-7f73a0b0d000 r-xp 00000000 08:03 18618886                   /usr/lib/jvm/java-6-openjdk-amd64/jre/lib/amd64/libjawt.so
7f73a0b0d000-7f73a0d0c000 ---p 00001000 08:03 18618886                   /usr/lib/jvm/java-6-openjdk-amd64/jre/lib/amd64/libjawt.so
7f73a0d0c000-7f73a0d0d000 r--p 00000000 08:03 18618886                   /usr/lib/jvm/java-6-openjdk-amd64/jre/lib/amd64/libjawt.so
7f73a0d0d000-7f73a0d0e000 rw-p 00001000 08:03 18618886                   /usr/lib/jvm/java-6-openjdk-amd64/jre/lib/amd64/libjawt.so
7f73a0d0e000-7f73a0d12000 r-xp 00000000 08:03 18488287                   /usr/lib/x86_64-linux-gnu/libXxf86vm.so.1.0.0
7f73a0d12000-7f73a0f11000 ---p 00004000 08:03 18488287                   /usr/lib/x86_64-linux-gnu/libXxf86vm.so.1.0.0
7f73a0f11000-7f73a0f12000 r--p 00003000 08:03 18488287                   /usr/lib/x86_64-linux-gnu/libXxf86vm.so.1.0.0
7f73a0f12000-7f73a0f13000 rw-p 00004000 08:03 18488287                   /usr/lib/x86_64-linux-gnu/libXxf86vm.so.1.0.0
7f73a0f13000-7f73a0f1b000 r-xp 00000000 08:03 18488277                   /usr/lib/x86_64-linux-gnu/libXrandr.so.2.2.0
7f73a0f1b000-7f73a111a000 ---p 00008000 08:03 18488277                   /usr/lib/x86_64-linux-gnu/libXrandr.so.2.2.0
7f73a111a000-7f73a111b000 r--p 00007000 08:03 18488277                   /usr/lib/x86_64-linux-gnu/libXrandr.so.2.2.0
7f73a111b000-7f73a111c000 rw-p 00008000 08:03 18488277                   /usr/lib/x86_64-linux-gnu/libXrandr.so.2.2.0
7f73a111c000-7f73a115c000 r-xp 00000000 08:03 15602617                   /home/arwilczek90/workspace/Elements/lib/slick/liblwjgl64.so
7f73a115c000-7f73a125c000 ---p 00040000 08:03 15602617                   /home/arwilczek90/workspace/Elements/lib/slick/liblwjgl64.so
7f73a125c000-7f73a125e000 rw-p 00040000 08:03 15602617                   /home/arwilczek90/workspace/Elements/lib/slick/liblwjgl64.so
7f73a125e000-7f73a1261000 ---p 00000000 00:00 0 
7f73a1261000-7f73a135f000 rw-p 00000000 00:00 0 
7f73a135f000-7f73a1364000 r-xp 00000000 08:03 18488261                   /usr/lib/x86_64-linux-gnu/libXfixes.so.3.1.0
7f73a1364000-7f73a1563000 ---p 00005000 08:03 18488261                   /usr/lib/x86_64-linux-gnu/libXfixes.so.3.1.0
7f73a1563000-7f73a1564000 r--p 00004000 08:03 18488261                   /usr/lib/x86_64-linux-gnu/libXfixes.so.3.1.0
7f73a1564000-7f73a1565000 rw-p 00005000 08:03 18488261                   /usr/lib/x86_64-linux-gnu/libXfixes.so.3.1.0
7f73a1565000-7f73a156e000 r-xp 00000000 08:03 18488253                   /usr/lib/x86_64-linux-gnu/libXcursor.so.1.0.2
7f73a156e000-7f73a176d000 ---p 00009000 08:03 18488253                   /usr/lib/x86_64-linux-gnu/libXcursor.so.1.0.2
7f73a176d000-7f73a176e000 r--p 00008000 08:03 18488253                   /usr/lib/x86_64-linux-gnu/libXcursor.so.1.0.2
7f73a176e000-7f73a176f000 rw-p 00009000 08:03 18488253                   /usr/lib/x86_64-linux-gnu/libXcursor.so.1.0.2
7f73a176f000-7f73a1772000 ---p 00000000 00:00 0 
7f73a1772000-7f73a1870000 rw-p 00000000 00:00 0 
7f73a1870000-7f73a1906000 r-xp 00000000 08:03 18488439                   /usr/lib/x86_64-linux-gnu/libfreetype.so.6.8.0
7f73a1906000-7f73a1b05000 ---p 00096000 08:03 18488439                   /usr/lib/x86_64-linux-gnu/libfreetype.so.6.8.0
7f73a1b05000-7f73a1b0b000 r--p 00095000 08:03 18488439                   /usr/lib/x86_64-linux-gnu/libfreetype.so.6.8.0
7f73a1b0b000-7f73a1b0c000 rw-p 0009b000 08:03 18488439                   /usr/lib/x86_64-linux-gnu/libfreetype.so.6.8.0
7f73a1b0c000-7f73a1b46000 r-xp 00000000 08:03 18618871                   /usr/lib/jvm/java-6-openjdk-amd64/jre/lib/amd64/libfontmanager.so
7f73a1b46000-7f73a1d45000 ---p 0003a000 08:03 18618871                   /usr/lib/jvm/java-6-openjdk-amd64/jre/lib/amd64/libfontmanager.so
7f73a1d45000-7f73a1d47000 r--p 00039000 08:03 18618871                   /usr/lib/jvm/java-6-openjdk-amd64/jre/lib/amd64/libfontmanager.so
7f73a1d47000-7f73a1d48000 rw-p 0003b000 08:03 18618871                   /usr/lib/jvm/java-6-openjdk-amd64/jre/lib/amd64/libfontmanager.so
7f73a1d48000-7f73a1d4d000 r-xp 00000000 08:03 18488257                   /usr/lib/x86_64-linux-gnu/libXdmcp.so.6.0.0
7f73a1d4d000-7f73a1f4c000 ---p 00005000 08:03 18488257                   /usr/lib/x86_64-linux-gnu/libXdmcp.so.6.0.0
7f73a1f4c000-7f73a1f4d000 r--p 00004000 08:03 18488257                   /usr/lib/x86_64-linux-gnu/libXdmcp.so.6.0.0
7f73a1f4d000-7f73a1f4e000 rw-p 00005000 08:03 18488257                   /usr/lib/x86_64-linux-gnu/libXdmcp.so.6.0.0
7f73a1f4e000-7f73a1f50000 r-xp 00000000 08:03 18488246                   /usr/lib/x86_64-linux-gnu/libXau.so.6.0.0
7f73a1f50000-7f73a214f000 ---p 00002000 08:03 18488246                   /usr/lib/x86_64-linux-gnu/libXau.so.6.0.0
7f73a214f000-7f73a2150000 r--p 00001000 08:03 18488246                   /usr/lib/x86_64-linux-gnu/libXau.so.6.0.0
7f73a2150000-7f73a2151000 rw-p 00002000 08:03 18488246                   /usr/lib/x86_64-linux-gnu/libXau.so.6.0.0
7f73a2151000-7f73a216e000 r-xp 00000000 08:03 18488845                   /usr/lib/x86_64-linux-gnu/libxcb.so.1.1.0
7f73a216e000-7f73a236d000 ---p 0001d000 08:03 18488845                   /usr/lib/x86_64-linux-gnu/libxcb.so.1.1.0
7f73a236d000-7f73a236e000 r--p 0001c000 08:03 18488845                   /usr/lib/x86_64-linux-gnu/libxcb.so.1.1.0
7f73a236e000-7f73a236f000 rw-p 0001d000 08:03 18488845                   /usr/lib/x86_64-linux-gnu/libxcb.so.1.1.0
7f73a236f000-7f73a237d000 r-xp 00000000 08:03 18488265                   /usr/lib/x86_64-linux-gnu/libXi.so.6.1.0
7f73a237d000-7f73a257c000 ---p 0000e000 08:03 18488265                   /usr/lib/x86_64-linux-gnu/libXi.so.6.1.0
7f73a257c000-7f73a257d000 r--p 0000d000 08:03 18488265                   /usr/lib/x86_64-linux-gnu/libXi.so.6.1.0
7f73a257d000-7f73a257e000 rw-p 0000e000 08:03 18488265                   /usr/lib/x86_64-linux-gnu/libXi.so.6.1.0
7f73a257e000-7f73a2583000 r-xp 00000000 08:03 18488283                   /usr/lib/x86_64-linux-gnu/libXtst.so.6.1.0
7f73a2583000-7f73a2782000 ---p 00005000 08:03 18488283                   /usr/lib/x86_64-linux-gnu/libXtst.so.6.1.0
7f73a2782000-7f73a2783000 r--p 00004000 08:03 18488283                   /usr/lib/x86_64-linux-gnu/libXtst.so.6.1.0
7f73a2783000-7f73a2784000 rw-p 00005000 08:03 18488283                   /usr/lib/x86_64-linux-gnu/libXtst.so.6.1.0
7f73a2784000-7f73a278d000 r-xp 00000000 08:03 18488279                   /usr/lib/x86_64-linux-gnu/libXrender.so.1.3.0
7f73a278d000-7f73a298c000 ---p 00009000 08:03 18488279                   /usr/lib/x86_64-linux-gnu/libXrender.so.1.3.0
7f73a298c000-7f73a298d000 r--p 00008000 08:03 18488279                   /usr/lib/x86_64-linux-gnu/libXrender.so.1.3.0
7f73a298d000-7f73a298e000 rw-p 00009000 08:03 18488279                   /usr/lib/x86_64-linux-gnu/libXrender.so.1.3.0
7f73a298e000-7f73a2abd000 r-xp 00000000 08:03 18488244                   /usr/lib/x86_64-linux-gnu/libX11.so.6.3.0
7f73a2abd000-7f73a2cbd000 ---p 0012f000 08:03 18488244                   /usr/lib/x86_64-linux-gnu/libX11.so.6.3.0
7f73a2cbd000-7f73a2cbe000 r--p 0012f000 08:03 18488244                   /usr/lib/x86_64-linux-gnu/libX11.so.6.3.0
7f73a2cbe000-7f73a2cc2000 rw-p 00130000 08:03 18488244                   /usr/lib/x86_64-linux-gnu/libX11.so.6.3.0
7f73a2cc2000-7f73a2cd2000 r-xp 00000000 08:03 18488259                   /usr/lib/x86_64-linux-gnu/libXext.so.6.4.0
7f73a2cd2000-7f73a2ed1000 ---p 00010000 08:03 18488259                   /usr/lib/x86_64-linux-gnu/libXext.so.6.4.0
7f73a2ed1000-7f73a2ed2000 r--p 0000f000 08:03 18488259                   /usr/lib/x86_64-linux-gnu/libXext.so.6.4.0
7f73a2ed2000-7f73a2ed3000 rw-p 00010000 08:03 18488259                   /usr/lib/x86_64-linux-gnu/libXext.so.6.4.0
7f73a2ed3000-7f73a2f1e000 r-xp 00000000 08:03 18618972                   /usr/lib/jvm/java-6-openjdk-amd64/jre/lib/amd64/xawt/libmawt.so
7f73a2f1e000-7f73a311e000 ---p 0004b000 08:03 18618972                   /usr/lib/jvm/java-6-openjdk-amd64/jre/lib/amd64/xawt/libmawt.so
7f73a311e000-7f73a311f000 r--p 0004b000 08:03 18618972                   /usr/lib/jvm/java-6-openjdk-amd64/jre/lib/amd64/xawt/libmawt.so
7f73a311f000-7f73a3122000 rw-p 0004c000 08:03 18618972                   /usr/lib/jvm/java-6-openjdk-amd64/jre/lib/amd64/xawt/libmawt.so
7f73a3122000-7f73a3123000 rw-p 00000000 00:00 0 
7f73a3123000-7f73a31cf000 r-xp 00000000 08:03 18618874                   /usr/lib/jvm/java-6-openjdk-amd64/jre/lib/amd64/libawt.so
7f73a31cf000-7f73a33ce000 ---p 000ac000 08:03 18618874                   /usr/lib/jvm/java-6-openjdk-amd64/jre/lib/amd64/libawt.so
7f73a33ce000-7f73a33cf000 r--p 000ab000 08:03 18618874                   /usr/lib/jvm/java-6-openjdk-amd64/jre/lib/amd64/libawt.so
7f73a33cf000-7f73a33da000 rw-p 000ac000 08:03 18618874                   /usr/lib/jvm/java-6-openjdk-amd64/jre/lib/amd64/libawt.so
7f73a33da000-7f73a33ff000 rw-p 00000000 00:00 0 
7f73a33ff000-7f73a3402000 r--s 0007d000 08:03 18618443                   /usr/lib/jvm/java-6-openjdk-common/jre/lib/jsse.jar
7f73a3402000-7f73a3409000 r--s 00073000 08:03 15597691                   /home/arwilczek90/workspace/Elements/lib/lwjgl.jar
7f73a3409000-7f73a340b000 r--s 0000f000 08:03 18618803                   /usr/lib/jvm/java-6-openjdk-common/jre/lib/ext/pulse-java.jar
7f73a340b000-7f73a340e000 r--s 00077000 08:03 18618797                   /usr/lib/jvm/java-6-openjdk-common/jre/lib/ext/localedata.jar
7f73a340e000-7f73a340f000 r--s 00007000 08:03 18748229                   /usr/share/java/java-atk-wrapper.jar
7f73a340f000-7f73a3411000 r--s 00001000 08:03 18618801                   /usr/lib/jvm/java-6-openjdk-common/jre/lib/ext/dnsns.jar
7f73a3411000-7f73a3415000 r--s 00038000 08:03 18618795                   /usr/lib/jvm/java-6-openjdk-common/jre/lib/ext/sunpkcs11.jar
7f73a3415000-7f73a3418000 r--s 00031000 08:03 18618799                   /usr/lib/jvm/java-6-openjdk-common/jre/lib/ext/sunjce_provider.jar
7f73a3418000-7f73a3419000 ---p 00000000 00:00 0 
7f73a3419000-7f73a3519000 rw-p 00000000 00:00 0 
7f73a3519000-7f73a351c000 ---p 00000000 00:00 0 
7f73a351c000-7f73a361a000 rw-p 00000000 00:00 0 
7f73a361a000-7f73a361d000 ---p 00000000 00:00 0 
7f73a361d000-7f73a371b000 rw-p 00000000 00:00 0 
7f73a371b000-7f73a371e000 ---p 00000000 00:00 0 
7f73a371e000-7f73a381c000 rw-p 00000000 00:00 0 
7f73a381c000-7f73a381f000 ---p 00000000 00:00 0 
7f73a381f000-7f73a391d000 rw-p 00000000 00:00 0 
7f73a391d000-7f73a4000000 r--p 00000000 08:03 18487587                   /usr/lib/locale/locale-archive
7f73a4000000-7f73a4021000 rw-p 00000000 00:00 0 
7f73a4021000-7f73a8000000 ---p 00000000 00:00 0 
7f73a8000000-7f73a8001000 r--s 00007000 08:03 15597697                   /home/arwilczek90/workspace/Elements/lib/slick/applet/lwjgl_util_applet.jar
7f73a8001000-7f73a8002000 rw-s 00005000 00:05 10225                      /dev/ati/card0
7f73a8002000-7f73a8042000 rw-s f0300000 00:05 10225                      /dev/ati/card0
7f73a8042000-7f73a8044000 rw-s 00002000 00:05 10225                      /dev/ati/card0
7f73a8044000-7f73a804f000 r--s 00093000 08:03 15597692                   /home/arwilczek90/workspace/Elements/lib/slick.jar
7f73a804f000-7f73a8056000 r--s 000fb000 08:03 18618812                   /usr/lib/jvm/java-6-openjdk-common/jre/lib/resources.jar
7f73a8056000-7f73a8057000 r--s 00000000 08:03 19927127                   /var/cache/fontconfig/c05880de57d1f5e948fdfacc138775d9-le64.cache-3
7f73a8057000-7f73a8060000 r--s 00000000 08:03 19927122                   /var/cache/fontconfig/945677eb7aeaf62f1d50efc3fb3ec7d8-le64.cache-3
7f73a8060000-7f73a8062000 r--s 00000000 08:03 19927123                   /var/cache/fontconfig/99e8ed0e538f840c565b6ed5dad60d56-le64.cache-3
7f73a8062000-7f73a8066000 r--s 00000000 08:03 19927109                   /var/cache/fontconfig/2cd17615ca594fa2959ae173292e504c-le64.cache-3
7f73a8066000-7f73a8067000 r--s 00000000 08:03 19927134                   /var/cache/fontconfig/e7071f4a29fa870f4323321c154eba04-le64.cache-3
7f73a8067000-7f73a8068000 r--s 00000000 08:03 19927107                   /var/cache/fontconfig/0d8c3b2ac0904cb8a57a757ad11a4a08-le64.cache-3
7f73a8068000-7f73a806e000 r--s 00000000 08:03 19927124                   /var/cache/fontconfig/a755afe4a08bf5b97852ceb7400b47bc-le64.cache-3
7f73a806e000-7f73a8077000 r--s 00000000 08:03 19927460                   /var/cache/fontconfig/6d41288fd70b0be22e8c3a91e032eec0-le64.cache-3
7f73a8077000-7f73a8087000 r--s 00000000 08:03 19927106                   /var/cache/fontconfig/04aabc0a78ac019cf9454389977116d2-le64.cache-3
7f73a8087000-7f73a808a000 r--s 00000000 08:03 19927112                   /var/cache/fontconfig/385c0604a188198f04d133e54aba7fe7-le64.cache-3
7f73a808a000-7f73a808b000 r--s 00000000 08:03 19927113                   /var/cache/fontconfig/4794a0821666d79190d59a36cb4f44b5-le64.cache-3
7f73a808b000-7f73a808e000 r--s 00000000 08:03 19927121                   /var/cache/fontconfig/8801497958630a81b71ace7c5f9b32a8-le64.cache-3
7f73a808e000-7f73a80bc000 r--s 00000000 08:03 19927454                   /var/cache/fontconfig/365b55f210c0a22e9a19e35191240f32-le64.cache-3
7f73a80bc000-7f73a80c1000 r--s 00000000 08:03 19927110                   /var/cache/fontconfig/3047814df9a2f067bd2d96a2b9c36e5a-le64.cache-3
7f73a80c1000-7f73a80c2000 r--s 00000000 08:03 19927115                   /var/cache/fontconfig/56cf4f4769d0f4abc89a4895d7bd3ae1-le64.cache-3
7f73a80c2000-7f73a80c3000 r--s 00000000 08:03 19927126                   /var/cache/fontconfig/b9d506c9ac06c20b433354fa67a72993-le64.cache-3
7f73a80c3000-7f73a80c8000 r--s 00000000 08:03 19927125                   /var/cache/fontconfig/b47c4e1ecd0709278f4910c18777a504-le64.cache-3
7f73a80c8000-7f73a80d8000 r--s 00000000 08:03 19927130                   /var/cache/fontconfig/d52a8644073d54c13679302ca1180695-le64.cache-3
7f73a80d8000-7f73a80db000 r--s 00000000 08:03 19927196                   /var/cache/fontconfig/e13b20fdb08344e0e664864cc2ede53d-le64.cache-3
7f73a80db000-7f73a80df000 r--s 00000000 08:03 19927452                   /var/cache/fontconfig/7ef2298fde41cc6eeb7af42e48b7d293-le64.cache-3
7f73a80df000-7f73a80e0000 r--s 00000000 08:03 19927127                   /var/cache/fontconfig/c05880de57d1f5e948fdfacc138775d9-le64.cache-3
7f73a80e0000-7f73a80e9000 r--s 00000000 08:03 19927122                   /var/cache/fontconfig/945677eb7aeaf62f1d50efc3fb3ec7d8-le64.cache-3
7f73a80e9000-7f73a80eb000 r--s 00000000 08:03 19927123                   /var/cache/fontconfig/99e8ed0e538f840c565b6ed5dad60d56-le64.cache-3
7f73a80eb000-7f73a80ef000 r--s 00000000 08:03 19927109                   /var/cache/fontconfig/2cd17615ca594fa2959ae173292e504c-le64.cache-3
7f73a80ef000-7f73a80f5000 r--s 00000000 08:03 19927124                   /var/cache/fontconfig/a755afe4a08bf5b97852ceb7400b47bc-le64.cache-3
7f73a80f5000-7f73a80f8000 ---p 00000000 00:00 0 
7f73a80f8000-7f73a81f6000 rw-p 00000000 00:00 0 
7f73a81f6000-7f73a81f9000 ---p 00000000 00:00 0 
7f73a81f9000-7f73a82f7000 rw-p 00000000 00:00 0 
7f73a82f7000-7f73a82f8000 ---p 00000000 00:00 0 
7f73a82f8000-7f73a88fd000 rw-p 00000000 00:00 0 
7f73a88fd000-7f73a8a8f000 r--s 037bf000 08:03 18618843                   /usr/lib/jvm/java-6-openjdk-amd64/jre/lib/rt.jar
7f73a8a8f000-7f73a8a90000 ---p 00000000 00:00 0 
7f73a8a90000-7f73a8b90000 rw-p 00000000 00:00 0 
7f73a8b90000-7f73a8b91000 ---p 00000000 00:00 0 
7f73a8b91000-7f73a8c91000 rw-p 00000000 00:00 0 
7f73a8c91000-7f73a8c92000 ---p 00000000 00:00 0 
7f73a8c92000-7f73a8db9000 rw-p 00000000 00:00 0 
7f73a8db9000-7f73a9000000 rw-p 00000000 00:00 0 
7f73a9000000-7f73a9270000 rwxp 00000000 00:00 0 
7f73a9270000-7f73acd80000 rw-p 00000000 00:00 0 
7f73acd80000-7f73b0000000 ---p 00000000 00:00 0 
7f73b0000000-7f73b0010000 r--s 00000000 08:03 19927106                   /var/cache/fontconfig/04aabc0a78ac019cf9454389977116d2-le64.cache-3
7f73b0010000-7f73b0013000 r--s 00000000 08:03 19927112                   /var/cache/fontconfig/385c0604a188198f04d133e54aba7fe7-le64.cache-3
7f73b0013000-7f73b0014000 r--s 00000000 08:03 19927113                   /var/cache/fontconfig/4794a0821666d79190d59a36cb4f44b5-le64.cache-3
7f73b0014000-7f73b0017000 r--s 00000000 08:03 19927121                   /var/cache/fontconfig/8801497958630a81b71ace7c5f9b32a8-le64.cache-3
7f73b0017000-7f73b0045000 r--s 00000000 08:03 19927454                   /var/cache/fontconfig/365b55f210c0a22e9a19e35191240f32-le64.cache-3
7f73b0045000-7f73b00a0000 rw-p 00000000 00:00 0 
7f73b00a0000-7f73b00a1000 ---p 00000000 00:00 0 
7f73b00a1000-7f73b01ac000 rw-p 00000000 00:00 0 
7f73b01ac000-7f73b01f4000 rw-p 00000000 00:00 0 
7f73b01f4000-7f73b01ff000 rw-p 00000000 00:00 0 
7f73b01ff000-7f73b0247000 rw-p 00000000 00:00 0 
7f73b0247000-7f73b026e000 rw-p 00000000 00:00 0 
7f73b026e000-7f73b04b5000 rw-p 00000000 00:00 0 
7f73b04b5000-7f73b04c9000 rw-p 00000000 00:00 0 
7f73b04c9000-7f73b05ec000 rw-p 00000000 00:00 0 
7f73b05ec000-7f73b05ed000 rw-p 00000000 00:00 0 
7f73b05ed000-7f73b05f4000 r-xp 00000000 08:03 18618888                   /usr/lib/jvm/java-6-openjdk-amd64/jre/lib/amd64/libzip.so
7f73b05f4000-7f73b07f3000 ---p 00007000 08:03 18618888                   /usr/lib/jvm/java-6-openjdk-amd64/jre/lib/amd64/libzip.so
7f73b07f3000-7f73b07f4000 r--p 00006000 08:03 18618888                   /usr/lib/jvm/java-6-openjdk-amd64/jre/lib/amd64/libzip.so
7f73b07f4000-7f73b07f5000 rw-p 00007000 08:03 18618888                   /usr/lib/jvm/java-6-openjdk-amd64/jre/lib/amd64/libzip.so
7f73b07f5000-7f73b0801000 r-xp 00000000 08:03 21758081                   /lib/x86_64-linux-gnu/libnss_files-2.15.so
7f73b0801000-7f73b0a00000 ---p 0000c000 08:03 21758081                   /lib/x86_64-linux-gnu/libnss_files-2.15.so
7f73b0a00000-7f73b0a01000 r--p 0000b000 08:03 21758081                   /lib/x86_64-linux-gnu/libnss_files-2.15.so
7f73b0a01000-7f73b0a02000 rw-p 0000c000 08:03 21758081                   /lib/x86_64-linux-gnu/libnss_files-2.15.so
7f73b0a02000-7f73b0a0c000 r-xp 00000000 08:03 21758077                   /lib/x86_64-linux-gnu/libnss_nis-2.15.so
7f73b0a0c000-7f73b0c0c000 ---p 0000a000 08:03 21758077                   /lib/x86_64-linux-gnu/libnss_nis-2.15.so
7f73b0c0c000-7f73b0c0d000 r--p 0000a000 08:03 21758077                   /lib/x86_64-linux-gnu/libnss_nis-2.15.so
7f73b0c0d000-7f73b0c0e000 rw-p 0000b000 08:03 21758077                   /lib/x86_64-linux-gnu/libnss_nis-2.15.so
7f73b0c0e000-7f73b0c25000 r-xp 00000000 08:03 21761730                   /lib/x86_64-linux-gnu/libnsl-2.15.so
7f73b0c25000-7f73b0e24000 ---p 00017000 08:03 21761730                   /lib/x86_64-linux-gnu/libnsl-2.15.so
7f73b0e24000-7f73b0e25000 r--p 00016000 08:03 21761730                   /lib/x86_64-linux-gnu/libnsl-2.15.so
7f73b0e25000-7f73b0e26000 rw-p 00017000 08:03 21761730                   /lib/x86_64-linux-gnu/libnsl-2.15.so
7f73b0e26000-7f73b0e28000 rw-p 00000000 00:00 0 
7f73b0e28000-7f73b0e30000 r-xp 00000000 08:03 21758082                   /lib/x86_64-linux-gnu/libnss_compat-2.15.so
7f73b0e30000-7f73b102f000 ---p 00008000 08:03 21758082                   /lib/x86_64-linux-gnu/libnss_compat-2.15.so
7f73b102f000-7f73b1030000 r--p 00007000 08:03 21758082                   /lib/x86_64-linux-gnu/libnss_compat-2.15.so
7f73b1030000-7f73b1031000 rw-p 00008000 08:03 21758082                   /lib/x86_64-linux-gnu/libnss_compat-2.15.so
7f73b1031000-7f73b105d000 r-xp 00000000 08:03 18618873                   /usr/lib/jvm/java-6-openjdk-amd64/jre/lib/amd64/libjava.so
7f73b105d000-7f73b125c000 ---p 0002c000 08:03 18618873                   /usr/lib/jvm/java-6-openjdk-amd64/jre/lib/amd64/libjava.so
7f73b125c000-7f73b125d000 r--p 0002b000 08:03 18618873                   /usr/lib/jvm/java-6-openjdk-amd64/jre/lib/amd64/libjava.so
7f73b125d000-7f73b1260000 rw-p 0002c000 08:03 18618873                   /usr/lib/jvm/java-6-openjdk-amd64/jre/lib/amd64/libjava.so
7f73b1260000-7f73b126e000 r-xp 00000000 08:03 18618872                   /usr/lib/jvm/java-6-openjdk-amd64/jre/lib/amd64/libverify.so
7f73b126e000-7f73b146d000 ---p 0000e000 08:03 18618872                   /usr/lib/jvm/java-6-openjdk-amd64/jre/lib/amd64/libverify.so
7f73b146d000-7f73b146f000 r--p 0000d000 08:03 18618872                   /usr/lib/jvm/java-6-openjdk-amd64/jre/lib/amd64/libverify.so
7f73b146f000-7f73b1470000 rw-p 0000f000 08:03 18618872                   /usr/lib/jvm/java-6-openjdk-amd64/jre/lib/amd64/libverify.so
7f73b1470000-7f73b1477000 r-xp 00000000 08:03 21758075                   /lib/x86_64-linux-gnu/librt-2.15.so
7f73b1477000-7f73b1676000 ---p 00007000 08:03 21758075                   /lib/x86_64-linux-gnu/librt-2.15.so
7f73b1676000-7f73b1677000 r--p 00006000 08:03 21758075                   /lib/x86_64-linux-gnu/librt-2.15.so
7f73b1677000-7f73b1678000 rw-p 00007000 08:03 21758075                   /lib/x86_64-linux-gnu/librt-2.15.so
7f73b1678000-7f73b168d000 r-xp 00000000 08:03 21761542                   /lib/x86_64-linux-gnu/libgcc_s.so.1
7f73b168d000-7f73b188c000 ---p 00015000 08:03 21761542                   /lib/x86_64-linux-gnu/libgcc_s.so.1
7f73b188c000-7f73b188d000 r--p 00014000 08:03 21761542                   /lib/x86_64-linux-gnu/libgcc_s.so.1
7f73b188d000-7f73b188e000 rw-p 00015000 08:03 21761542                   /lib/x86_64-linux-gnu/libgcc_s.so.1
7f73b188e000-7f73b1987000 r-xp 00000000 08:03 21758079                   /lib/x86_64-linux-gnu/libm-2.15.so
7f73b1987000-7f73b1b86000 ---p 000f9000 08:03 21758079                   /lib/x86_64-linux-gnu/libm-2.15.so
7f73b1b86000-7f73b1b87000 r--p 000f8000 08:03 21758079                   /lib/x86_64-linux-gnu/libm-2.15.so
7f73b1b87000-7f73b1b88000 rw-p 000f9000 08:03 21758079                   /lib/x86_64-linux-gnu/libm-2.15.so
7f73b1b88000-7f73b1c6a000 r-xp 00000000 08:03 18488773                   /usr/lib/x86_64-linux-gnu/libstdc++.so.6.0.16
7f73b1c6a000-7f73b1e69000 ---p 000e2000 08:03 18488773                   /usr/lib/x86_64-linux-gnu/libstdc++.so.6.0.16
7f73b1e69000-7f73b1e71000 r--p 000e1000 08:03 18488773                   /usr/lib/x86_64-linux-gnu/libstdc++.so.6.0.16
7f73b1e71000-7f73b1e73000 rw-p 000e9000 08:03 18488773                   /usr/lib/x86_64-linux-gnu/libstdc++.so.6.0.16
7f73b1e73000-7f73b1e88000 rw-p 00000000 00:00 0 
7f73b1e88000-7f73b278c000 r-xp 00000000 08:03 18618878                   /usr/lib/jvm/java-6-openjdk-amd64/jre/lib/amd64/server/libjvm.so
7f73b278c000-7f73b298c000 ---p 00904000 08:03 18618878                   /usr/lib/jvm/java-6-openjdk-amd64/jre/lib/amd64/server/libjvm.so
7f73b298c000-7f73b2a0c000 r--p 00904000 08:03 18618878                   /usr/lib/jvm/java-6-openjdk-amd64/jre/lib/amd64/server/libjvm.so
7f73b2a0c000-7f73b2a27000 rw-p 00984000 08:03 18618878                   /usr/lib/jvm/java-6-openjdk-amd64/jre/lib/amd64/server/libjvm.so
7f73b2a27000-7f73b2a50000 rw-p 00000000 00:00 0 
7f73b2a50000-7f73b2a66000 r-xp 00000000 08:03 21761632                   /lib/x86_64-linux-gnu/libz.so.1.2.3.4
7f73b2a66000-7f73b2c65000 ---p 00016000 08:03 21761632                   /lib/x86_64-linux-gnu/libz.so.1.2.3.4
7f73b2c65000-7f73b2c66000 r--p 00015000 08:03 21761632                   /lib/x86_64-linux-gnu/libz.so.1.2.3.4
7f73b2c66000-7f73b2c67000 rw-p 00016000 08:03 21761632                   /lib/x86_64-linux-gnu/libz.so.1.2.3.4
7f73b2c67000-7f73b2e1c000 r-xp 00000000 08:03 21757975                   /lib/x86_64-linux-gnu/libc-2.15.so
7f73b2e1c000-7f73b301b000 ---p 001b5000 08:03 21757975                   /lib/x86_64-linux-gnu/libc-2.15.so
7f73b301b000-7f73b301f000 r--p 001b4000 08:03 21757975                   /lib/x86_64-linux-gnu/libc-2.15.so
7f73b301f000-7f73b3021000 rw-p 001b8000 08:03 21757975                   /lib/x86_64-linux-gnu/libc-2.15.so
7f73b3021000-7f73b3026000 rw-p 00000000 00:00 0 
7f73b3026000-7f73b3028000 r-xp 00000000 08:03 21757964                   /lib/x86_64-linux-gnu/libdl-2.15.so
7f73b3028000-7f73b3228000 ---p 00002000 08:03 21757964                   /lib/x86_64-linux-gnu/libdl-2.15.so
7f73b3228000-7f73b3229000 r--p 00002000 08:03 21757964                   /lib/x86_64-linux-gnu/libdl-2.15.so
7f73b3229000-7f73b322a000 rw-p 00003000 08:03 21757964                   /lib/x86_64-linux-gnu/libdl-2.15.so
7f73b322a000-7f73b322e000 r-xp 00000000 08:03 18618855                   /usr/lib/jvm/java-6-openjdk-amd64/jre/lib/amd64/jli/libjli.so
7f73b322e000-7f73b342d000 ---p 00004000 08:03 18618855                   /usr/lib/jvm/java-6-openjdk-amd64/jre/lib/amd64/jli/libjli.so
7f73b342d000-7f73b342e000 r--p 00003000 08:03 18618855                   /usr/lib/jvm/java-6-openjdk-amd64/jre/lib/amd64/jli/libjli.so
7f73b342e000-7f73b342f000 rw-p 00004000 08:03 18618855                   /usr/lib/jvm/java-6-openjdk-amd64/jre/lib/amd64/jli/libjli.so
7f73b342f000-7f73b3447000 r-xp 00000000 08:03 21758073                   /lib/x86_64-linux-gnu/libpthread-2.15.so
7f73b3447000-7f73b3646000 ---p 00018000 08:03 21758073                   /lib/x86_64-linux-gnu/libpthread-2.15.so
7f73b3646000-7f73b3647000 r--p 00017000 08:03 21758073                   /lib/x86_64-linux-gnu/libpthread-2.15.so
7f73b3647000-7f73b3648000 rw-p 00018000 08:03 21758073                   /lib/x86_64-linux-gnu/libpthread-2.15.so
7f73b3648000-7f73b364c000 rw-p 00000000 00:00 0 
7f73b364c000-7f73b366e000 r-xp 00000000 08:03 21758085                   /lib/x86_64-linux-gnu/ld-2.15.so
7f73b366e000-7f73b3677000 r--s 00000000 08:03 19927460                   /var/cache/fontconfig/6d41288fd70b0be22e8c3a91e032eec0-le64.cache-3
7f73b3677000-7f73b367c000 r--s 00000000 08:03 19927110                   /var/cache/fontconfig/3047814df9a2f067bd2d96a2b9c36e5a-le64.cache-3
7f73b367c000-7f73b368c000 r--s 00000000 08:03 19927130                   /var/cache/fontconfig/d52a8644073d54c13679302ca1180695-le64.cache-3
7f73b368c000-7f73b3696000 rw-p 00000000 00:00 0 
7f73b3696000-7f73b374c000 rw-p 00000000 00:00 0 
7f73b374c000-7f73b374f000 ---p 00000000 00:00 0 
7f73b374f000-7f73b3852000 rw-p 00000000 00:00 0 
7f73b3852000-7f73b3853000 r--s 00000000 08:03 19927134                   /var/cache/fontconfig/e7071f4a29fa870f4323321c154eba04-le64.cache-3
7f73b3853000-7f73b3854000 r--s 00000000 08:03 19927107                   /var/cache/fontconfig/0d8c3b2ac0904cb8a57a757ad11a4a08-le64.cache-3
7f73b3854000-7f73b3855000 r--s 00000000 08:03 19927115                   /var/cache/fontconfig/56cf4f4769d0f4abc89a4895d7bd3ae1-le64.cache-3
7f73b3855000-7f73b3856000 r--s 00000000 08:03 19927126                   /var/cache/fontconfig/b9d506c9ac06c20b433354fa67a72993-le64.cache-3
7f73b3856000-7f73b385b000 r--s 00000000 08:03 19927125                   /var/cache/fontconfig/b47c4e1ecd0709278f4910c18777a504-le64.cache-3
7f73b385b000-7f73b385e000 r--s 00000000 08:03 19927196                   /var/cache/fontconfig/e13b20fdb08344e0e664864cc2ede53d-le64.cache-3
7f73b385e000-7f73b3862000 r--s 00000000 08:03 19927452                   /var/cache/fontconfig/7ef2298fde41cc6eeb7af42e48b7d293-le64.cache-3
7f73b3862000-7f73b386a000 rw-s 00000000 08:03 8126514                    /tmp/hsperfdata_arwilczek90/12904 (deleted)
7f73b386a000-7f73b386b000 rw-p 00000000 00:00 0 
7f73b386b000-7f73b386c000 ---p 00000000 00:00 0 
7f73b386c000-7f73b386e000 rw-p 00000000 00:00 0 
7f73b386e000-7f73b386f000 r--p 00022000 08:03 21758085                   /lib/x86_64-linux-gnu/ld-2.15.so
7f73b386f000-7f73b3871000 rw-p 00023000 08:03 21758085                   /lib/x86_64-linux-gnu/ld-2.15.so
7fff20574000-7fff20595000 rw-p 00000000 00:00 0                          [stack]
7fff205ff000-7fff20600000 r-xp 00000000 00:00 0                          [vdso]
ffffffffff600000-ffffffffff601000 r-xp 00000000 00:00 0                  [vsyscall]

VM Arguments:
jvm_args: -Djava.library.path=/home/arwilczek90/workspace/Elements/lib/slick:/home/arwilczek90/workspace/Elements/lib/slick -Dfile.encoding=UTF-8 
java_command: com.hack.elements.view.Main
Launcher Type: SUN_STANDARD

Environment Variables:
PATH=/usr/lib/lightdm/lightdm:/usr/local/sbin:/usr/local/bin:/usr/sbin:/usr/bin:/sbin:/bin:/usr/games
LD_LIBRARY_PATH=/usr/lib/jvm/java-6-openjdk-amd64/jre/lib/amd64/server:/usr/lib/jvm/java-6-openjdk-amd64/jre/lib/amd64:/usr/lib/jvm/java-6-openjdk-amd64/jre/../lib/amd64
SHELL=/bin/bash
DISPLAY=:0.0

Signal Handlers:
SIGSEGV: [libjvm.so+0x784310], sa_mask[0]=0x7ffbfeff, sa_flags=0x10000004
SIGBUS: [libjvm.so+0x784310], sa_mask[0]=0x7ffbfeff, sa_flags=0x10000004
SIGFPE: [libjvm.so+0x648580], sa_mask[0]=0x7ffbfeff, sa_flags=0x10000004
SIGPIPE: [libjvm.so+0x648580], sa_mask[0]=0x7ffbfeff, sa_flags=0x10000004
SIGXFSZ: [libjvm.so+0x648580], sa_mask[0]=0x7ffbfeff, sa_flags=0x10000004
SIGILL: [libjvm.so+0x648580], sa_mask[0]=0x7ffbfeff, sa_flags=0x10000004
SIGUSR1: SIG_DFL, sa_mask[0]=0x00000000, sa_flags=0x00000000
SIGUSR2: [libjvm.so+0x648730], sa_mask[0]=0x00000004, sa_flags=0x10000004
SIGHUP: [libjvm.so+0x64b250], sa_mask[0]=0x7ffbfeff, sa_flags=0x10000004
SIGINT: [libjvm.so+0x64b250], sa_mask[0]=0x7ffbfeff, sa_flags=0x10000004
SIGTERM: [libjvm.so+0x64b250], sa_mask[0]=0x7ffbfeff, sa_flags=0x10000004
SIGQUIT: [libjvm.so+0x64b250], sa_mask[0]=0x7ffbfeff, sa_flags=0x10000004


---------------  S Y S T E M  ---------------

OS:Ubuntu 12.04 (precise)
uname:Linux 3.2.0-32-generic #51-Ubuntu SMP Wed Sep 26 21:33:09 UTC 2012 x86_64
libc:glibc 2.15 NPTL 2.15 
rlimit: STACK 8192k, CORE 0k, NPROC 59545, NOFILE 4096, AS infinity
load average:1.07 1.01 0.88

/proc/meminfo:
MemTotal:        7639648 kB
MemFree:         4304972 kB
Buffers:          113604 kB
Cached:          1135412 kB
SwapCached:            0 kB
Active:          2146824 kB
Inactive:         710080 kB
Active(anon):    1608720 kB
Inactive(anon):    18660 kB
Active(file):     538104 kB
Inactive(file):   691420 kB
Unevictable:          20 kB
Mlocked:              20 kB
SwapTotal:       3818492 kB
SwapFree:        3818492 kB
Dirty:                84 kB
Writeback:             0 kB
AnonPages:       1608188 kB
Mapped:           331408 kB
Shmem:             19492 kB
Slab:              92892 kB
SReclaimable:      62128 kB
SUnreclaim:        30764 kB
KernelStack:        4136 kB
PageTables:        35328 kB
NFS_Unstable:          0 kB
Bounce:                0 kB
WritebackTmp:          0 kB
CommitLimit:     7638316 kB
Committed_AS:    4425124 kB
VmallocTotal:   34359738367 kB
VmallocUsed:      116912 kB
VmallocChunk:   34359619344 kB
HardwareCorrupted:     0 kB
AnonHugePages:         0 kB
HugePages_Total:       0
HugePages_Free:        0
HugePages_Rsvd:        0
HugePages_Surp:        0
Hugepagesize:       2048 kB
DirectMap4k:      292864 kB
DirectMap2M:     5453824 kB
DirectMap1G:     2097152 kB


CPU:total 4 (4 cores per cpu, 1 threads per core) family 18 model 1 stepping 0, cmov, cx8, fxsr, mmx, sse, sse2, sse3, popcnt, mmxext, 3dnowpref, lzcnt, sse4a

Memory: 4k page, physical 7639648k(4304972k free), swap 3818492k(3818492k free)

vm_info: OpenJDK 64-Bit Server VM (20.0-b12) for linux-amd64 JRE (1.6.0_24-b24), built on Sep  2 2012 19:50:47 by "buildd" with gcc 4.6.3

time: Sat Oct 13 19:14:26 2012
elapsed time: 124 seconds

