#
# A fatal error has been detected by the Java Runtime Environment:
#
#  SIGSEGV (0xb) at pc=0x00007f827aedfc58, pid=14874, tid=140198478563072
#
# JRE version: 6.0_24-b24
# Java VM: OpenJDK 64-Bit Server VM (20.0-b12 mixed mode linux-amd64 compressed oops)
# Derivative: IcedTea6 1.11.4
# Distribution: Ubuntu 12.04 LTS, package 6b24-1.11.4-1ubuntu0.12.04.1
# Problematic frame:
# C  [libX11.so.6+0x33c58]  XQueryExtension+0x28
#
# If you would like to submit a bug report, please include
# instructions how to reproduce the bug and visit:
#   https://bugs.launchpad.net/ubuntu/+source/openjdk-6/
#

---------------  T H R E A D  ---------------

Current thread (0x00007f8284070000):  VMThread [stack: 0x00007f8280734000,0x00007f8280835000] [id=14884]

siginfo:si_signo=SIGSEGV: si_errno=0, si_code=1 (SEGV_MAPERR), si_addr=0xffffffff84226478

Registers:
RAX=0x00007f825c0008c0, RBX=0xffffffff84225b10, RCX=0x00007f82808336d8, RDX=0x00007f82808336d4
RSP=0x00007f8280833670, RBP=0x00007f8278d1c932, RSI=0x00007f8278d1c932, RDI=0xffffffff84225b10
R8 =0x00007f82808336dc, R9 =0x0000000000000000, R10=0x00007f828b41cfa8, R11=0x00007f828b09cca0
R12=0x0000000000000000, R13=0x00007f8278d1c932, R14=0x00007f825c0008c0, R15=0x0000000000000000
RIP=0x00007f827aedfc58, EFLAGS=0x0000000000010202, CSGSFS=0x0000000000000033, ERR=0x0000000000000005
  TRAPNO=0x000000000000000e

Top of Stack: (sp=0x00007f8280833670)
0x00007f8280833670:   00007f828b06f790 00007f828bc4b9e8
0x00007f8280833680:   00007f82810a6600 00007f82810a6618
0x00007f8280833690:   00000000ffffffff ffffffff84225b10
0x00007f82808336a0:   00007f8278d1c932 0000000000000000
0x00007f82808336b0:   00007f8278d1c932 00007f825c0008c0
0x00007f82808336c0:   0000000000000000 00007f827aed3c55
0x00007f82808336d0:   00007f828bc69048 00007f8278e55520
0x00007f82808336e0:   00007f8278e55520 ffffffff84225b10
0x00007f82808336f0:   00007f8284191610 00007f827b1ed02b
0x00007f8280833700:   00007f828b06f790 000000110000002c
0x00007f8280833710:   00007f8280833790 0000000000000000
0x00007f8280833720:   00007f8280833790 ffffffff84225b10
0x00007f8280833730:   0000000000000000 00007f828bc69048
0x00007f8280833740:   00007f8278e6ed50 00007f8278cc3119
0x00007f8280833750:   0000000000000000 000000000000002c
0x00007f8280833760:   00007f8280833790 00007f82808337b0
0x00007f8280833770:   0000000000000000 00007f828bc69048
0x00007f8280833780:   00007f828422b5e0 00007f8278cb9b42
0x00007f8280833790:   00007f8280833980 00007f8278d1c8b1
0x00007f82808337a0:   00007f8280833980 00007f828ba5592d
0x00007f82808337b0:   00007f828bc6a2c8 00007f828bc6a858
0x00007f82808337c0:   00007f828bc4b000 00007f8284006a00
0x00007f82808337d0:   00007f8284007510 00007f8284006eb0
0x00007f82808337e0:   00007f8284007a10 00007f828400c6f0
0x00007f82808337f0:   00007f828413e050 00007f828413e530
0x00007f8280833800:   00007f828bc4a000 00007f8284224860
0x00007f8280833810:   00007f828421ebb0 00007f828421f050
0x00007f8280833820:   00007f8284224d30 00007f82842251d0
0x00007f8280833830:   00007f8284225670 00007f82840fcd90
0x00007f8280833840:   00007f82840fae40 00007f82840025e0
0x00007f8280833850:   00007f8284001ec0 00000000025605f0
0x00007f8280833860:   0000000002560b60 0000000002561570 

Instructions: (pc=0x00007f827aedfc58)
0x00007f827aedfc38:   24 d8 48 89 fb 4c 89 64 24 e0 4c 89 6c 24 e8 48
0x00007f827aedfc48:   89 f5 4c 89 74 24 f0 4c 89 7c 24 f8 48 83 ec 58
0x00007f827aedfc58:   48 8b 87 68 09 00 00 49 89 d4 49 89 cd 4d 89 c6
0x00007f827aedfc68:   48 85 c0 74 02 ff 10 ba 08 00 00 00 be 62 00 00 

Register to memory mapping:

RAX=0x00007f825c0008c0 is an unknown value
RBX=0xffffffff84225b10 is an unknown value
RCX=0x00007f82808336d8 is an unknown value
RDX=0x00007f82808336d4 is an unknown value
RSP=0x00007f8280833670 is an unknown value
RBP=0x00007f8278d1c932: <offset 0x96932> in /usr/lib/fglrx/libGL.so.1 at 0x00007f8278c86000
RSI=0x00007f8278d1c932: <offset 0x96932> in /usr/lib/fglrx/libGL.so.1 at 0x00007f8278c86000
RDI=0xffffffff84225b10 is an unknown value
R8 =0x00007f82808336dc is an unknown value
R9 =0x0000000000000000 is an unknown value
R10=0x00007f828b41cfa8: <offset 0x3bbfa8> in /lib/x86_64-linux-gnu/libc.so.6 at 0x00007f828b061000
R11=0x00007f828b09cca0: __cxa_finalize+0 in /lib/x86_64-linux-gnu/libc.so.6 at 0x00007f828b061000
R12=0x0000000000000000 is an unknown value
R13=0x00007f8278d1c932: <offset 0x96932> in /usr/lib/fglrx/libGL.so.1 at 0x00007f8278c86000
R14=0x00007f825c0008c0 is an unknown value
R15=0x0000000000000000 is an unknown value


Stack: [0x00007f8280734000,0x00007f8280835000],  sp=0x00007f8280833670,  free space=1021k
Native frames: (J=compiled Java code, j=interpreted, Vv=VM code, C=native code)
C  [libX11.so.6+0x33c58]  XQueryExtension+0x28

VM_Operation (0x00007f828bc45680): Exit, mode: safepoint, requested by thread 0x00007f8284008800


---------------  P R O C E S S  ---------------

Java Threads: ( => current thread )
  0x00007f828463a800 JavaThread "Thread-1" [_thread_blocked, id=14904, stack(0x00007f827182b000,0x00007f827192c000)]
  0x00007f8284af0800 JavaThread "Thread-2" daemon [_thread_blocked, id=14895, stack(0x00007f8278024000,0x00007f8278125000)]
  0x00007f8284223800 JavaThread "AWT-XAWT" daemon [_thread_blocked, id=14893, stack(0x00007f82798cc000,0x00007f82799cd000)]
  0x00007f828414f800 JavaThread "Java2D Disposer" daemon [_thread_blocked, id=14892, stack(0x00007f8279c8d000,0x00007f8279d8e000)]
  0x00007f828409e800 JavaThread "Low Memory Detector" daemon [_thread_blocked, id=14890, stack(0x00007f828012e000,0x00007f828022f000)]
  0x00007f828409c000 JavaThread "C2 CompilerThread1" daemon [_thread_blocked, id=14889, stack(0x00007f828022f000,0x00007f8280330000)]
  0x00007f8284099800 JavaThread "C2 CompilerThread0" daemon [_thread_blocked, id=14888, stack(0x00007f8280330000,0x00007f8280431000)]
  0x00007f8284079000 JavaThread "Finalizer" daemon [_thread_blocked, id=14886, stack(0x00007f8280532000,0x00007f8280633000)]
  0x00007f8284077000 JavaThread "Reference Handler" daemon [_thread_blocked, id=14885, stack(0x00007f8280633000,0x00007f8280734000)]
  0x00007f8284008800 JavaThread "main" [_thread_blocked, id=14879, stack(0x00007f828bb46000,0x00007f828bc47000)]

Other Threads:
=>0x00007f8284070000 VMThread [stack: 0x00007f8280734000,0x00007f8280835000] [id=14884]

VM state:at safepoint (shutting down)

VM Mutex/Monitor currently owned by a thread:  ([mutex/lock_event])
[0x00007f8284004dd0] Threads_lock - owner thread: 0x00007f8284070000

Heap
 PSYoungGen      total 34880K, used 21737K [0x00000000d9200000, 0x00000000db8e0000, 0x0000000100000000)
  eden space 29952K, 72% used [0x00000000d9200000,0x00000000da73a500,0x00000000daf40000)
  from space 4928K, 0% used [0x00000000db410000,0x00000000db410000,0x00000000db8e0000)
  to   space 4928K, 0% used [0x00000000daf40000,0x00000000daf40000,0x00000000db410000)
 PSOldGen        total 79616K, used 0K [0x000000008b600000, 0x00000000903c0000, 0x00000000d9200000)
  object space 79616K, 0% used [0x000000008b600000,0x000000008b600000,0x00000000903c0000)
 PSPermGen       total 21248K, used 11383K [0x0000000081000000, 0x00000000824c0000, 0x000000008b600000)
  object space 21248K, 53% used [0x0000000081000000,0x0000000081b1dc60,0x00000000824c0000)

Code Cache  [0x00007f8281000000, 0x00007f8281270000, 0x00007f8284000000)
 total_blobs=617 nmethods=132 adapters=439 free_code_cache=49559808 largest_free_block=12992

Dynamic libraries:
00400000-00409000 r-xp 00000000 08:03 18618890                           /usr/lib/jvm/java-6-openjdk-amd64/jre/bin/java
00608000-00609000 r--p 00008000 08:03 18618890                           /usr/lib/jvm/java-6-openjdk-amd64/jre/bin/java
00609000-0060a000 rw-p 00009000 08:03 18618890                           /usr/lib/jvm/java-6-openjdk-amd64/jre/bin/java
02560000-02581000 rw-p 00000000 00:00 0                                  [heap]
81000000-824c0000 rw-p 00000000 00:00 0 
824c0000-8b600000 rw-p 00000000 00:00 0 
8b600000-903c0000 rw-p 00000000 00:00 0 
903c0000-d9200000 rw-p 00000000 00:00 0 
d9200000-db8e0000 rw-p 00000000 00:00 0 
db8e0000-100000000 rw-p 00000000 00:00 0 
7f8234000000-7f8234021000 rw-p 00000000 00:00 0 
7f8234021000-7f8238000000 ---p 00000000 00:00 0 
7f8238000000-7f8238021000 rw-p 00000000 00:00 0 
7f8238021000-7f823c000000 ---p 00000000 00:00 0 
7f823c000000-7f823c021000 rw-p 00000000 00:00 0 
7f823c021000-7f8240000000 ---p 00000000 00:00 0 
7f8240000000-7f8240021000 rw-p 00000000 00:00 0 
7f8240021000-7f8244000000 ---p 00000000 00:00 0 
7f8244000000-7f8244021000 rw-p 00000000 00:00 0 
7f8244021000-7f8248000000 ---p 00000000 00:00 0 
7f8248000000-7f8248021000 rw-p 00000000 00:00 0 
7f8248021000-7f824c000000 ---p 00000000 00:00 0 
7f824c000000-7f824c1b2000 rw-p 00000000 00:00 0 
7f824c1b2000-7f8250000000 ---p 00000000 00:00 0 
7f8250000000-7f82505da000 rw-p 00000000 00:00 0 
7f82505da000-7f8254000000 ---p 00000000 00:00 0 
7f8254000000-7f8254021000 rw-p 00000000 00:00 0 
7f8254021000-7f8258000000 ---p 00000000 00:00 0 
7f8258000000-7f8258021000 rw-p 00000000 00:00 0 
7f8258021000-7f825c000000 ---p 00000000 00:00 0 
7f825c000000-7f825c021000 rw-p 00000000 00:00 0 
7f825c021000-7f8260000000 ---p 00000000 00:00 0 
7f8260000000-7f8260021000 rw-p 00000000 00:00 0 
7f8260021000-7f8264000000 ---p 00000000 00:00 0 
7f8264000000-7f8264021000 rw-p 00000000 00:00 0 
7f8264021000-7f8268000000 ---p 00000000 00:00 0 
7f826c000000-7f826c021000 rw-p 00000000 00:00 0 
7f826c021000-7f8270000000 ---p 00000000 00:00 0 
7f827182b000-7f827182e000 ---p 00000000 00:00 0 
7f827182e000-7f827192c000 rw-p 00000000 00:00 0 
7f827192c000-7f827192f000 ---p 00000000 00:00 0 
7f827192f000-7f8271c2f000 rw-p 00000000 00:00 0 
7f8271c2f000-7f8271c32000 r-xp 00000000 08:03 15602613                   /home/arwilczek90/workspace/Elements/lib/slick/libjinput-linux64.so
7f8271c32000-7f8271d31000 ---p 00003000 08:03 15602613                   /home/arwilczek90/workspace/Elements/lib/slick/libjinput-linux64.so
7f8271d31000-7f8271d32000 rw-p 00002000 08:03 15602613                   /home/arwilczek90/workspace/Elements/lib/slick/libjinput-linux64.so
7f8271d32000-7f8273c8c000 r-xp 00000000 08:03 19009510                   /usr/lib/fglrx/dri/fglrx_dri.so
7f8273c8c000-7f8273d8c000 ---p 01f5a000 08:03 19009510                   /usr/lib/fglrx/dri/fglrx_dri.so
7f8273d8c000-7f8273eda000 rwxp 01f5a000 08:03 19009510                   /usr/lib/fglrx/dri/fglrx_dri.so
7f8273eda000-7f8274000000 rwxp 00000000 00:00 0 
7f8274000000-7f8274021000 rw-p 00000000 00:00 0 
7f8274021000-7f8278000000 ---p 00000000 00:00 0 
7f8278022000-7f8278024000 r--s 00015000 08:03 15598514                   /home/arwilczek90/workspace/Elements/lib/slick/lib/tinylinepp.jar
7f8278024000-7f8278027000 ---p 00000000 00:00 0 
7f8278027000-7f8278125000 rw-p 00000000 00:00 0 
7f8278125000-7f8278825000 rw-s 00006000 00:05 10225                      /dev/ati/card0
7f8278825000-7f8278827000 r-xp 00000000 08:03 18488267                   /usr/lib/x86_64-linux-gnu/libXinerama.so.1.0.0
7f8278827000-7f8278a26000 ---p 00002000 08:03 18488267                   /usr/lib/x86_64-linux-gnu/libXinerama.so.1.0.0
7f8278a26000-7f8278a27000 r--p 00001000 08:03 18488267                   /usr/lib/x86_64-linux-gnu/libXinerama.so.1.0.0
7f8278a27000-7f8278a28000 rw-p 00002000 08:03 18488267                   /usr/lib/x86_64-linux-gnu/libXinerama.so.1.0.0
7f8278a28000-7f8278a63000 r-xp 00000000 08:03 19009508                   /usr/lib/fglrx/libatiadlxx.so
7f8278a63000-7f8278b63000 ---p 0003b000 08:03 19009508                   /usr/lib/fglrx/libatiadlxx.so
7f8278b63000-7f8278b6c000 rw-p 0003b000 08:03 19009508                   /usr/lib/fglrx/libatiadlxx.so
7f8278b6c000-7f8278b7d000 rw-p 00000000 00:00 0 
7f8278b7d000-7f8278b84000 r-xp 00000000 08:03 19009532                   /usr/lib/fglrx/libatiuki.so.1.0
7f8278b84000-7f8278c84000 ---p 00007000 08:03 19009532                   /usr/lib/fglrx/libatiuki.so.1.0
7f8278c84000-7f8278c85000 rw-p 00007000 08:03 19009532                   /usr/lib/fglrx/libatiuki.so.1.0
7f8278c85000-7f8278c86000 rw-p 00000000 00:00 0 
7f8278c86000-7f8278d49000 r-xp 00000000 08:03 19009512                   /usr/lib/fglrx/libGL.so.1.2
7f8278d49000-7f8278e48000 ---p 000c3000 08:03 19009512                   /usr/lib/fglrx/libGL.so.1.2
7f8278e48000-7f8278e6f000 rwxp 000c2000 08:03 19009512                   /usr/lib/fglrx/libGL.so.1.2
7f8278e6f000-7f8278e8f000 rwxp 00000000 00:00 0 
7f8278e8f000-7f8278e90000 r-xp 00000000 08:03 18618886                   /usr/lib/jvm/java-6-openjdk-amd64/jre/lib/amd64/libjawt.so
7f8278e90000-7f827908f000 ---p 00001000 08:03 18618886                   /usr/lib/jvm/java-6-openjdk-amd64/jre/lib/amd64/libjawt.so
7f827908f000-7f8279090000 r--p 00000000 08:03 18618886                   /usr/lib/jvm/java-6-openjdk-amd64/jre/lib/amd64/libjawt.so
7f8279090000-7f8279091000 rw-p 00001000 08:03 18618886                   /usr/lib/jvm/java-6-openjdk-amd64/jre/lib/amd64/libjawt.so
7f8279091000-7f8279095000 r-xp 00000000 08:03 18488287                   /usr/lib/x86_64-linux-gnu/libXxf86vm.so.1.0.0
7f8279095000-7f8279294000 ---p 00004000 08:03 18488287                   /usr/lib/x86_64-linux-gnu/libXxf86vm.so.1.0.0
7f8279294000-7f8279295000 r--p 00003000 08:03 18488287                   /usr/lib/x86_64-linux-gnu/libXxf86vm.so.1.0.0
7f8279295000-7f8279296000 rw-p 00004000 08:03 18488287                   /usr/lib/x86_64-linux-gnu/libXxf86vm.so.1.0.0
7f8279296000-7f827929e000 r-xp 00000000 08:03 18488277                   /usr/lib/x86_64-linux-gnu/libXrandr.so.2.2.0
7f827929e000-7f827949d000 ---p 00008000 08:03 18488277                   /usr/lib/x86_64-linux-gnu/libXrandr.so.2.2.0
7f827949d000-7f827949e000 r--p 00007000 08:03 18488277                   /usr/lib/x86_64-linux-gnu/libXrandr.so.2.2.0
7f827949e000-7f827949f000 rw-p 00008000 08:03 18488277                   /usr/lib/x86_64-linux-gnu/libXrandr.so.2.2.0
7f827949f000-7f82794df000 r-xp 00000000 08:03 15602617                   /home/arwilczek90/workspace/Elements/lib/slick/liblwjgl64.so
7f82794df000-7f82795df000 ---p 00040000 08:03 15602617                   /home/arwilczek90/workspace/Elements/lib/slick/liblwjgl64.so
7f82795df000-7f82795e1000 rw-p 00040000 08:03 15602617                   /home/arwilczek90/workspace/Elements/lib/slick/liblwjgl64.so
7f82795e1000-7f82795e6000 r-xp 00000000 08:03 18488261                   /usr/lib/x86_64-linux-gnu/libXfixes.so.3.1.0
7f82795e6000-7f82797e5000 ---p 00005000 08:03 18488261                   /usr/lib/x86_64-linux-gnu/libXfixes.so.3.1.0
7f82797e5000-7f82797e6000 r--p 00004000 08:03 18488261                   /usr/lib/x86_64-linux-gnu/libXfixes.so.3.1.0
7f82797e6000-7f82797e7000 rw-p 00005000 08:03 18488261                   /usr/lib/x86_64-linux-gnu/libXfixes.so.3.1.0
7f82797e7000-7f82797f0000 r--s 00000000 08:03 19927122                   /var/cache/fontconfig/945677eb7aeaf62f1d50efc3fb3ec7d8-le64.cache-3
7f82797f0000-7f82797f6000 r--s 00000000 08:03 19927124                   /var/cache/fontconfig/a755afe4a08bf5b97852ceb7400b47bc-le64.cache-3
7f82797f6000-7f82797ff000 r--s 00000000 08:03 19927460                   /var/cache/fontconfig/6d41288fd70b0be22e8c3a91e032eec0-le64.cache-3
7f82797ff000-7f827982d000 r--s 00000000 08:03 19927454                   /var/cache/fontconfig/365b55f210c0a22e9a19e35191240f32-le64.cache-3
7f827982e000-7f8279836000 r--s 00067000 08:03 15598510                   /home/arwilczek90/workspace/Elements/lib/slick/lib/slick-sources.jar
7f8279836000-7f8279841000 r--s 00093000 08:03 15598513                   /home/arwilczek90/workspace/Elements/lib/slick/lib/slick.jar
7f8279841000-7f8279846000 r--s 0002f000 08:03 15598498                   /home/arwilczek90/workspace/Elements/lib/slick/lib/jinput.jar
7f8279846000-7f8279848000 r--s 00008000 08:03 15598497                   /home/arwilczek90/workspace/Elements/lib/slick/lib/ibxm.jar
7f8279848000-7f827984b000 r--s 0005b000 08:03 15598496                   /home/arwilczek90/workspace/Elements/lib/slick/lib/hiero.jar
7f827984b000-7f827984c000 r--s 00007000 08:03 15597697                   /home/arwilczek90/workspace/Elements/lib/slick/applet/lwjgl_util_applet.jar
7f827988c000-7f82798cc000 rw-s f0300000 00:05 10225                      /dev/ati/card0
7f82798cc000-7f82798cf000 ---p 00000000 00:00 0 
7f82798cf000-7f82799cd000 rw-p 00000000 00:00 0 
7f82799cd000-7f82799ce000 r--s 00000000 08:03 19927127                   /var/cache/fontconfig/c05880de57d1f5e948fdfacc138775d9-le64.cache-3
7f82799ce000-7f82799d7000 r--s 00000000 08:03 19927122                   /var/cache/fontconfig/945677eb7aeaf62f1d50efc3fb3ec7d8-le64.cache-3
7f82799d7000-7f82799d9000 r--s 00000000 08:03 19927123                   /var/cache/fontconfig/99e8ed0e538f840c565b6ed5dad60d56-le64.cache-3
7f82799d9000-7f82799dd000 r--s 00000000 08:03 19927109                   /var/cache/fontconfig/2cd17615ca594fa2959ae173292e504c-le64.cache-3
7f82799dd000-7f82799de000 r--s 00000000 08:03 19927134                   /var/cache/fontconfig/e7071f4a29fa870f4323321c154eba04-le64.cache-3
7f82799de000-7f82799df000 r--s 00000000 08:03 19927107                   /var/cache/fontconfig/0d8c3b2ac0904cb8a57a757ad11a4a08-le64.cache-3
7f82799df000-7f82799e5000 r--s 00000000 08:03 19927124                   /var/cache/fontconfig/a755afe4a08bf5b97852ceb7400b47bc-le64.cache-3
7f82799e5000-7f82799ee000 r--s 00000000 08:03 19927460                   /var/cache/fontconfig/6d41288fd70b0be22e8c3a91e032eec0-le64.cache-3
7f82799ee000-7f82799fe000 r--s 00000000 08:03 19927106                   /var/cache/fontconfig/04aabc0a78ac019cf9454389977116d2-le64.cache-3
7f82799fe000-7f8279a01000 r--s 00000000 08:03 19927112                   /var/cache/fontconfig/385c0604a188198f04d133e54aba7fe7-le64.cache-3
7f8279a01000-7f8279a02000 r--s 00000000 08:03 19927113                   /var/cache/fontconfig/4794a0821666d79190d59a36cb4f44b5-le64.cache-3
7f8279a02000-7f8279a05000 r--s 00000000 08:03 19927121                   /var/cache/fontconfig/8801497958630a81b71ace7c5f9b32a8-le64.cache-3
7f8279a05000-7f8279a33000 r--s 00000000 08:03 19927454                   /var/cache/fontconfig/365b55f210c0a22e9a19e35191240f32-le64.cache-3
7f8279a33000-7f8279a38000 r--s 00000000 08:03 19927110                   /var/cache/fontconfig/3047814df9a2f067bd2d96a2b9c36e5a-le64.cache-3
7f8279a38000-7f8279a3d000 r--s 00000000 08:03 19927125                   /var/cache/fontconfig/b47c4e1ecd0709278f4910c18777a504-le64.cache-3
7f8279a3d000-7f8279a40000 r--s 00015000 08:03 15598512                   /home/arwilczek90/workspace/Elements/lib/slick/lib/slick-util.jar
7f8279a40000-7f8279a41000 r--s 00000000 08:03 15598509                   /home/arwilczek90/workspace/Elements/lib/slick/lib/slick-examples.jar
7f8279a41000-7f8279a42000 r--s 00003000 08:03 15598508                   /home/arwilczek90/workspace/Elements/lib/slick/lib/scalar.jar
7f8279a42000-7f8279a45000 r--s 00017000 08:03 15598507                   /home/arwilczek90/workspace/Elements/lib/slick/lib/pedigree.jar
7f8279a45000-7f8279a47000 r--s 00004000 08:03 15598506                   /home/arwilczek90/workspace/Elements/lib/slick/lib/packulike.jar
7f8279a47000-7f8279a48000 r--s 00043000 08:03 15598505                   /home/arwilczek90/workspace/Elements/lib/slick/lib/natives-win32.jar
7f8279a48000-7f8279a4a000 r--s 00033000 08:03 15598504                   /home/arwilczek90/workspace/Elements/lib/slick/lib/natives-mac.jar
7f8279a4a000-7f8279a53000 r-xp 00000000 08:03 18488253                   /usr/lib/x86_64-linux-gnu/libXcursor.so.1.0.2
7f8279a53000-7f8279c52000 ---p 00009000 08:03 18488253                   /usr/lib/x86_64-linux-gnu/libXcursor.so.1.0.2
7f8279c52000-7f8279c53000 r--p 00008000 08:03 18488253                   /usr/lib/x86_64-linux-gnu/libXcursor.so.1.0.2
7f8279c53000-7f8279c54000 rw-p 00009000 08:03 18488253                   /usr/lib/x86_64-linux-gnu/libXcursor.so.1.0.2
7f8279c54000-7f8279c55000 r--s 0003d000 08:03 15598503                   /home/arwilczek90/workspace/Elements/lib/slick/lib/natives-linux.jar
7f8279c55000-7f8279c5c000 r--s 00073000 08:03 15598502                   /home/arwilczek90/workspace/Elements/lib/slick/lib/lwjgl.jar
7f8279c5c000-7f8279c5e000 r--s 0000d000 08:03 15598501                   /home/arwilczek90/workspace/Elements/lib/slick/lib/jorbis-0.0.15.jar
7f8279c5e000-7f8279c5f000 r--s 00001000 08:03 15598500                   /home/arwilczek90/workspace/Elements/lib/slick/lib/jogg-0.0.7.jar
7f8279c5f000-7f8279c60000 r--s 00001000 08:03 15598499                   /home/arwilczek90/workspace/Elements/lib/slick/lib/jnlp.jar
7f8279c60000-7f8279c61000 rw-s 00005000 00:05 10225                      /dev/ati/card0
7f8279c61000-7f8279c63000 rw-s 00002000 00:05 10225                      /dev/ati/card0
7f8279c63000-7f8279c6e000 r--s 00093000 08:03 15597692                   /home/arwilczek90/workspace/Elements/lib/slick.jar
7f8279c6e000-7f8279c75000 r--s 000fb000 08:03 18618812                   /usr/lib/jvm/java-6-openjdk-common/jre/lib/resources.jar
7f8279c75000-7f8279c76000 r--s 00000000 08:03 19927115                   /var/cache/fontconfig/56cf4f4769d0f4abc89a4895d7bd3ae1-le64.cache-3
7f8279c76000-7f8279c86000 r--s 00000000 08:03 19927130                   /var/cache/fontconfig/d52a8644073d54c13679302ca1180695-le64.cache-3
7f8279c86000-7f8279c89000 r--s 00000000 08:03 19927196                   /var/cache/fontconfig/e13b20fdb08344e0e664864cc2ede53d-le64.cache-3
7f8279c89000-7f8279c8d000 r--s 00000000 08:03 19927452                   /var/cache/fontconfig/7ef2298fde41cc6eeb7af42e48b7d293-le64.cache-3
7f8279c8d000-7f8279c90000 ---p 00000000 00:00 0 
7f8279c90000-7f8279d8e000 rw-p 00000000 00:00 0 
7f8279d8e000-7f8279e24000 r-xp 00000000 08:03 18488439                   /usr/lib/x86_64-linux-gnu/libfreetype.so.6.8.0
7f8279e24000-7f827a023000 ---p 00096000 08:03 18488439                   /usr/lib/x86_64-linux-gnu/libfreetype.so.6.8.0
7f827a023000-7f827a029000 r--p 00095000 08:03 18488439                   /usr/lib/x86_64-linux-gnu/libfreetype.so.6.8.0
7f827a029000-7f827a02a000 rw-p 0009b000 08:03 18488439                   /usr/lib/x86_64-linux-gnu/libfreetype.so.6.8.0
7f827a02a000-7f827a064000 r-xp 00000000 08:03 18618871                   /usr/lib/jvm/java-6-openjdk-amd64/jre/lib/amd64/libfontmanager.so
7f827a064000-7f827a263000 ---p 0003a000 08:03 18618871                   /usr/lib/jvm/java-6-openjdk-amd64/jre/lib/amd64/libfontmanager.so
7f827a263000-7f827a265000 r--p 00039000 08:03 18618871                   /usr/lib/jvm/java-6-openjdk-amd64/jre/lib/amd64/libfontmanager.so
7f827a265000-7f827a266000 rw-p 0003b000 08:03 18618871                   /usr/lib/jvm/java-6-openjdk-amd64/jre/lib/amd64/libfontmanager.so
7f827a266000-7f827a26b000 r-xp 00000000 08:03 18488257                   /usr/lib/x86_64-linux-gnu/libXdmcp.so.6.0.0
7f827a26b000-7f827a46a000 ---p 00005000 08:03 18488257                   /usr/lib/x86_64-linux-gnu/libXdmcp.so.6.0.0
7f827a46a000-7f827a46b000 r--p 00004000 08:03 18488257                   /usr/lib/x86_64-linux-gnu/libXdmcp.so.6.0.0
7f827a46b000-7f827a46c000 rw-p 00005000 08:03 18488257                   /usr/lib/x86_64-linux-gnu/libXdmcp.so.6.0.0
7f827a46c000-7f827a46e000 r-xp 00000000 08:03 18488246                   /usr/lib/x86_64-linux-gnu/libXau.so.6.0.0
7f827a46e000-7f827a66d000 ---p 00002000 08:03 18488246                   /usr/lib/x86_64-linux-gnu/libXau.so.6.0.0
7f827a66d000-7f827a66e000 r--p 00001000 08:03 18488246                   /usr/lib/x86_64-linux-gnu/libXau.so.6.0.0
7f827a66e000-7f827a66f000 rw-p 00002000 08:03 18488246                   /usr/lib/x86_64-linux-gnu/libXau.so.6.0.0
7f827a66f000-7f827a68c000 r-xp 00000000 08:03 18488845                   /usr/lib/x86_64-linux-gnu/libxcb.so.1.1.0
7f827a68c000-7f827a88b000 ---p 0001d000 08:03 18488845                   /usr/lib/x86_64-linux-gnu/libxcb.so.1.1.0
7f827a88b000-7f827a88c000 r--p 0001c000 08:03 18488845                   /usr/lib/x86_64-linux-gnu/libxcb.so.1.1.0
7f827a88c000-7f827a88d000 rw-p 0001d000 08:03 18488845                   /usr/lib/x86_64-linux-gnu/libxcb.so.1.1.0
7f827a88d000-7f827a89b000 r-xp 00000000 08:03 18488265                   /usr/lib/x86_64-linux-gnu/libXi.so.6.1.0
7f827a89b000-7f827aa9a000 ---p 0000e000 08:03 18488265                   /usr/lib/x86_64-linux-gnu/libXi.so.6.1.0
7f827aa9a000-7f827aa9b000 r--p 0000d000 08:03 18488265                   /usr/lib/x86_64-linux-gnu/libXi.so.6.1.0
7f827aa9b000-7f827aa9c000 rw-p 0000e000 08:03 18488265                   /usr/lib/x86_64-linux-gnu/libXi.so.6.1.0
7f827aa9c000-7f827aaa1000 r-xp 00000000 08:03 18488283                   /usr/lib/x86_64-linux-gnu/libXtst.so.6.1.0
7f827aaa1000-7f827aca0000 ---p 00005000 08:03 18488283                   /usr/lib/x86_64-linux-gnu/libXtst.so.6.1.0
7f827aca0000-7f827aca1000 r--p 00004000 08:03 18488283                   /usr/lib/x86_64-linux-gnu/libXtst.so.6.1.0
7f827aca1000-7f827aca2000 rw-p 00005000 08:03 18488283                   /usr/lib/x86_64-linux-gnu/libXtst.so.6.1.0
7f827aca2000-7f827acab000 r-xp 00000000 08:03 18488279                   /usr/lib/x86_64-linux-gnu/libXrender.so.1.3.0
7f827acab000-7f827aeaa000 ---p 00009000 08:03 18488279                   /usr/lib/x86_64-linux-gnu/libXrender.so.1.3.0
7f827aeaa000-7f827aeab000 r--p 00008000 08:03 18488279                   /usr/lib/x86_64-linux-gnu/libXrender.so.1.3.0
7f827aeab000-7f827aeac000 rw-p 00009000 08:03 18488279                   /usr/lib/x86_64-linux-gnu/libXrender.so.1.3.0
7f827aeac000-7f827afdb000 r-xp 00000000 08:03 18488244                   /usr/lib/x86_64-linux-gnu/libX11.so.6.3.0
7f827afdb000-7f827b1db000 ---p 0012f000 08:03 18488244                   /usr/lib/x86_64-linux-gnu/libX11.so.6.3.0
7f827b1db000-7f827b1dc000 r--p 0012f000 08:03 18488244                   /usr/lib/x86_64-linux-gnu/libX11.so.6.3.0
7f827b1dc000-7f827b1e0000 rw-p 00130000 08:03 18488244                   /usr/lib/x86_64-linux-gnu/libX11.so.6.3.0
7f827b1e0000-7f827b1f0000 r-xp 00000000 08:03 18488259                   /usr/lib/x86_64-linux-gnu/libXext.so.6.4.0
7f827b1f0000-7f827b3ef000 ---p 00010000 08:03 18488259                   /usr/lib/x86_64-linux-gnu/libXext.so.6.4.0
7f827b3ef000-7f827b3f0000 r--p 0000f000 08:03 18488259                   /usr/lib/x86_64-linux-gnu/libXext.so.6.4.0
7f827b3f0000-7f827b3f1000 rw-p 00010000 08:03 18488259                   /usr/lib/x86_64-linux-gnu/libXext.so.6.4.0
7f827b3f1000-7f827b43c000 r-xp 00000000 08:03 18618972                   /usr/lib/jvm/java-6-openjdk-amd64/jre/lib/amd64/xawt/libmawt.so
7f827b43c000-7f827b63c000 ---p 0004b000 08:03 18618972                   /usr/lib/jvm/java-6-openjdk-amd64/jre/lib/amd64/xawt/libmawt.so
7f827b63c000-7f827b63d000 r--p 0004b000 08:03 18618972                   /usr/lib/jvm/java-6-openjdk-amd64/jre/lib/amd64/xawt/libmawt.so
7f827b63d000-7f827b640000 rw-p 0004c000 08:03 18618972                   /usr/lib/jvm/java-6-openjdk-amd64/jre/lib/amd64/xawt/libmawt.so
7f827b640000-7f827b641000 rw-p 00000000 00:00 0 
7f827b641000-7f827b6ed000 r-xp 00000000 08:03 18618874                   /usr/lib/jvm/java-6-openjdk-amd64/jre/lib/amd64/libawt.so
7f827b6ed000-7f827b8ec000 ---p 000ac000 08:03 18618874                   /usr/lib/jvm/java-6-openjdk-amd64/jre/lib/amd64/libawt.so
7f827b8ec000-7f827b8ed000 r--p 000ab000 08:03 18618874                   /usr/lib/jvm/java-6-openjdk-amd64/jre/lib/amd64/libawt.so
7f827b8ed000-7f827b8f8000 rw-p 000ac000 08:03 18618874                   /usr/lib/jvm/java-6-openjdk-amd64/jre/lib/amd64/libawt.so
7f827b8f8000-7f827b91d000 rw-p 00000000 00:00 0 
7f827b91d000-7f827c000000 r--p 00000000 08:03 18487587                   /usr/lib/locale/locale-archive
7f827c000000-7f827c021000 rw-p 00000000 00:00 0 
7f827c021000-7f8280000000 ---p 00000000 00:00 0 
7f8280000000-7f8280004000 r--s 00000000 08:03 19927109                   /var/cache/fontconfig/2cd17615ca594fa2959ae173292e504c-le64.cache-3
7f8280004000-7f8280014000 r--s 00000000 08:03 19927106                   /var/cache/fontconfig/04aabc0a78ac019cf9454389977116d2-le64.cache-3
7f8280014000-7f8280017000 r--s 0007d000 08:03 18618443                   /usr/lib/jvm/java-6-openjdk-common/jre/lib/jsse.jar
7f8280017000-7f828001e000 r--s 00073000 08:03 15597691                   /home/arwilczek90/workspace/Elements/lib/lwjgl.jar
7f828001e000-7f8280020000 r--s 0000f000 08:03 18618803                   /usr/lib/jvm/java-6-openjdk-common/jre/lib/ext/pulse-java.jar
7f8280020000-7f8280023000 r--s 00077000 08:03 18618797                   /usr/lib/jvm/java-6-openjdk-common/jre/lib/ext/localedata.jar
7f8280023000-7f8280024000 r--s 00007000 08:03 18748229                   /usr/share/java/java-atk-wrapper.jar
7f8280024000-7f8280026000 r--s 00001000 08:03 18618801                   /usr/lib/jvm/java-6-openjdk-common/jre/lib/ext/dnsns.jar
7f8280026000-7f828002a000 r--s 00038000 08:03 18618795                   /usr/lib/jvm/java-6-openjdk-common/jre/lib/ext/sunpkcs11.jar
7f828002a000-7f828002d000 r--s 00031000 08:03 18618799                   /usr/lib/jvm/java-6-openjdk-common/jre/lib/ext/sunjce_provider.jar
7f828002d000-7f828002e000 ---p 00000000 00:00 0 
7f828002e000-7f828012e000 rw-p 00000000 00:00 0 
7f828012e000-7f8280131000 ---p 00000000 00:00 0 
7f8280131000-7f828022f000 rw-p 00000000 00:00 0 
7f828022f000-7f8280232000 ---p 00000000 00:00 0 
7f8280232000-7f8280330000 rw-p 00000000 00:00 0 
7f8280330000-7f8280333000 ---p 00000000 00:00 0 
7f8280333000-7f8280431000 rw-p 00000000 00:00 0 
7f8280431000-7f8280434000 ---p 00000000 00:00 0 
7f8280434000-7f8280532000 rw-p 00000000 00:00 0 
7f8280532000-7f8280535000 ---p 00000000 00:00 0 
7f8280535000-7f8280633000 rw-p 00000000 00:00 0 
7f8280633000-7f8280636000 ---p 00000000 00:00 0 
7f8280636000-7f8280734000 rw-p 00000000 00:00 0 
7f8280734000-7f8280735000 ---p 00000000 00:00 0 
7f8280735000-7f8280d6d000 rw-p 00000000 00:00 0 
7f8280d6d000-7f8280eff000 r--s 037bf000 08:03 18618843                   /usr/lib/jvm/java-6-openjdk-amd64/jre/lib/rt.jar
7f8280eff000-7f8280f00000 ---p 00000000 00:00 0 
7f8280f00000-7f8281000000 rw-p 00000000 00:00 0 
7f8281000000-7f8281270000 rwxp 00000000 00:00 0 
7f8281270000-7f8284d68000 rw-p 00000000 00:00 0 
7f8284d68000-7f8288000000 ---p 00000000 00:00 0 
7f8288000000-7f8288001000 r--s 00000000 08:03 19927126                   /var/cache/fontconfig/b9d506c9ac06c20b433354fa67a72993-le64.cache-3
7f8288001000-7f8288002000 r--s 00000000 08:03 19927127                   /var/cache/fontconfig/c05880de57d1f5e948fdfacc138775d9-le64.cache-3
7f8288002000-7f828802a000 rw-p 00000000 00:00 0 
7f828802a000-7f828802b000 ---p 00000000 00:00 0 
7f828802b000-7f828812b000 rw-p 00000000 00:00 0 
7f828812b000-7f828812c000 ---p 00000000 00:00 0 
7f828812c000-7f828822c000 rw-p 00000000 00:00 0 
7f828822c000-7f828822d000 ---p 00000000 00:00 0 
7f828822d000-7f8288338000 rw-p 00000000 00:00 0 
7f8288338000-7f8288380000 rw-p 00000000 00:00 0 
7f8288380000-7f82883a7000 rw-p 00000000 00:00 0 
7f82883a7000-7f82885ee000 rw-p 00000000 00:00 0 
7f82885ee000-7f82885f9000 rw-p 00000000 00:00 0 
7f82885f9000-7f8288641000 rw-p 00000000 00:00 0 
7f8288641000-7f8288668000 rw-p 00000000 00:00 0 
7f8288668000-7f82888af000 rw-p 00000000 00:00 0 
7f82888af000-7f82888c3000 rw-p 00000000 00:00 0 
7f82888c3000-7f82889e6000 rw-p 00000000 00:00 0 
7f82889e6000-7f82889e7000 rw-p 00000000 00:00 0 
7f82889e7000-7f82889ee000 r-xp 00000000 08:03 18618888                   /usr/lib/jvm/java-6-openjdk-amd64/jre/lib/amd64/libzip.so
7f82889ee000-7f8288bed000 ---p 00007000 08:03 18618888                   /usr/lib/jvm/java-6-openjdk-amd64/jre/lib/amd64/libzip.so
7f8288bed000-7f8288bee000 r--p 00006000 08:03 18618888                   /usr/lib/jvm/java-6-openjdk-amd64/jre/lib/amd64/libzip.so
7f8288bee000-7f8288bef000 rw-p 00007000 08:03 18618888                   /usr/lib/jvm/java-6-openjdk-amd64/jre/lib/amd64/libzip.so
7f8288bef000-7f8288bfb000 r-xp 00000000 08:03 21758081                   /lib/x86_64-linux-gnu/libnss_files-2.15.so
7f8288bfb000-7f8288dfa000 ---p 0000c000 08:03 21758081                   /lib/x86_64-linux-gnu/libnss_files-2.15.so
7f8288dfa000-7f8288dfb000 r--p 0000b000 08:03 21758081                   /lib/x86_64-linux-gnu/libnss_files-2.15.so
7f8288dfb000-7f8288dfc000 rw-p 0000c000 08:03 21758081                   /lib/x86_64-linux-gnu/libnss_files-2.15.so
7f8288dfc000-7f8288e06000 r-xp 00000000 08:03 21758077                   /lib/x86_64-linux-gnu/libnss_nis-2.15.so
7f8288e06000-7f8289006000 ---p 0000a000 08:03 21758077                   /lib/x86_64-linux-gnu/libnss_nis-2.15.so
7f8289006000-7f8289007000 r--p 0000a000 08:03 21758077                   /lib/x86_64-linux-gnu/libnss_nis-2.15.so
7f8289007000-7f8289008000 rw-p 0000b000 08:03 21758077                   /lib/x86_64-linux-gnu/libnss_nis-2.15.so
7f8289008000-7f828901f000 r-xp 00000000 08:03 21761730                   /lib/x86_64-linux-gnu/libnsl-2.15.so
7f828901f000-7f828921e000 ---p 00017000 08:03 21761730                   /lib/x86_64-linux-gnu/libnsl-2.15.so
7f828921e000-7f828921f000 r--p 00016000 08:03 21761730                   /lib/x86_64-linux-gnu/libnsl-2.15.so
7f828921f000-7f8289220000 rw-p 00017000 08:03 21761730                   /lib/x86_64-linux-gnu/libnsl-2.15.so
7f8289220000-7f8289222000 rw-p 00000000 00:00 0 
7f8289222000-7f828922a000 r-xp 00000000 08:03 21758082                   /lib/x86_64-linux-gnu/libnss_compat-2.15.so
7f828922a000-7f8289429000 ---p 00008000 08:03 21758082                   /lib/x86_64-linux-gnu/libnss_compat-2.15.so
7f8289429000-7f828942a000 r--p 00007000 08:03 21758082                   /lib/x86_64-linux-gnu/libnss_compat-2.15.so
7f828942a000-7f828942b000 rw-p 00008000 08:03 21758082                   /lib/x86_64-linux-gnu/libnss_compat-2.15.so
7f828942b000-7f8289457000 r-xp 00000000 08:03 18618873                   /usr/lib/jvm/java-6-openjdk-amd64/jre/lib/amd64/libjava.so
7f8289457000-7f8289656000 ---p 0002c000 08:03 18618873                   /usr/lib/jvm/java-6-openjdk-amd64/jre/lib/amd64/libjava.so
7f8289656000-7f8289657000 r--p 0002b000 08:03 18618873                   /usr/lib/jvm/java-6-openjdk-amd64/jre/lib/amd64/libjava.so
7f8289657000-7f828965a000 rw-p 0002c000 08:03 18618873                   /usr/lib/jvm/java-6-openjdk-amd64/jre/lib/amd64/libjava.so
7f828965a000-7f8289668000 r-xp 00000000 08:03 18618872                   /usr/lib/jvm/java-6-openjdk-amd64/jre/lib/amd64/libverify.so
7f8289668000-7f8289867000 ---p 0000e000 08:03 18618872                   /usr/lib/jvm/java-6-openjdk-amd64/jre/lib/amd64/libverify.so
7f8289867000-7f8289869000 r--p 0000d000 08:03 18618872                   /usr/lib/jvm/java-6-openjdk-amd64/jre/lib/amd64/libverify.so
7f8289869000-7f828986a000 rw-p 0000f000 08:03 18618872                   /usr/lib/jvm/java-6-openjdk-amd64/jre/lib/amd64/libverify.so
7f828986a000-7f8289871000 r-xp 00000000 08:03 21758075                   /lib/x86_64-linux-gnu/librt-2.15.so
7f8289871000-7f8289a70000 ---p 00007000 08:03 21758075                   /lib/x86_64-linux-gnu/librt-2.15.so
7f8289a70000-7f8289a71000 r--p 00006000 08:03 21758075                   /lib/x86_64-linux-gnu/librt-2.15.so
7f8289a71000-7f8289a72000 rw-p 00007000 08:03 21758075                   /lib/x86_64-linux-gnu/librt-2.15.so
7f8289a72000-7f8289a87000 r-xp 00000000 08:03 21761542                   /lib/x86_64-linux-gnu/libgcc_s.so.1
7f8289a87000-7f8289c86000 ---p 00015000 08:03 21761542                   /lib/x86_64-linux-gnu/libgcc_s.so.1
7f8289c86000-7f8289c87000 r--p 00014000 08:03 21761542                   /lib/x86_64-linux-gnu/libgcc_s.so.1
7f8289c87000-7f8289c88000 rw-p 00015000 08:03 21761542                   /lib/x86_64-linux-gnu/libgcc_s.so.1
7f8289c88000-7f8289d81000 r-xp 00000000 08:03 21758079                   /lib/x86_64-linux-gnu/libm-2.15.so
7f8289d81000-7f8289f80000 ---p 000f9000 08:03 21758079                   /lib/x86_64-linux-gnu/libm-2.15.so
7f8289f80000-7f8289f81000 r--p 000f8000 08:03 21758079                   /lib/x86_64-linux-gnu/libm-2.15.so
7f8289f81000-7f8289f82000 rw-p 000f9000 08:03 21758079                   /lib/x86_64-linux-gnu/libm-2.15.so
7f8289f82000-7f828a064000 r-xp 00000000 08:03 18488773                   /usr/lib/x86_64-linux-gnu/libstdc++.so.6.0.16
7f828a064000-7f828a263000 ---p 000e2000 08:03 18488773                   /usr/lib/x86_64-linux-gnu/libstdc++.so.6.0.16
7f828a263000-7f828a26b000 r--p 000e1000 08:03 18488773                   /usr/lib/x86_64-linux-gnu/libstdc++.so.6.0.16
7f828a26b000-7f828a26d000 rw-p 000e9000 08:03 18488773                   /usr/lib/x86_64-linux-gnu/libstdc++.so.6.0.16
7f828a26d000-7f828a282000 rw-p 00000000 00:00 0 
7f828a282000-7f828ab86000 r-xp 00000000 08:03 18618878                   /usr/lib/jvm/java-6-openjdk-amd64/jre/lib/amd64/server/libjvm.so
7f828ab86000-7f828ad86000 ---p 00904000 08:03 18618878                   /usr/lib/jvm/java-6-openjdk-amd64/jre/lib/amd64/server/libjvm.so
7f828ad86000-7f828ae06000 r--p 00904000 08:03 18618878                   /usr/lib/jvm/java-6-openjdk-amd64/jre/lib/amd64/server/libjvm.so
7f828ae06000-7f828ae21000 rw-p 00984000 08:03 18618878                   /usr/lib/jvm/java-6-openjdk-amd64/jre/lib/amd64/server/libjvm.so
7f828ae21000-7f828ae4a000 rw-p 00000000 00:00 0 
7f828ae4a000-7f828ae60000 r-xp 00000000 08:03 21761632                   /lib/x86_64-linux-gnu/libz.so.1.2.3.4
7f828ae60000-7f828b05f000 ---p 00016000 08:03 21761632                   /lib/x86_64-linux-gnu/libz.so.1.2.3.4
7f828b05f000-7f828b060000 r--p 00015000 08:03 21761632                   /lib/x86_64-linux-gnu/libz.so.1.2.3.4
7f828b060000-7f828b061000 rw-p 00016000 08:03 21761632                   /lib/x86_64-linux-gnu/libz.so.1.2.3.4
7f828b061000-7f828b216000 r-xp 00000000 08:03 21757975                   /lib/x86_64-linux-gnu/libc-2.15.so
7f828b216000-7f828b415000 ---p 001b5000 08:03 21757975                   /lib/x86_64-linux-gnu/libc-2.15.so
7f828b415000-7f828b419000 r--p 001b4000 08:03 21757975                   /lib/x86_64-linux-gnu/libc-2.15.so
7f828b419000-7f828b41b000 rw-p 001b8000 08:03 21757975                   /lib/x86_64-linux-gnu/libc-2.15.so
7f828b41b000-7f828b420000 rw-p 00000000 00:00 0 
7f828b420000-7f828b422000 r-xp 00000000 08:03 21757964                   /lib/x86_64-linux-gnu/libdl-2.15.so
7f828b422000-7f828b622000 ---p 00002000 08:03 21757964                   /lib/x86_64-linux-gnu/libdl-2.15.so
7f828b622000-7f828b623000 r--p 00002000 08:03 21757964                   /lib/x86_64-linux-gnu/libdl-2.15.so
7f828b623000-7f828b624000 rw-p 00003000 08:03 21757964                   /lib/x86_64-linux-gnu/libdl-2.15.so
7f828b624000-7f828b628000 r-xp 00000000 08:03 18618855                   /usr/lib/jvm/java-6-openjdk-amd64/jre/lib/amd64/jli/libjli.so
7f828b628000-7f828b827000 ---p 00004000 08:03 18618855                   /usr/lib/jvm/java-6-openjdk-amd64/jre/lib/amd64/jli/libjli.so
7f828b827000-7f828b828000 r--p 00003000 08:03 18618855                   /usr/lib/jvm/java-6-openjdk-amd64/jre/lib/amd64/jli/libjli.so
7f828b828000-7f828b829000 rw-p 00004000 08:03 18618855                   /usr/lib/jvm/java-6-openjdk-amd64/jre/lib/amd64/jli/libjli.so
7f828b829000-7f828b841000 r-xp 00000000 08:03 21758073                   /lib/x86_64-linux-gnu/libpthread-2.15.so
7f828b841000-7f828ba40000 ---p 00018000 08:03 21758073                   /lib/x86_64-linux-gnu/libpthread-2.15.so
7f828ba40000-7f828ba41000 r--p 00017000 08:03 21758073                   /lib/x86_64-linux-gnu/libpthread-2.15.so
7f828ba41000-7f828ba42000 rw-p 00018000 08:03 21758073                   /lib/x86_64-linux-gnu/libpthread-2.15.so
7f828ba42000-7f828ba46000 rw-p 00000000 00:00 0 
7f828ba46000-7f828ba68000 r-xp 00000000 08:03 21758085                   /lib/x86_64-linux-gnu/ld-2.15.so
7f828ba68000-7f828ba6a000 r--s 00000000 08:03 19927123                   /var/cache/fontconfig/99e8ed0e538f840c565b6ed5dad60d56-le64.cache-3
7f828ba6a000-7f828ba6b000 r--s 00000000 08:03 19927134                   /var/cache/fontconfig/e7071f4a29fa870f4323321c154eba04-le64.cache-3
7f828ba6b000-7f828ba6e000 r--s 00000000 08:03 19927112                   /var/cache/fontconfig/385c0604a188198f04d133e54aba7fe7-le64.cache-3
7f828ba6e000-7f828ba71000 r--s 00000000 08:03 19927121                   /var/cache/fontconfig/8801497958630a81b71ace7c5f9b32a8-le64.cache-3
7f828ba71000-7f828ba76000 r--s 00000000 08:03 19927110                   /var/cache/fontconfig/3047814df9a2f067bd2d96a2b9c36e5a-le64.cache-3
7f828ba76000-7f828ba86000 r--s 00000000 08:03 19927130                   /var/cache/fontconfig/d52a8644073d54c13679302ca1180695-le64.cache-3
7f828ba86000-7f828ba90000 rw-p 00000000 00:00 0 
7f828ba90000-7f828bb46000 rw-p 00000000 00:00 0 
7f828bb46000-7f828bb49000 ---p 00000000 00:00 0 
7f828bb49000-7f828bc4c000 rw-p 00000000 00:00 0 
7f828bc4c000-7f828bc4d000 r--s 00000000 08:03 19927107                   /var/cache/fontconfig/0d8c3b2ac0904cb8a57a757ad11a4a08-le64.cache-3
7f828bc4d000-7f828bc4e000 r--s 00000000 08:03 19927113                   /var/cache/fontconfig/4794a0821666d79190d59a36cb4f44b5-le64.cache-3
7f828bc4e000-7f828bc4f000 r--s 00000000 08:03 19927115                   /var/cache/fontconfig/56cf4f4769d0f4abc89a4895d7bd3ae1-le64.cache-3
7f828bc4f000-7f828bc50000 r--s 00000000 08:03 19927126                   /var/cache/fontconfig/b9d506c9ac06c20b433354fa67a72993-le64.cache-3
7f828bc50000-7f828bc55000 r--s 00000000 08:03 19927125                   /var/cache/fontconfig/b47c4e1ecd0709278f4910c18777a504-le64.cache-3
7f828bc55000-7f828bc58000 r--s 00000000 08:03 19927196                   /var/cache/fontconfig/e13b20fdb08344e0e664864cc2ede53d-le64.cache-3
7f828bc58000-7f828bc5c000 r--s 00000000 08:03 19927452                   /var/cache/fontconfig/7ef2298fde41cc6eeb7af42e48b7d293-le64.cache-3
7f828bc5c000-7f828bc64000 rw-s 00000000 08:03 8126514                    /tmp/hsperfdata_arwilczek90/14874 (deleted)
7f828bc64000-7f828bc65000 rw-p 00000000 00:00 0 
7f828bc65000-7f828bc66000 ---p 00000000 00:00 0 
7f828bc66000-7f828bc68000 rw-p 00000000 00:00 0 
7f828bc68000-7f828bc69000 r--p 00022000 08:03 21758085                   /lib/x86_64-linux-gnu/ld-2.15.so
7f828bc69000-7f828bc6b000 rw-p 00023000 08:03 21758085                   /lib/x86_64-linux-gnu/ld-2.15.so
7fff47097000-7fff470b8000 rw-p 00000000 00:00 0                          [stack]
7fff4717b000-7fff4717c000 r-xp 00000000 00:00 0                          [vdso]
ffffffffff600000-ffffffffff601000 r-xp 00000000 00:00 0                  [vsyscall]

VM Arguments:
jvm_args: -Djava.library.path=/home/arwilczek90/workspace/Elements/lib/slick:/home/arwilczek90/workspace/Elements/lib/slick -Dfile.encoding=UTF-8 
java_command: com.hack.elements.view.Main
Launcher Type: SUN_STANDARD

Environment Variables:
PATH=/usr/lib/lightdm/lightdm:/usr/local/sbin:/usr/local/bin:/usr/sbin:/usr/bin:/sbin:/bin:/usr/games
LD_LIBRARY_PATH=/usr/lib/jvm/java-6-openjdk-amd64/jre/lib/amd64/server:/usr/lib/jvm/java-6-openjdk-amd64/jre/lib/amd64:/usr/lib/jvm/java-6-openjdk-amd64/jre/../lib/amd64
SHELL=/bin/bash
DISPLAY=:0.0

Signal Handlers:
SIGSEGV: [libjvm.so+0x784310], sa_mask[0]=0x7ffbfeff, sa_flags=0x10000004
SIGBUS: [libjvm.so+0x784310], sa_mask[0]=0x7ffbfeff, sa_flags=0x10000004
SIGFPE: [libjvm.so+0x648580], sa_mask[0]=0x7ffbfeff, sa_flags=0x10000004
SIGPIPE: [libjvm.so+0x648580], sa_mask[0]=0x7ffbfeff, sa_flags=0x10000004
SIGXFSZ: [libjvm.so+0x648580], sa_mask[0]=0x7ffbfeff, sa_flags=0x10000004
SIGILL: [libjvm.so+0x648580], sa_mask[0]=0x7ffbfeff, sa_flags=0x10000004
SIGUSR1: SIG_DFL, sa_mask[0]=0x00000000, sa_flags=0x00000000
SIGUSR2: [libjvm.so+0x648730], sa_mask[0]=0x00000004, sa_flags=0x10000004
SIGHUP: [libjvm.so+0x64b250], sa_mask[0]=0x7ffbfeff, sa_flags=0x10000004
SIGINT: [libjvm.so+0x64b250], sa_mask[0]=0x7ffbfeff, sa_flags=0x10000004
SIGTERM: [libjvm.so+0x64b250], sa_mask[0]=0x7ffbfeff, sa_flags=0x10000004
SIGQUIT: [libjvm.so+0x64b250], sa_mask[0]=0x7ffbfeff, sa_flags=0x10000004


---------------  S Y S T E M  ---------------

OS:Ubuntu 12.04 (precise)
uname:Linux 3.2.0-32-generic #51-Ubuntu SMP Wed Sep 26 21:33:09 UTC 2012 x86_64
libc:glibc 2.15 NPTL 2.15 
rlimit: STACK 8192k, CORE 0k, NPROC 59545, NOFILE 4096, AS infinity
load average:0.61 0.84 0.85

/proc/meminfo:
MemTotal:        7639648 kB
MemFree:         4219532 kB
Buffers:          119816 kB
Cached:          1215908 kB
SwapCached:            0 kB
Active:          2200424 kB
Inactive:         742328 kB
Active(anon):    1607492 kB
Inactive(anon):    15400 kB
Active(file):     592932 kB
Inactive(file):   726928 kB
Unevictable:          20 kB
Mlocked:              20 kB
SwapTotal:       3818492 kB
SwapFree:        3818492 kB
Dirty:               128 kB
Writeback:             0 kB
AnonPages:       1607136 kB
Mapped:           306256 kB
Shmem:             15868 kB
Slab:             105856 kB
SReclaimable:      75420 kB
SUnreclaim:        30436 kB
KernelStack:        4072 kB
PageTables:        33688 kB
NFS_Unstable:          0 kB
Bounce:                0 kB
WritebackTmp:          0 kB
CommitLimit:     7638316 kB
Committed_AS:    4179444 kB
VmallocTotal:   34359738367 kB
VmallocUsed:      116912 kB
VmallocChunk:   34359619344 kB
HardwareCorrupted:     0 kB
AnonHugePages:         0 kB
HugePages_Total:       0
HugePages_Free:        0
HugePages_Rsvd:        0
HugePages_Surp:        0
Hugepagesize:       2048 kB
DirectMap4k:      329728 kB
DirectMap2M:     5416960 kB
DirectMap1G:     2097152 kB


CPU:total 4 (4 cores per cpu, 1 threads per core) family 18 model 1 stepping 0, cmov, cx8, fxsr, mmx, sse, sse2, sse3, popcnt, mmxext, 3dnowpref, lzcnt, sse4a

Memory: 4k page, physical 7639648k(4219532k free), swap 3818492k(3818492k free)

vm_info: OpenJDK 64-Bit Server VM (20.0-b12) for linux-amd64 JRE (1.6.0_24-b24), built on Sep  2 2012 19:50:47 by "buildd" with gcc 4.6.3

time: Sat Oct 13 20:05:10 2012
elapsed time: 54 seconds

