#
# A fatal error has been detected by the Java Runtime Environment:
#
#  SIGSEGV (0xb) at pc=0x00007fe2c6bb5c58, pid=19152, tid=140611991607040
#
# JRE version: 6.0_24-b24
# Java VM: OpenJDK 64-Bit Server VM (20.0-b12 mixed mode linux-amd64 compressed oops)
# Derivative: IcedTea6 1.11.4
# Distribution: Ubuntu 12.04 LTS, package 6b24-1.11.4-1ubuntu0.12.04.1
# Problematic frame:
# C  [libX11.so.6+0x33c58]  XQueryExtension+0x28
#
# If you would like to submit a bug report, please include
# instructions how to reproduce the bug and visit:
#   https://bugs.launchpad.net/ubuntu/+source/openjdk-6/
# The crash happened outside the Java Virtual Machine in native code.
# See problematic frame for where to report the bug.
#

---------------  T H R E A D  ---------------

Current thread (0x00007fe2d00a5000):  JavaThread "JDWP Transport Listener: dt_socket" daemon [_thread_in_native, id=19168, stack(0x00007fe2c7bf9000,0x00007fe2c7cfa000)]

siginfo:si_signo=SIGSEGV: si_errno=0, si_code=1 (SEGV_MAPERR), si_addr=0xffffffffd0244968

Registers:
RAX=0x00007fe2a4001d10, RBX=0xffffffffd0244000, RCX=0x00007fe2c7cf8848, RDX=0x00007fe2c7cf8844
RSP=0x00007fe2c7cf87e0, RBP=0x00007fe2c4b8d932, RSI=0x00007fe2c4b8d932, RDI=0xffffffffd0244000
R8 =0x00007fe2c7cf884c, R9 =0x0000000000000000, R10=0x00007fe2d7b47fa8, R11=0x00007fe2d77c7ca0
R12=0x0000000000000000, R13=0x00007fe2c4b8d932, R14=0x00007fe2a4001d10, R15=0x0000000000000000
RIP=0x00007fe2c6bb5c58, EFLAGS=0x0000000000010202, CSGSFS=0x4700000000000033, ERR=0x0000000000000005
  TRAPNO=0x000000000000000e

Top of Stack: (sp=0x00007fe2c7cf87e0)
0x00007fe2c7cf87e0:   00007fe2d779a790 00007fe2d83769e8
0x00007fe2c7cf87f0:   0000000000000000 0000000000000000
0x00007fe2c7cf8800:   00000000ffffffff ffffffffd0244000
0x00007fe2c7cf8810:   00007fe2c4b8d932 0000000000000000
0x00007fe2c7cf8820:   00007fe2c4b8d932 00007fe2a4001d10
0x00007fe2c7cf8830:   0000000000000000 00007fe2c6ba9c55
0x00007fe2c7cf8840:   00007fe2d8394048 00007fe2c4cc6520
0x00007fe2c7cf8850:   00007fe2c4cc6520 ffffffffd0244000
0x00007fe2c7cf8860:   00007fe2d01c8b00 00007fe2c6ec302b
0x00007fe2c7cf8870:   00007fe2d779a790 000000110000002f
0x00007fe2c7cf8880:   00007fe2c7cf8900 0000000000000000
0x00007fe2c7cf8890:   00007fe2c7cf8900 ffffffffd0244000
0x00007fe2c7cf88a0:   0000000000000000 00007fe2d8394048
0x00007fe2c7cf88b0:   00007fe2c4cdfd50 00007fe2c4b34119
0x00007fe2c7cf88c0:   0000000000000000 000000000000002f
0x00007fe2c7cf88d0:   00007fe2c7cf8900 00007fe2c7cf8920
0x00007fe2c7cf88e0:   0000000000000000 00007fe2d8394048
0x00007fe2c7cf88f0:   00007fe2d0243b60 00007fe2c4b2ab42
0x00007fe2c7cf8900:   00007fe2c7cf8b10 00007fe2c4b8d8b1
0x00007fe2c7cf8910:   00007fe2c7cf8b10 00007fe2d818092d
0x00007fe2c7cf8920:   00007fe2d83952c8 00007fe2d8395858
0x00007fe2c7cf8930:   00007fe2d8376000 00007fe2d0004060
0x00007fe2c7cf8940:   00007fe2d0004780 00007fe2d0009040
0x00007fe2c7cf8950:   00007fe2d0009b50 00007fe2d00094f0
0x00007fe2c7cf8960:   00007fe2d000a050 00007fe2d000ed30
0x00007fe2c7cf8970:   00007fe2d009d330 00007fe2d0187430
0x00007fe2c7cf8980:   00007fe2d0187910 00007fe2d8375000
0x00007fe2c7cf8990:   00007fe2d0240710 00007fe2d0238e30
0x00007fe2c7cf89a0:   00007fe2d02392d0 00007fe2d0240be0
0x00007fe2c7cf89b0:   00007fe2d0241080 00007fe2d0241520
0x00007fe2c7cf89c0:   00007fe2d0111e30 00007fe2d0110950
0x00007fe2c7cf89d0:   00007fe2d00025e0 00007fe2d0001ec0 

Instructions: (pc=0x00007fe2c6bb5c58)
0x00007fe2c6bb5c38:   24 d8 48 89 fb 4c 89 64 24 e0 4c 89 6c 24 e8 48
0x00007fe2c6bb5c48:   89 f5 4c 89 74 24 f0 4c 89 7c 24 f8 48 83 ec 58
0x00007fe2c6bb5c58:   48 8b 87 68 09 00 00 49 89 d4 49 89 cd 4d 89 c6
0x00007fe2c6bb5c68:   48 85 c0 74 02 ff 10 ba 08 00 00 00 be 62 00 00 

Register to memory mapping:

RAX=0x00007fe2a4001d10 is an unknown value
RBX=0xffffffffd0244000 is an unknown value
RCX=0x00007fe2c7cf8848 is pointing into the stack for thread: 0x00007fe2d00a5000
RDX=0x00007fe2c7cf8844 is pointing into the stack for thread: 0x00007fe2d00a5000
RSP=0x00007fe2c7cf87e0 is pointing into the stack for thread: 0x00007fe2d00a5000
RBP=0x00007fe2c4b8d932: <offset 0x96932> in /usr/lib/fglrx/libGL.so.1 at 0x00007fe2c4af7000
RSI=0x00007fe2c4b8d932: <offset 0x96932> in /usr/lib/fglrx/libGL.so.1 at 0x00007fe2c4af7000
RDI=0xffffffffd0244000 is an unknown value
R8 =0x00007fe2c7cf884c is pointing into the stack for thread: 0x00007fe2d00a5000
R9 =0x0000000000000000 is an unknown value
R10=0x00007fe2d7b47fa8: <offset 0x3bbfa8> in /lib/x86_64-linux-gnu/libc.so.6 at 0x00007fe2d778c000
R11=0x00007fe2d77c7ca0: __cxa_finalize+0 in /lib/x86_64-linux-gnu/libc.so.6 at 0x00007fe2d778c000
R12=0x0000000000000000 is an unknown value
R13=0x00007fe2c4b8d932: <offset 0x96932> in /usr/lib/fglrx/libGL.so.1 at 0x00007fe2c4af7000
R14=0x00007fe2a4001d10 is an unknown value
R15=0x0000000000000000 is an unknown value


Stack: [0x00007fe2c7bf9000,0x00007fe2c7cfa000],  sp=0x00007fe2c7cf87e0,  free space=1021k
Native frames: (J=compiled Java code, j=interpreted, Vv=VM code, C=native code)
C  [libX11.so.6+0x33c58]  XQueryExtension+0x28


---------------  P R O C E S S  ---------------

Java Threads: ( => current thread )
  0x00007fe2d0b11800 JavaThread "Thread-2" daemon [_thread_blocked, id=19192, stack(0x00007fe2c44fb000,0x00007fe2c45fc000)]
  0x00007fe2d023f800 JavaThread "AWT-XAWT" daemon [_thread_in_native, id=19187, stack(0x00007fe2c5452000,0x00007fe2c5553000)]
  0x00007fe2d019a000 JavaThread "Java2D Disposer" daemon [_thread_blocked, id=19186, stack(0x00007fe2c5963000,0x00007fe2c5a64000)]
  0x00007fe2d00b0000 JavaThread "Low Memory Detector" daemon [_thread_blocked, id=19176, stack(0x00007fe2c76f4000,0x00007fe2c77f5000)]
  0x00007fe2d00ad800 JavaThread "C2 CompilerThread1" daemon [_thread_blocked, id=19175, stack(0x00007fe2c77f5000,0x00007fe2c78f6000)]
  0x00007fe2d00ab000 JavaThread "C2 CompilerThread0" daemon [_thread_blocked, id=19174, stack(0x00007fe2c78f6000,0x00007fe2c79f7000)]
  0x00007fe2d00a8800 JavaThread "JDWP Event Helper Thread" daemon [_thread_blocked, id=19171, stack(0x00007fe2c7af8000,0x00007fe2c7bf9000)]
=>0x00007fe2d00a5000 JavaThread "JDWP Transport Listener: dt_socket" daemon [_thread_in_native, id=19168, stack(0x00007fe2c7bf9000,0x00007fe2c7cfa000)]
  0x00007fe2d008c800 JavaThread "Signal Dispatcher" daemon [_thread_in_vm, id=19166, stack(0x00007fe2c7eff000,0x00007fe2c8000000)]
  0x00007fe2d007b000 JavaThread "Finalizer" daemon [_thread_blocked, id=19165, stack(0x00007fe2cc0f5000,0x00007fe2cc1f6000)]
  0x00007fe2d0079000 JavaThread "Reference Handler" daemon [_thread_blocked, id=19164, stack(0x00007fe2cc1f6000,0x00007fe2cc2f7000)]
  0x00007fe2d000b000 JavaThread "main" [_thread_blocked, id=19157, stack(0x00007fe2d8271000,0x00007fe2d8372000)]

Other Threads:
  0x00007fe2d0072800 VMThread [stack: 0x00007fe2cc2f7000,0x00007fe2cc3f8000] [id=19163]
  0x00007fe2d00ba800 WatcherThread [stack: 0x00007fe2c75f3000,0x00007fe2c76f4000] [id=19177]

VM state:not at safepoint (normal execution)

VM Mutex/Monitor currently owned by a thread:  ([mutex/lock_event])
[0x00007fe2d0007410] Threads_lock - owner thread: 0x00007fe2d008c800

Heap
 PSYoungGen      total 34880K, used 8516K [0x00000000d9200000, 0x00000000db8e0000, 0x0000000100000000)
  eden space 29952K, 28% used [0x00000000d9200000,0x00000000d9a51350,0x00000000daf40000)
  from space 4928K, 0% used [0x00000000db410000,0x00000000db410000,0x00000000db8e0000)
  to   space 4928K, 0% used [0x00000000daf40000,0x00000000daf40000,0x00000000db410000)
 PSOldGen        total 79616K, used 0K [0x000000008b600000, 0x00000000903c0000, 0x00000000d9200000)
  object space 79616K, 0% used [0x000000008b600000,0x000000008b600000,0x00000000903c0000)
 PSPermGen       total 21248K, used 11295K [0x0000000081000000, 0x00000000824c0000, 0x000000008b600000)
  object space 21248K, 53% used [0x0000000081000000,0x0000000081b07dc0,0x00000000824c0000)

Code Cache  [0x00007fe2cd000000, 0x00007fe2cd270000, 0x00007fe2d0000000)
 total_blobs=536 nmethods=64 adapters=434 free_code_cache=49649216 largest_free_block=11648

Dynamic libraries:
00400000-00409000 r-xp 00000000 08:03 18618890                           /usr/lib/jvm/java-6-openjdk-amd64/jre/bin/java
00608000-00609000 r--p 00008000 08:03 18618890                           /usr/lib/jvm/java-6-openjdk-amd64/jre/bin/java
00609000-0060a000 rw-p 00009000 08:03 18618890                           /usr/lib/jvm/java-6-openjdk-amd64/jre/bin/java
01c2b000-01c4c000 rw-p 00000000 00:00 0                                  [heap]
81000000-824c0000 rw-p 00000000 00:00 0 
824c0000-8b600000 rw-p 00000000 00:00 0 
8b600000-903c0000 rw-p 00000000 00:00 0 
903c0000-d9200000 rw-p 00000000 00:00 0 
d9200000-db8e0000 rw-p 00000000 00:00 0 
db8e0000-100000000 rw-p 00000000 00:00 0 
7fe278000000-7fe278021000 rw-p 00000000 00:00 0 
7fe278021000-7fe27c000000 ---p 00000000 00:00 0 
7fe280000000-7fe280021000 rw-p 00000000 00:00 0 
7fe280021000-7fe284000000 ---p 00000000 00:00 0 
7fe284000000-7fe284021000 rw-p 00000000 00:00 0 
7fe284021000-7fe288000000 ---p 00000000 00:00 0 
7fe288000000-7fe288021000 rw-p 00000000 00:00 0 
7fe288021000-7fe28c000000 ---p 00000000 00:00 0 
7fe28c000000-7fe28c021000 rw-p 00000000 00:00 0 
7fe28c021000-7fe290000000 ---p 00000000 00:00 0 
7fe290000000-7fe290210000 rw-p 00000000 00:00 0 
7fe290210000-7fe294000000 ---p 00000000 00:00 0 
7fe294000000-7fe294202000 rw-p 00000000 00:00 0 
7fe294202000-7fe298000000 ---p 00000000 00:00 0 
7fe298000000-7fe298021000 rw-p 00000000 00:00 0 
7fe298021000-7fe29c000000 ---p 00000000 00:00 0 
7fe29c000000-7fe29c021000 rw-p 00000000 00:00 0 
7fe29c021000-7fe2a0000000 ---p 00000000 00:00 0 
7fe2a0000000-7fe2a0021000 rw-p 00000000 00:00 0 
7fe2a0021000-7fe2a4000000 ---p 00000000 00:00 0 
7fe2a4000000-7fe2a4021000 rw-p 00000000 00:00 0 
7fe2a4021000-7fe2a8000000 ---p 00000000 00:00 0 
7fe2a8000000-7fe2a8021000 rw-p 00000000 00:00 0 
7fe2a8021000-7fe2ac000000 ---p 00000000 00:00 0 
7fe2ac000000-7fe2ac021000 rw-p 00000000 00:00 0 
7fe2ac021000-7fe2b0000000 ---p 00000000 00:00 0 
7fe2b0000000-7fe2b0021000 rw-p 00000000 00:00 0 
7fe2b0021000-7fe2b4000000 ---p 00000000 00:00 0 
7fe2b4000000-7fe2b4021000 rw-p 00000000 00:00 0 
7fe2b4021000-7fe2b8000000 ---p 00000000 00:00 0 
7fe2b8000000-7fe2b8021000 rw-p 00000000 00:00 0 
7fe2b8021000-7fe2bc000000 ---p 00000000 00:00 0 
7fe2bce2e000-7fe2bd02e000 rw-s eb761000 00:05 10225                      /dev/ati/card0
7fe2bd12f000-7fe2bd22f000 rw-s 3fbf5000 00:05 10225                      /dev/ati/card0
7fe2bd22f000-7fe2bd632000 rw-p 00000000 00:00 0 
7fe2bd632000-7fe2bdd32000 rw-s 00006000 00:05 10225                      /dev/ati/card0
7fe2bdd32000-7fe2bfc8c000 r-xp 00000000 08:03 19009510                   /usr/lib/fglrx/dri/fglrx_dri.so
7fe2bfc8c000-7fe2bfd8c000 ---p 01f5a000 08:03 19009510                   /usr/lib/fglrx/dri/fglrx_dri.so
7fe2bfd8c000-7fe2bfeda000 rwxp 01f5a000 08:03 19009510                   /usr/lib/fglrx/dri/fglrx_dri.so
7fe2bfeda000-7fe2c0000000 rwxp 00000000 00:00 0 
7fe2c0000000-7fe2c0021000 rw-p 00000000 00:00 0 
7fe2c0021000-7fe2c4000000 ---p 00000000 00:00 0 
7fe2c40f6000-7fe2c41f6000 rw-s 3fbe5000 00:05 10225                      /dev/ati/card0
7fe2c41f6000-7fe2c43f8000 rw-p 00000000 00:00 0 
7fe2c43f8000-7fe2c43fb000 r-xp 00000000 08:03 15602613                   /home/arwilczek90/workspace/Elements/lib/slick/libjinput-linux64.so
7fe2c43fb000-7fe2c44fa000 ---p 00003000 08:03 15602613                   /home/arwilczek90/workspace/Elements/lib/slick/libjinput-linux64.so
7fe2c44fa000-7fe2c44fb000 rw-p 00002000 08:03 15602613                   /home/arwilczek90/workspace/Elements/lib/slick/libjinput-linux64.so
7fe2c44fb000-7fe2c44fe000 ---p 00000000 00:00 0 
7fe2c44fe000-7fe2c45fc000 rw-p 00000000 00:00 0 
7fe2c45fc000-7fe2c463c000 rw-s 0002a000 00:05 10225                      /dev/ati/card0
7fe2c463c000-7fe2c463e000 r-xp 00000000 08:03 18488267                   /usr/lib/x86_64-linux-gnu/libXinerama.so.1.0.0
7fe2c463e000-7fe2c483d000 ---p 00002000 08:03 18488267                   /usr/lib/x86_64-linux-gnu/libXinerama.so.1.0.0
7fe2c483d000-7fe2c483e000 r--p 00001000 08:03 18488267                   /usr/lib/x86_64-linux-gnu/libXinerama.so.1.0.0
7fe2c483e000-7fe2c483f000 rw-p 00002000 08:03 18488267                   /usr/lib/x86_64-linux-gnu/libXinerama.so.1.0.0
7fe2c483f000-7fe2c487a000 r-xp 00000000 08:03 19009508                   /usr/lib/fglrx/libatiadlxx.so
7fe2c487a000-7fe2c497a000 ---p 0003b000 08:03 19009508                   /usr/lib/fglrx/libatiadlxx.so
7fe2c497a000-7fe2c4983000 rw-p 0003b000 08:03 19009508                   /usr/lib/fglrx/libatiadlxx.so
7fe2c4983000-7fe2c4994000 rw-p 00000000 00:00 0 
7fe2c49a0000-7fe2c49a2000 r--s 00015000 08:03 15598514                   /home/arwilczek90/workspace/Elements/lib/slick/lib/tinylinepp.jar
7fe2c49a2000-7fe2c49a5000 r--s 00015000 08:03 15598512                   /home/arwilczek90/workspace/Elements/lib/slick/lib/slick-util.jar
7fe2c49a5000-7fe2c49ad000 r--s 00067000 08:03 15598510                   /home/arwilczek90/workspace/Elements/lib/slick/lib/slick-sources.jar
7fe2c49ad000-7fe2c49ae000 r--s 00000000 08:03 15598509                   /home/arwilczek90/workspace/Elements/lib/slick/lib/slick-examples.jar
7fe2c49ae000-7fe2c49ee000 rw-s f0300000 00:05 10225                      /dev/ati/card0
7fe2c49ee000-7fe2c49f5000 r-xp 00000000 08:03 19009532                   /usr/lib/fglrx/libatiuki.so.1.0
7fe2c49f5000-7fe2c4af5000 ---p 00007000 08:03 19009532                   /usr/lib/fglrx/libatiuki.so.1.0
7fe2c4af5000-7fe2c4af6000 rw-p 00007000 08:03 19009532                   /usr/lib/fglrx/libatiuki.so.1.0
7fe2c4af6000-7fe2c4af7000 rw-p 00000000 00:00 0 
7fe2c4af7000-7fe2c4bba000 r-xp 00000000 08:03 19009512                   /usr/lib/fglrx/libGL.so.1.2
7fe2c4bba000-7fe2c4cb9000 ---p 000c3000 08:03 19009512                   /usr/lib/fglrx/libGL.so.1.2
7fe2c4cb9000-7fe2c4ce0000 rwxp 000c2000 08:03 19009512                   /usr/lib/fglrx/libGL.so.1.2
7fe2c4ce0000-7fe2c4d00000 rwxp 00000000 00:00 0 
7fe2c4d00000-7fe2c4d01000 r-xp 00000000 08:03 18618886                   /usr/lib/jvm/java-6-openjdk-amd64/jre/lib/amd64/libjawt.so
7fe2c4d01000-7fe2c4f00000 ---p 00001000 08:03 18618886                   /usr/lib/jvm/java-6-openjdk-amd64/jre/lib/amd64/libjawt.so
7fe2c4f00000-7fe2c4f01000 r--p 00000000 08:03 18618886                   /usr/lib/jvm/java-6-openjdk-amd64/jre/lib/amd64/libjawt.so
7fe2c4f01000-7fe2c4f02000 rw-p 00001000 08:03 18618886                   /usr/lib/jvm/java-6-openjdk-amd64/jre/lib/amd64/libjawt.so
7fe2c4f02000-7fe2c4f06000 r-xp 00000000 08:03 18488287                   /usr/lib/x86_64-linux-gnu/libXxf86vm.so.1.0.0
7fe2c4f06000-7fe2c5105000 ---p 00004000 08:03 18488287                   /usr/lib/x86_64-linux-gnu/libXxf86vm.so.1.0.0
7fe2c5105000-7fe2c5106000 r--p 00003000 08:03 18488287                   /usr/lib/x86_64-linux-gnu/libXxf86vm.so.1.0.0
7fe2c5106000-7fe2c5107000 rw-p 00004000 08:03 18488287                   /usr/lib/x86_64-linux-gnu/libXxf86vm.so.1.0.0
7fe2c5107000-7fe2c510f000 r-xp 00000000 08:03 18488277                   /usr/lib/x86_64-linux-gnu/libXrandr.so.2.2.0
7fe2c510f000-7fe2c530e000 ---p 00008000 08:03 18488277                   /usr/lib/x86_64-linux-gnu/libXrandr.so.2.2.0
7fe2c530e000-7fe2c530f000 r--p 00007000 08:03 18488277                   /usr/lib/x86_64-linux-gnu/libXrandr.so.2.2.0
7fe2c530f000-7fe2c5310000 rw-p 00008000 08:03 18488277                   /usr/lib/x86_64-linux-gnu/libXrandr.so.2.2.0
7fe2c5310000-7fe2c5350000 r-xp 00000000 08:03 15602617                   /home/arwilczek90/workspace/Elements/lib/slick/liblwjgl64.so
7fe2c5350000-7fe2c5450000 ---p 00040000 08:03 15602617                   /home/arwilczek90/workspace/Elements/lib/slick/liblwjgl64.so
7fe2c5450000-7fe2c5452000 rw-p 00040000 08:03 15602617                   /home/arwilczek90/workspace/Elements/lib/slick/liblwjgl64.so
7fe2c5452000-7fe2c5455000 ---p 00000000 00:00 0 
7fe2c5455000-7fe2c5553000 rw-p 00000000 00:00 0 
7fe2c5553000-7fe2c5558000 r-xp 00000000 08:03 18488261                   /usr/lib/x86_64-linux-gnu/libXfixes.so.3.1.0
7fe2c5558000-7fe2c5757000 ---p 00005000 08:03 18488261                   /usr/lib/x86_64-linux-gnu/libXfixes.so.3.1.0
7fe2c5757000-7fe2c5758000 r--p 00004000 08:03 18488261                   /usr/lib/x86_64-linux-gnu/libXfixes.so.3.1.0
7fe2c5758000-7fe2c5759000 rw-p 00005000 08:03 18488261                   /usr/lib/x86_64-linux-gnu/libXfixes.so.3.1.0
7fe2c5759000-7fe2c5762000 r-xp 00000000 08:03 18488253                   /usr/lib/x86_64-linux-gnu/libXcursor.so.1.0.2
7fe2c5762000-7fe2c5961000 ---p 00009000 08:03 18488253                   /usr/lib/x86_64-linux-gnu/libXcursor.so.1.0.2
7fe2c5961000-7fe2c5962000 r--p 00008000 08:03 18488253                   /usr/lib/x86_64-linux-gnu/libXcursor.so.1.0.2
7fe2c5962000-7fe2c5963000 rw-p 00009000 08:03 18488253                   /usr/lib/x86_64-linux-gnu/libXcursor.so.1.0.2
7fe2c5963000-7fe2c5966000 ---p 00000000 00:00 0 
7fe2c5966000-7fe2c5a64000 rw-p 00000000 00:00 0 
7fe2c5a64000-7fe2c5afa000 r-xp 00000000 08:03 18488439                   /usr/lib/x86_64-linux-gnu/libfreetype.so.6.8.0
7fe2c5afa000-7fe2c5cf9000 ---p 00096000 08:03 18488439                   /usr/lib/x86_64-linux-gnu/libfreetype.so.6.8.0
7fe2c5cf9000-7fe2c5cff000 r--p 00095000 08:03 18488439                   /usr/lib/x86_64-linux-gnu/libfreetype.so.6.8.0
7fe2c5cff000-7fe2c5d00000 rw-p 0009b000 08:03 18488439                   /usr/lib/x86_64-linux-gnu/libfreetype.so.6.8.0
7fe2c5d00000-7fe2c5d3a000 r-xp 00000000 08:03 18618871                   /usr/lib/jvm/java-6-openjdk-amd64/jre/lib/amd64/libfontmanager.so
7fe2c5d3a000-7fe2c5f39000 ---p 0003a000 08:03 18618871                   /usr/lib/jvm/java-6-openjdk-amd64/jre/lib/amd64/libfontmanager.so
7fe2c5f39000-7fe2c5f3b000 r--p 00039000 08:03 18618871                   /usr/lib/jvm/java-6-openjdk-amd64/jre/lib/amd64/libfontmanager.so
7fe2c5f3b000-7fe2c5f3c000 rw-p 0003b000 08:03 18618871                   /usr/lib/jvm/java-6-openjdk-amd64/jre/lib/amd64/libfontmanager.so
7fe2c5f3c000-7fe2c5f41000 r-xp 00000000 08:03 18488257                   /usr/lib/x86_64-linux-gnu/libXdmcp.so.6.0.0
7fe2c5f41000-7fe2c6140000 ---p 00005000 08:03 18488257                   /usr/lib/x86_64-linux-gnu/libXdmcp.so.6.0.0
7fe2c6140000-7fe2c6141000 r--p 00004000 08:03 18488257                   /usr/lib/x86_64-linux-gnu/libXdmcp.so.6.0.0
7fe2c6141000-7fe2c6142000 rw-p 00005000 08:03 18488257                   /usr/lib/x86_64-linux-gnu/libXdmcp.so.6.0.0
7fe2c6142000-7fe2c6144000 r-xp 00000000 08:03 18488246                   /usr/lib/x86_64-linux-gnu/libXau.so.6.0.0
7fe2c6144000-7fe2c6343000 ---p 00002000 08:03 18488246                   /usr/lib/x86_64-linux-gnu/libXau.so.6.0.0
7fe2c6343000-7fe2c6344000 r--p 00001000 08:03 18488246                   /usr/lib/x86_64-linux-gnu/libXau.so.6.0.0
7fe2c6344000-7fe2c6345000 rw-p 00002000 08:03 18488246                   /usr/lib/x86_64-linux-gnu/libXau.so.6.0.0
7fe2c6345000-7fe2c6362000 r-xp 00000000 08:03 18488845                   /usr/lib/x86_64-linux-gnu/libxcb.so.1.1.0
7fe2c6362000-7fe2c6561000 ---p 0001d000 08:03 18488845                   /usr/lib/x86_64-linux-gnu/libxcb.so.1.1.0
7fe2c6561000-7fe2c6562000 r--p 0001c000 08:03 18488845                   /usr/lib/x86_64-linux-gnu/libxcb.so.1.1.0
7fe2c6562000-7fe2c6563000 rw-p 0001d000 08:03 18488845                   /usr/lib/x86_64-linux-gnu/libxcb.so.1.1.0
7fe2c6563000-7fe2c6571000 r-xp 00000000 08:03 18488265                   /usr/lib/x86_64-linux-gnu/libXi.so.6.1.0
7fe2c6571000-7fe2c6770000 ---p 0000e000 08:03 18488265                   /usr/lib/x86_64-linux-gnu/libXi.so.6.1.0
7fe2c6770000-7fe2c6771000 r--p 0000d000 08:03 18488265                   /usr/lib/x86_64-linux-gnu/libXi.so.6.1.0
7fe2c6771000-7fe2c6772000 rw-p 0000e000 08:03 18488265                   /usr/lib/x86_64-linux-gnu/libXi.so.6.1.0
7fe2c6772000-7fe2c6777000 r-xp 00000000 08:03 18488283                   /usr/lib/x86_64-linux-gnu/libXtst.so.6.1.0
7fe2c6777000-7fe2c6976000 ---p 00005000 08:03 18488283                   /usr/lib/x86_64-linux-gnu/libXtst.so.6.1.0
7fe2c6976000-7fe2c6977000 r--p 00004000 08:03 18488283                   /usr/lib/x86_64-linux-gnu/libXtst.so.6.1.0
7fe2c6977000-7fe2c6978000 rw-p 00005000 08:03 18488283                   /usr/lib/x86_64-linux-gnu/libXtst.so.6.1.0
7fe2c6978000-7fe2c6981000 r-xp 00000000 08:03 18488279                   /usr/lib/x86_64-linux-gnu/libXrender.so.1.3.0
7fe2c6981000-7fe2c6b80000 ---p 00009000 08:03 18488279                   /usr/lib/x86_64-linux-gnu/libXrender.so.1.3.0
7fe2c6b80000-7fe2c6b81000 r--p 00008000 08:03 18488279                   /usr/lib/x86_64-linux-gnu/libXrender.so.1.3.0
7fe2c6b81000-7fe2c6b82000 rw-p 00009000 08:03 18488279                   /usr/lib/x86_64-linux-gnu/libXrender.so.1.3.0
7fe2c6b82000-7fe2c6cb1000 r-xp 00000000 08:03 18488244                   /usr/lib/x86_64-linux-gnu/libX11.so.6.3.0
7fe2c6cb1000-7fe2c6eb1000 ---p 0012f000 08:03 18488244                   /usr/lib/x86_64-linux-gnu/libX11.so.6.3.0
7fe2c6eb1000-7fe2c6eb2000 r--p 0012f000 08:03 18488244                   /usr/lib/x86_64-linux-gnu/libX11.so.6.3.0
7fe2c6eb2000-7fe2c6eb6000 rw-p 00130000 08:03 18488244                   /usr/lib/x86_64-linux-gnu/libX11.so.6.3.0
7fe2c6eb6000-7fe2c6ec6000 r-xp 00000000 08:03 18488259                   /usr/lib/x86_64-linux-gnu/libXext.so.6.4.0
7fe2c6ec6000-7fe2c70c5000 ---p 00010000 08:03 18488259                   /usr/lib/x86_64-linux-gnu/libXext.so.6.4.0
7fe2c70c5000-7fe2c70c6000 r--p 0000f000 08:03 18488259                   /usr/lib/x86_64-linux-gnu/libXext.so.6.4.0
7fe2c70c6000-7fe2c70c7000 rw-p 00010000 08:03 18488259                   /usr/lib/x86_64-linux-gnu/libXext.so.6.4.0
7fe2c70c7000-7fe2c7112000 r-xp 00000000 08:03 18618972                   /usr/lib/jvm/java-6-openjdk-amd64/jre/lib/amd64/xawt/libmawt.so
7fe2c7112000-7fe2c7312000 ---p 0004b000 08:03 18618972                   /usr/lib/jvm/java-6-openjdk-amd64/jre/lib/amd64/xawt/libmawt.so
7fe2c7312000-7fe2c7313000 r--p 0004b000 08:03 18618972                   /usr/lib/jvm/java-6-openjdk-amd64/jre/lib/amd64/xawt/libmawt.so
7fe2c7313000-7fe2c7316000 rw-p 0004c000 08:03 18618972                   /usr/lib/jvm/java-6-openjdk-amd64/jre/lib/amd64/xawt/libmawt.so
7fe2c7316000-7fe2c7317000 rw-p 00000000 00:00 0 
7fe2c7317000-7fe2c73c3000 r-xp 00000000 08:03 18618874                   /usr/lib/jvm/java-6-openjdk-amd64/jre/lib/amd64/libawt.so
7fe2c73c3000-7fe2c75c2000 ---p 000ac000 08:03 18618874                   /usr/lib/jvm/java-6-openjdk-amd64/jre/lib/amd64/libawt.so
7fe2c75c2000-7fe2c75c3000 r--p 000ab000 08:03 18618874                   /usr/lib/jvm/java-6-openjdk-amd64/jre/lib/amd64/libawt.so
7fe2c75c3000-7fe2c75ce000 rw-p 000ac000 08:03 18618874                   /usr/lib/jvm/java-6-openjdk-amd64/jre/lib/amd64/libawt.so
7fe2c75ce000-7fe2c75f3000 rw-p 00000000 00:00 0 
7fe2c75f3000-7fe2c75f4000 ---p 00000000 00:00 0 
7fe2c75f4000-7fe2c76f4000 rw-p 00000000 00:00 0 
7fe2c76f4000-7fe2c76f7000 ---p 00000000 00:00 0 
7fe2c76f7000-7fe2c77f5000 rw-p 00000000 00:00 0 
7fe2c77f5000-7fe2c77f8000 ---p 00000000 00:00 0 
7fe2c77f8000-7fe2c78f6000 rw-p 00000000 00:00 0 
7fe2c78f6000-7fe2c78f9000 ---p 00000000 00:00 0 
7fe2c78f9000-7fe2c79f7000 rw-p 00000000 00:00 0 
7fe2c79f7000-7fe2c79fa000 ---p 00000000 00:00 0 
7fe2c79fa000-7fe2c7af8000 rw-p 00000000 00:00 0 
7fe2c7af8000-7fe2c7afb000 ---p 00000000 00:00 0 
7fe2c7afb000-7fe2c7bf9000 rw-p 00000000 00:00 0 
7fe2c7bf9000-7fe2c7bfc000 ---p 00000000 00:00 0 
7fe2c7bfc000-7fe2c7cfa000 rw-p 00000000 00:00 0 
7fe2c7cfa000-7fe2c7cfe000 r-xp 00000000 08:03 18618885                   /usr/lib/jvm/java-6-openjdk-amd64/jre/lib/amd64/libdt_socket.so
7fe2c7cfe000-7fe2c7efd000 ---p 00004000 08:03 18618885                   /usr/lib/jvm/java-6-openjdk-amd64/jre/lib/amd64/libdt_socket.so
7fe2c7efd000-7fe2c7efe000 r--p 00003000 08:03 18618885                   /usr/lib/jvm/java-6-openjdk-amd64/jre/lib/amd64/libdt_socket.so
7fe2c7efe000-7fe2c7eff000 rw-p 00004000 08:03 18618885                   /usr/lib/jvm/java-6-openjdk-amd64/jre/lib/amd64/libdt_socket.so
7fe2c7eff000-7fe2c7f02000 ---p 00000000 00:00 0 
7fe2c7f02000-7fe2c8000000 rw-p 00000000 00:00 0 
7fe2c8000000-7fe2c8021000 rw-p 00000000 00:00 0 
7fe2c8021000-7fe2cc000000 ---p 00000000 00:00 0 
7fe2cc000000-7fe2cc001000 r--s 00003000 08:03 15598508                   /home/arwilczek90/workspace/Elements/lib/slick/lib/scalar.jar
7fe2cc001000-7fe2cc004000 r--s 00017000 08:03 15598507                   /home/arwilczek90/workspace/Elements/lib/slick/lib/pedigree.jar
7fe2cc004000-7fe2cc00f000 r--s 00093000 08:03 15598513                   /home/arwilczek90/workspace/Elements/lib/slick/lib/slick.jar
7fe2cc00f000-7fe2cc011000 r--s 00004000 08:03 15598506                   /home/arwilczek90/workspace/Elements/lib/slick/lib/packulike.jar
7fe2cc011000-7fe2cc012000 r--s 00043000 08:03 15598505                   /home/arwilczek90/workspace/Elements/lib/slick/lib/natives-win32.jar
7fe2cc012000-7fe2cc014000 r--s 00033000 08:03 15598504                   /home/arwilczek90/workspace/Elements/lib/slick/lib/natives-mac.jar
7fe2cc014000-7fe2cc015000 r--s 0003d000 08:03 15598503                   /home/arwilczek90/workspace/Elements/lib/slick/lib/natives-linux.jar
7fe2cc015000-7fe2cc01c000 r--s 00073000 08:03 15598502                   /home/arwilczek90/workspace/Elements/lib/slick/lib/lwjgl.jar
7fe2cc01c000-7fe2cc01e000 r--s 0000d000 08:03 15598501                   /home/arwilczek90/workspace/Elements/lib/slick/lib/jorbis-0.0.15.jar
7fe2cc01e000-7fe2cc01f000 r--s 00001000 08:03 15598500                   /home/arwilczek90/workspace/Elements/lib/slick/lib/jogg-0.0.7.jar
7fe2cc01f000-7fe2cc020000 r--s 00001000 08:03 15598499                   /home/arwilczek90/workspace/Elements/lib/slick/lib/jnlp.jar
7fe2cc020000-7fe2cc025000 r--s 0002f000 08:03 15598498                   /home/arwilczek90/workspace/Elements/lib/slick/lib/jinput.jar
7fe2cc025000-7fe2cc027000 r--s 00008000 08:03 15598497                   /home/arwilczek90/workspace/Elements/lib/slick/lib/ibxm.jar
7fe2cc027000-7fe2cc02a000 r--s 0005b000 08:03 15598496                   /home/arwilczek90/workspace/Elements/lib/slick/lib/hiero.jar
7fe2cc02a000-7fe2cc02b000 r--s 00007000 08:03 15597697                   /home/arwilczek90/workspace/Elements/lib/slick/applet/lwjgl_util_applet.jar
7fe2cc02b000-7fe2cc02c000 rw-s 00005000 00:05 10225                      /dev/ati/card0
7fe2cc02c000-7fe2cc037000 r--s 00093000 08:03 15597692                   /home/arwilczek90/workspace/Elements/lib/slick.jar
7fe2cc037000-7fe2cc03e000 r--s 000fb000 08:03 18618812                   /usr/lib/jvm/java-6-openjdk-common/jre/lib/resources.jar
7fe2cc03e000-7fe2cc03f000 r--s 00000000 08:03 19927127                   /var/cache/fontconfig/c05880de57d1f5e948fdfacc138775d9-le64.cache-3
7fe2cc03f000-7fe2cc048000 r--s 00000000 08:03 19927122                   /var/cache/fontconfig/945677eb7aeaf62f1d50efc3fb3ec7d8-le64.cache-3
7fe2cc048000-7fe2cc04a000 r--s 00000000 08:03 19927123                   /var/cache/fontconfig/99e8ed0e538f840c565b6ed5dad60d56-le64.cache-3
7fe2cc04a000-7fe2cc04e000 r--s 00000000 08:03 19927109                   /var/cache/fontconfig/2cd17615ca594fa2959ae173292e504c-le64.cache-3
7fe2cc04e000-7fe2cc04f000 r--s 00000000 08:03 19927134                   /var/cache/fontconfig/e7071f4a29fa870f4323321c154eba04-le64.cache-3
7fe2cc04f000-7fe2cc050000 r--s 00000000 08:03 19927107                   /var/cache/fontconfig/0d8c3b2ac0904cb8a57a757ad11a4a08-le64.cache-3
7fe2cc050000-7fe2cc056000 r--s 00000000 08:03 19927124                   /var/cache/fontconfig/a755afe4a08bf5b97852ceb7400b47bc-le64.cache-3
7fe2cc056000-7fe2cc05f000 r--s 00000000 08:03 19927460                   /var/cache/fontconfig/6d41288fd70b0be22e8c3a91e032eec0-le64.cache-3
7fe2cc05f000-7fe2cc06f000 r--s 00000000 08:03 19927106                   /var/cache/fontconfig/04aabc0a78ac019cf9454389977116d2-le64.cache-3
7fe2cc06f000-7fe2cc072000 r--s 00000000 08:03 19927112                   /var/cache/fontconfig/385c0604a188198f04d133e54aba7fe7-le64.cache-3
7fe2cc072000-7fe2cc073000 r--s 00000000 08:03 19927113                   /var/cache/fontconfig/4794a0821666d79190d59a36cb4f44b5-le64.cache-3
7fe2cc073000-7fe2cc076000 r--s 00000000 08:03 19927121                   /var/cache/fontconfig/8801497958630a81b71ace7c5f9b32a8-le64.cache-3
7fe2cc076000-7fe2cc0a4000 r--s 00000000 08:03 19927454                   /var/cache/fontconfig/365b55f210c0a22e9a19e35191240f32-le64.cache-3
7fe2cc0a4000-7fe2cc0a9000 r--s 00000000 08:03 19927110                   /var/cache/fontconfig/3047814df9a2f067bd2d96a2b9c36e5a-le64.cache-3
7fe2cc0a9000-7fe2cc0aa000 r--s 00000000 08:03 19927115                   /var/cache/fontconfig/56cf4f4769d0f4abc89a4895d7bd3ae1-le64.cache-3
7fe2cc0aa000-7fe2cc0ab000 r--s 00000000 08:03 19927126                   /var/cache/fontconfig/b9d506c9ac06c20b433354fa67a72993-le64.cache-3
7fe2cc0ab000-7fe2cc0b0000 r--s 00000000 08:03 19927125                   /var/cache/fontconfig/b47c4e1ecd0709278f4910c18777a504-le64.cache-3
7fe2cc0b0000-7fe2cc0c0000 r--s 00000000 08:03 19927130                   /var/cache/fontconfig/d52a8644073d54c13679302ca1180695-le64.cache-3
7fe2cc0c0000-7fe2cc0c3000 r--s 00000000 08:03 19927196                   /var/cache/fontconfig/e13b20fdb08344e0e664864cc2ede53d-le64.cache-3
7fe2cc0c3000-7fe2cc0c7000 r--s 00000000 08:03 19927452                   /var/cache/fontconfig/7ef2298fde41cc6eeb7af42e48b7d293-le64.cache-3
7fe2cc0c7000-7fe2cc0d0000 r--s 00000000 08:03 19927122                   /var/cache/fontconfig/945677eb7aeaf62f1d50efc3fb3ec7d8-le64.cache-3
7fe2cc0d0000-7fe2cc0d2000 r--s 00000000 08:03 19927123                   /var/cache/fontconfig/99e8ed0e538f840c565b6ed5dad60d56-le64.cache-3
7fe2cc0d2000-7fe2cc0d6000 r--s 00000000 08:03 19927109                   /var/cache/fontconfig/2cd17615ca594fa2959ae173292e504c-le64.cache-3
7fe2cc0d6000-7fe2cc0dc000 r--s 00000000 08:03 19927124                   /var/cache/fontconfig/a755afe4a08bf5b97852ceb7400b47bc-le64.cache-3
7fe2cc0dc000-7fe2cc0e5000 r--s 00000000 08:03 19927460                   /var/cache/fontconfig/6d41288fd70b0be22e8c3a91e032eec0-le64.cache-3
7fe2cc0e5000-7fe2cc0f5000 r--s 00000000 08:03 19927106                   /var/cache/fontconfig/04aabc0a78ac019cf9454389977116d2-le64.cache-3
7fe2cc0f5000-7fe2cc0f8000 ---p 00000000 00:00 0 
7fe2cc0f8000-7fe2cc1f6000 rw-p 00000000 00:00 0 
7fe2cc1f6000-7fe2cc1f9000 ---p 00000000 00:00 0 
7fe2cc1f9000-7fe2cc2f7000 rw-p 00000000 00:00 0 
7fe2cc2f7000-7fe2cc2f8000 ---p 00000000 00:00 0 
7fe2cc2f8000-7fe2cc8fd000 rw-p 00000000 00:00 0 
7fe2cc8fd000-7fe2cca8f000 r--s 037bf000 08:03 18618843                   /usr/lib/jvm/java-6-openjdk-amd64/jre/lib/rt.jar
7fe2cca8f000-7fe2cca90000 ---p 00000000 00:00 0 
7fe2cca90000-7fe2ccb90000 rw-p 00000000 00:00 0 
7fe2ccb90000-7fe2ccb91000 ---p 00000000 00:00 0 
7fe2ccb91000-7fe2ccc91000 rw-p 00000000 00:00 0 
7fe2ccc91000-7fe2ccc92000 ---p 00000000 00:00 0 
7fe2ccc92000-7fe2ccdb9000 rw-p 00000000 00:00 0 
7fe2ccdb9000-7fe2cd000000 rw-p 00000000 00:00 0 
7fe2cd000000-7fe2cd270000 rwxp 00000000 00:00 0 
7fe2cd270000-7fe2d0cff000 rw-p 00000000 00:00 0 
7fe2d0cff000-7fe2d4000000 ---p 00000000 00:00 0 
7fe2d4000000-7fe2d4002000 rw-s 00002000 00:05 10225                      /dev/ati/card0
7fe2d4002000-7fe2d4003000 r--s 00000000 08:03 19927127                   /var/cache/fontconfig/c05880de57d1f5e948fdfacc138775d9-le64.cache-3
7fe2d4003000-7fe2d4006000 r--s 00000000 08:03 19927112                   /var/cache/fontconfig/385c0604a188198f04d133e54aba7fe7-le64.cache-3
7fe2d4006000-7fe2d4007000 r--s 00000000 08:03 19927113                   /var/cache/fontconfig/4794a0821666d79190d59a36cb4f44b5-le64.cache-3
7fe2d4007000-7fe2d400a000 r--s 00000000 08:03 19927121                   /var/cache/fontconfig/8801497958630a81b71ace7c5f9b32a8-le64.cache-3
7fe2d400a000-7fe2d4038000 r--s 00000000 08:03 19927454                   /var/cache/fontconfig/365b55f210c0a22e9a19e35191240f32-le64.cache-3
7fe2d4038000-7fe2d4048000 r--s 00000000 08:03 19927130                   /var/cache/fontconfig/d52a8644073d54c13679302ca1180695-le64.cache-3
7fe2d4048000-7fe2d40a3000 rw-p 00000000 00:00 0 
7fe2d40a3000-7fe2d40a4000 ---p 00000000 00:00 0 
7fe2d40a4000-7fe2d41af000 rw-p 00000000 00:00 0 
7fe2d41af000-7fe2d41f7000 rw-p 00000000 00:00 0 
7fe2d41f7000-7fe2d4202000 rw-p 00000000 00:00 0 
7fe2d4202000-7fe2d424a000 rw-p 00000000 00:00 0 
7fe2d424a000-7fe2d4271000 rw-p 00000000 00:00 0 
7fe2d4271000-7fe2d44b8000 rw-p 00000000 00:00 0 
7fe2d44b8000-7fe2d44cc000 rw-p 00000000 00:00 0 
7fe2d44cc000-7fe2d45ef000 rw-p 00000000 00:00 0 
7fe2d45ef000-7fe2d45f0000 rw-p 00000000 00:00 0 
7fe2d45f0000-7fe2d45f7000 r-xp 00000000 08:03 18618888                   /usr/lib/jvm/java-6-openjdk-amd64/jre/lib/amd64/libzip.so
7fe2d45f7000-7fe2d47f6000 ---p 00007000 08:03 18618888                   /usr/lib/jvm/java-6-openjdk-amd64/jre/lib/amd64/libzip.so
7fe2d47f6000-7fe2d47f7000 r--p 00006000 08:03 18618888                   /usr/lib/jvm/java-6-openjdk-amd64/jre/lib/amd64/libzip.so
7fe2d47f7000-7fe2d47f8000 rw-p 00007000 08:03 18618888                   /usr/lib/jvm/java-6-openjdk-amd64/jre/lib/amd64/libzip.so
7fe2d47f8000-7fe2d4804000 r-xp 00000000 08:03 21758081                   /lib/x86_64-linux-gnu/libnss_files-2.15.so
7fe2d4804000-7fe2d4a03000 ---p 0000c000 08:03 21758081                   /lib/x86_64-linux-gnu/libnss_files-2.15.so
7fe2d4a03000-7fe2d4a04000 r--p 0000b000 08:03 21758081                   /lib/x86_64-linux-gnu/libnss_files-2.15.so
7fe2d4a04000-7fe2d4a05000 rw-p 0000c000 08:03 21758081                   /lib/x86_64-linux-gnu/libnss_files-2.15.so
7fe2d4a05000-7fe2d4a0f000 r-xp 00000000 08:03 21758077                   /lib/x86_64-linux-gnu/libnss_nis-2.15.so
7fe2d4a0f000-7fe2d4c0f000 ---p 0000a000 08:03 21758077                   /lib/x86_64-linux-gnu/libnss_nis-2.15.so
7fe2d4c0f000-7fe2d4c10000 r--p 0000a000 08:03 21758077                   /lib/x86_64-linux-gnu/libnss_nis-2.15.so
7fe2d4c10000-7fe2d4c11000 rw-p 0000b000 08:03 21758077                   /lib/x86_64-linux-gnu/libnss_nis-2.15.so
7fe2d4c11000-7fe2d4c28000 r-xp 00000000 08:03 21761730                   /lib/x86_64-linux-gnu/libnsl-2.15.so
7fe2d4c28000-7fe2d4e27000 ---p 00017000 08:03 21761730                   /lib/x86_64-linux-gnu/libnsl-2.15.so
7fe2d4e27000-7fe2d4e28000 r--p 00016000 08:03 21761730                   /lib/x86_64-linux-gnu/libnsl-2.15.so
7fe2d4e28000-7fe2d4e29000 rw-p 00017000 08:03 21761730                   /lib/x86_64-linux-gnu/libnsl-2.15.so
7fe2d4e29000-7fe2d4e2b000 rw-p 00000000 00:00 0 
7fe2d4e2b000-7fe2d4e33000 r-xp 00000000 08:03 21758082                   /lib/x86_64-linux-gnu/libnss_compat-2.15.so
7fe2d4e33000-7fe2d5032000 ---p 00008000 08:03 21758082                   /lib/x86_64-linux-gnu/libnss_compat-2.15.so
7fe2d5032000-7fe2d5033000 r--p 00007000 08:03 21758082                   /lib/x86_64-linux-gnu/libnss_compat-2.15.so
7fe2d5033000-7fe2d5034000 rw-p 00008000 08:03 21758082                   /lib/x86_64-linux-gnu/libnss_compat-2.15.so
7fe2d5034000-7fe2d5717000 r--p 00000000 08:03 18487587                   /usr/lib/locale/locale-archive
7fe2d5717000-7fe2d571a000 r-xp 00000000 08:03 18618853                   /usr/lib/jvm/java-6-openjdk-amd64/jre/lib/amd64/libnpt.so
7fe2d571a000-7fe2d5919000 ---p 00003000 08:03 18618853                   /usr/lib/jvm/java-6-openjdk-amd64/jre/lib/amd64/libnpt.so
7fe2d5919000-7fe2d591a000 r--p 00002000 08:03 18618853                   /usr/lib/jvm/java-6-openjdk-amd64/jre/lib/amd64/libnpt.so
7fe2d591a000-7fe2d591b000 rw-p 00003000 08:03 18618853                   /usr/lib/jvm/java-6-openjdk-amd64/jre/lib/amd64/libnpt.so
7fe2d591b000-7fe2d5955000 r-xp 00000000 08:03 18618861                   /usr/lib/jvm/java-6-openjdk-amd64/jre/lib/amd64/libjdwp.so
7fe2d5955000-7fe2d5b54000 ---p 0003a000 08:03 18618861                   /usr/lib/jvm/java-6-openjdk-amd64/jre/lib/amd64/libjdwp.so
7fe2d5b54000-7fe2d5b55000 r--p 00039000 08:03 18618861                   /usr/lib/jvm/java-6-openjdk-amd64/jre/lib/amd64/libjdwp.so
7fe2d5b55000-7fe2d5b56000 rw-p 0003a000 08:03 18618861                   /usr/lib/jvm/java-6-openjdk-amd64/jre/lib/amd64/libjdwp.so
7fe2d5b56000-7fe2d5b82000 r-xp 00000000 08:03 18618873                   /usr/lib/jvm/java-6-openjdk-amd64/jre/lib/amd64/libjava.so
7fe2d5b82000-7fe2d5d81000 ---p 0002c000 08:03 18618873                   /usr/lib/jvm/java-6-openjdk-amd64/jre/lib/amd64/libjava.so
7fe2d5d81000-7fe2d5d82000 r--p 0002b000 08:03 18618873                   /usr/lib/jvm/java-6-openjdk-amd64/jre/lib/amd64/libjava.so
7fe2d5d82000-7fe2d5d85000 rw-p 0002c000 08:03 18618873                   /usr/lib/jvm/java-6-openjdk-amd64/jre/lib/amd64/libjava.so
7fe2d5d85000-7fe2d5d93000 r-xp 00000000 08:03 18618872                   /usr/lib/jvm/java-6-openjdk-amd64/jre/lib/amd64/libverify.so
7fe2d5d93000-7fe2d5f92000 ---p 0000e000 08:03 18618872                   /usr/lib/jvm/java-6-openjdk-amd64/jre/lib/amd64/libverify.so
7fe2d5f92000-7fe2d5f94000 r--p 0000d000 08:03 18618872                   /usr/lib/jvm/java-6-openjdk-amd64/jre/lib/amd64/libverify.so
7fe2d5f94000-7fe2d5f95000 rw-p 0000f000 08:03 18618872                   /usr/lib/jvm/java-6-openjdk-amd64/jre/lib/amd64/libverify.so
7fe2d5f95000-7fe2d5f9c000 r-xp 00000000 08:03 21758075                   /lib/x86_64-linux-gnu/librt-2.15.so
7fe2d5f9c000-7fe2d619b000 ---p 00007000 08:03 21758075                   /lib/x86_64-linux-gnu/librt-2.15.so
7fe2d619b000-7fe2d619c000 r--p 00006000 08:03 21758075                   /lib/x86_64-linux-gnu/librt-2.15.so
7fe2d619c000-7fe2d619d000 rw-p 00007000 08:03 21758075                   /lib/x86_64-linux-gnu/librt-2.15.so
7fe2d619d000-7fe2d61b2000 r-xp 00000000 08:03 21761542                   /lib/x86_64-linux-gnu/libgcc_s.so.1
7fe2d61b2000-7fe2d63b1000 ---p 00015000 08:03 21761542                   /lib/x86_64-linux-gnu/libgcc_s.so.1
7fe2d63b1000-7fe2d63b2000 r--p 00014000 08:03 21761542                   /lib/x86_64-linux-gnu/libgcc_s.so.1
7fe2d63b2000-7fe2d63b3000 rw-p 00015000 08:03 21761542                   /lib/x86_64-linux-gnu/libgcc_s.so.1
7fe2d63b3000-7fe2d64ac000 r-xp 00000000 08:03 21758079                   /lib/x86_64-linux-gnu/libm-2.15.so
7fe2d64ac000-7fe2d66ab000 ---p 000f9000 08:03 21758079                   /lib/x86_64-linux-gnu/libm-2.15.so
7fe2d66ab000-7fe2d66ac000 r--p 000f8000 08:03 21758079                   /lib/x86_64-linux-gnu/libm-2.15.so
7fe2d66ac000-7fe2d66ad000 rw-p 000f9000 08:03 21758079                   /lib/x86_64-linux-gnu/libm-2.15.so
7fe2d66ad000-7fe2d678f000 r-xp 00000000 08:03 18488773                   /usr/lib/x86_64-linux-gnu/libstdc++.so.6.0.16
7fe2d678f000-7fe2d698e000 ---p 000e2000 08:03 18488773                   /usr/lib/x86_64-linux-gnu/libstdc++.so.6.0.16
7fe2d698e000-7fe2d6996000 r--p 000e1000 08:03 18488773                   /usr/lib/x86_64-linux-gnu/libstdc++.so.6.0.16
7fe2d6996000-7fe2d6998000 rw-p 000e9000 08:03 18488773                   /usr/lib/x86_64-linux-gnu/libstdc++.so.6.0.16
7fe2d6998000-7fe2d69ad000 rw-p 00000000 00:00 0 
7fe2d69ad000-7fe2d72b1000 r-xp 00000000 08:03 18618878                   /usr/lib/jvm/java-6-openjdk-amd64/jre/lib/amd64/server/libjvm.so
7fe2d72b1000-7fe2d74b1000 ---p 00904000 08:03 18618878                   /usr/lib/jvm/java-6-openjdk-amd64/jre/lib/amd64/server/libjvm.so
7fe2d74b1000-7fe2d7531000 r--p 00904000 08:03 18618878                   /usr/lib/jvm/java-6-openjdk-amd64/jre/lib/amd64/server/libjvm.so
7fe2d7531000-7fe2d754c000 rw-p 00984000 08:03 18618878                   /usr/lib/jvm/java-6-openjdk-amd64/jre/lib/amd64/server/libjvm.so
7fe2d754c000-7fe2d7575000 rw-p 00000000 00:00 0 
7fe2d7575000-7fe2d758b000 r-xp 00000000 08:03 21761632                   /lib/x86_64-linux-gnu/libz.so.1.2.3.4
7fe2d758b000-7fe2d778a000 ---p 00016000 08:03 21761632                   /lib/x86_64-linux-gnu/libz.so.1.2.3.4
7fe2d778a000-7fe2d778b000 r--p 00015000 08:03 21761632                   /lib/x86_64-linux-gnu/libz.so.1.2.3.4
7fe2d778b000-7fe2d778c000 rw-p 00016000 08:03 21761632                   /lib/x86_64-linux-gnu/libz.so.1.2.3.4
7fe2d778c000-7fe2d7941000 r-xp 00000000 08:03 21757975                   /lib/x86_64-linux-gnu/libc-2.15.so
7fe2d7941000-7fe2d7b40000 ---p 001b5000 08:03 21757975                   /lib/x86_64-linux-gnu/libc-2.15.so
7fe2d7b40000-7fe2d7b44000 r--p 001b4000 08:03 21757975                   /lib/x86_64-linux-gnu/libc-2.15.so
7fe2d7b44000-7fe2d7b46000 rw-p 001b8000 08:03 21757975                   /lib/x86_64-linux-gnu/libc-2.15.so
7fe2d7b46000-7fe2d7b4b000 rw-p 00000000 00:00 0 
7fe2d7b4b000-7fe2d7b4d000 r-xp 00000000 08:03 21757964                   /lib/x86_64-linux-gnu/libdl-2.15.so
7fe2d7b4d000-7fe2d7d4d000 ---p 00002000 08:03 21757964                   /lib/x86_64-linux-gnu/libdl-2.15.so
7fe2d7d4d000-7fe2d7d4e000 r--p 00002000 08:03 21757964                   /lib/x86_64-linux-gnu/libdl-2.15.so
7fe2d7d4e000-7fe2d7d4f000 rw-p 00003000 08:03 21757964                   /lib/x86_64-linux-gnu/libdl-2.15.so
7fe2d7d4f000-7fe2d7d53000 r-xp 00000000 08:03 18618855                   /usr/lib/jvm/java-6-openjdk-amd64/jre/lib/amd64/jli/libjli.so
7fe2d7d53000-7fe2d7f52000 ---p 00004000 08:03 18618855                   /usr/lib/jvm/java-6-openjdk-amd64/jre/lib/amd64/jli/libjli.so
7fe2d7f52000-7fe2d7f53000 r--p 00003000 08:03 18618855                   /usr/lib/jvm/java-6-openjdk-amd64/jre/lib/amd64/jli/libjli.so
7fe2d7f53000-7fe2d7f54000 rw-p 00004000 08:03 18618855                   /usr/lib/jvm/java-6-openjdk-amd64/jre/lib/amd64/jli/libjli.so
7fe2d7f54000-7fe2d7f6c000 r-xp 00000000 08:03 21758073                   /lib/x86_64-linux-gnu/libpthread-2.15.so
7fe2d7f6c000-7fe2d816b000 ---p 00018000 08:03 21758073                   /lib/x86_64-linux-gnu/libpthread-2.15.so
7fe2d816b000-7fe2d816c000 r--p 00017000 08:03 21758073                   /lib/x86_64-linux-gnu/libpthread-2.15.so
7fe2d816c000-7fe2d816d000 rw-p 00018000 08:03 21758073                   /lib/x86_64-linux-gnu/libpthread-2.15.so
7fe2d816d000-7fe2d8171000 rw-p 00000000 00:00 0 
7fe2d8171000-7fe2d8193000 r-xp 00000000 08:03 21758085                   /lib/x86_64-linux-gnu/ld-2.15.so
7fe2d8193000-7fe2d8194000 r--s 00000000 08:03 19927134                   /var/cache/fontconfig/e7071f4a29fa870f4323321c154eba04-le64.cache-3
7fe2d8194000-7fe2d8195000 r--s 00000000 08:03 19927107                   /var/cache/fontconfig/0d8c3b2ac0904cb8a57a757ad11a4a08-le64.cache-3
7fe2d8195000-7fe2d819a000 r--s 00000000 08:03 19927110                   /var/cache/fontconfig/3047814df9a2f067bd2d96a2b9c36e5a-le64.cache-3
7fe2d819a000-7fe2d819b000 r--s 00000000 08:03 19927115                   /var/cache/fontconfig/56cf4f4769d0f4abc89a4895d7bd3ae1-le64.cache-3
7fe2d819b000-7fe2d81a0000 r--s 00000000 08:03 19927125                   /var/cache/fontconfig/b47c4e1ecd0709278f4910c18777a504-le64.cache-3
7fe2d81a0000-7fe2d81a3000 r--s 00000000 08:03 19927196                   /var/cache/fontconfig/e13b20fdb08344e0e664864cc2ede53d-le64.cache-3
7fe2d81a3000-7fe2d81a7000 r--s 00000000 08:03 19927452                   /var/cache/fontconfig/7ef2298fde41cc6eeb7af42e48b7d293-le64.cache-3
7fe2d81a7000-7fe2d81aa000 r--s 0007d000 08:03 18618443                   /usr/lib/jvm/java-6-openjdk-common/jre/lib/jsse.jar
7fe2d81aa000-7fe2d81b1000 r--s 00073000 08:03 15597691                   /home/arwilczek90/workspace/Elements/lib/lwjgl.jar
7fe2d81b1000-7fe2d81bb000 rw-p 00000000 00:00 0 
7fe2d81bb000-7fe2d8271000 rw-p 00000000 00:00 0 
7fe2d8271000-7fe2d8274000 ---p 00000000 00:00 0 
7fe2d8274000-7fe2d8377000 rw-p 00000000 00:00 0 
7fe2d8377000-7fe2d8378000 r--s 00000000 08:03 19927126                   /var/cache/fontconfig/b9d506c9ac06c20b433354fa67a72993-le64.cache-3
7fe2d8378000-7fe2d837a000 r--s 0000f000 08:03 18618803                   /usr/lib/jvm/java-6-openjdk-common/jre/lib/ext/pulse-java.jar
7fe2d837a000-7fe2d837d000 r--s 00077000 08:03 18618797                   /usr/lib/jvm/java-6-openjdk-common/jre/lib/ext/localedata.jar
7fe2d837d000-7fe2d837e000 r--s 00007000 08:03 18748229                   /usr/share/java/java-atk-wrapper.jar
7fe2d837e000-7fe2d8380000 r--s 00001000 08:03 18618801                   /usr/lib/jvm/java-6-openjdk-common/jre/lib/ext/dnsns.jar
7fe2d8380000-7fe2d8384000 r--s 00038000 08:03 18618795                   /usr/lib/jvm/java-6-openjdk-common/jre/lib/ext/sunpkcs11.jar
7fe2d8384000-7fe2d8387000 r--s 00031000 08:03 18618799                   /usr/lib/jvm/java-6-openjdk-common/jre/lib/ext/sunjce_provider.jar
7fe2d8387000-7fe2d838f000 rw-s 00000000 08:03 8126541                    /tmp/hsperfdata_arwilczek90/19152
7fe2d838f000-7fe2d8390000 rw-p 00000000 00:00 0 
7fe2d8390000-7fe2d8391000 r--p 00000000 00:00 0 
7fe2d8391000-7fe2d8393000 rw-p 00000000 00:00 0 
7fe2d8393000-7fe2d8394000 r--p 00022000 08:03 21758085                   /lib/x86_64-linux-gnu/ld-2.15.so
7fe2d8394000-7fe2d8396000 rw-p 00023000 08:03 21758085                   /lib/x86_64-linux-gnu/ld-2.15.so
7fff53a4f000-7fff53a70000 rw-p 00000000 00:00 0                          [stack]
7fff53bff000-7fff53c00000 r-xp 00000000 00:00 0                          [vdso]
ffffffffff600000-ffffffffff601000 r-xp 00000000 00:00 0                  [vsyscall]
7fe2d837e000-7fe2d8380000 r--s 00001000 08:03 18618801                   /usr/lib/jvm/java-6-openjdk-common/jre/lib/ext/dnsns.jar
7fe2d8380000-7fe2d8384000 r--s 00038000 08:03 18618795                   /usr/lib/jvm/java-6-openjdk-common/jre/lib/ext/sunpkcs11.jar
7fe2d8384000-7fe2d8387000 r--s 00031000 08:03 18618799                   /usr/lib/jvm/java-6-openjdk-common/jre/lib/ext/sunjce_provider.jar
7fe2d8387000-7fe2d838f000 rw-s 00000000 08:03 8126541                    /tmp/hsperfdata_arwilczek90/19152
7fe2d838f000-7fe2d8390000 rw-p 00000000 00:00 0 
7fe2d8390000-7fe2d8391000 r--p 00000000 00:00 0 
7fe2d8391000-7fe2d8393000 rw-p 00000000 00:00 0 
7fe2d8393000-7fe2d8394000 r--p 00022000 08:03 21758085                   /lib/x86_64-linux-gnu/ld-2.15.so
7fe2d8394000-7fe2d8396000 rw-p 00023000 08:03 21758085                   /lib/x86_64-linux-gnu/ld-2.15.so
7fff53a4f000-7fff53a70000 rw-p 00000000 00:00 0                          [stack]
7fff53bff000-7fff53c00000 r-xp 00000000 00:00 0                          [vdso]
ffffffffff600000-ffffffffff601000 r-xp 00000000 00:00 0                  [vsyscall]

VM Arguments:
jvm_args: -agentlib:jdwp=transport=dt_socket,suspend=y,address=localhost:43671 -Djava.library.path=/home/arwilczek90/workspace/Elements/lib/slick:/home/arwilczek90/workspace/Elements/lib/slick -Dfile.encoding=UTF-8 
java_command: com.hack.elements.view.Main
Launcher Type: SUN_STANDARD

Environment Variables:
PATH=/usr/lib/lightdm/lightdm:/usr/local/sbin:/usr/local/bin:/usr/sbin:/usr/bin:/sbin:/bin:/usr/games
LD_LIBRARY_PATH=/usr/lib/jvm/java-6-openjdk-amd64/jre/lib/amd64/server:/usr/lib/jvm/java-6-openjdk-amd64/jre/lib/amd64:/usr/lib/jvm/java-6-openjdk-amd64/jre/../lib/amd64
SHELL=/bin/bash
DISPLAY=:0.0

Signal Handlers:
SIGSEGV: [libjvm.so+0x784310], sa_mask[0]=0x7ffbfeff, sa_flags=0x10000004
SIGBUS: [libjvm.so+0x784310], sa_mask[0]=0x7ffbfeff, sa_flags=0x10000004
SIGFPE: [libjvm.so+0x648580], sa_mask[0]=0x7ffbfeff, sa_flags=0x10000004
SIGPIPE: [libjvm.so+0x648580], sa_mask[0]=0x7ffbfeff, sa_flags=0x10000004
SIGXFSZ: [libjvm.so+0x648580], sa_mask[0]=0x7ffbfeff, sa_flags=0x10000004
SIGILL: [libjvm.so+0x648580], sa_mask[0]=0x7ffbfeff, sa_flags=0x10000004
SIGUSR1: SIG_DFL, sa_mask[0]=0x00000000, sa_flags=0x00000000
SIGUSR2: [libjvm.so+0x648730], sa_mask[0]=0x00000004, sa_flags=0x10000004
SIGHUP: [libjvm.so+0x64b250], sa_mask[0]=0x7ffbfeff, sa_flags=0x10000004
SIGINT: [libjvm.so+0x64b250], sa_mask[0]=0x7ffbfeff, sa_flags=0x10000004
SIGTERM: [libjvm.so+0x64b250], sa_mask[0]=0x7ffbfeff, sa_flags=0x10000004
SIGQUIT: [libjvm.so+0x64b250], sa_mask[0]=0x7ffbfeff, sa_flags=0x10000004


---------------  S Y S T E M  ---------------

OS:Ubuntu 12.04 (precise)
uname:Linux 3.2.0-32-generic #51-Ubuntu SMP Wed Sep 26 21:33:09 UTC 2012 x86_64
libc:glibc 2.15 NPTL 2.15 
rlimit: STACK 8192k, CORE 0k, NPROC 59545, NOFILE 4096, AS infinity
load average:0.50 0.68 0.68

/proc/meminfo:
MemTotal:        7639648 kB
MemFree:         3831340 kB
Buffers:          130756 kB
Cached:          1223796 kB
SwapCached:            0 kB
Active:          2557412 kB
Inactive:         749964 kB
Active(anon):    1953296 kB
Inactive(anon):    15892 kB
Active(file):     604116 kB
Inactive(file):   734072 kB
Unevictable:          20 kB
Mlocked:              20 kB
SwapTotal:       3818492 kB
SwapFree:        3818492 kB
Dirty:               224 kB
Writeback:             0 kB
AnonPages:       1952956 kB
Mapped:           324580 kB
Shmem:             16360 kB
Slab:             106900 kB
SReclaimable:      76184 kB
SUnreclaim:        30716 kB
KernelStack:        4448 kB
PageTables:        36072 kB
NFS_Unstable:          0 kB
Bounce:                0 kB
WritebackTmp:          0 kB
CommitLimit:     7638316 kB
Committed_AS:    4651704 kB
VmallocTotal:   34359738367 kB
VmallocUsed:      116912 kB
VmallocChunk:   34359619344 kB
HardwareCorrupted:     0 kB
AnonHugePages:         0 kB
HugePages_Total:       0
HugePages_Free:        0
HugePages_Rsvd:        0
HugePages_Surp:        0
Hugepagesize:       2048 kB
DirectMap4k:      342016 kB
DirectMap2M:     5404672 kB
DirectMap1G:     2097152 kB


CPU:total 4 (4 cores per cpu, 1 threads per core) family 18 model 1 stepping 0, cmov, cx8, fxsr, mmx, sse, sse2, sse3, popcnt, mmxext, 3dnowpref, lzcnt, sse4a

Memory: 4k page, physical 7639648k(3831340k free), swap 3818492k(3818492k free)

vm_info: OpenJDK 64-Bit Server VM (20.0-b12) for linux-amd64 JRE (1.6.0_24-b24), built on Sep  2 2012 19:50:47 by "buildd" with gcc 4.6.3

time: Sat Oct 13 23:34:27 2012
elapsed time: 87 seconds

