#
# A fatal error has been detected by the Java Runtime Environment:
#
#  SIGSEGV (0xb) at pc=0x00007ffe6e8d9c58, pid=20150, tid=140730846971648
#
# JRE version: 6.0_24-b24
# Java VM: OpenJDK 64-Bit Server VM (20.0-b12 mixed mode linux-amd64 compressed oops)
# Derivative: IcedTea6 1.11.4
# Distribution: Ubuntu 12.04 LTS, package 6b24-1.11.4-1ubuntu0.12.04.1
# Problematic frame:
# C  [libX11.so.6+0x33c58]  XQueryExtension+0x28
#
# If you would like to submit a bug report, please include
# instructions how to reproduce the bug and visit:
#   https://bugs.launchpad.net/ubuntu/+source/openjdk-6/
#

---------------  T H R E A D  ---------------

Current thread (0x00007ffe78070000):  VMThread [stack: 0x00007ffe74148000,0x00007ffe74249000] [id=20161]

siginfo:si_signo=SIGSEGV: si_errno=0, si_code=1 (SEGV_MAPERR), si_addr=0x0000000078262a58

Registers:
RAX=0x00007ffe5c0008c0, RBX=0x00000000782620f0, RCX=0x00007ffe742478d8, RDX=0x00007ffe742478d4
RSP=0x00007ffe74247870, RBP=0x00007ffe6c753932, RSI=0x00007ffe6c753932, RDI=0x00000000782620f0
R8 =0x00007ffe742478dc, R9 =0x0000000000000000, R10=0x00007ffe7ee52fa8, R11=0x00007ffe7ead2ca0
R12=0x0000000000000000, R13=0x00007ffe6c753932, R14=0x00007ffe5c0008c0, R15=0x0000000000000000
RIP=0x00007ffe6e8d9c58, EFLAGS=0x0000000000010202, CSGSFS=0x0000000000000033, ERR=0x0000000000000004
  TRAPNO=0x000000000000000e

Top of Stack: (sp=0x00007ffe74247870)
0x00007ffe74247870:   00007ffe7eaa5790 00007ffe7f6819e8
0x00007ffe74247880:   00007ffe7509a780 00007ffe7509a7e0
0x00007ffe74247890:   00000000ffffffff 00000000782620f0
0x00007ffe742478a0:   00007ffe6c753932 0000000000000000
0x00007ffe742478b0:   00007ffe6c753932 00007ffe5c0008c0
0x00007ffe742478c0:   0000000000000000 00007ffe6e8cdc55
0x00007ffe742478d0:   00007ffe7f69f048 00007ffe6c88c520
0x00007ffe742478e0:   00007ffe6c88c520 00000000782620f0
0x00007ffe742478f0:   00007ffe781973b0 00007ffe6ebe702b
0x00007ffe74247900:   00007ffe7eaa5790 000000110000002c
0x00007ffe74247910:   00007ffe74247990 0000000000000000
0x00007ffe74247920:   00007ffe74247990 00000000782620f0
0x00007ffe74247930:   0000000000000000 00007ffe7f69f048
0x00007ffe74247940:   00007ffe6c8a5d50 00007ffe6c6fa119
0x00007ffe74247950:   0000000000000000 000000000000002c
0x00007ffe74247960:   00007ffe74247990 00007ffe742479b0
0x00007ffe74247970:   0000000000000000 00007ffe7f69f048
0x00007ffe74247980:   00007ffe78261c50 00007ffe6c6f0b42
0x00007ffe74247990:   00007ffe74247b80 00007ffe6c7538b1
0x00007ffe742479a0:   00007ffe74247b80 00007ffe7f48b92d
0x00007ffe742479b0:   00007ffe7f6a02c8 00007ffe7f6a0858
0x00007ffe742479c0:   00007ffe7f681000 00007ffe78006a00
0x00007ffe742479d0:   00007ffe78007510 00007ffe78006eb0
0x00007ffe742479e0:   00007ffe78007a10 00007ffe7800c6f0
0x00007ffe742479f0:   00007ffe7813e010 00007ffe7813e4f0
0x00007ffe74247a00:   00007ffe7f680000 00007ffe7825e800
0x00007ffe74247a10:   00007ffe78256b40 00007ffe78256fe0
0x00007ffe74247a20:   00007ffe7825ecd0 00007ffe7825f170
0x00007ffe74247a30:   00007ffe7825f610 00007ffe780fd530
0x00007ffe74247a40:   00007ffe780fccc0 00007ffe780025e0
0x00007ffe74247a50:   00007ffe78001ec0 00000000012265f0
0x00007ffe74247a60:   0000000001226b60 0000000001227570 

Instructions: (pc=0x00007ffe6e8d9c58)
0x00007ffe6e8d9c38:   24 d8 48 89 fb 4c 89 64 24 e0 4c 89 6c 24 e8 48
0x00007ffe6e8d9c48:   89 f5 4c 89 74 24 f0 4c 89 7c 24 f8 48 83 ec 58
0x00007ffe6e8d9c58:   48 8b 87 68 09 00 00 49 89 d4 49 89 cd 4d 89 c6
0x00007ffe6e8d9c68:   48 85 c0 74 02 ff 10 ba 08 00 00 00 be 62 00 00 

Register to memory mapping:

RAX=0x00007ffe5c0008c0 is an unknown value
RBX=0x00000000782620f0 is an unknown value
RCX=0x00007ffe742478d8 is an unknown value
RDX=0x00007ffe742478d4 is an unknown value
RSP=0x00007ffe74247870 is an unknown value
RBP=0x00007ffe6c753932: <offset 0x96932> in /usr/lib/fglrx/libGL.so.1 at 0x00007ffe6c6bd000
RSI=0x00007ffe6c753932: <offset 0x96932> in /usr/lib/fglrx/libGL.so.1 at 0x00007ffe6c6bd000
RDI=0x00000000782620f0 is an unknown value
R8 =0x00007ffe742478dc is an unknown value
R9 =0x0000000000000000 is an unknown value
R10=0x00007ffe7ee52fa8: <offset 0x3bbfa8> in /lib/x86_64-linux-gnu/libc.so.6 at 0x00007ffe7ea97000
R11=0x00007ffe7ead2ca0: __cxa_finalize+0 in /lib/x86_64-linux-gnu/libc.so.6 at 0x00007ffe7ea97000
R12=0x0000000000000000 is an unknown value
R13=0x00007ffe6c753932: <offset 0x96932> in /usr/lib/fglrx/libGL.so.1 at 0x00007ffe6c6bd000
R14=0x00007ffe5c0008c0 is an unknown value
R15=0x0000000000000000 is an unknown value


Stack: [0x00007ffe74148000,0x00007ffe74249000],  sp=0x00007ffe74247870,  free space=1022k
Native frames: (J=compiled Java code, j=interpreted, Vv=VM code, C=native code)
C  [libX11.so.6+0x33c58]  XQueryExtension+0x28

VM_Operation (0x00007ffe7f67b680): Exit, mode: safepoint, requested by thread 0x00007ffe78008800


---------------  P R O C E S S  ---------------

Java Threads: ( => current thread )
  0x00007ffe78b28800 JavaThread "Thread-2" daemon [_thread_blocked, id=20174, stack(0x00007ffe6c15b000,0x00007ffe6c25c000)]
  0x00007ffe7825d800 JavaThread "AWT-XAWT" daemon [_thread_in_native, id=20171, stack(0x00007ffe6d2c6000,0x00007ffe6d3c7000)]
  0x00007ffe7814f800 JavaThread "Java2D Disposer" daemon [_thread_blocked, id=20170, stack(0x00007ffe6d687000,0x00007ffe6d788000)]
  0x00007ffe7809e800 JavaThread "Low Memory Detector" daemon [_thread_blocked, id=20167, stack(0x00007ffe6f418000,0x00007ffe6f519000)]
  0x00007ffe7809c000 JavaThread "C2 CompilerThread1" daemon [_thread_blocked, id=20166, stack(0x00007ffe6f519000,0x00007ffe6f61a000)]
  0x00007ffe78099800 JavaThread "C2 CompilerThread0" daemon [_thread_blocked, id=20165, stack(0x00007ffe6f61a000,0x00007ffe6f71b000)]
  0x00007ffe78079000 JavaThread "Finalizer" daemon [_thread_blocked, id=20163, stack(0x00007ffe6feff000,0x00007ffe70000000)]
  0x00007ffe78077000 JavaThread "Reference Handler" daemon [_thread_blocked, id=20162, stack(0x00007ffe74047000,0x00007ffe74148000)]
  0x00007ffe78008800 JavaThread "main" [_thread_blocked, id=20156, stack(0x00007ffe7f57c000,0x00007ffe7f67d000)]

Other Threads:
=>0x00007ffe78070000 VMThread [stack: 0x00007ffe74148000,0x00007ffe74249000] [id=20161]

VM state:at safepoint (shutting down)

VM Mutex/Monitor currently owned by a thread:  ([mutex/lock_event])
[0x00007ffe78004dd0] Threads_lock - owner thread: 0x00007ffe78070000

Heap
 PSYoungGen      total 34880K, used 8582K [0x00000000d9200000, 0x00000000db8e0000, 0x0000000100000000)
  eden space 29952K, 28% used [0x00000000d9200000,0x00000000d9a61870,0x00000000daf40000)
  from space 4928K, 0% used [0x00000000db410000,0x00000000db410000,0x00000000db8e0000)
  to   space 4928K, 0% used [0x00000000daf40000,0x00000000daf40000,0x00000000db410000)
 PSOldGen        total 79616K, used 0K [0x000000008b600000, 0x00000000903c0000, 0x00000000d9200000)
  object space 79616K, 0% used [0x000000008b600000,0x000000008b600000,0x00000000903c0000)
 PSPermGen       total 21248K, used 11326K [0x0000000081000000, 0x00000000824c0000, 0x000000008b600000)
  object space 21248K, 53% used [0x0000000081000000,0x0000000081b0fa50,0x00000000824c0000)

Code Cache  [0x00007ffe75000000, 0x00007ffe75270000, 0x00007ffe78000000)
 total_blobs=572 nmethods=87 adapters=439 free_code_cache=49618624 largest_free_block=7808

Dynamic libraries:
00400000-00409000 r-xp 00000000 08:03 18618890                           /usr/lib/jvm/java-6-openjdk-amd64/jre/bin/java
00608000-00609000 r--p 00008000 08:03 18618890                           /usr/lib/jvm/java-6-openjdk-amd64/jre/bin/java
00609000-0060a000 rw-p 00009000 08:03 18618890                           /usr/lib/jvm/java-6-openjdk-amd64/jre/bin/java
01226000-01247000 rw-p 00000000 00:00 0                                  [heap]
81000000-824c0000 rw-p 00000000 00:00 0 
824c0000-8b600000 rw-p 00000000 00:00 0 
8b600000-903c0000 rw-p 00000000 00:00 0 
903c0000-d9200000 rw-p 00000000 00:00 0 
d9200000-db8e0000 rw-p 00000000 00:00 0 
db8e0000-100000000 rw-p 00000000 00:00 0 
7ffe28000000-7ffe28021000 rw-p 00000000 00:00 0 
7ffe28021000-7ffe2c000000 ---p 00000000 00:00 0 
7ffe30000000-7ffe30021000 rw-p 00000000 00:00 0 
7ffe30021000-7ffe34000000 ---p 00000000 00:00 0 
7ffe34000000-7ffe34021000 rw-p 00000000 00:00 0 
7ffe34021000-7ffe38000000 ---p 00000000 00:00 0 
7ffe38000000-7ffe38021000 rw-p 00000000 00:00 0 
7ffe38021000-7ffe3c000000 ---p 00000000 00:00 0 
7ffe3c000000-7ffe3c021000 rw-p 00000000 00:00 0 
7ffe3c021000-7ffe40000000 ---p 00000000 00:00 0 
7ffe40000000-7ffe40182000 rw-p 00000000 00:00 0 
7ffe40182000-7ffe44000000 ---p 00000000 00:00 0 
7ffe44000000-7ffe44021000 rw-p 00000000 00:00 0 
7ffe44021000-7ffe48000000 ---p 00000000 00:00 0 
7ffe48000000-7ffe48021000 rw-p 00000000 00:00 0 
7ffe48021000-7ffe4c000000 ---p 00000000 00:00 0 
7ffe4c000000-7ffe4c17e000 rw-p 00000000 00:00 0 
7ffe4c17e000-7ffe50000000 ---p 00000000 00:00 0 
7ffe50000000-7ffe50021000 rw-p 00000000 00:00 0 
7ffe50021000-7ffe54000000 ---p 00000000 00:00 0 
7ffe54000000-7ffe54021000 rw-p 00000000 00:00 0 
7ffe54021000-7ffe58000000 ---p 00000000 00:00 0 
7ffe58000000-7ffe58021000 rw-p 00000000 00:00 0 
7ffe58021000-7ffe5c000000 ---p 00000000 00:00 0 
7ffe5c000000-7ffe5c021000 rw-p 00000000 00:00 0 
7ffe5c021000-7ffe60000000 ---p 00000000 00:00 0 
7ffe60000000-7ffe60021000 rw-p 00000000 00:00 0 
7ffe60021000-7ffe64000000 ---p 00000000 00:00 0 
7ffe64f2c000-7ffe64f2f000 ---p 00000000 00:00 0 
7ffe64f2f000-7ffe6522f000 rw-p 00000000 00:00 0 
7ffe6532f000-7ffe65332000 ---p 00000000 00:00 0 
7ffe65332000-7ffe65632000 rw-p 00000000 00:00 0 
7ffe65632000-7ffe65d32000 rw-s 00006000 00:05 10225                      /dev/ati/card0
7ffe65d32000-7ffe67c8c000 r-xp 00000000 08:03 19009510                   /usr/lib/fglrx/dri/fglrx_dri.so
7ffe67c8c000-7ffe67d8c000 ---p 01f5a000 08:03 19009510                   /usr/lib/fglrx/dri/fglrx_dri.so
7ffe67d8c000-7ffe67eda000 rwxp 01f5a000 08:03 19009510                   /usr/lib/fglrx/dri/fglrx_dri.so
7ffe67eda000-7ffe68000000 rwxp 00000000 00:00 0 
7ffe68000000-7ffe68021000 rw-p 00000000 00:00 0 
7ffe68021000-7ffe6c000000 ---p 00000000 00:00 0 
7ffe6c050000-7ffe6c058000 r--s 00067000 08:03 15598510                   /home/arwilczek90/workspace/Elements/lib/slick/lib/slick-sources.jar
7ffe6c058000-7ffe6c05b000 r-xp 00000000 08:03 15602613                   /home/arwilczek90/workspace/Elements/lib/slick/libjinput-linux64.so
7ffe6c05b000-7ffe6c15a000 ---p 00003000 08:03 15602613                   /home/arwilczek90/workspace/Elements/lib/slick/libjinput-linux64.so
7ffe6c15a000-7ffe6c15b000 rw-p 00002000 08:03 15602613                   /home/arwilczek90/workspace/Elements/lib/slick/libjinput-linux64.so
7ffe6c15b000-7ffe6c15e000 ---p 00000000 00:00 0 
7ffe6c15e000-7ffe6c25c000 rw-p 00000000 00:00 0 
7ffe6c25c000-7ffe6c25e000 r-xp 00000000 08:03 18488267                   /usr/lib/x86_64-linux-gnu/libXinerama.so.1.0.0
7ffe6c25e000-7ffe6c45d000 ---p 00002000 08:03 18488267                   /usr/lib/x86_64-linux-gnu/libXinerama.so.1.0.0
7ffe6c45d000-7ffe6c45e000 r--p 00001000 08:03 18488267                   /usr/lib/x86_64-linux-gnu/libXinerama.so.1.0.0
7ffe6c45e000-7ffe6c45f000 rw-p 00002000 08:03 18488267                   /usr/lib/x86_64-linux-gnu/libXinerama.so.1.0.0
7ffe6c45f000-7ffe6c49a000 r-xp 00000000 08:03 19009508                   /usr/lib/fglrx/libatiadlxx.so
7ffe6c49a000-7ffe6c59a000 ---p 0003b000 08:03 19009508                   /usr/lib/fglrx/libatiadlxx.so
7ffe6c59a000-7ffe6c5a3000 rw-p 0003b000 08:03 19009508                   /usr/lib/fglrx/libatiadlxx.so
7ffe6c5a3000-7ffe6c5b4000 rw-p 00000000 00:00 0 
7ffe6c5b4000-7ffe6c5bb000 r-xp 00000000 08:03 19009532                   /usr/lib/fglrx/libatiuki.so.1.0
7ffe6c5bb000-7ffe6c6bb000 ---p 00007000 08:03 19009532                   /usr/lib/fglrx/libatiuki.so.1.0
7ffe6c6bb000-7ffe6c6bc000 rw-p 00007000 08:03 19009532                   /usr/lib/fglrx/libatiuki.so.1.0
7ffe6c6bc000-7ffe6c6bd000 rw-p 00000000 00:00 0 
7ffe6c6bd000-7ffe6c780000 r-xp 00000000 08:03 19009512                   /usr/lib/fglrx/libGL.so.1.2
7ffe6c780000-7ffe6c87f000 ---p 000c3000 08:03 19009512                   /usr/lib/fglrx/libGL.so.1.2
7ffe6c87f000-7ffe6c8a6000 rwxp 000c2000 08:03 19009512                   /usr/lib/fglrx/libGL.so.1.2
7ffe6c8a6000-7ffe6c8c6000 rwxp 00000000 00:00 0 
7ffe6c8c6000-7ffe6c8c7000 r-xp 00000000 08:03 18618886                   /usr/lib/jvm/java-6-openjdk-amd64/jre/lib/amd64/libjawt.so
7ffe6c8c7000-7ffe6cac6000 ---p 00001000 08:03 18618886                   /usr/lib/jvm/java-6-openjdk-amd64/jre/lib/amd64/libjawt.so
7ffe6cac6000-7ffe6cac7000 r--p 00000000 08:03 18618886                   /usr/lib/jvm/java-6-openjdk-amd64/jre/lib/amd64/libjawt.so
7ffe6cac7000-7ffe6cac8000 rw-p 00001000 08:03 18618886                   /usr/lib/jvm/java-6-openjdk-amd64/jre/lib/amd64/libjawt.so
7ffe6cac8000-7ffe6cacc000 r-xp 00000000 08:03 18488287                   /usr/lib/x86_64-linux-gnu/libXxf86vm.so.1.0.0
7ffe6cacc000-7ffe6cccb000 ---p 00004000 08:03 18488287                   /usr/lib/x86_64-linux-gnu/libXxf86vm.so.1.0.0
7ffe6cccb000-7ffe6cccc000 r--p 00003000 08:03 18488287                   /usr/lib/x86_64-linux-gnu/libXxf86vm.so.1.0.0
7ffe6cccc000-7ffe6cccd000 rw-p 00004000 08:03 18488287                   /usr/lib/x86_64-linux-gnu/libXxf86vm.so.1.0.0
7ffe6cccd000-7ffe6ccd5000 r-xp 00000000 08:03 18488277                   /usr/lib/x86_64-linux-gnu/libXrandr.so.2.2.0
7ffe6ccd5000-7ffe6ced4000 ---p 00008000 08:03 18488277                   /usr/lib/x86_64-linux-gnu/libXrandr.so.2.2.0
7ffe6ced4000-7ffe6ced5000 r--p 00007000 08:03 18488277                   /usr/lib/x86_64-linux-gnu/libXrandr.so.2.2.0
7ffe6ced5000-7ffe6ced6000 rw-p 00008000 08:03 18488277                   /usr/lib/x86_64-linux-gnu/libXrandr.so.2.2.0
7ffe6ced6000-7ffe6cf16000 r-xp 00000000 08:03 15602617                   /home/arwilczek90/workspace/Elements/lib/slick/liblwjgl64.so
7ffe6cf16000-7ffe6d016000 ---p 00040000 08:03 15602617                   /home/arwilczek90/workspace/Elements/lib/slick/liblwjgl64.so
7ffe6d016000-7ffe6d018000 rw-p 00040000 08:03 15602617                   /home/arwilczek90/workspace/Elements/lib/slick/liblwjgl64.so
7ffe6d018000-7ffe6d01d000 r-xp 00000000 08:03 18488261                   /usr/lib/x86_64-linux-gnu/libXfixes.so.3.1.0
7ffe6d01d000-7ffe6d21c000 ---p 00005000 08:03 18488261                   /usr/lib/x86_64-linux-gnu/libXfixes.so.3.1.0
7ffe6d21c000-7ffe6d21d000 r--p 00004000 08:03 18488261                   /usr/lib/x86_64-linux-gnu/libXfixes.so.3.1.0
7ffe6d21d000-7ffe6d21e000 rw-p 00005000 08:03 18488261                   /usr/lib/x86_64-linux-gnu/libXfixes.so.3.1.0
7ffe6d21e000-7ffe6d227000 r--s 00000000 08:03 19927122                   /var/cache/fontconfig/945677eb7aeaf62f1d50efc3fb3ec7d8-le64.cache-3
7ffe6d22b000-7ffe6d22c000 r--s 00000000 08:03 15598509                   /home/arwilczek90/workspace/Elements/lib/slick/lib/slick-examples.jar
7ffe6d22c000-7ffe6d22d000 r--s 00003000 08:03 15598508                   /home/arwilczek90/workspace/Elements/lib/slick/lib/scalar.jar
7ffe6d22d000-7ffe6d230000 r--s 00017000 08:03 15598507                   /home/arwilczek90/workspace/Elements/lib/slick/lib/pedigree.jar
7ffe6d230000-7ffe6d23b000 r--s 00093000 08:03 15598513                   /home/arwilczek90/workspace/Elements/lib/slick/lib/slick.jar
7ffe6d23b000-7ffe6d240000 r--s 0002f000 08:03 15598498                   /home/arwilczek90/workspace/Elements/lib/slick/lib/jinput.jar
7ffe6d240000-7ffe6d242000 r--s 00008000 08:03 15598497                   /home/arwilczek90/workspace/Elements/lib/slick/lib/ibxm.jar
7ffe6d242000-7ffe6d245000 r--s 0005b000 08:03 15598496                   /home/arwilczek90/workspace/Elements/lib/slick/lib/hiero.jar
7ffe6d245000-7ffe6d246000 r--s 00007000 08:03 15597697                   /home/arwilczek90/workspace/Elements/lib/slick/applet/lwjgl_util_applet.jar
7ffe6d286000-7ffe6d2c6000 rw-s f0300000 00:05 10225                      /dev/ati/card0
7ffe6d2c6000-7ffe6d2c9000 ---p 00000000 00:00 0 
7ffe6d2c9000-7ffe6d3c7000 rw-p 00000000 00:00 0 
7ffe6d3c7000-7ffe6d3c8000 r--s 00000000 08:03 19927127                   /var/cache/fontconfig/c05880de57d1f5e948fdfacc138775d9-le64.cache-3
7ffe6d3c8000-7ffe6d3d1000 r--s 00000000 08:03 19927122                   /var/cache/fontconfig/945677eb7aeaf62f1d50efc3fb3ec7d8-le64.cache-3
7ffe6d3d1000-7ffe6d3d3000 r--s 00000000 08:03 19927123                   /var/cache/fontconfig/99e8ed0e538f840c565b6ed5dad60d56-le64.cache-3
7ffe6d3d3000-7ffe6d3d7000 r--s 00000000 08:03 19927109                   /var/cache/fontconfig/2cd17615ca594fa2959ae173292e504c-le64.cache-3
7ffe6d3d7000-7ffe6d3d8000 r--s 00000000 08:03 19927134                   /var/cache/fontconfig/e7071f4a29fa870f4323321c154eba04-le64.cache-3
7ffe6d3d8000-7ffe6d3d9000 r--s 00000000 08:03 19927107                   /var/cache/fontconfig/0d8c3b2ac0904cb8a57a757ad11a4a08-le64.cache-3
7ffe6d3d9000-7ffe6d3df000 r--s 00000000 08:03 19927124                   /var/cache/fontconfig/a755afe4a08bf5b97852ceb7400b47bc-le64.cache-3
7ffe6d3df000-7ffe6d3e8000 r--s 00000000 08:03 19927460                   /var/cache/fontconfig/6d41288fd70b0be22e8c3a91e032eec0-le64.cache-3
7ffe6d3e8000-7ffe6d3f8000 r--s 00000000 08:03 19927106                   /var/cache/fontconfig/04aabc0a78ac019cf9454389977116d2-le64.cache-3
7ffe6d3f8000-7ffe6d3fb000 r--s 00000000 08:03 19927112                   /var/cache/fontconfig/385c0604a188198f04d133e54aba7fe7-le64.cache-3
7ffe6d3fb000-7ffe6d3fc000 r--s 00000000 08:03 19927113                   /var/cache/fontconfig/4794a0821666d79190d59a36cb4f44b5-le64.cache-3
7ffe6d3fc000-7ffe6d3ff000 r--s 00000000 08:03 19927121                   /var/cache/fontconfig/8801497958630a81b71ace7c5f9b32a8-le64.cache-3
7ffe6d3ff000-7ffe6d42d000 r--s 00000000 08:03 19927454                   /var/cache/fontconfig/365b55f210c0a22e9a19e35191240f32-le64.cache-3
7ffe6d42d000-7ffe6d432000 r--s 00000000 08:03 19927110                   /var/cache/fontconfig/3047814df9a2f067bd2d96a2b9c36e5a-le64.cache-3
7ffe6d432000-7ffe6d437000 r--s 00000000 08:03 19927125                   /var/cache/fontconfig/b47c4e1ecd0709278f4910c18777a504-le64.cache-3
7ffe6d439000-7ffe6d43b000 r--s 00015000 08:03 15598514                   /home/arwilczek90/workspace/Elements/lib/slick/lib/tinylinepp.jar
7ffe6d43b000-7ffe6d43e000 r--s 00015000 08:03 15598512                   /home/arwilczek90/workspace/Elements/lib/slick/lib/slick-util.jar
7ffe6d43e000-7ffe6d440000 r--s 00004000 08:03 15598506                   /home/arwilczek90/workspace/Elements/lib/slick/lib/packulike.jar
7ffe6d440000-7ffe6d441000 r--s 00043000 08:03 15598505                   /home/arwilczek90/workspace/Elements/lib/slick/lib/natives-win32.jar
7ffe6d441000-7ffe6d443000 r--s 00033000 08:03 15598504                   /home/arwilczek90/workspace/Elements/lib/slick/lib/natives-mac.jar
7ffe6d443000-7ffe6d44c000 r-xp 00000000 08:03 18488253                   /usr/lib/x86_64-linux-gnu/libXcursor.so.1.0.2
7ffe6d44c000-7ffe6d64b000 ---p 00009000 08:03 18488253                   /usr/lib/x86_64-linux-gnu/libXcursor.so.1.0.2
7ffe6d64b000-7ffe6d64c000 r--p 00008000 08:03 18488253                   /usr/lib/x86_64-linux-gnu/libXcursor.so.1.0.2
7ffe6d64c000-7ffe6d64d000 rw-p 00009000 08:03 18488253                   /usr/lib/x86_64-linux-gnu/libXcursor.so.1.0.2
7ffe6d64d000-7ffe6d64e000 r--s 0003d000 08:03 15598503                   /home/arwilczek90/workspace/Elements/lib/slick/lib/natives-linux.jar
7ffe6d64e000-7ffe6d655000 r--s 00073000 08:03 15598502                   /home/arwilczek90/workspace/Elements/lib/slick/lib/lwjgl.jar
7ffe6d655000-7ffe6d657000 r--s 0000d000 08:03 15598501                   /home/arwilczek90/workspace/Elements/lib/slick/lib/jorbis-0.0.15.jar
7ffe6d657000-7ffe6d658000 r--s 00001000 08:03 15598500                   /home/arwilczek90/workspace/Elements/lib/slick/lib/jogg-0.0.7.jar
7ffe6d658000-7ffe6d659000 r--s 00001000 08:03 15598499                   /home/arwilczek90/workspace/Elements/lib/slick/lib/jnlp.jar
7ffe6d659000-7ffe6d65a000 rw-s 00005000 00:05 10225                      /dev/ati/card0
7ffe6d65a000-7ffe6d65c000 rw-s 00002000 00:05 10225                      /dev/ati/card0
7ffe6d65c000-7ffe6d667000 r--s 00093000 08:03 15597692                   /home/arwilczek90/workspace/Elements/lib/slick.jar
7ffe6d667000-7ffe6d66e000 r--s 000fb000 08:03 18618812                   /usr/lib/jvm/java-6-openjdk-common/jre/lib/resources.jar
7ffe6d66e000-7ffe6d66f000 r--s 00000000 08:03 19927115                   /var/cache/fontconfig/56cf4f4769d0f4abc89a4895d7bd3ae1-le64.cache-3
7ffe6d66f000-7ffe6d670000 r--s 00000000 08:03 19927126                   /var/cache/fontconfig/b9d506c9ac06c20b433354fa67a72993-le64.cache-3
7ffe6d670000-7ffe6d680000 r--s 00000000 08:03 19927130                   /var/cache/fontconfig/d52a8644073d54c13679302ca1180695-le64.cache-3
7ffe6d680000-7ffe6d683000 r--s 00000000 08:03 19927196                   /var/cache/fontconfig/e13b20fdb08344e0e664864cc2ede53d-le64.cache-3
7ffe6d683000-7ffe6d687000 r--s 00000000 08:03 19927452                   /var/cache/fontconfig/7ef2298fde41cc6eeb7af42e48b7d293-le64.cache-3
7ffe6d687000-7ffe6d68a000 ---p 00000000 00:00 0 
7ffe6d68a000-7ffe6d788000 rw-p 00000000 00:00 0 
7ffe6d788000-7ffe6d81e000 r-xp 00000000 08:03 18488439                   /usr/lib/x86_64-linux-gnu/libfreetype.so.6.8.0
7ffe6d81e000-7ffe6da1d000 ---p 00096000 08:03 18488439                   /usr/lib/x86_64-linux-gnu/libfreetype.so.6.8.0
7ffe6da1d000-7ffe6da23000 r--p 00095000 08:03 18488439                   /usr/lib/x86_64-linux-gnu/libfreetype.so.6.8.0
7ffe6da23000-7ffe6da24000 rw-p 0009b000 08:03 18488439                   /usr/lib/x86_64-linux-gnu/libfreetype.so.6.8.0
7ffe6da24000-7ffe6da5e000 r-xp 00000000 08:03 18618871                   /usr/lib/jvm/java-6-openjdk-amd64/jre/lib/amd64/libfontmanager.so
7ffe6da5e000-7ffe6dc5d000 ---p 0003a000 08:03 18618871                   /usr/lib/jvm/java-6-openjdk-amd64/jre/lib/amd64/libfontmanager.so
7ffe6dc5d000-7ffe6dc5f000 r--p 00039000 08:03 18618871                   /usr/lib/jvm/java-6-openjdk-amd64/jre/lib/amd64/libfontmanager.so
7ffe6dc5f000-7ffe6dc60000 rw-p 0003b000 08:03 18618871                   /usr/lib/jvm/java-6-openjdk-amd64/jre/lib/amd64/libfontmanager.so
7ffe6dc60000-7ffe6dc65000 r-xp 00000000 08:03 18488257                   /usr/lib/x86_64-linux-gnu/libXdmcp.so.6.0.0
7ffe6dc65000-7ffe6de64000 ---p 00005000 08:03 18488257                   /usr/lib/x86_64-linux-gnu/libXdmcp.so.6.0.0
7ffe6de64000-7ffe6de65000 r--p 00004000 08:03 18488257                   /usr/lib/x86_64-linux-gnu/libXdmcp.so.6.0.0
7ffe6de65000-7ffe6de66000 rw-p 00005000 08:03 18488257                   /usr/lib/x86_64-linux-gnu/libXdmcp.so.6.0.0
7ffe6de66000-7ffe6de68000 r-xp 00000000 08:03 18488246                   /usr/lib/x86_64-linux-gnu/libXau.so.6.0.0
7ffe6de68000-7ffe6e067000 ---p 00002000 08:03 18488246                   /usr/lib/x86_64-linux-gnu/libXau.so.6.0.0
7ffe6e067000-7ffe6e068000 r--p 00001000 08:03 18488246                   /usr/lib/x86_64-linux-gnu/libXau.so.6.0.0
7ffe6e068000-7ffe6e069000 rw-p 00002000 08:03 18488246                   /usr/lib/x86_64-linux-gnu/libXau.so.6.0.0
7ffe6e069000-7ffe6e086000 r-xp 00000000 08:03 18488845                   /usr/lib/x86_64-linux-gnu/libxcb.so.1.1.0
7ffe6e086000-7ffe6e285000 ---p 0001d000 08:03 18488845                   /usr/lib/x86_64-linux-gnu/libxcb.so.1.1.0
7ffe6e285000-7ffe6e286000 r--p 0001c000 08:03 18488845                   /usr/lib/x86_64-linux-gnu/libxcb.so.1.1.0
7ffe6e286000-7ffe6e287000 rw-p 0001d000 08:03 18488845                   /usr/lib/x86_64-linux-gnu/libxcb.so.1.1.0
7ffe6e287000-7ffe6e295000 r-xp 00000000 08:03 18488265                   /usr/lib/x86_64-linux-gnu/libXi.so.6.1.0
7ffe6e295000-7ffe6e494000 ---p 0000e000 08:03 18488265                   /usr/lib/x86_64-linux-gnu/libXi.so.6.1.0
7ffe6e494000-7ffe6e495000 r--p 0000d000 08:03 18488265                   /usr/lib/x86_64-linux-gnu/libXi.so.6.1.0
7ffe6e495000-7ffe6e496000 rw-p 0000e000 08:03 18488265                   /usr/lib/x86_64-linux-gnu/libXi.so.6.1.0
7ffe6e496000-7ffe6e49b000 r-xp 00000000 08:03 18488283                   /usr/lib/x86_64-linux-gnu/libXtst.so.6.1.0
7ffe6e49b000-7ffe6e69a000 ---p 00005000 08:03 18488283                   /usr/lib/x86_64-linux-gnu/libXtst.so.6.1.0
7ffe6e69a000-7ffe6e69b000 r--p 00004000 08:03 18488283                   /usr/lib/x86_64-linux-gnu/libXtst.so.6.1.0
7ffe6e69b000-7ffe6e69c000 rw-p 00005000 08:03 18488283                   /usr/lib/x86_64-linux-gnu/libXtst.so.6.1.0
7ffe6e69c000-7ffe6e6a5000 r-xp 00000000 08:03 18488279                   /usr/lib/x86_64-linux-gnu/libXrender.so.1.3.0
7ffe6e6a5000-7ffe6e8a4000 ---p 00009000 08:03 18488279                   /usr/lib/x86_64-linux-gnu/libXrender.so.1.3.0
7ffe6e8a4000-7ffe6e8a5000 r--p 00008000 08:03 18488279                   /usr/lib/x86_64-linux-gnu/libXrender.so.1.3.0
7ffe6e8a5000-7ffe6e8a6000 rw-p 00009000 08:03 18488279                   /usr/lib/x86_64-linux-gnu/libXrender.so.1.3.0
7ffe6e8a6000-7ffe6e9d5000 r-xp 00000000 08:03 18488244                   /usr/lib/x86_64-linux-gnu/libX11.so.6.3.0
7ffe6e9d5000-7ffe6ebd5000 ---p 0012f000 08:03 18488244                   /usr/lib/x86_64-linux-gnu/libX11.so.6.3.0
7ffe6ebd5000-7ffe6ebd6000 r--p 0012f000 08:03 18488244                   /usr/lib/x86_64-linux-gnu/libX11.so.6.3.0
7ffe6ebd6000-7ffe6ebda000 rw-p 00130000 08:03 18488244                   /usr/lib/x86_64-linux-gnu/libX11.so.6.3.0
7ffe6ebda000-7ffe6ebea000 r-xp 00000000 08:03 18488259                   /usr/lib/x86_64-linux-gnu/libXext.so.6.4.0
7ffe6ebea000-7ffe6ede9000 ---p 00010000 08:03 18488259                   /usr/lib/x86_64-linux-gnu/libXext.so.6.4.0
7ffe6ede9000-7ffe6edea000 r--p 0000f000 08:03 18488259                   /usr/lib/x86_64-linux-gnu/libXext.so.6.4.0
7ffe6edea000-7ffe6edeb000 rw-p 00010000 08:03 18488259                   /usr/lib/x86_64-linux-gnu/libXext.so.6.4.0
7ffe6edeb000-7ffe6ee36000 r-xp 00000000 08:03 18618972                   /usr/lib/jvm/java-6-openjdk-amd64/jre/lib/amd64/xawt/libmawt.so
7ffe6ee36000-7ffe6f036000 ---p 0004b000 08:03 18618972                   /usr/lib/jvm/java-6-openjdk-amd64/jre/lib/amd64/xawt/libmawt.so
7ffe6f036000-7ffe6f037000 r--p 0004b000 08:03 18618972                   /usr/lib/jvm/java-6-openjdk-amd64/jre/lib/amd64/xawt/libmawt.so
7ffe6f037000-7ffe6f03a000 rw-p 0004c000 08:03 18618972                   /usr/lib/jvm/java-6-openjdk-amd64/jre/lib/amd64/xawt/libmawt.so
7ffe6f03a000-7ffe6f03b000 rw-p 00000000 00:00 0 
7ffe6f03b000-7ffe6f0e7000 r-xp 00000000 08:03 18618874                   /usr/lib/jvm/java-6-openjdk-amd64/jre/lib/amd64/libawt.so
7ffe6f0e7000-7ffe6f2e6000 ---p 000ac000 08:03 18618874                   /usr/lib/jvm/java-6-openjdk-amd64/jre/lib/amd64/libawt.so
7ffe6f2e6000-7ffe6f2e7000 r--p 000ab000 08:03 18618874                   /usr/lib/jvm/java-6-openjdk-amd64/jre/lib/amd64/libawt.so
7ffe6f2e7000-7ffe6f2f2000 rw-p 000ac000 08:03 18618874                   /usr/lib/jvm/java-6-openjdk-amd64/jre/lib/amd64/libawt.so
7ffe6f2f2000-7ffe6f317000 rw-p 00000000 00:00 0 
7ffe6f317000-7ffe6f318000 ---p 00000000 00:00 0 
7ffe6f318000-7ffe6f418000 rw-p 00000000 00:00 0 
7ffe6f418000-7ffe6f41b000 ---p 00000000 00:00 0 
7ffe6f41b000-7ffe6f519000 rw-p 00000000 00:00 0 
7ffe6f519000-7ffe6f51c000 ---p 00000000 00:00 0 
7ffe6f51c000-7ffe6f61a000 rw-p 00000000 00:00 0 
7ffe6f61a000-7ffe6f61d000 ---p 00000000 00:00 0 
7ffe6f61d000-7ffe6f71b000 rw-p 00000000 00:00 0 
7ffe6f71b000-7ffe6f71e000 ---p 00000000 00:00 0 
7ffe6f71e000-7ffe6f81c000 rw-p 00000000 00:00 0 
7ffe6f81c000-7ffe6feff000 r--p 00000000 08:03 18487587                   /usr/lib/locale/locale-archive
7ffe6feff000-7ffe6ff02000 ---p 00000000 00:00 0 
7ffe6ff02000-7ffe70000000 rw-p 00000000 00:00 0 
7ffe70000000-7ffe70021000 rw-p 00000000 00:00 0 
7ffe70021000-7ffe74000000 ---p 00000000 00:00 0 
7ffe74000000-7ffe74001000 r--s 00000000 08:03 19927127                   /var/cache/fontconfig/c05880de57d1f5e948fdfacc138775d9-le64.cache-3
7ffe74001000-7ffe74003000 r--s 00000000 08:03 19927123                   /var/cache/fontconfig/99e8ed0e538f840c565b6ed5dad60d56-le64.cache-3
7ffe74003000-7ffe74009000 r--s 00000000 08:03 19927124                   /var/cache/fontconfig/a755afe4a08bf5b97852ceb7400b47bc-le64.cache-3
7ffe74009000-7ffe74019000 r--s 00000000 08:03 19927106                   /var/cache/fontconfig/04aabc0a78ac019cf9454389977116d2-le64.cache-3
7ffe74019000-7ffe74047000 r--s 00000000 08:03 19927454                   /var/cache/fontconfig/365b55f210c0a22e9a19e35191240f32-le64.cache-3
7ffe74047000-7ffe7404a000 ---p 00000000 00:00 0 
7ffe7404a000-7ffe74148000 rw-p 00000000 00:00 0 
7ffe74148000-7ffe74149000 ---p 00000000 00:00 0 
7ffe74149000-7ffe74781000 rw-p 00000000 00:00 0 
7ffe74781000-7ffe74913000 r--s 037bf000 08:03 18618843                   /usr/lib/jvm/java-6-openjdk-amd64/jre/lib/rt.jar
7ffe74913000-7ffe7493b000 rw-p 00000000 00:00 0 
7ffe7493b000-7ffe7493c000 ---p 00000000 00:00 0 
7ffe7493c000-7ffe74a3c000 rw-p 00000000 00:00 0 
7ffe74a3c000-7ffe74a3d000 ---p 00000000 00:00 0 
7ffe74a3d000-7ffe74b3d000 rw-p 00000000 00:00 0 
7ffe74b3d000-7ffe74b3e000 ---p 00000000 00:00 0 
7ffe74b3e000-7ffe74c3e000 rw-p 00000000 00:00 0 
7ffe74c3e000-7ffe74c3f000 ---p 00000000 00:00 0 
7ffe74c3f000-7ffe74d4a000 rw-p 00000000 00:00 0 
7ffe74d4a000-7ffe74d92000 rw-p 00000000 00:00 0 
7ffe74d92000-7ffe74db9000 rw-p 00000000 00:00 0 
7ffe74db9000-7ffe75000000 rw-p 00000000 00:00 0 
7ffe75000000-7ffe75270000 rwxp 00000000 00:00 0 
7ffe75270000-7ffe78d93000 rw-p 00000000 00:00 0 
7ffe78d93000-7ffe7c000000 ---p 00000000 00:00 0 
7ffe7c000000-7ffe7c004000 r--s 00000000 08:03 19927109                   /var/cache/fontconfig/2cd17615ca594fa2959ae173292e504c-le64.cache-3
7ffe7c004000-7ffe7c00d000 r--s 00000000 08:03 19927460                   /var/cache/fontconfig/6d41288fd70b0be22e8c3a91e032eec0-le64.cache-3
7ffe7c00d000-7ffe7c010000 r--s 00000000 08:03 19927112                   /var/cache/fontconfig/385c0604a188198f04d133e54aba7fe7-le64.cache-3
7ffe7c010000-7ffe7c011000 r--s 00000000 08:03 19927113                   /var/cache/fontconfig/4794a0821666d79190d59a36cb4f44b5-le64.cache-3
7ffe7c011000-7ffe7c014000 r--s 00000000 08:03 19927121                   /var/cache/fontconfig/8801497958630a81b71ace7c5f9b32a8-le64.cache-3
7ffe7c014000-7ffe7c024000 r--s 00000000 08:03 19927130                   /var/cache/fontconfig/d52a8644073d54c13679302ca1180695-le64.cache-3
7ffe7c024000-7ffe7c02f000 rw-p 00000000 00:00 0 
7ffe7c02f000-7ffe7c077000 rw-p 00000000 00:00 0 
7ffe7c077000-7ffe7c09e000 rw-p 00000000 00:00 0 
7ffe7c09e000-7ffe7c2e5000 rw-p 00000000 00:00 0 
7ffe7c2e5000-7ffe7c2f9000 rw-p 00000000 00:00 0 
7ffe7c2f9000-7ffe7c41c000 rw-p 00000000 00:00 0 
7ffe7c41c000-7ffe7c41d000 rw-p 00000000 00:00 0 
7ffe7c41d000-7ffe7c424000 r-xp 00000000 08:03 18618888                   /usr/lib/jvm/java-6-openjdk-amd64/jre/lib/amd64/libzip.so
7ffe7c424000-7ffe7c623000 ---p 00007000 08:03 18618888                   /usr/lib/jvm/java-6-openjdk-amd64/jre/lib/amd64/libzip.so
7ffe7c623000-7ffe7c624000 r--p 00006000 08:03 18618888                   /usr/lib/jvm/java-6-openjdk-amd64/jre/lib/amd64/libzip.so
7ffe7c624000-7ffe7c625000 rw-p 00007000 08:03 18618888                   /usr/lib/jvm/java-6-openjdk-amd64/jre/lib/amd64/libzip.so
7ffe7c625000-7ffe7c631000 r-xp 00000000 08:03 21758081                   /lib/x86_64-linux-gnu/libnss_files-2.15.so
7ffe7c631000-7ffe7c830000 ---p 0000c000 08:03 21758081                   /lib/x86_64-linux-gnu/libnss_files-2.15.so
7ffe7c830000-7ffe7c831000 r--p 0000b000 08:03 21758081                   /lib/x86_64-linux-gnu/libnss_files-2.15.so
7ffe7c831000-7ffe7c832000 rw-p 0000c000 08:03 21758081                   /lib/x86_64-linux-gnu/libnss_files-2.15.so
7ffe7c832000-7ffe7c83c000 r-xp 00000000 08:03 21758077                   /lib/x86_64-linux-gnu/libnss_nis-2.15.so
7ffe7c83c000-7ffe7ca3c000 ---p 0000a000 08:03 21758077                   /lib/x86_64-linux-gnu/libnss_nis-2.15.so
7ffe7ca3c000-7ffe7ca3d000 r--p 0000a000 08:03 21758077                   /lib/x86_64-linux-gnu/libnss_nis-2.15.so
7ffe7ca3d000-7ffe7ca3e000 rw-p 0000b000 08:03 21758077                   /lib/x86_64-linux-gnu/libnss_nis-2.15.so
7ffe7ca3e000-7ffe7ca55000 r-xp 00000000 08:03 21761730                   /lib/x86_64-linux-gnu/libnsl-2.15.so
7ffe7ca55000-7ffe7cc54000 ---p 00017000 08:03 21761730                   /lib/x86_64-linux-gnu/libnsl-2.15.so
7ffe7cc54000-7ffe7cc55000 r--p 00016000 08:03 21761730                   /lib/x86_64-linux-gnu/libnsl-2.15.so
7ffe7cc55000-7ffe7cc56000 rw-p 00017000 08:03 21761730                   /lib/x86_64-linux-gnu/libnsl-2.15.so
7ffe7cc56000-7ffe7cc58000 rw-p 00000000 00:00 0 
7ffe7cc58000-7ffe7cc60000 r-xp 00000000 08:03 21758082                   /lib/x86_64-linux-gnu/libnss_compat-2.15.so
7ffe7cc60000-7ffe7ce5f000 ---p 00008000 08:03 21758082                   /lib/x86_64-linux-gnu/libnss_compat-2.15.so
7ffe7ce5f000-7ffe7ce60000 r--p 00007000 08:03 21758082                   /lib/x86_64-linux-gnu/libnss_compat-2.15.so
7ffe7ce60000-7ffe7ce61000 rw-p 00008000 08:03 21758082                   /lib/x86_64-linux-gnu/libnss_compat-2.15.so
7ffe7ce61000-7ffe7ce8d000 r-xp 00000000 08:03 18618873                   /usr/lib/jvm/java-6-openjdk-amd64/jre/lib/amd64/libjava.so
7ffe7ce8d000-7ffe7d08c000 ---p 0002c000 08:03 18618873                   /usr/lib/jvm/java-6-openjdk-amd64/jre/lib/amd64/libjava.so
7ffe7d08c000-7ffe7d08d000 r--p 0002b000 08:03 18618873                   /usr/lib/jvm/java-6-openjdk-amd64/jre/lib/amd64/libjava.so
7ffe7d08d000-7ffe7d090000 rw-p 0002c000 08:03 18618873                   /usr/lib/jvm/java-6-openjdk-amd64/jre/lib/amd64/libjava.so
7ffe7d090000-7ffe7d09e000 r-xp 00000000 08:03 18618872                   /usr/lib/jvm/java-6-openjdk-amd64/jre/lib/amd64/libverify.so
7ffe7d09e000-7ffe7d29d000 ---p 0000e000 08:03 18618872                   /usr/lib/jvm/java-6-openjdk-amd64/jre/lib/amd64/libverify.so
7ffe7d29d000-7ffe7d29f000 r--p 0000d000 08:03 18618872                   /usr/lib/jvm/java-6-openjdk-amd64/jre/lib/amd64/libverify.so
7ffe7d29f000-7ffe7d2a0000 rw-p 0000f000 08:03 18618872                   /usr/lib/jvm/java-6-openjdk-amd64/jre/lib/amd64/libverify.so
7ffe7d2a0000-7ffe7d2a7000 r-xp 00000000 08:03 21758075                   /lib/x86_64-linux-gnu/librt-2.15.so
7ffe7d2a7000-7ffe7d4a6000 ---p 00007000 08:03 21758075                   /lib/x86_64-linux-gnu/librt-2.15.so
7ffe7d4a6000-7ffe7d4a7000 r--p 00006000 08:03 21758075                   /lib/x86_64-linux-gnu/librt-2.15.so
7ffe7d4a7000-7ffe7d4a8000 rw-p 00007000 08:03 21758075                   /lib/x86_64-linux-gnu/librt-2.15.so
7ffe7d4a8000-7ffe7d4bd000 r-xp 00000000 08:03 21761542                   /lib/x86_64-linux-gnu/libgcc_s.so.1
7ffe7d4bd000-7ffe7d6bc000 ---p 00015000 08:03 21761542                   /lib/x86_64-linux-gnu/libgcc_s.so.1
7ffe7d6bc000-7ffe7d6bd000 r--p 00014000 08:03 21761542                   /lib/x86_64-linux-gnu/libgcc_s.so.1
7ffe7d6bd000-7ffe7d6be000 rw-p 00015000 08:03 21761542                   /lib/x86_64-linux-gnu/libgcc_s.so.1
7ffe7d6be000-7ffe7d7b7000 r-xp 00000000 08:03 21758079                   /lib/x86_64-linux-gnu/libm-2.15.so
7ffe7d7b7000-7ffe7d9b6000 ---p 000f9000 08:03 21758079                   /lib/x86_64-linux-gnu/libm-2.15.so
7ffe7d9b6000-7ffe7d9b7000 r--p 000f8000 08:03 21758079                   /lib/x86_64-linux-gnu/libm-2.15.so
7ffe7d9b7000-7ffe7d9b8000 rw-p 000f9000 08:03 21758079                   /lib/x86_64-linux-gnu/libm-2.15.so
7ffe7d9b8000-7ffe7da9a000 r-xp 00000000 08:03 18488773                   /usr/lib/x86_64-linux-gnu/libstdc++.so.6.0.16
7ffe7da9a000-7ffe7dc99000 ---p 000e2000 08:03 18488773                   /usr/lib/x86_64-linux-gnu/libstdc++.so.6.0.16
7ffe7dc99000-7ffe7dca1000 r--p 000e1000 08:03 18488773                   /usr/lib/x86_64-linux-gnu/libstdc++.so.6.0.16
7ffe7dca1000-7ffe7dca3000 rw-p 000e9000 08:03 18488773                   /usr/lib/x86_64-linux-gnu/libstdc++.so.6.0.16
7ffe7dca3000-7ffe7dcb8000 rw-p 00000000 00:00 0 
7ffe7dcb8000-7ffe7e5bc000 r-xp 00000000 08:03 18618878                   /usr/lib/jvm/java-6-openjdk-amd64/jre/lib/amd64/server/libjvm.so
7ffe7e5bc000-7ffe7e7bc000 ---p 00904000 08:03 18618878                   /usr/lib/jvm/java-6-openjdk-amd64/jre/lib/amd64/server/libjvm.so
7ffe7e7bc000-7ffe7e83c000 r--p 00904000 08:03 18618878                   /usr/lib/jvm/java-6-openjdk-amd64/jre/lib/amd64/server/libjvm.so
7ffe7e83c000-7ffe7e857000 rw-p 00984000 08:03 18618878                   /usr/lib/jvm/java-6-openjdk-amd64/jre/lib/amd64/server/libjvm.so
7ffe7e857000-7ffe7e880000 rw-p 00000000 00:00 0 
7ffe7e880000-7ffe7e896000 r-xp 00000000 08:03 21761632                   /lib/x86_64-linux-gnu/libz.so.1.2.3.4
7ffe7e896000-7ffe7ea95000 ---p 00016000 08:03 21761632                   /lib/x86_64-linux-gnu/libz.so.1.2.3.4
7ffe7ea95000-7ffe7ea96000 r--p 00015000 08:03 21761632                   /lib/x86_64-linux-gnu/libz.so.1.2.3.4
7ffe7ea96000-7ffe7ea97000 rw-p 00016000 08:03 21761632                   /lib/x86_64-linux-gnu/libz.so.1.2.3.4
7ffe7ea97000-7ffe7ec4c000 r-xp 00000000 08:03 21757975                   /lib/x86_64-linux-gnu/libc-2.15.so
7ffe7ec4c000-7ffe7ee4b000 ---p 001b5000 08:03 21757975                   /lib/x86_64-linux-gnu/libc-2.15.so
7ffe7ee4b000-7ffe7ee4f000 r--p 001b4000 08:03 21757975                   /lib/x86_64-linux-gnu/libc-2.15.so
7ffe7ee4f000-7ffe7ee51000 rw-p 001b8000 08:03 21757975                   /lib/x86_64-linux-gnu/libc-2.15.so
7ffe7ee51000-7ffe7ee56000 rw-p 00000000 00:00 0 
7ffe7ee56000-7ffe7ee58000 r-xp 00000000 08:03 21757964                   /lib/x86_64-linux-gnu/libdl-2.15.so
7ffe7ee58000-7ffe7f058000 ---p 00002000 08:03 21757964                   /lib/x86_64-linux-gnu/libdl-2.15.so
7ffe7f058000-7ffe7f059000 r--p 00002000 08:03 21757964                   /lib/x86_64-linux-gnu/libdl-2.15.so
7ffe7f059000-7ffe7f05a000 rw-p 00003000 08:03 21757964                   /lib/x86_64-linux-gnu/libdl-2.15.so
7ffe7f05a000-7ffe7f05e000 r-xp 00000000 08:03 18618855                   /usr/lib/jvm/java-6-openjdk-amd64/jre/lib/amd64/jli/libjli.so
7ffe7f05e000-7ffe7f25d000 ---p 00004000 08:03 18618855                   /usr/lib/jvm/java-6-openjdk-amd64/jre/lib/amd64/jli/libjli.so
7ffe7f25d000-7ffe7f25e000 r--p 00003000 08:03 18618855                   /usr/lib/jvm/java-6-openjdk-amd64/jre/lib/amd64/jli/libjli.so
7ffe7f25e000-7ffe7f25f000 rw-p 00004000 08:03 18618855                   /usr/lib/jvm/java-6-openjdk-amd64/jre/lib/amd64/jli/libjli.so
7ffe7f25f000-7ffe7f277000 r-xp 00000000 08:03 21758073                   /lib/x86_64-linux-gnu/libpthread-2.15.so
7ffe7f277000-7ffe7f476000 ---p 00018000 08:03 21758073                   /lib/x86_64-linux-gnu/libpthread-2.15.so
7ffe7f476000-7ffe7f477000 r--p 00017000 08:03 21758073                   /lib/x86_64-linux-gnu/libpthread-2.15.so
7ffe7f477000-7ffe7f478000 rw-p 00018000 08:03 21758073                   /lib/x86_64-linux-gnu/libpthread-2.15.so
7ffe7f478000-7ffe7f47c000 rw-p 00000000 00:00 0 
7ffe7f47c000-7ffe7f49e000 r-xp 00000000 08:03 21758085                   /lib/x86_64-linux-gnu/ld-2.15.so
7ffe7f49e000-7ffe7f49f000 r--s 00000000 08:03 19927134                   /var/cache/fontconfig/e7071f4a29fa870f4323321c154eba04-le64.cache-3
7ffe7f49f000-7ffe7f4a0000 r--s 00000000 08:03 19927107                   /var/cache/fontconfig/0d8c3b2ac0904cb8a57a757ad11a4a08-le64.cache-3
7ffe7f4a0000-7ffe7f4a5000 r--s 00000000 08:03 19927110                   /var/cache/fontconfig/3047814df9a2f067bd2d96a2b9c36e5a-le64.cache-3
7ffe7f4a5000-7ffe7f4a6000 r--s 00000000 08:03 19927115                   /var/cache/fontconfig/56cf4f4769d0f4abc89a4895d7bd3ae1-le64.cache-3
7ffe7f4a6000-7ffe7f4ab000 r--s 00000000 08:03 19927125                   /var/cache/fontconfig/b47c4e1ecd0709278f4910c18777a504-le64.cache-3
7ffe7f4ab000-7ffe7f4ae000 r--s 00000000 08:03 19927196                   /var/cache/fontconfig/e13b20fdb08344e0e664864cc2ede53d-le64.cache-3
7ffe7f4ae000-7ffe7f4b2000 r--s 00000000 08:03 19927452                   /var/cache/fontconfig/7ef2298fde41cc6eeb7af42e48b7d293-le64.cache-3
7ffe7f4b2000-7ffe7f4b5000 r--s 0007d000 08:03 18618443                   /usr/lib/jvm/java-6-openjdk-common/jre/lib/jsse.jar
7ffe7f4b5000-7ffe7f4bc000 r--s 00073000 08:03 15597691                   /home/arwilczek90/workspace/Elements/lib/lwjgl.jar
7ffe7f4bc000-7ffe7f4c6000 rw-p 00000000 00:00 0 
7ffe7f4c6000-7ffe7f57c000 rw-p 00000000 00:00 0 
7ffe7f57c000-7ffe7f57f000 ---p 00000000 00:00 0 
7ffe7f57f000-7ffe7f682000 rw-p 00000000 00:00 0 
7ffe7f682000-7ffe7f683000 r--s 00000000 08:03 19927126                   /var/cache/fontconfig/b9d506c9ac06c20b433354fa67a72993-le64.cache-3
7ffe7f683000-7ffe7f685000 r--s 0000f000 08:03 18618803                   /usr/lib/jvm/java-6-openjdk-common/jre/lib/ext/pulse-java.jar
7ffe7f685000-7ffe7f688000 r--s 00077000 08:03 18618797                   /usr/lib/jvm/java-6-openjdk-common/jre/lib/ext/localedata.jar
7ffe7f688000-7ffe7f689000 r--s 00007000 08:03 18748229                   /usr/share/java/java-atk-wrapper.jar
7ffe7f689000-7ffe7f68b000 r--s 00001000 08:03 18618801                   /usr/lib/jvm/java-6-openjdk-common/jre/lib/ext/dnsns.jar
7ffe7f68b000-7ffe7f68f000 r--s 00038000 08:03 18618795                   /usr/lib/jvm/java-6-openjdk-common/jre/lib/ext/sunpkcs11.jar
7ffe7f68f000-7ffe7f692000 r--s 00031000 08:03 18618799                   /usr/lib/jvm/java-6-openjdk-common/jre/lib/ext/sunjce_provider.jar
7ffe7f692000-7ffe7f69a000 rw-s 00000000 08:03 8126514                    /tmp/hsperfdata_arwilczek90/20150 (deleted)
7ffe7f69a000-7ffe7f69b000 rw-p 00000000 00:00 0 
7ffe7f69b000-7ffe7f69c000 ---p 00000000 00:00 0 
7ffe7f69c000-7ffe7f69e000 rw-p 00000000 00:00 0 
7ffe7f69e000-7ffe7f69f000 r--p 00022000 08:03 21758085                   /lib/x86_64-linux-gnu/ld-2.15.so
7ffe7f69f000-7ffe7f6a1000 rw-p 00023000 08:03 21758085                   /lib/x86_64-linux-gnu/ld-2.15.so
7ffffb8ed000-7ffffb90e000 rw-p 00000000 00:00 0                          [stack]
7ffffb9ff000-7ffffba00000 r-xp 00000000 00:00 0                          [vdso]
ffffffffff600000-ffffffffff601000 r-xp 00000000 00:00 0                  [vsyscall]

VM Arguments:
jvm_args: -Djava.library.path=/home/arwilczek90/workspace/Elements/lib/slick:/home/arwilczek90/workspace/Elements/lib/slick -Dfile.encoding=UTF-8 
java_command: com.hack.elements.view.Main
Launcher Type: SUN_STANDARD

Environment Variables:
PATH=/usr/lib/lightdm/lightdm:/usr/local/sbin:/usr/local/bin:/usr/sbin:/usr/bin:/sbin:/bin:/usr/games
LD_LIBRARY_PATH=/usr/lib/jvm/java-6-openjdk-amd64/jre/lib/amd64/server:/usr/lib/jvm/java-6-openjdk-amd64/jre/lib/amd64:/usr/lib/jvm/java-6-openjdk-amd64/jre/../lib/amd64
SHELL=/bin/bash
DISPLAY=:0.0

Signal Handlers:
SIGSEGV: [libjvm.so+0x784310], sa_mask[0]=0x7ffbfeff, sa_flags=0x10000004
SIGBUS: [libjvm.so+0x784310], sa_mask[0]=0x7ffbfeff, sa_flags=0x10000004
SIGFPE: [libjvm.so+0x648580], sa_mask[0]=0x7ffbfeff, sa_flags=0x10000004
SIGPIPE: [libjvm.so+0x648580], sa_mask[0]=0x7ffbfeff, sa_flags=0x10000004
SIGXFSZ: [libjvm.so+0x648580], sa_mask[0]=0x7ffbfeff, sa_flags=0x10000004
SIGILL: [libjvm.so+0x648580], sa_mask[0]=0x7ffbfeff, sa_flags=0x10000004
SIGUSR1: SIG_DFL, sa_mask[0]=0x00000000, sa_flags=0x00000000
SIGUSR2: [libjvm.so+0x648730], sa_mask[0]=0x00000004, sa_flags=0x10000004
SIGHUP: [libjvm.so+0x64b250], sa_mask[0]=0x7ffbfeff, sa_flags=0x10000004
SIGINT: [libjvm.so+0x64b250], sa_mask[0]=0x7ffbfeff, sa_flags=0x10000004
SIGTERM: [libjvm.so+0x64b250], sa_mask[0]=0x7ffbfeff, sa_flags=0x10000004
SIGQUIT: [libjvm.so+0x64b250], sa_mask[0]=0x7ffbfeff, sa_flags=0x10000004


---------------  S Y S T E M  ---------------

OS:Ubuntu 12.04 (precise)
uname:Linux 3.2.0-32-generic #51-Ubuntu SMP Wed Sep 26 21:33:09 UTC 2012 x86_64
libc:glibc 2.15 NPTL 2.15 
rlimit: STACK 8192k, CORE 0k, NPROC 59545, NOFILE 4096, AS infinity
load average:0.96 0.88 0.84

/proc/meminfo:
MemTotal:        7639648 kB
MemFree:         3892080 kB
Buffers:          132308 kB
Cached:          1225500 kB
SwapCached:            0 kB
Active:          2501244 kB
Inactive:         752680 kB
Active(anon):    1896580 kB
Inactive(anon):    16676 kB
Active(file):     604664 kB
Inactive(file):   736004 kB
Unevictable:          20 kB
Mlocked:              20 kB
SwapTotal:       3818492 kB
SwapFree:        3818492 kB
Dirty:               388 kB
Writeback:             0 kB
AnonPages:       1896328 kB
Mapped:           317092 kB
Shmem:             17144 kB
Slab:             107068 kB
SReclaimable:      76340 kB
SUnreclaim:        30728 kB
KernelStack:        4152 kB
PageTables:        35476 kB
NFS_Unstable:          0 kB
Bounce:                0 kB
WritebackTmp:          0 kB
CommitLimit:     7638316 kB
Committed_AS:    4466488 kB
VmallocTotal:   34359738367 kB
VmallocUsed:      116912 kB
VmallocChunk:   34359619344 kB
HardwareCorrupted:     0 kB
AnonHugePages:         0 kB
HugePages_Total:       0
HugePages_Free:        0
HugePages_Rsvd:        0
HugePages_Surp:        0
Hugepagesize:       2048 kB
DirectMap4k:      342016 kB
DirectMap2M:     5404672 kB
DirectMap1G:     2097152 kB


CPU:total 4 (4 cores per cpu, 1 threads per core) family 18 model 1 stepping 0, cmov, cx8, fxsr, mmx, sse, sse2, sse3, popcnt, mmxext, 3dnowpref, lzcnt, sse4a

Memory: 4k page, physical 7639648k(3892080k free), swap 3818492k(3818492k free)

vm_info: OpenJDK 64-Bit Server VM (20.0-b12) for linux-amd64 JRE (1.6.0_24-b24), built on Sep  2 2012 19:50:47 by "buildd" with gcc 4.6.3

time: Sun Oct 14 00:00:55 2012
elapsed time: 5 seconds

