#
# A fatal error has been detected by the Java Runtime Environment:
#
#  SIGSEGV (0xb) at pc=0x00007fe1aeac2c58, pid=8344, tid=140607369373440
#
# JRE version: 6.0_24-b24
# Java VM: OpenJDK 64-Bit Server VM (20.0-b12 mixed mode linux-amd64 compressed oops)
# Derivative: IcedTea6 1.11.4
# Distribution: Ubuntu 12.04 LTS, package 6b24-1.11.4-1ubuntu0.12.04.1
# Problematic frame:
# C  [libX11.so.6+0x33c58]  XQueryExtension+0x28
#
# If you would like to submit a bug report, please include
# instructions how to reproduce the bug and visit:
#   https://bugs.launchpad.net/ubuntu/+source/openjdk-6/
#

---------------  T H R E A D  ---------------

Current thread (0x00007fe1b8070000):  VMThread [stack: 0x00007fe1b43de000,0x00007fe1b44df000] [id=8354]

siginfo:si_signo=SIGSEGV: si_errno=0, si_code=1 (SEGV_MAPERR), si_addr=0xffffffffb8260598

Registers:
RAX=0x00007fe1900008c0, RBX=0xffffffffb825fc30, RCX=0x00007fe1b44dd7d8, RDX=0x00007fe1b44dd7d4
RSP=0x00007fe1b44dd770, RBP=0x00007fe1aca80932, RSI=0x00007fe1aca80932, RDI=0xffffffffb825fc30
R8 =0x00007fe1b44dd7dc, R9 =0x0000000000000000, R10=0x00007fe1bf0eefa8, R11=0x00007fe1bed6eca0
R12=0x0000000000000000, R13=0x00007fe1aca80932, R14=0x00007fe1900008c0, R15=0x0000000000000000
RIP=0x00007fe1aeac2c58, EFLAGS=0x0000000000010202, CSGSFS=0x0000000000000033, ERR=0x0000000000000005
  TRAPNO=0x000000000000000e

Top of Stack: (sp=0x00007fe1b44dd770)
0x00007fe1b44dd770:   00007fe1bed41790 00007fe1bf91d9e8
0x00007fe1b44dd780:   00007fe1b509f200 00007fe1b509f260
0x00007fe1b44dd790:   00000000ffffffff ffffffffb825fc30
0x00007fe1b44dd7a0:   00007fe1aca80932 0000000000000000
0x00007fe1b44dd7b0:   00007fe1aca80932 00007fe1900008c0
0x00007fe1b44dd7c0:   0000000000000000 00007fe1aeab6c55
0x00007fe1b44dd7d0:   00007fe1bf93b048 00007fe1acbb9520
0x00007fe1b44dd7e0:   00007fe1acbb9520 ffffffffb825fc30
0x00007fe1b44dd7f0:   00007fe1b813d360 00007fe1aedd002b
0x00007fe1b44dd800:   00007fe1bed41790 000000110000002c
0x00007fe1b44dd810:   00007fe1b44dd890 0000000000000000
0x00007fe1b44dd820:   00007fe1b44dd890 ffffffffb825fc30
0x00007fe1b44dd830:   0000000000000000 00007fe1bf93b048
0x00007fe1b44dd840:   00007fe1acbd2d50 00007fe1aca27119
0x00007fe1b44dd850:   0000000000000000 000000000000002c
0x00007fe1b44dd860:   00007fe1b44dd890 00007fe1b44dd8b0
0x00007fe1b44dd870:   0000000000000000 00007fe1bf93b048
0x00007fe1b44dd880:   00007fe1b825f790 00007fe1aca1db42
0x00007fe1b44dd890:   00007fe1b44dda80 00007fe1aca808b1
0x00007fe1b44dd8a0:   00007fe1b44dda80 00007fe1bf72792d
0x00007fe1b44dd8b0:   00007fe1bf93c2c8 00007fe1bf93c858
0x00007fe1b44dd8c0:   00007fe1bf91d000 00007fe1b8006a00
0x00007fe1b44dd8d0:   00007fe1b8007510 00007fe1b8006eb0
0x00007fe1b44dd8e0:   00007fe1b8007a10 00007fe1b800c6f0
0x00007fe1b44dd8f0:   00007fe1b8103520 00007fe1b8103a00
0x00007fe1b44dd900:   00007fe1bf91c000 00007fe1b825c340
0x00007fe1b44dd910:   00007fe1b8256a70 00007fe1b8256f10
0x00007fe1b44dd920:   00007fe1b825c810 00007fe1b825ccb0
0x00007fe1b44dd930:   00007fe1b825d150 00007fe1b80ef640
0x00007fe1b44dd940:   00007fe1b80b5fa0 00007fe1b80025e0
0x00007fe1b44dd950:   00007fe1b8001ec0 0000000000e385f0
0x00007fe1b44dd960:   0000000000e38b60 0000000000e39570 

Instructions: (pc=0x00007fe1aeac2c58)
0x00007fe1aeac2c38:   24 d8 48 89 fb 4c 89 64 24 e0 4c 89 6c 24 e8 48
0x00007fe1aeac2c48:   89 f5 4c 89 74 24 f0 4c 89 7c 24 f8 48 83 ec 58
0x00007fe1aeac2c58:   48 8b 87 68 09 00 00 49 89 d4 49 89 cd 4d 89 c6
0x00007fe1aeac2c68:   48 85 c0 74 02 ff 10 ba 08 00 00 00 be 62 00 00 

Register to memory mapping:

RAX=0x00007fe1900008c0 is an unknown value
RBX=0xffffffffb825fc30 is an unknown value
RCX=0x00007fe1b44dd7d8 is an unknown value
RDX=0x00007fe1b44dd7d4 is an unknown value
RSP=0x00007fe1b44dd770 is an unknown value
RBP=0x00007fe1aca80932: <offset 0x96932> in /usr/lib/fglrx/libGL.so.1 at 0x00007fe1ac9ea000
RSI=0x00007fe1aca80932: <offset 0x96932> in /usr/lib/fglrx/libGL.so.1 at 0x00007fe1ac9ea000
RDI=0xffffffffb825fc30 is an unknown value
R8 =0x00007fe1b44dd7dc is an unknown value
R9 =0x0000000000000000 is an unknown value
R10=0x00007fe1bf0eefa8: <offset 0x3bbfa8> in /lib/x86_64-linux-gnu/libc.so.6 at 0x00007fe1bed33000
R11=0x00007fe1bed6eca0: __cxa_finalize+0 in /lib/x86_64-linux-gnu/libc.so.6 at 0x00007fe1bed33000
R12=0x0000000000000000 is an unknown value
R13=0x00007fe1aca80932: <offset 0x96932> in /usr/lib/fglrx/libGL.so.1 at 0x00007fe1ac9ea000
R14=0x00007fe1900008c0 is an unknown value
R15=0x0000000000000000 is an unknown value


Stack: [0x00007fe1b43de000,0x00007fe1b44df000],  sp=0x00007fe1b44dd770,  free space=1021k
Native frames: (J=compiled Java code, j=interpreted, Vv=VM code, C=native code)
C  [libX11.so.6+0x33c58]  XQueryExtension+0x28

VM_Operation (0x00007fe1a5530460): Exit, mode: safepoint, requested by thread 0x00007fe18c001000


---------------  P R O C E S S  ---------------

Java Threads: ( => current thread )
  0x00007fe18c001000 JavaThread "SIGTERM handler" daemon [_thread_blocked, id=8472, stack(0x00007fe1a5431000,0x00007fe1a5532000)]
  0x00007fe1b8b28800 JavaThread "Thread-2" daemon [_thread_blocked, id=8365, stack(0x00007fe1ac3ee000,0x00007fe1ac4ef000)]
  0x00007fe1b825b800 JavaThread "AWT-XAWT" daemon [_thread_blocked, id=8364, stack(0x00007fe1ad345000,0x00007fe1ad446000)]
  0x00007fe1b8131800 JavaThread "Java2D Disposer" daemon [_thread_blocked, id=8363, stack(0x00007fe1ad870000,0x00007fe1ad971000)]
  0x00007fe1b809e800 JavaThread "Low Memory Detector" daemon [_thread_blocked, id=8360, stack(0x00007fe1af61a000,0x00007fe1af71b000)]
  0x00007fe1b809c000 JavaThread "C2 CompilerThread1" daemon [_thread_blocked, id=8359, stack(0x00007fe1af71b000,0x00007fe1af81c000)]
  0x00007fe1b8099800 JavaThread "C2 CompilerThread0" daemon [_thread_blocked, id=8358, stack(0x00007fe1af81c000,0x00007fe1af91d000)]
  0x00007fe1b8079000 JavaThread "Finalizer" daemon [_thread_blocked, id=8356, stack(0x00007fe1b41dc000,0x00007fe1b42dd000)]
  0x00007fe1b8077000 JavaThread "Reference Handler" daemon [_thread_blocked, id=8355, stack(0x00007fe1b42dd000,0x00007fe1b43de000)]
  0x00007fe1b8008800 JavaThread "main" [_thread_blocked, id=8348, stack(0x00007fe1bf818000,0x00007fe1bf919000)]

Other Threads:
=>0x00007fe1b8070000 VMThread [stack: 0x00007fe1b43de000,0x00007fe1b44df000] [id=8354]

VM state:at safepoint (shutting down)

VM Mutex/Monitor currently owned by a thread:  ([mutex/lock_event])
[0x00007fe1b8004dd0] Threads_lock - owner thread: 0x00007fe1b8070000

Heap
 PSYoungGen      total 34880K, used 21673K [0x00000000d9200000, 0x00000000db8e0000, 0x0000000100000000)
  eden space 29952K, 72% used [0x00000000d9200000,0x00000000da72a570,0x00000000daf40000)
  from space 4928K, 0% used [0x00000000db410000,0x00000000db410000,0x00000000db8e0000)
  to   space 4928K, 0% used [0x00000000daf40000,0x00000000daf40000,0x00000000db410000)
 PSOldGen        total 79616K, used 0K [0x000000008b600000, 0x00000000903c0000, 0x00000000d9200000)
  object space 79616K, 0% used [0x000000008b600000,0x000000008b600000,0x00000000903c0000)
 PSPermGen       total 21248K, used 11304K [0x0000000081000000, 0x00000000824c0000, 0x000000008b600000)
  object space 21248K, 53% used [0x0000000081000000,0x0000000081b0a3b0,0x00000000824c0000)

Code Cache  [0x00007fe1b5000000, 0x00007fe1b5270000, 0x00007fe1b8000000)
 total_blobs=611 nmethods=131 adapters=434 free_code_cache=49575936 largest_free_block=12096

Dynamic libraries:
00400000-00409000 r-xp 00000000 08:03 18618890                           /usr/lib/jvm/java-6-openjdk-amd64/jre/bin/java
00608000-00609000 r--p 00008000 08:03 18618890                           /usr/lib/jvm/java-6-openjdk-amd64/jre/bin/java
00609000-0060a000 rw-p 00009000 08:03 18618890                           /usr/lib/jvm/java-6-openjdk-amd64/jre/bin/java
00e38000-00e59000 rw-p 00000000 00:00 0                                  [heap]
81000000-824c0000 rw-p 00000000 00:00 0 
824c0000-8b600000 rw-p 00000000 00:00 0 
8b600000-903c0000 rw-p 00000000 00:00 0 
903c0000-d9200000 rw-p 00000000 00:00 0 
d9200000-db8e0000 rw-p 00000000 00:00 0 
db8e0000-100000000 rw-p 00000000 00:00 0 
7fe158000000-7fe158021000 rw-p 00000000 00:00 0 
7fe158021000-7fe15c000000 ---p 00000000 00:00 0 
7fe160000000-7fe160021000 rw-p 00000000 00:00 0 
7fe160021000-7fe164000000 ---p 00000000 00:00 0 
7fe164000000-7fe164021000 rw-p 00000000 00:00 0 
7fe164021000-7fe168000000 ---p 00000000 00:00 0 
7fe168000000-7fe168021000 rw-p 00000000 00:00 0 
7fe168021000-7fe16c000000 ---p 00000000 00:00 0 
7fe16c000000-7fe16c021000 rw-p 00000000 00:00 0 
7fe16c021000-7fe170000000 ---p 00000000 00:00 0 
7fe170000000-7fe170021000 rw-p 00000000 00:00 0 
7fe170021000-7fe174000000 ---p 00000000 00:00 0 
7fe174000000-7fe174021000 rw-p 00000000 00:00 0 
7fe174021000-7fe178000000 ---p 00000000 00:00 0 
7fe178000000-7fe178021000 rw-p 00000000 00:00 0 
7fe178021000-7fe17c000000 ---p 00000000 00:00 0 
7fe17c000000-7fe17c021000 rw-p 00000000 00:00 0 
7fe17c021000-7fe180000000 ---p 00000000 00:00 0 
7fe180000000-7fe1801c1000 rw-p 00000000 00:00 0 
7fe1801c1000-7fe184000000 ---p 00000000 00:00 0 
7fe184000000-7fe184195000 rw-p 00000000 00:00 0 
7fe184195000-7fe188000000 ---p 00000000 00:00 0 
7fe188000000-7fe188021000 rw-p 00000000 00:00 0 
7fe188021000-7fe18c000000 ---p 00000000 00:00 0 
7fe18c000000-7fe18c021000 rw-p 00000000 00:00 0 
7fe18c021000-7fe190000000 ---p 00000000 00:00 0 
7fe190000000-7fe190021000 rw-p 00000000 00:00 0 
7fe190021000-7fe194000000 ---p 00000000 00:00 0 
7fe194000000-7fe194021000 rw-p 00000000 00:00 0 
7fe194021000-7fe198000000 ---p 00000000 00:00 0 
7fe198000000-7fe198021000 rw-p 00000000 00:00 0 
7fe198021000-7fe19c000000 ---p 00000000 00:00 0 
7fe1a0000000-7fe1a0021000 rw-p 00000000 00:00 0 
7fe1a0021000-7fe1a4000000 ---p 00000000 00:00 0 
7fe1a4e2e000-7fe1a4e31000 ---p 00000000 00:00 0 
7fe1a4e31000-7fe1a4f2f000 rw-p 00000000 00:00 0 
7fe1a4f2f000-7fe1a4f32000 ---p 00000000 00:00 0 
7fe1a4f32000-7fe1a5030000 rw-p 00000000 00:00 0 
7fe1a5030000-7fe1a5033000 ---p 00000000 00:00 0 
7fe1a5033000-7fe1a5131000 rw-p 00000000 00:00 0 
7fe1a5131000-7fe1a5331000 rw-s 235fa000 00:05 10225                      /dev/ati/card0
7fe1a5331000-7fe1a5431000 rw-s 235f8000 00:05 10225                      /dev/ati/card0
7fe1a5431000-7fe1a5434000 ---p 00000000 00:00 0 
7fe1a5434000-7fe1a5532000 rw-p 00000000 00:00 0 
7fe1a5532000-7fe1a5632000 rw-s 235fc000 00:05 10225                      /dev/ati/card0
7fe1a5632000-7fe1a5d32000 rw-s 00006000 00:05 10225                      /dev/ati/card0
7fe1a5d32000-7fe1a7c8c000 r-xp 00000000 08:03 19009510                   /usr/lib/fglrx/dri/fglrx_dri.so
7fe1a7c8c000-7fe1a7d8c000 ---p 01f5a000 08:03 19009510                   /usr/lib/fglrx/dri/fglrx_dri.so
7fe1a7d8c000-7fe1a7eda000 rwxp 01f5a000 08:03 19009510                   /usr/lib/fglrx/dri/fglrx_dri.so
7fe1a7eda000-7fe1a8000000 rwxp 00000000 00:00 0 
7fe1a8000000-7fe1a8021000 rw-p 00000000 00:00 0 
7fe1a8021000-7fe1ac000000 ---p 00000000 00:00 0 
7fe1ac0e9000-7fe1ac2eb000 rw-p 00000000 00:00 0 
7fe1ac2eb000-7fe1ac2ee000 r-xp 00000000 08:03 15602613                   /home/arwilczek90/workspace/Elements/lib/slick/libjinput-linux64.so
7fe1ac2ee000-7fe1ac3ed000 ---p 00003000 08:03 15602613                   /home/arwilczek90/workspace/Elements/lib/slick/libjinput-linux64.so
7fe1ac3ed000-7fe1ac3ee000 rw-p 00002000 08:03 15602613                   /home/arwilczek90/workspace/Elements/lib/slick/libjinput-linux64.so
7fe1ac3ee000-7fe1ac3f1000 ---p 00000000 00:00 0 
7fe1ac3f1000-7fe1ac4ef000 rw-p 00000000 00:00 0 
7fe1ac4ef000-7fe1ac52f000 rw-s 0002a000 00:05 10225                      /dev/ati/card0
7fe1ac52f000-7fe1ac531000 r-xp 00000000 08:03 18488267                   /usr/lib/x86_64-linux-gnu/libXinerama.so.1.0.0
7fe1ac531000-7fe1ac730000 ---p 00002000 08:03 18488267                   /usr/lib/x86_64-linux-gnu/libXinerama.so.1.0.0
7fe1ac730000-7fe1ac731000 r--p 00001000 08:03 18488267                   /usr/lib/x86_64-linux-gnu/libXinerama.so.1.0.0
7fe1ac731000-7fe1ac732000 rw-p 00002000 08:03 18488267                   /usr/lib/x86_64-linux-gnu/libXinerama.so.1.0.0
7fe1ac732000-7fe1ac76d000 r-xp 00000000 08:03 19009508                   /usr/lib/fglrx/libatiadlxx.so
7fe1ac76d000-7fe1ac86d000 ---p 0003b000 08:03 19009508                   /usr/lib/fglrx/libatiadlxx.so
7fe1ac86d000-7fe1ac876000 rw-p 0003b000 08:03 19009508                   /usr/lib/fglrx/libatiadlxx.so
7fe1ac876000-7fe1ac887000 rw-p 00000000 00:00 0 
7fe1ac889000-7fe1ac88b000 r--s 00015000 08:03 15598514                   /home/arwilczek90/workspace/Elements/lib/slick/lib/tinylinepp.jar
7fe1ac88b000-7fe1ac88e000 r--s 00015000 08:03 15598512                   /home/arwilczek90/workspace/Elements/lib/slick/lib/slick-util.jar
7fe1ac88e000-7fe1ac896000 r--s 00067000 08:03 15598510                   /home/arwilczek90/workspace/Elements/lib/slick/lib/slick-sources.jar
7fe1ac896000-7fe1ac8a1000 r--s 00093000 08:03 15598513                   /home/arwilczek90/workspace/Elements/lib/slick/lib/slick.jar
7fe1ac8a1000-7fe1ac8e1000 rw-s f0300000 00:05 10225                      /dev/ati/card0
7fe1ac8e1000-7fe1ac8e8000 r-xp 00000000 08:03 19009532                   /usr/lib/fglrx/libatiuki.so.1.0
7fe1ac8e8000-7fe1ac9e8000 ---p 00007000 08:03 19009532                   /usr/lib/fglrx/libatiuki.so.1.0
7fe1ac9e8000-7fe1ac9e9000 rw-p 00007000 08:03 19009532                   /usr/lib/fglrx/libatiuki.so.1.0
7fe1ac9e9000-7fe1ac9ea000 rw-p 00000000 00:00 0 
7fe1ac9ea000-7fe1acaad000 r-xp 00000000 08:03 19009512                   /usr/lib/fglrx/libGL.so.1.2
7fe1acaad000-7fe1acbac000 ---p 000c3000 08:03 19009512                   /usr/lib/fglrx/libGL.so.1.2
7fe1acbac000-7fe1acbd3000 rwxp 000c2000 08:03 19009512                   /usr/lib/fglrx/libGL.so.1.2
7fe1acbd3000-7fe1acbf3000 rwxp 00000000 00:00 0 
7fe1acbf3000-7fe1acbf4000 r-xp 00000000 08:03 18618886                   /usr/lib/jvm/java-6-openjdk-amd64/jre/lib/amd64/libjawt.so
7fe1acbf4000-7fe1acdf3000 ---p 00001000 08:03 18618886                   /usr/lib/jvm/java-6-openjdk-amd64/jre/lib/amd64/libjawt.so
7fe1acdf3000-7fe1acdf4000 r--p 00000000 08:03 18618886                   /usr/lib/jvm/java-6-openjdk-amd64/jre/lib/amd64/libjawt.so
7fe1acdf4000-7fe1acdf5000 rw-p 00001000 08:03 18618886                   /usr/lib/jvm/java-6-openjdk-amd64/jre/lib/amd64/libjawt.so
7fe1acdf5000-7fe1acdf9000 r-xp 00000000 08:03 18488287                   /usr/lib/x86_64-linux-gnu/libXxf86vm.so.1.0.0
7fe1acdf9000-7fe1acff8000 ---p 00004000 08:03 18488287                   /usr/lib/x86_64-linux-gnu/libXxf86vm.so.1.0.0
7fe1acff8000-7fe1acff9000 r--p 00003000 08:03 18488287                   /usr/lib/x86_64-linux-gnu/libXxf86vm.so.1.0.0
7fe1acff9000-7fe1acffa000 rw-p 00004000 08:03 18488287                   /usr/lib/x86_64-linux-gnu/libXxf86vm.so.1.0.0
7fe1acffa000-7fe1ad002000 r-xp 00000000 08:03 18488277                   /usr/lib/x86_64-linux-gnu/libXrandr.so.2.2.0
7fe1ad002000-7fe1ad201000 ---p 00008000 08:03 18488277                   /usr/lib/x86_64-linux-gnu/libXrandr.so.2.2.0
7fe1ad201000-7fe1ad202000 r--p 00007000 08:03 18488277                   /usr/lib/x86_64-linux-gnu/libXrandr.so.2.2.0
7fe1ad202000-7fe1ad203000 rw-p 00008000 08:03 18488277                   /usr/lib/x86_64-linux-gnu/libXrandr.so.2.2.0
7fe1ad203000-7fe1ad243000 r-xp 00000000 08:03 15602617                   /home/arwilczek90/workspace/Elements/lib/slick/liblwjgl64.so
7fe1ad243000-7fe1ad343000 ---p 00040000 08:03 15602617                   /home/arwilczek90/workspace/Elements/lib/slick/liblwjgl64.so
7fe1ad343000-7fe1ad345000 rw-p 00040000 08:03 15602617                   /home/arwilczek90/workspace/Elements/lib/slick/liblwjgl64.so
7fe1ad345000-7fe1ad348000 ---p 00000000 00:00 0 
7fe1ad348000-7fe1ad446000 rw-p 00000000 00:00 0 
7fe1ad446000-7fe1ad44b000 r-xp 00000000 08:03 18488261                   /usr/lib/x86_64-linux-gnu/libXfixes.so.3.1.0
7fe1ad44b000-7fe1ad64a000 ---p 00005000 08:03 18488261                   /usr/lib/x86_64-linux-gnu/libXfixes.so.3.1.0
7fe1ad64a000-7fe1ad64b000 r--p 00004000 08:03 18488261                   /usr/lib/x86_64-linux-gnu/libXfixes.so.3.1.0
7fe1ad64b000-7fe1ad64c000 rw-p 00005000 08:03 18488261                   /usr/lib/x86_64-linux-gnu/libXfixes.so.3.1.0
7fe1ad64c000-7fe1ad655000 r-xp 00000000 08:03 18488253                   /usr/lib/x86_64-linux-gnu/libXcursor.so.1.0.2
7fe1ad655000-7fe1ad854000 ---p 00009000 08:03 18488253                   /usr/lib/x86_64-linux-gnu/libXcursor.so.1.0.2
7fe1ad854000-7fe1ad855000 r--p 00008000 08:03 18488253                   /usr/lib/x86_64-linux-gnu/libXcursor.so.1.0.2
7fe1ad855000-7fe1ad856000 rw-p 00009000 08:03 18488253                   /usr/lib/x86_64-linux-gnu/libXcursor.so.1.0.2
7fe1ad85b000-7fe1ad85c000 r--s 00000000 08:03 15598509                   /home/arwilczek90/workspace/Elements/lib/slick/lib/slick-examples.jar
7fe1ad85c000-7fe1ad85d000 r--s 00003000 08:03 15598508                   /home/arwilczek90/workspace/Elements/lib/slick/lib/scalar.jar
7fe1ad85d000-7fe1ad860000 r--s 00017000 08:03 15598507                   /home/arwilczek90/workspace/Elements/lib/slick/lib/pedigree.jar
7fe1ad860000-7fe1ad862000 r--s 00004000 08:03 15598506                   /home/arwilczek90/workspace/Elements/lib/slick/lib/packulike.jar
7fe1ad862000-7fe1ad863000 r--s 00043000 08:03 15598505                   /home/arwilczek90/workspace/Elements/lib/slick/lib/natives-win32.jar
7fe1ad863000-7fe1ad865000 r--s 00033000 08:03 15598504                   /home/arwilczek90/workspace/Elements/lib/slick/lib/natives-mac.jar
7fe1ad865000-7fe1ad866000 r--s 0003d000 08:03 15598503                   /home/arwilczek90/workspace/Elements/lib/slick/lib/natives-linux.jar
7fe1ad866000-7fe1ad86d000 r--s 00073000 08:03 15598502                   /home/arwilczek90/workspace/Elements/lib/slick/lib/lwjgl.jar
7fe1ad86d000-7fe1ad86f000 r--s 0000d000 08:03 15598501                   /home/arwilczek90/workspace/Elements/lib/slick/lib/jorbis-0.0.15.jar
7fe1ad86f000-7fe1ad870000 r--s 00001000 08:03 15598500                   /home/arwilczek90/workspace/Elements/lib/slick/lib/jogg-0.0.7.jar
7fe1ad870000-7fe1ad873000 ---p 00000000 00:00 0 
7fe1ad873000-7fe1ad971000 rw-p 00000000 00:00 0 
7fe1ad971000-7fe1ada07000 r-xp 00000000 08:03 18488439                   /usr/lib/x86_64-linux-gnu/libfreetype.so.6.8.0
7fe1ada07000-7fe1adc06000 ---p 00096000 08:03 18488439                   /usr/lib/x86_64-linux-gnu/libfreetype.so.6.8.0
7fe1adc06000-7fe1adc0c000 r--p 00095000 08:03 18488439                   /usr/lib/x86_64-linux-gnu/libfreetype.so.6.8.0
7fe1adc0c000-7fe1adc0d000 rw-p 0009b000 08:03 18488439                   /usr/lib/x86_64-linux-gnu/libfreetype.so.6.8.0
7fe1adc0d000-7fe1adc47000 r-xp 00000000 08:03 18618871                   /usr/lib/jvm/java-6-openjdk-amd64/jre/lib/amd64/libfontmanager.so
7fe1adc47000-7fe1ade46000 ---p 0003a000 08:03 18618871                   /usr/lib/jvm/java-6-openjdk-amd64/jre/lib/amd64/libfontmanager.so
7fe1ade46000-7fe1ade48000 r--p 00039000 08:03 18618871                   /usr/lib/jvm/java-6-openjdk-amd64/jre/lib/amd64/libfontmanager.so
7fe1ade48000-7fe1ade49000 rw-p 0003b000 08:03 18618871                   /usr/lib/jvm/java-6-openjdk-amd64/jre/lib/amd64/libfontmanager.so
7fe1ade49000-7fe1ade4e000 r-xp 00000000 08:03 18488257                   /usr/lib/x86_64-linux-gnu/libXdmcp.so.6.0.0
7fe1ade4e000-7fe1ae04d000 ---p 00005000 08:03 18488257                   /usr/lib/x86_64-linux-gnu/libXdmcp.so.6.0.0
7fe1ae04d000-7fe1ae04e000 r--p 00004000 08:03 18488257                   /usr/lib/x86_64-linux-gnu/libXdmcp.so.6.0.0
7fe1ae04e000-7fe1ae04f000 rw-p 00005000 08:03 18488257                   /usr/lib/x86_64-linux-gnu/libXdmcp.so.6.0.0
7fe1ae04f000-7fe1ae051000 r-xp 00000000 08:03 18488246                   /usr/lib/x86_64-linux-gnu/libXau.so.6.0.0
7fe1ae051000-7fe1ae250000 ---p 00002000 08:03 18488246                   /usr/lib/x86_64-linux-gnu/libXau.so.6.0.0
7fe1ae250000-7fe1ae251000 r--p 00001000 08:03 18488246                   /usr/lib/x86_64-linux-gnu/libXau.so.6.0.0
7fe1ae251000-7fe1ae252000 rw-p 00002000 08:03 18488246                   /usr/lib/x86_64-linux-gnu/libXau.so.6.0.0
7fe1ae252000-7fe1ae26f000 r-xp 00000000 08:03 18488845                   /usr/lib/x86_64-linux-gnu/libxcb.so.1.1.0
7fe1ae26f000-7fe1ae46e000 ---p 0001d000 08:03 18488845                   /usr/lib/x86_64-linux-gnu/libxcb.so.1.1.0
7fe1ae46e000-7fe1ae46f000 r--p 0001c000 08:03 18488845                   /usr/lib/x86_64-linux-gnu/libxcb.so.1.1.0
7fe1ae46f000-7fe1ae470000 rw-p 0001d000 08:03 18488845                   /usr/lib/x86_64-linux-gnu/libxcb.so.1.1.0
7fe1ae470000-7fe1ae47e000 r-xp 00000000 08:03 18488265                   /usr/lib/x86_64-linux-gnu/libXi.so.6.1.0
7fe1ae47e000-7fe1ae67d000 ---p 0000e000 08:03 18488265                   /usr/lib/x86_64-linux-gnu/libXi.so.6.1.0
7fe1ae67d000-7fe1ae67e000 r--p 0000d000 08:03 18488265                   /usr/lib/x86_64-linux-gnu/libXi.so.6.1.0
7fe1ae67e000-7fe1ae67f000 rw-p 0000e000 08:03 18488265                   /usr/lib/x86_64-linux-gnu/libXi.so.6.1.0
7fe1ae67f000-7fe1ae684000 r-xp 00000000 08:03 18488283                   /usr/lib/x86_64-linux-gnu/libXtst.so.6.1.0
7fe1ae684000-7fe1ae883000 ---p 00005000 08:03 18488283                   /usr/lib/x86_64-linux-gnu/libXtst.so.6.1.0
7fe1ae883000-7fe1ae884000 r--p 00004000 08:03 18488283                   /usr/lib/x86_64-linux-gnu/libXtst.so.6.1.0
7fe1ae884000-7fe1ae885000 rw-p 00005000 08:03 18488283                   /usr/lib/x86_64-linux-gnu/libXtst.so.6.1.0
7fe1ae885000-7fe1ae88e000 r-xp 00000000 08:03 18488279                   /usr/lib/x86_64-linux-gnu/libXrender.so.1.3.0
7fe1ae88e000-7fe1aea8d000 ---p 00009000 08:03 18488279                   /usr/lib/x86_64-linux-gnu/libXrender.so.1.3.0
7fe1aea8d000-7fe1aea8e000 r--p 00008000 08:03 18488279                   /usr/lib/x86_64-linux-gnu/libXrender.so.1.3.0
7fe1aea8e000-7fe1aea8f000 rw-p 00009000 08:03 18488279                   /usr/lib/x86_64-linux-gnu/libXrender.so.1.3.0
7fe1aea8f000-7fe1aebbe000 r-xp 00000000 08:03 18488244                   /usr/lib/x86_64-linux-gnu/libX11.so.6.3.0
7fe1aebbe000-7fe1aedbe000 ---p 0012f000 08:03 18488244                   /usr/lib/x86_64-linux-gnu/libX11.so.6.3.0
7fe1aedbe000-7fe1aedbf000 r--p 0012f000 08:03 18488244                   /usr/lib/x86_64-linux-gnu/libX11.so.6.3.0
7fe1aedbf000-7fe1aedc3000 rw-p 00130000 08:03 18488244                   /usr/lib/x86_64-linux-gnu/libX11.so.6.3.0
7fe1aedc3000-7fe1aedd3000 r-xp 00000000 08:03 18488259                   /usr/lib/x86_64-linux-gnu/libXext.so.6.4.0
7fe1aedd3000-7fe1aefd2000 ---p 00010000 08:03 18488259                   /usr/lib/x86_64-linux-gnu/libXext.so.6.4.0
7fe1aefd2000-7fe1aefd3000 r--p 0000f000 08:03 18488259                   /usr/lib/x86_64-linux-gnu/libXext.so.6.4.0
7fe1aefd3000-7fe1aefd4000 rw-p 00010000 08:03 18488259                   /usr/lib/x86_64-linux-gnu/libXext.so.6.4.0
7fe1aefd4000-7fe1af01f000 r-xp 00000000 08:03 18618972                   /usr/lib/jvm/java-6-openjdk-amd64/jre/lib/amd64/xawt/libmawt.so
7fe1af01f000-7fe1af21f000 ---p 0004b000 08:03 18618972                   /usr/lib/jvm/java-6-openjdk-amd64/jre/lib/amd64/xawt/libmawt.so
7fe1af21f000-7fe1af220000 r--p 0004b000 08:03 18618972                   /usr/lib/jvm/java-6-openjdk-amd64/jre/lib/amd64/xawt/libmawt.so
7fe1af220000-7fe1af223000 rw-p 0004c000 08:03 18618972                   /usr/lib/jvm/java-6-openjdk-amd64/jre/lib/amd64/xawt/libmawt.so
7fe1af223000-7fe1af224000 rw-p 00000000 00:00 0 
7fe1af224000-7fe1af2d0000 r-xp 00000000 08:03 18618874                   /usr/lib/jvm/java-6-openjdk-amd64/jre/lib/amd64/libawt.so
7fe1af2d0000-7fe1af4cf000 ---p 000ac000 08:03 18618874                   /usr/lib/jvm/java-6-openjdk-amd64/jre/lib/amd64/libawt.so
7fe1af4cf000-7fe1af4d0000 r--p 000ab000 08:03 18618874                   /usr/lib/jvm/java-6-openjdk-amd64/jre/lib/amd64/libawt.so
7fe1af4d0000-7fe1af4db000 rw-p 000ac000 08:03 18618874                   /usr/lib/jvm/java-6-openjdk-amd64/jre/lib/amd64/libawt.so
7fe1af4db000-7fe1af500000 rw-p 00000000 00:00 0 
7fe1af500000-7fe1af503000 r--s 0007d000 08:03 18618443                   /usr/lib/jvm/java-6-openjdk-common/jre/lib/jsse.jar
7fe1af503000-7fe1af50a000 r--s 00073000 08:03 15597691                   /home/arwilczek90/workspace/Elements/lib/lwjgl.jar
7fe1af50a000-7fe1af50c000 r--s 0000f000 08:03 18618803                   /usr/lib/jvm/java-6-openjdk-common/jre/lib/ext/pulse-java.jar
7fe1af50c000-7fe1af50f000 r--s 00077000 08:03 18618797                   /usr/lib/jvm/java-6-openjdk-common/jre/lib/ext/localedata.jar
7fe1af50f000-7fe1af510000 r--s 00007000 08:03 18748229                   /usr/share/java/java-atk-wrapper.jar
7fe1af510000-7fe1af512000 r--s 00001000 08:03 18618801                   /usr/lib/jvm/java-6-openjdk-common/jre/lib/ext/dnsns.jar
7fe1af512000-7fe1af516000 r--s 00038000 08:03 18618795                   /usr/lib/jvm/java-6-openjdk-common/jre/lib/ext/sunpkcs11.jar
7fe1af516000-7fe1af519000 r--s 00031000 08:03 18618799                   /usr/lib/jvm/java-6-openjdk-common/jre/lib/ext/sunjce_provider.jar
7fe1af519000-7fe1af51a000 ---p 00000000 00:00 0 
7fe1af51a000-7fe1af61a000 rw-p 00000000 00:00 0 
7fe1af61a000-7fe1af61d000 ---p 00000000 00:00 0 
7fe1af61d000-7fe1af71b000 rw-p 00000000 00:00 0 
7fe1af71b000-7fe1af71e000 ---p 00000000 00:00 0 
7fe1af71e000-7fe1af81c000 rw-p 00000000 00:00 0 
7fe1af81c000-7fe1af81f000 ---p 00000000 00:00 0 
7fe1af81f000-7fe1af91d000 rw-p 00000000 00:00 0 
7fe1af91d000-7fe1b0000000 r--p 00000000 08:03 18487587                   /usr/lib/locale/locale-archive
7fe1b0000000-7fe1b0021000 rw-p 00000000 00:00 0 
7fe1b0021000-7fe1b4000000 ---p 00000000 00:00 0 
7fe1b4000000-7fe1b4001000 r--s 00001000 08:03 15598499                   /home/arwilczek90/workspace/Elements/lib/slick/lib/jnlp.jar
7fe1b4001000-7fe1b4006000 r--s 0002f000 08:03 15598498                   /home/arwilczek90/workspace/Elements/lib/slick/lib/jinput.jar
7fe1b4006000-7fe1b4008000 r--s 00008000 08:03 15598497                   /home/arwilczek90/workspace/Elements/lib/slick/lib/ibxm.jar
7fe1b4008000-7fe1b400b000 r--s 0005b000 08:03 15598496                   /home/arwilczek90/workspace/Elements/lib/slick/lib/hiero.jar
7fe1b400b000-7fe1b400c000 r--s 00007000 08:03 15597697                   /home/arwilczek90/workspace/Elements/lib/slick/applet/lwjgl_util_applet.jar
7fe1b400c000-7fe1b400e000 rw-s 00002000 00:05 10225                      /dev/ati/card0
7fe1b400e000-7fe1b4019000 r--s 00093000 08:03 15597692                   /home/arwilczek90/workspace/Elements/lib/slick.jar
7fe1b4019000-7fe1b4020000 r--s 000fb000 08:03 18618812                   /usr/lib/jvm/java-6-openjdk-common/jre/lib/resources.jar
7fe1b4020000-7fe1b4021000 r--s 00000000 08:03 19927127                   /var/cache/fontconfig/c05880de57d1f5e948fdfacc138775d9-le64.cache-3
7fe1b4021000-7fe1b402a000 r--s 00000000 08:03 19927122                   /var/cache/fontconfig/945677eb7aeaf62f1d50efc3fb3ec7d8-le64.cache-3
7fe1b402a000-7fe1b402c000 r--s 00000000 08:03 19927123                   /var/cache/fontconfig/99e8ed0e538f840c565b6ed5dad60d56-le64.cache-3
7fe1b402c000-7fe1b4030000 r--s 00000000 08:03 19927109                   /var/cache/fontconfig/2cd17615ca594fa2959ae173292e504c-le64.cache-3
7fe1b4030000-7fe1b4031000 r--s 00000000 08:03 19927134                   /var/cache/fontconfig/e7071f4a29fa870f4323321c154eba04-le64.cache-3
7fe1b4031000-7fe1b4032000 r--s 00000000 08:03 19927107                   /var/cache/fontconfig/0d8c3b2ac0904cb8a57a757ad11a4a08-le64.cache-3
7fe1b4032000-7fe1b4038000 r--s 00000000 08:03 19927124                   /var/cache/fontconfig/a755afe4a08bf5b97852ceb7400b47bc-le64.cache-3
7fe1b4038000-7fe1b4041000 r--s 00000000 08:03 19927460                   /var/cache/fontconfig/6d41288fd70b0be22e8c3a91e032eec0-le64.cache-3
7fe1b4041000-7fe1b4051000 r--s 00000000 08:03 19927106                   /var/cache/fontconfig/04aabc0a78ac019cf9454389977116d2-le64.cache-3
7fe1b4051000-7fe1b4054000 r--s 00000000 08:03 19927112                   /var/cache/fontconfig/385c0604a188198f04d133e54aba7fe7-le64.cache-3
7fe1b4054000-7fe1b4057000 r--s 00000000 08:03 19927121                   /var/cache/fontconfig/8801497958630a81b71ace7c5f9b32a8-le64.cache-3
7fe1b4057000-7fe1b4085000 r--s 00000000 08:03 19927454                   /var/cache/fontconfig/365b55f210c0a22e9a19e35191240f32-le64.cache-3
7fe1b4085000-7fe1b408a000 r--s 00000000 08:03 19927110                   /var/cache/fontconfig/3047814df9a2f067bd2d96a2b9c36e5a-le64.cache-3
7fe1b408a000-7fe1b408f000 r--s 00000000 08:03 19927125                   /var/cache/fontconfig/b47c4e1ecd0709278f4910c18777a504-le64.cache-3
7fe1b408f000-7fe1b409f000 r--s 00000000 08:03 19927130                   /var/cache/fontconfig/d52a8644073d54c13679302ca1180695-le64.cache-3
7fe1b409f000-7fe1b40a3000 r--s 00000000 08:03 19927452                   /var/cache/fontconfig/7ef2298fde41cc6eeb7af42e48b7d293-le64.cache-3
7fe1b40a3000-7fe1b40a4000 r--s 00000000 08:03 19927127                   /var/cache/fontconfig/c05880de57d1f5e948fdfacc138775d9-le64.cache-3
7fe1b40a4000-7fe1b40ad000 r--s 00000000 08:03 19927122                   /var/cache/fontconfig/945677eb7aeaf62f1d50efc3fb3ec7d8-le64.cache-3
7fe1b40ad000-7fe1b40db000 r--s 00000000 08:03 19927454                   /var/cache/fontconfig/365b55f210c0a22e9a19e35191240f32-le64.cache-3
7fe1b40db000-7fe1b40de000 ---p 00000000 00:00 0 
7fe1b40de000-7fe1b41dc000 rw-p 00000000 00:00 0 
7fe1b41dc000-7fe1b41df000 ---p 00000000 00:00 0 
7fe1b41df000-7fe1b42dd000 rw-p 00000000 00:00 0 
7fe1b42dd000-7fe1b42e0000 ---p 00000000 00:00 0 
7fe1b42e0000-7fe1b43de000 rw-p 00000000 00:00 0 
7fe1b43de000-7fe1b43df000 ---p 00000000 00:00 0 
7fe1b43df000-7fe1b4a17000 rw-p 00000000 00:00 0 
7fe1b4a17000-7fe1b4ba9000 r--s 037bf000 08:03 18618843                   /usr/lib/jvm/java-6-openjdk-amd64/jre/lib/rt.jar
7fe1b4ba9000-7fe1b4baa000 ---p 00000000 00:00 0 
7fe1b4baa000-7fe1b4caa000 rw-p 00000000 00:00 0 
7fe1b4caa000-7fe1b4cab000 ---p 00000000 00:00 0 
7fe1b4cab000-7fe1b4dab000 rw-p 00000000 00:00 0 
7fe1b4dab000-7fe1b4dac000 ---p 00000000 00:00 0 
7fe1b4dac000-7fe1b4eac000 rw-p 00000000 00:00 0 
7fe1b4eac000-7fe1b4ead000 ---p 00000000 00:00 0 
7fe1b4ead000-7fe1b4fb8000 rw-p 00000000 00:00 0 
7fe1b4fb8000-7fe1b5000000 rw-p 00000000 00:00 0 
7fe1b5000000-7fe1b5270000 rwxp 00000000 00:00 0 
7fe1b5270000-7fe1b8da0000 rw-p 00000000 00:00 0 
7fe1b8da0000-7fe1bc000000 ---p 00000000 00:00 0 
7fe1bc000000-7fe1bc001000 rw-s 00005000 00:05 10225                      /dev/ati/card0
7fe1bc001000-7fe1bc002000 r--s 00000000 08:03 19927113                   /var/cache/fontconfig/4794a0821666d79190d59a36cb4f44b5-le64.cache-3
7fe1bc002000-7fe1bc003000 r--s 00000000 08:03 19927115                   /var/cache/fontconfig/56cf4f4769d0f4abc89a4895d7bd3ae1-le64.cache-3
7fe1bc003000-7fe1bc005000 r--s 00000000 08:03 19927123                   /var/cache/fontconfig/99e8ed0e538f840c565b6ed5dad60d56-le64.cache-3
7fe1bc005000-7fe1bc009000 r--s 00000000 08:03 19927109                   /var/cache/fontconfig/2cd17615ca594fa2959ae173292e504c-le64.cache-3
7fe1bc009000-7fe1bc00a000 r--s 00000000 08:03 19927134                   /var/cache/fontconfig/e7071f4a29fa870f4323321c154eba04-le64.cache-3
7fe1bc00a000-7fe1bc00b000 r--s 00000000 08:03 19927107                   /var/cache/fontconfig/0d8c3b2ac0904cb8a57a757ad11a4a08-le64.cache-3
7fe1bc00b000-7fe1bc011000 r--s 00000000 08:03 19927124                   /var/cache/fontconfig/a755afe4a08bf5b97852ceb7400b47bc-le64.cache-3
7fe1bc011000-7fe1bc01a000 r--s 00000000 08:03 19927460                   /var/cache/fontconfig/6d41288fd70b0be22e8c3a91e032eec0-le64.cache-3
7fe1bc01a000-7fe1bc02a000 r--s 00000000 08:03 19927106                   /var/cache/fontconfig/04aabc0a78ac019cf9454389977116d2-le64.cache-3
7fe1bc02a000-7fe1bc079000 rw-p 00000000 00:00 0 
7fe1bc079000-7fe1bc2c0000 rw-p 00000000 00:00 0 
7fe1bc2c0000-7fe1bc2cb000 rw-p 00000000 00:00 0 
7fe1bc2cb000-7fe1bc313000 rw-p 00000000 00:00 0 
7fe1bc313000-7fe1bc33a000 rw-p 00000000 00:00 0 
7fe1bc33a000-7fe1bc581000 rw-p 00000000 00:00 0 
7fe1bc581000-7fe1bc595000 rw-p 00000000 00:00 0 
7fe1bc595000-7fe1bc6b8000 rw-p 00000000 00:00 0 
7fe1bc6b8000-7fe1bc6b9000 rw-p 00000000 00:00 0 
7fe1bc6b9000-7fe1bc6c0000 r-xp 00000000 08:03 18618888                   /usr/lib/jvm/java-6-openjdk-amd64/jre/lib/amd64/libzip.so
7fe1bc6c0000-7fe1bc8bf000 ---p 00007000 08:03 18618888                   /usr/lib/jvm/java-6-openjdk-amd64/jre/lib/amd64/libzip.so
7fe1bc8bf000-7fe1bc8c0000 r--p 00006000 08:03 18618888                   /usr/lib/jvm/java-6-openjdk-amd64/jre/lib/amd64/libzip.so
7fe1bc8c0000-7fe1bc8c1000 rw-p 00007000 08:03 18618888                   /usr/lib/jvm/java-6-openjdk-amd64/jre/lib/amd64/libzip.so
7fe1bc8c1000-7fe1bc8cd000 r-xp 00000000 08:03 21758081                   /lib/x86_64-linux-gnu/libnss_files-2.15.so
7fe1bc8cd000-7fe1bcacc000 ---p 0000c000 08:03 21758081                   /lib/x86_64-linux-gnu/libnss_files-2.15.so
7fe1bcacc000-7fe1bcacd000 r--p 0000b000 08:03 21758081                   /lib/x86_64-linux-gnu/libnss_files-2.15.so
7fe1bcacd000-7fe1bcace000 rw-p 0000c000 08:03 21758081                   /lib/x86_64-linux-gnu/libnss_files-2.15.so
7fe1bcace000-7fe1bcad8000 r-xp 00000000 08:03 21758077                   /lib/x86_64-linux-gnu/libnss_nis-2.15.so
7fe1bcad8000-7fe1bccd8000 ---p 0000a000 08:03 21758077                   /lib/x86_64-linux-gnu/libnss_nis-2.15.so
7fe1bccd8000-7fe1bccd9000 r--p 0000a000 08:03 21758077                   /lib/x86_64-linux-gnu/libnss_nis-2.15.so
7fe1bccd9000-7fe1bccda000 rw-p 0000b000 08:03 21758077                   /lib/x86_64-linux-gnu/libnss_nis-2.15.so
7fe1bccda000-7fe1bccf1000 r-xp 00000000 08:03 21761730                   /lib/x86_64-linux-gnu/libnsl-2.15.so
7fe1bccf1000-7fe1bcef0000 ---p 00017000 08:03 21761730                   /lib/x86_64-linux-gnu/libnsl-2.15.so
7fe1bcef0000-7fe1bcef1000 r--p 00016000 08:03 21761730                   /lib/x86_64-linux-gnu/libnsl-2.15.so
7fe1bcef1000-7fe1bcef2000 rw-p 00017000 08:03 21761730                   /lib/x86_64-linux-gnu/libnsl-2.15.so
7fe1bcef2000-7fe1bcef4000 rw-p 00000000 00:00 0 
7fe1bcef4000-7fe1bcefc000 r-xp 00000000 08:03 21758082                   /lib/x86_64-linux-gnu/libnss_compat-2.15.so
7fe1bcefc000-7fe1bd0fb000 ---p 00008000 08:03 21758082                   /lib/x86_64-linux-gnu/libnss_compat-2.15.so
7fe1bd0fb000-7fe1bd0fc000 r--p 00007000 08:03 21758082                   /lib/x86_64-linux-gnu/libnss_compat-2.15.so
7fe1bd0fc000-7fe1bd0fd000 rw-p 00008000 08:03 21758082                   /lib/x86_64-linux-gnu/libnss_compat-2.15.so
7fe1bd0fd000-7fe1bd129000 r-xp 00000000 08:03 18618873                   /usr/lib/jvm/java-6-openjdk-amd64/jre/lib/amd64/libjava.so
7fe1bd129000-7fe1bd328000 ---p 0002c000 08:03 18618873                   /usr/lib/jvm/java-6-openjdk-amd64/jre/lib/amd64/libjava.so
7fe1bd328000-7fe1bd329000 r--p 0002b000 08:03 18618873                   /usr/lib/jvm/java-6-openjdk-amd64/jre/lib/amd64/libjava.so
7fe1bd329000-7fe1bd32c000 rw-p 0002c000 08:03 18618873                   /usr/lib/jvm/java-6-openjdk-amd64/jre/lib/amd64/libjava.so
7fe1bd32c000-7fe1bd33a000 r-xp 00000000 08:03 18618872                   /usr/lib/jvm/java-6-openjdk-amd64/jre/lib/amd64/libverify.so
7fe1bd33a000-7fe1bd539000 ---p 0000e000 08:03 18618872                   /usr/lib/jvm/java-6-openjdk-amd64/jre/lib/amd64/libverify.so
7fe1bd539000-7fe1bd53b000 r--p 0000d000 08:03 18618872                   /usr/lib/jvm/java-6-openjdk-amd64/jre/lib/amd64/libverify.so
7fe1bd53b000-7fe1bd53c000 rw-p 0000f000 08:03 18618872                   /usr/lib/jvm/java-6-openjdk-amd64/jre/lib/amd64/libverify.so
7fe1bd53c000-7fe1bd543000 r-xp 00000000 08:03 21758075                   /lib/x86_64-linux-gnu/librt-2.15.so
7fe1bd543000-7fe1bd742000 ---p 00007000 08:03 21758075                   /lib/x86_64-linux-gnu/librt-2.15.so
7fe1bd742000-7fe1bd743000 r--p 00006000 08:03 21758075                   /lib/x86_64-linux-gnu/librt-2.15.so
7fe1bd743000-7fe1bd744000 rw-p 00007000 08:03 21758075                   /lib/x86_64-linux-gnu/librt-2.15.so
7fe1bd744000-7fe1bd759000 r-xp 00000000 08:03 21761542                   /lib/x86_64-linux-gnu/libgcc_s.so.1
7fe1bd759000-7fe1bd958000 ---p 00015000 08:03 21761542                   /lib/x86_64-linux-gnu/libgcc_s.so.1
7fe1bd958000-7fe1bd959000 r--p 00014000 08:03 21761542                   /lib/x86_64-linux-gnu/libgcc_s.so.1
7fe1bd959000-7fe1bd95a000 rw-p 00015000 08:03 21761542                   /lib/x86_64-linux-gnu/libgcc_s.so.1
7fe1bd95a000-7fe1bda53000 r-xp 00000000 08:03 21758079                   /lib/x86_64-linux-gnu/libm-2.15.so
7fe1bda53000-7fe1bdc52000 ---p 000f9000 08:03 21758079                   /lib/x86_64-linux-gnu/libm-2.15.so
7fe1bdc52000-7fe1bdc53000 r--p 000f8000 08:03 21758079                   /lib/x86_64-linux-gnu/libm-2.15.so
7fe1bdc53000-7fe1bdc54000 rw-p 000f9000 08:03 21758079                   /lib/x86_64-linux-gnu/libm-2.15.so
7fe1bdc54000-7fe1bdd36000 r-xp 00000000 08:03 18488773                   /usr/lib/x86_64-linux-gnu/libstdc++.so.6.0.16
7fe1bdd36000-7fe1bdf35000 ---p 000e2000 08:03 18488773                   /usr/lib/x86_64-linux-gnu/libstdc++.so.6.0.16
7fe1bdf35000-7fe1bdf3d000 r--p 000e1000 08:03 18488773                   /usr/lib/x86_64-linux-gnu/libstdc++.so.6.0.16
7fe1bdf3d000-7fe1bdf3f000 rw-p 000e9000 08:03 18488773                   /usr/lib/x86_64-linux-gnu/libstdc++.so.6.0.16
7fe1bdf3f000-7fe1bdf54000 rw-p 00000000 00:00 0 
7fe1bdf54000-7fe1be858000 r-xp 00000000 08:03 18618878                   /usr/lib/jvm/java-6-openjdk-amd64/jre/lib/amd64/server/libjvm.so
7fe1be858000-7fe1bea58000 ---p 00904000 08:03 18618878                   /usr/lib/jvm/java-6-openjdk-amd64/jre/lib/amd64/server/libjvm.so
7fe1bea58000-7fe1bead8000 r--p 00904000 08:03 18618878                   /usr/lib/jvm/java-6-openjdk-amd64/jre/lib/amd64/server/libjvm.so
7fe1bead8000-7fe1beaf3000 rw-p 00984000 08:03 18618878                   /usr/lib/jvm/java-6-openjdk-amd64/jre/lib/amd64/server/libjvm.so
7fe1beaf3000-7fe1beb1c000 rw-p 00000000 00:00 0 
7fe1beb1c000-7fe1beb32000 r-xp 00000000 08:03 21761632                   /lib/x86_64-linux-gnu/libz.so.1.2.3.4
7fe1beb32000-7fe1bed31000 ---p 00016000 08:03 21761632                   /lib/x86_64-linux-gnu/libz.so.1.2.3.4
7fe1bed31000-7fe1bed32000 r--p 00015000 08:03 21761632                   /lib/x86_64-linux-gnu/libz.so.1.2.3.4
7fe1bed32000-7fe1bed33000 rw-p 00016000 08:03 21761632                   /lib/x86_64-linux-gnu/libz.so.1.2.3.4
7fe1bed33000-7fe1beee8000 r-xp 00000000 08:03 21757975                   /lib/x86_64-linux-gnu/libc-2.15.so
7fe1beee8000-7fe1bf0e7000 ---p 001b5000 08:03 21757975                   /lib/x86_64-linux-gnu/libc-2.15.so
7fe1bf0e7000-7fe1bf0eb000 r--p 001b4000 08:03 21757975                   /lib/x86_64-linux-gnu/libc-2.15.so
7fe1bf0eb000-7fe1bf0ed000 rw-p 001b8000 08:03 21757975                   /lib/x86_64-linux-gnu/libc-2.15.so
7fe1bf0ed000-7fe1bf0f2000 rw-p 00000000 00:00 0 
7fe1bf0f2000-7fe1bf0f4000 r-xp 00000000 08:03 21757964                   /lib/x86_64-linux-gnu/libdl-2.15.so
7fe1bf0f4000-7fe1bf2f4000 ---p 00002000 08:03 21757964                   /lib/x86_64-linux-gnu/libdl-2.15.so
7fe1bf2f4000-7fe1bf2f5000 r--p 00002000 08:03 21757964                   /lib/x86_64-linux-gnu/libdl-2.15.so
7fe1bf2f5000-7fe1bf2f6000 rw-p 00003000 08:03 21757964                   /lib/x86_64-linux-gnu/libdl-2.15.so
7fe1bf2f6000-7fe1bf2fa000 r-xp 00000000 08:03 18618855                   /usr/lib/jvm/java-6-openjdk-amd64/jre/lib/amd64/jli/libjli.so
7fe1bf2fa000-7fe1bf4f9000 ---p 00004000 08:03 18618855                   /usr/lib/jvm/java-6-openjdk-amd64/jre/lib/amd64/jli/libjli.so
7fe1bf4f9000-7fe1bf4fa000 r--p 00003000 08:03 18618855                   /usr/lib/jvm/java-6-openjdk-amd64/jre/lib/amd64/jli/libjli.so
7fe1bf4fa000-7fe1bf4fb000 rw-p 00004000 08:03 18618855                   /usr/lib/jvm/java-6-openjdk-amd64/jre/lib/amd64/jli/libjli.so
7fe1bf4fb000-7fe1bf513000 r-xp 00000000 08:03 21758073                   /lib/x86_64-linux-gnu/libpthread-2.15.so
7fe1bf513000-7fe1bf712000 ---p 00018000 08:03 21758073                   /lib/x86_64-linux-gnu/libpthread-2.15.so
7fe1bf712000-7fe1bf713000 r--p 00017000 08:03 21758073                   /lib/x86_64-linux-gnu/libpthread-2.15.so
7fe1bf713000-7fe1bf714000 rw-p 00018000 08:03 21758073                   /lib/x86_64-linux-gnu/libpthread-2.15.so
7fe1bf714000-7fe1bf718000 rw-p 00000000 00:00 0 
7fe1bf718000-7fe1bf73a000 r-xp 00000000 08:03 21758085                   /lib/x86_64-linux-gnu/ld-2.15.so
7fe1bf73a000-7fe1bf73d000 r--s 00000000 08:03 19927196                   /var/cache/fontconfig/e13b20fdb08344e0e664864cc2ede53d-le64.cache-3
7fe1bf73d000-7fe1bf740000 r--s 00000000 08:03 19927112                   /var/cache/fontconfig/385c0604a188198f04d133e54aba7fe7-le64.cache-3
7fe1bf740000-7fe1bf743000 r--s 00000000 08:03 19927121                   /var/cache/fontconfig/8801497958630a81b71ace7c5f9b32a8-le64.cache-3
7fe1bf743000-7fe1bf748000 r--s 00000000 08:03 19927110                   /var/cache/fontconfig/3047814df9a2f067bd2d96a2b9c36e5a-le64.cache-3
7fe1bf748000-7fe1bf758000 r--s 00000000 08:03 19927130                   /var/cache/fontconfig/d52a8644073d54c13679302ca1180695-le64.cache-3
7fe1bf758000-7fe1bf762000 rw-p 00000000 00:00 0 
7fe1bf762000-7fe1bf818000 rw-p 00000000 00:00 0 
7fe1bf818000-7fe1bf81b000 ---p 00000000 00:00 0 
7fe1bf81b000-7fe1bf91e000 rw-p 00000000 00:00 0 
7fe1bf91e000-7fe1bf91f000 r--s 00000000 08:03 19927126                   /var/cache/fontconfig/b9d506c9ac06c20b433354fa67a72993-le64.cache-3
7fe1bf91f000-7fe1bf920000 r--s 00000000 08:03 19927113                   /var/cache/fontconfig/4794a0821666d79190d59a36cb4f44b5-le64.cache-3
7fe1bf920000-7fe1bf921000 r--s 00000000 08:03 19927115                   /var/cache/fontconfig/56cf4f4769d0f4abc89a4895d7bd3ae1-le64.cache-3
7fe1bf921000-7fe1bf922000 r--s 00000000 08:03 19927126                   /var/cache/fontconfig/b9d506c9ac06c20b433354fa67a72993-le64.cache-3
7fe1bf922000-7fe1bf927000 r--s 00000000 08:03 19927125                   /var/cache/fontconfig/b47c4e1ecd0709278f4910c18777a504-le64.cache-3
7fe1bf927000-7fe1bf92a000 r--s 00000000 08:03 19927196                   /var/cache/fontconfig/e13b20fdb08344e0e664864cc2ede53d-le64.cache-3
7fe1bf92a000-7fe1bf92e000 r--s 00000000 08:03 19927452                   /var/cache/fontconfig/7ef2298fde41cc6eeb7af42e48b7d293-le64.cache-3
7fe1bf92e000-7fe1bf936000 rw-s 00000000 08:03 8126553                    /tmp/hsperfdata_arwilczek90/8344 (deleted)
7fe1bf936000-7fe1bf937000 rw-p 00000000 00:00 0 
7fe1bf937000-7fe1bf938000 ---p 00000000 00:00 0 
7fe1bf938000-7fe1bf93a000 rw-p 00000000 00:00 0 
7fe1bf93a000-7fe1bf93b000 r--p 00022000 08:03 21758085                   /lib/x86_64-linux-gnu/ld-2.15.so
7fe1bf93b000-7fe1bf93d000 rw-p 00023000 08:03 21758085                   /lib/x86_64-linux-gnu/ld-2.15.so
7fffcd53f000-7fffcd560000 rw-p 00000000 00:00 0                          [stack]
7fffcd5ee000-7fffcd5ef000 r-xp 00000000 00:00 0                          [vdso]
ffffffffff600000-ffffffffff601000 r-xp 00000000 00:00 0                  [vsyscall]

VM Arguments:
jvm_args: -Djava.library.path=/home/arwilczek90/workspace/Elements/lib/slick:/home/arwilczek90/workspace/Elements/lib/slick -Dfile.encoding=UTF-8 
java_command: com.hack.elements.view.Main
Launcher Type: SUN_STANDARD

Environment Variables:
PATH=/usr/lib/lightdm/lightdm:/usr/local/sbin:/usr/local/bin:/usr/sbin:/usr/bin:/sbin:/bin:/usr/games
LD_LIBRARY_PATH=/usr/lib/jvm/java-6-openjdk-amd64/jre/lib/amd64/server:/usr/lib/jvm/java-6-openjdk-amd64/jre/lib/amd64:/usr/lib/jvm/java-6-openjdk-amd64/jre/../lib/amd64
SHELL=/bin/bash
DISPLAY=:0.0

Signal Handlers:
SIGSEGV: [libjvm.so+0x784310], sa_mask[0]=0x7ffbfeff, sa_flags=0x10000004
SIGBUS: [libjvm.so+0x784310], sa_mask[0]=0x7ffbfeff, sa_flags=0x10000004
SIGFPE: [libjvm.so+0x648580], sa_mask[0]=0x7ffbfeff, sa_flags=0x10000004
SIGPIPE: [libjvm.so+0x648580], sa_mask[0]=0x7ffbfeff, sa_flags=0x10000004
SIGXFSZ: [libjvm.so+0x648580], sa_mask[0]=0x7ffbfeff, sa_flags=0x10000004
SIGILL: [libjvm.so+0x648580], sa_mask[0]=0x7ffbfeff, sa_flags=0x10000004
SIGUSR1: SIG_DFL, sa_mask[0]=0x00000000, sa_flags=0x00000000
SIGUSR2: [libjvm.so+0x648730], sa_mask[0]=0x00000004, sa_flags=0x10000004
SIGHUP: [libjvm.so+0x64b250], sa_mask[0]=0x7ffbfeff, sa_flags=0x10000004
SIGINT: [libjvm.so+0x64b250], sa_mask[0]=0x7ffbfeff, sa_flags=0x10000004
SIGTERM: [libjvm.so+0x64b250], sa_mask[0]=0x7ffbfeff, sa_flags=0x10000004
SIGQUIT: [libjvm.so+0x64b250], sa_mask[0]=0x7ffbfeff, sa_flags=0x10000004


---------------  S Y S T E M  ---------------

OS:Ubuntu 12.04 (precise)
uname:Linux 3.2.0-32-generic #51-Ubuntu SMP Wed Sep 26 21:33:09 UTC 2012 x86_64
libc:glibc 2.15 NPTL 2.15 
rlimit: STACK 8192k, CORE 0k, NPROC 59545, NOFILE 4096, AS infinity
load average:4.65 3.19 2.25

/proc/meminfo:
MemTotal:        7639648 kB
MemFree:         4071368 kB
Buffers:          106200 kB
Cached:          1117004 kB
SwapCached:            0 kB
Active:          2397568 kB
Inactive:         692376 kB
Active(anon):    1867568 kB
Inactive(anon):    15000 kB
Active(file):     530000 kB
Inactive(file):   677376 kB
Unevictable:          20 kB
Mlocked:              20 kB
SwapTotal:       3818492 kB
SwapFree:        3818492 kB
Dirty:               180 kB
Writeback:             0 kB
AnonPages:       1866756 kB
Mapped:           328700 kB
Shmem:             15832 kB
Slab:              93712 kB
SReclaimable:      61608 kB
SUnreclaim:        32104 kB
KernelStack:        5096 kB
PageTables:        38400 kB
NFS_Unstable:          0 kB
Bounce:                0 kB
WritebackTmp:          0 kB
CommitLimit:     7638316 kB
Committed_AS:    5169488 kB
VmallocTotal:   34359738367 kB
VmallocUsed:      116912 kB
VmallocChunk:   34359619344 kB
HardwareCorrupted:     0 kB
AnonHugePages:         0 kB
HugePages_Total:       0
HugePages_Free:        0
HugePages_Rsvd:        0
HugePages_Surp:        0
Hugepagesize:       2048 kB
DirectMap4k:      256000 kB
DirectMap2M:     5490688 kB
DirectMap1G:     2097152 kB


CPU:total 4 (4 cores per cpu, 1 threads per core) family 18 model 1 stepping 0, cmov, cx8, fxsr, mmx, sse, sse2, sse3, popcnt, mmxext, 3dnowpref, lzcnt, sse4a

Memory: 4k page, physical 7639648k(4071368k free), swap 3818492k(3818492k free)

vm_info: OpenJDK 64-Bit Server VM (20.0-b12) for linux-amd64 JRE (1.6.0_24-b24), built on Sep  2 2012 19:50:47 by "buildd" with gcc 4.6.3

time: Sat Oct 13 17:00:14 2012
elapsed time: 240 seconds

