#
# A fatal error has been detected by the Java Runtime Environment:
#
#  SIGSEGV (0xb) at pc=0x00007f5a0db91c58, pid=8624, tid=140024780396288
#
# JRE version: 6.0_24-b24
# Java VM: OpenJDK 64-Bit Server VM (20.0-b12 mixed mode linux-amd64 compressed oops)
# Derivative: IcedTea6 1.11.4
# Distribution: Ubuntu 12.04 LTS, package 6b24-1.11.4-1ubuntu0.12.04.1
# Problematic frame:
# C  [libX11.so.6+0x33c58]  XQueryExtension+0x28
#
# If you would like to submit a bug report, please include
# instructions how to reproduce the bug and visit:
#   https://bugs.launchpad.net/ubuntu/+source/openjdk-6/
#

---------------  T H R E A D  ---------------

Current thread (0x00007f5a14070000):  VMThread [stack: 0x00007f5a0f3b9000,0x00007f5a0f4ba000] [id=8634]

siginfo:si_signo=SIGSEGV: si_errno=0, si_code=1 (SEGV_MAPERR), si_addr=0x0000000014230378

Registers:
RAX=0x00007f59fc0008c0, RBX=0x000000001422fa10, RCX=0x00007f5a0f4b87d8, RDX=0x00007f5a0f4b87d4
RSP=0x00007f5a0f4b8770, RBP=0x00007f59efa86932, RSI=0x00007f59efa86932, RDI=0x000000001422fa10
R8 =0x00007f5a0f4b87dc, R9 =0x0000000000000000, R10=0x00007f5a1a114fa8, R11=0x00007f5a19d94ca0
R12=0x0000000000000000, R13=0x00007f59efa86932, R14=0x00007f59fc0008c0, R15=0x0000000000000000
RIP=0x00007f5a0db91c58, EFLAGS=0x0000000000010202, CSGSFS=0x0000000000000033, ERR=0x0000000000000004
  TRAPNO=0x000000000000000e

Top of Stack: (sp=0x00007f5a0f4b8770)
0x00007f5a0f4b8770:   00007f5a19d67790 00007f5a1a9439e8
0x00007f5a0f4b8780:   00007f5a1065cc80 00007f5a1065cc98
0x00007f5a0f4b8790:   00000000ffffffff 000000001422fa10
0x00007f5a0f4b87a0:   00007f59efa86932 0000000000000000
0x00007f5a0f4b87b0:   00007f59efa86932 00007f59fc0008c0
0x00007f5a0f4b87c0:   0000000000000000 00007f5a0db85c55
0x00007f5a0f4b87d0:   00007f5a1a961048 00007f59efbbf520
0x00007f5a0f4b87e0:   00007f59efbbf520 000000001422fa10
0x00007f5a0f4b87f0:   00007f5a141a40b0 00007f5a0de9f02b
0x00007f5a0f4b8800:   00007f5a19d67790 000000110000002c
0x00007f5a0f4b8810:   00007f5a0f4b8890 0000000000000000
0x00007f5a0f4b8820:   00007f5a0f4b8890 000000001422fa10
0x00007f5a0f4b8830:   0000000000000000 00007f5a1a961048
0x00007f5a0f4b8840:   00007f59efbd8d50 00007f59efa2d119
0x00007f5a0f4b8850:   0000000000000000 000000000000002c
0x00007f5a0f4b8860:   00007f5a0f4b8890 00007f5a0f4b88b0
0x00007f5a0f4b8870:   0000000000000000 00007f5a1a961048
0x00007f5a0f4b8880:   00007f5a1422f570 00007f59efa23b42
0x00007f5a0f4b8890:   00007f5a0f4b8a80 00007f59efa868b1
0x00007f5a0f4b88a0:   00007f5a0f4b8a80 00007f5a1a74d92d
0x00007f5a0f4b88b0:   00007f5a1a9622c8 00007f5a1a962858
0x00007f5a0f4b88c0:   00007f5a1a943000 00007f5a14006a00
0x00007f5a0f4b88d0:   00007f5a14007510 00007f5a14006eb0
0x00007f5a0f4b88e0:   00007f5a14007a10 00007f5a1400c6f0
0x00007f5a0f4b88f0:   00007f5a141234a0 00007f5a14123980
0x00007f5a0f4b8900:   00007f5a1a942000 00007f5a1422c120
0x00007f5a0f4b8910:   00007f5a14226c30 00007f5a142270d0
0x00007f5a0f4b8920:   00007f5a1422c5f0 00007f5a1422ca90
0x00007f5a0f4b8930:   00007f5a1422cf30 00007f5a140c6ff0
0x00007f5a0f4b8940:   00007f5a140be000 00007f5a140025e0
0x00007f5a0f4b8950:   00007f5a14001ec0 00000000019975f0
0x00007f5a0f4b8960:   0000000001997b60 0000000001998570 

Instructions: (pc=0x00007f5a0db91c58)
0x00007f5a0db91c38:   24 d8 48 89 fb 4c 89 64 24 e0 4c 89 6c 24 e8 48
0x00007f5a0db91c48:   89 f5 4c 89 74 24 f0 4c 89 7c 24 f8 48 83 ec 58
0x00007f5a0db91c58:   48 8b 87 68 09 00 00 49 89 d4 49 89 cd 4d 89 c6
0x00007f5a0db91c68:   48 85 c0 74 02 ff 10 ba 08 00 00 00 be 62 00 00 

Register to memory mapping:

RAX=0x00007f59fc0008c0 is an unknown value
RBX=0x000000001422fa10 is an unknown value
RCX=0x00007f5a0f4b87d8 is an unknown value
RDX=0x00007f5a0f4b87d4 is an unknown value
RSP=0x00007f5a0f4b8770 is an unknown value
RBP=0x00007f59efa86932: <offset 0x96932> in /usr/lib/fglrx/libGL.so.1 at 0x00007f59ef9f0000
RSI=0x00007f59efa86932: <offset 0x96932> in /usr/lib/fglrx/libGL.so.1 at 0x00007f59ef9f0000
RDI=0x000000001422fa10 is an unknown value
R8 =0x00007f5a0f4b87dc is an unknown value
R9 =0x0000000000000000 is an unknown value
R10=0x00007f5a1a114fa8: <offset 0x3bbfa8> in /lib/x86_64-linux-gnu/libc.so.6 at 0x00007f5a19d59000
R11=0x00007f5a19d94ca0: __cxa_finalize+0 in /lib/x86_64-linux-gnu/libc.so.6 at 0x00007f5a19d59000
R12=0x0000000000000000 is an unknown value
R13=0x00007f59efa86932: <offset 0x96932> in /usr/lib/fglrx/libGL.so.1 at 0x00007f59ef9f0000
R14=0x00007f59fc0008c0 is an unknown value
R15=0x0000000000000000 is an unknown value


Stack: [0x00007f5a0f3b9000,0x00007f5a0f4ba000],  sp=0x00007f5a0f4b8770,  free space=1021k
Native frames: (J=compiled Java code, j=interpreted, Vv=VM code, C=native code)
C  [libX11.so.6+0x33c58]  XQueryExtension+0x28

VM_Operation (0x00007f5a1a93d680): Exit, mode: safepoint, requested by thread 0x00007f5a14008800


---------------  P R O C E S S  ---------------

Java Threads: ( => current thread )
  0x00007f5a14af8800 JavaThread "Thread-2" daemon [_thread_blocked, id=8645, stack(0x00007f59eca1b000,0x00007f59ecb1c000)]
  0x00007f5a1422b800 JavaThread "AWT-XAWT" daemon [_thread_in_native, id=8644, stack(0x00007f5a0c354000,0x00007f5a0c455000)]
  0x00007f5a14151800 JavaThread "Java2D Disposer" daemon [_thread_blocked, id=8643, stack(0x00007f5a0c93f000,0x00007f5a0ca40000)]
  0x00007f5a1409e800 JavaThread "Low Memory Detector" daemon [_thread_blocked, id=8640, stack(0x00007f5a0e6d0000,0x00007f5a0e7d1000)]
  0x00007f5a1409c000 JavaThread "C2 CompilerThread1" daemon [_thread_blocked, id=8639, stack(0x00007f5a0e7d1000,0x00007f5a0e8d2000)]
  0x00007f5a14099800 JavaThread "C2 CompilerThread0" daemon [_thread_blocked, id=8638, stack(0x00007f5a0e8d2000,0x00007f5a0e9d3000)]
  0x00007f5a14079000 JavaThread "Finalizer" daemon [_thread_blocked, id=8636, stack(0x00007f5a0f1b7000,0x00007f5a0f2b8000)]
  0x00007f5a14077000 JavaThread "Reference Handler" daemon [_thread_blocked, id=8635, stack(0x00007f5a0f2b8000,0x00007f5a0f3b9000)]
  0x00007f5a14008800 JavaThread "main" [_thread_blocked, id=8629, stack(0x00007f5a1a83e000,0x00007f5a1a93f000)]

Other Threads:
=>0x00007f5a14070000 VMThread [stack: 0x00007f5a0f3b9000,0x00007f5a0f4ba000] [id=8634]

VM state:at safepoint (shutting down)

VM Mutex/Monitor currently owned by a thread:  ([mutex/lock_event])
[0x00007f5a14004dd0] Threads_lock - owner thread: 0x00007f5a14070000

Heap
 PSYoungGen      total 34880K, used 22296K [0x00000000d9200000, 0x00000000db8e0000, 0x0000000100000000)
  eden space 29952K, 74% used [0x00000000d9200000,0x00000000da7c6320,0x00000000daf40000)
  from space 4928K, 0% used [0x00000000db410000,0x00000000db410000,0x00000000db8e0000)
  to   space 4928K, 0% used [0x00000000daf40000,0x00000000daf40000,0x00000000db410000)
 PSOldGen        total 79616K, used 0K [0x000000008b600000, 0x00000000903c0000, 0x00000000d9200000)
  object space 79616K, 0% used [0x000000008b600000,0x000000008b600000,0x00000000903c0000)
 PSPermGen       total 21248K, used 11367K [0x0000000081000000, 0x00000000824c0000, 0x000000008b600000)
  object space 21248K, 53% used [0x0000000081000000,0x0000000081b19d30,0x00000000824c0000)

Code Cache  [0x00007f5a105bc000, 0x00007f5a1082c000, 0x00007f5a135bc000)
 total_blobs=607 nmethods=122 adapters=439 free_code_cache=49564608 largest_free_block=6016

Dynamic libraries:
00400000-00409000 r-xp 00000000 08:03 18618890                           /usr/lib/jvm/java-6-openjdk-amd64/jre/bin/java
00608000-00609000 r--p 00008000 08:03 18618890                           /usr/lib/jvm/java-6-openjdk-amd64/jre/bin/java
00609000-0060a000 rw-p 00009000 08:03 18618890                           /usr/lib/jvm/java-6-openjdk-amd64/jre/bin/java
01997000-019b8000 rw-p 00000000 00:00 0                                  [heap]
81000000-824c0000 rw-p 00000000 00:00 0 
824c0000-8b600000 rw-p 00000000 00:00 0 
8b600000-903c0000 rw-p 00000000 00:00 0 
903c0000-d9200000 rw-p 00000000 00:00 0 
d9200000-db8e0000 rw-p 00000000 00:00 0 
db8e0000-100000000 rw-p 00000000 00:00 0 
7f59c0000000-7f59c0021000 rw-p 00000000 00:00 0 
7f59c0021000-7f59c4000000 ---p 00000000 00:00 0 
7f59c8000000-7f59c8021000 rw-p 00000000 00:00 0 
7f59c8021000-7f59cc000000 ---p 00000000 00:00 0 
7f59cc000000-7f59cc021000 rw-p 00000000 00:00 0 
7f59cc021000-7f59d0000000 ---p 00000000 00:00 0 
7f59d0000000-7f59d0021000 rw-p 00000000 00:00 0 
7f59d0021000-7f59d4000000 ---p 00000000 00:00 0 
7f59d4000000-7f59d4021000 rw-p 00000000 00:00 0 
7f59d4021000-7f59d8000000 ---p 00000000 00:00 0 
7f59d8000000-7f59d8021000 rw-p 00000000 00:00 0 
7f59d8021000-7f59dc000000 ---p 00000000 00:00 0 
7f59dc000000-7f59dc021000 rw-p 00000000 00:00 0 
7f59dc021000-7f59e0000000 ---p 00000000 00:00 0 
7f59e0000000-7f59e05c7000 rw-p 00000000 00:00 0 
7f59e05c7000-7f59e4000000 ---p 00000000 00:00 0 
7f59e4000000-7f59e4152000 rw-p 00000000 00:00 0 
7f59e4152000-7f59e8000000 ---p 00000000 00:00 0 
7f59e8000000-7f59e8021000 rw-p 00000000 00:00 0 
7f59e8021000-7f59ec000000 ---p 00000000 00:00 0 
7f59ec514000-7f59ec517000 ---p 00000000 00:00 0 
7f59ec517000-7f59ec615000 rw-p 00000000 00:00 0 
7f59ec615000-7f59ec618000 ---p 00000000 00:00 0 
7f59ec618000-7f59ec918000 rw-p 00000000 00:00 0 
7f59ec918000-7f59ec91b000 r-xp 00000000 08:03 15602613                   /home/arwilczek90/workspace/Elements/lib/slick/libjinput-linux64.so
7f59ec91b000-7f59eca1a000 ---p 00003000 08:03 15602613                   /home/arwilczek90/workspace/Elements/lib/slick/libjinput-linux64.so
7f59eca1a000-7f59eca1b000 rw-p 00002000 08:03 15602613                   /home/arwilczek90/workspace/Elements/lib/slick/libjinput-linux64.so
7f59eca1b000-7f59eca1e000 ---p 00000000 00:00 0 
7f59eca1e000-7f59ecb1c000 rw-p 00000000 00:00 0 
7f59ecb1c000-7f59ecb21000 r--s 0002f000 08:03 15598498                   /home/arwilczek90/workspace/Elements/lib/slick/lib/jinput.jar
7f59ecb21000-7f59ecb23000 r--s 00008000 08:03 15598497                   /home/arwilczek90/workspace/Elements/lib/slick/lib/ibxm.jar
7f59ecb23000-7f59ecb26000 r--s 0005b000 08:03 15598496                   /home/arwilczek90/workspace/Elements/lib/slick/lib/hiero.jar
7f59ecb26000-7f59ecb27000 r--s 00007000 08:03 15597697                   /home/arwilczek90/workspace/Elements/lib/slick/applet/lwjgl_util_applet.jar
7f59ecb67000-7f59ed267000 rw-s 00006000 00:05 10225                      /dev/ati/card0
7f59ed267000-7f59ed269000 r-xp 00000000 08:03 18488267                   /usr/lib/x86_64-linux-gnu/libXinerama.so.1.0.0
7f59ed269000-7f59ed468000 ---p 00002000 08:03 18488267                   /usr/lib/x86_64-linux-gnu/libXinerama.so.1.0.0
7f59ed468000-7f59ed469000 r--p 00001000 08:03 18488267                   /usr/lib/x86_64-linux-gnu/libXinerama.so.1.0.0
7f59ed469000-7f59ed46a000 rw-p 00002000 08:03 18488267                   /usr/lib/x86_64-linux-gnu/libXinerama.so.1.0.0
7f59ed46a000-7f59ed4a5000 r-xp 00000000 08:03 19009508                   /usr/lib/fglrx/libatiadlxx.so
7f59ed4a5000-7f59ed5a5000 ---p 0003b000 08:03 19009508                   /usr/lib/fglrx/libatiadlxx.so
7f59ed5a5000-7f59ed5ae000 rw-p 0003b000 08:03 19009508                   /usr/lib/fglrx/libatiadlxx.so
7f59ed5ae000-7f59ed5bf000 rw-p 00000000 00:00 0 
7f59ed5d9000-7f59ed619000 rw-s f0300000 00:05 10225                      /dev/ati/card0
7f59ed619000-7f59ed620000 r-xp 00000000 08:03 19009532                   /usr/lib/fglrx/libatiuki.so.1.0
7f59ed620000-7f59ed720000 ---p 00007000 08:03 19009532                   /usr/lib/fglrx/libatiuki.so.1.0
7f59ed720000-7f59ed721000 rw-p 00007000 08:03 19009532                   /usr/lib/fglrx/libatiuki.so.1.0
7f59ed721000-7f59ed722000 rw-p 00000000 00:00 0 
7f59ed722000-7f59ef67c000 r-xp 00000000 08:03 19009510                   /usr/lib/fglrx/dri/fglrx_dri.so
7f59ef67c000-7f59ef77c000 ---p 01f5a000 08:03 19009510                   /usr/lib/fglrx/dri/fglrx_dri.so
7f59ef77c000-7f59ef8ca000 rwxp 01f5a000 08:03 19009510                   /usr/lib/fglrx/dri/fglrx_dri.so
7f59ef8ca000-7f59ef9f0000 rwxp 00000000 00:00 0 
7f59ef9f0000-7f59efab3000 r-xp 00000000 08:03 19009512                   /usr/lib/fglrx/libGL.so.1.2
7f59efab3000-7f59efbb2000 ---p 000c3000 08:03 19009512                   /usr/lib/fglrx/libGL.so.1.2
7f59efbb2000-7f59efbd9000 rwxp 000c2000 08:03 19009512                   /usr/lib/fglrx/libGL.so.1.2
7f59efbd9000-7f59efbf9000 rwxp 00000000 00:00 0 
7f59efbf9000-7f59efbfa000 r-xp 00000000 08:03 18618886                   /usr/lib/jvm/java-6-openjdk-amd64/jre/lib/amd64/libjawt.so
7f59efbfa000-7f59efdf9000 ---p 00001000 08:03 18618886                   /usr/lib/jvm/java-6-openjdk-amd64/jre/lib/amd64/libjawt.so
7f59efdf9000-7f59efdfa000 r--p 00000000 08:03 18618886                   /usr/lib/jvm/java-6-openjdk-amd64/jre/lib/amd64/libjawt.so
7f59efdfa000-7f59efdfb000 rw-p 00001000 08:03 18618886                   /usr/lib/jvm/java-6-openjdk-amd64/jre/lib/amd64/libjawt.so
7f59efdfb000-7f59efdff000 r-xp 00000000 08:03 18488287                   /usr/lib/x86_64-linux-gnu/libXxf86vm.so.1.0.0
7f59efdff000-7f59efffe000 ---p 00004000 08:03 18488287                   /usr/lib/x86_64-linux-gnu/libXxf86vm.so.1.0.0
7f59efffe000-7f59effff000 r--p 00003000 08:03 18488287                   /usr/lib/x86_64-linux-gnu/libXxf86vm.so.1.0.0
7f59effff000-7f59f0000000 rw-p 00004000 08:03 18488287                   /usr/lib/x86_64-linux-gnu/libXxf86vm.so.1.0.0
7f59f0000000-7f59f0021000 rw-p 00000000 00:00 0 
7f59f0021000-7f59f4000000 ---p 00000000 00:00 0 
7f59f4000000-7f59f4021000 rw-p 00000000 00:00 0 
7f59f4021000-7f59f8000000 ---p 00000000 00:00 0 
7f59f8000000-7f59f8021000 rw-p 00000000 00:00 0 
7f59f8021000-7f59fc000000 ---p 00000000 00:00 0 
7f59fc000000-7f59fc021000 rw-p 00000000 00:00 0 
7f59fc021000-7f5a00000000 ---p 00000000 00:00 0 
7f5a00000000-7f5a00021000 rw-p 00000000 00:00 0 
7f5a00021000-7f5a04000000 ---p 00000000 00:00 0 
7f5a04000000-7f5a04021000 rw-p 00000000 00:00 0 
7f5a04021000-7f5a08000000 ---p 00000000 00:00 0 
7f5a08000000-7f5a08021000 rw-p 00000000 00:00 0 
7f5a08021000-7f5a0c000000 ---p 00000000 00:00 0 
7f5a0c009000-7f5a0c011000 r-xp 00000000 08:03 18488277                   /usr/lib/x86_64-linux-gnu/libXrandr.so.2.2.0
7f5a0c011000-7f5a0c210000 ---p 00008000 08:03 18488277                   /usr/lib/x86_64-linux-gnu/libXrandr.so.2.2.0
7f5a0c210000-7f5a0c211000 r--p 00007000 08:03 18488277                   /usr/lib/x86_64-linux-gnu/libXrandr.so.2.2.0
7f5a0c211000-7f5a0c212000 rw-p 00008000 08:03 18488277                   /usr/lib/x86_64-linux-gnu/libXrandr.so.2.2.0
7f5a0c212000-7f5a0c252000 r-xp 00000000 08:03 15602617                   /home/arwilczek90/workspace/Elements/lib/slick/liblwjgl64.so
7f5a0c252000-7f5a0c352000 ---p 00040000 08:03 15602617                   /home/arwilczek90/workspace/Elements/lib/slick/liblwjgl64.so
7f5a0c352000-7f5a0c354000 rw-p 00040000 08:03 15602617                   /home/arwilczek90/workspace/Elements/lib/slick/liblwjgl64.so
7f5a0c354000-7f5a0c357000 ---p 00000000 00:00 0 
7f5a0c357000-7f5a0c455000 rw-p 00000000 00:00 0 
7f5a0c455000-7f5a0c456000 r--s 00000000 08:03 19927127                   /var/cache/fontconfig/c05880de57d1f5e948fdfacc138775d9-le64.cache-3
7f5a0c456000-7f5a0c45f000 r--s 00000000 08:03 19927122                   /var/cache/fontconfig/945677eb7aeaf62f1d50efc3fb3ec7d8-le64.cache-3
7f5a0c45f000-7f5a0c461000 r--s 00000000 08:03 19927123                   /var/cache/fontconfig/99e8ed0e538f840c565b6ed5dad60d56-le64.cache-3
7f5a0c461000-7f5a0c465000 r--s 00000000 08:03 19927109                   /var/cache/fontconfig/2cd17615ca594fa2959ae173292e504c-le64.cache-3
7f5a0c465000-7f5a0c466000 r--s 00000000 08:03 19927134                   /var/cache/fontconfig/e7071f4a29fa870f4323321c154eba04-le64.cache-3
7f5a0c466000-7f5a0c467000 r--s 00000000 08:03 19927107                   /var/cache/fontconfig/0d8c3b2ac0904cb8a57a757ad11a4a08-le64.cache-3
7f5a0c467000-7f5a0c46d000 r--s 00000000 08:03 19927124                   /var/cache/fontconfig/a755afe4a08bf5b97852ceb7400b47bc-le64.cache-3
7f5a0c46d000-7f5a0c476000 r--s 00000000 08:03 19927460                   /var/cache/fontconfig/6d41288fd70b0be22e8c3a91e032eec0-le64.cache-3
7f5a0c476000-7f5a0c486000 r--s 00000000 08:03 19927106                   /var/cache/fontconfig/04aabc0a78ac019cf9454389977116d2-le64.cache-3
7f5a0c486000-7f5a0c489000 r--s 00000000 08:03 19927112                   /var/cache/fontconfig/385c0604a188198f04d133e54aba7fe7-le64.cache-3
7f5a0c489000-7f5a0c48a000 r--s 00000000 08:03 19927113                   /var/cache/fontconfig/4794a0821666d79190d59a36cb4f44b5-le64.cache-3
7f5a0c48a000-7f5a0c48d000 r--s 00000000 08:03 19927121                   /var/cache/fontconfig/8801497958630a81b71ace7c5f9b32a8-le64.cache-3
7f5a0c48d000-7f5a0c4bb000 r--s 00000000 08:03 19927454                   /var/cache/fontconfig/365b55f210c0a22e9a19e35191240f32-le64.cache-3
7f5a0c4bb000-7f5a0c4c0000 r--s 00000000 08:03 19927110                   /var/cache/fontconfig/3047814df9a2f067bd2d96a2b9c36e5a-le64.cache-3
7f5a0c4c0000-7f5a0c4c5000 r--s 00000000 08:03 19927125                   /var/cache/fontconfig/b47c4e1ecd0709278f4910c18777a504-le64.cache-3
7f5a0c4d4000-7f5a0c4d6000 r--s 00015000 08:03 15598514                   /home/arwilczek90/workspace/Elements/lib/slick/lib/tinylinepp.jar
7f5a0c4d6000-7f5a0c4d9000 r--s 00015000 08:03 15598512                   /home/arwilczek90/workspace/Elements/lib/slick/lib/slick-util.jar
7f5a0c4d9000-7f5a0c4e1000 r--s 00067000 08:03 15598510                   /home/arwilczek90/workspace/Elements/lib/slick/lib/slick-sources.jar
7f5a0c4e1000-7f5a0c4e2000 r--s 00000000 08:03 15598509                   /home/arwilczek90/workspace/Elements/lib/slick/lib/slick-examples.jar
7f5a0c4e2000-7f5a0c4e3000 r--s 00003000 08:03 15598508                   /home/arwilczek90/workspace/Elements/lib/slick/lib/scalar.jar
7f5a0c4e3000-7f5a0c4e6000 r--s 00017000 08:03 15598507                   /home/arwilczek90/workspace/Elements/lib/slick/lib/pedigree.jar
7f5a0c4e6000-7f5a0c4f1000 r--s 00093000 08:03 15598513                   /home/arwilczek90/workspace/Elements/lib/slick/lib/slick.jar
7f5a0c4f1000-7f5a0c4f3000 r--s 00004000 08:03 15598506                   /home/arwilczek90/workspace/Elements/lib/slick/lib/packulike.jar
7f5a0c4f3000-7f5a0c4f4000 r--s 00043000 08:03 15598505                   /home/arwilczek90/workspace/Elements/lib/slick/lib/natives-win32.jar
7f5a0c4f4000-7f5a0c4f6000 r--s 00033000 08:03 15598504                   /home/arwilczek90/workspace/Elements/lib/slick/lib/natives-mac.jar
7f5a0c4f6000-7f5a0c4fb000 r-xp 00000000 08:03 18488261                   /usr/lib/x86_64-linux-gnu/libXfixes.so.3.1.0
7f5a0c4fb000-7f5a0c6fa000 ---p 00005000 08:03 18488261                   /usr/lib/x86_64-linux-gnu/libXfixes.so.3.1.0
7f5a0c6fa000-7f5a0c6fb000 r--p 00004000 08:03 18488261                   /usr/lib/x86_64-linux-gnu/libXfixes.so.3.1.0
7f5a0c6fb000-7f5a0c6fc000 rw-p 00005000 08:03 18488261                   /usr/lib/x86_64-linux-gnu/libXfixes.so.3.1.0
7f5a0c6fc000-7f5a0c705000 r-xp 00000000 08:03 18488253                   /usr/lib/x86_64-linux-gnu/libXcursor.so.1.0.2
7f5a0c705000-7f5a0c904000 ---p 00009000 08:03 18488253                   /usr/lib/x86_64-linux-gnu/libXcursor.so.1.0.2
7f5a0c904000-7f5a0c905000 r--p 00008000 08:03 18488253                   /usr/lib/x86_64-linux-gnu/libXcursor.so.1.0.2
7f5a0c905000-7f5a0c906000 rw-p 00009000 08:03 18488253                   /usr/lib/x86_64-linux-gnu/libXcursor.so.1.0.2
7f5a0c906000-7f5a0c907000 r--s 0003d000 08:03 15598503                   /home/arwilczek90/workspace/Elements/lib/slick/lib/natives-linux.jar
7f5a0c907000-7f5a0c90e000 r--s 00073000 08:03 15598502                   /home/arwilczek90/workspace/Elements/lib/slick/lib/lwjgl.jar
7f5a0c90e000-7f5a0c910000 r--s 0000d000 08:03 15598501                   /home/arwilczek90/workspace/Elements/lib/slick/lib/jorbis-0.0.15.jar
7f5a0c910000-7f5a0c911000 r--s 00001000 08:03 15598500                   /home/arwilczek90/workspace/Elements/lib/slick/lib/jogg-0.0.7.jar
7f5a0c911000-7f5a0c912000 r--s 00001000 08:03 15598499                   /home/arwilczek90/workspace/Elements/lib/slick/lib/jnlp.jar
7f5a0c912000-7f5a0c913000 rw-s 00005000 00:05 10225                      /dev/ati/card0
7f5a0c913000-7f5a0c915000 rw-s 00002000 00:05 10225                      /dev/ati/card0
7f5a0c915000-7f5a0c920000 r--s 00093000 08:03 15597692                   /home/arwilczek90/workspace/Elements/lib/slick.jar
7f5a0c920000-7f5a0c927000 r--s 000fb000 08:03 18618812                   /usr/lib/jvm/java-6-openjdk-common/jre/lib/resources.jar
7f5a0c927000-7f5a0c928000 r--s 00000000 08:03 19927115                   /var/cache/fontconfig/56cf4f4769d0f4abc89a4895d7bd3ae1-le64.cache-3
7f5a0c928000-7f5a0c938000 r--s 00000000 08:03 19927130                   /var/cache/fontconfig/d52a8644073d54c13679302ca1180695-le64.cache-3
7f5a0c938000-7f5a0c93b000 r--s 00000000 08:03 19927196                   /var/cache/fontconfig/e13b20fdb08344e0e664864cc2ede53d-le64.cache-3
7f5a0c93b000-7f5a0c93f000 r--s 00000000 08:03 19927452                   /var/cache/fontconfig/7ef2298fde41cc6eeb7af42e48b7d293-le64.cache-3
7f5a0c93f000-7f5a0c942000 ---p 00000000 00:00 0 
7f5a0c942000-7f5a0ca40000 rw-p 00000000 00:00 0 
7f5a0ca40000-7f5a0cad6000 r-xp 00000000 08:03 18488439                   /usr/lib/x86_64-linux-gnu/libfreetype.so.6.8.0
7f5a0cad6000-7f5a0ccd5000 ---p 00096000 08:03 18488439                   /usr/lib/x86_64-linux-gnu/libfreetype.so.6.8.0
7f5a0ccd5000-7f5a0ccdb000 r--p 00095000 08:03 18488439                   /usr/lib/x86_64-linux-gnu/libfreetype.so.6.8.0
7f5a0ccdb000-7f5a0ccdc000 rw-p 0009b000 08:03 18488439                   /usr/lib/x86_64-linux-gnu/libfreetype.so.6.8.0
7f5a0ccdc000-7f5a0cd16000 r-xp 00000000 08:03 18618871                   /usr/lib/jvm/java-6-openjdk-amd64/jre/lib/amd64/libfontmanager.so
7f5a0cd16000-7f5a0cf15000 ---p 0003a000 08:03 18618871                   /usr/lib/jvm/java-6-openjdk-amd64/jre/lib/amd64/libfontmanager.so
7f5a0cf15000-7f5a0cf17000 r--p 00039000 08:03 18618871                   /usr/lib/jvm/java-6-openjdk-amd64/jre/lib/amd64/libfontmanager.so
7f5a0cf17000-7f5a0cf18000 rw-p 0003b000 08:03 18618871                   /usr/lib/jvm/java-6-openjdk-amd64/jre/lib/amd64/libfontmanager.so
7f5a0cf18000-7f5a0cf1d000 r-xp 00000000 08:03 18488257                   /usr/lib/x86_64-linux-gnu/libXdmcp.so.6.0.0
7f5a0cf1d000-7f5a0d11c000 ---p 00005000 08:03 18488257                   /usr/lib/x86_64-linux-gnu/libXdmcp.so.6.0.0
7f5a0d11c000-7f5a0d11d000 r--p 00004000 08:03 18488257                   /usr/lib/x86_64-linux-gnu/libXdmcp.so.6.0.0
7f5a0d11d000-7f5a0d11e000 rw-p 00005000 08:03 18488257                   /usr/lib/x86_64-linux-gnu/libXdmcp.so.6.0.0
7f5a0d11e000-7f5a0d120000 r-xp 00000000 08:03 18488246                   /usr/lib/x86_64-linux-gnu/libXau.so.6.0.0
7f5a0d120000-7f5a0d31f000 ---p 00002000 08:03 18488246                   /usr/lib/x86_64-linux-gnu/libXau.so.6.0.0
7f5a0d31f000-7f5a0d320000 r--p 00001000 08:03 18488246                   /usr/lib/x86_64-linux-gnu/libXau.so.6.0.0
7f5a0d320000-7f5a0d321000 rw-p 00002000 08:03 18488246                   /usr/lib/x86_64-linux-gnu/libXau.so.6.0.0
7f5a0d321000-7f5a0d33e000 r-xp 00000000 08:03 18488845                   /usr/lib/x86_64-linux-gnu/libxcb.so.1.1.0
7f5a0d33e000-7f5a0d53d000 ---p 0001d000 08:03 18488845                   /usr/lib/x86_64-linux-gnu/libxcb.so.1.1.0
7f5a0d53d000-7f5a0d53e000 r--p 0001c000 08:03 18488845                   /usr/lib/x86_64-linux-gnu/libxcb.so.1.1.0
7f5a0d53e000-7f5a0d53f000 rw-p 0001d000 08:03 18488845                   /usr/lib/x86_64-linux-gnu/libxcb.so.1.1.0
7f5a0d53f000-7f5a0d54d000 r-xp 00000000 08:03 18488265                   /usr/lib/x86_64-linux-gnu/libXi.so.6.1.0
7f5a0d54d000-7f5a0d74c000 ---p 0000e000 08:03 18488265                   /usr/lib/x86_64-linux-gnu/libXi.so.6.1.0
7f5a0d74c000-7f5a0d74d000 r--p 0000d000 08:03 18488265                   /usr/lib/x86_64-linux-gnu/libXi.so.6.1.0
7f5a0d74d000-7f5a0d74e000 rw-p 0000e000 08:03 18488265                   /usr/lib/x86_64-linux-gnu/libXi.so.6.1.0
7f5a0d74e000-7f5a0d753000 r-xp 00000000 08:03 18488283                   /usr/lib/x86_64-linux-gnu/libXtst.so.6.1.0
7f5a0d753000-7f5a0d952000 ---p 00005000 08:03 18488283                   /usr/lib/x86_64-linux-gnu/libXtst.so.6.1.0
7f5a0d952000-7f5a0d953000 r--p 00004000 08:03 18488283                   /usr/lib/x86_64-linux-gnu/libXtst.so.6.1.0
7f5a0d953000-7f5a0d954000 rw-p 00005000 08:03 18488283                   /usr/lib/x86_64-linux-gnu/libXtst.so.6.1.0
7f5a0d954000-7f5a0d95d000 r-xp 00000000 08:03 18488279                   /usr/lib/x86_64-linux-gnu/libXrender.so.1.3.0
7f5a0d95d000-7f5a0db5c000 ---p 00009000 08:03 18488279                   /usr/lib/x86_64-linux-gnu/libXrender.so.1.3.0
7f5a0db5c000-7f5a0db5d000 r--p 00008000 08:03 18488279                   /usr/lib/x86_64-linux-gnu/libXrender.so.1.3.0
7f5a0db5d000-7f5a0db5e000 rw-p 00009000 08:03 18488279                   /usr/lib/x86_64-linux-gnu/libXrender.so.1.3.0
7f5a0db5e000-7f5a0dc8d000 r-xp 00000000 08:03 18488244                   /usr/lib/x86_64-linux-gnu/libX11.so.6.3.0
7f5a0dc8d000-7f5a0de8d000 ---p 0012f000 08:03 18488244                   /usr/lib/x86_64-linux-gnu/libX11.so.6.3.0
7f5a0de8d000-7f5a0de8e000 r--p 0012f000 08:03 18488244                   /usr/lib/x86_64-linux-gnu/libX11.so.6.3.0
7f5a0de8e000-7f5a0de92000 rw-p 00130000 08:03 18488244                   /usr/lib/x86_64-linux-gnu/libX11.so.6.3.0
7f5a0de92000-7f5a0dea2000 r-xp 00000000 08:03 18488259                   /usr/lib/x86_64-linux-gnu/libXext.so.6.4.0
7f5a0dea2000-7f5a0e0a1000 ---p 00010000 08:03 18488259                   /usr/lib/x86_64-linux-gnu/libXext.so.6.4.0
7f5a0e0a1000-7f5a0e0a2000 r--p 0000f000 08:03 18488259                   /usr/lib/x86_64-linux-gnu/libXext.so.6.4.0
7f5a0e0a2000-7f5a0e0a3000 rw-p 00010000 08:03 18488259                   /usr/lib/x86_64-linux-gnu/libXext.so.6.4.0
7f5a0e0a3000-7f5a0e0ee000 r-xp 00000000 08:03 18618972                   /usr/lib/jvm/java-6-openjdk-amd64/jre/lib/amd64/xawt/libmawt.so
7f5a0e0ee000-7f5a0e2ee000 ---p 0004b000 08:03 18618972                   /usr/lib/jvm/java-6-openjdk-amd64/jre/lib/amd64/xawt/libmawt.so
7f5a0e2ee000-7f5a0e2ef000 r--p 0004b000 08:03 18618972                   /usr/lib/jvm/java-6-openjdk-amd64/jre/lib/amd64/xawt/libmawt.so
7f5a0e2ef000-7f5a0e2f2000 rw-p 0004c000 08:03 18618972                   /usr/lib/jvm/java-6-openjdk-amd64/jre/lib/amd64/xawt/libmawt.so
7f5a0e2f2000-7f5a0e2f3000 rw-p 00000000 00:00 0 
7f5a0e2f3000-7f5a0e39f000 r-xp 00000000 08:03 18618874                   /usr/lib/jvm/java-6-openjdk-amd64/jre/lib/amd64/libawt.so
7f5a0e39f000-7f5a0e59e000 ---p 000ac000 08:03 18618874                   /usr/lib/jvm/java-6-openjdk-amd64/jre/lib/amd64/libawt.so
7f5a0e59e000-7f5a0e59f000 r--p 000ab000 08:03 18618874                   /usr/lib/jvm/java-6-openjdk-amd64/jre/lib/amd64/libawt.so
7f5a0e59f000-7f5a0e5aa000 rw-p 000ac000 08:03 18618874                   /usr/lib/jvm/java-6-openjdk-amd64/jre/lib/amd64/libawt.so
7f5a0e5aa000-7f5a0e5cf000 rw-p 00000000 00:00 0 
7f5a0e5cf000-7f5a0e5d0000 ---p 00000000 00:00 0 
7f5a0e5d0000-7f5a0e6d0000 rw-p 00000000 00:00 0 
7f5a0e6d0000-7f5a0e6d3000 ---p 00000000 00:00 0 
7f5a0e6d3000-7f5a0e7d1000 rw-p 00000000 00:00 0 
7f5a0e7d1000-7f5a0e7d4000 ---p 00000000 00:00 0 
7f5a0e7d4000-7f5a0e8d2000 rw-p 00000000 00:00 0 
7f5a0e8d2000-7f5a0e8d5000 ---p 00000000 00:00 0 
7f5a0e8d5000-7f5a0e9d3000 rw-p 00000000 00:00 0 
7f5a0e9d3000-7f5a0e9d6000 ---p 00000000 00:00 0 
7f5a0e9d6000-7f5a0ead4000 rw-p 00000000 00:00 0 
7f5a0ead4000-7f5a0f1b7000 r--p 00000000 08:03 18487587                   /usr/lib/locale/locale-archive
7f5a0f1b7000-7f5a0f1ba000 ---p 00000000 00:00 0 
7f5a0f1ba000-7f5a0f2b8000 rw-p 00000000 00:00 0 
7f5a0f2b8000-7f5a0f2bb000 ---p 00000000 00:00 0 
7f5a0f2bb000-7f5a0f3b9000 rw-p 00000000 00:00 0 
7f5a0f3b9000-7f5a0f3ba000 ---p 00000000 00:00 0 
7f5a0f3ba000-7f5a0f9bf000 rw-p 00000000 00:00 0 
7f5a0f9bf000-7f5a0fb51000 r--s 037bf000 08:03 18618843                   /usr/lib/jvm/java-6-openjdk-amd64/jre/lib/rt.jar
7f5a0fb51000-7f5a0fb52000 ---p 00000000 00:00 0 
7f5a0fb52000-7f5a0fc52000 rw-p 00000000 00:00 0 
7f5a0fc52000-7f5a0fc53000 ---p 00000000 00:00 0 
7f5a0fc53000-7f5a0fd53000 rw-p 00000000 00:00 0 
7f5a0fd53000-7f5a0fd54000 ---p 00000000 00:00 0 
7f5a0fd54000-7f5a0fe54000 rw-p 00000000 00:00 0 
7f5a0fe54000-7f5a0fe55000 ---p 00000000 00:00 0 
7f5a0fe55000-7f5a0ff7c000 rw-p 00000000 00:00 0 
7f5a0ff7c000-7f5a101c3000 rw-p 00000000 00:00 0 
7f5a101c3000-7f5a101ce000 rw-p 00000000 00:00 0 
7f5a101ce000-7f5a10216000 rw-p 00000000 00:00 0 
7f5a10216000-7f5a1023d000 rw-p 00000000 00:00 0 
7f5a1023d000-7f5a10484000 rw-p 00000000 00:00 0 
7f5a10484000-7f5a10498000 rw-p 00000000 00:00 0 
7f5a10498000-7f5a105bb000 rw-p 00000000 00:00 0 
7f5a105bb000-7f5a105bc000 rw-p 00000000 00:00 0 
7f5a105bc000-7f5a1082c000 rwxp 00000000 00:00 0 
7f5a1082c000-7f5a135bc000 rw-p 00000000 00:00 0 
7f5a135bc000-7f5a135c3000 r-xp 00000000 08:03 18618888                   /usr/lib/jvm/java-6-openjdk-amd64/jre/lib/amd64/libzip.so
7f5a135c3000-7f5a137c2000 ---p 00007000 08:03 18618888                   /usr/lib/jvm/java-6-openjdk-amd64/jre/lib/amd64/libzip.so
7f5a137c2000-7f5a137c3000 r--p 00006000 08:03 18618888                   /usr/lib/jvm/java-6-openjdk-amd64/jre/lib/amd64/libzip.so
7f5a137c3000-7f5a137c4000 rw-p 00007000 08:03 18618888                   /usr/lib/jvm/java-6-openjdk-amd64/jre/lib/amd64/libzip.so
7f5a137c4000-7f5a137d0000 r-xp 00000000 08:03 21758081                   /lib/x86_64-linux-gnu/libnss_files-2.15.so
7f5a137d0000-7f5a139cf000 ---p 0000c000 08:03 21758081                   /lib/x86_64-linux-gnu/libnss_files-2.15.so
7f5a139cf000-7f5a139d0000 r--p 0000b000 08:03 21758081                   /lib/x86_64-linux-gnu/libnss_files-2.15.so
7f5a139d0000-7f5a139d1000 rw-p 0000c000 08:03 21758081                   /lib/x86_64-linux-gnu/libnss_files-2.15.so
7f5a139d1000-7f5a139db000 r-xp 00000000 08:03 21758077                   /lib/x86_64-linux-gnu/libnss_nis-2.15.so
7f5a139db000-7f5a13bdb000 ---p 0000a000 08:03 21758077                   /lib/x86_64-linux-gnu/libnss_nis-2.15.so
7f5a13bdb000-7f5a13bdc000 r--p 0000a000 08:03 21758077                   /lib/x86_64-linux-gnu/libnss_nis-2.15.so
7f5a13bdc000-7f5a13bdd000 rw-p 0000b000 08:03 21758077                   /lib/x86_64-linux-gnu/libnss_nis-2.15.so
7f5a13bdd000-7f5a13bf4000 r-xp 00000000 08:03 21761730                   /lib/x86_64-linux-gnu/libnsl-2.15.so
7f5a13bf4000-7f5a13df3000 ---p 00017000 08:03 21761730                   /lib/x86_64-linux-gnu/libnsl-2.15.so
7f5a13df3000-7f5a13df4000 r--p 00016000 08:03 21761730                   /lib/x86_64-linux-gnu/libnsl-2.15.so
7f5a13df4000-7f5a13df5000 rw-p 00017000 08:03 21761730                   /lib/x86_64-linux-gnu/libnsl-2.15.so
7f5a13df5000-7f5a13df7000 rw-p 00000000 00:00 0 
7f5a13df7000-7f5a13dff000 r-xp 00000000 08:03 21758082                   /lib/x86_64-linux-gnu/libnss_compat-2.15.so
7f5a13dff000-7f5a13ffe000 ---p 00008000 08:03 21758082                   /lib/x86_64-linux-gnu/libnss_compat-2.15.so
7f5a13ffe000-7f5a13fff000 r--p 00007000 08:03 21758082                   /lib/x86_64-linux-gnu/libnss_compat-2.15.so
7f5a13fff000-7f5a14000000 rw-p 00008000 08:03 21758082                   /lib/x86_64-linux-gnu/libnss_compat-2.15.so
7f5a14000000-7f5a14d70000 rw-p 00000000 00:00 0 
7f5a14d70000-7f5a18000000 ---p 00000000 00:00 0 
7f5a18000000-7f5a18009000 r--s 00000000 08:03 19927122                   /var/cache/fontconfig/945677eb7aeaf62f1d50efc3fb3ec7d8-le64.cache-3
7f5a18009000-7f5a1800b000 r--s 00000000 08:03 19927123                   /var/cache/fontconfig/99e8ed0e538f840c565b6ed5dad60d56-le64.cache-3
7f5a1800b000-7f5a1800f000 r--s 00000000 08:03 19927109                   /var/cache/fontconfig/2cd17615ca594fa2959ae173292e504c-le64.cache-3
7f5a1800f000-7f5a18010000 r--s 00000000 08:03 19927134                   /var/cache/fontconfig/e7071f4a29fa870f4323321c154eba04-le64.cache-3
7f5a18010000-7f5a18011000 r--s 00000000 08:03 19927107                   /var/cache/fontconfig/0d8c3b2ac0904cb8a57a757ad11a4a08-le64.cache-3
7f5a18011000-7f5a18017000 r--s 00000000 08:03 19927124                   /var/cache/fontconfig/a755afe4a08bf5b97852ceb7400b47bc-le64.cache-3
7f5a18017000-7f5a18020000 r--s 00000000 08:03 19927460                   /var/cache/fontconfig/6d41288fd70b0be22e8c3a91e032eec0-le64.cache-3
7f5a18020000-7f5a18030000 r--s 00000000 08:03 19927106                   /var/cache/fontconfig/04aabc0a78ac019cf9454389977116d2-le64.cache-3
7f5a18030000-7f5a18033000 r--s 00000000 08:03 19927112                   /var/cache/fontconfig/385c0604a188198f04d133e54aba7fe7-le64.cache-3
7f5a18033000-7f5a18034000 r--s 00000000 08:03 19927113                   /var/cache/fontconfig/4794a0821666d79190d59a36cb4f44b5-le64.cache-3
7f5a18034000-7f5a18037000 r--s 00000000 08:03 19927121                   /var/cache/fontconfig/8801497958630a81b71ace7c5f9b32a8-le64.cache-3
7f5a18037000-7f5a18065000 r--s 00000000 08:03 19927454                   /var/cache/fontconfig/365b55f210c0a22e9a19e35191240f32-le64.cache-3
7f5a18065000-7f5a18075000 r--s 00000000 08:03 19927130                   /var/cache/fontconfig/d52a8644073d54c13679302ca1180695-le64.cache-3
7f5a18075000-7f5a180db000 rw-p 00000000 00:00 0 
7f5a180db000-7f5a18123000 rw-p 00000000 00:00 0 
7f5a18123000-7f5a1814f000 r-xp 00000000 08:03 18618873                   /usr/lib/jvm/java-6-openjdk-amd64/jre/lib/amd64/libjava.so
7f5a1814f000-7f5a1834e000 ---p 0002c000 08:03 18618873                   /usr/lib/jvm/java-6-openjdk-amd64/jre/lib/amd64/libjava.so
7f5a1834e000-7f5a1834f000 r--p 0002b000 08:03 18618873                   /usr/lib/jvm/java-6-openjdk-amd64/jre/lib/amd64/libjava.so
7f5a1834f000-7f5a18352000 rw-p 0002c000 08:03 18618873                   /usr/lib/jvm/java-6-openjdk-amd64/jre/lib/amd64/libjava.so
7f5a18352000-7f5a18360000 r-xp 00000000 08:03 18618872                   /usr/lib/jvm/java-6-openjdk-amd64/jre/lib/amd64/libverify.so
7f5a18360000-7f5a1855f000 ---p 0000e000 08:03 18618872                   /usr/lib/jvm/java-6-openjdk-amd64/jre/lib/amd64/libverify.so
7f5a1855f000-7f5a18561000 r--p 0000d000 08:03 18618872                   /usr/lib/jvm/java-6-openjdk-amd64/jre/lib/amd64/libverify.so
7f5a18561000-7f5a18562000 rw-p 0000f000 08:03 18618872                   /usr/lib/jvm/java-6-openjdk-amd64/jre/lib/amd64/libverify.so
7f5a18562000-7f5a18569000 r-xp 00000000 08:03 21758075                   /lib/x86_64-linux-gnu/librt-2.15.so
7f5a18569000-7f5a18768000 ---p 00007000 08:03 21758075                   /lib/x86_64-linux-gnu/librt-2.15.so
7f5a18768000-7f5a18769000 r--p 00006000 08:03 21758075                   /lib/x86_64-linux-gnu/librt-2.15.so
7f5a18769000-7f5a1876a000 rw-p 00007000 08:03 21758075                   /lib/x86_64-linux-gnu/librt-2.15.so
7f5a1876a000-7f5a1877f000 r-xp 00000000 08:03 21761542                   /lib/x86_64-linux-gnu/libgcc_s.so.1
7f5a1877f000-7f5a1897e000 ---p 00015000 08:03 21761542                   /lib/x86_64-linux-gnu/libgcc_s.so.1
7f5a1897e000-7f5a1897f000 r--p 00014000 08:03 21761542                   /lib/x86_64-linux-gnu/libgcc_s.so.1
7f5a1897f000-7f5a18980000 rw-p 00015000 08:03 21761542                   /lib/x86_64-linux-gnu/libgcc_s.so.1
7f5a18980000-7f5a18a79000 r-xp 00000000 08:03 21758079                   /lib/x86_64-linux-gnu/libm-2.15.so
7f5a18a79000-7f5a18c78000 ---p 000f9000 08:03 21758079                   /lib/x86_64-linux-gnu/libm-2.15.so
7f5a18c78000-7f5a18c79000 r--p 000f8000 08:03 21758079                   /lib/x86_64-linux-gnu/libm-2.15.so
7f5a18c79000-7f5a18c7a000 rw-p 000f9000 08:03 21758079                   /lib/x86_64-linux-gnu/libm-2.15.so
7f5a18c7a000-7f5a18d5c000 r-xp 00000000 08:03 18488773                   /usr/lib/x86_64-linux-gnu/libstdc++.so.6.0.16
7f5a18d5c000-7f5a18f5b000 ---p 000e2000 08:03 18488773                   /usr/lib/x86_64-linux-gnu/libstdc++.so.6.0.16
7f5a18f5b000-7f5a18f63000 r--p 000e1000 08:03 18488773                   /usr/lib/x86_64-linux-gnu/libstdc++.so.6.0.16
7f5a18f63000-7f5a18f65000 rw-p 000e9000 08:03 18488773                   /usr/lib/x86_64-linux-gnu/libstdc++.so.6.0.16
7f5a18f65000-7f5a18f7a000 rw-p 00000000 00:00 0 
7f5a18f7a000-7f5a1987e000 r-xp 00000000 08:03 18618878                   /usr/lib/jvm/java-6-openjdk-amd64/jre/lib/amd64/server/libjvm.so
7f5a1987e000-7f5a19a7e000 ---p 00904000 08:03 18618878                   /usr/lib/jvm/java-6-openjdk-amd64/jre/lib/amd64/server/libjvm.so
7f5a19a7e000-7f5a19afe000 r--p 00904000 08:03 18618878                   /usr/lib/jvm/java-6-openjdk-amd64/jre/lib/amd64/server/libjvm.so
7f5a19afe000-7f5a19b19000 rw-p 00984000 08:03 18618878                   /usr/lib/jvm/java-6-openjdk-amd64/jre/lib/amd64/server/libjvm.so
7f5a19b19000-7f5a19b42000 rw-p 00000000 00:00 0 
7f5a19b42000-7f5a19b58000 r-xp 00000000 08:03 21761632                   /lib/x86_64-linux-gnu/libz.so.1.2.3.4
7f5a19b58000-7f5a19d57000 ---p 00016000 08:03 21761632                   /lib/x86_64-linux-gnu/libz.so.1.2.3.4
7f5a19d57000-7f5a19d58000 r--p 00015000 08:03 21761632                   /lib/x86_64-linux-gnu/libz.so.1.2.3.4
7f5a19d58000-7f5a19d59000 rw-p 00016000 08:03 21761632                   /lib/x86_64-linux-gnu/libz.so.1.2.3.4
7f5a19d59000-7f5a19f0e000 r-xp 00000000 08:03 21757975                   /lib/x86_64-linux-gnu/libc-2.15.so
7f5a19f0e000-7f5a1a10d000 ---p 001b5000 08:03 21757975                   /lib/x86_64-linux-gnu/libc-2.15.so
7f5a1a10d000-7f5a1a111000 r--p 001b4000 08:03 21757975                   /lib/x86_64-linux-gnu/libc-2.15.so
7f5a1a111000-7f5a1a113000 rw-p 001b8000 08:03 21757975                   /lib/x86_64-linux-gnu/libc-2.15.so
7f5a1a113000-7f5a1a118000 rw-p 00000000 00:00 0 
7f5a1a118000-7f5a1a11a000 r-xp 00000000 08:03 21757964                   /lib/x86_64-linux-gnu/libdl-2.15.so
7f5a1a11a000-7f5a1a31a000 ---p 00002000 08:03 21757964                   /lib/x86_64-linux-gnu/libdl-2.15.so
7f5a1a31a000-7f5a1a31b000 r--p 00002000 08:03 21757964                   /lib/x86_64-linux-gnu/libdl-2.15.so
7f5a1a31b000-7f5a1a31c000 rw-p 00003000 08:03 21757964                   /lib/x86_64-linux-gnu/libdl-2.15.so
7f5a1a31c000-7f5a1a320000 r-xp 00000000 08:03 18618855                   /usr/lib/jvm/java-6-openjdk-amd64/jre/lib/amd64/jli/libjli.so
7f5a1a320000-7f5a1a51f000 ---p 00004000 08:03 18618855                   /usr/lib/jvm/java-6-openjdk-amd64/jre/lib/amd64/jli/libjli.so
7f5a1a51f000-7f5a1a520000 r--p 00003000 08:03 18618855                   /usr/lib/jvm/java-6-openjdk-amd64/jre/lib/amd64/jli/libjli.so
7f5a1a520000-7f5a1a521000 rw-p 00004000 08:03 18618855                   /usr/lib/jvm/java-6-openjdk-amd64/jre/lib/amd64/jli/libjli.so
7f5a1a521000-7f5a1a539000 r-xp 00000000 08:03 21758073                   /lib/x86_64-linux-gnu/libpthread-2.15.so
7f5a1a539000-7f5a1a738000 ---p 00018000 08:03 21758073                   /lib/x86_64-linux-gnu/libpthread-2.15.so
7f5a1a738000-7f5a1a739000 r--p 00017000 08:03 21758073                   /lib/x86_64-linux-gnu/libpthread-2.15.so
7f5a1a739000-7f5a1a73a000 rw-p 00018000 08:03 21758073                   /lib/x86_64-linux-gnu/libpthread-2.15.so
7f5a1a73a000-7f5a1a73e000 rw-p 00000000 00:00 0 
7f5a1a73e000-7f5a1a760000 r-xp 00000000 08:03 21758085                   /lib/x86_64-linux-gnu/ld-2.15.so
7f5a1a760000-7f5a1a761000 r--s 00000000 08:03 19927126                   /var/cache/fontconfig/b9d506c9ac06c20b433354fa67a72993-le64.cache-3
7f5a1a761000-7f5a1a762000 r--s 00000000 08:03 19927127                   /var/cache/fontconfig/c05880de57d1f5e948fdfacc138775d9-le64.cache-3
7f5a1a762000-7f5a1a767000 r--s 00000000 08:03 19927110                   /var/cache/fontconfig/3047814df9a2f067bd2d96a2b9c36e5a-le64.cache-3
7f5a1a767000-7f5a1a768000 r--s 00000000 08:03 19927115                   /var/cache/fontconfig/56cf4f4769d0f4abc89a4895d7bd3ae1-le64.cache-3
7f5a1a768000-7f5a1a76d000 r--s 00000000 08:03 19927125                   /var/cache/fontconfig/b47c4e1ecd0709278f4910c18777a504-le64.cache-3
7f5a1a76d000-7f5a1a770000 r--s 00000000 08:03 19927196                   /var/cache/fontconfig/e13b20fdb08344e0e664864cc2ede53d-le64.cache-3
7f5a1a770000-7f5a1a774000 r--s 00000000 08:03 19927452                   /var/cache/fontconfig/7ef2298fde41cc6eeb7af42e48b7d293-le64.cache-3
7f5a1a774000-7f5a1a777000 r--s 0007d000 08:03 18618443                   /usr/lib/jvm/java-6-openjdk-common/jre/lib/jsse.jar
7f5a1a777000-7f5a1a77e000 r--s 00073000 08:03 15597691                   /home/arwilczek90/workspace/Elements/lib/lwjgl.jar
7f5a1a77e000-7f5a1a788000 rw-p 00000000 00:00 0 
7f5a1a788000-7f5a1a83e000 rw-p 00000000 00:00 0 
7f5a1a83e000-7f5a1a841000 ---p 00000000 00:00 0 
7f5a1a841000-7f5a1a944000 rw-p 00000000 00:00 0 
7f5a1a944000-7f5a1a945000 r--s 00000000 08:03 19927126                   /var/cache/fontconfig/b9d506c9ac06c20b433354fa67a72993-le64.cache-3
7f5a1a945000-7f5a1a947000 r--s 0000f000 08:03 18618803                   /usr/lib/jvm/java-6-openjdk-common/jre/lib/ext/pulse-java.jar
7f5a1a947000-7f5a1a94a000 r--s 00077000 08:03 18618797                   /usr/lib/jvm/java-6-openjdk-common/jre/lib/ext/localedata.jar
7f5a1a94a000-7f5a1a94b000 r--s 00007000 08:03 18748229                   /usr/share/java/java-atk-wrapper.jar
7f5a1a94b000-7f5a1a94d000 r--s 00001000 08:03 18618801                   /usr/lib/jvm/java-6-openjdk-common/jre/lib/ext/dnsns.jar
7f5a1a94d000-7f5a1a951000 r--s 00038000 08:03 18618795                   /usr/lib/jvm/java-6-openjdk-common/jre/lib/ext/sunpkcs11.jar
7f5a1a951000-7f5a1a954000 r--s 00031000 08:03 18618799                   /usr/lib/jvm/java-6-openjdk-common/jre/lib/ext/sunjce_provider.jar
7f5a1a954000-7f5a1a95c000 rw-s 00000000 08:03 8126549                    /tmp/hsperfdata_arwilczek90/8624 (deleted)
7f5a1a95c000-7f5a1a95d000 rw-p 00000000 00:00 0 
7f5a1a95d000-7f5a1a95e000 ---p 00000000 00:00 0 
7f5a1a95e000-7f5a1a960000 rw-p 00000000 00:00 0 
7f5a1a960000-7f5a1a961000 r--p 00022000 08:03 21758085                   /lib/x86_64-linux-gnu/ld-2.15.so
7f5a1a961000-7f5a1a963000 rw-p 00023000 08:03 21758085                   /lib/x86_64-linux-gnu/ld-2.15.so
7fff89208000-7fff89229000 rw-p 00000000 00:00 0                          [stack]
7fff893ff000-7fff89400000 r-xp 00000000 00:00 0                          [vdso]
ffffffffff600000-ffffffffff601000 r-xp 00000000 00:00 0                  [vsyscall]

VM Arguments:
jvm_args: -Djava.library.path=/home/arwilczek90/workspace/Elements/lib/slick:/home/arwilczek90/workspace/Elements/lib/slick -Dfile.encoding=UTF-8 
java_command: com.hack.elements.view.Main
Launcher Type: SUN_STANDARD

Environment Variables:
PATH=/usr/lib/lightdm/lightdm:/usr/local/sbin:/usr/local/bin:/usr/sbin:/usr/bin:/sbin:/bin:/usr/games
LD_LIBRARY_PATH=/usr/lib/jvm/java-6-openjdk-amd64/jre/lib/amd64/server:/usr/lib/jvm/java-6-openjdk-amd64/jre/lib/amd64:/usr/lib/jvm/java-6-openjdk-amd64/jre/../lib/amd64
SHELL=/bin/bash
DISPLAY=:0.0

Signal Handlers:
SIGSEGV: [libjvm.so+0x784310], sa_mask[0]=0x7ffbfeff, sa_flags=0x10000004
SIGBUS: [libjvm.so+0x784310], sa_mask[0]=0x7ffbfeff, sa_flags=0x10000004
SIGFPE: [libjvm.so+0x648580], sa_mask[0]=0x7ffbfeff, sa_flags=0x10000004
SIGPIPE: [libjvm.so+0x648580], sa_mask[0]=0x7ffbfeff, sa_flags=0x10000004
SIGXFSZ: [libjvm.so+0x648580], sa_mask[0]=0x7ffbfeff, sa_flags=0x10000004
SIGILL: [libjvm.so+0x648580], sa_mask[0]=0x7ffbfeff, sa_flags=0x10000004
SIGUSR1: SIG_DFL, sa_mask[0]=0x00000000, sa_flags=0x00000000
SIGUSR2: [libjvm.so+0x648730], sa_mask[0]=0x00000004, sa_flags=0x10000004
SIGHUP: [libjvm.so+0x64b250], sa_mask[0]=0x7ffbfeff, sa_flags=0x10000004
SIGINT: [libjvm.so+0x64b250], sa_mask[0]=0x7ffbfeff, sa_flags=0x10000004
SIGTERM: [libjvm.so+0x64b250], sa_mask[0]=0x7ffbfeff, sa_flags=0x10000004
SIGQUIT: [libjvm.so+0x64b250], sa_mask[0]=0x7ffbfeff, sa_flags=0x10000004


---------------  S Y S T E M  ---------------

OS:Ubuntu 12.04 (precise)
uname:Linux 3.2.0-32-generic #51-Ubuntu SMP Wed Sep 26 21:33:09 UTC 2012 x86_64
libc:glibc 2.15 NPTL 2.15 
rlimit: STACK 8192k, CORE 0k, NPROC 59545, NOFILE 4096, AS infinity
load average:1.75 2.08 2.07

/proc/meminfo:
MemTotal:        7639648 kB
MemFree:         4243836 kB
Buffers:          106712 kB
Cached:          1118248 kB
SwapCached:            0 kB
Active:          2245712 kB
Inactive:         692576 kB
Active(anon):    1714156 kB
Inactive(anon):    15000 kB
Active(file):     531556 kB
Inactive(file):   677576 kB
Unevictable:          20 kB
Mlocked:              20 kB
SwapTotal:       3818492 kB
SwapFree:        3818492 kB
Dirty:               564 kB
Writeback:             0 kB
AnonPages:       1713344 kB
Mapped:           321724 kB
Shmem:             15832 kB
Slab:              92896 kB
SReclaimable:      61480 kB
SUnreclaim:        31416 kB
KernelStack:        4520 kB
PageTables:        36692 kB
NFS_Unstable:          0 kB
Bounce:                0 kB
WritebackTmp:          0 kB
CommitLimit:     7638316 kB
Committed_AS:    4668304 kB
VmallocTotal:   34359738367 kB
VmallocUsed:      116912 kB
VmallocChunk:   34359619344 kB
HardwareCorrupted:     0 kB
AnonHugePages:         0 kB
HugePages_Total:       0
HugePages_Free:        0
HugePages_Rsvd:        0
HugePages_Surp:        0
Hugepagesize:       2048 kB
DirectMap4k:      260096 kB
DirectMap2M:     5486592 kB
DirectMap1G:     2097152 kB


CPU:total 4 (4 cores per cpu, 1 threads per core) family 18 model 1 stepping 0, cmov, cx8, fxsr, mmx, sse, sse2, sse3, popcnt, mmxext, 3dnowpref, lzcnt, sse4a

Memory: 4k page, physical 7639648k(4243836k free), swap 3818492k(3818492k free)

vm_info: OpenJDK 64-Bit Server VM (20.0-b12) for linux-amd64 JRE (1.6.0_24-b24), built on Sep  2 2012 19:50:47 by "buildd" with gcc 4.6.3

time: Sat Oct 13 17:07:03 2012
elapsed time: 25 seconds

