#
# A fatal error has been detected by the Java Runtime Environment:
#
#  SIGSEGV (0xb) at pc=0x00007f91e154ac58, pid=16198, tid=140264553785088
#
# JRE version: 6.0_24-b24
# Java VM: OpenJDK 64-Bit Server VM (20.0-b12 mixed mode linux-amd64 compressed oops)
# Derivative: IcedTea6 1.11.4
# Distribution: Ubuntu 12.04 LTS, package 6b24-1.11.4-1ubuntu0.12.04.1
# Problematic frame:
# C  [libX11.so.6+0x33c58]  XQueryExtension+0x28
#
# If you would like to submit a bug report, please include
# instructions how to reproduce the bug and visit:
#   https://bugs.launchpad.net/ubuntu/+source/openjdk-6/
#

---------------  T H R E A D  ---------------

Current thread (0x00007f91e8070000):  VMThread [stack: 0x00007f91e2d72000,0x00007f91e2e73000] [id=16213]

siginfo:si_signo=SIGSEGV: si_errno=0, si_code=1 (SEGV_MAPERR), si_addr=0xffffffffe82891d8

Registers:
RAX=0x00007f91c80008c0, RBX=0xffffffffe8288870, RCX=0x00007f91e2e718d8, RDX=0x00007f91e2e718d4
RSP=0x00007f91e2e71870, RBP=0x00007f91db32b932, RSI=0x00007f91db32b932, RDI=0xffffffffe8288870
R8 =0x00007f91e2e718dc, R9 =0x0000000000000000, R10=0x00007f91edab2fa8, R11=0x00007f91ed732ca0
R12=0x0000000000000000, R13=0x00007f91db32b932, R14=0x00007f91c80008c0, R15=0x0000000000000000
RIP=0x00007f91e154ac58, EFLAGS=0x0000000000010202, CSGSFS=0x0000000000000033, ERR=0x0000000000000005
  TRAPNO=0x000000000000000e

Top of Stack: (sp=0x00007f91e2e71870)
0x00007f91e2e71870:   00007f91ed705790 00007f91ee2e19e8
0x00007f91e2e71880:   00007f91e4014580 00007f91e40145e0
0x00007f91e2e71890:   00000000ffffffff ffffffffe8288870
0x00007f91e2e718a0:   00007f91db32b932 0000000000000000
0x00007f91e2e718b0:   00007f91db32b932 00007f91c80008c0
0x00007f91e2e718c0:   0000000000000000 00007f91e153ec55
0x00007f91e2e718d0:   00007f91ee2ff048 00007f91db464520
0x00007f91e2e718e0:   00007f91db464520 ffffffffe8288870
0x00007f91e2e718f0:   00007f91e8197550 00007f91e185802b
0x00007f91e2e71900:   00007f91ed705790 000000110000002c
0x00007f91e2e71910:   00007f91e2e71990 0000000000000000
0x00007f91e2e71920:   00007f91e2e71990 ffffffffe8288870
0x00007f91e2e71930:   0000000000000000 00007f91ee2ff048
0x00007f91e2e71940:   00007f91db47dd50 00007f91db2d2119
0x00007f91e2e71950:   0000000000000000 000000000000002c
0x00007f91e2e71960:   00007f91e2e71990 00007f91e2e719b0
0x00007f91e2e71970:   0000000000000000 00007f91ee2ff048
0x00007f91e2e71980:   00007f91e82883d0 00007f91db2c8b42
0x00007f91e2e71990:   00007f91e2e71b80 00007f91db32b8b1
0x00007f91e2e719a0:   00007f91e2e71b80 00007f91ee0eb92d
0x00007f91e2e719b0:   00007f91ee3002c8 00007f91ee300858
0x00007f91e2e719c0:   00007f91ee2e1000 00007f91e8006a00
0x00007f91e2e719d0:   00007f91e8007510 00007f91e8006eb0
0x00007f91e2e719e0:   00007f91e8007a10 00007f91e800c6f0
0x00007f91e2e719f0:   00007f91e81464e0 00007f91e81469c0
0x00007f91e2e71a00:   00007f91ee2e0000 00007f91e8284dd0
0x00007f91e2e71a10:   00007f91e827f500 00007f91e827f9a0
0x00007f91e2e71a20:   00007f91e82852a0 00007f91e8285740
0x00007f91e2e71a30:   00007f91e8285be0 00007f91e80f3c20
0x00007f91e2e71a40:   00007f91e80f6250 00007f91e80025e0
0x00007f91e2e71a50:   00007f91e8001ec0 000000000195f5f0
0x00007f91e2e71a60:   000000000195fb60 0000000001960570 

Instructions: (pc=0x00007f91e154ac58)
0x00007f91e154ac38:   24 d8 48 89 fb 4c 89 64 24 e0 4c 89 6c 24 e8 48
0x00007f91e154ac48:   89 f5 4c 89 74 24 f0 4c 89 7c 24 f8 48 83 ec 58
0x00007f91e154ac58:   48 8b 87 68 09 00 00 49 89 d4 49 89 cd 4d 89 c6
0x00007f91e154ac68:   48 85 c0 74 02 ff 10 ba 08 00 00 00 be 62 00 00 

Register to memory mapping:

RAX=0x00007f91c80008c0 is an unknown value
RBX=0xffffffffe8288870 is an unknown value
RCX=0x00007f91e2e718d8 is an unknown value
RDX=0x00007f91e2e718d4 is an unknown value
RSP=0x00007f91e2e71870 is an unknown value
RBP=0x00007f91db32b932: <offset 0x96932> in /usr/lib/fglrx/libGL.so.1 at 0x00007f91db295000
RSI=0x00007f91db32b932: <offset 0x96932> in /usr/lib/fglrx/libGL.so.1 at 0x00007f91db295000
RDI=0xffffffffe8288870 is an unknown value
R8 =0x00007f91e2e718dc is an unknown value
R9 =0x0000000000000000 is an unknown value
R10=0x00007f91edab2fa8: <offset 0x3bbfa8> in /lib/x86_64-linux-gnu/libc.so.6 at 0x00007f91ed6f7000
R11=0x00007f91ed732ca0: __cxa_finalize+0 in /lib/x86_64-linux-gnu/libc.so.6 at 0x00007f91ed6f7000
R12=0x0000000000000000 is an unknown value
R13=0x00007f91db32b932: <offset 0x96932> in /usr/lib/fglrx/libGL.so.1 at 0x00007f91db295000
R14=0x00007f91c80008c0 is an unknown value
R15=0x0000000000000000 is an unknown value


Stack: [0x00007f91e2d72000,0x00007f91e2e73000],  sp=0x00007f91e2e71870,  free space=1022k
Native frames: (J=compiled Java code, j=interpreted, Vv=VM code, C=native code)
C  [libX11.so.6+0x33c58]  XQueryExtension+0x28

VM_Operation (0x00007f91ee2db680): Exit, mode: safepoint, requested by thread 0x00007f91e8008800


---------------  P R O C E S S  ---------------

Java Threads: ( => current thread )
  0x00007f91e8b50800 JavaThread "Thread-2" daemon [_thread_blocked, id=16223, stack(0x00007f91d8365000,0x00007f91d8466000)]
  0x00007f91e8284000 JavaThread "AWT-XAWT" daemon [_thread_blocked, id=16222, stack(0x00007f91e016b000,0x00007f91e026c000)]
  0x00007f91e8157800 JavaThread "Java2D Disposer" daemon [_thread_blocked, id=16221, stack(0x00007f91e02f8000,0x00007f91e03f9000)]
  0x00007f91e809e800 JavaThread "Low Memory Detector" daemon [_thread_blocked, id=16219, stack(0x00007f91e2089000,0x00007f91e218a000)]
  0x00007f91e809c000 JavaThread "C2 CompilerThread1" daemon [_thread_blocked, id=16218, stack(0x00007f91e218a000,0x00007f91e228b000)]
  0x00007f91e8099800 JavaThread "C2 CompilerThread0" daemon [_thread_blocked, id=16217, stack(0x00007f91e228b000,0x00007f91e238c000)]
  0x00007f91e8098000 JavaThread "Signal Dispatcher" daemon [_thread_blocked, id=16216, stack(0x00007f91e238c000,0x00007f91e248d000)]
  0x00007f91e8079000 JavaThread "Finalizer" daemon [_thread_blocked, id=16215, stack(0x00007f91e2b70000,0x00007f91e2c71000)]
  0x00007f91e8077000 JavaThread "Reference Handler" daemon [_thread_blocked, id=16214, stack(0x00007f91e2c71000,0x00007f91e2d72000)]
  0x00007f91e8008800 JavaThread "main" [_thread_blocked, id=16204, stack(0x00007f91ee1dc000,0x00007f91ee2dd000)]

Other Threads:
=>0x00007f91e8070000 VMThread [stack: 0x00007f91e2d72000,0x00007f91e2e73000] [id=16213]

VM state:at safepoint (shutting down)

VM Mutex/Monitor currently owned by a thread:  ([mutex/lock_event])
[0x00007f91e8004dd0] Threads_lock - owner thread: 0x00007f91e8070000

Heap
 PSYoungGen      total 34880K, used 7878K [0x00000000d9200000, 0x00000000db8e0000, 0x0000000100000000)
  eden space 29952K, 26% used [0x00000000d9200000,0x00000000d99b19d0,0x00000000daf40000)
  from space 4928K, 0% used [0x00000000db410000,0x00000000db410000,0x00000000db8e0000)
  to   space 4928K, 0% used [0x00000000daf40000,0x00000000daf40000,0x00000000db410000)
 PSOldGen        total 79616K, used 0K [0x000000008b600000, 0x00000000903c0000, 0x00000000d9200000)
  object space 79616K, 0% used [0x000000008b600000,0x000000008b600000,0x00000000903c0000)
 PSPermGen       total 21248K, used 11320K [0x0000000081000000, 0x00000000824c0000, 0x000000008b600000)
  object space 21248K, 53% used [0x0000000081000000,0x0000000081b0e228,0x00000000824c0000)

Code Cache  [0x00007f91e3f75000, 0x00007f91e41e5000, 0x00007f91e6f75000)
 total_blobs=551 nmethods=66 adapters=439 free_code_cache=49654144 largest_free_block=11584

Dynamic libraries:
00400000-00409000 r-xp 00000000 08:03 18618890                           /usr/lib/jvm/java-6-openjdk-amd64/jre/bin/java
00608000-00609000 r--p 00008000 08:03 18618890                           /usr/lib/jvm/java-6-openjdk-amd64/jre/bin/java
00609000-0060a000 rw-p 00009000 08:03 18618890                           /usr/lib/jvm/java-6-openjdk-amd64/jre/bin/java
0195f000-01980000 rw-p 00000000 00:00 0                                  [heap]
81000000-824c0000 rw-p 00000000 00:00 0 
824c0000-8b600000 rw-p 00000000 00:00 0 
8b600000-903c0000 rw-p 00000000 00:00 0 
903c0000-d9200000 rw-p 00000000 00:00 0 
d9200000-db8e0000 rw-p 00000000 00:00 0 
db8e0000-100000000 rw-p 00000000 00:00 0 
7f9194000000-7f9194021000 rw-p 00000000 00:00 0 
7f9194021000-7f9198000000 ---p 00000000 00:00 0 
7f9198000000-7f9198021000 rw-p 00000000 00:00 0 
7f9198021000-7f919c000000 ---p 00000000 00:00 0 
7f919c000000-7f919c021000 rw-p 00000000 00:00 0 
7f919c021000-7f91a0000000 ---p 00000000 00:00 0 
7f91a0000000-7f91a0021000 rw-p 00000000 00:00 0 
7f91a0021000-7f91a4000000 ---p 00000000 00:00 0 
7f91a4000000-7f91a4021000 rw-p 00000000 00:00 0 
7f91a4021000-7f91a8000000 ---p 00000000 00:00 0 
7f91a8000000-7f91a8021000 rw-p 00000000 00:00 0 
7f91a8021000-7f91ac000000 ---p 00000000 00:00 0 
7f91ac000000-7f91ac142000 rw-p 00000000 00:00 0 
7f91ac142000-7f91b0000000 ---p 00000000 00:00 0 
7f91b0000000-7f91b0021000 rw-p 00000000 00:00 0 
7f91b0021000-7f91b4000000 ---p 00000000 00:00 0 
7f91b4000000-7f91b4021000 rw-p 00000000 00:00 0 
7f91b4021000-7f91b8000000 ---p 00000000 00:00 0 
7f91b8000000-7f91b8211000 rw-p 00000000 00:00 0 
7f91b8211000-7f91bc000000 ---p 00000000 00:00 0 
7f91bc000000-7f91bc021000 rw-p 00000000 00:00 0 
7f91bc021000-7f91c0000000 ---p 00000000 00:00 0 
7f91c0000000-7f91c0021000 rw-p 00000000 00:00 0 
7f91c0021000-7f91c4000000 ---p 00000000 00:00 0 
7f91c4000000-7f91c4021000 rw-p 00000000 00:00 0 
7f91c4021000-7f91c8000000 ---p 00000000 00:00 0 
7f91c8000000-7f91c8021000 rw-p 00000000 00:00 0 
7f91c8021000-7f91cc000000 ---p 00000000 00:00 0 
7f91cc000000-7f91cc021000 rw-p 00000000 00:00 0 
7f91cc021000-7f91d0000000 ---p 00000000 00:00 0 
7f91d3dfe000-7f91d3e01000 ---p 00000000 00:00 0 
7f91d3e01000-7f91d3eff000 rw-p 00000000 00:00 0 
7f91d3eff000-7f91d3f02000 ---p 00000000 00:00 0 
7f91d3f02000-7f91d4000000 rw-p 00000000 00:00 0 
7f91d4000000-7f91d4021000 rw-p 00000000 00:00 0 
7f91d4021000-7f91d8000000 ---p 00000000 00:00 0 
7f91d8060000-7f91d8262000 rw-p 00000000 00:00 0 
7f91d8262000-7f91d8265000 r-xp 00000000 08:03 15602613                   /home/arwilczek90/workspace/Elements/lib/slick/libjinput-linux64.so
7f91d8265000-7f91d8364000 ---p 00003000 08:03 15602613                   /home/arwilczek90/workspace/Elements/lib/slick/libjinput-linux64.so
7f91d8364000-7f91d8365000 rw-p 00002000 08:03 15602613                   /home/arwilczek90/workspace/Elements/lib/slick/libjinput-linux64.so
7f91d8365000-7f91d8368000 ---p 00000000 00:00 0 
7f91d8368000-7f91d8466000 rw-p 00000000 00:00 0 
7f91d8466000-7f91d8b66000 rw-s 00006000 00:05 10225                      /dev/ati/card0
7f91d8b66000-7f91d8b68000 r-xp 00000000 08:03 18488267                   /usr/lib/x86_64-linux-gnu/libXinerama.so.1.0.0
7f91d8b68000-7f91d8d67000 ---p 00002000 08:03 18488267                   /usr/lib/x86_64-linux-gnu/libXinerama.so.1.0.0
7f91d8d67000-7f91d8d68000 r--p 00001000 08:03 18488267                   /usr/lib/x86_64-linux-gnu/libXinerama.so.1.0.0
7f91d8d68000-7f91d8d69000 rw-p 00002000 08:03 18488267                   /usr/lib/x86_64-linux-gnu/libXinerama.so.1.0.0
7f91d8d69000-7f91d8da4000 r-xp 00000000 08:03 19009508                   /usr/lib/fglrx/libatiadlxx.so
7f91d8da4000-7f91d8ea4000 ---p 0003b000 08:03 19009508                   /usr/lib/fglrx/libatiadlxx.so
7f91d8ea4000-7f91d8ead000 rw-p 0003b000 08:03 19009508                   /usr/lib/fglrx/libatiadlxx.so
7f91d8ead000-7f91d8ebe000 rw-p 00000000 00:00 0 
7f91d8ebe000-7f91d8ec5000 r-xp 00000000 08:03 19009532                   /usr/lib/fglrx/libatiuki.so.1.0
7f91d8ec5000-7f91d8fc5000 ---p 00007000 08:03 19009532                   /usr/lib/fglrx/libatiuki.so.1.0
7f91d8fc5000-7f91d8fc6000 rw-p 00007000 08:03 19009532                   /usr/lib/fglrx/libatiuki.so.1.0
7f91d8fc6000-7f91d8fc7000 rw-p 00000000 00:00 0 
7f91d8fc7000-7f91daf21000 r-xp 00000000 08:03 19009510                   /usr/lib/fglrx/dri/fglrx_dri.so
7f91daf21000-7f91db021000 ---p 01f5a000 08:03 19009510                   /usr/lib/fglrx/dri/fglrx_dri.so
7f91db021000-7f91db16f000 rwxp 01f5a000 08:03 19009510                   /usr/lib/fglrx/dri/fglrx_dri.so
7f91db16f000-7f91db295000 rwxp 00000000 00:00 0 
7f91db295000-7f91db358000 r-xp 00000000 08:03 19009512                   /usr/lib/fglrx/libGL.so.1.2
7f91db358000-7f91db457000 ---p 000c3000 08:03 19009512                   /usr/lib/fglrx/libGL.so.1.2
7f91db457000-7f91db47e000 rwxp 000c2000 08:03 19009512                   /usr/lib/fglrx/libGL.so.1.2
7f91db47e000-7f91db49e000 rwxp 00000000 00:00 0 
7f91db49e000-7f91db49f000 r-xp 00000000 08:03 18618886                   /usr/lib/jvm/java-6-openjdk-amd64/jre/lib/amd64/libjawt.so
7f91db49f000-7f91db69e000 ---p 00001000 08:03 18618886                   /usr/lib/jvm/java-6-openjdk-amd64/jre/lib/amd64/libjawt.so
7f91db69e000-7f91db69f000 r--p 00000000 08:03 18618886                   /usr/lib/jvm/java-6-openjdk-amd64/jre/lib/amd64/libjawt.so
7f91db69f000-7f91db6a0000 rw-p 00001000 08:03 18618886                   /usr/lib/jvm/java-6-openjdk-amd64/jre/lib/amd64/libjawt.so
7f91db6a0000-7f91db6a4000 r-xp 00000000 08:03 18488287                   /usr/lib/x86_64-linux-gnu/libXxf86vm.so.1.0.0
7f91db6a4000-7f91db8a3000 ---p 00004000 08:03 18488287                   /usr/lib/x86_64-linux-gnu/libXxf86vm.so.1.0.0
7f91db8a3000-7f91db8a4000 r--p 00003000 08:03 18488287                   /usr/lib/x86_64-linux-gnu/libXxf86vm.so.1.0.0
7f91db8a4000-7f91db8a5000 rw-p 00004000 08:03 18488287                   /usr/lib/x86_64-linux-gnu/libXxf86vm.so.1.0.0
7f91db8a5000-7f91db8ad000 r-xp 00000000 08:03 18488277                   /usr/lib/x86_64-linux-gnu/libXrandr.so.2.2.0
7f91db8ad000-7f91dbaac000 ---p 00008000 08:03 18488277                   /usr/lib/x86_64-linux-gnu/libXrandr.so.2.2.0
7f91dbaac000-7f91dbaad000 r--p 00007000 08:03 18488277                   /usr/lib/x86_64-linux-gnu/libXrandr.so.2.2.0
7f91dbaad000-7f91dbaae000 rw-p 00008000 08:03 18488277                   /usr/lib/x86_64-linux-gnu/libXrandr.so.2.2.0
7f91dbaae000-7f91dbaee000 r-xp 00000000 08:03 15602617                   /home/arwilczek90/workspace/Elements/lib/slick/liblwjgl64.so
7f91dbaee000-7f91dbbee000 ---p 00040000 08:03 15602617                   /home/arwilczek90/workspace/Elements/lib/slick/liblwjgl64.so
7f91dbbee000-7f91dbbf0000 rw-p 00040000 08:03 15602617                   /home/arwilczek90/workspace/Elements/lib/slick/liblwjgl64.so
7f91dbbf0000-7f91dbbf5000 r-xp 00000000 08:03 18488261                   /usr/lib/x86_64-linux-gnu/libXfixes.so.3.1.0
7f91dbbf5000-7f91dbdf4000 ---p 00005000 08:03 18488261                   /usr/lib/x86_64-linux-gnu/libXfixes.so.3.1.0
7f91dbdf4000-7f91dbdf5000 r--p 00004000 08:03 18488261                   /usr/lib/x86_64-linux-gnu/libXfixes.so.3.1.0
7f91dbdf5000-7f91dbdf6000 rw-p 00005000 08:03 18488261                   /usr/lib/x86_64-linux-gnu/libXfixes.so.3.1.0
7f91dbdf6000-7f91dbdff000 r-xp 00000000 08:03 18488253                   /usr/lib/x86_64-linux-gnu/libXcursor.so.1.0.2
7f91dbdff000-7f91dbffe000 ---p 00009000 08:03 18488253                   /usr/lib/x86_64-linux-gnu/libXcursor.so.1.0.2
7f91dbffe000-7f91dbfff000 r--p 00008000 08:03 18488253                   /usr/lib/x86_64-linux-gnu/libXcursor.so.1.0.2
7f91dbfff000-7f91dc000000 rw-p 00009000 08:03 18488253                   /usr/lib/x86_64-linux-gnu/libXcursor.so.1.0.2
7f91dc000000-7f91dc021000 rw-p 00000000 00:00 0 
7f91dc021000-7f91e0000000 ---p 00000000 00:00 0 
7f91e0084000-7f91e0086000 r--s 00015000 08:03 15598514                   /home/arwilczek90/workspace/Elements/lib/slick/lib/tinylinepp.jar
7f91e0086000-7f91e0089000 r--s 00015000 08:03 15598512                   /home/arwilczek90/workspace/Elements/lib/slick/lib/slick-util.jar
7f91e0089000-7f91e0091000 r--s 00067000 08:03 15598510                   /home/arwilczek90/workspace/Elements/lib/slick/lib/slick-sources.jar
7f91e0091000-7f91e0092000 r--s 00000000 08:03 15598509                   /home/arwilczek90/workspace/Elements/lib/slick/lib/slick-examples.jar
7f91e0092000-7f91e0093000 r--s 00003000 08:03 15598508                   /home/arwilczek90/workspace/Elements/lib/slick/lib/scalar.jar
7f91e0093000-7f91e0096000 r--s 00017000 08:03 15598507                   /home/arwilczek90/workspace/Elements/lib/slick/lib/pedigree.jar
7f91e0096000-7f91e00a1000 r--s 00093000 08:03 15598513                   /home/arwilczek90/workspace/Elements/lib/slick/lib/slick.jar
7f91e00a1000-7f91e00a2000 r--s 00000000 08:03 19927127                   /var/cache/fontconfig/c05880de57d1f5e948fdfacc138775d9-le64.cache-3
7f91e00a2000-7f91e00ab000 r--s 00000000 08:03 19927122                   /var/cache/fontconfig/945677eb7aeaf62f1d50efc3fb3ec7d8-le64.cache-3
7f91e00ab000-7f91e00ad000 r--s 00000000 08:03 19927123                   /var/cache/fontconfig/99e8ed0e538f840c565b6ed5dad60d56-le64.cache-3
7f91e00ad000-7f91e00b1000 r--s 00000000 08:03 19927109                   /var/cache/fontconfig/2cd17615ca594fa2959ae173292e504c-le64.cache-3
7f91e00b1000-7f91e00b2000 r--s 00000000 08:03 19927134                   /var/cache/fontconfig/e7071f4a29fa870f4323321c154eba04-le64.cache-3
7f91e00b2000-7f91e00b3000 r--s 00000000 08:03 19927107                   /var/cache/fontconfig/0d8c3b2ac0904cb8a57a757ad11a4a08-le64.cache-3
7f91e00b3000-7f91e00b9000 r--s 00000000 08:03 19927124                   /var/cache/fontconfig/a755afe4a08bf5b97852ceb7400b47bc-le64.cache-3
7f91e00b9000-7f91e00c2000 r--s 00000000 08:03 19927460                   /var/cache/fontconfig/6d41288fd70b0be22e8c3a91e032eec0-le64.cache-3
7f91e00c4000-7f91e00c6000 r--s 00004000 08:03 15598506                   /home/arwilczek90/workspace/Elements/lib/slick/lib/packulike.jar
7f91e00c6000-7f91e00c7000 r--s 00043000 08:03 15598505                   /home/arwilczek90/workspace/Elements/lib/slick/lib/natives-win32.jar
7f91e00c7000-7f91e00c9000 r--s 00033000 08:03 15598504                   /home/arwilczek90/workspace/Elements/lib/slick/lib/natives-mac.jar
7f91e00c9000-7f91e00ca000 r--s 0003d000 08:03 15598503                   /home/arwilczek90/workspace/Elements/lib/slick/lib/natives-linux.jar
7f91e00ca000-7f91e00d1000 r--s 00073000 08:03 15598502                   /home/arwilczek90/workspace/Elements/lib/slick/lib/lwjgl.jar
7f91e00d1000-7f91e00d3000 r--s 0000d000 08:03 15598501                   /home/arwilczek90/workspace/Elements/lib/slick/lib/jorbis-0.0.15.jar
7f91e00d3000-7f91e00d8000 r--s 0002f000 08:03 15598498                   /home/arwilczek90/workspace/Elements/lib/slick/lib/jinput.jar
7f91e00d8000-7f91e00da000 r--s 00008000 08:03 15598497                   /home/arwilczek90/workspace/Elements/lib/slick/lib/ibxm.jar
7f91e00da000-7f91e00dd000 r--s 0005b000 08:03 15598496                   /home/arwilczek90/workspace/Elements/lib/slick/lib/hiero.jar
7f91e011d000-7f91e011e000 rw-s 00005000 00:05 10225                      /dev/ati/card0
7f91e011e000-7f91e015e000 rw-s f0300000 00:05 10225                      /dev/ati/card0
7f91e015e000-7f91e0160000 rw-s 00002000 00:05 10225                      /dev/ati/card0
7f91e0160000-7f91e016b000 r--s 00093000 08:03 15597692                   /home/arwilczek90/workspace/Elements/lib/slick.jar
7f91e016b000-7f91e016e000 ---p 00000000 00:00 0 
7f91e016e000-7f91e026c000 rw-p 00000000 00:00 0 
7f91e026c000-7f91e0273000 r--s 000fb000 08:03 18618812                   /usr/lib/jvm/java-6-openjdk-common/jre/lib/resources.jar
7f91e0273000-7f91e0274000 r--s 00000000 08:03 19927127                   /var/cache/fontconfig/c05880de57d1f5e948fdfacc138775d9-le64.cache-3
7f91e0274000-7f91e027d000 r--s 00000000 08:03 19927122                   /var/cache/fontconfig/945677eb7aeaf62f1d50efc3fb3ec7d8-le64.cache-3
7f91e027d000-7f91e027f000 r--s 00000000 08:03 19927123                   /var/cache/fontconfig/99e8ed0e538f840c565b6ed5dad60d56-le64.cache-3
7f91e027f000-7f91e0283000 r--s 00000000 08:03 19927109                   /var/cache/fontconfig/2cd17615ca594fa2959ae173292e504c-le64.cache-3
7f91e0283000-7f91e0284000 r--s 00000000 08:03 19927134                   /var/cache/fontconfig/e7071f4a29fa870f4323321c154eba04-le64.cache-3
7f91e0284000-7f91e0285000 r--s 00000000 08:03 19927107                   /var/cache/fontconfig/0d8c3b2ac0904cb8a57a757ad11a4a08-le64.cache-3
7f91e0285000-7f91e028b000 r--s 00000000 08:03 19927124                   /var/cache/fontconfig/a755afe4a08bf5b97852ceb7400b47bc-le64.cache-3
7f91e028b000-7f91e0294000 r--s 00000000 08:03 19927460                   /var/cache/fontconfig/6d41288fd70b0be22e8c3a91e032eec0-le64.cache-3
7f91e0294000-7f91e02a4000 r--s 00000000 08:03 19927106                   /var/cache/fontconfig/04aabc0a78ac019cf9454389977116d2-le64.cache-3
7f91e02a4000-7f91e02a7000 r--s 00000000 08:03 19927112                   /var/cache/fontconfig/385c0604a188198f04d133e54aba7fe7-le64.cache-3
7f91e02a7000-7f91e02a8000 r--s 00000000 08:03 19927113                   /var/cache/fontconfig/4794a0821666d79190d59a36cb4f44b5-le64.cache-3
7f91e02a8000-7f91e02ab000 r--s 00000000 08:03 19927121                   /var/cache/fontconfig/8801497958630a81b71ace7c5f9b32a8-le64.cache-3
7f91e02ab000-7f91e02d9000 r--s 00000000 08:03 19927454                   /var/cache/fontconfig/365b55f210c0a22e9a19e35191240f32-le64.cache-3
7f91e02d9000-7f91e02de000 r--s 00000000 08:03 19927110                   /var/cache/fontconfig/3047814df9a2f067bd2d96a2b9c36e5a-le64.cache-3
7f91e02de000-7f91e02df000 r--s 00000000 08:03 19927115                   /var/cache/fontconfig/56cf4f4769d0f4abc89a4895d7bd3ae1-le64.cache-3
7f91e02df000-7f91e02e0000 r--s 00000000 08:03 19927126                   /var/cache/fontconfig/b9d506c9ac06c20b433354fa67a72993-le64.cache-3
7f91e02e0000-7f91e02e5000 r--s 00000000 08:03 19927125                   /var/cache/fontconfig/b47c4e1ecd0709278f4910c18777a504-le64.cache-3
7f91e02e5000-7f91e02f5000 r--s 00000000 08:03 19927130                   /var/cache/fontconfig/d52a8644073d54c13679302ca1180695-le64.cache-3
7f91e02f5000-7f91e02f8000 r--s 00000000 08:03 19927196                   /var/cache/fontconfig/e13b20fdb08344e0e664864cc2ede53d-le64.cache-3
7f91e02f8000-7f91e02fb000 ---p 00000000 00:00 0 
7f91e02fb000-7f91e03f9000 rw-p 00000000 00:00 0 
7f91e03f9000-7f91e048f000 r-xp 00000000 08:03 18488439                   /usr/lib/x86_64-linux-gnu/libfreetype.so.6.8.0
7f91e048f000-7f91e068e000 ---p 00096000 08:03 18488439                   /usr/lib/x86_64-linux-gnu/libfreetype.so.6.8.0
7f91e068e000-7f91e0694000 r--p 00095000 08:03 18488439                   /usr/lib/x86_64-linux-gnu/libfreetype.so.6.8.0
7f91e0694000-7f91e0695000 rw-p 0009b000 08:03 18488439                   /usr/lib/x86_64-linux-gnu/libfreetype.so.6.8.0
7f91e0695000-7f91e06cf000 r-xp 00000000 08:03 18618871                   /usr/lib/jvm/java-6-openjdk-amd64/jre/lib/amd64/libfontmanager.so
7f91e06cf000-7f91e08ce000 ---p 0003a000 08:03 18618871                   /usr/lib/jvm/java-6-openjdk-amd64/jre/lib/amd64/libfontmanager.so
7f91e08ce000-7f91e08d0000 r--p 00039000 08:03 18618871                   /usr/lib/jvm/java-6-openjdk-amd64/jre/lib/amd64/libfontmanager.so
7f91e08d0000-7f91e08d1000 rw-p 0003b000 08:03 18618871                   /usr/lib/jvm/java-6-openjdk-amd64/jre/lib/amd64/libfontmanager.so
7f91e08d1000-7f91e08d6000 r-xp 00000000 08:03 18488257                   /usr/lib/x86_64-linux-gnu/libXdmcp.so.6.0.0
7f91e08d6000-7f91e0ad5000 ---p 00005000 08:03 18488257                   /usr/lib/x86_64-linux-gnu/libXdmcp.so.6.0.0
7f91e0ad5000-7f91e0ad6000 r--p 00004000 08:03 18488257                   /usr/lib/x86_64-linux-gnu/libXdmcp.so.6.0.0
7f91e0ad6000-7f91e0ad7000 rw-p 00005000 08:03 18488257                   /usr/lib/x86_64-linux-gnu/libXdmcp.so.6.0.0
7f91e0ad7000-7f91e0ad9000 r-xp 00000000 08:03 18488246                   /usr/lib/x86_64-linux-gnu/libXau.so.6.0.0
7f91e0ad9000-7f91e0cd8000 ---p 00002000 08:03 18488246                   /usr/lib/x86_64-linux-gnu/libXau.so.6.0.0
7f91e0cd8000-7f91e0cd9000 r--p 00001000 08:03 18488246                   /usr/lib/x86_64-linux-gnu/libXau.so.6.0.0
7f91e0cd9000-7f91e0cda000 rw-p 00002000 08:03 18488246                   /usr/lib/x86_64-linux-gnu/libXau.so.6.0.0
7f91e0cda000-7f91e0cf7000 r-xp 00000000 08:03 18488845                   /usr/lib/x86_64-linux-gnu/libxcb.so.1.1.0
7f91e0cf7000-7f91e0ef6000 ---p 0001d000 08:03 18488845                   /usr/lib/x86_64-linux-gnu/libxcb.so.1.1.0
7f91e0ef6000-7f91e0ef7000 r--p 0001c000 08:03 18488845                   /usr/lib/x86_64-linux-gnu/libxcb.so.1.1.0
7f91e0ef7000-7f91e0ef8000 rw-p 0001d000 08:03 18488845                   /usr/lib/x86_64-linux-gnu/libxcb.so.1.1.0
7f91e0ef8000-7f91e0f06000 r-xp 00000000 08:03 18488265                   /usr/lib/x86_64-linux-gnu/libXi.so.6.1.0
7f91e0f06000-7f91e1105000 ---p 0000e000 08:03 18488265                   /usr/lib/x86_64-linux-gnu/libXi.so.6.1.0
7f91e1105000-7f91e1106000 r--p 0000d000 08:03 18488265                   /usr/lib/x86_64-linux-gnu/libXi.so.6.1.0
7f91e1106000-7f91e1107000 rw-p 0000e000 08:03 18488265                   /usr/lib/x86_64-linux-gnu/libXi.so.6.1.0
7f91e1107000-7f91e110c000 r-xp 00000000 08:03 18488283                   /usr/lib/x86_64-linux-gnu/libXtst.so.6.1.0
7f91e110c000-7f91e130b000 ---p 00005000 08:03 18488283                   /usr/lib/x86_64-linux-gnu/libXtst.so.6.1.0
7f91e130b000-7f91e130c000 r--p 00004000 08:03 18488283                   /usr/lib/x86_64-linux-gnu/libXtst.so.6.1.0
7f91e130c000-7f91e130d000 rw-p 00005000 08:03 18488283                   /usr/lib/x86_64-linux-gnu/libXtst.so.6.1.0
7f91e130d000-7f91e1316000 r-xp 00000000 08:03 18488279                   /usr/lib/x86_64-linux-gnu/libXrender.so.1.3.0
7f91e1316000-7f91e1515000 ---p 00009000 08:03 18488279                   /usr/lib/x86_64-linux-gnu/libXrender.so.1.3.0
7f91e1515000-7f91e1516000 r--p 00008000 08:03 18488279                   /usr/lib/x86_64-linux-gnu/libXrender.so.1.3.0
7f91e1516000-7f91e1517000 rw-p 00009000 08:03 18488279                   /usr/lib/x86_64-linux-gnu/libXrender.so.1.3.0
7f91e1517000-7f91e1646000 r-xp 00000000 08:03 18488244                   /usr/lib/x86_64-linux-gnu/libX11.so.6.3.0
7f91e1646000-7f91e1846000 ---p 0012f000 08:03 18488244                   /usr/lib/x86_64-linux-gnu/libX11.so.6.3.0
7f91e1846000-7f91e1847000 r--p 0012f000 08:03 18488244                   /usr/lib/x86_64-linux-gnu/libX11.so.6.3.0
7f91e1847000-7f91e184b000 rw-p 00130000 08:03 18488244                   /usr/lib/x86_64-linux-gnu/libX11.so.6.3.0
7f91e184b000-7f91e185b000 r-xp 00000000 08:03 18488259                   /usr/lib/x86_64-linux-gnu/libXext.so.6.4.0
7f91e185b000-7f91e1a5a000 ---p 00010000 08:03 18488259                   /usr/lib/x86_64-linux-gnu/libXext.so.6.4.0
7f91e1a5a000-7f91e1a5b000 r--p 0000f000 08:03 18488259                   /usr/lib/x86_64-linux-gnu/libXext.so.6.4.0
7f91e1a5b000-7f91e1a5c000 rw-p 00010000 08:03 18488259                   /usr/lib/x86_64-linux-gnu/libXext.so.6.4.0
7f91e1a5c000-7f91e1aa7000 r-xp 00000000 08:03 18618972                   /usr/lib/jvm/java-6-openjdk-amd64/jre/lib/amd64/xawt/libmawt.so
7f91e1aa7000-7f91e1ca7000 ---p 0004b000 08:03 18618972                   /usr/lib/jvm/java-6-openjdk-amd64/jre/lib/amd64/xawt/libmawt.so
7f91e1ca7000-7f91e1ca8000 r--p 0004b000 08:03 18618972                   /usr/lib/jvm/java-6-openjdk-amd64/jre/lib/amd64/xawt/libmawt.so
7f91e1ca8000-7f91e1cab000 rw-p 0004c000 08:03 18618972                   /usr/lib/jvm/java-6-openjdk-amd64/jre/lib/amd64/xawt/libmawt.so
7f91e1cab000-7f91e1cac000 rw-p 00000000 00:00 0 
7f91e1cac000-7f91e1d58000 r-xp 00000000 08:03 18618874                   /usr/lib/jvm/java-6-openjdk-amd64/jre/lib/amd64/libawt.so
7f91e1d58000-7f91e1f57000 ---p 000ac000 08:03 18618874                   /usr/lib/jvm/java-6-openjdk-amd64/jre/lib/amd64/libawt.so
7f91e1f57000-7f91e1f58000 r--p 000ab000 08:03 18618874                   /usr/lib/jvm/java-6-openjdk-amd64/jre/lib/amd64/libawt.so
7f91e1f58000-7f91e1f63000 rw-p 000ac000 08:03 18618874                   /usr/lib/jvm/java-6-openjdk-amd64/jre/lib/amd64/libawt.so
7f91e1f63000-7f91e1f88000 rw-p 00000000 00:00 0 
7f91e1f88000-7f91e1f89000 ---p 00000000 00:00 0 
7f91e1f89000-7f91e2089000 rw-p 00000000 00:00 0 
7f91e2089000-7f91e208c000 ---p 00000000 00:00 0 
7f91e208c000-7f91e218a000 rw-p 00000000 00:00 0 
7f91e218a000-7f91e218d000 ---p 00000000 00:00 0 
7f91e218d000-7f91e228b000 rw-p 00000000 00:00 0 
7f91e228b000-7f91e228e000 ---p 00000000 00:00 0 
7f91e228e000-7f91e238c000 rw-p 00000000 00:00 0 
7f91e238c000-7f91e238f000 ---p 00000000 00:00 0 
7f91e238f000-7f91e248d000 rw-p 00000000 00:00 0 
7f91e248d000-7f91e2b70000 r--p 00000000 08:03 18487587                   /usr/lib/locale/locale-archive
7f91e2b70000-7f91e2b73000 ---p 00000000 00:00 0 
7f91e2b73000-7f91e2c71000 rw-p 00000000 00:00 0 
7f91e2c71000-7f91e2c74000 ---p 00000000 00:00 0 
7f91e2c74000-7f91e2d72000 rw-p 00000000 00:00 0 
7f91e2d72000-7f91e2d73000 ---p 00000000 00:00 0 
7f91e2d73000-7f91e3378000 rw-p 00000000 00:00 0 
7f91e3378000-7f91e350a000 r--s 037bf000 08:03 18618843                   /usr/lib/jvm/java-6-openjdk-amd64/jre/lib/rt.jar
7f91e350a000-7f91e350b000 ---p 00000000 00:00 0 
7f91e350b000-7f91e360b000 rw-p 00000000 00:00 0 
7f91e360b000-7f91e360c000 ---p 00000000 00:00 0 
7f91e360c000-7f91e370c000 rw-p 00000000 00:00 0 
7f91e370c000-7f91e370d000 ---p 00000000 00:00 0 
7f91e370d000-7f91e380d000 rw-p 00000000 00:00 0 
7f91e380d000-7f91e380e000 ---p 00000000 00:00 0 
7f91e380e000-7f91e3935000 rw-p 00000000 00:00 0 
7f91e3935000-7f91e3b7c000 rw-p 00000000 00:00 0 
7f91e3b7c000-7f91e3b87000 rw-p 00000000 00:00 0 
7f91e3b87000-7f91e3bcf000 rw-p 00000000 00:00 0 
7f91e3bcf000-7f91e3bf6000 rw-p 00000000 00:00 0 
7f91e3bf6000-7f91e3e3d000 rw-p 00000000 00:00 0 
7f91e3e3d000-7f91e3e51000 rw-p 00000000 00:00 0 
7f91e3e51000-7f91e3f74000 rw-p 00000000 00:00 0 
7f91e3f74000-7f91e3f75000 rw-p 00000000 00:00 0 
7f91e3f75000-7f91e41e5000 rwxp 00000000 00:00 0 
7f91e41e5000-7f91e6f75000 rw-p 00000000 00:00 0 
7f91e6f75000-7f91e6f7c000 r-xp 00000000 08:03 18618888                   /usr/lib/jvm/java-6-openjdk-amd64/jre/lib/amd64/libzip.so
7f91e6f7c000-7f91e717b000 ---p 00007000 08:03 18618888                   /usr/lib/jvm/java-6-openjdk-amd64/jre/lib/amd64/libzip.so
7f91e717b000-7f91e717c000 r--p 00006000 08:03 18618888                   /usr/lib/jvm/java-6-openjdk-amd64/jre/lib/amd64/libzip.so
7f91e717c000-7f91e717d000 rw-p 00007000 08:03 18618888                   /usr/lib/jvm/java-6-openjdk-amd64/jre/lib/amd64/libzip.so
7f91e717d000-7f91e7189000 r-xp 00000000 08:03 21758081                   /lib/x86_64-linux-gnu/libnss_files-2.15.so
7f91e7189000-7f91e7388000 ---p 0000c000 08:03 21758081                   /lib/x86_64-linux-gnu/libnss_files-2.15.so
7f91e7388000-7f91e7389000 r--p 0000b000 08:03 21758081                   /lib/x86_64-linux-gnu/libnss_files-2.15.so
7f91e7389000-7f91e738a000 rw-p 0000c000 08:03 21758081                   /lib/x86_64-linux-gnu/libnss_files-2.15.so
7f91e738a000-7f91e7394000 r-xp 00000000 08:03 21758077                   /lib/x86_64-linux-gnu/libnss_nis-2.15.so
7f91e7394000-7f91e7594000 ---p 0000a000 08:03 21758077                   /lib/x86_64-linux-gnu/libnss_nis-2.15.so
7f91e7594000-7f91e7595000 r--p 0000a000 08:03 21758077                   /lib/x86_64-linux-gnu/libnss_nis-2.15.so
7f91e7595000-7f91e7596000 rw-p 0000b000 08:03 21758077                   /lib/x86_64-linux-gnu/libnss_nis-2.15.so
7f91e7596000-7f91e75ad000 r-xp 00000000 08:03 21761730                   /lib/x86_64-linux-gnu/libnsl-2.15.so
7f91e75ad000-7f91e77ac000 ---p 00017000 08:03 21761730                   /lib/x86_64-linux-gnu/libnsl-2.15.so
7f91e77ac000-7f91e77ad000 r--p 00016000 08:03 21761730                   /lib/x86_64-linux-gnu/libnsl-2.15.so
7f91e77ad000-7f91e77ae000 rw-p 00017000 08:03 21761730                   /lib/x86_64-linux-gnu/libnsl-2.15.so
7f91e77ae000-7f91e77b0000 rw-p 00000000 00:00 0 
7f91e77b0000-7f91e77b8000 r-xp 00000000 08:03 21758082                   /lib/x86_64-linux-gnu/libnss_compat-2.15.so
7f91e77b8000-7f91e79b7000 ---p 00008000 08:03 21758082                   /lib/x86_64-linux-gnu/libnss_compat-2.15.so
7f91e79b7000-7f91e79b8000 r--p 00007000 08:03 21758082                   /lib/x86_64-linux-gnu/libnss_compat-2.15.so
7f91e79b8000-7f91e79b9000 rw-p 00008000 08:03 21758082                   /lib/x86_64-linux-gnu/libnss_compat-2.15.so
7f91e79b9000-7f91e79e5000 r-xp 00000000 08:03 18618873                   /usr/lib/jvm/java-6-openjdk-amd64/jre/lib/amd64/libjava.so
7f91e79e5000-7f91e7be4000 ---p 0002c000 08:03 18618873                   /usr/lib/jvm/java-6-openjdk-amd64/jre/lib/amd64/libjava.so
7f91e7be4000-7f91e7be5000 r--p 0002b000 08:03 18618873                   /usr/lib/jvm/java-6-openjdk-amd64/jre/lib/amd64/libjava.so
7f91e7be5000-7f91e7be8000 rw-p 0002c000 08:03 18618873                   /usr/lib/jvm/java-6-openjdk-amd64/jre/lib/amd64/libjava.so
7f91e7be8000-7f91e7bf6000 r-xp 00000000 08:03 18618872                   /usr/lib/jvm/java-6-openjdk-amd64/jre/lib/amd64/libverify.so
7f91e7bf6000-7f91e7df5000 ---p 0000e000 08:03 18618872                   /usr/lib/jvm/java-6-openjdk-amd64/jre/lib/amd64/libverify.so
7f91e7df5000-7f91e7df7000 r--p 0000d000 08:03 18618872                   /usr/lib/jvm/java-6-openjdk-amd64/jre/lib/amd64/libverify.so
7f91e7df7000-7f91e7df8000 rw-p 0000f000 08:03 18618872                   /usr/lib/jvm/java-6-openjdk-amd64/jre/lib/amd64/libverify.so
7f91e7df8000-7f91e7dff000 r-xp 00000000 08:03 21758075                   /lib/x86_64-linux-gnu/librt-2.15.so
7f91e7dff000-7f91e7ffe000 ---p 00007000 08:03 21758075                   /lib/x86_64-linux-gnu/librt-2.15.so
7f91e7ffe000-7f91e7fff000 r--p 00006000 08:03 21758075                   /lib/x86_64-linux-gnu/librt-2.15.so
7f91e7fff000-7f91e8000000 rw-p 00007000 08:03 21758075                   /lib/x86_64-linux-gnu/librt-2.15.so
7f91e8000000-7f91e8dc8000 rw-p 00000000 00:00 0 
7f91e8dc8000-7f91ec000000 ---p 00000000 00:00 0 
7f91ec000000-7f91ec001000 r--s 00001000 08:03 15598500                   /home/arwilczek90/workspace/Elements/lib/slick/lib/jogg-0.0.7.jar
7f91ec001000-7f91ec005000 r--s 00000000 08:03 19927452                   /var/cache/fontconfig/7ef2298fde41cc6eeb7af42e48b7d293-le64.cache-3
7f91ec005000-7f91ec015000 r--s 00000000 08:03 19927106                   /var/cache/fontconfig/04aabc0a78ac019cf9454389977116d2-le64.cache-3
7f91ec015000-7f91ec018000 r--s 00000000 08:03 19927112                   /var/cache/fontconfig/385c0604a188198f04d133e54aba7fe7-le64.cache-3
7f91ec018000-7f91ec019000 r--s 00000000 08:03 19927113                   /var/cache/fontconfig/4794a0821666d79190d59a36cb4f44b5-le64.cache-3
7f91ec019000-7f91ec01c000 r--s 00000000 08:03 19927121                   /var/cache/fontconfig/8801497958630a81b71ace7c5f9b32a8-le64.cache-3
7f91ec01c000-7f91ec04a000 r--s 00000000 08:03 19927454                   /var/cache/fontconfig/365b55f210c0a22e9a19e35191240f32-le64.cache-3
7f91ec04a000-7f91ec05a000 r--s 00000000 08:03 19927130                   /var/cache/fontconfig/d52a8644073d54c13679302ca1180695-le64.cache-3
7f91ec05a000-7f91ec0c0000 rw-p 00000000 00:00 0 
7f91ec0c0000-7f91ec108000 rw-p 00000000 00:00 0 
7f91ec108000-7f91ec11d000 r-xp 00000000 08:03 21761542                   /lib/x86_64-linux-gnu/libgcc_s.so.1
7f91ec11d000-7f91ec31c000 ---p 00015000 08:03 21761542                   /lib/x86_64-linux-gnu/libgcc_s.so.1
7f91ec31c000-7f91ec31d000 r--p 00014000 08:03 21761542                   /lib/x86_64-linux-gnu/libgcc_s.so.1
7f91ec31d000-7f91ec31e000 rw-p 00015000 08:03 21761542                   /lib/x86_64-linux-gnu/libgcc_s.so.1
7f91ec31e000-7f91ec417000 r-xp 00000000 08:03 21758079                   /lib/x86_64-linux-gnu/libm-2.15.so
7f91ec417000-7f91ec616000 ---p 000f9000 08:03 21758079                   /lib/x86_64-linux-gnu/libm-2.15.so
7f91ec616000-7f91ec617000 r--p 000f8000 08:03 21758079                   /lib/x86_64-linux-gnu/libm-2.15.so
7f91ec617000-7f91ec618000 rw-p 000f9000 08:03 21758079                   /lib/x86_64-linux-gnu/libm-2.15.so
7f91ec618000-7f91ec6fa000 r-xp 00000000 08:03 18488773                   /usr/lib/x86_64-linux-gnu/libstdc++.so.6.0.16
7f91ec6fa000-7f91ec8f9000 ---p 000e2000 08:03 18488773                   /usr/lib/x86_64-linux-gnu/libstdc++.so.6.0.16
7f91ec8f9000-7f91ec901000 r--p 000e1000 08:03 18488773                   /usr/lib/x86_64-linux-gnu/libstdc++.so.6.0.16
7f91ec901000-7f91ec903000 rw-p 000e9000 08:03 18488773                   /usr/lib/x86_64-linux-gnu/libstdc++.so.6.0.16
7f91ec903000-7f91ec918000 rw-p 00000000 00:00 0 
7f91ec918000-7f91ed21c000 r-xp 00000000 08:03 18618878                   /usr/lib/jvm/java-6-openjdk-amd64/jre/lib/amd64/server/libjvm.so
7f91ed21c000-7f91ed41c000 ---p 00904000 08:03 18618878                   /usr/lib/jvm/java-6-openjdk-amd64/jre/lib/amd64/server/libjvm.so
7f91ed41c000-7f91ed49c000 r--p 00904000 08:03 18618878                   /usr/lib/jvm/java-6-openjdk-amd64/jre/lib/amd64/server/libjvm.so
7f91ed49c000-7f91ed4b7000 rw-p 00984000 08:03 18618878                   /usr/lib/jvm/java-6-openjdk-amd64/jre/lib/amd64/server/libjvm.so
7f91ed4b7000-7f91ed4e0000 rw-p 00000000 00:00 0 
7f91ed4e0000-7f91ed4f6000 r-xp 00000000 08:03 21761632                   /lib/x86_64-linux-gnu/libz.so.1.2.3.4
7f91ed4f6000-7f91ed6f5000 ---p 00016000 08:03 21761632                   /lib/x86_64-linux-gnu/libz.so.1.2.3.4
7f91ed6f5000-7f91ed6f6000 r--p 00015000 08:03 21761632                   /lib/x86_64-linux-gnu/libz.so.1.2.3.4
7f91ed6f6000-7f91ed6f7000 rw-p 00016000 08:03 21761632                   /lib/x86_64-linux-gnu/libz.so.1.2.3.4
7f91ed6f7000-7f91ed8ac000 r-xp 00000000 08:03 21757975                   /lib/x86_64-linux-gnu/libc-2.15.so
7f91ed8ac000-7f91edaab000 ---p 001b5000 08:03 21757975                   /lib/x86_64-linux-gnu/libc-2.15.so
7f91edaab000-7f91edaaf000 r--p 001b4000 08:03 21757975                   /lib/x86_64-linux-gnu/libc-2.15.so
7f91edaaf000-7f91edab1000 rw-p 001b8000 08:03 21757975                   /lib/x86_64-linux-gnu/libc-2.15.so
7f91edab1000-7f91edab6000 rw-p 00000000 00:00 0 
7f91edab6000-7f91edab8000 r-xp 00000000 08:03 21757964                   /lib/x86_64-linux-gnu/libdl-2.15.so
7f91edab8000-7f91edcb8000 ---p 00002000 08:03 21757964                   /lib/x86_64-linux-gnu/libdl-2.15.so
7f91edcb8000-7f91edcb9000 r--p 00002000 08:03 21757964                   /lib/x86_64-linux-gnu/libdl-2.15.so
7f91edcb9000-7f91edcba000 rw-p 00003000 08:03 21757964                   /lib/x86_64-linux-gnu/libdl-2.15.so
7f91edcba000-7f91edcbe000 r-xp 00000000 08:03 18618855                   /usr/lib/jvm/java-6-openjdk-amd64/jre/lib/amd64/jli/libjli.so
7f91edcbe000-7f91edebd000 ---p 00004000 08:03 18618855                   /usr/lib/jvm/java-6-openjdk-amd64/jre/lib/amd64/jli/libjli.so
7f91edebd000-7f91edebe000 r--p 00003000 08:03 18618855                   /usr/lib/jvm/java-6-openjdk-amd64/jre/lib/amd64/jli/libjli.so
7f91edebe000-7f91edebf000 rw-p 00004000 08:03 18618855                   /usr/lib/jvm/java-6-openjdk-amd64/jre/lib/amd64/jli/libjli.so
7f91edebf000-7f91eded7000 r-xp 00000000 08:03 21758073                   /lib/x86_64-linux-gnu/libpthread-2.15.so
7f91eded7000-7f91ee0d6000 ---p 00018000 08:03 21758073                   /lib/x86_64-linux-gnu/libpthread-2.15.so
7f91ee0d6000-7f91ee0d7000 r--p 00017000 08:03 21758073                   /lib/x86_64-linux-gnu/libpthread-2.15.so
7f91ee0d7000-7f91ee0d8000 rw-p 00018000 08:03 21758073                   /lib/x86_64-linux-gnu/libpthread-2.15.so
7f91ee0d8000-7f91ee0dc000 rw-p 00000000 00:00 0 
7f91ee0dc000-7f91ee0fe000 r-xp 00000000 08:03 21758085                   /lib/x86_64-linux-gnu/ld-2.15.so
7f91ee0fe000-7f91ee0ff000 r--s 00001000 08:03 15598499                   /home/arwilczek90/workspace/Elements/lib/slick/lib/jnlp.jar
7f91ee0ff000-7f91ee100000 r--s 00007000 08:03 15597697                   /home/arwilczek90/workspace/Elements/lib/slick/applet/lwjgl_util_applet.jar
7f91ee100000-7f91ee105000 r--s 00000000 08:03 19927110                   /var/cache/fontconfig/3047814df9a2f067bd2d96a2b9c36e5a-le64.cache-3
7f91ee105000-7f91ee106000 r--s 00000000 08:03 19927115                   /var/cache/fontconfig/56cf4f4769d0f4abc89a4895d7bd3ae1-le64.cache-3
7f91ee106000-7f91ee10b000 r--s 00000000 08:03 19927125                   /var/cache/fontconfig/b47c4e1ecd0709278f4910c18777a504-le64.cache-3
7f91ee10b000-7f91ee10e000 r--s 00000000 08:03 19927196                   /var/cache/fontconfig/e13b20fdb08344e0e664864cc2ede53d-le64.cache-3
7f91ee10e000-7f91ee112000 r--s 00000000 08:03 19927452                   /var/cache/fontconfig/7ef2298fde41cc6eeb7af42e48b7d293-le64.cache-3
7f91ee112000-7f91ee115000 r--s 0007d000 08:03 18618443                   /usr/lib/jvm/java-6-openjdk-common/jre/lib/jsse.jar
7f91ee115000-7f91ee11c000 r--s 00073000 08:03 15597691                   /home/arwilczek90/workspace/Elements/lib/lwjgl.jar
7f91ee11c000-7f91ee126000 rw-p 00000000 00:00 0 
7f91ee126000-7f91ee1dc000 rw-p 00000000 00:00 0 
7f91ee1dc000-7f91ee1df000 ---p 00000000 00:00 0 
7f91ee1df000-7f91ee2e2000 rw-p 00000000 00:00 0 
7f91ee2e2000-7f91ee2e3000 r--s 00000000 08:03 19927126                   /var/cache/fontconfig/b9d506c9ac06c20b433354fa67a72993-le64.cache-3
7f91ee2e3000-7f91ee2e5000 r--s 0000f000 08:03 18618803                   /usr/lib/jvm/java-6-openjdk-common/jre/lib/ext/pulse-java.jar
7f91ee2e5000-7f91ee2e8000 r--s 00077000 08:03 18618797                   /usr/lib/jvm/java-6-openjdk-common/jre/lib/ext/localedata.jar
7f91ee2e8000-7f91ee2e9000 r--s 00007000 08:03 18748229                   /usr/share/java/java-atk-wrapper.jar
7f91ee2e9000-7f91ee2eb000 r--s 00001000 08:03 18618801                   /usr/lib/jvm/java-6-openjdk-common/jre/lib/ext/dnsns.jar
7f91ee2eb000-7f91ee2ef000 r--s 00038000 08:03 18618795                   /usr/lib/jvm/java-6-openjdk-common/jre/lib/ext/sunpkcs11.jar
7f91ee2ef000-7f91ee2f2000 r--s 00031000 08:03 18618799                   /usr/lib/jvm/java-6-openjdk-common/jre/lib/ext/sunjce_provider.jar
7f91ee2f2000-7f91ee2fa000 rw-s 00000000 08:03 8126514                    /tmp/hsperfdata_arwilczek90/16198 (deleted)
7f91ee2fa000-7f91ee2fb000 rw-p 00000000 00:00 0 
7f91ee2fb000-7f91ee2fc000 ---p 00000000 00:00 0 
7f91ee2fc000-7f91ee2fe000 rw-p 00000000 00:00 0 
7f91ee2fe000-7f91ee2ff000 r--p 00022000 08:03 21758085                   /lib/x86_64-linux-gnu/ld-2.15.so
7f91ee2ff000-7f91ee301000 rw-p 00023000 08:03 21758085                   /lib/x86_64-linux-gnu/ld-2.15.so
7fff954ab000-7fff954cc000 rw-p 00000000 00:00 0                          [stack]
7fff955ff000-7fff95600000 r-xp 00000000 00:00 0                          [vdso]
ffffffffff600000-ffffffffff601000 r-xp 00000000 00:00 0                  [vsyscall]

VM Arguments:
jvm_args: -Djava.library.path=/home/arwilczek90/workspace/Elements/lib/slick:/home/arwilczek90/workspace/Elements/lib/slick -Dfile.encoding=UTF-8 
java_command: com.hack.elements.view.Main
Launcher Type: SUN_STANDARD

Environment Variables:
PATH=/usr/lib/lightdm/lightdm:/usr/local/sbin:/usr/local/bin:/usr/sbin:/usr/bin:/sbin:/bin:/usr/games
LD_LIBRARY_PATH=/usr/lib/jvm/java-6-openjdk-amd64/jre/lib/amd64/server:/usr/lib/jvm/java-6-openjdk-amd64/jre/lib/amd64:/usr/lib/jvm/java-6-openjdk-amd64/jre/../lib/amd64
SHELL=/bin/bash
DISPLAY=:0.0

Signal Handlers:
SIGSEGV: [libjvm.so+0x784310], sa_mask[0]=0x7ffbfeff, sa_flags=0x10000004
SIGBUS: [libjvm.so+0x784310], sa_mask[0]=0x7ffbfeff, sa_flags=0x10000004
SIGFPE: [libjvm.so+0x648580], sa_mask[0]=0x7ffbfeff, sa_flags=0x10000004
SIGPIPE: [libjvm.so+0x648580], sa_mask[0]=0x7ffbfeff, sa_flags=0x10000004
SIGXFSZ: [libjvm.so+0x648580], sa_mask[0]=0x7ffbfeff, sa_flags=0x10000004
SIGILL: [libjvm.so+0x648580], sa_mask[0]=0x7ffbfeff, sa_flags=0x10000004
SIGUSR1: SIG_DFL, sa_mask[0]=0x00000000, sa_flags=0x00000000
SIGUSR2: [libjvm.so+0x648730], sa_mask[0]=0x00000004, sa_flags=0x10000004
SIGHUP: [libjvm.so+0x64b250], sa_mask[0]=0x7ffbfeff, sa_flags=0x10000004
SIGINT: [libjvm.so+0x64b250], sa_mask[0]=0x7ffbfeff, sa_flags=0x10000004
SIGTERM: [libjvm.so+0x64b250], sa_mask[0]=0x7ffbfeff, sa_flags=0x10000004
SIGQUIT: [libjvm.so+0x64b250], sa_mask[0]=0x7ffbfeff, sa_flags=0x10000004


---------------  S Y S T E M  ---------------

OS:Ubuntu 12.04 (precise)
uname:Linux 3.2.0-32-generic #51-Ubuntu SMP Wed Sep 26 21:33:09 UTC 2012 x86_64
libc:glibc 2.15 NPTL 2.15 
rlimit: STACK 8192k, CORE 0k, NPROC 59545, NOFILE 4096, AS infinity
load average:0.34 0.61 0.81

/proc/meminfo:
MemTotal:        7639648 kB
MemFree:         4261880 kB
Buffers:          123216 kB
Cached:          1217544 kB
SwapCached:            0 kB
Active:          2157384 kB
Inactive:         744416 kB
Active(anon):    1561504 kB
Inactive(anon):    15400 kB
Active(file):     595880 kB
Inactive(file):   729016 kB
Unevictable:          20 kB
Mlocked:              20 kB
SwapTotal:       3818492 kB
SwapFree:        3818492 kB
Dirty:               488 kB
Writeback:             0 kB
AnonPages:       1561064 kB
Mapped:           302576 kB
Shmem:             15868 kB
Slab:             106420 kB
SReclaimable:      75736 kB
SUnreclaim:        30684 kB
KernelStack:        4096 kB
PageTables:        33640 kB
NFS_Unstable:          0 kB
Bounce:                0 kB
WritebackTmp:          0 kB
CommitLimit:     7638316 kB
Committed_AS:    4175984 kB
VmallocTotal:   34359738367 kB
VmallocUsed:      116912 kB
VmallocChunk:   34359619344 kB
HardwareCorrupted:     0 kB
AnonHugePages:         0 kB
HugePages_Total:       0
HugePages_Free:        0
HugePages_Rsvd:        0
HugePages_Surp:        0
Hugepagesize:       2048 kB
DirectMap4k:      329728 kB
DirectMap2M:     5416960 kB
DirectMap1G:     2097152 kB


CPU:total 4 (4 cores per cpu, 1 threads per core) family 18 model 1 stepping 0, cmov, cx8, fxsr, mmx, sse, sse2, sse3, popcnt, mmxext, 3dnowpref, lzcnt, sse4a

Memory: 4k page, physical 7639648k(4261880k free), swap 3818492k(3818492k free)

vm_info: OpenJDK 64-Bit Server VM (20.0-b12) for linux-amd64 JRE (1.6.0_24-b24), built on Sep  2 2012 19:50:47 by "buildd" with gcc 4.6.3

time: Sat Oct 13 21:11:44 2012
elapsed time: 2 seconds

