#
# A fatal error has been detected by the Java Runtime Environment:
#
#  SIGSEGV (0xb) at pc=0x00007f588d68bc58, pid=12956, tid=140018332780288
#
# JRE version: 6.0_24-b24
# Java VM: OpenJDK 64-Bit Server VM (20.0-b12 mixed mode linux-amd64 compressed oops)
# Derivative: IcedTea6 1.11.4
# Distribution: Ubuntu 12.04 LTS, package 6b24-1.11.4-1ubuntu0.12.04.1
# Problematic frame:
# C  [libX11.so.6+0x33c58]  XQueryExtension+0x28
#
# If you would like to submit a bug report, please include
# instructions how to reproduce the bug and visit:
#   https://bugs.launchpad.net/ubuntu/+source/openjdk-6/
#

---------------  T H R E A D  ---------------

Current thread (0x00007f5894070000):  VMThread [stack: 0x00007f588eecc000,0x00007f588efcd000] [id=12966]

siginfo:si_signo=SIGSEGV: si_errno=0, si_code=1 (SEGV_MAPERR), si_addr=0xffffffff94200ff8

Registers:
RAX=0x00007f5868000bd0, RBX=0xffffffff94200690, RCX=0x00007f588efcb9d8, RDX=0x00007f588efcb9d4
RSP=0x00007f588efcb970, RBP=0x00007f588746d932, RSI=0x00007f588746d932, RDI=0xffffffff94200690
R8 =0x00007f588efcb9dc, R9 =0x0000000000000010, R10=0x00007f5899bbcfa8, R11=0x0000000000000000
R12=0x0000000000000000, R13=0x00007f588746d932, R14=0x00007f5868000bd0, R15=0x0000000000000000
RIP=0x00007f588d68bc58, EFLAGS=0x0000000000010202, CSGSFS=0x0000000000000033, ERR=0x0000000000000005
  TRAPNO=0x000000000000000e

Top of Stack: (sp=0x00007f588efcb970)
0x00007f588efcb970:   0000000000000000 0000003000000003
0x00007f588efcb980:   0000006e0000005b 0000007c00000077
0x00007f588efcb990:   00000000ffffffff ffffffff94200690
0x00007f588efcb9a0:   00007f588746d932 0000000000000000
0x00007f588efcb9b0:   00007f588746d932 00007f5868000bd0
0x00007f588efcb9c0:   0000000000000000 00007f588d67fc55
0x00007f588efcb9d0:   00007f589a409048 00007f58875a6520
0x00007f588efcb9e0:   00007f58875a6520 ffffffff94200690
0x00007f588efcb9f0:   00007f5894177310 00007f588d99902b
0x00007f588efcba00:   00007f589980f790 000000110000002c
0x00007f588efcba10:   00007f588efcba90 0000000000000000
0x00007f588efcba20:   00007f588efcba90 ffffffff94200690
0x00007f588efcba30:   0000000000000000 00007f589a409048
0x00007f588efcba40:   00007f58875bfd50 00007f5887414119
0x00007f588efcba50:   0000000000000000 000000000000002c
0x00007f588efcba60:   00007f588efcba90 00007f588efcbab0
0x00007f588efcba70:   0000000000000000 00007f589a409048
0x00007f588efcba80:   00007f58942001f0 00007f588740ab42
0x00007f588efcba90:   00007f588efcbc80 00007f588746d8b1
0x00007f588efcbaa0:   00007f588efcbc80 00007f589a1f592d
0x00007f588efcbab0:   00007f589a40a2c8 00007f589a40a858
0x00007f588efcbac0:   00007f589a3eb000 00007f5894006a00
0x00007f588efcbad0:   00007f5894007510 00007f5894006eb0
0x00007f588efcbae0:   00007f5894007a10 00007f589400c6f0
0x00007f588efcbaf0:   00007f5894103530 00007f5894103a10
0x00007f588efcbb00:   00007f589a3ea000 00007f58941fcbf0
0x00007f588efcbb10:   00007f58941f7320 00007f58941f77c0
0x00007f588efcbb20:   00007f58941fd0c0 00007f58941fd560
0x00007f588efcbb30:   00007f58941fda00 00007f58940ee100
0x00007f588efcbb40:   00007f58940ed730 00007f58940025e0
0x00007f588efcbb50:   00007f5894001ec0 00000000012ce5f0
0x00007f588efcbb60:   00000000012ceb60 00000000012cf570 

Instructions: (pc=0x00007f588d68bc58)
0x00007f588d68bc38:   24 d8 48 89 fb 4c 89 64 24 e0 4c 89 6c 24 e8 48
0x00007f588d68bc48:   89 f5 4c 89 74 24 f0 4c 89 7c 24 f8 48 83 ec 58
0x00007f588d68bc58:   48 8b 87 68 09 00 00 49 89 d4 49 89 cd 4d 89 c6
0x00007f588d68bc68:   48 85 c0 74 02 ff 10 ba 08 00 00 00 be 62 00 00 

Register to memory mapping:

RAX=0x00007f5868000bd0 is an unknown value
RBX=0xffffffff94200690 is an unknown value
RCX=0x00007f588efcb9d8 is an unknown value
RDX=0x00007f588efcb9d4 is an unknown value
RSP=0x00007f588efcb970 is an unknown value
RBP=0x00007f588746d932: <offset 0x96932> in /usr/lib/fglrx/libGL.so.1 at 0x00007f58873d7000
RSI=0x00007f588746d932: <offset 0x96932> in /usr/lib/fglrx/libGL.so.1 at 0x00007f58873d7000
RDI=0xffffffff94200690 is an unknown value
R8 =0x00007f588efcb9dc is an unknown value
R9 =0x0000000000000010 is an unknown value
R10=0x00007f5899bbcfa8: <offset 0x3bbfa8> in /lib/x86_64-linux-gnu/libc.so.6 at 0x00007f5899801000
R11=0x0000000000000000 is an unknown value
R12=0x0000000000000000 is an unknown value
R13=0x00007f588746d932: <offset 0x96932> in /usr/lib/fglrx/libGL.so.1 at 0x00007f58873d7000
R14=0x00007f5868000bd0 is an unknown value
R15=0x0000000000000000 is an unknown value


Stack: [0x00007f588eecc000,0x00007f588efcd000],  sp=0x00007f588efcb970,  free space=1022k
Native frames: (J=compiled Java code, j=interpreted, Vv=VM code, C=native code)
C  [libX11.so.6+0x33c58]  XQueryExtension+0x28

VM_Operation (0x00007f589a3e5680): Exit, mode: safepoint, requested by thread 0x00007f5894008800


---------------  P R O C E S S  ---------------

Java Threads: ( => current thread )
  0x00007f58949f1000 JavaThread "Thread-3" [_thread_blocked, id=13003, stack(0x00007f58842a3000,0x00007f58843a4000)]
  0x00007f5894ac8800 JavaThread "Thread-2" daemon [_thread_blocked, id=12977, stack(0x00007f58844a7000,0x00007f58845a8000)]
  0x00007f58941fc000 JavaThread "AWT-XAWT" daemon [_thread_in_native, id=12976, stack(0x00007f588c2ba000,0x00007f588c3bb000)]
  0x00007f5894131800 JavaThread "Java2D Disposer" daemon [_thread_blocked, id=12974, stack(0x00007f588c439000,0x00007f588c53a000)]
  0x00007f589409e800 JavaThread "Low Memory Detector" daemon [_thread_blocked, id=12972, stack(0x00007f588e1e3000,0x00007f588e2e4000)]
  0x00007f589409c000 JavaThread "C2 CompilerThread1" daemon [_thread_blocked, id=12971, stack(0x00007f588e2e4000,0x00007f588e3e5000)]
  0x00007f5894099800 JavaThread "C2 CompilerThread0" daemon [_thread_blocked, id=12970, stack(0x00007f588e3e5000,0x00007f588e4e6000)]
  0x00007f5894098000 JavaThread "Signal Dispatcher" daemon [_thread_blocked, id=12969, stack(0x00007f588e4e6000,0x00007f588e5e7000)]
  0x00007f5894079000 JavaThread "Finalizer" daemon [_thread_blocked, id=12968, stack(0x00007f588ecca000,0x00007f588edcb000)]
  0x00007f5894077000 JavaThread "Reference Handler" daemon [_thread_blocked, id=12967, stack(0x00007f588edcb000,0x00007f588eecc000)]
  0x00007f5894008800 JavaThread "main" [_thread_blocked, id=12961, stack(0x00007f589a2e6000,0x00007f589a3e7000)]

Other Threads:
=>0x00007f5894070000 VMThread [stack: 0x00007f588eecc000,0x00007f588efcd000] [id=12966]

VM state:at safepoint (shutting down)

VM Mutex/Monitor currently owned by a thread:  ([mutex/lock_event])
[0x00007f5894004dd0] Threads_lock - owner thread: 0x00007f5894070000

Heap
 PSYoungGen      total 34880K, used 8554K [0x00000000d9200000, 0x00000000db8e0000, 0x0000000100000000)
  eden space 29952K, 22% used [0x00000000d9200000,0x00000000d98b6930,0x00000000daf40000)
  from space 4928K, 34% used [0x00000000daf40000,0x00000000db0e4020,0x00000000db410000)
  to   space 4928K, 0% used [0x00000000db410000,0x00000000db410000,0x00000000db8e0000)
 PSOldGen        total 79616K, used 0K [0x000000008b600000, 0x00000000903c0000, 0x00000000d9200000)
  object space 79616K, 0% used [0x000000008b600000,0x000000008b600000,0x00000000903c0000)
 PSPermGen       total 21248K, used 11428K [0x0000000081000000, 0x00000000824c0000, 0x000000008b600000)
  object space 21248K, 53% used [0x0000000081000000,0x0000000081b292c8,0x00000000824c0000)

Code Cache  [0x00007f589017d000, 0x00007f58903ed000, 0x00007f589317d000)
 total_blobs=717 nmethods=232 adapters=439 free_code_cache=49270208 largest_free_block=9344

Dynamic libraries:
00400000-00409000 r-xp 00000000 08:03 18618890                           /usr/lib/jvm/java-6-openjdk-amd64/jre/bin/java
00608000-00609000 r--p 00008000 08:03 18618890                           /usr/lib/jvm/java-6-openjdk-amd64/jre/bin/java
00609000-0060a000 rw-p 00009000 08:03 18618890                           /usr/lib/jvm/java-6-openjdk-amd64/jre/bin/java
012ce000-012ef000 rw-p 00000000 00:00 0                                  [heap]
81000000-824c0000 rw-p 00000000 00:00 0 
824c0000-8b600000 rw-p 00000000 00:00 0 
8b600000-903c0000 rw-p 00000000 00:00 0 
903c0000-d9200000 rw-p 00000000 00:00 0 
d9200000-db8e0000 rw-p 00000000 00:00 0 
db8e0000-100000000 rw-p 00000000 00:00 0 
7f5838000000-7f5838021000 rw-p 00000000 00:00 0 
7f5838021000-7f583c000000 ---p 00000000 00:00 0 
7f5840000000-7f5840021000 rw-p 00000000 00:00 0 
7f5840021000-7f5844000000 ---p 00000000 00:00 0 
7f5844000000-7f5844021000 rw-p 00000000 00:00 0 
7f5844021000-7f5848000000 ---p 00000000 00:00 0 
7f5848000000-7f5848021000 rw-p 00000000 00:00 0 
7f5848021000-7f584c000000 ---p 00000000 00:00 0 
7f584c000000-7f584c021000 rw-p 00000000 00:00 0 
7f584c021000-7f5850000000 ---p 00000000 00:00 0 
7f5850000000-7f5850021000 rw-p 00000000 00:00 0 
7f5850021000-7f5854000000 ---p 00000000 00:00 0 
7f5854000000-7f5854021000 rw-p 00000000 00:00 0 
7f5854021000-7f5858000000 ---p 00000000 00:00 0 
7f5858000000-7f5858c97000 rw-p 00000000 00:00 0 
7f5858c97000-7f585c000000 ---p 00000000 00:00 0 
7f585c000000-7f585d082000 rw-p 00000000 00:00 0 
7f585d082000-7f5860000000 ---p 00000000 00:00 0 
7f5860000000-7f5860021000 rw-p 00000000 00:00 0 
7f5860021000-7f5864000000 ---p 00000000 00:00 0 
7f5864000000-7f5864021000 rw-p 00000000 00:00 0 
7f5864021000-7f5868000000 ---p 00000000 00:00 0 
7f5868000000-7f5868021000 rw-p 00000000 00:00 0 
7f5868021000-7f586c000000 ---p 00000000 00:00 0 
7f586c000000-7f586c021000 rw-p 00000000 00:00 0 
7f586c021000-7f5870000000 ---p 00000000 00:00 0 
7f5870000000-7f5870021000 rw-p 00000000 00:00 0 
7f5870021000-7f5874000000 ---p 00000000 00:00 0 
7f5878000000-7f5878021000 rw-p 00000000 00:00 0 
7f5878021000-7f587c000000 ---p 00000000 00:00 0 
7f5880000000-7f5880021000 rw-p 00000000 00:00 0 
7f5880021000-7f5884000000 ---p 00000000 00:00 0 
7f58841a2000-7f58841a5000 ---p 00000000 00:00 0 
7f58841a5000-7f58842a3000 rw-p 00000000 00:00 0 
7f58842a3000-7f58842a6000 ---p 00000000 00:00 0 
7f58842a6000-7f58843a4000 rw-p 00000000 00:00 0 
7f58843a4000-7f58843a7000 r-xp 00000000 08:03 15602613                   /home/arwilczek90/workspace/Elements/lib/slick/libjinput-linux64.so
7f58843a7000-7f58844a6000 ---p 00003000 08:03 15602613                   /home/arwilczek90/workspace/Elements/lib/slick/libjinput-linux64.so
7f58844a6000-7f58844a7000 rw-p 00002000 08:03 15602613                   /home/arwilczek90/workspace/Elements/lib/slick/libjinput-linux64.so
7f58844a7000-7f58844aa000 ---p 00000000 00:00 0 
7f58844aa000-7f58845a8000 rw-p 00000000 00:00 0 
7f58845a8000-7f5884ca8000 rw-s 00006000 00:05 10225                      /dev/ati/card0
7f5884ca8000-7f5884caa000 r-xp 00000000 08:03 18488267                   /usr/lib/x86_64-linux-gnu/libXinerama.so.1.0.0
7f5884caa000-7f5884ea9000 ---p 00002000 08:03 18488267                   /usr/lib/x86_64-linux-gnu/libXinerama.so.1.0.0
7f5884ea9000-7f5884eaa000 r--p 00001000 08:03 18488267                   /usr/lib/x86_64-linux-gnu/libXinerama.so.1.0.0
7f5884eaa000-7f5884eab000 rw-p 00002000 08:03 18488267                   /usr/lib/x86_64-linux-gnu/libXinerama.so.1.0.0
7f5884eab000-7f5884ee6000 r-xp 00000000 08:03 19009508                   /usr/lib/fglrx/libatiadlxx.so
7f5884ee6000-7f5884fe6000 ---p 0003b000 08:03 19009508                   /usr/lib/fglrx/libatiadlxx.so
7f5884fe6000-7f5884fef000 rw-p 0003b000 08:03 19009508                   /usr/lib/fglrx/libatiadlxx.so
7f5884fef000-7f5885000000 rw-p 00000000 00:00 0 
7f5885000000-7f5885007000 r-xp 00000000 08:03 19009532                   /usr/lib/fglrx/libatiuki.so.1.0
7f5885007000-7f5885107000 ---p 00007000 08:03 19009532                   /usr/lib/fglrx/libatiuki.so.1.0
7f5885107000-7f5885108000 rw-p 00007000 08:03 19009532                   /usr/lib/fglrx/libatiuki.so.1.0
7f5885108000-7f5885109000 rw-p 00000000 00:00 0 
7f5885109000-7f5887063000 r-xp 00000000 08:03 19009510                   /usr/lib/fglrx/dri/fglrx_dri.so
7f5887063000-7f5887163000 ---p 01f5a000 08:03 19009510                   /usr/lib/fglrx/dri/fglrx_dri.so
7f5887163000-7f58872b1000 rwxp 01f5a000 08:03 19009510                   /usr/lib/fglrx/dri/fglrx_dri.so
7f58872b1000-7f58873d7000 rwxp 00000000 00:00 0 
7f58873d7000-7f588749a000 r-xp 00000000 08:03 19009512                   /usr/lib/fglrx/libGL.so.1.2
7f588749a000-7f5887599000 ---p 000c3000 08:03 19009512                   /usr/lib/fglrx/libGL.so.1.2
7f5887599000-7f58875c0000 rwxp 000c2000 08:03 19009512                   /usr/lib/fglrx/libGL.so.1.2
7f58875c0000-7f58875e0000 rwxp 00000000 00:00 0 
7f58875e0000-7f58875e1000 r-xp 00000000 08:03 18618886                   /usr/lib/jvm/java-6-openjdk-amd64/jre/lib/amd64/libjawt.so
7f58875e1000-7f58877e0000 ---p 00001000 08:03 18618886                   /usr/lib/jvm/java-6-openjdk-amd64/jre/lib/amd64/libjawt.so
7f58877e0000-7f58877e1000 r--p 00000000 08:03 18618886                   /usr/lib/jvm/java-6-openjdk-amd64/jre/lib/amd64/libjawt.so
7f58877e1000-7f58877e2000 rw-p 00001000 08:03 18618886                   /usr/lib/jvm/java-6-openjdk-amd64/jre/lib/amd64/libjawt.so
7f58877e2000-7f58877e6000 r-xp 00000000 08:03 18488287                   /usr/lib/x86_64-linux-gnu/libXxf86vm.so.1.0.0
7f58877e6000-7f58879e5000 ---p 00004000 08:03 18488287                   /usr/lib/x86_64-linux-gnu/libXxf86vm.so.1.0.0
7f58879e5000-7f58879e6000 r--p 00003000 08:03 18488287                   /usr/lib/x86_64-linux-gnu/libXxf86vm.so.1.0.0
7f58879e6000-7f58879e7000 rw-p 00004000 08:03 18488287                   /usr/lib/x86_64-linux-gnu/libXxf86vm.so.1.0.0
7f58879e7000-7f58879ef000 r-xp 00000000 08:03 18488277                   /usr/lib/x86_64-linux-gnu/libXrandr.so.2.2.0
7f58879ef000-7f5887bee000 ---p 00008000 08:03 18488277                   /usr/lib/x86_64-linux-gnu/libXrandr.so.2.2.0
7f5887bee000-7f5887bef000 r--p 00007000 08:03 18488277                   /usr/lib/x86_64-linux-gnu/libXrandr.so.2.2.0
7f5887bef000-7f5887bf0000 rw-p 00008000 08:03 18488277                   /usr/lib/x86_64-linux-gnu/libXrandr.so.2.2.0
7f5887bf0000-7f5887bf5000 r-xp 00000000 08:03 18488261                   /usr/lib/x86_64-linux-gnu/libXfixes.so.3.1.0
7f5887bf5000-7f5887df4000 ---p 00005000 08:03 18488261                   /usr/lib/x86_64-linux-gnu/libXfixes.so.3.1.0
7f5887df4000-7f5887df5000 r--p 00004000 08:03 18488261                   /usr/lib/x86_64-linux-gnu/libXfixes.so.3.1.0
7f5887df5000-7f5887df6000 rw-p 00005000 08:03 18488261                   /usr/lib/x86_64-linux-gnu/libXfixes.so.3.1.0
7f5887df6000-7f5887dff000 r-xp 00000000 08:03 18488253                   /usr/lib/x86_64-linux-gnu/libXcursor.so.1.0.2
7f5887dff000-7f5887ffe000 ---p 00009000 08:03 18488253                   /usr/lib/x86_64-linux-gnu/libXcursor.so.1.0.2
7f5887ffe000-7f5887fff000 r--p 00008000 08:03 18488253                   /usr/lib/x86_64-linux-gnu/libXcursor.so.1.0.2
7f5887fff000-7f5888000000 rw-p 00009000 08:03 18488253                   /usr/lib/x86_64-linux-gnu/libXcursor.so.1.0.2
7f5888000000-7f5888021000 rw-p 00000000 00:00 0 
7f5888021000-7f588c000000 ---p 00000000 00:00 0 
7f588c04e000-7f588c050000 r--s 00015000 08:03 15598514                   /home/arwilczek90/workspace/Elements/lib/slick/lib/tinylinepp.jar
7f588c050000-7f588c053000 r--s 00015000 08:03 15598512                   /home/arwilczek90/workspace/Elements/lib/slick/lib/slick-util.jar
7f588c053000-7f588c05b000 r--s 00067000 08:03 15598510                   /home/arwilczek90/workspace/Elements/lib/slick/lib/slick-sources.jar
7f588c05b000-7f588c09b000 r-xp 00000000 08:03 15602617                   /home/arwilczek90/workspace/Elements/lib/slick/liblwjgl64.so
7f588c09b000-7f588c19b000 ---p 00040000 08:03 15602617                   /home/arwilczek90/workspace/Elements/lib/slick/liblwjgl64.so
7f588c19b000-7f588c19d000 rw-p 00040000 08:03 15602617                   /home/arwilczek90/workspace/Elements/lib/slick/liblwjgl64.so
7f588c19d000-7f588c19e000 r--s 00000000 08:03 19927127                   /var/cache/fontconfig/c05880de57d1f5e948fdfacc138775d9-le64.cache-3
7f588c19e000-7f588c1a7000 r--s 00000000 08:03 19927122                   /var/cache/fontconfig/945677eb7aeaf62f1d50efc3fb3ec7d8-le64.cache-3
7f588c1a7000-7f588c1a9000 r--s 00000000 08:03 19927123                   /var/cache/fontconfig/99e8ed0e538f840c565b6ed5dad60d56-le64.cache-3
7f588c1a9000-7f588c1ad000 r--s 00000000 08:03 19927109                   /var/cache/fontconfig/2cd17615ca594fa2959ae173292e504c-le64.cache-3
7f588c1ad000-7f588c1ae000 r--s 00000000 08:03 19927134                   /var/cache/fontconfig/e7071f4a29fa870f4323321c154eba04-le64.cache-3
7f588c1ae000-7f588c1af000 r--s 00000000 08:03 19927107                   /var/cache/fontconfig/0d8c3b2ac0904cb8a57a757ad11a4a08-le64.cache-3
7f588c1af000-7f588c1b5000 r--s 00000000 08:03 19927124                   /var/cache/fontconfig/a755afe4a08bf5b97852ceb7400b47bc-le64.cache-3
7f588c1b5000-7f588c1be000 r--s 00000000 08:03 19927460                   /var/cache/fontconfig/6d41288fd70b0be22e8c3a91e032eec0-le64.cache-3
7f588c1be000-7f588c1ce000 r--s 00000000 08:03 19927106                   /var/cache/fontconfig/04aabc0a78ac019cf9454389977116d2-le64.cache-3
7f588c1ce000-7f588c1d1000 r--s 00000000 08:03 19927112                   /var/cache/fontconfig/385c0604a188198f04d133e54aba7fe7-le64.cache-3
7f588c1d1000-7f588c1d2000 r--s 00000000 08:03 19927113                   /var/cache/fontconfig/4794a0821666d79190d59a36cb4f44b5-le64.cache-3
7f588c1d2000-7f588c1d5000 r--s 00000000 08:03 19927121                   /var/cache/fontconfig/8801497958630a81b71ace7c5f9b32a8-le64.cache-3
7f588c1d5000-7f588c203000 r--s 00000000 08:03 19927454                   /var/cache/fontconfig/365b55f210c0a22e9a19e35191240f32-le64.cache-3
7f588c203000-7f588c204000 r--s 00000000 08:03 15598509                   /home/arwilczek90/workspace/Elements/lib/slick/lib/slick-examples.jar
7f588c204000-7f588c205000 r--s 00003000 08:03 15598508                   /home/arwilczek90/workspace/Elements/lib/slick/lib/scalar.jar
7f588c205000-7f588c208000 r--s 00017000 08:03 15598507                   /home/arwilczek90/workspace/Elements/lib/slick/lib/pedigree.jar
7f588c208000-7f588c213000 r--s 00093000 08:03 15598513                   /home/arwilczek90/workspace/Elements/lib/slick/lib/slick.jar
7f588c213000-7f588c215000 r--s 00004000 08:03 15598506                   /home/arwilczek90/workspace/Elements/lib/slick/lib/packulike.jar
7f588c215000-7f588c216000 r--s 00043000 08:03 15598505                   /home/arwilczek90/workspace/Elements/lib/slick/lib/natives-win32.jar
7f588c216000-7f588c218000 r--s 00033000 08:03 15598504                   /home/arwilczek90/workspace/Elements/lib/slick/lib/natives-mac.jar
7f588c218000-7f588c219000 r--s 0003d000 08:03 15598503                   /home/arwilczek90/workspace/Elements/lib/slick/lib/natives-linux.jar
7f588c219000-7f588c220000 r--s 00073000 08:03 15598502                   /home/arwilczek90/workspace/Elements/lib/slick/lib/lwjgl.jar
7f588c220000-7f588c222000 r--s 0000d000 08:03 15598501                   /home/arwilczek90/workspace/Elements/lib/slick/lib/jorbis-0.0.15.jar
7f588c222000-7f588c227000 r--s 0002f000 08:03 15598498                   /home/arwilczek90/workspace/Elements/lib/slick/lib/jinput.jar
7f588c227000-7f588c229000 r--s 00008000 08:03 15598497                   /home/arwilczek90/workspace/Elements/lib/slick/lib/ibxm.jar
7f588c229000-7f588c22c000 r--s 0005b000 08:03 15598496                   /home/arwilczek90/workspace/Elements/lib/slick/lib/hiero.jar
7f588c26c000-7f588c26d000 rw-s 00005000 00:05 10225                      /dev/ati/card0
7f588c26d000-7f588c2ad000 rw-s f0300000 00:05 10225                      /dev/ati/card0
7f588c2ad000-7f588c2af000 rw-s 00002000 00:05 10225                      /dev/ati/card0
7f588c2af000-7f588c2ba000 r--s 00093000 08:03 15597692                   /home/arwilczek90/workspace/Elements/lib/slick.jar
7f588c2ba000-7f588c2bd000 ---p 00000000 00:00 0 
7f588c2bd000-7f588c3bb000 rw-p 00000000 00:00 0 
7f588c3bb000-7f588c3c2000 r--s 000fb000 08:03 18618812                   /usr/lib/jvm/java-6-openjdk-common/jre/lib/resources.jar
7f588c3c2000-7f588c3c3000 r--s 00000000 08:03 19927127                   /var/cache/fontconfig/c05880de57d1f5e948fdfacc138775d9-le64.cache-3
7f588c3c3000-7f588c3cc000 r--s 00000000 08:03 19927122                   /var/cache/fontconfig/945677eb7aeaf62f1d50efc3fb3ec7d8-le64.cache-3
7f588c3cc000-7f588c3ce000 r--s 00000000 08:03 19927123                   /var/cache/fontconfig/99e8ed0e538f840c565b6ed5dad60d56-le64.cache-3
7f588c3ce000-7f588c3d2000 r--s 00000000 08:03 19927109                   /var/cache/fontconfig/2cd17615ca594fa2959ae173292e504c-le64.cache-3
7f588c3d2000-7f588c3d3000 r--s 00000000 08:03 19927134                   /var/cache/fontconfig/e7071f4a29fa870f4323321c154eba04-le64.cache-3
7f588c3d3000-7f588c3d4000 r--s 00000000 08:03 19927107                   /var/cache/fontconfig/0d8c3b2ac0904cb8a57a757ad11a4a08-le64.cache-3
7f588c3d4000-7f588c3da000 r--s 00000000 08:03 19927124                   /var/cache/fontconfig/a755afe4a08bf5b97852ceb7400b47bc-le64.cache-3
7f588c3da000-7f588c3e3000 r--s 00000000 08:03 19927460                   /var/cache/fontconfig/6d41288fd70b0be22e8c3a91e032eec0-le64.cache-3
7f588c3e3000-7f588c3f3000 r--s 00000000 08:03 19927106                   /var/cache/fontconfig/04aabc0a78ac019cf9454389977116d2-le64.cache-3
7f588c3f3000-7f588c3f6000 r--s 00000000 08:03 19927112                   /var/cache/fontconfig/385c0604a188198f04d133e54aba7fe7-le64.cache-3
7f588c3f6000-7f588c424000 r--s 00000000 08:03 19927454                   /var/cache/fontconfig/365b55f210c0a22e9a19e35191240f32-le64.cache-3
7f588c424000-7f588c429000 r--s 00000000 08:03 19927110                   /var/cache/fontconfig/3047814df9a2f067bd2d96a2b9c36e5a-le64.cache-3
7f588c429000-7f588c439000 r--s 00000000 08:03 19927130                   /var/cache/fontconfig/d52a8644073d54c13679302ca1180695-le64.cache-3
7f588c439000-7f588c43c000 ---p 00000000 00:00 0 
7f588c43c000-7f588c53a000 rw-p 00000000 00:00 0 
7f588c53a000-7f588c5d0000 r-xp 00000000 08:03 18488439                   /usr/lib/x86_64-linux-gnu/libfreetype.so.6.8.0
7f588c5d0000-7f588c7cf000 ---p 00096000 08:03 18488439                   /usr/lib/x86_64-linux-gnu/libfreetype.so.6.8.0
7f588c7cf000-7f588c7d5000 r--p 00095000 08:03 18488439                   /usr/lib/x86_64-linux-gnu/libfreetype.so.6.8.0
7f588c7d5000-7f588c7d6000 rw-p 0009b000 08:03 18488439                   /usr/lib/x86_64-linux-gnu/libfreetype.so.6.8.0
7f588c7d6000-7f588c810000 r-xp 00000000 08:03 18618871                   /usr/lib/jvm/java-6-openjdk-amd64/jre/lib/amd64/libfontmanager.so
7f588c810000-7f588ca0f000 ---p 0003a000 08:03 18618871                   /usr/lib/jvm/java-6-openjdk-amd64/jre/lib/amd64/libfontmanager.so
7f588ca0f000-7f588ca11000 r--p 00039000 08:03 18618871                   /usr/lib/jvm/java-6-openjdk-amd64/jre/lib/amd64/libfontmanager.so
7f588ca11000-7f588ca12000 rw-p 0003b000 08:03 18618871                   /usr/lib/jvm/java-6-openjdk-amd64/jre/lib/amd64/libfontmanager.so
7f588ca12000-7f588ca17000 r-xp 00000000 08:03 18488257                   /usr/lib/x86_64-linux-gnu/libXdmcp.so.6.0.0
7f588ca17000-7f588cc16000 ---p 00005000 08:03 18488257                   /usr/lib/x86_64-linux-gnu/libXdmcp.so.6.0.0
7f588cc16000-7f588cc17000 r--p 00004000 08:03 18488257                   /usr/lib/x86_64-linux-gnu/libXdmcp.so.6.0.0
7f588cc17000-7f588cc18000 rw-p 00005000 08:03 18488257                   /usr/lib/x86_64-linux-gnu/libXdmcp.so.6.0.0
7f588cc18000-7f588cc1a000 r-xp 00000000 08:03 18488246                   /usr/lib/x86_64-linux-gnu/libXau.so.6.0.0
7f588cc1a000-7f588ce19000 ---p 00002000 08:03 18488246                   /usr/lib/x86_64-linux-gnu/libXau.so.6.0.0
7f588ce19000-7f588ce1a000 r--p 00001000 08:03 18488246                   /usr/lib/x86_64-linux-gnu/libXau.so.6.0.0
7f588ce1a000-7f588ce1b000 rw-p 00002000 08:03 18488246                   /usr/lib/x86_64-linux-gnu/libXau.so.6.0.0
7f588ce1b000-7f588ce38000 r-xp 00000000 08:03 18488845                   /usr/lib/x86_64-linux-gnu/libxcb.so.1.1.0
7f588ce38000-7f588d037000 ---p 0001d000 08:03 18488845                   /usr/lib/x86_64-linux-gnu/libxcb.so.1.1.0
7f588d037000-7f588d038000 r--p 0001c000 08:03 18488845                   /usr/lib/x86_64-linux-gnu/libxcb.so.1.1.0
7f588d038000-7f588d039000 rw-p 0001d000 08:03 18488845                   /usr/lib/x86_64-linux-gnu/libxcb.so.1.1.0
7f588d039000-7f588d047000 r-xp 00000000 08:03 18488265                   /usr/lib/x86_64-linux-gnu/libXi.so.6.1.0
7f588d047000-7f588d246000 ---p 0000e000 08:03 18488265                   /usr/lib/x86_64-linux-gnu/libXi.so.6.1.0
7f588d246000-7f588d247000 r--p 0000d000 08:03 18488265                   /usr/lib/x86_64-linux-gnu/libXi.so.6.1.0
7f588d247000-7f588d248000 rw-p 0000e000 08:03 18488265                   /usr/lib/x86_64-linux-gnu/libXi.so.6.1.0
7f588d248000-7f588d24d000 r-xp 00000000 08:03 18488283                   /usr/lib/x86_64-linux-gnu/libXtst.so.6.1.0
7f588d24d000-7f588d44c000 ---p 00005000 08:03 18488283                   /usr/lib/x86_64-linux-gnu/libXtst.so.6.1.0
7f588d44c000-7f588d44d000 r--p 00004000 08:03 18488283                   /usr/lib/x86_64-linux-gnu/libXtst.so.6.1.0
7f588d44d000-7f588d44e000 rw-p 00005000 08:03 18488283                   /usr/lib/x86_64-linux-gnu/libXtst.so.6.1.0
7f588d44e000-7f588d457000 r-xp 00000000 08:03 18488279                   /usr/lib/x86_64-linux-gnu/libXrender.so.1.3.0
7f588d457000-7f588d656000 ---p 00009000 08:03 18488279                   /usr/lib/x86_64-linux-gnu/libXrender.so.1.3.0
7f588d656000-7f588d657000 r--p 00008000 08:03 18488279                   /usr/lib/x86_64-linux-gnu/libXrender.so.1.3.0
7f588d657000-7f588d658000 rw-p 00009000 08:03 18488279                   /usr/lib/x86_64-linux-gnu/libXrender.so.1.3.0
7f588d658000-7f588d787000 r-xp 00000000 08:03 18488244                   /usr/lib/x86_64-linux-gnu/libX11.so.6.3.0
7f588d787000-7f588d987000 ---p 0012f000 08:03 18488244                   /usr/lib/x86_64-linux-gnu/libX11.so.6.3.0
7f588d987000-7f588d988000 r--p 0012f000 08:03 18488244                   /usr/lib/x86_64-linux-gnu/libX11.so.6.3.0
7f588d988000-7f588d98c000 rw-p 00130000 08:03 18488244                   /usr/lib/x86_64-linux-gnu/libX11.so.6.3.0
7f588d98c000-7f588d99c000 r-xp 00000000 08:03 18488259                   /usr/lib/x86_64-linux-gnu/libXext.so.6.4.0
7f588d99c000-7f588db9b000 ---p 00010000 08:03 18488259                   /usr/lib/x86_64-linux-gnu/libXext.so.6.4.0
7f588db9b000-7f588db9c000 r--p 0000f000 08:03 18488259                   /usr/lib/x86_64-linux-gnu/libXext.so.6.4.0
7f588db9c000-7f588db9d000 rw-p 00010000 08:03 18488259                   /usr/lib/x86_64-linux-gnu/libXext.so.6.4.0
7f588db9d000-7f588dbe8000 r-xp 00000000 08:03 18618972                   /usr/lib/jvm/java-6-openjdk-amd64/jre/lib/amd64/xawt/libmawt.so
7f588dbe8000-7f588dde8000 ---p 0004b000 08:03 18618972                   /usr/lib/jvm/java-6-openjdk-amd64/jre/lib/amd64/xawt/libmawt.so
7f588dde8000-7f588dde9000 r--p 0004b000 08:03 18618972                   /usr/lib/jvm/java-6-openjdk-amd64/jre/lib/amd64/xawt/libmawt.so
7f588dde9000-7f588ddec000 rw-p 0004c000 08:03 18618972                   /usr/lib/jvm/java-6-openjdk-amd64/jre/lib/amd64/xawt/libmawt.so
7f588ddec000-7f588dded000 rw-p 00000000 00:00 0 
7f588dded000-7f588de99000 r-xp 00000000 08:03 18618874                   /usr/lib/jvm/java-6-openjdk-amd64/jre/lib/amd64/libawt.so
7f588de99000-7f588e098000 ---p 000ac000 08:03 18618874                   /usr/lib/jvm/java-6-openjdk-amd64/jre/lib/amd64/libawt.so
7f588e098000-7f588e099000 r--p 000ab000 08:03 18618874                   /usr/lib/jvm/java-6-openjdk-amd64/jre/lib/amd64/libawt.so
7f588e099000-7f588e0a4000 rw-p 000ac000 08:03 18618874                   /usr/lib/jvm/java-6-openjdk-amd64/jre/lib/amd64/libawt.so
7f588e0a4000-7f588e0c9000 rw-p 00000000 00:00 0 
7f588e0c9000-7f588e0cc000 r--s 0007d000 08:03 18618443                   /usr/lib/jvm/java-6-openjdk-common/jre/lib/jsse.jar
7f588e0cc000-7f588e0d3000 r--s 00073000 08:03 15597691                   /home/arwilczek90/workspace/Elements/lib/lwjgl.jar
7f588e0d3000-7f588e0d5000 r--s 0000f000 08:03 18618803                   /usr/lib/jvm/java-6-openjdk-common/jre/lib/ext/pulse-java.jar
7f588e0d5000-7f588e0d8000 r--s 00077000 08:03 18618797                   /usr/lib/jvm/java-6-openjdk-common/jre/lib/ext/localedata.jar
7f588e0d8000-7f588e0d9000 r--s 00007000 08:03 18748229                   /usr/share/java/java-atk-wrapper.jar
7f588e0d9000-7f588e0db000 r--s 00001000 08:03 18618801                   /usr/lib/jvm/java-6-openjdk-common/jre/lib/ext/dnsns.jar
7f588e0db000-7f588e0df000 r--s 00038000 08:03 18618795                   /usr/lib/jvm/java-6-openjdk-common/jre/lib/ext/sunpkcs11.jar
7f588e0df000-7f588e0e2000 r--s 00031000 08:03 18618799                   /usr/lib/jvm/java-6-openjdk-common/jre/lib/ext/sunjce_provider.jar
7f588e0e2000-7f588e0e3000 ---p 00000000 00:00 0 
7f588e0e3000-7f588e1e3000 rw-p 00000000 00:00 0 
7f588e1e3000-7f588e1e6000 ---p 00000000 00:00 0 
7f588e1e6000-7f588e2e4000 rw-p 00000000 00:00 0 
7f588e2e4000-7f588e2e7000 ---p 00000000 00:00 0 
7f588e2e7000-7f588e3e5000 rw-p 00000000 00:00 0 
7f588e3e5000-7f588e3e8000 ---p 00000000 00:00 0 
7f588e3e8000-7f588e4e6000 rw-p 00000000 00:00 0 
7f588e4e6000-7f588e4e9000 ---p 00000000 00:00 0 
7f588e4e9000-7f588e5e7000 rw-p 00000000 00:00 0 
7f588e5e7000-7f588ecca000 r--p 00000000 08:03 18487587                   /usr/lib/locale/locale-archive
7f588ecca000-7f588eccd000 ---p 00000000 00:00 0 
7f588eccd000-7f588edcb000 rw-p 00000000 00:00 0 
7f588edcb000-7f588edce000 ---p 00000000 00:00 0 
7f588edce000-7f588eecc000 rw-p 00000000 00:00 0 
7f588eecc000-7f588eecd000 ---p 00000000 00:00 0 
7f588eecd000-7f588f505000 rw-p 00000000 00:00 0 
7f588f505000-7f588f697000 r--s 037bf000 08:03 18618843                   /usr/lib/jvm/java-6-openjdk-amd64/jre/lib/rt.jar
7f588f697000-7f588f6bf000 rw-p 00000000 00:00 0 
7f588f6bf000-7f588f6c0000 ---p 00000000 00:00 0 
7f588f6c0000-7f588f7c0000 rw-p 00000000 00:00 0 
7f588f7c0000-7f588f7c1000 ---p 00000000 00:00 0 
7f588f7c1000-7f588f8c1000 rw-p 00000000 00:00 0 
7f588f8c1000-7f588f8c2000 ---p 00000000 00:00 0 
7f588f8c2000-7f588f9c2000 rw-p 00000000 00:00 0 
7f588f9c2000-7f588f9c3000 ---p 00000000 00:00 0 
7f588f9c3000-7f588face000 rw-p 00000000 00:00 0 
7f588face000-7f588fb16000 rw-p 00000000 00:00 0 
7f588fb16000-7f588fb3d000 rw-p 00000000 00:00 0 
7f588fb3d000-7f588fd84000 rw-p 00000000 00:00 0 
7f588fd84000-7f588fd8f000 rw-p 00000000 00:00 0 
7f588fd8f000-7f588fdd7000 rw-p 00000000 00:00 0 
7f588fdd7000-7f588fdfe000 rw-p 00000000 00:00 0 
7f588fdfe000-7f5890045000 rw-p 00000000 00:00 0 
7f5890045000-7f5890059000 rw-p 00000000 00:00 0 
7f5890059000-7f589017c000 rw-p 00000000 00:00 0 
7f589017c000-7f589017d000 rw-p 00000000 00:00 0 
7f589017d000-7f58903ed000 rwxp 00000000 00:00 0 
7f58903ed000-7f589317d000 rw-p 00000000 00:00 0 
7f589317d000-7f5893184000 r-xp 00000000 08:03 18618888                   /usr/lib/jvm/java-6-openjdk-amd64/jre/lib/amd64/libzip.so
7f5893184000-7f5893383000 ---p 00007000 08:03 18618888                   /usr/lib/jvm/java-6-openjdk-amd64/jre/lib/amd64/libzip.so
7f5893383000-7f5893384000 r--p 00006000 08:03 18618888                   /usr/lib/jvm/java-6-openjdk-amd64/jre/lib/amd64/libzip.so
7f5893384000-7f5893385000 rw-p 00007000 08:03 18618888                   /usr/lib/jvm/java-6-openjdk-amd64/jre/lib/amd64/libzip.so
7f5893385000-7f5893391000 r-xp 00000000 08:03 21758081                   /lib/x86_64-linux-gnu/libnss_files-2.15.so
7f5893391000-7f5893590000 ---p 0000c000 08:03 21758081                   /lib/x86_64-linux-gnu/libnss_files-2.15.so
7f5893590000-7f5893591000 r--p 0000b000 08:03 21758081                   /lib/x86_64-linux-gnu/libnss_files-2.15.so
7f5893591000-7f5893592000 rw-p 0000c000 08:03 21758081                   /lib/x86_64-linux-gnu/libnss_files-2.15.so
7f5893592000-7f589359c000 r-xp 00000000 08:03 21758077                   /lib/x86_64-linux-gnu/libnss_nis-2.15.so
7f589359c000-7f589379c000 ---p 0000a000 08:03 21758077                   /lib/x86_64-linux-gnu/libnss_nis-2.15.so
7f589379c000-7f589379d000 r--p 0000a000 08:03 21758077                   /lib/x86_64-linux-gnu/libnss_nis-2.15.so
7f589379d000-7f589379e000 rw-p 0000b000 08:03 21758077                   /lib/x86_64-linux-gnu/libnss_nis-2.15.so
7f589379e000-7f58937b5000 r-xp 00000000 08:03 21761730                   /lib/x86_64-linux-gnu/libnsl-2.15.so
7f58937b5000-7f58939b4000 ---p 00017000 08:03 21761730                   /lib/x86_64-linux-gnu/libnsl-2.15.so
7f58939b4000-7f58939b5000 r--p 00016000 08:03 21761730                   /lib/x86_64-linux-gnu/libnsl-2.15.so
7f58939b5000-7f58939b6000 rw-p 00017000 08:03 21761730                   /lib/x86_64-linux-gnu/libnsl-2.15.so
7f58939b6000-7f58939b8000 rw-p 00000000 00:00 0 
7f58939b8000-7f58939c0000 r-xp 00000000 08:03 21758082                   /lib/x86_64-linux-gnu/libnss_compat-2.15.so
7f58939c0000-7f5893bbf000 ---p 00008000 08:03 21758082                   /lib/x86_64-linux-gnu/libnss_compat-2.15.so
7f5893bbf000-7f5893bc0000 r--p 00007000 08:03 21758082                   /lib/x86_64-linux-gnu/libnss_compat-2.15.so
7f5893bc0000-7f5893bc1000 rw-p 00008000 08:03 21758082                   /lib/x86_64-linux-gnu/libnss_compat-2.15.so
7f5893bc1000-7f5893bed000 r-xp 00000000 08:03 18618873                   /usr/lib/jvm/java-6-openjdk-amd64/jre/lib/amd64/libjava.so
7f5893bed000-7f5893dec000 ---p 0002c000 08:03 18618873                   /usr/lib/jvm/java-6-openjdk-amd64/jre/lib/amd64/libjava.so
7f5893dec000-7f5893ded000 r--p 0002b000 08:03 18618873                   /usr/lib/jvm/java-6-openjdk-amd64/jre/lib/amd64/libjava.so
7f5893ded000-7f5893df0000 rw-p 0002c000 08:03 18618873                   /usr/lib/jvm/java-6-openjdk-amd64/jre/lib/amd64/libjava.so
7f5893df0000-7f5893dfe000 r-xp 00000000 08:03 18618872                   /usr/lib/jvm/java-6-openjdk-amd64/jre/lib/amd64/libverify.so
7f5893dfe000-7f5893ffd000 ---p 0000e000 08:03 18618872                   /usr/lib/jvm/java-6-openjdk-amd64/jre/lib/amd64/libverify.so
7f5893ffd000-7f5893fff000 r--p 0000d000 08:03 18618872                   /usr/lib/jvm/java-6-openjdk-amd64/jre/lib/amd64/libverify.so
7f5893fff000-7f5894000000 rw-p 0000f000 08:03 18618872                   /usr/lib/jvm/java-6-openjdk-amd64/jre/lib/amd64/libverify.so
7f5894000000-7f5894d40000 rw-p 00000000 00:00 0 
7f5894d40000-7f5898000000 ---p 00000000 00:00 0 
7f5898000000-7f5898003000 r--s 00000000 08:03 19927121                   /var/cache/fontconfig/8801497958630a81b71ace7c5f9b32a8-le64.cache-3
7f5898003000-7f5898004000 r--s 00000000 08:03 19927115                   /var/cache/fontconfig/56cf4f4769d0f4abc89a4895d7bd3ae1-le64.cache-3
7f5898004000-7f5898005000 r--s 00000000 08:03 19927126                   /var/cache/fontconfig/b9d506c9ac06c20b433354fa67a72993-le64.cache-3
7f5898005000-7f589800a000 r--s 00000000 08:03 19927125                   /var/cache/fontconfig/b47c4e1ecd0709278f4910c18777a504-le64.cache-3
7f589800a000-7f5898011000 r-xp 00000000 08:03 21758075                   /lib/x86_64-linux-gnu/librt-2.15.so
7f5898011000-7f5898210000 ---p 00007000 08:03 21758075                   /lib/x86_64-linux-gnu/librt-2.15.so
7f5898210000-7f5898211000 r--p 00006000 08:03 21758075                   /lib/x86_64-linux-gnu/librt-2.15.so
7f5898211000-7f5898212000 rw-p 00007000 08:03 21758075                   /lib/x86_64-linux-gnu/librt-2.15.so
7f5898212000-7f5898227000 r-xp 00000000 08:03 21761542                   /lib/x86_64-linux-gnu/libgcc_s.so.1
7f5898227000-7f5898426000 ---p 00015000 08:03 21761542                   /lib/x86_64-linux-gnu/libgcc_s.so.1
7f5898426000-7f5898427000 r--p 00014000 08:03 21761542                   /lib/x86_64-linux-gnu/libgcc_s.so.1
7f5898427000-7f5898428000 rw-p 00015000 08:03 21761542                   /lib/x86_64-linux-gnu/libgcc_s.so.1
7f5898428000-7f5898521000 r-xp 00000000 08:03 21758079                   /lib/x86_64-linux-gnu/libm-2.15.so
7f5898521000-7f5898720000 ---p 000f9000 08:03 21758079                   /lib/x86_64-linux-gnu/libm-2.15.so
7f5898720000-7f5898721000 r--p 000f8000 08:03 21758079                   /lib/x86_64-linux-gnu/libm-2.15.so
7f5898721000-7f5898722000 rw-p 000f9000 08:03 21758079                   /lib/x86_64-linux-gnu/libm-2.15.so
7f5898722000-7f5898804000 r-xp 00000000 08:03 18488773                   /usr/lib/x86_64-linux-gnu/libstdc++.so.6.0.16
7f5898804000-7f5898a03000 ---p 000e2000 08:03 18488773                   /usr/lib/x86_64-linux-gnu/libstdc++.so.6.0.16
7f5898a03000-7f5898a0b000 r--p 000e1000 08:03 18488773                   /usr/lib/x86_64-linux-gnu/libstdc++.so.6.0.16
7f5898a0b000-7f5898a0d000 rw-p 000e9000 08:03 18488773                   /usr/lib/x86_64-linux-gnu/libstdc++.so.6.0.16
7f5898a0d000-7f5898a22000 rw-p 00000000 00:00 0 
7f5898a22000-7f5899326000 r-xp 00000000 08:03 18618878                   /usr/lib/jvm/java-6-openjdk-amd64/jre/lib/amd64/server/libjvm.so
7f5899326000-7f5899526000 ---p 00904000 08:03 18618878                   /usr/lib/jvm/java-6-openjdk-amd64/jre/lib/amd64/server/libjvm.so
7f5899526000-7f58995a6000 r--p 00904000 08:03 18618878                   /usr/lib/jvm/java-6-openjdk-amd64/jre/lib/amd64/server/libjvm.so
7f58995a6000-7f58995c1000 rw-p 00984000 08:03 18618878                   /usr/lib/jvm/java-6-openjdk-amd64/jre/lib/amd64/server/libjvm.so
7f58995c1000-7f58995ea000 rw-p 00000000 00:00 0 
7f58995ea000-7f5899600000 r-xp 00000000 08:03 21761632                   /lib/x86_64-linux-gnu/libz.so.1.2.3.4
7f5899600000-7f58997ff000 ---p 00016000 08:03 21761632                   /lib/x86_64-linux-gnu/libz.so.1.2.3.4
7f58997ff000-7f5899800000 r--p 00015000 08:03 21761632                   /lib/x86_64-linux-gnu/libz.so.1.2.3.4
7f5899800000-7f5899801000 rw-p 00016000 08:03 21761632                   /lib/x86_64-linux-gnu/libz.so.1.2.3.4
7f5899801000-7f58999b6000 r-xp 00000000 08:03 21757975                   /lib/x86_64-linux-gnu/libc-2.15.so
7f58999b6000-7f5899bb5000 ---p 001b5000 08:03 21757975                   /lib/x86_64-linux-gnu/libc-2.15.so
7f5899bb5000-7f5899bb9000 r--p 001b4000 08:03 21757975                   /lib/x86_64-linux-gnu/libc-2.15.so
7f5899bb9000-7f5899bbb000 rw-p 001b8000 08:03 21757975                   /lib/x86_64-linux-gnu/libc-2.15.so
7f5899bbb000-7f5899bc0000 rw-p 00000000 00:00 0 
7f5899bc0000-7f5899bc2000 r-xp 00000000 08:03 21757964                   /lib/x86_64-linux-gnu/libdl-2.15.so
7f5899bc2000-7f5899dc2000 ---p 00002000 08:03 21757964                   /lib/x86_64-linux-gnu/libdl-2.15.so
7f5899dc2000-7f5899dc3000 r--p 00002000 08:03 21757964                   /lib/x86_64-linux-gnu/libdl-2.15.so
7f5899dc3000-7f5899dc4000 rw-p 00003000 08:03 21757964                   /lib/x86_64-linux-gnu/libdl-2.15.so
7f5899dc4000-7f5899dc8000 r-xp 00000000 08:03 18618855                   /usr/lib/jvm/java-6-openjdk-amd64/jre/lib/amd64/jli/libjli.so
7f5899dc8000-7f5899fc7000 ---p 00004000 08:03 18618855                   /usr/lib/jvm/java-6-openjdk-amd64/jre/lib/amd64/jli/libjli.so
7f5899fc7000-7f5899fc8000 r--p 00003000 08:03 18618855                   /usr/lib/jvm/java-6-openjdk-amd64/jre/lib/amd64/jli/libjli.so
7f5899fc8000-7f5899fc9000 rw-p 00004000 08:03 18618855                   /usr/lib/jvm/java-6-openjdk-amd64/jre/lib/amd64/jli/libjli.so
7f5899fc9000-7f5899fe1000 r-xp 00000000 08:03 21758073                   /lib/x86_64-linux-gnu/libpthread-2.15.so
7f5899fe1000-7f589a1e0000 ---p 00018000 08:03 21758073                   /lib/x86_64-linux-gnu/libpthread-2.15.so
7f589a1e0000-7f589a1e1000 r--p 00017000 08:03 21758073                   /lib/x86_64-linux-gnu/libpthread-2.15.so
7f589a1e1000-7f589a1e2000 rw-p 00018000 08:03 21758073                   /lib/x86_64-linux-gnu/libpthread-2.15.so
7f589a1e2000-7f589a1e6000 rw-p 00000000 00:00 0 
7f589a1e6000-7f589a208000 r-xp 00000000 08:03 21758085                   /lib/x86_64-linux-gnu/ld-2.15.so
7f589a208000-7f589a209000 r--s 00001000 08:03 15598500                   /home/arwilczek90/workspace/Elements/lib/slick/lib/jogg-0.0.7.jar
7f589a209000-7f589a20a000 r--s 00001000 08:03 15598499                   /home/arwilczek90/workspace/Elements/lib/slick/lib/jnlp.jar
7f589a20a000-7f589a20d000 r--s 00000000 08:03 19927196                   /var/cache/fontconfig/e13b20fdb08344e0e664864cc2ede53d-le64.cache-3
7f589a20d000-7f589a211000 r--s 00000000 08:03 19927452                   /var/cache/fontconfig/7ef2298fde41cc6eeb7af42e48b7d293-le64.cache-3
7f589a211000-7f589a216000 r--s 00000000 08:03 19927110                   /var/cache/fontconfig/3047814df9a2f067bd2d96a2b9c36e5a-le64.cache-3
7f589a216000-7f589a226000 r--s 00000000 08:03 19927130                   /var/cache/fontconfig/d52a8644073d54c13679302ca1180695-le64.cache-3
7f589a226000-7f589a230000 rw-p 00000000 00:00 0 
7f589a230000-7f589a2e6000 rw-p 00000000 00:00 0 
7f589a2e6000-7f589a2e9000 ---p 00000000 00:00 0 
7f589a2e9000-7f589a3ec000 rw-p 00000000 00:00 0 
7f589a3ec000-7f589a3ed000 r--s 00007000 08:03 15597697                   /home/arwilczek90/workspace/Elements/lib/slick/applet/lwjgl_util_applet.jar
7f589a3ed000-7f589a3ee000 r--s 00000000 08:03 19927113                   /var/cache/fontconfig/4794a0821666d79190d59a36cb4f44b5-le64.cache-3
7f589a3ee000-7f589a3ef000 r--s 00000000 08:03 19927115                   /var/cache/fontconfig/56cf4f4769d0f4abc89a4895d7bd3ae1-le64.cache-3
7f589a3ef000-7f589a3f0000 r--s 00000000 08:03 19927126                   /var/cache/fontconfig/b9d506c9ac06c20b433354fa67a72993-le64.cache-3
7f589a3f0000-7f589a3f5000 r--s 00000000 08:03 19927125                   /var/cache/fontconfig/b47c4e1ecd0709278f4910c18777a504-le64.cache-3
7f589a3f5000-7f589a3f8000 r--s 00000000 08:03 19927196                   /var/cache/fontconfig/e13b20fdb08344e0e664864cc2ede53d-le64.cache-3
7f589a3f8000-7f589a3fc000 r--s 00000000 08:03 19927452                   /var/cache/fontconfig/7ef2298fde41cc6eeb7af42e48b7d293-le64.cache-3
7f589a3fc000-7f589a404000 rw-s 00000000 08:03 8126514                    /tmp/hsperfdata_arwilczek90/12956 (deleted)
7f589a404000-7f589a405000 rw-p 00000000 00:00 0 
7f589a405000-7f589a406000 ---p 00000000 00:00 0 
7f589a406000-7f589a408000 rw-p 00000000 00:00 0 
7f589a408000-7f589a409000 r--p 00022000 08:03 21758085                   /lib/x86_64-linux-gnu/ld-2.15.so
7f589a409000-7f589a40b000 rw-p 00023000 08:03 21758085                   /lib/x86_64-linux-gnu/ld-2.15.so
7fff5fc33000-7fff5fc54000 rw-p 00000000 00:00 0                          [stack]
7fff5fd84000-7fff5fd85000 r-xp 00000000 00:00 0                          [vdso]
ffffffffff600000-ffffffffff601000 r-xp 00000000 00:00 0                  [vsyscall]

VM Arguments:
jvm_args: -Djava.library.path=/home/arwilczek90/workspace/Elements/lib/slick:/home/arwilczek90/workspace/Elements/lib/slick -Dfile.encoding=UTF-8 
java_command: com.hack.elements.view.Main
Launcher Type: SUN_STANDARD

Environment Variables:
PATH=/usr/lib/lightdm/lightdm:/usr/local/sbin:/usr/local/bin:/usr/sbin:/usr/bin:/sbin:/bin:/usr/games
LD_LIBRARY_PATH=/usr/lib/jvm/java-6-openjdk-amd64/jre/lib/amd64/server:/usr/lib/jvm/java-6-openjdk-amd64/jre/lib/amd64:/usr/lib/jvm/java-6-openjdk-amd64/jre/../lib/amd64
SHELL=/bin/bash
DISPLAY=:0.0

Signal Handlers:
SIGSEGV: [libjvm.so+0x784310], sa_mask[0]=0x7ffbfeff, sa_flags=0x10000004
SIGBUS: [libjvm.so+0x784310], sa_mask[0]=0x7ffbfeff, sa_flags=0x10000004
SIGFPE: [libjvm.so+0x648580], sa_mask[0]=0x7ffbfeff, sa_flags=0x10000004
SIGPIPE: [libjvm.so+0x648580], sa_mask[0]=0x7ffbfeff, sa_flags=0x10000004
SIGXFSZ: [libjvm.so+0x648580], sa_mask[0]=0x7ffbfeff, sa_flags=0x10000004
SIGILL: [libjvm.so+0x648580], sa_mask[0]=0x7ffbfeff, sa_flags=0x10000004
SIGUSR1: SIG_DFL, sa_mask[0]=0x00000000, sa_flags=0x00000000
SIGUSR2: [libjvm.so+0x648730], sa_mask[0]=0x00000004, sa_flags=0x10000004
SIGHUP: [libjvm.so+0x64b250], sa_mask[0]=0x7ffbfeff, sa_flags=0x10000004
SIGINT: [libjvm.so+0x64b250], sa_mask[0]=0x7ffbfeff, sa_flags=0x10000004
SIGTERM: [libjvm.so+0x64b250], sa_mask[0]=0x7ffbfeff, sa_flags=0x10000004
SIGQUIT: [libjvm.so+0x64b250], sa_mask[0]=0x7ffbfeff, sa_flags=0x10000004


---------------  S Y S T E M  ---------------

OS:Ubuntu 12.04 (precise)
uname:Linux 3.2.0-32-generic #51-Ubuntu SMP Wed Sep 26 21:33:09 UTC 2012 x86_64
libc:glibc 2.15 NPTL 2.15 
rlimit: STACK 8192k, CORE 0k, NPROC 59545, NOFILE 4096, AS infinity
load average:0.68 0.76 0.80

/proc/meminfo:
MemTotal:        7639648 kB
MemFree:         4273980 kB
Buffers:          113748 kB
Cached:          1135632 kB
SwapCached:            0 kB
Active:          2177508 kB
Inactive:         710376 kB
Active(anon):    1639376 kB
Inactive(anon):    18772 kB
Active(file):     538132 kB
Inactive(file):   691604 kB
Unevictable:          20 kB
Mlocked:              20 kB
SwapTotal:       3818492 kB
SwapFree:        3818492 kB
Dirty:               484 kB
Writeback:             0 kB
AnonPages:       1638636 kB
Mapped:           330380 kB
Shmem:             19648 kB
Slab:              92916 kB
SReclaimable:      62156 kB
SUnreclaim:        30760 kB
KernelStack:        4128 kB
PageTables:        35396 kB
NFS_Unstable:          0 kB
Bounce:                0 kB
WritebackTmp:          0 kB
CommitLimit:     7638316 kB
Committed_AS:    4422388 kB
VmallocTotal:   34359738367 kB
VmallocUsed:      116912 kB
VmallocChunk:   34359619344 kB
HardwareCorrupted:     0 kB
AnonHugePages:         0 kB
HugePages_Total:       0
HugePages_Free:        0
HugePages_Rsvd:        0
HugePages_Surp:        0
Hugepagesize:       2048 kB
DirectMap4k:      292864 kB
DirectMap2M:     5453824 kB
DirectMap1G:     2097152 kB


CPU:total 4 (4 cores per cpu, 1 threads per core) family 18 model 1 stepping 0, cmov, cx8, fxsr, mmx, sse, sse2, sse3, popcnt, mmxext, 3dnowpref, lzcnt, sse4a

Memory: 4k page, physical 7639648k(4273980k free), swap 3818492k(3818492k free)

vm_info: OpenJDK 64-Bit Server VM (20.0-b12) for linux-amd64 JRE (1.6.0_24-b24), built on Sep  2 2012 19:50:47 by "buildd" with gcc 4.6.3

time: Sat Oct 13 19:17:36 2012
elapsed time: 184 seconds

