#
# A fatal error has been detected by the Java Runtime Environment:
#
#  SIGSEGV (0xb) at pc=0x00007fe76d752c58, pid=19559, tid=140631976945408
#
# JRE version: 6.0_24-b24
# Java VM: OpenJDK 64-Bit Server VM (20.0-b12 mixed mode linux-amd64 compressed oops)
# Derivative: IcedTea6 1.11.4
# Distribution: Ubuntu 12.04 LTS, package 6b24-1.11.4-1ubuntu0.12.04.1
# Problematic frame:
# C  [libX11.so.6+0x33c58]  XQueryExtension+0x28
#
# If you would like to submit a bug report, please include
# instructions how to reproduce the bug and visit:
#   https://bugs.launchpad.net/ubuntu/+source/openjdk-6/
#

---------------  T H R E A D  ---------------

Current thread (0x00007fe774070000):  VMThread [stack: 0x00007fe76ef7a000,0x00007fe76f07b000] [id=19569]

siginfo:si_signo=SIGSEGV: si_errno=0, si_code=1 (SEGV_MAPERR), si_addr=0x000000007425a3a8

Registers:
RAX=0x00007fe7540008c0, RBX=0x0000000074259a40, RCX=0x00007fe76f079858, RDX=0x00007fe76f079854
RSP=0x00007fe76f0797f0, RBP=0x00007fe767535932, RSI=0x00007fe767535932, RDI=0x0000000074259a40
R8 =0x00007fe76f07985c, R9 =0x0000000000000000, R10=0x00007fe779cb1fa8, R11=0x00007fe779931ca0
R12=0x0000000000000000, R13=0x00007fe767535932, R14=0x00007fe7540008c0, R15=0x0000000000000000
RIP=0x00007fe76d752c58, EFLAGS=0x0000000000010206, CSGSFS=0x0000000000000033, ERR=0x0000000000000004
  TRAPNO=0x000000000000000e

Top of Stack: (sp=0x00007fe76f0797f0)
0x00007fe76f0797f0:   00007fe779904790 00007fe77a4e09e8
0x00007fe76f079800:   00007fe7702216c0 00007fe7702216d8
0x00007fe76f079810:   00000000ffffffff 0000000074259a40
0x00007fe76f079820:   00007fe767535932 0000000000000000
0x00007fe76f079830:   00007fe767535932 00007fe7540008c0
0x00007fe76f079840:   0000000000000000 00007fe76d746c55
0x00007fe76f079850:   00007fe77a4fe048 00007fe76766e520
0x00007fe76f079860:   00007fe76766e520 0000000074259a40
0x00007fe76f079870:   00007fe774183c70 00007fe76da6002b
0x00007fe76f079880:   00007fe779904790 000000110000002c
0x00007fe76f079890:   00007fe76f079910 0000000000000000
0x00007fe76f0798a0:   00007fe76f079910 0000000074259a40
0x00007fe76f0798b0:   0000000000000000 00007fe77a4fe048
0x00007fe76f0798c0:   00007fe767687d50 00007fe7674dc119
0x00007fe76f0798d0:   0000000000000000 000000000000002c
0x00007fe76f0798e0:   00007fe76f079910 00007fe76f079930
0x00007fe76f0798f0:   0000000000000000 00007fe77a4fe048
0x00007fe76f079900:   00007fe7742595a0 00007fe7674d2b42
0x00007fe76f079910:   00007fe76f079b00 00007fe7675358b1
0x00007fe76f079920:   00007fe76f079b00 00007fe77a2ea92d
0x00007fe76f079930:   00007fe77a4ff2c8 00007fe77a4ff858
0x00007fe76f079940:   00007fe77a4e0000 00007fe774006a00
0x00007fe76f079950:   00007fe774007510 00007fe774006eb0
0x00007fe76f079960:   00007fe774007a10 00007fe77400c6f0
0x00007fe76f079970:   00007fe774125180 00007fe7741463a0
0x00007fe76f079980:   00007fe77a4df000 00007fe774256150
0x00007fe76f079990:   00007fe77424e870 00007fe77424ed10
0x00007fe76f0799a0:   00007fe774256620 00007fe774256ac0
0x00007fe76f0799b0:   00007fe774256f60 00007fe7740f3d30
0x00007fe76f0799c0:   00007fe7740f3860 00007fe7740025e0
0x00007fe76f0799d0:   00007fe774001ec0 00000000006215f0
0x00007fe76f0799e0:   0000000000621b60 0000000000622570 

Instructions: (pc=0x00007fe76d752c58)
0x00007fe76d752c38:   24 d8 48 89 fb 4c 89 64 24 e0 4c 89 6c 24 e8 48
0x00007fe76d752c48:   89 f5 4c 89 74 24 f0 4c 89 7c 24 f8 48 83 ec 58
0x00007fe76d752c58:   48 8b 87 68 09 00 00 49 89 d4 49 89 cd 4d 89 c6
0x00007fe76d752c68:   48 85 c0 74 02 ff 10 ba 08 00 00 00 be 62 00 00 

Register to memory mapping:

RAX=0x00007fe7540008c0 is an unknown value
RBX=0x0000000074259a40 is an unknown value
RCX=0x00007fe76f079858 is an unknown value
RDX=0x00007fe76f079854 is an unknown value
RSP=0x00007fe76f0797f0 is an unknown value
RBP=0x00007fe767535932: <offset 0x96932> in /usr/lib/fglrx/libGL.so.1 at 0x00007fe76749f000
RSI=0x00007fe767535932: <offset 0x96932> in /usr/lib/fglrx/libGL.so.1 at 0x00007fe76749f000
RDI=0x0000000074259a40 is an unknown value
R8 =0x00007fe76f07985c is an unknown value
R9 =0x0000000000000000 is an unknown value
R10=0x00007fe779cb1fa8: <offset 0x3bbfa8> in /lib/x86_64-linux-gnu/libc.so.6 at 0x00007fe7798f6000
R11=0x00007fe779931ca0: __cxa_finalize+0 in /lib/x86_64-linux-gnu/libc.so.6 at 0x00007fe7798f6000
R12=0x0000000000000000 is an unknown value
R13=0x00007fe767535932: <offset 0x96932> in /usr/lib/fglrx/libGL.so.1 at 0x00007fe76749f000
R14=0x00007fe7540008c0 is an unknown value
R15=0x0000000000000000 is an unknown value


Stack: [0x00007fe76ef7a000,0x00007fe76f07b000],  sp=0x00007fe76f0797f0,  free space=1021k
Native frames: (J=compiled Java code, j=interpreted, Vv=VM code, C=native code)
C  [libX11.so.6+0x33c58]  XQueryExtension+0x28

VM_Operation (0x00007fe75f6fb7e0): Exit, mode: safepoint, requested by thread 0x00007fe740001000


---------------  P R O C E S S  ---------------

Java Threads: ( => current thread )
  0x00007fe720002800 JavaThread "Thread-0" [_thread_blocked, id=19583, stack(0x00007fe75f3fa000,0x00007fe75f4fb000)]
  0x00007fe740001000 JavaThread "SIGTERM handler" daemon [_thread_blocked, id=19581, stack(0x00007fe75f5fc000,0x00007fe75f6fd000)]
  0x00007fe774b22800 JavaThread "Thread-2" daemon [_thread_blocked, id=19580, stack(0x00007fe76456f000,0x00007fe764670000)]
  0x00007fe774255800 JavaThread "AWT-XAWT" daemon [_thread_blocked, id=19579, stack(0x00007fe76c13f000,0x00007fe76c240000)]
  0x00007fe774157800 JavaThread "Java2D Disposer" daemon [_thread_blocked, id=19577, stack(0x00007fe76c500000,0x00007fe76c601000)]
  0x00007fe77409e800 JavaThread "Low Memory Detector" daemon [_thread_blocked, id=19575, stack(0x00007fe76e291000,0x00007fe76e392000)]
  0x00007fe77409c000 JavaThread "C2 CompilerThread1" daemon [_thread_blocked, id=19574, stack(0x00007fe76e392000,0x00007fe76e493000)]
  0x00007fe774099800 JavaThread "C2 CompilerThread0" daemon [_thread_blocked, id=19573, stack(0x00007fe76e493000,0x00007fe76e594000)]
  0x00007fe774098000 JavaThread "Signal Dispatcher" daemon [_thread_blocked, id=19572, stack(0x00007fe76e594000,0x00007fe76e695000)]
  0x00007fe774079000 JavaThread "Finalizer" daemon [_thread_blocked, id=19571, stack(0x00007fe76ed78000,0x00007fe76ee79000)]
  0x00007fe774077000 JavaThread "Reference Handler" daemon [_thread_blocked, id=19570, stack(0x00007fe76ee79000,0x00007fe76ef7a000)]
  0x00007fe774008800 JavaThread "main" [_thread_blocked, id=19561, stack(0x00007fe77a3db000,0x00007fe77a4dc000)]

Other Threads:
=>0x00007fe774070000 VMThread [stack: 0x00007fe76ef7a000,0x00007fe76f07b000] [id=19569]

VM state:at safepoint (shutting down)

VM Mutex/Monitor currently owned by a thread:  ([mutex/lock_event])
[0x00007fe774004dd0] Threads_lock - owner thread: 0x00007fe774070000

Heap
 PSYoungGen      total 34880K, used 12194K [0x00000000d9200000, 0x00000000db8e0000, 0x0000000100000000)
  eden space 29952K, 40% used [0x00000000d9200000,0x00000000d9de8860,0x00000000daf40000)
  from space 4928K, 0% used [0x00000000db410000,0x00000000db410000,0x00000000db8e0000)
  to   space 4928K, 0% used [0x00000000daf40000,0x00000000daf40000,0x00000000db410000)
 PSOldGen        total 79616K, used 0K [0x000000008b600000, 0x00000000903c0000, 0x00000000d9200000)
  object space 79616K, 0% used [0x000000008b600000,0x000000008b600000,0x00000000903c0000)
 PSPermGen       total 21248K, used 11265K [0x0000000081000000, 0x00000000824c0000, 0x000000008b600000)
  object space 21248K, 53% used [0x0000000081000000,0x0000000081b00648,0x00000000824c0000)

Code Cache  [0x00007fe77017d000, 0x00007fe7703ed000, 0x00007fe77317d000)
 total_blobs=569 nmethods=89 adapters=434 free_code_cache=49623616 largest_free_block=6016

Dynamic libraries:
00400000-00409000 r-xp 00000000 08:03 18618890                           /usr/lib/jvm/java-6-openjdk-amd64/jre/bin/java
00608000-00609000 r--p 00008000 08:03 18618890                           /usr/lib/jvm/java-6-openjdk-amd64/jre/bin/java
00609000-0060a000 rw-p 00009000 08:03 18618890                           /usr/lib/jvm/java-6-openjdk-amd64/jre/bin/java
00621000-00642000 rw-p 00000000 00:00 0                                  [heap]
81000000-824c0000 rw-p 00000000 00:00 0 
824c0000-8b600000 rw-p 00000000 00:00 0 
8b600000-903c0000 rw-p 00000000 00:00 0 
903c0000-d9200000 rw-p 00000000 00:00 0 
d9200000-db8e0000 rw-p 00000000 00:00 0 
db8e0000-100000000 rw-p 00000000 00:00 0 
7fe718000000-7fe718021000 rw-p 00000000 00:00 0 
7fe718021000-7fe71c000000 ---p 00000000 00:00 0 
7fe71c000000-7fe71c021000 rw-p 00000000 00:00 0 
7fe71c021000-7fe720000000 ---p 00000000 00:00 0 
7fe720000000-7fe720021000 rw-p 00000000 00:00 0 
7fe720021000-7fe724000000 ---p 00000000 00:00 0 
7fe724000000-7fe724021000 rw-p 00000000 00:00 0 
7fe724021000-7fe728000000 ---p 00000000 00:00 0 
7fe728000000-7fe728021000 rw-p 00000000 00:00 0 
7fe728021000-7fe72c000000 ---p 00000000 00:00 0 
7fe72c000000-7fe72c021000 rw-p 00000000 00:00 0 
7fe72c021000-7fe730000000 ---p 00000000 00:00 0 
7fe730000000-7fe730021000 rw-p 00000000 00:00 0 
7fe730021000-7fe734000000 ---p 00000000 00:00 0 
7fe734000000-7fe734021000 rw-p 00000000 00:00 0 
7fe734021000-7fe738000000 ---p 00000000 00:00 0 
7fe738000000-7fe73819f000 rw-p 00000000 00:00 0 
7fe73819f000-7fe73c000000 ---p 00000000 00:00 0 
7fe73c000000-7fe73c021000 rw-p 00000000 00:00 0 
7fe73c021000-7fe740000000 ---p 00000000 00:00 0 
7fe740000000-7fe740021000 rw-p 00000000 00:00 0 
7fe740021000-7fe744000000 ---p 00000000 00:00 0 
7fe744000000-7fe7441be000 rw-p 00000000 00:00 0 
7fe7441be000-7fe748000000 ---p 00000000 00:00 0 
7fe748000000-7fe748021000 rw-p 00000000 00:00 0 
7fe748021000-7fe74c000000 ---p 00000000 00:00 0 
7fe74c000000-7fe74c021000 rw-p 00000000 00:00 0 
7fe74c021000-7fe750000000 ---p 00000000 00:00 0 
7fe750000000-7fe750021000 rw-p 00000000 00:00 0 
7fe750021000-7fe754000000 ---p 00000000 00:00 0 
7fe754000000-7fe754021000 rw-p 00000000 00:00 0 
7fe754021000-7fe758000000 ---p 00000000 00:00 0 
7fe758000000-7fe758021000 rw-p 00000000 00:00 0 
7fe758021000-7fe75c000000 ---p 00000000 00:00 0 
7fe75f2f9000-7fe75f2fc000 ---p 00000000 00:00 0 
7fe75f2fc000-7fe75f3fa000 rw-p 00000000 00:00 0 
7fe75f3fa000-7fe75f3fd000 ---p 00000000 00:00 0 
7fe75f3fd000-7fe75f4fb000 rw-p 00000000 00:00 0 
7fe75f4fb000-7fe75f4fe000 ---p 00000000 00:00 0 
7fe75f4fe000-7fe75f5fc000 rw-p 00000000 00:00 0 
7fe75f5fc000-7fe75f5ff000 ---p 00000000 00:00 0 
7fe75f5ff000-7fe75f6fd000 rw-p 00000000 00:00 0 
7fe75f6fd000-7fe75f7fd000 rw-s 00144000 00:05 10225                      /dev/ati/card0
7fe75f7fd000-7fe75f8fd000 rw-s 00143000 00:05 10225                      /dev/ati/card0
7fe75f8fd000-7fe75fafd000 rw-s 0013c000 00:05 10225                      /dev/ati/card0
7fe75fafd000-7fe75fbfd000 rw-s 0013a000 00:05 10225                      /dev/ati/card0
7fe75fbfe000-7fe75fcfe000 rw-s 0013f000 00:05 10225                      /dev/ati/card0
7fe75fcfe000-7fe75fdfe000 rw-s 0013e000 00:05 10225                      /dev/ati/card0
7fe75fdfe000-7fe760000000 rw-p 00000000 00:00 0 
7fe760000000-7fe760021000 rw-p 00000000 00:00 0 
7fe760021000-7fe764000000 ---p 00000000 00:00 0 
7fe764069000-7fe76446c000 rw-p 00000000 00:00 0 
7fe76446c000-7fe76446f000 r-xp 00000000 08:03 15602613                   /home/arwilczek90/workspace/Elements/lib/slick/libjinput-linux64.so
7fe76446f000-7fe76456e000 ---p 00003000 08:03 15602613                   /home/arwilczek90/workspace/Elements/lib/slick/libjinput-linux64.so
7fe76456e000-7fe76456f000 rw-p 00002000 08:03 15602613                   /home/arwilczek90/workspace/Elements/lib/slick/libjinput-linux64.so
7fe76456f000-7fe764572000 ---p 00000000 00:00 0 
7fe764572000-7fe764670000 rw-p 00000000 00:00 0 
7fe764670000-7fe764d70000 rw-s 00006000 00:05 10225                      /dev/ati/card0
7fe764d70000-7fe764d72000 r-xp 00000000 08:03 18488267                   /usr/lib/x86_64-linux-gnu/libXinerama.so.1.0.0
7fe764d72000-7fe764f71000 ---p 00002000 08:03 18488267                   /usr/lib/x86_64-linux-gnu/libXinerama.so.1.0.0
7fe764f71000-7fe764f72000 r--p 00001000 08:03 18488267                   /usr/lib/x86_64-linux-gnu/libXinerama.so.1.0.0
7fe764f72000-7fe764f73000 rw-p 00002000 08:03 18488267                   /usr/lib/x86_64-linux-gnu/libXinerama.so.1.0.0
7fe764f73000-7fe764fae000 r-xp 00000000 08:03 19009508                   /usr/lib/fglrx/libatiadlxx.so
7fe764fae000-7fe7650ae000 ---p 0003b000 08:03 19009508                   /usr/lib/fglrx/libatiadlxx.so
7fe7650ae000-7fe7650b7000 rw-p 0003b000 08:03 19009508                   /usr/lib/fglrx/libatiadlxx.so
7fe7650b7000-7fe7650c8000 rw-p 00000000 00:00 0 
7fe7650c8000-7fe7650cf000 r-xp 00000000 08:03 19009532                   /usr/lib/fglrx/libatiuki.so.1.0
7fe7650cf000-7fe7651cf000 ---p 00007000 08:03 19009532                   /usr/lib/fglrx/libatiuki.so.1.0
7fe7651cf000-7fe7651d0000 rw-p 00007000 08:03 19009532                   /usr/lib/fglrx/libatiuki.so.1.0
7fe7651d0000-7fe7651d1000 rw-p 00000000 00:00 0 
7fe7651d1000-7fe76712b000 r-xp 00000000 08:03 19009510                   /usr/lib/fglrx/dri/fglrx_dri.so
7fe76712b000-7fe76722b000 ---p 01f5a000 08:03 19009510                   /usr/lib/fglrx/dri/fglrx_dri.so
7fe76722b000-7fe767379000 rwxp 01f5a000 08:03 19009510                   /usr/lib/fglrx/dri/fglrx_dri.so
7fe767379000-7fe76749f000 rwxp 00000000 00:00 0 
7fe76749f000-7fe767562000 r-xp 00000000 08:03 19009512                   /usr/lib/fglrx/libGL.so.1.2
7fe767562000-7fe767661000 ---p 000c3000 08:03 19009512                   /usr/lib/fglrx/libGL.so.1.2
7fe767661000-7fe767688000 rwxp 000c2000 08:03 19009512                   /usr/lib/fglrx/libGL.so.1.2
7fe767688000-7fe7676a8000 rwxp 00000000 00:00 0 
7fe7676a8000-7fe7676a9000 r-xp 00000000 08:03 18618886                   /usr/lib/jvm/java-6-openjdk-amd64/jre/lib/amd64/libjawt.so
7fe7676a9000-7fe7678a8000 ---p 00001000 08:03 18618886                   /usr/lib/jvm/java-6-openjdk-amd64/jre/lib/amd64/libjawt.so
7fe7678a8000-7fe7678a9000 r--p 00000000 08:03 18618886                   /usr/lib/jvm/java-6-openjdk-amd64/jre/lib/amd64/libjawt.so
7fe7678a9000-7fe7678aa000 rw-p 00001000 08:03 18618886                   /usr/lib/jvm/java-6-openjdk-amd64/jre/lib/amd64/libjawt.so
7fe7678aa000-7fe7678ae000 r-xp 00000000 08:03 18488287                   /usr/lib/x86_64-linux-gnu/libXxf86vm.so.1.0.0
7fe7678ae000-7fe767aad000 ---p 00004000 08:03 18488287                   /usr/lib/x86_64-linux-gnu/libXxf86vm.so.1.0.0
7fe767aad000-7fe767aae000 r--p 00003000 08:03 18488287                   /usr/lib/x86_64-linux-gnu/libXxf86vm.so.1.0.0
7fe767aae000-7fe767aaf000 rw-p 00004000 08:03 18488287                   /usr/lib/x86_64-linux-gnu/libXxf86vm.so.1.0.0
7fe767aaf000-7fe767ab7000 r-xp 00000000 08:03 18488277                   /usr/lib/x86_64-linux-gnu/libXrandr.so.2.2.0
7fe767ab7000-7fe767cb6000 ---p 00008000 08:03 18488277                   /usr/lib/x86_64-linux-gnu/libXrandr.so.2.2.0
7fe767cb6000-7fe767cb7000 r--p 00007000 08:03 18488277                   /usr/lib/x86_64-linux-gnu/libXrandr.so.2.2.0
7fe767cb7000-7fe767cb8000 rw-p 00008000 08:03 18488277                   /usr/lib/x86_64-linux-gnu/libXrandr.so.2.2.0
7fe767cb8000-7fe767cf8000 r-xp 00000000 08:03 15602617                   /home/arwilczek90/workspace/Elements/lib/slick/liblwjgl64.so
7fe767cf8000-7fe767df8000 ---p 00040000 08:03 15602617                   /home/arwilczek90/workspace/Elements/lib/slick/liblwjgl64.so
7fe767df8000-7fe767dfa000 rw-p 00040000 08:03 15602617                   /home/arwilczek90/workspace/Elements/lib/slick/liblwjgl64.so
7fe767dfa000-7fe767dff000 r-xp 00000000 08:03 18488261                   /usr/lib/x86_64-linux-gnu/libXfixes.so.3.1.0
7fe767dff000-7fe767ffe000 ---p 00005000 08:03 18488261                   /usr/lib/x86_64-linux-gnu/libXfixes.so.3.1.0
7fe767ffe000-7fe767fff000 r--p 00004000 08:03 18488261                   /usr/lib/x86_64-linux-gnu/libXfixes.so.3.1.0
7fe767fff000-7fe768000000 rw-p 00005000 08:03 18488261                   /usr/lib/x86_64-linux-gnu/libXfixes.so.3.1.0
7fe768000000-7fe768021000 rw-p 00000000 00:00 0 
7fe768021000-7fe76c000000 ---p 00000000 00:00 0 
7fe76c07a000-7fe76c07b000 r--s 00000000 08:03 19927127                   /var/cache/fontconfig/c05880de57d1f5e948fdfacc138775d9-le64.cache-3
7fe76c07b000-7fe76c084000 r--s 00000000 08:03 19927122                   /var/cache/fontconfig/945677eb7aeaf62f1d50efc3fb3ec7d8-le64.cache-3
7fe76c084000-7fe76c086000 r--s 00000000 08:03 19927123                   /var/cache/fontconfig/99e8ed0e538f840c565b6ed5dad60d56-le64.cache-3
7fe76c086000-7fe76c08a000 r--s 00000000 08:03 19927109                   /var/cache/fontconfig/2cd17615ca594fa2959ae173292e504c-le64.cache-3
7fe76c08a000-7fe76c090000 r--s 00000000 08:03 19927124                   /var/cache/fontconfig/a755afe4a08bf5b97852ceb7400b47bc-le64.cache-3
7fe76c090000-7fe76c0a0000 r--s 00000000 08:03 19927106                   /var/cache/fontconfig/04aabc0a78ac019cf9454389977116d2-le64.cache-3
7fe76c0a1000-7fe76c0a9000 r--s 00067000 08:03 15598510                   /home/arwilczek90/workspace/Elements/lib/slick/lib/slick-sources.jar
7fe76c0a9000-7fe76c0b4000 r--s 00093000 08:03 15598513                   /home/arwilczek90/workspace/Elements/lib/slick/lib/slick.jar
7fe76c0b4000-7fe76c0b9000 r--s 0002f000 08:03 15598498                   /home/arwilczek90/workspace/Elements/lib/slick/lib/jinput.jar
7fe76c0b9000-7fe76c0bb000 r--s 00008000 08:03 15598497                   /home/arwilczek90/workspace/Elements/lib/slick/lib/ibxm.jar
7fe76c0bb000-7fe76c0be000 r--s 0005b000 08:03 15598496                   /home/arwilczek90/workspace/Elements/lib/slick/lib/hiero.jar
7fe76c0be000-7fe76c0bf000 r--s 00007000 08:03 15597697                   /home/arwilczek90/workspace/Elements/lib/slick/applet/lwjgl_util_applet.jar
7fe76c0bf000-7fe76c0ff000 rw-s 0002a000 00:05 10225                      /dev/ati/card0
7fe76c0ff000-7fe76c13f000 rw-s f0300000 00:05 10225                      /dev/ati/card0
7fe76c13f000-7fe76c142000 ---p 00000000 00:00 0 
7fe76c142000-7fe76c240000 rw-p 00000000 00:00 0 
7fe76c240000-7fe76c241000 r--s 00000000 08:03 19927127                   /var/cache/fontconfig/c05880de57d1f5e948fdfacc138775d9-le64.cache-3
7fe76c241000-7fe76c24a000 r--s 00000000 08:03 19927122                   /var/cache/fontconfig/945677eb7aeaf62f1d50efc3fb3ec7d8-le64.cache-3
7fe76c24a000-7fe76c24c000 r--s 00000000 08:03 19927123                   /var/cache/fontconfig/99e8ed0e538f840c565b6ed5dad60d56-le64.cache-3
7fe76c24c000-7fe76c250000 r--s 00000000 08:03 19927109                   /var/cache/fontconfig/2cd17615ca594fa2959ae173292e504c-le64.cache-3
7fe76c250000-7fe76c251000 r--s 00000000 08:03 19927134                   /var/cache/fontconfig/e7071f4a29fa870f4323321c154eba04-le64.cache-3
7fe76c251000-7fe76c252000 r--s 00000000 08:03 19927107                   /var/cache/fontconfig/0d8c3b2ac0904cb8a57a757ad11a4a08-le64.cache-3
7fe76c252000-7fe76c258000 r--s 00000000 08:03 19927124                   /var/cache/fontconfig/a755afe4a08bf5b97852ceb7400b47bc-le64.cache-3
7fe76c258000-7fe76c261000 r--s 00000000 08:03 19927460                   /var/cache/fontconfig/6d41288fd70b0be22e8c3a91e032eec0-le64.cache-3
7fe76c261000-7fe76c271000 r--s 00000000 08:03 19927106                   /var/cache/fontconfig/04aabc0a78ac019cf9454389977116d2-le64.cache-3
7fe76c271000-7fe76c274000 r--s 00000000 08:03 19927112                   /var/cache/fontconfig/385c0604a188198f04d133e54aba7fe7-le64.cache-3
7fe76c274000-7fe76c275000 r--s 00000000 08:03 19927113                   /var/cache/fontconfig/4794a0821666d79190d59a36cb4f44b5-le64.cache-3
7fe76c275000-7fe76c278000 r--s 00000000 08:03 19927121                   /var/cache/fontconfig/8801497958630a81b71ace7c5f9b32a8-le64.cache-3
7fe76c278000-7fe76c2a6000 r--s 00000000 08:03 19927454                   /var/cache/fontconfig/365b55f210c0a22e9a19e35191240f32-le64.cache-3
7fe76c2a6000-7fe76c2ab000 r--s 00000000 08:03 19927110                   /var/cache/fontconfig/3047814df9a2f067bd2d96a2b9c36e5a-le64.cache-3
7fe76c2ab000-7fe76c2b0000 r--s 00000000 08:03 19927125                   /var/cache/fontconfig/b47c4e1ecd0709278f4910c18777a504-le64.cache-3
7fe76c2b0000-7fe76c2b2000 r--s 00015000 08:03 15598514                   /home/arwilczek90/workspace/Elements/lib/slick/lib/tinylinepp.jar
7fe76c2b2000-7fe76c2b5000 r--s 00015000 08:03 15598512                   /home/arwilczek90/workspace/Elements/lib/slick/lib/slick-util.jar
7fe76c2b5000-7fe76c2b6000 r--s 00000000 08:03 15598509                   /home/arwilczek90/workspace/Elements/lib/slick/lib/slick-examples.jar
7fe76c2b6000-7fe76c2b7000 r--s 00003000 08:03 15598508                   /home/arwilczek90/workspace/Elements/lib/slick/lib/scalar.jar
7fe76c2b7000-7fe76c2ba000 r--s 00017000 08:03 15598507                   /home/arwilczek90/workspace/Elements/lib/slick/lib/pedigree.jar
7fe76c2ba000-7fe76c2bc000 r--s 00004000 08:03 15598506                   /home/arwilczek90/workspace/Elements/lib/slick/lib/packulike.jar
7fe76c2bc000-7fe76c2be000 r--s 00033000 08:03 15598504                   /home/arwilczek90/workspace/Elements/lib/slick/lib/natives-mac.jar
7fe76c2be000-7fe76c2c7000 r-xp 00000000 08:03 18488253                   /usr/lib/x86_64-linux-gnu/libXcursor.so.1.0.2
7fe76c2c7000-7fe76c4c6000 ---p 00009000 08:03 18488253                   /usr/lib/x86_64-linux-gnu/libXcursor.so.1.0.2
7fe76c4c6000-7fe76c4c7000 r--p 00008000 08:03 18488253                   /usr/lib/x86_64-linux-gnu/libXcursor.so.1.0.2
7fe76c4c7000-7fe76c4c8000 rw-p 00009000 08:03 18488253                   /usr/lib/x86_64-linux-gnu/libXcursor.so.1.0.2
7fe76c4c8000-7fe76c4c9000 r--s 00043000 08:03 15598505                   /home/arwilczek90/workspace/Elements/lib/slick/lib/natives-win32.jar
7fe76c4c9000-7fe76c4ca000 r--s 0003d000 08:03 15598503                   /home/arwilczek90/workspace/Elements/lib/slick/lib/natives-linux.jar
7fe76c4ca000-7fe76c4d1000 r--s 00073000 08:03 15598502                   /home/arwilczek90/workspace/Elements/lib/slick/lib/lwjgl.jar
7fe76c4d1000-7fe76c4d3000 r--s 0000d000 08:03 15598501                   /home/arwilczek90/workspace/Elements/lib/slick/lib/jorbis-0.0.15.jar
7fe76c4d3000-7fe76c4d4000 r--s 00001000 08:03 15598500                   /home/arwilczek90/workspace/Elements/lib/slick/lib/jogg-0.0.7.jar
7fe76c4d4000-7fe76c4d5000 r--s 00001000 08:03 15598499                   /home/arwilczek90/workspace/Elements/lib/slick/lib/jnlp.jar
7fe76c4d5000-7fe76c4d7000 rw-s 00002000 00:05 10225                      /dev/ati/card0
7fe76c4d7000-7fe76c4e2000 r--s 00093000 08:03 15597692                   /home/arwilczek90/workspace/Elements/lib/slick.jar
7fe76c4e2000-7fe76c4e9000 r--s 000fb000 08:03 18618812                   /usr/lib/jvm/java-6-openjdk-common/jre/lib/resources.jar
7fe76c4e9000-7fe76c4f9000 r--s 00000000 08:03 19927130                   /var/cache/fontconfig/d52a8644073d54c13679302ca1180695-le64.cache-3
7fe76c4f9000-7fe76c4fc000 r--s 00000000 08:03 19927196                   /var/cache/fontconfig/e13b20fdb08344e0e664864cc2ede53d-le64.cache-3
7fe76c4fc000-7fe76c500000 r--s 00000000 08:03 19927452                   /var/cache/fontconfig/7ef2298fde41cc6eeb7af42e48b7d293-le64.cache-3
7fe76c500000-7fe76c503000 ---p 00000000 00:00 0 
7fe76c503000-7fe76c601000 rw-p 00000000 00:00 0 
7fe76c601000-7fe76c697000 r-xp 00000000 08:03 18488439                   /usr/lib/x86_64-linux-gnu/libfreetype.so.6.8.0
7fe76c697000-7fe76c896000 ---p 00096000 08:03 18488439                   /usr/lib/x86_64-linux-gnu/libfreetype.so.6.8.0
7fe76c896000-7fe76c89c000 r--p 00095000 08:03 18488439                   /usr/lib/x86_64-linux-gnu/libfreetype.so.6.8.0
7fe76c89c000-7fe76c89d000 rw-p 0009b000 08:03 18488439                   /usr/lib/x86_64-linux-gnu/libfreetype.so.6.8.0
7fe76c89d000-7fe76c8d7000 r-xp 00000000 08:03 18618871                   /usr/lib/jvm/java-6-openjdk-amd64/jre/lib/amd64/libfontmanager.so
7fe76c8d7000-7fe76cad6000 ---p 0003a000 08:03 18618871                   /usr/lib/jvm/java-6-openjdk-amd64/jre/lib/amd64/libfontmanager.so
7fe76cad6000-7fe76cad8000 r--p 00039000 08:03 18618871                   /usr/lib/jvm/java-6-openjdk-amd64/jre/lib/amd64/libfontmanager.so
7fe76cad8000-7fe76cad9000 rw-p 0003b000 08:03 18618871                   /usr/lib/jvm/java-6-openjdk-amd64/jre/lib/amd64/libfontmanager.so
7fe76cad9000-7fe76cade000 r-xp 00000000 08:03 18488257                   /usr/lib/x86_64-linux-gnu/libXdmcp.so.6.0.0
7fe76cade000-7fe76ccdd000 ---p 00005000 08:03 18488257                   /usr/lib/x86_64-linux-gnu/libXdmcp.so.6.0.0
7fe76ccdd000-7fe76ccde000 r--p 00004000 08:03 18488257                   /usr/lib/x86_64-linux-gnu/libXdmcp.so.6.0.0
7fe76ccde000-7fe76ccdf000 rw-p 00005000 08:03 18488257                   /usr/lib/x86_64-linux-gnu/libXdmcp.so.6.0.0
7fe76ccdf000-7fe76cce1000 r-xp 00000000 08:03 18488246                   /usr/lib/x86_64-linux-gnu/libXau.so.6.0.0
7fe76cce1000-7fe76cee0000 ---p 00002000 08:03 18488246                   /usr/lib/x86_64-linux-gnu/libXau.so.6.0.0
7fe76cee0000-7fe76cee1000 r--p 00001000 08:03 18488246                   /usr/lib/x86_64-linux-gnu/libXau.so.6.0.0
7fe76cee1000-7fe76cee2000 rw-p 00002000 08:03 18488246                   /usr/lib/x86_64-linux-gnu/libXau.so.6.0.0
7fe76cee2000-7fe76ceff000 r-xp 00000000 08:03 18488845                   /usr/lib/x86_64-linux-gnu/libxcb.so.1.1.0
7fe76ceff000-7fe76d0fe000 ---p 0001d000 08:03 18488845                   /usr/lib/x86_64-linux-gnu/libxcb.so.1.1.0
7fe76d0fe000-7fe76d0ff000 r--p 0001c000 08:03 18488845                   /usr/lib/x86_64-linux-gnu/libxcb.so.1.1.0
7fe76d0ff000-7fe76d100000 rw-p 0001d000 08:03 18488845                   /usr/lib/x86_64-linux-gnu/libxcb.so.1.1.0
7fe76d100000-7fe76d10e000 r-xp 00000000 08:03 18488265                   /usr/lib/x86_64-linux-gnu/libXi.so.6.1.0
7fe76d10e000-7fe76d30d000 ---p 0000e000 08:03 18488265                   /usr/lib/x86_64-linux-gnu/libXi.so.6.1.0
7fe76d30d000-7fe76d30e000 r--p 0000d000 08:03 18488265                   /usr/lib/x86_64-linux-gnu/libXi.so.6.1.0
7fe76d30e000-7fe76d30f000 rw-p 0000e000 08:03 18488265                   /usr/lib/x86_64-linux-gnu/libXi.so.6.1.0
7fe76d30f000-7fe76d314000 r-xp 00000000 08:03 18488283                   /usr/lib/x86_64-linux-gnu/libXtst.so.6.1.0
7fe76d314000-7fe76d513000 ---p 00005000 08:03 18488283                   /usr/lib/x86_64-linux-gnu/libXtst.so.6.1.0
7fe76d513000-7fe76d514000 r--p 00004000 08:03 18488283                   /usr/lib/x86_64-linux-gnu/libXtst.so.6.1.0
7fe76d514000-7fe76d515000 rw-p 00005000 08:03 18488283                   /usr/lib/x86_64-linux-gnu/libXtst.so.6.1.0
7fe76d515000-7fe76d51e000 r-xp 00000000 08:03 18488279                   /usr/lib/x86_64-linux-gnu/libXrender.so.1.3.0
7fe76d51e000-7fe76d71d000 ---p 00009000 08:03 18488279                   /usr/lib/x86_64-linux-gnu/libXrender.so.1.3.0
7fe76d71d000-7fe76d71e000 r--p 00008000 08:03 18488279                   /usr/lib/x86_64-linux-gnu/libXrender.so.1.3.0
7fe76d71e000-7fe76d71f000 rw-p 00009000 08:03 18488279                   /usr/lib/x86_64-linux-gnu/libXrender.so.1.3.0
7fe76d71f000-7fe76d84e000 r-xp 00000000 08:03 18488244                   /usr/lib/x86_64-linux-gnu/libX11.so.6.3.0
7fe76d84e000-7fe76da4e000 ---p 0012f000 08:03 18488244                   /usr/lib/x86_64-linux-gnu/libX11.so.6.3.0
7fe76da4e000-7fe76da4f000 r--p 0012f000 08:03 18488244                   /usr/lib/x86_64-linux-gnu/libX11.so.6.3.0
7fe76da4f000-7fe76da53000 rw-p 00130000 08:03 18488244                   /usr/lib/x86_64-linux-gnu/libX11.so.6.3.0
7fe76da53000-7fe76da63000 r-xp 00000000 08:03 18488259                   /usr/lib/x86_64-linux-gnu/libXext.so.6.4.0
7fe76da63000-7fe76dc62000 ---p 00010000 08:03 18488259                   /usr/lib/x86_64-linux-gnu/libXext.so.6.4.0
7fe76dc62000-7fe76dc63000 r--p 0000f000 08:03 18488259                   /usr/lib/x86_64-linux-gnu/libXext.so.6.4.0
7fe76dc63000-7fe76dc64000 rw-p 00010000 08:03 18488259                   /usr/lib/x86_64-linux-gnu/libXext.so.6.4.0
7fe76dc64000-7fe76dcaf000 r-xp 00000000 08:03 18618972                   /usr/lib/jvm/java-6-openjdk-amd64/jre/lib/amd64/xawt/libmawt.so
7fe76dcaf000-7fe76deaf000 ---p 0004b000 08:03 18618972                   /usr/lib/jvm/java-6-openjdk-amd64/jre/lib/amd64/xawt/libmawt.so
7fe76deaf000-7fe76deb0000 r--p 0004b000 08:03 18618972                   /usr/lib/jvm/java-6-openjdk-amd64/jre/lib/amd64/xawt/libmawt.so
7fe76deb0000-7fe76deb3000 rw-p 0004c000 08:03 18618972                   /usr/lib/jvm/java-6-openjdk-amd64/jre/lib/amd64/xawt/libmawt.so
7fe76deb3000-7fe76deb4000 rw-p 00000000 00:00 0 
7fe76deb4000-7fe76df60000 r-xp 00000000 08:03 18618874                   /usr/lib/jvm/java-6-openjdk-amd64/jre/lib/amd64/libawt.so
7fe76df60000-7fe76e15f000 ---p 000ac000 08:03 18618874                   /usr/lib/jvm/java-6-openjdk-amd64/jre/lib/amd64/libawt.so
7fe76e15f000-7fe76e160000 r--p 000ab000 08:03 18618874                   /usr/lib/jvm/java-6-openjdk-amd64/jre/lib/amd64/libawt.so
7fe76e160000-7fe76e16b000 rw-p 000ac000 08:03 18618874                   /usr/lib/jvm/java-6-openjdk-amd64/jre/lib/amd64/libawt.so
7fe76e16b000-7fe76e190000 rw-p 00000000 00:00 0 
7fe76e190000-7fe76e191000 ---p 00000000 00:00 0 
7fe76e191000-7fe76e291000 rw-p 00000000 00:00 0 
7fe76e291000-7fe76e294000 ---p 00000000 00:00 0 
7fe76e294000-7fe76e392000 rw-p 00000000 00:00 0 
7fe76e392000-7fe76e395000 ---p 00000000 00:00 0 
7fe76e395000-7fe76e493000 rw-p 00000000 00:00 0 
7fe76e493000-7fe76e496000 ---p 00000000 00:00 0 
7fe76e496000-7fe76e594000 rw-p 00000000 00:00 0 
7fe76e594000-7fe76e597000 ---p 00000000 00:00 0 
7fe76e597000-7fe76e695000 rw-p 00000000 00:00 0 
7fe76e695000-7fe76ed78000 r--p 00000000 08:03 18487587                   /usr/lib/locale/locale-archive
7fe76ed78000-7fe76ed7b000 ---p 00000000 00:00 0 
7fe76ed7b000-7fe76ee79000 rw-p 00000000 00:00 0 
7fe76ee79000-7fe76ee7c000 ---p 00000000 00:00 0 
7fe76ee7c000-7fe76ef7a000 rw-p 00000000 00:00 0 
7fe76ef7a000-7fe76ef7b000 ---p 00000000 00:00 0 
7fe76ef7b000-7fe76f580000 rw-p 00000000 00:00 0 
7fe76f580000-7fe76f712000 r--s 037bf000 08:03 18618843                   /usr/lib/jvm/java-6-openjdk-amd64/jre/lib/rt.jar
7fe76f712000-7fe76f713000 ---p 00000000 00:00 0 
7fe76f713000-7fe76f813000 rw-p 00000000 00:00 0 
7fe76f813000-7fe76f814000 ---p 00000000 00:00 0 
7fe76f814000-7fe76f914000 rw-p 00000000 00:00 0 
7fe76f914000-7fe76f915000 ---p 00000000 00:00 0 
7fe76f915000-7fe76fa15000 rw-p 00000000 00:00 0 
7fe76fa15000-7fe76fa16000 ---p 00000000 00:00 0 
7fe76fa16000-7fe76fb3d000 rw-p 00000000 00:00 0 
7fe76fb3d000-7fe76fd84000 rw-p 00000000 00:00 0 
7fe76fd84000-7fe76fd8f000 rw-p 00000000 00:00 0 
7fe76fd8f000-7fe76fdd7000 rw-p 00000000 00:00 0 
7fe76fdd7000-7fe76fdfe000 rw-p 00000000 00:00 0 
7fe76fdfe000-7fe770045000 rw-p 00000000 00:00 0 
7fe770045000-7fe770059000 rw-p 00000000 00:00 0 
7fe770059000-7fe77017c000 rw-p 00000000 00:00 0 
7fe77017c000-7fe77017d000 rw-p 00000000 00:00 0 
7fe77017d000-7fe7703ed000 rwxp 00000000 00:00 0 
7fe7703ed000-7fe77317d000 rw-p 00000000 00:00 0 
7fe77317d000-7fe773184000 r-xp 00000000 08:03 18618888                   /usr/lib/jvm/java-6-openjdk-amd64/jre/lib/amd64/libzip.so
7fe773184000-7fe773383000 ---p 00007000 08:03 18618888                   /usr/lib/jvm/java-6-openjdk-amd64/jre/lib/amd64/libzip.so
7fe773383000-7fe773384000 r--p 00006000 08:03 18618888                   /usr/lib/jvm/java-6-openjdk-amd64/jre/lib/amd64/libzip.so
7fe773384000-7fe773385000 rw-p 00007000 08:03 18618888                   /usr/lib/jvm/java-6-openjdk-amd64/jre/lib/amd64/libzip.so
7fe773385000-7fe773391000 r-xp 00000000 08:03 21758081                   /lib/x86_64-linux-gnu/libnss_files-2.15.so
7fe773391000-7fe773590000 ---p 0000c000 08:03 21758081                   /lib/x86_64-linux-gnu/libnss_files-2.15.so
7fe773590000-7fe773591000 r--p 0000b000 08:03 21758081                   /lib/x86_64-linux-gnu/libnss_files-2.15.so
7fe773591000-7fe773592000 rw-p 0000c000 08:03 21758081                   /lib/x86_64-linux-gnu/libnss_files-2.15.so
7fe773592000-7fe77359c000 r-xp 00000000 08:03 21758077                   /lib/x86_64-linux-gnu/libnss_nis-2.15.so
7fe77359c000-7fe77379c000 ---p 0000a000 08:03 21758077                   /lib/x86_64-linux-gnu/libnss_nis-2.15.so
7fe77379c000-7fe77379d000 r--p 0000a000 08:03 21758077                   /lib/x86_64-linux-gnu/libnss_nis-2.15.so
7fe77379d000-7fe77379e000 rw-p 0000b000 08:03 21758077                   /lib/x86_64-linux-gnu/libnss_nis-2.15.so
7fe77379e000-7fe7737b5000 r-xp 00000000 08:03 21761730                   /lib/x86_64-linux-gnu/libnsl-2.15.so
7fe7737b5000-7fe7739b4000 ---p 00017000 08:03 21761730                   /lib/x86_64-linux-gnu/libnsl-2.15.so
7fe7739b4000-7fe7739b5000 r--p 00016000 08:03 21761730                   /lib/x86_64-linux-gnu/libnsl-2.15.so
7fe7739b5000-7fe7739b6000 rw-p 00017000 08:03 21761730                   /lib/x86_64-linux-gnu/libnsl-2.15.so
7fe7739b6000-7fe7739b8000 rw-p 00000000 00:00 0 
7fe7739b8000-7fe7739c0000 r-xp 00000000 08:03 21758082                   /lib/x86_64-linux-gnu/libnss_compat-2.15.so
7fe7739c0000-7fe773bbf000 ---p 00008000 08:03 21758082                   /lib/x86_64-linux-gnu/libnss_compat-2.15.so
7fe773bbf000-7fe773bc0000 r--p 00007000 08:03 21758082                   /lib/x86_64-linux-gnu/libnss_compat-2.15.so
7fe773bc0000-7fe773bc1000 rw-p 00008000 08:03 21758082                   /lib/x86_64-linux-gnu/libnss_compat-2.15.so
7fe773bc1000-7fe773bed000 r-xp 00000000 08:03 18618873                   /usr/lib/jvm/java-6-openjdk-amd64/jre/lib/amd64/libjava.so
7fe773bed000-7fe773dec000 ---p 0002c000 08:03 18618873                   /usr/lib/jvm/java-6-openjdk-amd64/jre/lib/amd64/libjava.so
7fe773dec000-7fe773ded000 r--p 0002b000 08:03 18618873                   /usr/lib/jvm/java-6-openjdk-amd64/jre/lib/amd64/libjava.so
7fe773ded000-7fe773df0000 rw-p 0002c000 08:03 18618873                   /usr/lib/jvm/java-6-openjdk-amd64/jre/lib/amd64/libjava.so
7fe773df0000-7fe773dfe000 r-xp 00000000 08:03 18618872                   /usr/lib/jvm/java-6-openjdk-amd64/jre/lib/amd64/libverify.so
7fe773dfe000-7fe773ffd000 ---p 0000e000 08:03 18618872                   /usr/lib/jvm/java-6-openjdk-amd64/jre/lib/amd64/libverify.so
7fe773ffd000-7fe773fff000 r--p 0000d000 08:03 18618872                   /usr/lib/jvm/java-6-openjdk-amd64/jre/lib/amd64/libverify.so
7fe773fff000-7fe774000000 rw-p 0000f000 08:03 18618872                   /usr/lib/jvm/java-6-openjdk-amd64/jre/lib/amd64/libverify.so
7fe774000000-7fe774d8d000 rw-p 00000000 00:00 0 
7fe774d8d000-7fe778000000 ---p 00000000 00:00 0 
7fe778000000-7fe778001000 rw-s 00005000 00:05 10225                      /dev/ati/card0
7fe778001000-7fe778002000 r--s 00000000 08:03 19927115                   /var/cache/fontconfig/56cf4f4769d0f4abc89a4895d7bd3ae1-le64.cache-3
7fe778002000-7fe778003000 r--s 00000000 08:03 19927126                   /var/cache/fontconfig/b9d506c9ac06c20b433354fa67a72993-le64.cache-3
7fe778003000-7fe77800c000 r--s 00000000 08:03 19927460                   /var/cache/fontconfig/6d41288fd70b0be22e8c3a91e032eec0-le64.cache-3
7fe77800c000-7fe77800f000 r--s 00000000 08:03 19927112                   /var/cache/fontconfig/385c0604a188198f04d133e54aba7fe7-le64.cache-3
7fe77800f000-7fe778010000 r--s 00000000 08:03 19927113                   /var/cache/fontconfig/4794a0821666d79190d59a36cb4f44b5-le64.cache-3
7fe778010000-7fe778013000 r--s 00000000 08:03 19927121                   /var/cache/fontconfig/8801497958630a81b71ace7c5f9b32a8-le64.cache-3
7fe778013000-7fe778041000 r--s 00000000 08:03 19927454                   /var/cache/fontconfig/365b55f210c0a22e9a19e35191240f32-le64.cache-3
7fe778041000-7fe778051000 r--s 00000000 08:03 19927130                   /var/cache/fontconfig/d52a8644073d54c13679302ca1180695-le64.cache-3
7fe778051000-7fe7780b7000 rw-p 00000000 00:00 0 
7fe7780b7000-7fe7780ff000 rw-p 00000000 00:00 0 
7fe7780ff000-7fe778106000 r-xp 00000000 08:03 21758075                   /lib/x86_64-linux-gnu/librt-2.15.so
7fe778106000-7fe778305000 ---p 00007000 08:03 21758075                   /lib/x86_64-linux-gnu/librt-2.15.so
7fe778305000-7fe778306000 r--p 00006000 08:03 21758075                   /lib/x86_64-linux-gnu/librt-2.15.so
7fe778306000-7fe778307000 rw-p 00007000 08:03 21758075                   /lib/x86_64-linux-gnu/librt-2.15.so
7fe778307000-7fe77831c000 r-xp 00000000 08:03 21761542                   /lib/x86_64-linux-gnu/libgcc_s.so.1
7fe77831c000-7fe77851b000 ---p 00015000 08:03 21761542                   /lib/x86_64-linux-gnu/libgcc_s.so.1
7fe77851b000-7fe77851c000 r--p 00014000 08:03 21761542                   /lib/x86_64-linux-gnu/libgcc_s.so.1
7fe77851c000-7fe77851d000 rw-p 00015000 08:03 21761542                   /lib/x86_64-linux-gnu/libgcc_s.so.1
7fe77851d000-7fe778616000 r-xp 00000000 08:03 21758079                   /lib/x86_64-linux-gnu/libm-2.15.so
7fe778616000-7fe778815000 ---p 000f9000 08:03 21758079                   /lib/x86_64-linux-gnu/libm-2.15.so
7fe778815000-7fe778816000 r--p 000f8000 08:03 21758079                   /lib/x86_64-linux-gnu/libm-2.15.so
7fe778816000-7fe778817000 rw-p 000f9000 08:03 21758079                   /lib/x86_64-linux-gnu/libm-2.15.so
7fe778817000-7fe7788f9000 r-xp 00000000 08:03 18488773                   /usr/lib/x86_64-linux-gnu/libstdc++.so.6.0.16
7fe7788f9000-7fe778af8000 ---p 000e2000 08:03 18488773                   /usr/lib/x86_64-linux-gnu/libstdc++.so.6.0.16
7fe778af8000-7fe778b00000 r--p 000e1000 08:03 18488773                   /usr/lib/x86_64-linux-gnu/libstdc++.so.6.0.16
7fe778b00000-7fe778b02000 rw-p 000e9000 08:03 18488773                   /usr/lib/x86_64-linux-gnu/libstdc++.so.6.0.16
7fe778b02000-7fe778b17000 rw-p 00000000 00:00 0 
7fe778b17000-7fe77941b000 r-xp 00000000 08:03 18618878                   /usr/lib/jvm/java-6-openjdk-amd64/jre/lib/amd64/server/libjvm.so
7fe77941b000-7fe77961b000 ---p 00904000 08:03 18618878                   /usr/lib/jvm/java-6-openjdk-amd64/jre/lib/amd64/server/libjvm.so
7fe77961b000-7fe77969b000 r--p 00904000 08:03 18618878                   /usr/lib/jvm/java-6-openjdk-amd64/jre/lib/amd64/server/libjvm.so
7fe77969b000-7fe7796b6000 rw-p 00984000 08:03 18618878                   /usr/lib/jvm/java-6-openjdk-amd64/jre/lib/amd64/server/libjvm.so
7fe7796b6000-7fe7796df000 rw-p 00000000 00:00 0 
7fe7796df000-7fe7796f5000 r-xp 00000000 08:03 21761632                   /lib/x86_64-linux-gnu/libz.so.1.2.3.4
7fe7796f5000-7fe7798f4000 ---p 00016000 08:03 21761632                   /lib/x86_64-linux-gnu/libz.so.1.2.3.4
7fe7798f4000-7fe7798f5000 r--p 00015000 08:03 21761632                   /lib/x86_64-linux-gnu/libz.so.1.2.3.4
7fe7798f5000-7fe7798f6000 rw-p 00016000 08:03 21761632                   /lib/x86_64-linux-gnu/libz.so.1.2.3.4
7fe7798f6000-7fe779aab000 r-xp 00000000 08:03 21757975                   /lib/x86_64-linux-gnu/libc-2.15.so
7fe779aab000-7fe779caa000 ---p 001b5000 08:03 21757975                   /lib/x86_64-linux-gnu/libc-2.15.so
7fe779caa000-7fe779cae000 r--p 001b4000 08:03 21757975                   /lib/x86_64-linux-gnu/libc-2.15.so
7fe779cae000-7fe779cb0000 rw-p 001b8000 08:03 21757975                   /lib/x86_64-linux-gnu/libc-2.15.so
7fe779cb0000-7fe779cb5000 rw-p 00000000 00:00 0 
7fe779cb5000-7fe779cb7000 r-xp 00000000 08:03 21757964                   /lib/x86_64-linux-gnu/libdl-2.15.so
7fe779cb7000-7fe779eb7000 ---p 00002000 08:03 21757964                   /lib/x86_64-linux-gnu/libdl-2.15.so
7fe779eb7000-7fe779eb8000 r--p 00002000 08:03 21757964                   /lib/x86_64-linux-gnu/libdl-2.15.so
7fe779eb8000-7fe779eb9000 rw-p 00003000 08:03 21757964                   /lib/x86_64-linux-gnu/libdl-2.15.so
7fe779eb9000-7fe779ebd000 r-xp 00000000 08:03 18618855                   /usr/lib/jvm/java-6-openjdk-amd64/jre/lib/amd64/jli/libjli.so
7fe779ebd000-7fe77a0bc000 ---p 00004000 08:03 18618855                   /usr/lib/jvm/java-6-openjdk-amd64/jre/lib/amd64/jli/libjli.so
7fe77a0bc000-7fe77a0bd000 r--p 00003000 08:03 18618855                   /usr/lib/jvm/java-6-openjdk-amd64/jre/lib/amd64/jli/libjli.so
7fe77a0bd000-7fe77a0be000 rw-p 00004000 08:03 18618855                   /usr/lib/jvm/java-6-openjdk-amd64/jre/lib/amd64/jli/libjli.so
7fe77a0be000-7fe77a0d6000 r-xp 00000000 08:03 21758073                   /lib/x86_64-linux-gnu/libpthread-2.15.so
7fe77a0d6000-7fe77a2d5000 ---p 00018000 08:03 21758073                   /lib/x86_64-linux-gnu/libpthread-2.15.so
7fe77a2d5000-7fe77a2d6000 r--p 00017000 08:03 21758073                   /lib/x86_64-linux-gnu/libpthread-2.15.so
7fe77a2d6000-7fe77a2d7000 rw-p 00018000 08:03 21758073                   /lib/x86_64-linux-gnu/libpthread-2.15.so
7fe77a2d7000-7fe77a2db000 rw-p 00000000 00:00 0 
7fe77a2db000-7fe77a2fd000 r-xp 00000000 08:03 21758085                   /lib/x86_64-linux-gnu/ld-2.15.so
7fe77a2fd000-7fe77a2fe000 r--s 00000000 08:03 19927134                   /var/cache/fontconfig/e7071f4a29fa870f4323321c154eba04-le64.cache-3
7fe77a2fe000-7fe77a2ff000 r--s 00000000 08:03 19927107                   /var/cache/fontconfig/0d8c3b2ac0904cb8a57a757ad11a4a08-le64.cache-3
7fe77a2ff000-7fe77a304000 r--s 00000000 08:03 19927110                   /var/cache/fontconfig/3047814df9a2f067bd2d96a2b9c36e5a-le64.cache-3
7fe77a304000-7fe77a305000 r--s 00000000 08:03 19927115                   /var/cache/fontconfig/56cf4f4769d0f4abc89a4895d7bd3ae1-le64.cache-3
7fe77a305000-7fe77a30a000 r--s 00000000 08:03 19927125                   /var/cache/fontconfig/b47c4e1ecd0709278f4910c18777a504-le64.cache-3
7fe77a30a000-7fe77a30d000 r--s 00000000 08:03 19927196                   /var/cache/fontconfig/e13b20fdb08344e0e664864cc2ede53d-le64.cache-3
7fe77a30d000-7fe77a311000 r--s 00000000 08:03 19927452                   /var/cache/fontconfig/7ef2298fde41cc6eeb7af42e48b7d293-le64.cache-3
7fe77a311000-7fe77a314000 r--s 0007d000 08:03 18618443                   /usr/lib/jvm/java-6-openjdk-common/jre/lib/jsse.jar
7fe77a314000-7fe77a31b000 r--s 00073000 08:03 15597691                   /home/arwilczek90/workspace/Elements/lib/lwjgl.jar
7fe77a31b000-7fe77a325000 rw-p 00000000 00:00 0 
7fe77a325000-7fe77a3db000 rw-p 00000000 00:00 0 
7fe77a3db000-7fe77a3de000 ---p 00000000 00:00 0 
7fe77a3de000-7fe77a4e1000 rw-p 00000000 00:00 0 
7fe77a4e1000-7fe77a4e2000 r--s 00000000 08:03 19927126                   /var/cache/fontconfig/b9d506c9ac06c20b433354fa67a72993-le64.cache-3
7fe77a4e2000-7fe77a4e4000 r--s 0000f000 08:03 18618803                   /usr/lib/jvm/java-6-openjdk-common/jre/lib/ext/pulse-java.jar
7fe77a4e4000-7fe77a4e7000 r--s 00077000 08:03 18618797                   /usr/lib/jvm/java-6-openjdk-common/jre/lib/ext/localedata.jar
7fe77a4e7000-7fe77a4e8000 r--s 00007000 08:03 18748229                   /usr/share/java/java-atk-wrapper.jar
7fe77a4e8000-7fe77a4ea000 r--s 00001000 08:03 18618801                   /usr/lib/jvm/java-6-openjdk-common/jre/lib/ext/dnsns.jar
7fe77a4ea000-7fe77a4ee000 r--s 00038000 08:03 18618795                   /usr/lib/jvm/java-6-openjdk-common/jre/lib/ext/sunpkcs11.jar
7fe77a4ee000-7fe77a4f1000 r--s 00031000 08:03 18618799                   /usr/lib/jvm/java-6-openjdk-common/jre/lib/ext/sunjce_provider.jar
7fe77a4f1000-7fe77a4f9000 rw-s 00000000 08:03 8126541                    /tmp/hsperfdata_arwilczek90/19559 (deleted)
7fe77a4f9000-7fe77a4fa000 rw-p 00000000 00:00 0 
7fe77a4fa000-7fe77a4fb000 ---p 00000000 00:00 0 
7fe77a4fb000-7fe77a4fd000 rw-p 00000000 00:00 0 
7fe77a4fd000-7fe77a4fe000 r--p 00022000 08:03 21758085                   /lib/x86_64-linux-gnu/ld-2.15.so
7fe77a4fe000-7fe77a500000 rw-p 00023000 08:03 21758085                   /lib/x86_64-linux-gnu/ld-2.15.so
7fff62c58000-7fff62c79000 rw-p 00000000 00:00 0                          [stack]
7fff62de5000-7fff62de6000 r-xp 00000000 00:00 0                          [vdso]
ffffffffff600000-ffffffffff601000 r-xp 00000000 00:00 0                  [vsyscall]

VM Arguments:
jvm_args: -Djava.library.path=/home/arwilczek90/workspace/Elements/lib/slick:/home/arwilczek90/workspace/Elements/lib/slick -Dfile.encoding=UTF-8 
java_command: com.hack.elements.view.Main
Launcher Type: SUN_STANDARD

Environment Variables:
PATH=/usr/lib/lightdm/lightdm:/usr/local/sbin:/usr/local/bin:/usr/sbin:/usr/bin:/sbin:/bin:/usr/games
LD_LIBRARY_PATH=/usr/lib/jvm/java-6-openjdk-amd64/jre/lib/amd64/server:/usr/lib/jvm/java-6-openjdk-amd64/jre/lib/amd64:/usr/lib/jvm/java-6-openjdk-amd64/jre/../lib/amd64
SHELL=/bin/bash
DISPLAY=:0.0

Signal Handlers:
SIGSEGV: [libjvm.so+0x784310], sa_mask[0]=0x7ffbfeff, sa_flags=0x10000004
SIGBUS: [libjvm.so+0x784310], sa_mask[0]=0x7ffbfeff, sa_flags=0x10000004
SIGFPE: [libjvm.so+0x648580], sa_mask[0]=0x7ffbfeff, sa_flags=0x10000004
SIGPIPE: [libjvm.so+0x648580], sa_mask[0]=0x7ffbfeff, sa_flags=0x10000004
SIGXFSZ: [libjvm.so+0x648580], sa_mask[0]=0x7ffbfeff, sa_flags=0x10000004
SIGILL: [libjvm.so+0x648580], sa_mask[0]=0x7ffbfeff, sa_flags=0x10000004
SIGUSR1: SIG_DFL, sa_mask[0]=0x00000000, sa_flags=0x00000000
SIGUSR2: [libjvm.so+0x648730], sa_mask[0]=0x00000004, sa_flags=0x10000004
SIGHUP: [libjvm.so+0x64b250], sa_mask[0]=0x7ffbfeff, sa_flags=0x10000004
SIGINT: [libjvm.so+0x64b250], sa_mask[0]=0x7ffbfeff, sa_flags=0x10000004
SIGTERM: [libjvm.so+0x64b250], sa_mask[0]=0x7ffbfeff, sa_flags=0x10000004
SIGQUIT: [libjvm.so+0x64b250], sa_mask[0]=0x7ffbfeff, sa_flags=0x10000004


---------------  S Y S T E M  ---------------

OS:Ubuntu 12.04 (precise)
uname:Linux 3.2.0-32-generic #51-Ubuntu SMP Wed Sep 26 21:33:09 UTC 2012 x86_64
libc:glibc 2.15 NPTL 2.15 
rlimit: STACK 8192k, CORE 0k, NPROC 59545, NOFILE 4096, AS infinity
load average:1.20 0.83 0.73

/proc/meminfo:
MemTotal:        7639648 kB
MemFree:         3836992 kB
Buffers:          131128 kB
Cached:          1224792 kB
SwapCached:            0 kB
Active:          2551276 kB
Inactive:         751208 kB
Active(anon):    1947028 kB
Inactive(anon):    16676 kB
Active(file):     604248 kB
Inactive(file):   734532 kB
Unevictable:          20 kB
Mlocked:              20 kB
SwapTotal:       3818492 kB
SwapFree:        3818492 kB
Dirty:               560 kB
Writeback:             0 kB
AnonPages:       1946688 kB
Mapped:           323808 kB
Shmem:             17144 kB
Slab:             106868 kB
SReclaimable:      76212 kB
SUnreclaim:        30656 kB
KernelStack:        4360 kB
PageTables:        35448 kB
NFS_Unstable:          0 kB
Bounce:                0 kB
WritebackTmp:          0 kB
CommitLimit:     7638316 kB
Committed_AS:    4599872 kB
VmallocTotal:   34359738367 kB
VmallocUsed:      116912 kB
VmallocChunk:   34359619344 kB
HardwareCorrupted:     0 kB
AnonHugePages:         0 kB
HugePages_Total:       0
HugePages_Free:        0
HugePages_Rsvd:        0
HugePages_Surp:        0
Hugepagesize:       2048 kB
DirectMap4k:      342016 kB
DirectMap2M:     5404672 kB
DirectMap1G:     2097152 kB


CPU:total 4 (4 cores per cpu, 1 threads per core) family 18 model 1 stepping 0, cmov, cx8, fxsr, mmx, sse, sse2, sse3, popcnt, mmxext, 3dnowpref, lzcnt, sse4a

Memory: 4k page, physical 7639648k(3836992k free), swap 3818492k(3818492k free)

vm_info: OpenJDK 64-Bit Server VM (20.0-b12) for linux-amd64 JRE (1.6.0_24-b24), built on Sep  2 2012 19:50:47 by "buildd" with gcc 4.6.3

time: Sat Oct 13 23:38:58 2012
elapsed time: 12 seconds

