#
# A fatal error has been detected by the Java Runtime Environment:
#
#  SIGSEGV (0xb) at pc=0x00007f6a8a3bbc58, pid=19898, tid=140095588910848
#
# JRE version: 6.0_24-b24
# Java VM: OpenJDK 64-Bit Server VM (20.0-b12 mixed mode linux-amd64 compressed oops)
# Derivative: IcedTea6 1.11.4
# Distribution: Ubuntu 12.04 LTS, package 6b24-1.11.4-1ubuntu0.12.04.1
# Problematic frame:
# C  [libX11.so.6+0x33c58]  XQueryExtension+0x28
#
# If you would like to submit a bug report, please include
# instructions how to reproduce the bug and visit:
#   https://bugs.launchpad.net/ubuntu/+source/openjdk-6/
#

---------------  T H R E A D  ---------------

Current thread (0x00007f6a94070000):  VMThread [stack: 0x00007f6a8bbfc000,0x00007f6a8bcfd000] [id=19908]

siginfo:si_signo=SIGSEGV: si_errno=0, si_code=1 (SEGV_MAPERR), si_addr=0xffffffff94222378

Registers:
RAX=0x00007f6a6c000bd0, RBX=0xffffffff94221a10, RCX=0x00007f6a8bcfb6d8, RDX=0x00007f6a8bcfb6d4
RSP=0x00007f6a8bcfb670, RBP=0x00007f6a88393932, RSI=0x00007f6a88393932, RDI=0xffffffff94221a10
R8 =0x00007f6a8bcfb6dc, R9 =0x0000000000000010, R10=0x00007f6a9aa16fa8, R11=0x0000000000000000
R12=0x0000000000000000, R13=0x00007f6a88393932, R14=0x00007f6a6c000bd0, R15=0x0000000000000000
RIP=0x00007f6a8a3bbc58, EFLAGS=0x0000000000010202, CSGSFS=0x0000000000000033, ERR=0x0000000000000005
  TRAPNO=0x000000000000000e

Top of Stack: (sp=0x00007f6a8bcfb670)
0x00007f6a8bcfb670:   0000000000000000 0000003000000003
0x00007f6a8bcfb680:   0000006e0000005b 0000007c00000077
0x00007f6a8bcfb690:   00000000ffffffff ffffffff94221a10
0x00007f6a8bcfb6a0:   00007f6a88393932 0000000000000000
0x00007f6a8bcfb6b0:   00007f6a88393932 00007f6a6c000bd0
0x00007f6a8bcfb6c0:   0000000000000000 00007f6a8a3afc55
0x00007f6a8bcfb6d0:   00007f6a9b263048 00007f6a884cc520
0x00007f6a8bcfb6e0:   00007f6a884cc520 ffffffff94221a10
0x00007f6a8bcfb6f0:   00007f6a94164180 00007f6a8a6c902b
0x00007f6a8bcfb700:   00007f6a9a669790 000000110000002c
0x00007f6a8bcfb710:   00007f6a8bcfb790 0000000000000000
0x00007f6a8bcfb720:   00007f6a8bcfb790 ffffffff94221a10
0x00007f6a8bcfb730:   0000000000000000 00007f6a9b263048
0x00007f6a8bcfb740:   00007f6a884e5d50 00007f6a8833a119
0x00007f6a8bcfb750:   0000000000000000 000000000000002c
0x00007f6a8bcfb760:   00007f6a8bcfb790 00007f6a8bcfb7b0
0x00007f6a8bcfb770:   0000000000000000 00007f6a9b263048
0x00007f6a8bcfb780:   00007f6a94221570 00007f6a88330b42
0x00007f6a8bcfb790:   00007f6a8bcfb980 00007f6a883938b1
0x00007f6a8bcfb7a0:   00007f6a8bcfb980 00007f6a9b04f92d
0x00007f6a8bcfb7b0:   00007f6a9b2642c8 00007f6a9b264858
0x00007f6a8bcfb7c0:   00007f6a9b245000 00007f6a94006a00
0x00007f6a8bcfb7d0:   00007f6a94007510 00007f6a94006eb0
0x00007f6a8bcfb7e0:   00007f6a94007a10 00007f6a9400c6f0
0x00007f6a8bcfb7f0:   00007f6a94125c70 00007f6a94126150
0x00007f6a8bcfb800:   00007f6a9b244000 00007f6a9421e120
0x00007f6a8bcfb810:   00007f6a94216c20 00007f6a942170c0
0x00007f6a8bcfb820:   00007f6a9421e5f0 00007f6a9421ea90
0x00007f6a8bcfb830:   00007f6a9421ef30 00007f6a940eb750
0x00007f6a8bcfb840:   00007f6a940edd80 00007f6a940025e0
0x00007f6a8bcfb850:   00007f6a94001ec0 00000000006f15f0
0x00007f6a8bcfb860:   00000000006f1b60 00000000006f2570 

Instructions: (pc=0x00007f6a8a3bbc58)
0x00007f6a8a3bbc38:   24 d8 48 89 fb 4c 89 64 24 e0 4c 89 6c 24 e8 48
0x00007f6a8a3bbc48:   89 f5 4c 89 74 24 f0 4c 89 7c 24 f8 48 83 ec 58
0x00007f6a8a3bbc58:   48 8b 87 68 09 00 00 49 89 d4 49 89 cd 4d 89 c6
0x00007f6a8a3bbc68:   48 85 c0 74 02 ff 10 ba 08 00 00 00 be 62 00 00 

Register to memory mapping:

RAX=0x00007f6a6c000bd0 is an unknown value
RBX=0xffffffff94221a10 is an unknown value
RCX=0x00007f6a8bcfb6d8 is an unknown value
RDX=0x00007f6a8bcfb6d4 is an unknown value
RSP=0x00007f6a8bcfb670 is an unknown value
RBP=0x00007f6a88393932: <offset 0x96932> in /usr/lib/fglrx/libGL.so.1 at 0x00007f6a882fd000
RSI=0x00007f6a88393932: <offset 0x96932> in /usr/lib/fglrx/libGL.so.1 at 0x00007f6a882fd000
RDI=0xffffffff94221a10 is an unknown value
R8 =0x00007f6a8bcfb6dc is an unknown value
R9 =0x0000000000000010 is an unknown value
R10=0x00007f6a9aa16fa8: <offset 0x3bbfa8> in /lib/x86_64-linux-gnu/libc.so.6 at 0x00007f6a9a65b000
R11=0x0000000000000000 is an unknown value
R12=0x0000000000000000 is an unknown value
R13=0x00007f6a88393932: <offset 0x96932> in /usr/lib/fglrx/libGL.so.1 at 0x00007f6a882fd000
R14=0x00007f6a6c000bd0 is an unknown value
R15=0x0000000000000000 is an unknown value


Stack: [0x00007f6a8bbfc000,0x00007f6a8bcfd000],  sp=0x00007f6a8bcfb670,  free space=1021k
Native frames: (J=compiled Java code, j=interpreted, Vv=VM code, C=native code)
C  [libX11.so.6+0x33c58]  XQueryExtension+0x28

VM_Operation (0x00007f6a81229560): Exit, mode: safepoint, requested by thread 0x00007f6a68001000


---------------  P R O C E S S  ---------------

Java Threads: ( => current thread )
  0x00007f6a68001000 JavaThread "SIGTERM handler" daemon [_thread_blocked, id=19951, stack(0x00007f6a8112a000,0x00007f6a8122b000)]
  0x00007f6a94ae8000 JavaThread "Thread-2" daemon [_thread_blocked, id=19919, stack(0x00007f6a8132e000,0x00007f6a8142f000)]
  0x00007f6a9421d800 JavaThread "AWT-XAWT" daemon [_thread_blocked, id=19918, stack(0x00007f6a88c58000,0x00007f6a88d59000)]
  0x00007f6a94137000 JavaThread "Java2D Disposer" daemon [_thread_blocked, id=19917, stack(0x00007f6a89169000,0x00007f6a8926a000)]
  0x00007f6a9409e800 JavaThread "Low Memory Detector" daemon [_thread_blocked, id=19914, stack(0x00007f6a8af13000,0x00007f6a8b014000)]
  0x00007f6a9409c000 JavaThread "C2 CompilerThread1" daemon [_thread_blocked, id=19913, stack(0x00007f6a8b014000,0x00007f6a8b115000)]
  0x00007f6a94099800 JavaThread "C2 CompilerThread0" daemon [_thread_blocked, id=19912, stack(0x00007f6a8b115000,0x00007f6a8b216000)]
  0x00007f6a94098000 JavaThread "Signal Dispatcher" daemon [_thread_blocked, id=19911, stack(0x00007f6a8b216000,0x00007f6a8b317000)]
  0x00007f6a94079000 JavaThread "Finalizer" daemon [_thread_blocked, id=19910, stack(0x00007f6a8b9fa000,0x00007f6a8bafb000)]
  0x00007f6a94077000 JavaThread "Reference Handler" daemon [_thread_blocked, id=19909, stack(0x00007f6a8bafb000,0x00007f6a8bbfc000)]
  0x00007f6a94008800 JavaThread "main" [_thread_blocked, id=19903, stack(0x00007f6a9b140000,0x00007f6a9b241000)]

Other Threads:
=>0x00007f6a94070000 VMThread [stack: 0x00007f6a8bbfc000,0x00007f6a8bcfd000] [id=19908]

VM state:at safepoint (shutting down)

VM Mutex/Monitor currently owned by a thread:  ([mutex/lock_event])
[0x00007f6a94004dd0] Threads_lock - owner thread: 0x00007f6a94070000

Heap
 PSYoungGen      total 34880K, used 5439K [0x00000000d9200000, 0x00000000db8e0000, 0x0000000100000000)
  eden space 29952K, 13% used [0x00000000d9200000,0x00000000d95dbf80,0x00000000daf40000)
  from space 4928K, 30% used [0x00000000daf40000,0x00000000db0b4020,0x00000000db410000)
  to   space 4928K, 0% used [0x00000000db410000,0x00000000db410000,0x00000000db8e0000)
 PSOldGen        total 79616K, used 0K [0x000000008b600000, 0x00000000903c0000, 0x00000000d9200000)
  object space 79616K, 0% used [0x000000008b600000,0x000000008b600000,0x00000000903c0000)
 PSPermGen       total 21248K, used 11348K [0x0000000081000000, 0x00000000824c0000, 0x000000008b600000)
  object space 21248K, 53% used [0x0000000081000000,0x0000000081b15208,0x00000000824c0000)

Code Cache  [0x00007f6a90df8000, 0x00007f6a91068000, 0x00007f6a93df8000)
 total_blobs=644 nmethods=164 adapters=434 free_code_cache=49491200 largest_free_block=13440

Dynamic libraries:
00400000-00409000 r-xp 00000000 08:03 18618890                           /usr/lib/jvm/java-6-openjdk-amd64/jre/bin/java
00608000-00609000 r--p 00008000 08:03 18618890                           /usr/lib/jvm/java-6-openjdk-amd64/jre/bin/java
00609000-0060a000 rw-p 00009000 08:03 18618890                           /usr/lib/jvm/java-6-openjdk-amd64/jre/bin/java
006f1000-00712000 rw-p 00000000 00:00 0                                  [heap]
81000000-824c0000 rw-p 00000000 00:00 0 
824c0000-8b600000 rw-p 00000000 00:00 0 
8b600000-903c0000 rw-p 00000000 00:00 0 
903c0000-d9200000 rw-p 00000000 00:00 0 
d9200000-db8e0000 rw-p 00000000 00:00 0 
db8e0000-100000000 rw-p 00000000 00:00 0 
7f6a34000000-7f6a34021000 rw-p 00000000 00:00 0 
7f6a34021000-7f6a38000000 ---p 00000000 00:00 0 
7f6a3c000000-7f6a3c021000 rw-p 00000000 00:00 0 
7f6a3c021000-7f6a40000000 ---p 00000000 00:00 0 
7f6a40000000-7f6a40021000 rw-p 00000000 00:00 0 
7f6a40021000-7f6a44000000 ---p 00000000 00:00 0 
7f6a44000000-7f6a44021000 rw-p 00000000 00:00 0 
7f6a44021000-7f6a48000000 ---p 00000000 00:00 0 
7f6a48000000-7f6a48021000 rw-p 00000000 00:00 0 
7f6a48021000-7f6a4c000000 ---p 00000000 00:00 0 
7f6a4c000000-7f6a4c021000 rw-p 00000000 00:00 0 
7f6a4c021000-7f6a50000000 ---p 00000000 00:00 0 
7f6a50000000-7f6a50021000 rw-p 00000000 00:00 0 
7f6a50021000-7f6a54000000 ---p 00000000 00:00 0 
7f6a54000000-7f6a54021000 rw-p 00000000 00:00 0 
7f6a54021000-7f6a58000000 ---p 00000000 00:00 0 
7f6a58000000-7f6a58021000 rw-p 00000000 00:00 0 
7f6a58021000-7f6a5c000000 ---p 00000000 00:00 0 
7f6a5c000000-7f6a5cd55000 rw-p 00000000 00:00 0 
7f6a5cd55000-7f6a60000000 ---p 00000000 00:00 0 
7f6a60000000-7f6a6019e000 rw-p 00000000 00:00 0 
7f6a6019e000-7f6a64000000 ---p 00000000 00:00 0 
7f6a64000000-7f6a64021000 rw-p 00000000 00:00 0 
7f6a64021000-7f6a68000000 ---p 00000000 00:00 0 
7f6a68000000-7f6a68021000 rw-p 00000000 00:00 0 
7f6a68021000-7f6a6c000000 ---p 00000000 00:00 0 
7f6a6c000000-7f6a6c021000 rw-p 00000000 00:00 0 
7f6a6c021000-7f6a70000000 ---p 00000000 00:00 0 
7f6a70000000-7f6a70021000 rw-p 00000000 00:00 0 
7f6a70021000-7f6a74000000 ---p 00000000 00:00 0 
7f6a74000000-7f6a74021000 rw-p 00000000 00:00 0 
7f6a74021000-7f6a78000000 ---p 00000000 00:00 0 
7f6a7c000000-7f6a7c021000 rw-p 00000000 00:00 0 
7f6a7c021000-7f6a80000000 ---p 00000000 00:00 0 
7f6a80525000-7f6a80625000 rw-s 008ad000 00:05 10225                      /dev/ati/card0
7f6a80625000-7f6a80725000 rw-s 008ac000 00:05 10225                      /dev/ati/card0
7f6a80725000-7f6a80925000 rw-s eb761000 00:05 10225                      /dev/ati/card0
7f6a80925000-7f6a80a25000 rw-s 008a4000 00:05 10225                      /dev/ati/card0
7f6a80a26000-7f6a80b26000 rw-s 008aa000 00:05 10225                      /dev/ati/card0
7f6a80b26000-7f6a80c26000 rw-s 008a9000 00:05 10225                      /dev/ati/card0
7f6a80c26000-7f6a80c29000 ---p 00000000 00:00 0 
7f6a80c29000-7f6a80d27000 rw-p 00000000 00:00 0 
7f6a80d27000-7f6a80d2a000 ---p 00000000 00:00 0 
7f6a80d2a000-7f6a81029000 rw-p 00000000 00:00 0 
7f6a81029000-7f6a8102c000 ---p 00000000 00:00 0 
7f6a8102c000-7f6a8112a000 rw-p 00000000 00:00 0 
7f6a8112a000-7f6a8112d000 ---p 00000000 00:00 0 
7f6a8112d000-7f6a8122b000 rw-p 00000000 00:00 0 
7f6a8122b000-7f6a8122e000 r-xp 00000000 08:03 15602613                   /home/arwilczek90/workspace/Elements/lib/slick/libjinput-linux64.so
7f6a8122e000-7f6a8132d000 ---p 00003000 08:03 15602613                   /home/arwilczek90/workspace/Elements/lib/slick/libjinput-linux64.so
7f6a8132d000-7f6a8132e000 rw-p 00002000 08:03 15602613                   /home/arwilczek90/workspace/Elements/lib/slick/libjinput-linux64.so
7f6a8132e000-7f6a81331000 ---p 00000000 00:00 0 
7f6a81331000-7f6a8142f000 rw-p 00000000 00:00 0 
7f6a8142f000-7f6a81b2f000 rw-s 00006000 00:05 10225                      /dev/ati/card0
7f6a81b2f000-7f6a81b31000 r-xp 00000000 08:03 18488267                   /usr/lib/x86_64-linux-gnu/libXinerama.so.1.0.0
7f6a81b31000-7f6a81d30000 ---p 00002000 08:03 18488267                   /usr/lib/x86_64-linux-gnu/libXinerama.so.1.0.0
7f6a81d30000-7f6a81d31000 r--p 00001000 08:03 18488267                   /usr/lib/x86_64-linux-gnu/libXinerama.so.1.0.0
7f6a81d31000-7f6a81d32000 rw-p 00002000 08:03 18488267                   /usr/lib/x86_64-linux-gnu/libXinerama.so.1.0.0
7f6a81d32000-7f6a83c8c000 r-xp 00000000 08:03 19009510                   /usr/lib/fglrx/dri/fglrx_dri.so
7f6a83c8c000-7f6a83d8c000 ---p 01f5a000 08:03 19009510                   /usr/lib/fglrx/dri/fglrx_dri.so
7f6a83d8c000-7f6a83eda000 rwxp 01f5a000 08:03 19009510                   /usr/lib/fglrx/dri/fglrx_dri.so
7f6a83eda000-7f6a84000000 rwxp 00000000 00:00 0 
7f6a84000000-7f6a84021000 rw-p 00000000 00:00 0 
7f6a84021000-7f6a88000000 ---p 00000000 00:00 0 
7f6a88005000-7f6a88045000 rw-s 0002a000 00:05 10225                      /dev/ati/card0
7f6a88045000-7f6a88080000 r-xp 00000000 08:03 19009508                   /usr/lib/fglrx/libatiadlxx.so
7f6a88080000-7f6a88180000 ---p 0003b000 08:03 19009508                   /usr/lib/fglrx/libatiadlxx.so
7f6a88180000-7f6a88189000 rw-p 0003b000 08:03 19009508                   /usr/lib/fglrx/libatiadlxx.so
7f6a88189000-7f6a8819a000 rw-p 00000000 00:00 0 
7f6a881b4000-7f6a881f4000 rw-s f0300000 00:05 10225                      /dev/ati/card0
7f6a881f4000-7f6a881fb000 r-xp 00000000 08:03 19009532                   /usr/lib/fglrx/libatiuki.so.1.0
7f6a881fb000-7f6a882fb000 ---p 00007000 08:03 19009532                   /usr/lib/fglrx/libatiuki.so.1.0
7f6a882fb000-7f6a882fc000 rw-p 00007000 08:03 19009532                   /usr/lib/fglrx/libatiuki.so.1.0
7f6a882fc000-7f6a882fd000 rw-p 00000000 00:00 0 
7f6a882fd000-7f6a883c0000 r-xp 00000000 08:03 19009512                   /usr/lib/fglrx/libGL.so.1.2
7f6a883c0000-7f6a884bf000 ---p 000c3000 08:03 19009512                   /usr/lib/fglrx/libGL.so.1.2
7f6a884bf000-7f6a884e6000 rwxp 000c2000 08:03 19009512                   /usr/lib/fglrx/libGL.so.1.2
7f6a884e6000-7f6a88506000 rwxp 00000000 00:00 0 
7f6a88506000-7f6a88507000 r-xp 00000000 08:03 18618886                   /usr/lib/jvm/java-6-openjdk-amd64/jre/lib/amd64/libjawt.so
7f6a88507000-7f6a88706000 ---p 00001000 08:03 18618886                   /usr/lib/jvm/java-6-openjdk-amd64/jre/lib/amd64/libjawt.so
7f6a88706000-7f6a88707000 r--p 00000000 08:03 18618886                   /usr/lib/jvm/java-6-openjdk-amd64/jre/lib/amd64/libjawt.so
7f6a88707000-7f6a88708000 rw-p 00001000 08:03 18618886                   /usr/lib/jvm/java-6-openjdk-amd64/jre/lib/amd64/libjawt.so
7f6a88708000-7f6a8870c000 r-xp 00000000 08:03 18488287                   /usr/lib/x86_64-linux-gnu/libXxf86vm.so.1.0.0
7f6a8870c000-7f6a8890b000 ---p 00004000 08:03 18488287                   /usr/lib/x86_64-linux-gnu/libXxf86vm.so.1.0.0
7f6a8890b000-7f6a8890c000 r--p 00003000 08:03 18488287                   /usr/lib/x86_64-linux-gnu/libXxf86vm.so.1.0.0
7f6a8890c000-7f6a8890d000 rw-p 00004000 08:03 18488287                   /usr/lib/x86_64-linux-gnu/libXxf86vm.so.1.0.0
7f6a8890d000-7f6a88915000 r-xp 00000000 08:03 18488277                   /usr/lib/x86_64-linux-gnu/libXrandr.so.2.2.0
7f6a88915000-7f6a88b14000 ---p 00008000 08:03 18488277                   /usr/lib/x86_64-linux-gnu/libXrandr.so.2.2.0
7f6a88b14000-7f6a88b15000 r--p 00007000 08:03 18488277                   /usr/lib/x86_64-linux-gnu/libXrandr.so.2.2.0
7f6a88b15000-7f6a88b16000 rw-p 00008000 08:03 18488277                   /usr/lib/x86_64-linux-gnu/libXrandr.so.2.2.0
7f6a88b16000-7f6a88b56000 r-xp 00000000 08:03 15602617                   /home/arwilczek90/workspace/Elements/lib/slick/liblwjgl64.so
7f6a88b56000-7f6a88c56000 ---p 00040000 08:03 15602617                   /home/arwilczek90/workspace/Elements/lib/slick/liblwjgl64.so
7f6a88c56000-7f6a88c58000 rw-p 00040000 08:03 15602617                   /home/arwilczek90/workspace/Elements/lib/slick/liblwjgl64.so
7f6a88c58000-7f6a88c5b000 ---p 00000000 00:00 0 
7f6a88c5b000-7f6a88d59000 rw-p 00000000 00:00 0 
7f6a88d59000-7f6a88d5e000 r-xp 00000000 08:03 18488261                   /usr/lib/x86_64-linux-gnu/libXfixes.so.3.1.0
7f6a88d5e000-7f6a88f5d000 ---p 00005000 08:03 18488261                   /usr/lib/x86_64-linux-gnu/libXfixes.so.3.1.0
7f6a88f5d000-7f6a88f5e000 r--p 00004000 08:03 18488261                   /usr/lib/x86_64-linux-gnu/libXfixes.so.3.1.0
7f6a88f5e000-7f6a88f5f000 rw-p 00005000 08:03 18488261                   /usr/lib/x86_64-linux-gnu/libXfixes.so.3.1.0
7f6a88f5f000-7f6a88f68000 r-xp 00000000 08:03 18488253                   /usr/lib/x86_64-linux-gnu/libXcursor.so.1.0.2
7f6a88f68000-7f6a89167000 ---p 00009000 08:03 18488253                   /usr/lib/x86_64-linux-gnu/libXcursor.so.1.0.2
7f6a89167000-7f6a89168000 r--p 00008000 08:03 18488253                   /usr/lib/x86_64-linux-gnu/libXcursor.so.1.0.2
7f6a89168000-7f6a89169000 rw-p 00009000 08:03 18488253                   /usr/lib/x86_64-linux-gnu/libXcursor.so.1.0.2
7f6a89169000-7f6a8916c000 ---p 00000000 00:00 0 
7f6a8916c000-7f6a8926a000 rw-p 00000000 00:00 0 
7f6a8926a000-7f6a89300000 r-xp 00000000 08:03 18488439                   /usr/lib/x86_64-linux-gnu/libfreetype.so.6.8.0
7f6a89300000-7f6a894ff000 ---p 00096000 08:03 18488439                   /usr/lib/x86_64-linux-gnu/libfreetype.so.6.8.0
7f6a894ff000-7f6a89505000 r--p 00095000 08:03 18488439                   /usr/lib/x86_64-linux-gnu/libfreetype.so.6.8.0
7f6a89505000-7f6a89506000 rw-p 0009b000 08:03 18488439                   /usr/lib/x86_64-linux-gnu/libfreetype.so.6.8.0
7f6a89506000-7f6a89540000 r-xp 00000000 08:03 18618871                   /usr/lib/jvm/java-6-openjdk-amd64/jre/lib/amd64/libfontmanager.so
7f6a89540000-7f6a8973f000 ---p 0003a000 08:03 18618871                   /usr/lib/jvm/java-6-openjdk-amd64/jre/lib/amd64/libfontmanager.so
7f6a8973f000-7f6a89741000 r--p 00039000 08:03 18618871                   /usr/lib/jvm/java-6-openjdk-amd64/jre/lib/amd64/libfontmanager.so
7f6a89741000-7f6a89742000 rw-p 0003b000 08:03 18618871                   /usr/lib/jvm/java-6-openjdk-amd64/jre/lib/amd64/libfontmanager.so
7f6a89742000-7f6a89747000 r-xp 00000000 08:03 18488257                   /usr/lib/x86_64-linux-gnu/libXdmcp.so.6.0.0
7f6a89747000-7f6a89946000 ---p 00005000 08:03 18488257                   /usr/lib/x86_64-linux-gnu/libXdmcp.so.6.0.0
7f6a89946000-7f6a89947000 r--p 00004000 08:03 18488257                   /usr/lib/x86_64-linux-gnu/libXdmcp.so.6.0.0
7f6a89947000-7f6a89948000 rw-p 00005000 08:03 18488257                   /usr/lib/x86_64-linux-gnu/libXdmcp.so.6.0.0
7f6a89948000-7f6a8994a000 r-xp 00000000 08:03 18488246                   /usr/lib/x86_64-linux-gnu/libXau.so.6.0.0
7f6a8994a000-7f6a89b49000 ---p 00002000 08:03 18488246                   /usr/lib/x86_64-linux-gnu/libXau.so.6.0.0
7f6a89b49000-7f6a89b4a000 r--p 00001000 08:03 18488246                   /usr/lib/x86_64-linux-gnu/libXau.so.6.0.0
7f6a89b4a000-7f6a89b4b000 rw-p 00002000 08:03 18488246                   /usr/lib/x86_64-linux-gnu/libXau.so.6.0.0
7f6a89b4b000-7f6a89b68000 r-xp 00000000 08:03 18488845                   /usr/lib/x86_64-linux-gnu/libxcb.so.1.1.0
7f6a89b68000-7f6a89d67000 ---p 0001d000 08:03 18488845                   /usr/lib/x86_64-linux-gnu/libxcb.so.1.1.0
7f6a89d67000-7f6a89d68000 r--p 0001c000 08:03 18488845                   /usr/lib/x86_64-linux-gnu/libxcb.so.1.1.0
7f6a89d68000-7f6a89d69000 rw-p 0001d000 08:03 18488845                   /usr/lib/x86_64-linux-gnu/libxcb.so.1.1.0
7f6a89d69000-7f6a89d77000 r-xp 00000000 08:03 18488265                   /usr/lib/x86_64-linux-gnu/libXi.so.6.1.0
7f6a89d77000-7f6a89f76000 ---p 0000e000 08:03 18488265                   /usr/lib/x86_64-linux-gnu/libXi.so.6.1.0
7f6a89f76000-7f6a89f77000 r--p 0000d000 08:03 18488265                   /usr/lib/x86_64-linux-gnu/libXi.so.6.1.0
7f6a89f77000-7f6a89f78000 rw-p 0000e000 08:03 18488265                   /usr/lib/x86_64-linux-gnu/libXi.so.6.1.0
7f6a89f78000-7f6a89f7d000 r-xp 00000000 08:03 18488283                   /usr/lib/x86_64-linux-gnu/libXtst.so.6.1.0
7f6a89f7d000-7f6a8a17c000 ---p 00005000 08:03 18488283                   /usr/lib/x86_64-linux-gnu/libXtst.so.6.1.0
7f6a8a17c000-7f6a8a17d000 r--p 00004000 08:03 18488283                   /usr/lib/x86_64-linux-gnu/libXtst.so.6.1.0
7f6a8a17d000-7f6a8a17e000 rw-p 00005000 08:03 18488283                   /usr/lib/x86_64-linux-gnu/libXtst.so.6.1.0
7f6a8a17e000-7f6a8a187000 r-xp 00000000 08:03 18488279                   /usr/lib/x86_64-linux-gnu/libXrender.so.1.3.0
7f6a8a187000-7f6a8a386000 ---p 00009000 08:03 18488279                   /usr/lib/x86_64-linux-gnu/libXrender.so.1.3.0
7f6a8a386000-7f6a8a387000 r--p 00008000 08:03 18488279                   /usr/lib/x86_64-linux-gnu/libXrender.so.1.3.0
7f6a8a387000-7f6a8a388000 rw-p 00009000 08:03 18488279                   /usr/lib/x86_64-linux-gnu/libXrender.so.1.3.0
7f6a8a388000-7f6a8a4b7000 r-xp 00000000 08:03 18488244                   /usr/lib/x86_64-linux-gnu/libX11.so.6.3.0
7f6a8a4b7000-7f6a8a6b7000 ---p 0012f000 08:03 18488244                   /usr/lib/x86_64-linux-gnu/libX11.so.6.3.0
7f6a8a6b7000-7f6a8a6b8000 r--p 0012f000 08:03 18488244                   /usr/lib/x86_64-linux-gnu/libX11.so.6.3.0
7f6a8a6b8000-7f6a8a6bc000 rw-p 00130000 08:03 18488244                   /usr/lib/x86_64-linux-gnu/libX11.so.6.3.0
7f6a8a6bc000-7f6a8a6cc000 r-xp 00000000 08:03 18488259                   /usr/lib/x86_64-linux-gnu/libXext.so.6.4.0
7f6a8a6cc000-7f6a8a8cb000 ---p 00010000 08:03 18488259                   /usr/lib/x86_64-linux-gnu/libXext.so.6.4.0
7f6a8a8cb000-7f6a8a8cc000 r--p 0000f000 08:03 18488259                   /usr/lib/x86_64-linux-gnu/libXext.so.6.4.0
7f6a8a8cc000-7f6a8a8cd000 rw-p 00010000 08:03 18488259                   /usr/lib/x86_64-linux-gnu/libXext.so.6.4.0
7f6a8a8cd000-7f6a8a918000 r-xp 00000000 08:03 18618972                   /usr/lib/jvm/java-6-openjdk-amd64/jre/lib/amd64/xawt/libmawt.so
7f6a8a918000-7f6a8ab18000 ---p 0004b000 08:03 18618972                   /usr/lib/jvm/java-6-openjdk-amd64/jre/lib/amd64/xawt/libmawt.so
7f6a8ab18000-7f6a8ab19000 r--p 0004b000 08:03 18618972                   /usr/lib/jvm/java-6-openjdk-amd64/jre/lib/amd64/xawt/libmawt.so
7f6a8ab19000-7f6a8ab1c000 rw-p 0004c000 08:03 18618972                   /usr/lib/jvm/java-6-openjdk-amd64/jre/lib/amd64/xawt/libmawt.so
7f6a8ab1c000-7f6a8ab1d000 rw-p 00000000 00:00 0 
7f6a8ab1d000-7f6a8abc9000 r-xp 00000000 08:03 18618874                   /usr/lib/jvm/java-6-openjdk-amd64/jre/lib/amd64/libawt.so
7f6a8abc9000-7f6a8adc8000 ---p 000ac000 08:03 18618874                   /usr/lib/jvm/java-6-openjdk-amd64/jre/lib/amd64/libawt.so
7f6a8adc8000-7f6a8adc9000 r--p 000ab000 08:03 18618874                   /usr/lib/jvm/java-6-openjdk-amd64/jre/lib/amd64/libawt.so
7f6a8adc9000-7f6a8add4000 rw-p 000ac000 08:03 18618874                   /usr/lib/jvm/java-6-openjdk-amd64/jre/lib/amd64/libawt.so
7f6a8add4000-7f6a8adf9000 rw-p 00000000 00:00 0 
7f6a8adf9000-7f6a8adfc000 r--s 0007d000 08:03 18618443                   /usr/lib/jvm/java-6-openjdk-common/jre/lib/jsse.jar
7f6a8adfc000-7f6a8ae03000 r--s 00073000 08:03 15597691                   /home/arwilczek90/workspace/Elements/lib/lwjgl.jar
7f6a8ae03000-7f6a8ae05000 r--s 0000f000 08:03 18618803                   /usr/lib/jvm/java-6-openjdk-common/jre/lib/ext/pulse-java.jar
7f6a8ae05000-7f6a8ae08000 r--s 00077000 08:03 18618797                   /usr/lib/jvm/java-6-openjdk-common/jre/lib/ext/localedata.jar
7f6a8ae08000-7f6a8ae09000 r--s 00007000 08:03 18748229                   /usr/share/java/java-atk-wrapper.jar
7f6a8ae09000-7f6a8ae0b000 r--s 00001000 08:03 18618801                   /usr/lib/jvm/java-6-openjdk-common/jre/lib/ext/dnsns.jar
7f6a8ae0b000-7f6a8ae0f000 r--s 00038000 08:03 18618795                   /usr/lib/jvm/java-6-openjdk-common/jre/lib/ext/sunpkcs11.jar
7f6a8ae0f000-7f6a8ae12000 r--s 00031000 08:03 18618799                   /usr/lib/jvm/java-6-openjdk-common/jre/lib/ext/sunjce_provider.jar
7f6a8ae12000-7f6a8ae13000 ---p 00000000 00:00 0 
7f6a8ae13000-7f6a8af13000 rw-p 00000000 00:00 0 
7f6a8af13000-7f6a8af16000 ---p 00000000 00:00 0 
7f6a8af16000-7f6a8b014000 rw-p 00000000 00:00 0 
7f6a8b014000-7f6a8b017000 ---p 00000000 00:00 0 
7f6a8b017000-7f6a8b115000 rw-p 00000000 00:00 0 
7f6a8b115000-7f6a8b118000 ---p 00000000 00:00 0 
7f6a8b118000-7f6a8b216000 rw-p 00000000 00:00 0 
7f6a8b216000-7f6a8b219000 ---p 00000000 00:00 0 
7f6a8b219000-7f6a8b317000 rw-p 00000000 00:00 0 
7f6a8b317000-7f6a8b9fa000 r--p 00000000 08:03 18487587                   /usr/lib/locale/locale-archive
7f6a8b9fa000-7f6a8b9fd000 ---p 00000000 00:00 0 
7f6a8b9fd000-7f6a8bafb000 rw-p 00000000 00:00 0 
7f6a8bafb000-7f6a8bafe000 ---p 00000000 00:00 0 
7f6a8bafe000-7f6a8bbfc000 rw-p 00000000 00:00 0 
7f6a8bbfc000-7f6a8bbfd000 ---p 00000000 00:00 0 
7f6a8bbfd000-7f6a8c000000 rw-p 00000000 00:00 0 
7f6a8c000000-7f6a8c021000 rw-p 00000000 00:00 0 
7f6a8c021000-7f6a90000000 ---p 00000000 00:00 0 
7f6a90002000-7f6a90004000 r--s 00015000 08:03 15598514                   /home/arwilczek90/workspace/Elements/lib/slick/lib/tinylinepp.jar
7f6a90004000-7f6a90007000 r--s 00015000 08:03 15598512                   /home/arwilczek90/workspace/Elements/lib/slick/lib/slick-util.jar
7f6a90007000-7f6a9000f000 r--s 00067000 08:03 15598510                   /home/arwilczek90/workspace/Elements/lib/slick/lib/slick-sources.jar
7f6a9000f000-7f6a90010000 r--s 00000000 08:03 15598509                   /home/arwilczek90/workspace/Elements/lib/slick/lib/slick-examples.jar
7f6a90010000-7f6a90011000 r--s 00003000 08:03 15598508                   /home/arwilczek90/workspace/Elements/lib/slick/lib/scalar.jar
7f6a90011000-7f6a90014000 r--s 00017000 08:03 15598507                   /home/arwilczek90/workspace/Elements/lib/slick/lib/pedigree.jar
7f6a90014000-7f6a9001f000 r--s 00093000 08:03 15598513                   /home/arwilczek90/workspace/Elements/lib/slick/lib/slick.jar
7f6a9001f000-7f6a90021000 r--s 00004000 08:03 15598506                   /home/arwilczek90/workspace/Elements/lib/slick/lib/packulike.jar
7f6a90021000-7f6a90022000 r--s 00043000 08:03 15598505                   /home/arwilczek90/workspace/Elements/lib/slick/lib/natives-win32.jar
7f6a90022000-7f6a90024000 r--s 00033000 08:03 15598504                   /home/arwilczek90/workspace/Elements/lib/slick/lib/natives-mac.jar
7f6a90024000-7f6a90025000 r--s 0003d000 08:03 15598503                   /home/arwilczek90/workspace/Elements/lib/slick/lib/natives-linux.jar
7f6a90025000-7f6a9002c000 r--s 00073000 08:03 15598502                   /home/arwilczek90/workspace/Elements/lib/slick/lib/lwjgl.jar
7f6a9002c000-7f6a9002e000 r--s 0000d000 08:03 15598501                   /home/arwilczek90/workspace/Elements/lib/slick/lib/jorbis-0.0.15.jar
7f6a9002e000-7f6a9002f000 r--s 00001000 08:03 15598500                   /home/arwilczek90/workspace/Elements/lib/slick/lib/jogg-0.0.7.jar
7f6a9002f000-7f6a90030000 r--s 00001000 08:03 15598499                   /home/arwilczek90/workspace/Elements/lib/slick/lib/jnlp.jar
7f6a90030000-7f6a90035000 r--s 0002f000 08:03 15598498                   /home/arwilczek90/workspace/Elements/lib/slick/lib/jinput.jar
7f6a90035000-7f6a90037000 r--s 00008000 08:03 15598497                   /home/arwilczek90/workspace/Elements/lib/slick/lib/ibxm.jar
7f6a90037000-7f6a9003a000 r--s 0005b000 08:03 15598496                   /home/arwilczek90/workspace/Elements/lib/slick/lib/hiero.jar
7f6a9003a000-7f6a9003c000 rw-s 00002000 00:05 10225                      /dev/ati/card0
7f6a9003c000-7f6a90047000 r--s 00093000 08:03 15597692                   /home/arwilczek90/workspace/Elements/lib/slick.jar
7f6a90047000-7f6a9004e000 r--s 000fb000 08:03 18618812                   /usr/lib/jvm/java-6-openjdk-common/jre/lib/resources.jar
7f6a9004e000-7f6a9004f000 r--s 00000000 08:03 19927127                   /var/cache/fontconfig/c05880de57d1f5e948fdfacc138775d9-le64.cache-3
7f6a9004f000-7f6a90058000 r--s 00000000 08:03 19927122                   /var/cache/fontconfig/945677eb7aeaf62f1d50efc3fb3ec7d8-le64.cache-3
7f6a90058000-7f6a9005a000 r--s 00000000 08:03 19927123                   /var/cache/fontconfig/99e8ed0e538f840c565b6ed5dad60d56-le64.cache-3
7f6a9005a000-7f6a9005e000 r--s 00000000 08:03 19927109                   /var/cache/fontconfig/2cd17615ca594fa2959ae173292e504c-le64.cache-3
7f6a9005e000-7f6a9005f000 r--s 00000000 08:03 19927134                   /var/cache/fontconfig/e7071f4a29fa870f4323321c154eba04-le64.cache-3
7f6a9005f000-7f6a90060000 r--s 00000000 08:03 19927107                   /var/cache/fontconfig/0d8c3b2ac0904cb8a57a757ad11a4a08-le64.cache-3
7f6a90060000-7f6a90066000 r--s 00000000 08:03 19927124                   /var/cache/fontconfig/a755afe4a08bf5b97852ceb7400b47bc-le64.cache-3
7f6a90066000-7f6a9006f000 r--s 00000000 08:03 19927460                   /var/cache/fontconfig/6d41288fd70b0be22e8c3a91e032eec0-le64.cache-3
7f6a9006f000-7f6a9007f000 r--s 00000000 08:03 19927106                   /var/cache/fontconfig/04aabc0a78ac019cf9454389977116d2-le64.cache-3
7f6a9007f000-7f6a90082000 r--s 00000000 08:03 19927112                   /var/cache/fontconfig/385c0604a188198f04d133e54aba7fe7-le64.cache-3
7f6a90082000-7f6a90083000 r--s 00000000 08:03 19927113                   /var/cache/fontconfig/4794a0821666d79190d59a36cb4f44b5-le64.cache-3
7f6a90083000-7f6a90086000 r--s 00000000 08:03 19927121                   /var/cache/fontconfig/8801497958630a81b71ace7c5f9b32a8-le64.cache-3
7f6a90086000-7f6a900b4000 r--s 00000000 08:03 19927454                   /var/cache/fontconfig/365b55f210c0a22e9a19e35191240f32-le64.cache-3
7f6a900b4000-7f6a900b9000 r--s 00000000 08:03 19927110                   /var/cache/fontconfig/3047814df9a2f067bd2d96a2b9c36e5a-le64.cache-3
7f6a900b9000-7f6a900c9000 r--s 00000000 08:03 19927130                   /var/cache/fontconfig/d52a8644073d54c13679302ca1180695-le64.cache-3
7f6a900c9000-7f6a900ca000 r--s 00000000 08:03 19927127                   /var/cache/fontconfig/c05880de57d1f5e948fdfacc138775d9-le64.cache-3
7f6a900ca000-7f6a900d3000 r--s 00000000 08:03 19927122                   /var/cache/fontconfig/945677eb7aeaf62f1d50efc3fb3ec7d8-le64.cache-3
7f6a900d3000-7f6a900d5000 r--s 00000000 08:03 19927123                   /var/cache/fontconfig/99e8ed0e538f840c565b6ed5dad60d56-le64.cache-3
7f6a900d5000-7f6a900d9000 r--s 00000000 08:03 19927109                   /var/cache/fontconfig/2cd17615ca594fa2959ae173292e504c-le64.cache-3
7f6a900d9000-7f6a900da000 r--s 00000000 08:03 19927134                   /var/cache/fontconfig/e7071f4a29fa870f4323321c154eba04-le64.cache-3
7f6a900da000-7f6a900db000 r--s 00000000 08:03 19927107                   /var/cache/fontconfig/0d8c3b2ac0904cb8a57a757ad11a4a08-le64.cache-3
7f6a900db000-7f6a900e1000 r--s 00000000 08:03 19927124                   /var/cache/fontconfig/a755afe4a08bf5b97852ceb7400b47bc-le64.cache-3
7f6a900e1000-7f6a900ea000 r--s 00000000 08:03 19927460                   /var/cache/fontconfig/6d41288fd70b0be22e8c3a91e032eec0-le64.cache-3
7f6a900ea000-7f6a900fa000 r--s 00000000 08:03 19927106                   /var/cache/fontconfig/04aabc0a78ac019cf9454389977116d2-le64.cache-3
7f6a900fa000-7f6a902fc000 rw-p 00000000 00:00 0 
7f6a902fc000-7f6a9048e000 r--s 037bf000 08:03 18618843                   /usr/lib/jvm/java-6-openjdk-amd64/jre/lib/rt.jar
7f6a9048e000-7f6a9048f000 ---p 00000000 00:00 0 
7f6a9048f000-7f6a9058f000 rw-p 00000000 00:00 0 
7f6a9058f000-7f6a90590000 ---p 00000000 00:00 0 
7f6a90590000-7f6a90690000 rw-p 00000000 00:00 0 
7f6a90690000-7f6a90691000 ---p 00000000 00:00 0 
7f6a90691000-7f6a907b8000 rw-p 00000000 00:00 0 
7f6a907b8000-7f6a909ff000 rw-p 00000000 00:00 0 
7f6a909ff000-7f6a90a0a000 rw-p 00000000 00:00 0 
7f6a90a0a000-7f6a90a52000 rw-p 00000000 00:00 0 
7f6a90a52000-7f6a90a79000 rw-p 00000000 00:00 0 
7f6a90a79000-7f6a90cc0000 rw-p 00000000 00:00 0 
7f6a90cc0000-7f6a90cd4000 rw-p 00000000 00:00 0 
7f6a90cd4000-7f6a90df7000 rw-p 00000000 00:00 0 
7f6a90df7000-7f6a90df8000 rw-p 00000000 00:00 0 
7f6a90df8000-7f6a91068000 rwxp 00000000 00:00 0 
7f6a91068000-7f6a93df8000 rw-p 00000000 00:00 0 
7f6a93df8000-7f6a93dff000 r-xp 00000000 08:03 18618888                   /usr/lib/jvm/java-6-openjdk-amd64/jre/lib/amd64/libzip.so
7f6a93dff000-7f6a93ffe000 ---p 00007000 08:03 18618888                   /usr/lib/jvm/java-6-openjdk-amd64/jre/lib/amd64/libzip.so
7f6a93ffe000-7f6a93fff000 r--p 00006000 08:03 18618888                   /usr/lib/jvm/java-6-openjdk-amd64/jre/lib/amd64/libzip.so
7f6a93fff000-7f6a94000000 rw-p 00007000 08:03 18618888                   /usr/lib/jvm/java-6-openjdk-amd64/jre/lib/amd64/libzip.so
7f6a94000000-7f6a94d55000 rw-p 00000000 00:00 0 
7f6a94d55000-7f6a98000000 ---p 00000000 00:00 0 
7f6a98000000-7f6a98005000 r--s 00000000 08:03 19927125                   /var/cache/fontconfig/b47c4e1ecd0709278f4910c18777a504-le64.cache-3
7f6a98005000-7f6a98008000 r--s 00000000 08:03 19927112                   /var/cache/fontconfig/385c0604a188198f04d133e54aba7fe7-le64.cache-3
7f6a98008000-7f6a98009000 r--s 00000000 08:03 19927113                   /var/cache/fontconfig/4794a0821666d79190d59a36cb4f44b5-le64.cache-3
7f6a98009000-7f6a9800c000 r--s 00000000 08:03 19927121                   /var/cache/fontconfig/8801497958630a81b71ace7c5f9b32a8-le64.cache-3
7f6a9800c000-7f6a9803a000 r--s 00000000 08:03 19927454                   /var/cache/fontconfig/365b55f210c0a22e9a19e35191240f32-le64.cache-3
7f6a9803a000-7f6a98095000 rw-p 00000000 00:00 0 
7f6a98095000-7f6a98096000 ---p 00000000 00:00 0 
7f6a98096000-7f6a981a1000 rw-p 00000000 00:00 0 
7f6a981a1000-7f6a981e9000 rw-p 00000000 00:00 0 
7f6a981e9000-7f6a981f5000 r-xp 00000000 08:03 21758081                   /lib/x86_64-linux-gnu/libnss_files-2.15.so
7f6a981f5000-7f6a983f4000 ---p 0000c000 08:03 21758081                   /lib/x86_64-linux-gnu/libnss_files-2.15.so
7f6a983f4000-7f6a983f5000 r--p 0000b000 08:03 21758081                   /lib/x86_64-linux-gnu/libnss_files-2.15.so
7f6a983f5000-7f6a983f6000 rw-p 0000c000 08:03 21758081                   /lib/x86_64-linux-gnu/libnss_files-2.15.so
7f6a983f6000-7f6a98400000 r-xp 00000000 08:03 21758077                   /lib/x86_64-linux-gnu/libnss_nis-2.15.so
7f6a98400000-7f6a98600000 ---p 0000a000 08:03 21758077                   /lib/x86_64-linux-gnu/libnss_nis-2.15.so
7f6a98600000-7f6a98601000 r--p 0000a000 08:03 21758077                   /lib/x86_64-linux-gnu/libnss_nis-2.15.so
7f6a98601000-7f6a98602000 rw-p 0000b000 08:03 21758077                   /lib/x86_64-linux-gnu/libnss_nis-2.15.so
7f6a98602000-7f6a98619000 r-xp 00000000 08:03 21761730                   /lib/x86_64-linux-gnu/libnsl-2.15.so
7f6a98619000-7f6a98818000 ---p 00017000 08:03 21761730                   /lib/x86_64-linux-gnu/libnsl-2.15.so
7f6a98818000-7f6a98819000 r--p 00016000 08:03 21761730                   /lib/x86_64-linux-gnu/libnsl-2.15.so
7f6a98819000-7f6a9881a000 rw-p 00017000 08:03 21761730                   /lib/x86_64-linux-gnu/libnsl-2.15.so
7f6a9881a000-7f6a9881c000 rw-p 00000000 00:00 0 
7f6a9881c000-7f6a98824000 r-xp 00000000 08:03 21758082                   /lib/x86_64-linux-gnu/libnss_compat-2.15.so
7f6a98824000-7f6a98a23000 ---p 00008000 08:03 21758082                   /lib/x86_64-linux-gnu/libnss_compat-2.15.so
7f6a98a23000-7f6a98a24000 r--p 00007000 08:03 21758082                   /lib/x86_64-linux-gnu/libnss_compat-2.15.so
7f6a98a24000-7f6a98a25000 rw-p 00008000 08:03 21758082                   /lib/x86_64-linux-gnu/libnss_compat-2.15.so
7f6a98a25000-7f6a98a51000 r-xp 00000000 08:03 18618873                   /usr/lib/jvm/java-6-openjdk-amd64/jre/lib/amd64/libjava.so
7f6a98a51000-7f6a98c50000 ---p 0002c000 08:03 18618873                   /usr/lib/jvm/java-6-openjdk-amd64/jre/lib/amd64/libjava.so
7f6a98c50000-7f6a98c51000 r--p 0002b000 08:03 18618873                   /usr/lib/jvm/java-6-openjdk-amd64/jre/lib/amd64/libjava.so
7f6a98c51000-7f6a98c54000 rw-p 0002c000 08:03 18618873                   /usr/lib/jvm/java-6-openjdk-amd64/jre/lib/amd64/libjava.so
7f6a98c54000-7f6a98c62000 r-xp 00000000 08:03 18618872                   /usr/lib/jvm/java-6-openjdk-amd64/jre/lib/amd64/libverify.so
7f6a98c62000-7f6a98e61000 ---p 0000e000 08:03 18618872                   /usr/lib/jvm/java-6-openjdk-amd64/jre/lib/amd64/libverify.so
7f6a98e61000-7f6a98e63000 r--p 0000d000 08:03 18618872                   /usr/lib/jvm/java-6-openjdk-amd64/jre/lib/amd64/libverify.so
7f6a98e63000-7f6a98e64000 rw-p 0000f000 08:03 18618872                   /usr/lib/jvm/java-6-openjdk-amd64/jre/lib/amd64/libverify.so
7f6a98e64000-7f6a98e6b000 r-xp 00000000 08:03 21758075                   /lib/x86_64-linux-gnu/librt-2.15.so
7f6a98e6b000-7f6a9906a000 ---p 00007000 08:03 21758075                   /lib/x86_64-linux-gnu/librt-2.15.so
7f6a9906a000-7f6a9906b000 r--p 00006000 08:03 21758075                   /lib/x86_64-linux-gnu/librt-2.15.so
7f6a9906b000-7f6a9906c000 rw-p 00007000 08:03 21758075                   /lib/x86_64-linux-gnu/librt-2.15.so
7f6a9906c000-7f6a99081000 r-xp 00000000 08:03 21761542                   /lib/x86_64-linux-gnu/libgcc_s.so.1
7f6a99081000-7f6a99280000 ---p 00015000 08:03 21761542                   /lib/x86_64-linux-gnu/libgcc_s.so.1
7f6a99280000-7f6a99281000 r--p 00014000 08:03 21761542                   /lib/x86_64-linux-gnu/libgcc_s.so.1
7f6a99281000-7f6a99282000 rw-p 00015000 08:03 21761542                   /lib/x86_64-linux-gnu/libgcc_s.so.1
7f6a99282000-7f6a9937b000 r-xp 00000000 08:03 21758079                   /lib/x86_64-linux-gnu/libm-2.15.so
7f6a9937b000-7f6a9957a000 ---p 000f9000 08:03 21758079                   /lib/x86_64-linux-gnu/libm-2.15.so
7f6a9957a000-7f6a9957b000 r--p 000f8000 08:03 21758079                   /lib/x86_64-linux-gnu/libm-2.15.so
7f6a9957b000-7f6a9957c000 rw-p 000f9000 08:03 21758079                   /lib/x86_64-linux-gnu/libm-2.15.so
7f6a9957c000-7f6a9965e000 r-xp 00000000 08:03 18488773                   /usr/lib/x86_64-linux-gnu/libstdc++.so.6.0.16
7f6a9965e000-7f6a9985d000 ---p 000e2000 08:03 18488773                   /usr/lib/x86_64-linux-gnu/libstdc++.so.6.0.16
7f6a9985d000-7f6a99865000 r--p 000e1000 08:03 18488773                   /usr/lib/x86_64-linux-gnu/libstdc++.so.6.0.16
7f6a99865000-7f6a99867000 rw-p 000e9000 08:03 18488773                   /usr/lib/x86_64-linux-gnu/libstdc++.so.6.0.16
7f6a99867000-7f6a9987c000 rw-p 00000000 00:00 0 
7f6a9987c000-7f6a9a180000 r-xp 00000000 08:03 18618878                   /usr/lib/jvm/java-6-openjdk-amd64/jre/lib/amd64/server/libjvm.so
7f6a9a180000-7f6a9a380000 ---p 00904000 08:03 18618878                   /usr/lib/jvm/java-6-openjdk-amd64/jre/lib/amd64/server/libjvm.so
7f6a9a380000-7f6a9a400000 r--p 00904000 08:03 18618878                   /usr/lib/jvm/java-6-openjdk-amd64/jre/lib/amd64/server/libjvm.so
7f6a9a400000-7f6a9a41b000 rw-p 00984000 08:03 18618878                   /usr/lib/jvm/java-6-openjdk-amd64/jre/lib/amd64/server/libjvm.so
7f6a9a41b000-7f6a9a444000 rw-p 00000000 00:00 0 
7f6a9a444000-7f6a9a45a000 r-xp 00000000 08:03 21761632                   /lib/x86_64-linux-gnu/libz.so.1.2.3.4
7f6a9a45a000-7f6a9a659000 ---p 00016000 08:03 21761632                   /lib/x86_64-linux-gnu/libz.so.1.2.3.4
7f6a9a659000-7f6a9a65a000 r--p 00015000 08:03 21761632                   /lib/x86_64-linux-gnu/libz.so.1.2.3.4
7f6a9a65a000-7f6a9a65b000 rw-p 00016000 08:03 21761632                   /lib/x86_64-linux-gnu/libz.so.1.2.3.4
7f6a9a65b000-7f6a9a810000 r-xp 00000000 08:03 21757975                   /lib/x86_64-linux-gnu/libc-2.15.so
7f6a9a810000-7f6a9aa0f000 ---p 001b5000 08:03 21757975                   /lib/x86_64-linux-gnu/libc-2.15.so
7f6a9aa0f000-7f6a9aa13000 r--p 001b4000 08:03 21757975                   /lib/x86_64-linux-gnu/libc-2.15.so
7f6a9aa13000-7f6a9aa15000 rw-p 001b8000 08:03 21757975                   /lib/x86_64-linux-gnu/libc-2.15.so
7f6a9aa15000-7f6a9aa1a000 rw-p 00000000 00:00 0 
7f6a9aa1a000-7f6a9aa1c000 r-xp 00000000 08:03 21757964                   /lib/x86_64-linux-gnu/libdl-2.15.so
7f6a9aa1c000-7f6a9ac1c000 ---p 00002000 08:03 21757964                   /lib/x86_64-linux-gnu/libdl-2.15.so
7f6a9ac1c000-7f6a9ac1d000 r--p 00002000 08:03 21757964                   /lib/x86_64-linux-gnu/libdl-2.15.so
7f6a9ac1d000-7f6a9ac1e000 rw-p 00003000 08:03 21757964                   /lib/x86_64-linux-gnu/libdl-2.15.so
7f6a9ac1e000-7f6a9ac22000 r-xp 00000000 08:03 18618855                   /usr/lib/jvm/java-6-openjdk-amd64/jre/lib/amd64/jli/libjli.so
7f6a9ac22000-7f6a9ae21000 ---p 00004000 08:03 18618855                   /usr/lib/jvm/java-6-openjdk-amd64/jre/lib/amd64/jli/libjli.so
7f6a9ae21000-7f6a9ae22000 r--p 00003000 08:03 18618855                   /usr/lib/jvm/java-6-openjdk-amd64/jre/lib/amd64/jli/libjli.so
7f6a9ae22000-7f6a9ae23000 rw-p 00004000 08:03 18618855                   /usr/lib/jvm/java-6-openjdk-amd64/jre/lib/amd64/jli/libjli.so
7f6a9ae23000-7f6a9ae3b000 r-xp 00000000 08:03 21758073                   /lib/x86_64-linux-gnu/libpthread-2.15.so
7f6a9ae3b000-7f6a9b03a000 ---p 00018000 08:03 21758073                   /lib/x86_64-linux-gnu/libpthread-2.15.so
7f6a9b03a000-7f6a9b03b000 r--p 00017000 08:03 21758073                   /lib/x86_64-linux-gnu/libpthread-2.15.so
7f6a9b03b000-7f6a9b03c000 rw-p 00018000 08:03 21758073                   /lib/x86_64-linux-gnu/libpthread-2.15.so
7f6a9b03c000-7f6a9b040000 rw-p 00000000 00:00 0 
7f6a9b040000-7f6a9b062000 r-xp 00000000 08:03 21758085                   /lib/x86_64-linux-gnu/ld-2.15.so
7f6a9b062000-7f6a9b063000 r--s 00007000 08:03 15597697                   /home/arwilczek90/workspace/Elements/lib/slick/applet/lwjgl_util_applet.jar
7f6a9b063000-7f6a9b064000 rw-s 00005000 00:05 10225                      /dev/ati/card0
7f6a9b064000-7f6a9b067000 r--s 00000000 08:03 19927196                   /var/cache/fontconfig/e13b20fdb08344e0e664864cc2ede53d-le64.cache-3
7f6a9b067000-7f6a9b06b000 r--s 00000000 08:03 19927452                   /var/cache/fontconfig/7ef2298fde41cc6eeb7af42e48b7d293-le64.cache-3
7f6a9b06b000-7f6a9b070000 r--s 00000000 08:03 19927110                   /var/cache/fontconfig/3047814df9a2f067bd2d96a2b9c36e5a-le64.cache-3
7f6a9b070000-7f6a9b080000 r--s 00000000 08:03 19927130                   /var/cache/fontconfig/d52a8644073d54c13679302ca1180695-le64.cache-3
7f6a9b080000-7f6a9b08a000 rw-p 00000000 00:00 0 
7f6a9b08a000-7f6a9b140000 rw-p 00000000 00:00 0 
7f6a9b140000-7f6a9b143000 ---p 00000000 00:00 0 
7f6a9b143000-7f6a9b246000 rw-p 00000000 00:00 0 
7f6a9b246000-7f6a9b247000 r--s 00000000 08:03 19927115                   /var/cache/fontconfig/56cf4f4769d0f4abc89a4895d7bd3ae1-le64.cache-3
7f6a9b247000-7f6a9b248000 r--s 00000000 08:03 19927126                   /var/cache/fontconfig/b9d506c9ac06c20b433354fa67a72993-le64.cache-3
7f6a9b248000-7f6a9b249000 r--s 00000000 08:03 19927115                   /var/cache/fontconfig/56cf4f4769d0f4abc89a4895d7bd3ae1-le64.cache-3
7f6a9b249000-7f6a9b24a000 r--s 00000000 08:03 19927126                   /var/cache/fontconfig/b9d506c9ac06c20b433354fa67a72993-le64.cache-3
7f6a9b24a000-7f6a9b24f000 r--s 00000000 08:03 19927125                   /var/cache/fontconfig/b47c4e1ecd0709278f4910c18777a504-le64.cache-3
7f6a9b24f000-7f6a9b252000 r--s 00000000 08:03 19927196                   /var/cache/fontconfig/e13b20fdb08344e0e664864cc2ede53d-le64.cache-3
7f6a9b252000-7f6a9b256000 r--s 00000000 08:03 19927452                   /var/cache/fontconfig/7ef2298fde41cc6eeb7af42e48b7d293-le64.cache-3
7f6a9b256000-7f6a9b25e000 rw-s 00000000 08:03 8126514                    /tmp/hsperfdata_arwilczek90/19898 (deleted)
7f6a9b25e000-7f6a9b25f000 rw-p 00000000 00:00 0 
7f6a9b25f000-7f6a9b260000 ---p 00000000 00:00 0 
7f6a9b260000-7f6a9b262000 rw-p 00000000 00:00 0 
7f6a9b262000-7f6a9b263000 r--p 00022000 08:03 21758085                   /lib/x86_64-linux-gnu/ld-2.15.so
7f6a9b263000-7f6a9b265000 rw-p 00023000 08:03 21758085                   /lib/x86_64-linux-gnu/ld-2.15.so
7fffb833f000-7fffb8360000 rw-p 00000000 00:00 0                          [stack]
7fffb83ff000-7fffb8400000 r-xp 00000000 00:00 0                          [vdso]
ffffffffff600000-ffffffffff601000 r-xp 00000000 00:00 0                  [vsyscall]

VM Arguments:
jvm_args: -Djava.library.path=/home/arwilczek90/workspace/Elements/lib/slick:/home/arwilczek90/workspace/Elements/lib/slick -Dfile.encoding=UTF-8 
java_command: com.hack.elements.view.Main
Launcher Type: SUN_STANDARD

Environment Variables:
PATH=/usr/lib/lightdm/lightdm:/usr/local/sbin:/usr/local/bin:/usr/sbin:/usr/bin:/sbin:/bin:/usr/games
LD_LIBRARY_PATH=/usr/lib/jvm/java-6-openjdk-amd64/jre/lib/amd64/server:/usr/lib/jvm/java-6-openjdk-amd64/jre/lib/amd64:/usr/lib/jvm/java-6-openjdk-amd64/jre/../lib/amd64
SHELL=/bin/bash
DISPLAY=:0.0

Signal Handlers:
SIGSEGV: [libjvm.so+0x784310], sa_mask[0]=0x7ffbfeff, sa_flags=0x10000004
SIGBUS: [libjvm.so+0x784310], sa_mask[0]=0x7ffbfeff, sa_flags=0x10000004
SIGFPE: [libjvm.so+0x648580], sa_mask[0]=0x7ffbfeff, sa_flags=0x10000004
SIGPIPE: [libjvm.so+0x648580], sa_mask[0]=0x7ffbfeff, sa_flags=0x10000004
SIGXFSZ: [libjvm.so+0x648580], sa_mask[0]=0x7ffbfeff, sa_flags=0x10000004
SIGILL: [libjvm.so+0x648580], sa_mask[0]=0x7ffbfeff, sa_flags=0x10000004
SIGUSR1: SIG_DFL, sa_mask[0]=0x00000000, sa_flags=0x00000000
SIGUSR2: [libjvm.so+0x648730], sa_mask[0]=0x00000004, sa_flags=0x10000004
SIGHUP: [libjvm.so+0x64b250], sa_mask[0]=0x7ffbfeff, sa_flags=0x10000004
SIGINT: [libjvm.so+0x64b250], sa_mask[0]=0x7ffbfeff, sa_flags=0x10000004
SIGTERM: [libjvm.so+0x64b250], sa_mask[0]=0x7ffbfeff, sa_flags=0x10000004
SIGQUIT: [libjvm.so+0x64b250], sa_mask[0]=0x7ffbfeff, sa_flags=0x10000004


---------------  S Y S T E M  ---------------

OS:Ubuntu 12.04 (precise)
uname:Linux 3.2.0-32-generic #51-Ubuntu SMP Wed Sep 26 21:33:09 UTC 2012 x86_64
libc:glibc 2.15 NPTL 2.15 
rlimit: STACK 8192k, CORE 0k, NPROC 59545, NOFILE 4096, AS infinity
load average:0.71 0.93 0.82

/proc/meminfo:
MemTotal:        7639648 kB
MemFree:         3873736 kB
Buffers:          131928 kB
Cached:          1225268 kB
SwapCached:            0 kB
Active:          2520032 kB
Inactive:         752212 kB
Active(anon):    1915516 kB
Inactive(anon):    16676 kB
Active(file):     604516 kB
Inactive(file):   735536 kB
Unevictable:          20 kB
Mlocked:              20 kB
SwapTotal:       3818492 kB
SwapFree:        3818492 kB
Dirty:               408 kB
Writeback:             0 kB
AnonPages:       1915136 kB
Mapped:           322112 kB
Shmem:             17144 kB
Slab:             107184 kB
SReclaimable:      76356 kB
SUnreclaim:        30828 kB
KernelStack:        4176 kB
PageTables:        35552 kB
NFS_Unstable:          0 kB
Bounce:                0 kB
WritebackTmp:          0 kB
CommitLimit:     7638316 kB
Committed_AS:    4469916 kB
VmallocTotal:   34359738367 kB
VmallocUsed:      116912 kB
VmallocChunk:   34359619344 kB
HardwareCorrupted:     0 kB
AnonHugePages:         0 kB
HugePages_Total:       0
HugePages_Free:        0
HugePages_Rsvd:        0
HugePages_Surp:        0
Hugepagesize:       2048 kB
DirectMap4k:      342016 kB
DirectMap2M:     5404672 kB
DirectMap1G:     2097152 kB


CPU:total 4 (4 cores per cpu, 1 threads per core) family 18 model 1 stepping 0, cmov, cx8, fxsr, mmx, sse, sse2, sse3, popcnt, mmxext, 3dnowpref, lzcnt, sse4a

Memory: 4k page, physical 7639648k(3873736k free), swap 3818492k(3818492k free)

vm_info: OpenJDK 64-Bit Server VM (20.0-b12) for linux-amd64 JRE (1.6.0_24-b24), built on Sep  2 2012 19:50:47 by "buildd" with gcc 4.6.3

time: Sat Oct 13 23:52:06 2012
elapsed time: 143 seconds

