#
# A fatal error has been detected by the Java Runtime Environment:
#
#  SIGSEGV (0xb) at pc=0x00007fb773aeec58, pid=17315, tid=140426109769472
#
# JRE version: 6.0_24-b24
# Java VM: OpenJDK 64-Bit Server VM (20.0-b12 mixed mode linux-amd64 compressed oops)
# Derivative: IcedTea6 1.11.4
# Distribution: Ubuntu 12.04 LTS, package 6b24-1.11.4-1ubuntu0.12.04.1
# Problematic frame:
# C  [libX11.so.6+0x33c58]  XQueryExtension+0x28
#
# If you would like to submit a bug report, please include
# instructions how to reproduce the bug and visit:
#   https://bugs.launchpad.net/ubuntu/+source/openjdk-6/
#

---------------  T H R E A D  ---------------

Current thread (0x00007fb77c070000):  VMThread [stack: 0x00007fb78053d000,0x00007fb78063e000] [id=17326]

siginfo:si_signo=SIGSEGV: si_errno=0, si_code=1 (SEGV_MAPERR), si_addr=0x000000007c250548

Registers:
RAX=0x00007fb7540008c0, RBX=0x000000007c24fbe0, RCX=0x00007fb78063c658, RDX=0x00007fb78063c654
RSP=0x00007fb78063c5f0, RBP=0x00007fb771bc7932, RSI=0x00007fb771bc7932, RDI=0x000000007c24fbe0
R8 =0x00007fb78063c65c, R9 =0x0000000000000000, R10=0x00007fb784223fa8, R11=0x00007fb783ea3ca0
R12=0x0000000000000000, R13=0x00007fb771bc7932, R14=0x00007fb7540008c0, R15=0x0000000000000000
RIP=0x00007fb773aeec58, EFLAGS=0x0000000000010206, CSGSFS=0x0000000000000033, ERR=0x0000000000000004
  TRAPNO=0x000000000000000e

Top of Stack: (sp=0x00007fb78063c5f0)
0x00007fb78063c5f0:   00007fb783e76790 00007fb784a529e8
0x00007fb78063c600:   00007fb77909c100 00007fb77909c160
0x00007fb78063c610:   00000000ffffffff 000000007c24fbe0
0x00007fb78063c620:   00007fb771bc7932 0000000000000000
0x00007fb78063c630:   00007fb771bc7932 00007fb7540008c0
0x00007fb78063c640:   0000000000000000 00007fb773ae2c55
0x00007fb78063c650:   00007fb784a70048 00007fb771d00520
0x00007fb78063c660:   00007fb771d00520 000000007c24fbe0
0x00007fb78063c670:   00007fb77c194f50 00007fb773dfc02b
0x00007fb78063c680:   00007fb783e76790 000000110000002c
0x00007fb78063c690:   00007fb78063c710 0000000000000000
0x00007fb78063c6a0:   00007fb78063c710 000000007c24fbe0
0x00007fb78063c6b0:   0000000000000000 00007fb784a70048
0x00007fb78063c6c0:   00007fb771d19d50 00007fb771b6e119
0x00007fb78063c6d0:   0000000000000000 000000000000002c
0x00007fb78063c6e0:   00007fb78063c710 00007fb78063c730
0x00007fb78063c6f0:   0000000000000000 00007fb784a70048
0x00007fb78063c700:   00007fb77c24f740 00007fb771b64b42
0x00007fb78063c710:   00007fb78063c900 00007fb771bc78b1
0x00007fb78063c720:   00007fb78063c900 00007fb78485c92d
0x00007fb78063c730:   00007fb784a712c8 00007fb784a71858
0x00007fb78063c740:   00007fb784a52000 00007fb77c006a00
0x00007fb78063c750:   00007fb77c007510 00007fb77c006eb0
0x00007fb78063c760:   00007fb77c007a10 00007fb77c00c6f0
0x00007fb78063c770:   00007fb77c1400c0 00007fb77c156540
0x00007fb78063c780:   00007fb784a51000 00007fb77c24c2f0
0x00007fb78063c790:   00007fb77c246830 00007fb77c246cd0
0x00007fb78063c7a0:   00007fb77c24c7c0 00007fb77c24cc60
0x00007fb78063c7b0:   00007fb77c24d100 00007fb77c109930
0x00007fb78063c7c0:   00007fb77c105120 00007fb77c0025e0
0x00007fb78063c7d0:   00007fb77c001ec0 0000000001fad5f0
0x00007fb78063c7e0:   0000000001fadb60 0000000001fae570 

Instructions: (pc=0x00007fb773aeec58)
0x00007fb773aeec38:   24 d8 48 89 fb 4c 89 64 24 e0 4c 89 6c 24 e8 48
0x00007fb773aeec48:   89 f5 4c 89 74 24 f0 4c 89 7c 24 f8 48 83 ec 58
0x00007fb773aeec58:   48 8b 87 68 09 00 00 49 89 d4 49 89 cd 4d 89 c6
0x00007fb773aeec68:   48 85 c0 74 02 ff 10 ba 08 00 00 00 be 62 00 00 

Register to memory mapping:

RAX=0x00007fb7540008c0 is an unknown value
RBX=0x000000007c24fbe0 is an unknown value
RCX=0x00007fb78063c658 is an unknown value
RDX=0x00007fb78063c654 is an unknown value
RSP=0x00007fb78063c5f0 is an unknown value
RBP=0x00007fb771bc7932: <offset 0x96932> in /usr/lib/fglrx/libGL.so.1 at 0x00007fb771b31000
RSI=0x00007fb771bc7932: <offset 0x96932> in /usr/lib/fglrx/libGL.so.1 at 0x00007fb771b31000
RDI=0x000000007c24fbe0 is an unknown value
R8 =0x00007fb78063c65c is an unknown value
R9 =0x0000000000000000 is an unknown value
R10=0x00007fb784223fa8: <offset 0x3bbfa8> in /lib/x86_64-linux-gnu/libc.so.6 at 0x00007fb783e68000
R11=0x00007fb783ea3ca0: __cxa_finalize+0 in /lib/x86_64-linux-gnu/libc.so.6 at 0x00007fb783e68000
R12=0x0000000000000000 is an unknown value
R13=0x00007fb771bc7932: <offset 0x96932> in /usr/lib/fglrx/libGL.so.1 at 0x00007fb771b31000
R14=0x00007fb7540008c0 is an unknown value
R15=0x0000000000000000 is an unknown value


Stack: [0x00007fb78053d000,0x00007fb78063e000],  sp=0x00007fb78063c5f0,  free space=1021k
Native frames: (J=compiled Java code, j=interpreted, Vv=VM code, C=native code)
C  [libX11.so.6+0x33c58]  XQueryExtension+0x28

VM_Operation (0x00007fb784a4c680): Exit, mode: safepoint, requested by thread 0x00007fb77c008800


---------------  P R O C E S S  ---------------

Java Threads: ( => current thread )
  0x00007fb77cb18800 JavaThread "Thread-2" daemon [_thread_blocked, id=17338, stack(0x00007fb770e10000,0x00007fb770f11000)]
  0x00007fb77c24b800 JavaThread "AWT-XAWT" daemon [_thread_in_native, id=17335, stack(0x00007fb77248c000,0x00007fb77258d000)]
  0x00007fb77c167800 JavaThread "Java2D Disposer" daemon [_thread_blocked, id=17334, stack(0x00007fb7780d5000,0x00007fb7781d6000)]
  0x00007fb77c09e800 JavaThread "Low Memory Detector" daemon [_thread_blocked, id=17332, stack(0x00007fb77881c000,0x00007fb77891d000)]
  0x00007fb77c09c000 JavaThread "C2 CompilerThread1" daemon [_thread_blocked, id=17331, stack(0x00007fb780038000,0x00007fb780139000)]
  0x00007fb77c099800 JavaThread "C2 CompilerThread0" daemon [_thread_blocked, id=17330, stack(0x00007fb780139000,0x00007fb78023a000)]
  0x00007fb77c098000 JavaThread "Signal Dispatcher" daemon [_thread_blocked, id=17329, stack(0x00007fb78023a000,0x00007fb78033b000)]
  0x00007fb77c079000 JavaThread "Finalizer" daemon [_thread_blocked, id=17328, stack(0x00007fb78033b000,0x00007fb78043c000)]
  0x00007fb77c077000 JavaThread "Reference Handler" daemon [_thread_blocked, id=17327, stack(0x00007fb78043c000,0x00007fb78053d000)]
  0x00007fb77c008800 JavaThread "main" [_thread_blocked, id=17319, stack(0x00007fb78494d000,0x00007fb784a4e000)]

Other Threads:
=>0x00007fb77c070000 VMThread [stack: 0x00007fb78053d000,0x00007fb78063e000] [id=17326]

VM state:at safepoint (shutting down)

VM Mutex/Monitor currently owned by a thread:  ([mutex/lock_event])
[0x00007fb77c004dd0] Threads_lock - owner thread: 0x00007fb77c070000

Heap
 PSYoungGen      total 34880K, used 8477K [0x00000000d9200000, 0x00000000db8e0000, 0x0000000100000000)
  eden space 29952K, 28% used [0x00000000d9200000,0x00000000d9a47618,0x00000000daf40000)
  from space 4928K, 0% used [0x00000000db410000,0x00000000db410000,0x00000000db8e0000)
  to   space 4928K, 0% used [0x00000000daf40000,0x00000000daf40000,0x00000000db410000)
 PSOldGen        total 79616K, used 0K [0x000000008b600000, 0x00000000903c0000, 0x00000000d9200000)
  object space 79616K, 0% used [0x000000008b600000,0x000000008b600000,0x00000000903c0000)
 PSPermGen       total 21248K, used 11321K [0x0000000081000000, 0x00000000824c0000, 0x000000008b600000)
  object space 21248K, 53% used [0x0000000081000000,0x0000000081b0e680,0x00000000824c0000)

Code Cache  [0x00007fb779000000, 0x00007fb779270000, 0x00007fb77c000000)
 total_blobs=567 nmethods=82 adapters=439 free_code_cache=49624000 largest_free_block=6208

Dynamic libraries:
00400000-00409000 r-xp 00000000 08:03 18618890                           /usr/lib/jvm/java-6-openjdk-amd64/jre/bin/java
00608000-00609000 r--p 00008000 08:03 18618890                           /usr/lib/jvm/java-6-openjdk-amd64/jre/bin/java
00609000-0060a000 rw-p 00009000 08:03 18618890                           /usr/lib/jvm/java-6-openjdk-amd64/jre/bin/java
01fad000-01fce000 rw-p 00000000 00:00 0                                  [heap]
81000000-824c0000 rw-p 00000000 00:00 0 
824c0000-8b600000 rw-p 00000000 00:00 0 
8b600000-903c0000 rw-p 00000000 00:00 0 
903c0000-d9200000 rw-p 00000000 00:00 0 
d9200000-db8e0000 rw-p 00000000 00:00 0 
db8e0000-100000000 rw-p 00000000 00:00 0 
7fb72c000000-7fb72c021000 rw-p 00000000 00:00 0 
7fb72c021000-7fb730000000 ---p 00000000 00:00 0 
7fb730000000-7fb730021000 rw-p 00000000 00:00 0 
7fb730021000-7fb734000000 ---p 00000000 00:00 0 
7fb734000000-7fb734021000 rw-p 00000000 00:00 0 
7fb734021000-7fb738000000 ---p 00000000 00:00 0 
7fb738000000-7fb738021000 rw-p 00000000 00:00 0 
7fb738021000-7fb73c000000 ---p 00000000 00:00 0 
7fb73c000000-7fb73c021000 rw-p 00000000 00:00 0 
7fb73c021000-7fb740000000 ---p 00000000 00:00 0 
7fb740000000-7fb740021000 rw-p 00000000 00:00 0 
7fb740021000-7fb744000000 ---p 00000000 00:00 0 
7fb744000000-7fb744185000 rw-p 00000000 00:00 0 
7fb744185000-7fb748000000 ---p 00000000 00:00 0 
7fb748000000-7fb748182000 rw-p 00000000 00:00 0 
7fb748182000-7fb74c000000 ---p 00000000 00:00 0 
7fb74c000000-7fb74c021000 rw-p 00000000 00:00 0 
7fb74c021000-7fb750000000 ---p 00000000 00:00 0 
7fb750000000-7fb750021000 rw-p 00000000 00:00 0 
7fb750021000-7fb754000000 ---p 00000000 00:00 0 
7fb754000000-7fb754021000 rw-p 00000000 00:00 0 
7fb754021000-7fb758000000 ---p 00000000 00:00 0 
7fb758000000-7fb758021000 rw-p 00000000 00:00 0 
7fb758021000-7fb75c000000 ---p 00000000 00:00 0 
7fb75c000000-7fb75c021000 rw-p 00000000 00:00 0 
7fb75c021000-7fb760000000 ---p 00000000 00:00 0 
7fb764000000-7fb764021000 rw-p 00000000 00:00 0 
7fb764021000-7fb768000000 ---p 00000000 00:00 0 
7fb769d32000-7fb76bc8c000 r-xp 00000000 08:03 19009510                   /usr/lib/fglrx/dri/fglrx_dri.so
7fb76bc8c000-7fb76bd8c000 ---p 01f5a000 08:03 19009510                   /usr/lib/fglrx/dri/fglrx_dri.so
7fb76bd8c000-7fb76beda000 rwxp 01f5a000 08:03 19009510                   /usr/lib/fglrx/dri/fglrx_dri.so
7fb76beda000-7fb76c000000 rwxp 00000000 00:00 0 
7fb76c000000-7fb76c021000 rw-p 00000000 00:00 0 
7fb76c021000-7fb770000000 ---p 00000000 00:00 0 
7fb770909000-7fb77090c000 ---p 00000000 00:00 0 
7fb77090c000-7fb770a0a000 rw-p 00000000 00:00 0 
7fb770a0a000-7fb770a0d000 ---p 00000000 00:00 0 
7fb770a0d000-7fb770d0d000 rw-p 00000000 00:00 0 
7fb770d0d000-7fb770d10000 r-xp 00000000 08:03 15602613                   /home/arwilczek90/workspace/Elements/lib/slick/libjinput-linux64.so
7fb770d10000-7fb770e0f000 ---p 00003000 08:03 15602613                   /home/arwilczek90/workspace/Elements/lib/slick/libjinput-linux64.so
7fb770e0f000-7fb770e10000 rw-p 00002000 08:03 15602613                   /home/arwilczek90/workspace/Elements/lib/slick/libjinput-linux64.so
7fb770e10000-7fb770e13000 ---p 00000000 00:00 0 
7fb770e13000-7fb770f11000 rw-p 00000000 00:00 0 
7fb770f11000-7fb770f16000 r--s 0002f000 08:03 15598498                   /home/arwilczek90/workspace/Elements/lib/slick/lib/jinput.jar
7fb770f16000-7fb770f18000 r--s 00008000 08:03 15598497                   /home/arwilczek90/workspace/Elements/lib/slick/lib/ibxm.jar
7fb770f18000-7fb770f1b000 r--s 0005b000 08:03 15598496                   /home/arwilczek90/workspace/Elements/lib/slick/lib/hiero.jar
7fb770f1b000-7fb770f1c000 r--s 00007000 08:03 15597697                   /home/arwilczek90/workspace/Elements/lib/slick/applet/lwjgl_util_applet.jar
7fb770f5c000-7fb77165c000 rw-s 00006000 00:05 10225                      /dev/ati/card0
7fb77165c000-7fb77165e000 r-xp 00000000 08:03 18488267                   /usr/lib/x86_64-linux-gnu/libXinerama.so.1.0.0
7fb77165e000-7fb77185d000 ---p 00002000 08:03 18488267                   /usr/lib/x86_64-linux-gnu/libXinerama.so.1.0.0
7fb77185d000-7fb77185e000 r--p 00001000 08:03 18488267                   /usr/lib/x86_64-linux-gnu/libXinerama.so.1.0.0
7fb77185e000-7fb77185f000 rw-p 00002000 08:03 18488267                   /usr/lib/x86_64-linux-gnu/libXinerama.so.1.0.0
7fb77185f000-7fb77189a000 r-xp 00000000 08:03 19009508                   /usr/lib/fglrx/libatiadlxx.so
7fb77189a000-7fb77199a000 ---p 0003b000 08:03 19009508                   /usr/lib/fglrx/libatiadlxx.so
7fb77199a000-7fb7719a3000 rw-p 0003b000 08:03 19009508                   /usr/lib/fglrx/libatiadlxx.so
7fb7719a3000-7fb7719b4000 rw-p 00000000 00:00 0 
7fb7719ce000-7fb771a0e000 rw-s f0300000 00:05 10225                      /dev/ati/card0
7fb771a0e000-7fb771a15000 r-xp 00000000 08:03 19009532                   /usr/lib/fglrx/libatiuki.so.1.0
7fb771a15000-7fb771b15000 ---p 00007000 08:03 19009532                   /usr/lib/fglrx/libatiuki.so.1.0
7fb771b15000-7fb771b16000 rw-p 00007000 08:03 19009532                   /usr/lib/fglrx/libatiuki.so.1.0
7fb771b16000-7fb771b17000 rw-p 00000000 00:00 0 
7fb771b17000-7fb771b19000 r--s 00015000 08:03 15598514                   /home/arwilczek90/workspace/Elements/lib/slick/lib/tinylinepp.jar
7fb771b19000-7fb771b21000 r--s 00067000 08:03 15598510                   /home/arwilczek90/workspace/Elements/lib/slick/lib/slick-sources.jar
7fb771b21000-7fb771b22000 r--s 00000000 08:03 15598509                   /home/arwilczek90/workspace/Elements/lib/slick/lib/slick-examples.jar
7fb771b22000-7fb771b23000 r--s 00003000 08:03 15598508                   /home/arwilczek90/workspace/Elements/lib/slick/lib/scalar.jar
7fb771b23000-7fb771b26000 r--s 00017000 08:03 15598507                   /home/arwilczek90/workspace/Elements/lib/slick/lib/pedigree.jar
7fb771b26000-7fb771b31000 r--s 00093000 08:03 15598513                   /home/arwilczek90/workspace/Elements/lib/slick/lib/slick.jar
7fb771b31000-7fb771bf4000 r-xp 00000000 08:03 19009512                   /usr/lib/fglrx/libGL.so.1.2
7fb771bf4000-7fb771cf3000 ---p 000c3000 08:03 19009512                   /usr/lib/fglrx/libGL.so.1.2
7fb771cf3000-7fb771d1a000 rwxp 000c2000 08:03 19009512                   /usr/lib/fglrx/libGL.so.1.2
7fb771d1a000-7fb771d3a000 rwxp 00000000 00:00 0 
7fb771d3a000-7fb771d3b000 r-xp 00000000 08:03 18618886                   /usr/lib/jvm/java-6-openjdk-amd64/jre/lib/amd64/libjawt.so
7fb771d3b000-7fb771f3a000 ---p 00001000 08:03 18618886                   /usr/lib/jvm/java-6-openjdk-amd64/jre/lib/amd64/libjawt.so
7fb771f3a000-7fb771f3b000 r--p 00000000 08:03 18618886                   /usr/lib/jvm/java-6-openjdk-amd64/jre/lib/amd64/libjawt.so
7fb771f3b000-7fb771f3c000 rw-p 00001000 08:03 18618886                   /usr/lib/jvm/java-6-openjdk-amd64/jre/lib/amd64/libjawt.so
7fb771f3c000-7fb771f40000 r-xp 00000000 08:03 18488287                   /usr/lib/x86_64-linux-gnu/libXxf86vm.so.1.0.0
7fb771f40000-7fb77213f000 ---p 00004000 08:03 18488287                   /usr/lib/x86_64-linux-gnu/libXxf86vm.so.1.0.0
7fb77213f000-7fb772140000 r--p 00003000 08:03 18488287                   /usr/lib/x86_64-linux-gnu/libXxf86vm.so.1.0.0
7fb772140000-7fb772141000 rw-p 00004000 08:03 18488287                   /usr/lib/x86_64-linux-gnu/libXxf86vm.so.1.0.0
7fb772141000-7fb772149000 r-xp 00000000 08:03 18488277                   /usr/lib/x86_64-linux-gnu/libXrandr.so.2.2.0
7fb772149000-7fb772348000 ---p 00008000 08:03 18488277                   /usr/lib/x86_64-linux-gnu/libXrandr.so.2.2.0
7fb772348000-7fb772349000 r--p 00007000 08:03 18488277                   /usr/lib/x86_64-linux-gnu/libXrandr.so.2.2.0
7fb772349000-7fb77234a000 rw-p 00008000 08:03 18488277                   /usr/lib/x86_64-linux-gnu/libXrandr.so.2.2.0
7fb77234a000-7fb77238a000 r-xp 00000000 08:03 15602617                   /home/arwilczek90/workspace/Elements/lib/slick/liblwjgl64.so
7fb77238a000-7fb77248a000 ---p 00040000 08:03 15602617                   /home/arwilczek90/workspace/Elements/lib/slick/liblwjgl64.so
7fb77248a000-7fb77248c000 rw-p 00040000 08:03 15602617                   /home/arwilczek90/workspace/Elements/lib/slick/liblwjgl64.so
7fb77248c000-7fb77248f000 ---p 00000000 00:00 0 
7fb77248f000-7fb77258d000 rw-p 00000000 00:00 0 
7fb77258d000-7fb772592000 r-xp 00000000 08:03 18488261                   /usr/lib/x86_64-linux-gnu/libXfixes.so.3.1.0
7fb772592000-7fb772791000 ---p 00005000 08:03 18488261                   /usr/lib/x86_64-linux-gnu/libXfixes.so.3.1.0
7fb772791000-7fb772792000 r--p 00004000 08:03 18488261                   /usr/lib/x86_64-linux-gnu/libXfixes.so.3.1.0
7fb772792000-7fb772793000 rw-p 00005000 08:03 18488261                   /usr/lib/x86_64-linux-gnu/libXfixes.so.3.1.0
7fb772793000-7fb77279c000 r-xp 00000000 08:03 18488253                   /usr/lib/x86_64-linux-gnu/libXcursor.so.1.0.2
7fb77279c000-7fb77299b000 ---p 00009000 08:03 18488253                   /usr/lib/x86_64-linux-gnu/libXcursor.so.1.0.2
7fb77299b000-7fb77299c000 r--p 00008000 08:03 18488253                   /usr/lib/x86_64-linux-gnu/libXcursor.so.1.0.2
7fb77299c000-7fb77299d000 rw-p 00009000 08:03 18488253                   /usr/lib/x86_64-linux-gnu/libXcursor.so.1.0.2
7fb77299d000-7fb772a33000 r-xp 00000000 08:03 18488439                   /usr/lib/x86_64-linux-gnu/libfreetype.so.6.8.0
7fb772a33000-7fb772c32000 ---p 00096000 08:03 18488439                   /usr/lib/x86_64-linux-gnu/libfreetype.so.6.8.0
7fb772c32000-7fb772c38000 r--p 00095000 08:03 18488439                   /usr/lib/x86_64-linux-gnu/libfreetype.so.6.8.0
7fb772c38000-7fb772c39000 rw-p 0009b000 08:03 18488439                   /usr/lib/x86_64-linux-gnu/libfreetype.so.6.8.0
7fb772c39000-7fb772c73000 r-xp 00000000 08:03 18618871                   /usr/lib/jvm/java-6-openjdk-amd64/jre/lib/amd64/libfontmanager.so
7fb772c73000-7fb772e72000 ---p 0003a000 08:03 18618871                   /usr/lib/jvm/java-6-openjdk-amd64/jre/lib/amd64/libfontmanager.so
7fb772e72000-7fb772e74000 r--p 00039000 08:03 18618871                   /usr/lib/jvm/java-6-openjdk-amd64/jre/lib/amd64/libfontmanager.so
7fb772e74000-7fb772e75000 rw-p 0003b000 08:03 18618871                   /usr/lib/jvm/java-6-openjdk-amd64/jre/lib/amd64/libfontmanager.so
7fb772e75000-7fb772e7a000 r-xp 00000000 08:03 18488257                   /usr/lib/x86_64-linux-gnu/libXdmcp.so.6.0.0
7fb772e7a000-7fb773079000 ---p 00005000 08:03 18488257                   /usr/lib/x86_64-linux-gnu/libXdmcp.so.6.0.0
7fb773079000-7fb77307a000 r--p 00004000 08:03 18488257                   /usr/lib/x86_64-linux-gnu/libXdmcp.so.6.0.0
7fb77307a000-7fb77307b000 rw-p 00005000 08:03 18488257                   /usr/lib/x86_64-linux-gnu/libXdmcp.so.6.0.0
7fb77307b000-7fb77307d000 r-xp 00000000 08:03 18488246                   /usr/lib/x86_64-linux-gnu/libXau.so.6.0.0
7fb77307d000-7fb77327c000 ---p 00002000 08:03 18488246                   /usr/lib/x86_64-linux-gnu/libXau.so.6.0.0
7fb77327c000-7fb77327d000 r--p 00001000 08:03 18488246                   /usr/lib/x86_64-linux-gnu/libXau.so.6.0.0
7fb77327d000-7fb77327e000 rw-p 00002000 08:03 18488246                   /usr/lib/x86_64-linux-gnu/libXau.so.6.0.0
7fb77327e000-7fb77329b000 r-xp 00000000 08:03 18488845                   /usr/lib/x86_64-linux-gnu/libxcb.so.1.1.0
7fb77329b000-7fb77349a000 ---p 0001d000 08:03 18488845                   /usr/lib/x86_64-linux-gnu/libxcb.so.1.1.0
7fb77349a000-7fb77349b000 r--p 0001c000 08:03 18488845                   /usr/lib/x86_64-linux-gnu/libxcb.so.1.1.0
7fb77349b000-7fb77349c000 rw-p 0001d000 08:03 18488845                   /usr/lib/x86_64-linux-gnu/libxcb.so.1.1.0
7fb77349c000-7fb7734aa000 r-xp 00000000 08:03 18488265                   /usr/lib/x86_64-linux-gnu/libXi.so.6.1.0
7fb7734aa000-7fb7736a9000 ---p 0000e000 08:03 18488265                   /usr/lib/x86_64-linux-gnu/libXi.so.6.1.0
7fb7736a9000-7fb7736aa000 r--p 0000d000 08:03 18488265                   /usr/lib/x86_64-linux-gnu/libXi.so.6.1.0
7fb7736aa000-7fb7736ab000 rw-p 0000e000 08:03 18488265                   /usr/lib/x86_64-linux-gnu/libXi.so.6.1.0
7fb7736ab000-7fb7736b0000 r-xp 00000000 08:03 18488283                   /usr/lib/x86_64-linux-gnu/libXtst.so.6.1.0
7fb7736b0000-7fb7738af000 ---p 00005000 08:03 18488283                   /usr/lib/x86_64-linux-gnu/libXtst.so.6.1.0
7fb7738af000-7fb7738b0000 r--p 00004000 08:03 18488283                   /usr/lib/x86_64-linux-gnu/libXtst.so.6.1.0
7fb7738b0000-7fb7738b1000 rw-p 00005000 08:03 18488283                   /usr/lib/x86_64-linux-gnu/libXtst.so.6.1.0
7fb7738b1000-7fb7738ba000 r-xp 00000000 08:03 18488279                   /usr/lib/x86_64-linux-gnu/libXrender.so.1.3.0
7fb7738ba000-7fb773ab9000 ---p 00009000 08:03 18488279                   /usr/lib/x86_64-linux-gnu/libXrender.so.1.3.0
7fb773ab9000-7fb773aba000 r--p 00008000 08:03 18488279                   /usr/lib/x86_64-linux-gnu/libXrender.so.1.3.0
7fb773aba000-7fb773abb000 rw-p 00009000 08:03 18488279                   /usr/lib/x86_64-linux-gnu/libXrender.so.1.3.0
7fb773abb000-7fb773bea000 r-xp 00000000 08:03 18488244                   /usr/lib/x86_64-linux-gnu/libX11.so.6.3.0
7fb773bea000-7fb773dea000 ---p 0012f000 08:03 18488244                   /usr/lib/x86_64-linux-gnu/libX11.so.6.3.0
7fb773dea000-7fb773deb000 r--p 0012f000 08:03 18488244                   /usr/lib/x86_64-linux-gnu/libX11.so.6.3.0
7fb773deb000-7fb773def000 rw-p 00130000 08:03 18488244                   /usr/lib/x86_64-linux-gnu/libX11.so.6.3.0
7fb773def000-7fb773dff000 r-xp 00000000 08:03 18488259                   /usr/lib/x86_64-linux-gnu/libXext.so.6.4.0
7fb773dff000-7fb773ffe000 ---p 00010000 08:03 18488259                   /usr/lib/x86_64-linux-gnu/libXext.so.6.4.0
7fb773ffe000-7fb773fff000 r--p 0000f000 08:03 18488259                   /usr/lib/x86_64-linux-gnu/libXext.so.6.4.0
7fb773fff000-7fb774000000 rw-p 00010000 08:03 18488259                   /usr/lib/x86_64-linux-gnu/libXext.so.6.4.0
7fb774000000-7fb774021000 rw-p 00000000 00:00 0 
7fb774021000-7fb778000000 ---p 00000000 00:00 0 
7fb778000000-7fb778003000 r--s 00015000 08:03 15598512                   /home/arwilczek90/workspace/Elements/lib/slick/lib/slick-util.jar
7fb778003000-7fb778005000 r--s 00004000 08:03 15598506                   /home/arwilczek90/workspace/Elements/lib/slick/lib/packulike.jar
7fb778005000-7fb778006000 r--s 00043000 08:03 15598505                   /home/arwilczek90/workspace/Elements/lib/slick/lib/natives-win32.jar
7fb778006000-7fb778008000 r--s 00033000 08:03 15598504                   /home/arwilczek90/workspace/Elements/lib/slick/lib/natives-mac.jar
7fb778008000-7fb778009000 r--s 0003d000 08:03 15598503                   /home/arwilczek90/workspace/Elements/lib/slick/lib/natives-linux.jar
7fb778009000-7fb778010000 r--s 00073000 08:03 15598502                   /home/arwilczek90/workspace/Elements/lib/slick/lib/lwjgl.jar
7fb778010000-7fb778012000 r--s 0000d000 08:03 15598501                   /home/arwilczek90/workspace/Elements/lib/slick/lib/jorbis-0.0.15.jar
7fb778012000-7fb778014000 rw-s 00002000 00:05 10225                      /dev/ati/card0
7fb778014000-7fb77801f000 r--s 00093000 08:03 15597692                   /home/arwilczek90/workspace/Elements/lib/slick.jar
7fb77801f000-7fb778026000 r--s 000fb000 08:03 18618812                   /usr/lib/jvm/java-6-openjdk-common/jre/lib/resources.jar
7fb778026000-7fb778027000 r--s 00000000 08:03 19927127                   /var/cache/fontconfig/c05880de57d1f5e948fdfacc138775d9-le64.cache-3
7fb778027000-7fb778030000 r--s 00000000 08:03 19927122                   /var/cache/fontconfig/945677eb7aeaf62f1d50efc3fb3ec7d8-le64.cache-3
7fb778030000-7fb778032000 r--s 00000000 08:03 19927123                   /var/cache/fontconfig/99e8ed0e538f840c565b6ed5dad60d56-le64.cache-3
7fb778032000-7fb778036000 r--s 00000000 08:03 19927109                   /var/cache/fontconfig/2cd17615ca594fa2959ae173292e504c-le64.cache-3
7fb778036000-7fb778037000 r--s 00000000 08:03 19927134                   /var/cache/fontconfig/e7071f4a29fa870f4323321c154eba04-le64.cache-3
7fb778037000-7fb778038000 r--s 00000000 08:03 19927107                   /var/cache/fontconfig/0d8c3b2ac0904cb8a57a757ad11a4a08-le64.cache-3
7fb778038000-7fb77803e000 r--s 00000000 08:03 19927124                   /var/cache/fontconfig/a755afe4a08bf5b97852ceb7400b47bc-le64.cache-3
7fb77803e000-7fb778047000 r--s 00000000 08:03 19927460                   /var/cache/fontconfig/6d41288fd70b0be22e8c3a91e032eec0-le64.cache-3
7fb778047000-7fb778057000 r--s 00000000 08:03 19927106                   /var/cache/fontconfig/04aabc0a78ac019cf9454389977116d2-le64.cache-3
7fb778057000-7fb77805a000 r--s 00000000 08:03 19927112                   /var/cache/fontconfig/385c0604a188198f04d133e54aba7fe7-le64.cache-3
7fb77805a000-7fb77805b000 r--s 00000000 08:03 19927113                   /var/cache/fontconfig/4794a0821666d79190d59a36cb4f44b5-le64.cache-3
7fb77805b000-7fb77805e000 r--s 00000000 08:03 19927121                   /var/cache/fontconfig/8801497958630a81b71ace7c5f9b32a8-le64.cache-3
7fb77805e000-7fb77808c000 r--s 00000000 08:03 19927454                   /var/cache/fontconfig/365b55f210c0a22e9a19e35191240f32-le64.cache-3
7fb77808c000-7fb778091000 r--s 00000000 08:03 19927110                   /var/cache/fontconfig/3047814df9a2f067bd2d96a2b9c36e5a-le64.cache-3
7fb778091000-7fb778092000 r--s 00000000 08:03 19927115                   /var/cache/fontconfig/56cf4f4769d0f4abc89a4895d7bd3ae1-le64.cache-3
7fb778092000-7fb778093000 r--s 00000000 08:03 19927126                   /var/cache/fontconfig/b9d506c9ac06c20b433354fa67a72993-le64.cache-3
7fb778093000-7fb778098000 r--s 00000000 08:03 19927125                   /var/cache/fontconfig/b47c4e1ecd0709278f4910c18777a504-le64.cache-3
7fb778098000-7fb7780a8000 r--s 00000000 08:03 19927130                   /var/cache/fontconfig/d52a8644073d54c13679302ca1180695-le64.cache-3
7fb7780a8000-7fb7780ab000 r--s 00000000 08:03 19927196                   /var/cache/fontconfig/e13b20fdb08344e0e664864cc2ede53d-le64.cache-3
7fb7780ab000-7fb7780af000 r--s 00000000 08:03 19927452                   /var/cache/fontconfig/7ef2298fde41cc6eeb7af42e48b7d293-le64.cache-3
7fb7780af000-7fb7780b0000 r--s 00000000 08:03 19927127                   /var/cache/fontconfig/c05880de57d1f5e948fdfacc138775d9-le64.cache-3
7fb7780b0000-7fb7780b9000 r--s 00000000 08:03 19927122                   /var/cache/fontconfig/945677eb7aeaf62f1d50efc3fb3ec7d8-le64.cache-3
7fb7780b9000-7fb7780bb000 r--s 00000000 08:03 19927123                   /var/cache/fontconfig/99e8ed0e538f840c565b6ed5dad60d56-le64.cache-3
7fb7780bb000-7fb7780bf000 r--s 00000000 08:03 19927109                   /var/cache/fontconfig/2cd17615ca594fa2959ae173292e504c-le64.cache-3
7fb7780bf000-7fb7780c5000 r--s 00000000 08:03 19927124                   /var/cache/fontconfig/a755afe4a08bf5b97852ceb7400b47bc-le64.cache-3
7fb7780c5000-7fb7780d5000 r--s 00000000 08:03 19927106                   /var/cache/fontconfig/04aabc0a78ac019cf9454389977116d2-le64.cache-3
7fb7780d5000-7fb7780d8000 ---p 00000000 00:00 0 
7fb7780d8000-7fb7781d6000 rw-p 00000000 00:00 0 
7fb7781d6000-7fb778221000 r-xp 00000000 08:03 18618972                   /usr/lib/jvm/java-6-openjdk-amd64/jre/lib/amd64/xawt/libmawt.so
7fb778221000-7fb778421000 ---p 0004b000 08:03 18618972                   /usr/lib/jvm/java-6-openjdk-amd64/jre/lib/amd64/xawt/libmawt.so
7fb778421000-7fb778422000 r--p 0004b000 08:03 18618972                   /usr/lib/jvm/java-6-openjdk-amd64/jre/lib/amd64/xawt/libmawt.so
7fb778422000-7fb778425000 rw-p 0004c000 08:03 18618972                   /usr/lib/jvm/java-6-openjdk-amd64/jre/lib/amd64/xawt/libmawt.so
7fb778425000-7fb778426000 rw-p 00000000 00:00 0 
7fb778426000-7fb7784d2000 r-xp 00000000 08:03 18618874                   /usr/lib/jvm/java-6-openjdk-amd64/jre/lib/amd64/libawt.so
7fb7784d2000-7fb7786d1000 ---p 000ac000 08:03 18618874                   /usr/lib/jvm/java-6-openjdk-amd64/jre/lib/amd64/libawt.so
7fb7786d1000-7fb7786d2000 r--p 000ab000 08:03 18618874                   /usr/lib/jvm/java-6-openjdk-amd64/jre/lib/amd64/libawt.so
7fb7786d2000-7fb7786dd000 rw-p 000ac000 08:03 18618874                   /usr/lib/jvm/java-6-openjdk-amd64/jre/lib/amd64/libawt.so
7fb7786dd000-7fb778702000 rw-p 00000000 00:00 0 
7fb778702000-7fb778705000 r--s 0007d000 08:03 18618443                   /usr/lib/jvm/java-6-openjdk-common/jre/lib/jsse.jar
7fb778705000-7fb77870c000 r--s 00073000 08:03 15597691                   /home/arwilczek90/workspace/Elements/lib/lwjgl.jar
7fb77870c000-7fb77870e000 r--s 0000f000 08:03 18618803                   /usr/lib/jvm/java-6-openjdk-common/jre/lib/ext/pulse-java.jar
7fb77870e000-7fb778711000 r--s 00077000 08:03 18618797                   /usr/lib/jvm/java-6-openjdk-common/jre/lib/ext/localedata.jar
7fb778711000-7fb778712000 r--s 00007000 08:03 18748229                   /usr/share/java/java-atk-wrapper.jar
7fb778712000-7fb778714000 r--s 00001000 08:03 18618801                   /usr/lib/jvm/java-6-openjdk-common/jre/lib/ext/dnsns.jar
7fb778714000-7fb778718000 r--s 00038000 08:03 18618795                   /usr/lib/jvm/java-6-openjdk-common/jre/lib/ext/sunpkcs11.jar
7fb778718000-7fb77871b000 r--s 00031000 08:03 18618799                   /usr/lib/jvm/java-6-openjdk-common/jre/lib/ext/sunjce_provider.jar
7fb77871b000-7fb77871c000 ---p 00000000 00:00 0 
7fb77871c000-7fb77881c000 rw-p 00000000 00:00 0 
7fb77881c000-7fb77881f000 ---p 00000000 00:00 0 
7fb77881f000-7fb77891d000 rw-p 00000000 00:00 0 
7fb77891d000-7fb779000000 r--p 00000000 08:03 18487587                   /usr/lib/locale/locale-archive
7fb779000000-7fb779270000 rwxp 00000000 00:00 0 
7fb779270000-7fb77cd90000 rw-p 00000000 00:00 0 
7fb77cd90000-7fb780000000 ---p 00000000 00:00 0 
7fb780000000-7fb780001000 r--s 00001000 08:03 15598500                   /home/arwilczek90/workspace/Elements/lib/slick/lib/jogg-0.0.7.jar
7fb780001000-7fb78000a000 r--s 00000000 08:03 19927460                   /var/cache/fontconfig/6d41288fd70b0be22e8c3a91e032eec0-le64.cache-3
7fb78000a000-7fb780038000 r--s 00000000 08:03 19927454                   /var/cache/fontconfig/365b55f210c0a22e9a19e35191240f32-le64.cache-3
7fb780038000-7fb78003b000 ---p 00000000 00:00 0 
7fb78003b000-7fb780139000 rw-p 00000000 00:00 0 
7fb780139000-7fb78013c000 ---p 00000000 00:00 0 
7fb78013c000-7fb78023a000 rw-p 00000000 00:00 0 
7fb78023a000-7fb78023d000 ---p 00000000 00:00 0 
7fb78023d000-7fb78033b000 rw-p 00000000 00:00 0 
7fb78033b000-7fb78033e000 ---p 00000000 00:00 0 
7fb78033e000-7fb78043c000 rw-p 00000000 00:00 0 
7fb78043c000-7fb78043f000 ---p 00000000 00:00 0 
7fb78043f000-7fb78053d000 rw-p 00000000 00:00 0 
7fb78053d000-7fb78053e000 ---p 00000000 00:00 0 
7fb78053e000-7fb780b76000 rw-p 00000000 00:00 0 
7fb780b76000-7fb780d08000 r--s 037bf000 08:03 18618843                   /usr/lib/jvm/java-6-openjdk-amd64/jre/lib/rt.jar
7fb780d08000-7fb780d30000 rw-p 00000000 00:00 0 
7fb780d30000-7fb780d31000 ---p 00000000 00:00 0 
7fb780d31000-7fb780e31000 rw-p 00000000 00:00 0 
7fb780e31000-7fb780e32000 ---p 00000000 00:00 0 
7fb780e32000-7fb780f32000 rw-p 00000000 00:00 0 
7fb780f32000-7fb780f33000 ---p 00000000 00:00 0 
7fb780f33000-7fb781033000 rw-p 00000000 00:00 0 
7fb781033000-7fb781034000 ---p 00000000 00:00 0 
7fb781034000-7fb78113f000 rw-p 00000000 00:00 0 
7fb78113f000-7fb781187000 rw-p 00000000 00:00 0 
7fb781187000-7fb7811ae000 rw-p 00000000 00:00 0 
7fb7811ae000-7fb7813f5000 rw-p 00000000 00:00 0 
7fb7813f5000-7fb781400000 rw-p 00000000 00:00 0 
7fb781400000-7fb781448000 rw-p 00000000 00:00 0 
7fb781448000-7fb78146f000 rw-p 00000000 00:00 0 
7fb78146f000-7fb7816b6000 rw-p 00000000 00:00 0 
7fb7816b6000-7fb7816ca000 rw-p 00000000 00:00 0 
7fb7816ca000-7fb7817ed000 rw-p 00000000 00:00 0 
7fb7817ed000-7fb7817ee000 rw-p 00000000 00:00 0 
7fb7817ee000-7fb7817f5000 r-xp 00000000 08:03 18618888                   /usr/lib/jvm/java-6-openjdk-amd64/jre/lib/amd64/libzip.so
7fb7817f5000-7fb7819f4000 ---p 00007000 08:03 18618888                   /usr/lib/jvm/java-6-openjdk-amd64/jre/lib/amd64/libzip.so
7fb7819f4000-7fb7819f5000 r--p 00006000 08:03 18618888                   /usr/lib/jvm/java-6-openjdk-amd64/jre/lib/amd64/libzip.so
7fb7819f5000-7fb7819f6000 rw-p 00007000 08:03 18618888                   /usr/lib/jvm/java-6-openjdk-amd64/jre/lib/amd64/libzip.so
7fb7819f6000-7fb781a02000 r-xp 00000000 08:03 21758081                   /lib/x86_64-linux-gnu/libnss_files-2.15.so
7fb781a02000-7fb781c01000 ---p 0000c000 08:03 21758081                   /lib/x86_64-linux-gnu/libnss_files-2.15.so
7fb781c01000-7fb781c02000 r--p 0000b000 08:03 21758081                   /lib/x86_64-linux-gnu/libnss_files-2.15.so
7fb781c02000-7fb781c03000 rw-p 0000c000 08:03 21758081                   /lib/x86_64-linux-gnu/libnss_files-2.15.so
7fb781c03000-7fb781c0d000 r-xp 00000000 08:03 21758077                   /lib/x86_64-linux-gnu/libnss_nis-2.15.so
7fb781c0d000-7fb781e0d000 ---p 0000a000 08:03 21758077                   /lib/x86_64-linux-gnu/libnss_nis-2.15.so
7fb781e0d000-7fb781e0e000 r--p 0000a000 08:03 21758077                   /lib/x86_64-linux-gnu/libnss_nis-2.15.so
7fb781e0e000-7fb781e0f000 rw-p 0000b000 08:03 21758077                   /lib/x86_64-linux-gnu/libnss_nis-2.15.so
7fb781e0f000-7fb781e26000 r-xp 00000000 08:03 21761730                   /lib/x86_64-linux-gnu/libnsl-2.15.so
7fb781e26000-7fb782025000 ---p 00017000 08:03 21761730                   /lib/x86_64-linux-gnu/libnsl-2.15.so
7fb782025000-7fb782026000 r--p 00016000 08:03 21761730                   /lib/x86_64-linux-gnu/libnsl-2.15.so
7fb782026000-7fb782027000 rw-p 00017000 08:03 21761730                   /lib/x86_64-linux-gnu/libnsl-2.15.so
7fb782027000-7fb782029000 rw-p 00000000 00:00 0 
7fb782029000-7fb782031000 r-xp 00000000 08:03 21758082                   /lib/x86_64-linux-gnu/libnss_compat-2.15.so
7fb782031000-7fb782230000 ---p 00008000 08:03 21758082                   /lib/x86_64-linux-gnu/libnss_compat-2.15.so
7fb782230000-7fb782231000 r--p 00007000 08:03 21758082                   /lib/x86_64-linux-gnu/libnss_compat-2.15.so
7fb782231000-7fb782232000 rw-p 00008000 08:03 21758082                   /lib/x86_64-linux-gnu/libnss_compat-2.15.so
7fb782232000-7fb78225e000 r-xp 00000000 08:03 18618873                   /usr/lib/jvm/java-6-openjdk-amd64/jre/lib/amd64/libjava.so
7fb78225e000-7fb78245d000 ---p 0002c000 08:03 18618873                   /usr/lib/jvm/java-6-openjdk-amd64/jre/lib/amd64/libjava.so
7fb78245d000-7fb78245e000 r--p 0002b000 08:03 18618873                   /usr/lib/jvm/java-6-openjdk-amd64/jre/lib/amd64/libjava.so
7fb78245e000-7fb782461000 rw-p 0002c000 08:03 18618873                   /usr/lib/jvm/java-6-openjdk-amd64/jre/lib/amd64/libjava.so
7fb782461000-7fb78246f000 r-xp 00000000 08:03 18618872                   /usr/lib/jvm/java-6-openjdk-amd64/jre/lib/amd64/libverify.so
7fb78246f000-7fb78266e000 ---p 0000e000 08:03 18618872                   /usr/lib/jvm/java-6-openjdk-amd64/jre/lib/amd64/libverify.so
7fb78266e000-7fb782670000 r--p 0000d000 08:03 18618872                   /usr/lib/jvm/java-6-openjdk-amd64/jre/lib/amd64/libverify.so
7fb782670000-7fb782671000 rw-p 0000f000 08:03 18618872                   /usr/lib/jvm/java-6-openjdk-amd64/jre/lib/amd64/libverify.so
7fb782671000-7fb782678000 r-xp 00000000 08:03 21758075                   /lib/x86_64-linux-gnu/librt-2.15.so
7fb782678000-7fb782877000 ---p 00007000 08:03 21758075                   /lib/x86_64-linux-gnu/librt-2.15.so
7fb782877000-7fb782878000 r--p 00006000 08:03 21758075                   /lib/x86_64-linux-gnu/librt-2.15.so
7fb782878000-7fb782879000 rw-p 00007000 08:03 21758075                   /lib/x86_64-linux-gnu/librt-2.15.so
7fb782879000-7fb78288e000 r-xp 00000000 08:03 21761542                   /lib/x86_64-linux-gnu/libgcc_s.so.1
7fb78288e000-7fb782a8d000 ---p 00015000 08:03 21761542                   /lib/x86_64-linux-gnu/libgcc_s.so.1
7fb782a8d000-7fb782a8e000 r--p 00014000 08:03 21761542                   /lib/x86_64-linux-gnu/libgcc_s.so.1
7fb782a8e000-7fb782a8f000 rw-p 00015000 08:03 21761542                   /lib/x86_64-linux-gnu/libgcc_s.so.1
7fb782a8f000-7fb782b88000 r-xp 00000000 08:03 21758079                   /lib/x86_64-linux-gnu/libm-2.15.so
7fb782b88000-7fb782d87000 ---p 000f9000 08:03 21758079                   /lib/x86_64-linux-gnu/libm-2.15.so
7fb782d87000-7fb782d88000 r--p 000f8000 08:03 21758079                   /lib/x86_64-linux-gnu/libm-2.15.so
7fb782d88000-7fb782d89000 rw-p 000f9000 08:03 21758079                   /lib/x86_64-linux-gnu/libm-2.15.so
7fb782d89000-7fb782e6b000 r-xp 00000000 08:03 18488773                   /usr/lib/x86_64-linux-gnu/libstdc++.so.6.0.16
7fb782e6b000-7fb78306a000 ---p 000e2000 08:03 18488773                   /usr/lib/x86_64-linux-gnu/libstdc++.so.6.0.16
7fb78306a000-7fb783072000 r--p 000e1000 08:03 18488773                   /usr/lib/x86_64-linux-gnu/libstdc++.so.6.0.16
7fb783072000-7fb783074000 rw-p 000e9000 08:03 18488773                   /usr/lib/x86_64-linux-gnu/libstdc++.so.6.0.16
7fb783074000-7fb783089000 rw-p 00000000 00:00 0 
7fb783089000-7fb78398d000 r-xp 00000000 08:03 18618878                   /usr/lib/jvm/java-6-openjdk-amd64/jre/lib/amd64/server/libjvm.so
7fb78398d000-7fb783b8d000 ---p 00904000 08:03 18618878                   /usr/lib/jvm/java-6-openjdk-amd64/jre/lib/amd64/server/libjvm.so
7fb783b8d000-7fb783c0d000 r--p 00904000 08:03 18618878                   /usr/lib/jvm/java-6-openjdk-amd64/jre/lib/amd64/server/libjvm.so
7fb783c0d000-7fb783c28000 rw-p 00984000 08:03 18618878                   /usr/lib/jvm/java-6-openjdk-amd64/jre/lib/amd64/server/libjvm.so
7fb783c28000-7fb783c51000 rw-p 00000000 00:00 0 
7fb783c51000-7fb783c67000 r-xp 00000000 08:03 21761632                   /lib/x86_64-linux-gnu/libz.so.1.2.3.4
7fb783c67000-7fb783e66000 ---p 00016000 08:03 21761632                   /lib/x86_64-linux-gnu/libz.so.1.2.3.4
7fb783e66000-7fb783e67000 r--p 00015000 08:03 21761632                   /lib/x86_64-linux-gnu/libz.so.1.2.3.4
7fb783e67000-7fb783e68000 rw-p 00016000 08:03 21761632                   /lib/x86_64-linux-gnu/libz.so.1.2.3.4
7fb783e68000-7fb78401d000 r-xp 00000000 08:03 21757975                   /lib/x86_64-linux-gnu/libc-2.15.so
7fb78401d000-7fb78421c000 ---p 001b5000 08:03 21757975                   /lib/x86_64-linux-gnu/libc-2.15.so
7fb78421c000-7fb784220000 r--p 001b4000 08:03 21757975                   /lib/x86_64-linux-gnu/libc-2.15.so
7fb784220000-7fb784222000 rw-p 001b8000 08:03 21757975                   /lib/x86_64-linux-gnu/libc-2.15.so
7fb784222000-7fb784227000 rw-p 00000000 00:00 0 
7fb784227000-7fb784229000 r-xp 00000000 08:03 21757964                   /lib/x86_64-linux-gnu/libdl-2.15.so
7fb784229000-7fb784429000 ---p 00002000 08:03 21757964                   /lib/x86_64-linux-gnu/libdl-2.15.so
7fb784429000-7fb78442a000 r--p 00002000 08:03 21757964                   /lib/x86_64-linux-gnu/libdl-2.15.so
7fb78442a000-7fb78442b000 rw-p 00003000 08:03 21757964                   /lib/x86_64-linux-gnu/libdl-2.15.so
7fb78442b000-7fb78442f000 r-xp 00000000 08:03 18618855                   /usr/lib/jvm/java-6-openjdk-amd64/jre/lib/amd64/jli/libjli.so
7fb78442f000-7fb78462e000 ---p 00004000 08:03 18618855                   /usr/lib/jvm/java-6-openjdk-amd64/jre/lib/amd64/jli/libjli.so
7fb78462e000-7fb78462f000 r--p 00003000 08:03 18618855                   /usr/lib/jvm/java-6-openjdk-amd64/jre/lib/amd64/jli/libjli.so
7fb78462f000-7fb784630000 rw-p 00004000 08:03 18618855                   /usr/lib/jvm/java-6-openjdk-amd64/jre/lib/amd64/jli/libjli.so
7fb784630000-7fb784648000 r-xp 00000000 08:03 21758073                   /lib/x86_64-linux-gnu/libpthread-2.15.so
7fb784648000-7fb784847000 ---p 00018000 08:03 21758073                   /lib/x86_64-linux-gnu/libpthread-2.15.so
7fb784847000-7fb784848000 r--p 00017000 08:03 21758073                   /lib/x86_64-linux-gnu/libpthread-2.15.so
7fb784848000-7fb784849000 rw-p 00018000 08:03 21758073                   /lib/x86_64-linux-gnu/libpthread-2.15.so
7fb784849000-7fb78484d000 rw-p 00000000 00:00 0 
7fb78484d000-7fb78486f000 r-xp 00000000 08:03 21758085                   /lib/x86_64-linux-gnu/ld-2.15.so
7fb78486f000-7fb784870000 r--s 00001000 08:03 15598499                   /home/arwilczek90/workspace/Elements/lib/slick/lib/jnlp.jar
7fb784870000-7fb784871000 rw-s 00005000 00:05 10225                      /dev/ati/card0
7fb784871000-7fb784872000 r--s 00000000 08:03 19927134                   /var/cache/fontconfig/e7071f4a29fa870f4323321c154eba04-le64.cache-3
7fb784872000-7fb784875000 r--s 00000000 08:03 19927112                   /var/cache/fontconfig/385c0604a188198f04d133e54aba7fe7-le64.cache-3
7fb784875000-7fb784878000 r--s 00000000 08:03 19927121                   /var/cache/fontconfig/8801497958630a81b71ace7c5f9b32a8-le64.cache-3
7fb784878000-7fb78487d000 r--s 00000000 08:03 19927110                   /var/cache/fontconfig/3047814df9a2f067bd2d96a2b9c36e5a-le64.cache-3
7fb78487d000-7fb78488d000 r--s 00000000 08:03 19927130                   /var/cache/fontconfig/d52a8644073d54c13679302ca1180695-le64.cache-3
7fb78488d000-7fb784897000 rw-p 00000000 00:00 0 
7fb784897000-7fb78494d000 rw-p 00000000 00:00 0 
7fb78494d000-7fb784950000 ---p 00000000 00:00 0 
7fb784950000-7fb784a53000 rw-p 00000000 00:00 0 
7fb784a53000-7fb784a54000 r--s 00000000 08:03 19927107                   /var/cache/fontconfig/0d8c3b2ac0904cb8a57a757ad11a4a08-le64.cache-3
7fb784a54000-7fb784a55000 r--s 00000000 08:03 19927113                   /var/cache/fontconfig/4794a0821666d79190d59a36cb4f44b5-le64.cache-3
7fb784a55000-7fb784a56000 r--s 00000000 08:03 19927115                   /var/cache/fontconfig/56cf4f4769d0f4abc89a4895d7bd3ae1-le64.cache-3
7fb784a56000-7fb784a57000 r--s 00000000 08:03 19927126                   /var/cache/fontconfig/b9d506c9ac06c20b433354fa67a72993-le64.cache-3
7fb784a57000-7fb784a5c000 r--s 00000000 08:03 19927125                   /var/cache/fontconfig/b47c4e1ecd0709278f4910c18777a504-le64.cache-3
7fb784a5c000-7fb784a5f000 r--s 00000000 08:03 19927196                   /var/cache/fontconfig/e13b20fdb08344e0e664864cc2ede53d-le64.cache-3
7fb784a5f000-7fb784a63000 r--s 00000000 08:03 19927452                   /var/cache/fontconfig/7ef2298fde41cc6eeb7af42e48b7d293-le64.cache-3
7fb784a63000-7fb784a6b000 rw-s 00000000 08:03 8126514                    /tmp/hsperfdata_arwilczek90/17315 (deleted)
7fb784a6b000-7fb784a6c000 rw-p 00000000 00:00 0 
7fb784a6c000-7fb784a6d000 ---p 00000000 00:00 0 
7fb784a6d000-7fb784a6f000 rw-p 00000000 00:00 0 
7fb784a6f000-7fb784a70000 r--p 00022000 08:03 21758085                   /lib/x86_64-linux-gnu/ld-2.15.so
7fb784a70000-7fb784a72000 rw-p 00023000 08:03 21758085                   /lib/x86_64-linux-gnu/ld-2.15.so
7ffff01e0000-7ffff0201000 rw-p 00000000 00:00 0                          [stack]
7ffff03e0000-7ffff03e1000 r-xp 00000000 00:00 0                          [vdso]
ffffffffff600000-ffffffffff601000 r-xp 00000000 00:00 0                  [vsyscall]

VM Arguments:
jvm_args: -Djava.library.path=/home/arwilczek90/workspace/Elements/lib/slick:/home/arwilczek90/workspace/Elements/lib/slick -Dfile.encoding=UTF-8 
java_command: com.hack.elements.view.Main
Launcher Type: SUN_STANDARD

Environment Variables:
PATH=/usr/lib/lightdm/lightdm:/usr/local/sbin:/usr/local/bin:/usr/sbin:/usr/bin:/sbin:/bin:/usr/games
LD_LIBRARY_PATH=/usr/lib/jvm/java-6-openjdk-amd64/jre/lib/amd64/server:/usr/lib/jvm/java-6-openjdk-amd64/jre/lib/amd64:/usr/lib/jvm/java-6-openjdk-amd64/jre/../lib/amd64
SHELL=/bin/bash
DISPLAY=:0.0

Signal Handlers:
SIGSEGV: [libjvm.so+0x784310], sa_mask[0]=0x7ffbfeff, sa_flags=0x10000004
SIGBUS: [libjvm.so+0x784310], sa_mask[0]=0x7ffbfeff, sa_flags=0x10000004
SIGFPE: [libjvm.so+0x648580], sa_mask[0]=0x7ffbfeff, sa_flags=0x10000004
SIGPIPE: [libjvm.so+0x648580], sa_mask[0]=0x7ffbfeff, sa_flags=0x10000004
SIGXFSZ: [libjvm.so+0x648580], sa_mask[0]=0x7ffbfeff, sa_flags=0x10000004
SIGILL: [libjvm.so+0x648580], sa_mask[0]=0x7ffbfeff, sa_flags=0x10000004
SIGUSR1: SIG_DFL, sa_mask[0]=0x00000000, sa_flags=0x00000000
SIGUSR2: [libjvm.so+0x648730], sa_mask[0]=0x00000004, sa_flags=0x10000004
SIGHUP: [libjvm.so+0x64b250], sa_mask[0]=0x7ffbfeff, sa_flags=0x10000004
SIGINT: [libjvm.so+0x64b250], sa_mask[0]=0x7ffbfeff, sa_flags=0x10000004
SIGTERM: [libjvm.so+0x64b250], sa_mask[0]=0x7ffbfeff, sa_flags=0x10000004
SIGQUIT: [libjvm.so+0x64b250], sa_mask[0]=0x7ffbfeff, sa_flags=0x10000004


---------------  S Y S T E M  ---------------

OS:Ubuntu 12.04 (precise)
uname:Linux 3.2.0-32-generic #51-Ubuntu SMP Wed Sep 26 21:33:09 UTC 2012 x86_64
libc:glibc 2.15 NPTL 2.15 
rlimit: STACK 8192k, CORE 0k, NPROC 59545, NOFILE 4096, AS infinity
load average:0.56 0.50 0.62

/proc/meminfo:
MemTotal:        7639648 kB
MemFree:         4020428 kB
Buffers:          126504 kB
Cached:          1219940 kB
SwapCached:            0 kB
Active:          2381960 kB
Inactive:         748584 kB
Active(anon):    1784568 kB
Inactive(anon):    15448 kB
Active(file):     597392 kB
Inactive(file):   733136 kB
Unevictable:          20 kB
Mlocked:              20 kB
SwapTotal:       3818492 kB
SwapFree:        3818492 kB
Dirty:               612 kB
Writeback:             0 kB
AnonPages:       1784184 kB
Mapped:           317624 kB
Shmem:             15916 kB
Slab:             106352 kB
SReclaimable:      75780 kB
SUnreclaim:        30572 kB
KernelStack:        4080 kB
PageTables:        34184 kB
NFS_Unstable:          0 kB
Bounce:                0 kB
WritebackTmp:          0 kB
CommitLimit:     7638316 kB
Committed_AS:    4223704 kB
VmallocTotal:   34359738367 kB
VmallocUsed:      116912 kB
VmallocChunk:   34359619344 kB
HardwareCorrupted:     0 kB
AnonHugePages:         0 kB
HugePages_Total:       0
HugePages_Free:        0
HugePages_Rsvd:        0
HugePages_Surp:        0
Hugepagesize:       2048 kB
DirectMap4k:      329728 kB
DirectMap2M:     5416960 kB
DirectMap1G:     2097152 kB


CPU:total 4 (4 cores per cpu, 1 threads per core) family 18 model 1 stepping 0, cmov, cx8, fxsr, mmx, sse, sse2, sse3, popcnt, mmxext, 3dnowpref, lzcnt, sse4a

Memory: 4k page, physical 7639648k(4020428k free), swap 3818492k(3818492k free)

vm_info: OpenJDK 64-Bit Server VM (20.0-b12) for linux-amd64 JRE (1.6.0_24-b24), built on Sep  2 2012 19:50:47 by "buildd" with gcc 4.6.3

time: Sat Oct 13 22:27:34 2012
elapsed time: 5 seconds

