#
# A fatal error has been detected by the Java Runtime Environment:
#
#  SIGSEGV (0xb) at pc=0x00007f9e9addec58, pid=20082, tid=140319273674496
#
# JRE version: 6.0_24-b24
# Java VM: OpenJDK 64-Bit Server VM (20.0-b12 mixed mode linux-amd64 compressed oops)
# Derivative: IcedTea6 1.11.4
# Distribution: Ubuntu 12.04 LTS, package 6b24-1.11.4-1ubuntu0.12.04.1
# Problematic frame:
# C  [libX11.so.6+0x33c58]  XQueryExtension+0x28
#
# If you would like to submit a bug report, please include
# instructions how to reproduce the bug and visit:
#   https://bugs.launchpad.net/ubuntu/+source/openjdk-6/
#

---------------  T H R E A D  ---------------

Current thread (0x00007f9ea4070000):  VMThread [stack: 0x00007f9ea0666000,0x00007f9ea0767000] [id=20092]

siginfo:si_signo=SIGSEGV: si_errno=0, si_code=1 (SEGV_MAPERR), si_addr=0xffffffffa422a618

Registers:
RAX=0x00007f9e880008c0, RBX=0xffffffffa4229cb0, RCX=0x00007f9ea07656d8, RDX=0x00007f9ea07656d4
RSP=0x00007f9ea0765670, RBP=0x00007f9e98d5c932, RSI=0x00007f9e98d5c932, RDI=0xffffffffa4229cb0
R8 =0x00007f9ea07656dc, R9 =0x0000000000000000, R10=0x00007f9eab3e5fa8, R11=0x00007f9eab065ca0
R12=0x0000000000000000, R13=0x00007f9e98d5c932, R14=0x00007f9e880008c0, R15=0x0000000000000000
RIP=0x00007f9e9addec58, EFLAGS=0x0000000000010202, CSGSFS=0x0000000000000033, ERR=0x0000000000000005
  TRAPNO=0x000000000000000e

Top of Stack: (sp=0x00007f9ea0765670)
0x00007f9ea0765670:   00007f9eab038790 00007f9eabc149e8
0x00007f9ea0765680:   00007f9ea109edc0 00007f9ea109ee20
0x00007f9ea0765690:   00000000ffffffff ffffffffa4229cb0
0x00007f9ea07656a0:   00007f9e98d5c932 0000000000000000
0x00007f9ea07656b0:   00007f9e98d5c932 00007f9e880008c0
0x00007f9ea07656c0:   0000000000000000 00007f9e9add2c55
0x00007f9ea07656d0:   00007f9eabc32048 00007f9e98e95520
0x00007f9ea07656e0:   00007f9e98e95520 ffffffffa4229cb0
0x00007f9ea07656f0:   00007f9ea419e720 00007f9e9b0ec02b
0x00007f9ea0765700:   00007f9eab038790 000000110000002c
0x00007f9ea0765710:   00007f9ea0765790 0000000000000000
0x00007f9ea0765720:   00007f9ea0765790 ffffffffa4229cb0
0x00007f9ea0765730:   0000000000000000 00007f9eabc32048
0x00007f9ea0765740:   00007f9e98eaed50 00007f9e98d03119
0x00007f9ea0765750:   0000000000000000 000000000000002c
0x00007f9ea0765760:   00007f9ea0765790 00007f9ea07657b0
0x00007f9ea0765770:   0000000000000000 00007f9eabc32048
0x00007f9ea0765780:   00007f9ea4229810 00007f9e98cf9b42
0x00007f9ea0765790:   00007f9ea0765980 00007f9e98d5c8b1
0x00007f9ea07657a0:   00007f9ea0765980 00007f9eaba1e92d
0x00007f9ea07657b0:   00007f9eabc332c8 00007f9eabc33858
0x00007f9ea07657c0:   00007f9eabc14000 00007f9ea4006a00
0x00007f9ea07657d0:   00007f9ea4007510 00007f9ea4006eb0
0x00007f9ea07657e0:   00007f9ea4007a10 00007f9ea400c6f0
0x00007f9ea07657f0:   00007f9ea413d220 00007f9ea413d700
0x00007f9ea0765800:   00007f9eabc13000 00007f9ea42263c0
0x00007f9ea0765810:   00007f9ea421eec0 00007f9ea421f360
0x00007f9ea0765820:   00007f9ea4226890 00007f9ea4226d30
0x00007f9ea0765830:   00007f9ea42271d0 00007f9ea40fbcf0
0x00007f9ea0765840:   00007f9ea40fb820 00007f9ea40025e0
0x00007f9ea0765850:   00007f9ea4001ec0 00000000008c75f0
0x00007f9ea0765860:   00000000008c7b60 00000000008c8570 

Instructions: (pc=0x00007f9e9addec58)
0x00007f9e9addec38:   24 d8 48 89 fb 4c 89 64 24 e0 4c 89 6c 24 e8 48
0x00007f9e9addec48:   89 f5 4c 89 74 24 f0 4c 89 7c 24 f8 48 83 ec 58
0x00007f9e9addec58:   48 8b 87 68 09 00 00 49 89 d4 49 89 cd 4d 89 c6
0x00007f9e9addec68:   48 85 c0 74 02 ff 10 ba 08 00 00 00 be 62 00 00 

Register to memory mapping:

RAX=0x00007f9e880008c0 is an unknown value
RBX=0xffffffffa4229cb0 is an unknown value
RCX=0x00007f9ea07656d8 is an unknown value
RDX=0x00007f9ea07656d4 is an unknown value
RSP=0x00007f9ea0765670 is an unknown value
RBP=0x00007f9e98d5c932: <offset 0x96932> in /usr/lib/fglrx/libGL.so.1 at 0x00007f9e98cc6000
RSI=0x00007f9e98d5c932: <offset 0x96932> in /usr/lib/fglrx/libGL.so.1 at 0x00007f9e98cc6000
RDI=0xffffffffa4229cb0 is an unknown value
R8 =0x00007f9ea07656dc is an unknown value
R9 =0x0000000000000000 is an unknown value
R10=0x00007f9eab3e5fa8: <offset 0x3bbfa8> in /lib/x86_64-linux-gnu/libc.so.6 at 0x00007f9eab02a000
R11=0x00007f9eab065ca0: __cxa_finalize+0 in /lib/x86_64-linux-gnu/libc.so.6 at 0x00007f9eab02a000
R12=0x0000000000000000 is an unknown value
R13=0x00007f9e98d5c932: <offset 0x96932> in /usr/lib/fglrx/libGL.so.1 at 0x00007f9e98cc6000
R14=0x00007f9e880008c0 is an unknown value
R15=0x0000000000000000 is an unknown value


Stack: [0x00007f9ea0666000,0x00007f9ea0767000],  sp=0x00007f9ea0765670,  free space=1021k
Native frames: (J=compiled Java code, j=interpreted, Vv=VM code, C=native code)
C  [libX11.so.6+0x33c58]  XQueryExtension+0x28

VM_Operation (0x00007f9eabc0e680): Exit, mode: safepoint, requested by thread 0x00007f9ea4008800


---------------  P R O C E S S  ---------------

Java Threads: ( => current thread )
  0x00007f9ea4af0000 JavaThread "Thread-2" daemon [_thread_blocked, id=20103, stack(0x00007f9e91c31000,0x00007f9e91d32000)]
  0x00007f9ea4226000 JavaThread "AWT-XAWT" daemon [_thread_in_native, id=20102, stack(0x00007f9e99621000,0x00007f9e99722000)]
  0x00007f9ea4169000 JavaThread "Java2D Disposer" daemon [_thread_blocked, id=20101, stack(0x00007f9e99b8c000,0x00007f9e99c8d000)]
  0x00007f9ea409e800 JavaThread "Low Memory Detector" daemon [_thread_blocked, id=20098, stack(0x00007f9ea0060000,0x00007f9ea0161000)]
  0x00007f9ea409c000 JavaThread "C2 CompilerThread1" daemon [_thread_blocked, id=20097, stack(0x00007f9ea0161000,0x00007f9ea0262000)]
  0x00007f9ea4099800 JavaThread "C2 CompilerThread0" daemon [_thread_blocked, id=20096, stack(0x00007f9ea0262000,0x00007f9ea0363000)]
  0x00007f9ea4098000 JavaThread "Signal Dispatcher" daemon [_thread_blocked, id=20095, stack(0x00007f9ea0363000,0x00007f9ea0464000)]
  0x00007f9ea4079000 JavaThread "Finalizer" daemon [_thread_blocked, id=20094, stack(0x00007f9ea0464000,0x00007f9ea0565000)]
  0x00007f9ea4077000 JavaThread "Reference Handler" daemon [_thread_blocked, id=20093, stack(0x00007f9ea0565000,0x00007f9ea0666000)]
  0x00007f9ea4008800 JavaThread "main" [_thread_blocked, id=20087, stack(0x00007f9eabb0f000,0x00007f9eabc10000)]

Other Threads:
=>0x00007f9ea4070000 VMThread [stack: 0x00007f9ea0666000,0x00007f9ea0767000] [id=20092]

VM state:at safepoint (shutting down)

VM Mutex/Monitor currently owned by a thread:  ([mutex/lock_event])
[0x00007f9ea4004dd0] Threads_lock - owner thread: 0x00007f9ea4070000

Heap
 PSYoungGen      total 34880K, used 8593K [0x00000000d9200000, 0x00000000db8e0000, 0x0000000100000000)
  eden space 29952K, 28% used [0x00000000d9200000,0x00000000d9a64588,0x00000000daf40000)
  from space 4928K, 0% used [0x00000000db410000,0x00000000db410000,0x00000000db8e0000)
  to   space 4928K, 0% used [0x00000000daf40000,0x00000000daf40000,0x00000000db410000)
 PSOldGen        total 79616K, used 0K [0x000000008b600000, 0x00000000903c0000, 0x00000000d9200000)
  object space 79616K, 0% used [0x000000008b600000,0x000000008b600000,0x00000000903c0000)
 PSPermGen       total 21248K, used 11325K [0x0000000081000000, 0x00000000824c0000, 0x000000008b600000)
  object space 21248K, 53% used [0x0000000081000000,0x0000000081b0f7d0,0x00000000824c0000)

Code Cache  [0x00007f9ea1000000, 0x00007f9ea1270000, 0x00007f9ea4000000)
 total_blobs=569 nmethods=84 adapters=439 free_code_cache=49625728 largest_free_block=6208

Dynamic libraries:
00400000-00409000 r-xp 00000000 08:03 18618890                           /usr/lib/jvm/java-6-openjdk-amd64/jre/bin/java
00608000-00609000 r--p 00008000 08:03 18618890                           /usr/lib/jvm/java-6-openjdk-amd64/jre/bin/java
00609000-0060a000 rw-p 00009000 08:03 18618890                           /usr/lib/jvm/java-6-openjdk-amd64/jre/bin/java
008c7000-008e8000 rw-p 00000000 00:00 0                                  [heap]
81000000-824c0000 rw-p 00000000 00:00 0 
824c0000-8b600000 rw-p 00000000 00:00 0 
8b600000-903c0000 rw-p 00000000 00:00 0 
903c0000-d9200000 rw-p 00000000 00:00 0 
d9200000-db8e0000 rw-p 00000000 00:00 0 
db8e0000-100000000 rw-p 00000000 00:00 0 
7f9e54000000-7f9e54021000 rw-p 00000000 00:00 0 
7f9e54021000-7f9e58000000 ---p 00000000 00:00 0 
7f9e58000000-7f9e58021000 rw-p 00000000 00:00 0 
7f9e58021000-7f9e5c000000 ---p 00000000 00:00 0 
7f9e5c000000-7f9e5c021000 rw-p 00000000 00:00 0 
7f9e5c021000-7f9e60000000 ---p 00000000 00:00 0 
7f9e60000000-7f9e60021000 rw-p 00000000 00:00 0 
7f9e60021000-7f9e64000000 ---p 00000000 00:00 0 
7f9e64000000-7f9e64021000 rw-p 00000000 00:00 0 
7f9e64021000-7f9e68000000 ---p 00000000 00:00 0 
7f9e68000000-7f9e68021000 rw-p 00000000 00:00 0 
7f9e68021000-7f9e6c000000 ---p 00000000 00:00 0 
7f9e6c000000-7f9e6c175000 rw-p 00000000 00:00 0 
7f9e6c175000-7f9e70000000 ---p 00000000 00:00 0 
7f9e70000000-7f9e70021000 rw-p 00000000 00:00 0 
7f9e70021000-7f9e74000000 ---p 00000000 00:00 0 
7f9e74000000-7f9e74021000 rw-p 00000000 00:00 0 
7f9e74021000-7f9e78000000 ---p 00000000 00:00 0 
7f9e78000000-7f9e781c8000 rw-p 00000000 00:00 0 
7f9e781c8000-7f9e7c000000 ---p 00000000 00:00 0 
7f9e7c000000-7f9e7c021000 rw-p 00000000 00:00 0 
7f9e7c021000-7f9e80000000 ---p 00000000 00:00 0 
7f9e80000000-7f9e80021000 rw-p 00000000 00:00 0 
7f9e80021000-7f9e84000000 ---p 00000000 00:00 0 
7f9e84000000-7f9e84021000 rw-p 00000000 00:00 0 
7f9e84021000-7f9e88000000 ---p 00000000 00:00 0 
7f9e88000000-7f9e88021000 rw-p 00000000 00:00 0 
7f9e88021000-7f9e8c000000 ---p 00000000 00:00 0 
7f9e8c000000-7f9e8c021000 rw-p 00000000 00:00 0 
7f9e8c021000-7f9e90000000 ---p 00000000 00:00 0 
7f9e91428000-7f9e9142b000 ---p 00000000 00:00 0 
7f9e9142b000-7f9e9172b000 rw-p 00000000 00:00 0 
7f9e9182b000-7f9e9182e000 ---p 00000000 00:00 0 
7f9e9182e000-7f9e91b2e000 rw-p 00000000 00:00 0 
7f9e91b2e000-7f9e91b31000 r-xp 00000000 08:03 15602613                   /home/arwilczek90/workspace/Elements/lib/slick/libjinput-linux64.so
7f9e91b31000-7f9e91c30000 ---p 00003000 08:03 15602613                   /home/arwilczek90/workspace/Elements/lib/slick/libjinput-linux64.so
7f9e91c30000-7f9e91c31000 rw-p 00002000 08:03 15602613                   /home/arwilczek90/workspace/Elements/lib/slick/libjinput-linux64.so
7f9e91c31000-7f9e91c34000 ---p 00000000 00:00 0 
7f9e91c34000-7f9e91d32000 rw-p 00000000 00:00 0 
7f9e91d32000-7f9e93c8c000 r-xp 00000000 08:03 19009510                   /usr/lib/fglrx/dri/fglrx_dri.so
7f9e93c8c000-7f9e93d8c000 ---p 01f5a000 08:03 19009510                   /usr/lib/fglrx/dri/fglrx_dri.so
7f9e93d8c000-7f9e93eda000 rwxp 01f5a000 08:03 19009510                   /usr/lib/fglrx/dri/fglrx_dri.so
7f9e93eda000-7f9e94000000 rwxp 00000000 00:00 0 
7f9e94000000-7f9e94021000 rw-p 00000000 00:00 0 
7f9e94021000-7f9e98000000 ---p 00000000 00:00 0 
7f9e980c0000-7f9e980c5000 r--s 0002f000 08:03 15598498                   /home/arwilczek90/workspace/Elements/lib/slick/lib/jinput.jar
7f9e980c5000-7f9e980c7000 r--s 00008000 08:03 15598497                   /home/arwilczek90/workspace/Elements/lib/slick/lib/ibxm.jar
7f9e980c7000-7f9e980ca000 r--s 0005b000 08:03 15598496                   /home/arwilczek90/workspace/Elements/lib/slick/lib/hiero.jar
7f9e980ca000-7f9e980cb000 r--s 00007000 08:03 15597697                   /home/arwilczek90/workspace/Elements/lib/slick/applet/lwjgl_util_applet.jar
7f9e9810b000-7f9e9880b000 rw-s 00006000 00:05 10225                      /dev/ati/card0
7f9e9880b000-7f9e9880d000 r-xp 00000000 08:03 18488267                   /usr/lib/x86_64-linux-gnu/libXinerama.so.1.0.0
7f9e9880d000-7f9e98a0c000 ---p 00002000 08:03 18488267                   /usr/lib/x86_64-linux-gnu/libXinerama.so.1.0.0
7f9e98a0c000-7f9e98a0d000 r--p 00001000 08:03 18488267                   /usr/lib/x86_64-linux-gnu/libXinerama.so.1.0.0
7f9e98a0d000-7f9e98a0e000 rw-p 00002000 08:03 18488267                   /usr/lib/x86_64-linux-gnu/libXinerama.so.1.0.0
7f9e98a0e000-7f9e98a49000 r-xp 00000000 08:03 19009508                   /usr/lib/fglrx/libatiadlxx.so
7f9e98a49000-7f9e98b49000 ---p 0003b000 08:03 19009508                   /usr/lib/fglrx/libatiadlxx.so
7f9e98b49000-7f9e98b52000 rw-p 0003b000 08:03 19009508                   /usr/lib/fglrx/libatiadlxx.so
7f9e98b52000-7f9e98b63000 rw-p 00000000 00:00 0 
7f9e98b7d000-7f9e98bbd000 rw-s f0300000 00:05 10225                      /dev/ati/card0
7f9e98bbd000-7f9e98bc4000 r-xp 00000000 08:03 19009532                   /usr/lib/fglrx/libatiuki.so.1.0
7f9e98bc4000-7f9e98cc4000 ---p 00007000 08:03 19009532                   /usr/lib/fglrx/libatiuki.so.1.0
7f9e98cc4000-7f9e98cc5000 rw-p 00007000 08:03 19009532                   /usr/lib/fglrx/libatiuki.so.1.0
7f9e98cc5000-7f9e98cc6000 rw-p 00000000 00:00 0 
7f9e98cc6000-7f9e98d89000 r-xp 00000000 08:03 19009512                   /usr/lib/fglrx/libGL.so.1.2
7f9e98d89000-7f9e98e88000 ---p 000c3000 08:03 19009512                   /usr/lib/fglrx/libGL.so.1.2
7f9e98e88000-7f9e98eaf000 rwxp 000c2000 08:03 19009512                   /usr/lib/fglrx/libGL.so.1.2
7f9e98eaf000-7f9e98ecf000 rwxp 00000000 00:00 0 
7f9e98ecf000-7f9e98ed0000 r-xp 00000000 08:03 18618886                   /usr/lib/jvm/java-6-openjdk-amd64/jre/lib/amd64/libjawt.so
7f9e98ed0000-7f9e990cf000 ---p 00001000 08:03 18618886                   /usr/lib/jvm/java-6-openjdk-amd64/jre/lib/amd64/libjawt.so
7f9e990cf000-7f9e990d0000 r--p 00000000 08:03 18618886                   /usr/lib/jvm/java-6-openjdk-amd64/jre/lib/amd64/libjawt.so
7f9e990d0000-7f9e990d1000 rw-p 00001000 08:03 18618886                   /usr/lib/jvm/java-6-openjdk-amd64/jre/lib/amd64/libjawt.so
7f9e990d1000-7f9e990d5000 r-xp 00000000 08:03 18488287                   /usr/lib/x86_64-linux-gnu/libXxf86vm.so.1.0.0
7f9e990d5000-7f9e992d4000 ---p 00004000 08:03 18488287                   /usr/lib/x86_64-linux-gnu/libXxf86vm.so.1.0.0
7f9e992d4000-7f9e992d5000 r--p 00003000 08:03 18488287                   /usr/lib/x86_64-linux-gnu/libXxf86vm.so.1.0.0
7f9e992d5000-7f9e992d6000 rw-p 00004000 08:03 18488287                   /usr/lib/x86_64-linux-gnu/libXxf86vm.so.1.0.0
7f9e992d6000-7f9e992de000 r-xp 00000000 08:03 18488277                   /usr/lib/x86_64-linux-gnu/libXrandr.so.2.2.0
7f9e992de000-7f9e994dd000 ---p 00008000 08:03 18488277                   /usr/lib/x86_64-linux-gnu/libXrandr.so.2.2.0
7f9e994dd000-7f9e994de000 r--p 00007000 08:03 18488277                   /usr/lib/x86_64-linux-gnu/libXrandr.so.2.2.0
7f9e994de000-7f9e994df000 rw-p 00008000 08:03 18488277                   /usr/lib/x86_64-linux-gnu/libXrandr.so.2.2.0
7f9e994df000-7f9e9951f000 r-xp 00000000 08:03 15602617                   /home/arwilczek90/workspace/Elements/lib/slick/liblwjgl64.so
7f9e9951f000-7f9e9961f000 ---p 00040000 08:03 15602617                   /home/arwilczek90/workspace/Elements/lib/slick/liblwjgl64.so
7f9e9961f000-7f9e99621000 rw-p 00040000 08:03 15602617                   /home/arwilczek90/workspace/Elements/lib/slick/liblwjgl64.so
7f9e99621000-7f9e99624000 ---p 00000000 00:00 0 
7f9e99624000-7f9e99722000 rw-p 00000000 00:00 0 
7f9e99722000-7f9e99723000 r--s 00000000 08:03 19927127                   /var/cache/fontconfig/c05880de57d1f5e948fdfacc138775d9-le64.cache-3
7f9e99723000-7f9e9972c000 r--s 00000000 08:03 19927122                   /var/cache/fontconfig/945677eb7aeaf62f1d50efc3fb3ec7d8-le64.cache-3
7f9e9973f000-7f9e99741000 r--s 00015000 08:03 15598514                   /home/arwilczek90/workspace/Elements/lib/slick/lib/tinylinepp.jar
7f9e99741000-7f9e99744000 r--s 00015000 08:03 15598512                   /home/arwilczek90/workspace/Elements/lib/slick/lib/slick-util.jar
7f9e99744000-7f9e9974c000 r--s 00067000 08:03 15598510                   /home/arwilczek90/workspace/Elements/lib/slick/lib/slick-sources.jar
7f9e9974c000-7f9e9974d000 r--s 00000000 08:03 15598509                   /home/arwilczek90/workspace/Elements/lib/slick/lib/slick-examples.jar
7f9e9974d000-7f9e99750000 r--s 00017000 08:03 15598507                   /home/arwilczek90/workspace/Elements/lib/slick/lib/pedigree.jar
7f9e99750000-7f9e9975b000 r--s 00093000 08:03 15598513                   /home/arwilczek90/workspace/Elements/lib/slick/lib/slick.jar
7f9e9975b000-7f9e99760000 r-xp 00000000 08:03 18488261                   /usr/lib/x86_64-linux-gnu/libXfixes.so.3.1.0
7f9e99760000-7f9e9995f000 ---p 00005000 08:03 18488261                   /usr/lib/x86_64-linux-gnu/libXfixes.so.3.1.0
7f9e9995f000-7f9e99960000 r--p 00004000 08:03 18488261                   /usr/lib/x86_64-linux-gnu/libXfixes.so.3.1.0
7f9e99960000-7f9e99961000 rw-p 00005000 08:03 18488261                   /usr/lib/x86_64-linux-gnu/libXfixes.so.3.1.0
7f9e99961000-7f9e9996a000 r-xp 00000000 08:03 18488253                   /usr/lib/x86_64-linux-gnu/libXcursor.so.1.0.2
7f9e9996a000-7f9e99b69000 ---p 00009000 08:03 18488253                   /usr/lib/x86_64-linux-gnu/libXcursor.so.1.0.2
7f9e99b69000-7f9e99b6a000 r--p 00008000 08:03 18488253                   /usr/lib/x86_64-linux-gnu/libXcursor.so.1.0.2
7f9e99b6a000-7f9e99b6b000 rw-p 00009000 08:03 18488253                   /usr/lib/x86_64-linux-gnu/libXcursor.so.1.0.2
7f9e99b6b000-7f9e99b6c000 r--s 00003000 08:03 15598508                   /home/arwilczek90/workspace/Elements/lib/slick/lib/scalar.jar
7f9e99b6c000-7f9e99b6e000 r--s 00004000 08:03 15598506                   /home/arwilczek90/workspace/Elements/lib/slick/lib/packulike.jar
7f9e99b6e000-7f9e99b6f000 r--s 00043000 08:03 15598505                   /home/arwilczek90/workspace/Elements/lib/slick/lib/natives-win32.jar
7f9e99b6f000-7f9e99b71000 r--s 00033000 08:03 15598504                   /home/arwilczek90/workspace/Elements/lib/slick/lib/natives-mac.jar
7f9e99b71000-7f9e99b78000 r--s 00073000 08:03 15598502                   /home/arwilczek90/workspace/Elements/lib/slick/lib/lwjgl.jar
7f9e99b78000-7f9e99b7a000 rw-s 00002000 00:05 10225                      /dev/ati/card0
7f9e99b7a000-7f9e99b85000 r--s 00093000 08:03 15597692                   /home/arwilczek90/workspace/Elements/lib/slick.jar
7f9e99b85000-7f9e99b8c000 r--s 000fb000 08:03 18618812                   /usr/lib/jvm/java-6-openjdk-common/jre/lib/resources.jar
7f9e99b8c000-7f9e99b8f000 ---p 00000000 00:00 0 
7f9e99b8f000-7f9e99c8d000 rw-p 00000000 00:00 0 
7f9e99c8d000-7f9e99d23000 r-xp 00000000 08:03 18488439                   /usr/lib/x86_64-linux-gnu/libfreetype.so.6.8.0
7f9e99d23000-7f9e99f22000 ---p 00096000 08:03 18488439                   /usr/lib/x86_64-linux-gnu/libfreetype.so.6.8.0
7f9e99f22000-7f9e99f28000 r--p 00095000 08:03 18488439                   /usr/lib/x86_64-linux-gnu/libfreetype.so.6.8.0
7f9e99f28000-7f9e99f29000 rw-p 0009b000 08:03 18488439                   /usr/lib/x86_64-linux-gnu/libfreetype.so.6.8.0
7f9e99f29000-7f9e99f63000 r-xp 00000000 08:03 18618871                   /usr/lib/jvm/java-6-openjdk-amd64/jre/lib/amd64/libfontmanager.so
7f9e99f63000-7f9e9a162000 ---p 0003a000 08:03 18618871                   /usr/lib/jvm/java-6-openjdk-amd64/jre/lib/amd64/libfontmanager.so
7f9e9a162000-7f9e9a164000 r--p 00039000 08:03 18618871                   /usr/lib/jvm/java-6-openjdk-amd64/jre/lib/amd64/libfontmanager.so
7f9e9a164000-7f9e9a165000 rw-p 0003b000 08:03 18618871                   /usr/lib/jvm/java-6-openjdk-amd64/jre/lib/amd64/libfontmanager.so
7f9e9a165000-7f9e9a16a000 r-xp 00000000 08:03 18488257                   /usr/lib/x86_64-linux-gnu/libXdmcp.so.6.0.0
7f9e9a16a000-7f9e9a369000 ---p 00005000 08:03 18488257                   /usr/lib/x86_64-linux-gnu/libXdmcp.so.6.0.0
7f9e9a369000-7f9e9a36a000 r--p 00004000 08:03 18488257                   /usr/lib/x86_64-linux-gnu/libXdmcp.so.6.0.0
7f9e9a36a000-7f9e9a36b000 rw-p 00005000 08:03 18488257                   /usr/lib/x86_64-linux-gnu/libXdmcp.so.6.0.0
7f9e9a36b000-7f9e9a36d000 r-xp 00000000 08:03 18488246                   /usr/lib/x86_64-linux-gnu/libXau.so.6.0.0
7f9e9a36d000-7f9e9a56c000 ---p 00002000 08:03 18488246                   /usr/lib/x86_64-linux-gnu/libXau.so.6.0.0
7f9e9a56c000-7f9e9a56d000 r--p 00001000 08:03 18488246                   /usr/lib/x86_64-linux-gnu/libXau.so.6.0.0
7f9e9a56d000-7f9e9a56e000 rw-p 00002000 08:03 18488246                   /usr/lib/x86_64-linux-gnu/libXau.so.6.0.0
7f9e9a56e000-7f9e9a58b000 r-xp 00000000 08:03 18488845                   /usr/lib/x86_64-linux-gnu/libxcb.so.1.1.0
7f9e9a58b000-7f9e9a78a000 ---p 0001d000 08:03 18488845                   /usr/lib/x86_64-linux-gnu/libxcb.so.1.1.0
7f9e9a78a000-7f9e9a78b000 r--p 0001c000 08:03 18488845                   /usr/lib/x86_64-linux-gnu/libxcb.so.1.1.0
7f9e9a78b000-7f9e9a78c000 rw-p 0001d000 08:03 18488845                   /usr/lib/x86_64-linux-gnu/libxcb.so.1.1.0
7f9e9a78c000-7f9e9a79a000 r-xp 00000000 08:03 18488265                   /usr/lib/x86_64-linux-gnu/libXi.so.6.1.0
7f9e9a79a000-7f9e9a999000 ---p 0000e000 08:03 18488265                   /usr/lib/x86_64-linux-gnu/libXi.so.6.1.0
7f9e9a999000-7f9e9a99a000 r--p 0000d000 08:03 18488265                   /usr/lib/x86_64-linux-gnu/libXi.so.6.1.0
7f9e9a99a000-7f9e9a99b000 rw-p 0000e000 08:03 18488265                   /usr/lib/x86_64-linux-gnu/libXi.so.6.1.0
7f9e9a99b000-7f9e9a9a0000 r-xp 00000000 08:03 18488283                   /usr/lib/x86_64-linux-gnu/libXtst.so.6.1.0
7f9e9a9a0000-7f9e9ab9f000 ---p 00005000 08:03 18488283                   /usr/lib/x86_64-linux-gnu/libXtst.so.6.1.0
7f9e9ab9f000-7f9e9aba0000 r--p 00004000 08:03 18488283                   /usr/lib/x86_64-linux-gnu/libXtst.so.6.1.0
7f9e9aba0000-7f9e9aba1000 rw-p 00005000 08:03 18488283                   /usr/lib/x86_64-linux-gnu/libXtst.so.6.1.0
7f9e9aba1000-7f9e9abaa000 r-xp 00000000 08:03 18488279                   /usr/lib/x86_64-linux-gnu/libXrender.so.1.3.0
7f9e9abaa000-7f9e9ada9000 ---p 00009000 08:03 18488279                   /usr/lib/x86_64-linux-gnu/libXrender.so.1.3.0
7f9e9ada9000-7f9e9adaa000 r--p 00008000 08:03 18488279                   /usr/lib/x86_64-linux-gnu/libXrender.so.1.3.0
7f9e9adaa000-7f9e9adab000 rw-p 00009000 08:03 18488279                   /usr/lib/x86_64-linux-gnu/libXrender.so.1.3.0
7f9e9adab000-7f9e9aeda000 r-xp 00000000 08:03 18488244                   /usr/lib/x86_64-linux-gnu/libX11.so.6.3.0
7f9e9aeda000-7f9e9b0da000 ---p 0012f000 08:03 18488244                   /usr/lib/x86_64-linux-gnu/libX11.so.6.3.0
7f9e9b0da000-7f9e9b0db000 r--p 0012f000 08:03 18488244                   /usr/lib/x86_64-linux-gnu/libX11.so.6.3.0
7f9e9b0db000-7f9e9b0df000 rw-p 00130000 08:03 18488244                   /usr/lib/x86_64-linux-gnu/libX11.so.6.3.0
7f9e9b0df000-7f9e9b0ef000 r-xp 00000000 08:03 18488259                   /usr/lib/x86_64-linux-gnu/libXext.so.6.4.0
7f9e9b0ef000-7f9e9b2ee000 ---p 00010000 08:03 18488259                   /usr/lib/x86_64-linux-gnu/libXext.so.6.4.0
7f9e9b2ee000-7f9e9b2ef000 r--p 0000f000 08:03 18488259                   /usr/lib/x86_64-linux-gnu/libXext.so.6.4.0
7f9e9b2ef000-7f9e9b2f0000 rw-p 00010000 08:03 18488259                   /usr/lib/x86_64-linux-gnu/libXext.so.6.4.0
7f9e9b2f0000-7f9e9b33b000 r-xp 00000000 08:03 18618972                   /usr/lib/jvm/java-6-openjdk-amd64/jre/lib/amd64/xawt/libmawt.so
7f9e9b33b000-7f9e9b53b000 ---p 0004b000 08:03 18618972                   /usr/lib/jvm/java-6-openjdk-amd64/jre/lib/amd64/xawt/libmawt.so
7f9e9b53b000-7f9e9b53c000 r--p 0004b000 08:03 18618972                   /usr/lib/jvm/java-6-openjdk-amd64/jre/lib/amd64/xawt/libmawt.so
7f9e9b53c000-7f9e9b53f000 rw-p 0004c000 08:03 18618972                   /usr/lib/jvm/java-6-openjdk-amd64/jre/lib/amd64/xawt/libmawt.so
7f9e9b53f000-7f9e9b540000 rw-p 00000000 00:00 0 
7f9e9b540000-7f9e9b5ec000 r-xp 00000000 08:03 18618874                   /usr/lib/jvm/java-6-openjdk-amd64/jre/lib/amd64/libawt.so
7f9e9b5ec000-7f9e9b7eb000 ---p 000ac000 08:03 18618874                   /usr/lib/jvm/java-6-openjdk-amd64/jre/lib/amd64/libawt.so
7f9e9b7eb000-7f9e9b7ec000 r--p 000ab000 08:03 18618874                   /usr/lib/jvm/java-6-openjdk-amd64/jre/lib/amd64/libawt.so
7f9e9b7ec000-7f9e9b7f7000 rw-p 000ac000 08:03 18618874                   /usr/lib/jvm/java-6-openjdk-amd64/jre/lib/amd64/libawt.so
7f9e9b7f7000-7f9e9b81c000 rw-p 00000000 00:00 0 
7f9e9b81c000-7f9e9b81d000 ---p 00000000 00:00 0 
7f9e9b81d000-7f9e9b91d000 rw-p 00000000 00:00 0 
7f9e9b91d000-7f9e9c000000 r--p 00000000 08:03 18487587                   /usr/lib/locale/locale-archive
7f9e9c000000-7f9e9c021000 rw-p 00000000 00:00 0 
7f9e9c021000-7f9ea0000000 ---p 00000000 00:00 0 
7f9ea0000000-7f9ea0001000 r--s 0003d000 08:03 15598503                   /home/arwilczek90/workspace/Elements/lib/slick/lib/natives-linux.jar
7f9ea0001000-7f9ea0003000 r--s 0000d000 08:03 15598501                   /home/arwilczek90/workspace/Elements/lib/slick/lib/jorbis-0.0.15.jar
7f9ea0003000-7f9ea0004000 r--s 00001000 08:03 15598500                   /home/arwilczek90/workspace/Elements/lib/slick/lib/jogg-0.0.7.jar
7f9ea0004000-7f9ea0006000 r--s 00000000 08:03 19927123                   /var/cache/fontconfig/99e8ed0e538f840c565b6ed5dad60d56-le64.cache-3
7f9ea0006000-7f9ea000a000 r--s 00000000 08:03 19927109                   /var/cache/fontconfig/2cd17615ca594fa2959ae173292e504c-le64.cache-3
7f9ea000a000-7f9ea000b000 r--s 00000000 08:03 19927134                   /var/cache/fontconfig/e7071f4a29fa870f4323321c154eba04-le64.cache-3
7f9ea000b000-7f9ea000c000 r--s 00000000 08:03 19927107                   /var/cache/fontconfig/0d8c3b2ac0904cb8a57a757ad11a4a08-le64.cache-3
7f9ea000c000-7f9ea0012000 r--s 00000000 08:03 19927124                   /var/cache/fontconfig/a755afe4a08bf5b97852ceb7400b47bc-le64.cache-3
7f9ea0012000-7f9ea001b000 r--s 00000000 08:03 19927460                   /var/cache/fontconfig/6d41288fd70b0be22e8c3a91e032eec0-le64.cache-3
7f9ea001b000-7f9ea002b000 r--s 00000000 08:03 19927106                   /var/cache/fontconfig/04aabc0a78ac019cf9454389977116d2-le64.cache-3
7f9ea002b000-7f9ea002e000 r--s 00000000 08:03 19927112                   /var/cache/fontconfig/385c0604a188198f04d133e54aba7fe7-le64.cache-3
7f9ea002e000-7f9ea002f000 r--s 00000000 08:03 19927113                   /var/cache/fontconfig/4794a0821666d79190d59a36cb4f44b5-le64.cache-3
7f9ea002f000-7f9ea0032000 r--s 00000000 08:03 19927121                   /var/cache/fontconfig/8801497958630a81b71ace7c5f9b32a8-le64.cache-3
7f9ea0032000-7f9ea0060000 r--s 00000000 08:03 19927454                   /var/cache/fontconfig/365b55f210c0a22e9a19e35191240f32-le64.cache-3
7f9ea0060000-7f9ea0063000 ---p 00000000 00:00 0 
7f9ea0063000-7f9ea0161000 rw-p 00000000 00:00 0 
7f9ea0161000-7f9ea0164000 ---p 00000000 00:00 0 
7f9ea0164000-7f9ea0262000 rw-p 00000000 00:00 0 
7f9ea0262000-7f9ea0265000 ---p 00000000 00:00 0 
7f9ea0265000-7f9ea0363000 rw-p 00000000 00:00 0 
7f9ea0363000-7f9ea0366000 ---p 00000000 00:00 0 
7f9ea0366000-7f9ea0464000 rw-p 00000000 00:00 0 
7f9ea0464000-7f9ea0467000 ---p 00000000 00:00 0 
7f9ea0467000-7f9ea0565000 rw-p 00000000 00:00 0 
7f9ea0565000-7f9ea0568000 ---p 00000000 00:00 0 
7f9ea0568000-7f9ea0666000 rw-p 00000000 00:00 0 
7f9ea0666000-7f9ea0667000 ---p 00000000 00:00 0 
7f9ea0667000-7f9ea0c6c000 rw-p 00000000 00:00 0 
7f9ea0c6c000-7f9ea0dfe000 r--s 037bf000 08:03 18618843                   /usr/lib/jvm/java-6-openjdk-amd64/jre/lib/rt.jar
7f9ea0dfe000-7f9ea0dff000 ---p 00000000 00:00 0 
7f9ea0dff000-7f9ea0eff000 rw-p 00000000 00:00 0 
7f9ea0eff000-7f9ea0f00000 ---p 00000000 00:00 0 
7f9ea0f00000-7f9ea1000000 rw-p 00000000 00:00 0 
7f9ea1000000-7f9ea1270000 rwxp 00000000 00:00 0 
7f9ea1270000-7f9ea4d5d000 rw-p 00000000 00:00 0 
7f9ea4d5d000-7f9ea8000000 ---p 00000000 00:00 0 
7f9ea8000000-7f9ea8005000 r--s 00000000 08:03 19927110                   /var/cache/fontconfig/3047814df9a2f067bd2d96a2b9c36e5a-le64.cache-3
7f9ea8005000-7f9ea8006000 r--s 00000000 08:03 19927115                   /var/cache/fontconfig/56cf4f4769d0f4abc89a4895d7bd3ae1-le64.cache-3
7f9ea8006000-7f9ea8007000 r--s 00000000 08:03 19927126                   /var/cache/fontconfig/b9d506c9ac06c20b433354fa67a72993-le64.cache-3
7f9ea8007000-7f9ea800c000 r--s 00000000 08:03 19927125                   /var/cache/fontconfig/b47c4e1ecd0709278f4910c18777a504-le64.cache-3
7f9ea800c000-7f9ea801c000 r--s 00000000 08:03 19927130                   /var/cache/fontconfig/d52a8644073d54c13679302ca1180695-le64.cache-3
7f9ea801c000-7f9ea801f000 r--s 00000000 08:03 19927196                   /var/cache/fontconfig/e13b20fdb08344e0e664864cc2ede53d-le64.cache-3
7f9ea801f000-7f9ea8023000 r--s 00000000 08:03 19927452                   /var/cache/fontconfig/7ef2298fde41cc6eeb7af42e48b7d293-le64.cache-3
7f9ea8023000-7f9ea8024000 r--s 00000000 08:03 19927127                   /var/cache/fontconfig/c05880de57d1f5e948fdfacc138775d9-le64.cache-3
7f9ea8024000-7f9ea802d000 r--s 00000000 08:03 19927122                   /var/cache/fontconfig/945677eb7aeaf62f1d50efc3fb3ec7d8-le64.cache-3
7f9ea802d000-7f9ea802f000 r--s 00000000 08:03 19927123                   /var/cache/fontconfig/99e8ed0e538f840c565b6ed5dad60d56-le64.cache-3
7f9ea802f000-7f9ea8033000 r--s 00000000 08:03 19927109                   /var/cache/fontconfig/2cd17615ca594fa2959ae173292e504c-le64.cache-3
7f9ea8033000-7f9ea8034000 r--s 00000000 08:03 19927134                   /var/cache/fontconfig/e7071f4a29fa870f4323321c154eba04-le64.cache-3
7f9ea8034000-7f9ea8035000 r--s 00000000 08:03 19927107                   /var/cache/fontconfig/0d8c3b2ac0904cb8a57a757ad11a4a08-le64.cache-3
7f9ea8035000-7f9ea803b000 r--s 00000000 08:03 19927124                   /var/cache/fontconfig/a755afe4a08bf5b97852ceb7400b47bc-le64.cache-3
7f9ea803b000-7f9ea8044000 r--s 00000000 08:03 19927460                   /var/cache/fontconfig/6d41288fd70b0be22e8c3a91e032eec0-le64.cache-3
7f9ea8044000-7f9ea8054000 r--s 00000000 08:03 19927106                   /var/cache/fontconfig/04aabc0a78ac019cf9454389977116d2-le64.cache-3
7f9ea8054000-7f9ea8057000 r--s 00000000 08:03 19927112                   /var/cache/fontconfig/385c0604a188198f04d133e54aba7fe7-le64.cache-3
7f9ea8057000-7f9ea8058000 r--s 00000000 08:03 19927113                   /var/cache/fontconfig/4794a0821666d79190d59a36cb4f44b5-le64.cache-3
7f9ea8058000-7f9ea805b000 r--s 00000000 08:03 19927121                   /var/cache/fontconfig/8801497958630a81b71ace7c5f9b32a8-le64.cache-3
7f9ea805b000-7f9ea8089000 r--s 00000000 08:03 19927454                   /var/cache/fontconfig/365b55f210c0a22e9a19e35191240f32-le64.cache-3
7f9ea8089000-7f9ea8099000 r--s 00000000 08:03 19927130                   /var/cache/fontconfig/d52a8644073d54c13679302ca1180695-le64.cache-3
7f9ea8099000-7f9ea80f4000 rw-p 00000000 00:00 0 
7f9ea80f4000-7f9ea80f5000 ---p 00000000 00:00 0 
7f9ea80f5000-7f9ea81f5000 rw-p 00000000 00:00 0 
7f9ea81f5000-7f9ea81f6000 ---p 00000000 00:00 0 
7f9ea81f6000-7f9ea8301000 rw-p 00000000 00:00 0 
7f9ea8301000-7f9ea8349000 rw-p 00000000 00:00 0 
7f9ea8349000-7f9ea8370000 rw-p 00000000 00:00 0 
7f9ea8370000-7f9ea85b7000 rw-p 00000000 00:00 0 
7f9ea85b7000-7f9ea85c2000 rw-p 00000000 00:00 0 
7f9ea85c2000-7f9ea860a000 rw-p 00000000 00:00 0 
7f9ea860a000-7f9ea8631000 rw-p 00000000 00:00 0 
7f9ea8631000-7f9ea8878000 rw-p 00000000 00:00 0 
7f9ea8878000-7f9ea888c000 rw-p 00000000 00:00 0 
7f9ea888c000-7f9ea89af000 rw-p 00000000 00:00 0 
7f9ea89af000-7f9ea89b0000 rw-p 00000000 00:00 0 
7f9ea89b0000-7f9ea89b7000 r-xp 00000000 08:03 18618888                   /usr/lib/jvm/java-6-openjdk-amd64/jre/lib/amd64/libzip.so
7f9ea89b7000-7f9ea8bb6000 ---p 00007000 08:03 18618888                   /usr/lib/jvm/java-6-openjdk-amd64/jre/lib/amd64/libzip.so
7f9ea8bb6000-7f9ea8bb7000 r--p 00006000 08:03 18618888                   /usr/lib/jvm/java-6-openjdk-amd64/jre/lib/amd64/libzip.so
7f9ea8bb7000-7f9ea8bb8000 rw-p 00007000 08:03 18618888                   /usr/lib/jvm/java-6-openjdk-amd64/jre/lib/amd64/libzip.so
7f9ea8bb8000-7f9ea8bc4000 r-xp 00000000 08:03 21758081                   /lib/x86_64-linux-gnu/libnss_files-2.15.so
7f9ea8bc4000-7f9ea8dc3000 ---p 0000c000 08:03 21758081                   /lib/x86_64-linux-gnu/libnss_files-2.15.so
7f9ea8dc3000-7f9ea8dc4000 r--p 0000b000 08:03 21758081                   /lib/x86_64-linux-gnu/libnss_files-2.15.so
7f9ea8dc4000-7f9ea8dc5000 rw-p 0000c000 08:03 21758081                   /lib/x86_64-linux-gnu/libnss_files-2.15.so
7f9ea8dc5000-7f9ea8dcf000 r-xp 00000000 08:03 21758077                   /lib/x86_64-linux-gnu/libnss_nis-2.15.so
7f9ea8dcf000-7f9ea8fcf000 ---p 0000a000 08:03 21758077                   /lib/x86_64-linux-gnu/libnss_nis-2.15.so
7f9ea8fcf000-7f9ea8fd0000 r--p 0000a000 08:03 21758077                   /lib/x86_64-linux-gnu/libnss_nis-2.15.so
7f9ea8fd0000-7f9ea8fd1000 rw-p 0000b000 08:03 21758077                   /lib/x86_64-linux-gnu/libnss_nis-2.15.so
7f9ea8fd1000-7f9ea8fe8000 r-xp 00000000 08:03 21761730                   /lib/x86_64-linux-gnu/libnsl-2.15.so
7f9ea8fe8000-7f9ea91e7000 ---p 00017000 08:03 21761730                   /lib/x86_64-linux-gnu/libnsl-2.15.so
7f9ea91e7000-7f9ea91e8000 r--p 00016000 08:03 21761730                   /lib/x86_64-linux-gnu/libnsl-2.15.so
7f9ea91e8000-7f9ea91e9000 rw-p 00017000 08:03 21761730                   /lib/x86_64-linux-gnu/libnsl-2.15.so
7f9ea91e9000-7f9ea91eb000 rw-p 00000000 00:00 0 
7f9ea91eb000-7f9ea91f3000 r-xp 00000000 08:03 21758082                   /lib/x86_64-linux-gnu/libnss_compat-2.15.so
7f9ea91f3000-7f9ea93f2000 ---p 00008000 08:03 21758082                   /lib/x86_64-linux-gnu/libnss_compat-2.15.so
7f9ea93f2000-7f9ea93f3000 r--p 00007000 08:03 21758082                   /lib/x86_64-linux-gnu/libnss_compat-2.15.so
7f9ea93f3000-7f9ea93f4000 rw-p 00008000 08:03 21758082                   /lib/x86_64-linux-gnu/libnss_compat-2.15.so
7f9ea93f4000-7f9ea9420000 r-xp 00000000 08:03 18618873                   /usr/lib/jvm/java-6-openjdk-amd64/jre/lib/amd64/libjava.so
7f9ea9420000-7f9ea961f000 ---p 0002c000 08:03 18618873                   /usr/lib/jvm/java-6-openjdk-amd64/jre/lib/amd64/libjava.so
7f9ea961f000-7f9ea9620000 r--p 0002b000 08:03 18618873                   /usr/lib/jvm/java-6-openjdk-amd64/jre/lib/amd64/libjava.so
7f9ea9620000-7f9ea9623000 rw-p 0002c000 08:03 18618873                   /usr/lib/jvm/java-6-openjdk-amd64/jre/lib/amd64/libjava.so
7f9ea9623000-7f9ea9631000 r-xp 00000000 08:03 18618872                   /usr/lib/jvm/java-6-openjdk-amd64/jre/lib/amd64/libverify.so
7f9ea9631000-7f9ea9830000 ---p 0000e000 08:03 18618872                   /usr/lib/jvm/java-6-openjdk-amd64/jre/lib/amd64/libverify.so
7f9ea9830000-7f9ea9832000 r--p 0000d000 08:03 18618872                   /usr/lib/jvm/java-6-openjdk-amd64/jre/lib/amd64/libverify.so
7f9ea9832000-7f9ea9833000 rw-p 0000f000 08:03 18618872                   /usr/lib/jvm/java-6-openjdk-amd64/jre/lib/amd64/libverify.so
7f9ea9833000-7f9ea983a000 r-xp 00000000 08:03 21758075                   /lib/x86_64-linux-gnu/librt-2.15.so
7f9ea983a000-7f9ea9a39000 ---p 00007000 08:03 21758075                   /lib/x86_64-linux-gnu/librt-2.15.so
7f9ea9a39000-7f9ea9a3a000 r--p 00006000 08:03 21758075                   /lib/x86_64-linux-gnu/librt-2.15.so
7f9ea9a3a000-7f9ea9a3b000 rw-p 00007000 08:03 21758075                   /lib/x86_64-linux-gnu/librt-2.15.so
7f9ea9a3b000-7f9ea9a50000 r-xp 00000000 08:03 21761542                   /lib/x86_64-linux-gnu/libgcc_s.so.1
7f9ea9a50000-7f9ea9c4f000 ---p 00015000 08:03 21761542                   /lib/x86_64-linux-gnu/libgcc_s.so.1
7f9ea9c4f000-7f9ea9c50000 r--p 00014000 08:03 21761542                   /lib/x86_64-linux-gnu/libgcc_s.so.1
7f9ea9c50000-7f9ea9c51000 rw-p 00015000 08:03 21761542                   /lib/x86_64-linux-gnu/libgcc_s.so.1
7f9ea9c51000-7f9ea9d4a000 r-xp 00000000 08:03 21758079                   /lib/x86_64-linux-gnu/libm-2.15.so
7f9ea9d4a000-7f9ea9f49000 ---p 000f9000 08:03 21758079                   /lib/x86_64-linux-gnu/libm-2.15.so
7f9ea9f49000-7f9ea9f4a000 r--p 000f8000 08:03 21758079                   /lib/x86_64-linux-gnu/libm-2.15.so
7f9ea9f4a000-7f9ea9f4b000 rw-p 000f9000 08:03 21758079                   /lib/x86_64-linux-gnu/libm-2.15.so
7f9ea9f4b000-7f9eaa02d000 r-xp 00000000 08:03 18488773                   /usr/lib/x86_64-linux-gnu/libstdc++.so.6.0.16
7f9eaa02d000-7f9eaa22c000 ---p 000e2000 08:03 18488773                   /usr/lib/x86_64-linux-gnu/libstdc++.so.6.0.16
7f9eaa22c000-7f9eaa234000 r--p 000e1000 08:03 18488773                   /usr/lib/x86_64-linux-gnu/libstdc++.so.6.0.16
7f9eaa234000-7f9eaa236000 rw-p 000e9000 08:03 18488773                   /usr/lib/x86_64-linux-gnu/libstdc++.so.6.0.16
7f9eaa236000-7f9eaa24b000 rw-p 00000000 00:00 0 
7f9eaa24b000-7f9eaab4f000 r-xp 00000000 08:03 18618878                   /usr/lib/jvm/java-6-openjdk-amd64/jre/lib/amd64/server/libjvm.so
7f9eaab4f000-7f9eaad4f000 ---p 00904000 08:03 18618878                   /usr/lib/jvm/java-6-openjdk-amd64/jre/lib/amd64/server/libjvm.so
7f9eaad4f000-7f9eaadcf000 r--p 00904000 08:03 18618878                   /usr/lib/jvm/java-6-openjdk-amd64/jre/lib/amd64/server/libjvm.so
7f9eaadcf000-7f9eaadea000 rw-p 00984000 08:03 18618878                   /usr/lib/jvm/java-6-openjdk-amd64/jre/lib/amd64/server/libjvm.so
7f9eaadea000-7f9eaae13000 rw-p 00000000 00:00 0 
7f9eaae13000-7f9eaae29000 r-xp 00000000 08:03 21761632                   /lib/x86_64-linux-gnu/libz.so.1.2.3.4
7f9eaae29000-7f9eab028000 ---p 00016000 08:03 21761632                   /lib/x86_64-linux-gnu/libz.so.1.2.3.4
7f9eab028000-7f9eab029000 r--p 00015000 08:03 21761632                   /lib/x86_64-linux-gnu/libz.so.1.2.3.4
7f9eab029000-7f9eab02a000 rw-p 00016000 08:03 21761632                   /lib/x86_64-linux-gnu/libz.so.1.2.3.4
7f9eab02a000-7f9eab1df000 r-xp 00000000 08:03 21757975                   /lib/x86_64-linux-gnu/libc-2.15.so
7f9eab1df000-7f9eab3de000 ---p 001b5000 08:03 21757975                   /lib/x86_64-linux-gnu/libc-2.15.so
7f9eab3de000-7f9eab3e2000 r--p 001b4000 08:03 21757975                   /lib/x86_64-linux-gnu/libc-2.15.so
7f9eab3e2000-7f9eab3e4000 rw-p 001b8000 08:03 21757975                   /lib/x86_64-linux-gnu/libc-2.15.so
7f9eab3e4000-7f9eab3e9000 rw-p 00000000 00:00 0 
7f9eab3e9000-7f9eab3eb000 r-xp 00000000 08:03 21757964                   /lib/x86_64-linux-gnu/libdl-2.15.so
7f9eab3eb000-7f9eab5eb000 ---p 00002000 08:03 21757964                   /lib/x86_64-linux-gnu/libdl-2.15.so
7f9eab5eb000-7f9eab5ec000 r--p 00002000 08:03 21757964                   /lib/x86_64-linux-gnu/libdl-2.15.so
7f9eab5ec000-7f9eab5ed000 rw-p 00003000 08:03 21757964                   /lib/x86_64-linux-gnu/libdl-2.15.so
7f9eab5ed000-7f9eab5f1000 r-xp 00000000 08:03 18618855                   /usr/lib/jvm/java-6-openjdk-amd64/jre/lib/amd64/jli/libjli.so
7f9eab5f1000-7f9eab7f0000 ---p 00004000 08:03 18618855                   /usr/lib/jvm/java-6-openjdk-amd64/jre/lib/amd64/jli/libjli.so
7f9eab7f0000-7f9eab7f1000 r--p 00003000 08:03 18618855                   /usr/lib/jvm/java-6-openjdk-amd64/jre/lib/amd64/jli/libjli.so
7f9eab7f1000-7f9eab7f2000 rw-p 00004000 08:03 18618855                   /usr/lib/jvm/java-6-openjdk-amd64/jre/lib/amd64/jli/libjli.so
7f9eab7f2000-7f9eab80a000 r-xp 00000000 08:03 21758073                   /lib/x86_64-linux-gnu/libpthread-2.15.so
7f9eab80a000-7f9eaba09000 ---p 00018000 08:03 21758073                   /lib/x86_64-linux-gnu/libpthread-2.15.so
7f9eaba09000-7f9eaba0a000 r--p 00017000 08:03 21758073                   /lib/x86_64-linux-gnu/libpthread-2.15.so
7f9eaba0a000-7f9eaba0b000 rw-p 00018000 08:03 21758073                   /lib/x86_64-linux-gnu/libpthread-2.15.so
7f9eaba0b000-7f9eaba0f000 rw-p 00000000 00:00 0 
7f9eaba0f000-7f9eaba31000 r-xp 00000000 08:03 21758085                   /lib/x86_64-linux-gnu/ld-2.15.so
7f9eaba31000-7f9eaba32000 r--s 00001000 08:03 15598499                   /home/arwilczek90/workspace/Elements/lib/slick/lib/jnlp.jar
7f9eaba32000-7f9eaba33000 rw-s 00005000 00:05 10225                      /dev/ati/card0
7f9eaba33000-7f9eaba38000 r--s 00000000 08:03 19927110                   /var/cache/fontconfig/3047814df9a2f067bd2d96a2b9c36e5a-le64.cache-3
7f9eaba38000-7f9eaba39000 r--s 00000000 08:03 19927115                   /var/cache/fontconfig/56cf4f4769d0f4abc89a4895d7bd3ae1-le64.cache-3
7f9eaba39000-7f9eaba3e000 r--s 00000000 08:03 19927125                   /var/cache/fontconfig/b47c4e1ecd0709278f4910c18777a504-le64.cache-3
7f9eaba3e000-7f9eaba41000 r--s 00000000 08:03 19927196                   /var/cache/fontconfig/e13b20fdb08344e0e664864cc2ede53d-le64.cache-3
7f9eaba41000-7f9eaba45000 r--s 00000000 08:03 19927452                   /var/cache/fontconfig/7ef2298fde41cc6eeb7af42e48b7d293-le64.cache-3
7f9eaba45000-7f9eaba48000 r--s 0007d000 08:03 18618443                   /usr/lib/jvm/java-6-openjdk-common/jre/lib/jsse.jar
7f9eaba48000-7f9eaba4f000 r--s 00073000 08:03 15597691                   /home/arwilczek90/workspace/Elements/lib/lwjgl.jar
7f9eaba4f000-7f9eaba59000 rw-p 00000000 00:00 0 
7f9eaba59000-7f9eabb0f000 rw-p 00000000 00:00 0 
7f9eabb0f000-7f9eabb12000 ---p 00000000 00:00 0 
7f9eabb12000-7f9eabc15000 rw-p 00000000 00:00 0 
7f9eabc15000-7f9eabc16000 r--s 00000000 08:03 19927126                   /var/cache/fontconfig/b9d506c9ac06c20b433354fa67a72993-le64.cache-3
7f9eabc16000-7f9eabc18000 r--s 0000f000 08:03 18618803                   /usr/lib/jvm/java-6-openjdk-common/jre/lib/ext/pulse-java.jar
7f9eabc18000-7f9eabc1b000 r--s 00077000 08:03 18618797                   /usr/lib/jvm/java-6-openjdk-common/jre/lib/ext/localedata.jar
7f9eabc1b000-7f9eabc1c000 r--s 00007000 08:03 18748229                   /usr/share/java/java-atk-wrapper.jar
7f9eabc1c000-7f9eabc1e000 r--s 00001000 08:03 18618801                   /usr/lib/jvm/java-6-openjdk-common/jre/lib/ext/dnsns.jar
7f9eabc1e000-7f9eabc22000 r--s 00038000 08:03 18618795                   /usr/lib/jvm/java-6-openjdk-common/jre/lib/ext/sunpkcs11.jar
7f9eabc22000-7f9eabc25000 r--s 00031000 08:03 18618799                   /usr/lib/jvm/java-6-openjdk-common/jre/lib/ext/sunjce_provider.jar
7f9eabc25000-7f9eabc2d000 rw-s 00000000 08:03 8126514                    /tmp/hsperfdata_arwilczek90/20082 (deleted)
7f9eabc2d000-7f9eabc2e000 rw-p 00000000 00:00 0 
7f9eabc2e000-7f9eabc2f000 ---p 00000000 00:00 0 
7f9eabc2f000-7f9eabc31000 rw-p 00000000 00:00 0 
7f9eabc31000-7f9eabc32000 r--p 00022000 08:03 21758085                   /lib/x86_64-linux-gnu/ld-2.15.so
7f9eabc32000-7f9eabc34000 rw-p 00023000 08:03 21758085                   /lib/x86_64-linux-gnu/ld-2.15.so
7fff95c03000-7fff95c24000 rw-p 00000000 00:00 0                          [stack]
7fff95dcd000-7fff95dce000 r-xp 00000000 00:00 0                          [vdso]
ffffffffff600000-ffffffffff601000 r-xp 00000000 00:00 0                  [vsyscall]

VM Arguments:
jvm_args: -Djava.library.path=/home/arwilczek90/workspace/Elements/lib/slick:/home/arwilczek90/workspace/Elements/lib/slick -Dfile.encoding=UTF-8 
java_command: com.hack.elements.view.Main
Launcher Type: SUN_STANDARD

Environment Variables:
PATH=/usr/lib/lightdm/lightdm:/usr/local/sbin:/usr/local/bin:/usr/sbin:/usr/bin:/sbin:/bin:/usr/games
LD_LIBRARY_PATH=/usr/lib/jvm/java-6-openjdk-amd64/jre/lib/amd64/server:/usr/lib/jvm/java-6-openjdk-amd64/jre/lib/amd64:/usr/lib/jvm/java-6-openjdk-amd64/jre/../lib/amd64
SHELL=/bin/bash
DISPLAY=:0.0

Signal Handlers:
SIGSEGV: [libjvm.so+0x784310], sa_mask[0]=0x7ffbfeff, sa_flags=0x10000004
SIGBUS: [libjvm.so+0x784310], sa_mask[0]=0x7ffbfeff, sa_flags=0x10000004
SIGFPE: [libjvm.so+0x648580], sa_mask[0]=0x7ffbfeff, sa_flags=0x10000004
SIGPIPE: [libjvm.so+0x648580], sa_mask[0]=0x7ffbfeff, sa_flags=0x10000004
SIGXFSZ: [libjvm.so+0x648580], sa_mask[0]=0x7ffbfeff, sa_flags=0x10000004
SIGILL: [libjvm.so+0x648580], sa_mask[0]=0x7ffbfeff, sa_flags=0x10000004
SIGUSR1: SIG_DFL, sa_mask[0]=0x00000000, sa_flags=0x00000000
SIGUSR2: [libjvm.so+0x648730], sa_mask[0]=0x00000004, sa_flags=0x10000004
SIGHUP: [libjvm.so+0x64b250], sa_mask[0]=0x7ffbfeff, sa_flags=0x10000004
SIGINT: [libjvm.so+0x64b250], sa_mask[0]=0x7ffbfeff, sa_flags=0x10000004
SIGTERM: [libjvm.so+0x64b250], sa_mask[0]=0x7ffbfeff, sa_flags=0x10000004
SIGQUIT: [libjvm.so+0x64b250], sa_mask[0]=0x7ffbfeff, sa_flags=0x10000004


---------------  S Y S T E M  ---------------

OS:Ubuntu 12.04 (precise)
uname:Linux 3.2.0-32-generic #51-Ubuntu SMP Wed Sep 26 21:33:09 UTC 2012 x86_64
libc:glibc 2.15 NPTL 2.15 
rlimit: STACK 8192k, CORE 0k, NPROC 59545, NOFILE 4096, AS infinity
load average:2.11 1.10 0.89

/proc/meminfo:
MemTotal:        7639648 kB
MemFree:         3893700 kB
Buffers:          132184 kB
Cached:          1225448 kB
SwapCached:            0 kB
Active:          2501088 kB
Inactive:         752580 kB
Active(anon):    1896500 kB
Inactive(anon):    16676 kB
Active(file):     604588 kB
Inactive(file):   735904 kB
Unevictable:          20 kB
Mlocked:              20 kB
SwapTotal:       3818492 kB
SwapFree:        3818492 kB
Dirty:               688 kB
Writeback:             0 kB
AnonPages:       1896128 kB
Mapped:           317024 kB
Shmem:             17144 kB
Slab:             107092 kB
SReclaimable:      76348 kB
SUnreclaim:        30744 kB
KernelStack:        4168 kB
PageTables:        35484 kB
NFS_Unstable:          0 kB
Bounce:                0 kB
WritebackTmp:          0 kB
CommitLimit:     7638316 kB
Committed_AS:    4467620 kB
VmallocTotal:   34359738367 kB
VmallocUsed:      116912 kB
VmallocChunk:   34359619344 kB
HardwareCorrupted:     0 kB
AnonHugePages:         0 kB
HugePages_Total:       0
HugePages_Free:        0
HugePages_Rsvd:        0
HugePages_Surp:        0
Hugepagesize:       2048 kB
DirectMap4k:      342016 kB
DirectMap2M:     5404672 kB
DirectMap1G:     2097152 kB


CPU:total 4 (4 cores per cpu, 1 threads per core) family 18 model 1 stepping 0, cmov, cx8, fxsr, mmx, sse, sse2, sse3, popcnt, mmxext, 3dnowpref, lzcnt, sse4a

Memory: 4k page, physical 7639648k(3893700k free), swap 3818492k(3818492k free)

vm_info: OpenJDK 64-Bit Server VM (20.0-b12) for linux-amd64 JRE (1.6.0_24-b24), built on Sep  2 2012 19:50:47 by "buildd" with gcc 4.6.3

time: Sat Oct 13 23:57:18 2012
elapsed time: 3 seconds

