#
# A fatal error has been detected by the Java Runtime Environment:
#
#  SIGSEGV (0xb) at pc=0x00007f1289e82c58, pid=10428, tid=139717626312448
#
# JRE version: 6.0_24-b24
# Java VM: OpenJDK 64-Bit Server VM (20.0-b12 mixed mode linux-amd64 compressed oops)
# Derivative: IcedTea6 1.11.4
# Distribution: Ubuntu 12.04 LTS, package 6b24-1.11.4-1ubuntu0.12.04.1
# Problematic frame:
# C  [libX11.so.6+0x33c58]  XQueryExtension+0x28
#
# If you would like to submit a bug report, please include
# instructions how to reproduce the bug and visit:
#   https://bugs.launchpad.net/ubuntu/+source/openjdk-6/
#

---------------  T H R E A D  ---------------

Current thread (0x00007f1290070000):  VMThread [stack: 0x00007f128b6c3000,0x00007f128b7c4000] [id=10438]

siginfo:si_signo=SIGSEGV: si_errno=0, si_code=1 (SEGV_MAPERR), si_addr=0xffffffff901ffeb8

Registers:
RAX=0x00007f12640008c0, RBX=0xffffffff901ff550, RCX=0x00007f128b7c29d8, RDX=0x00007f128b7c29d4
RSP=0x00007f128b7c2970, RBP=0x00007f1283c8b932, RSI=0x00007f1283c8b932, RDI=0xffffffff901ff550
R8 =0x00007f128b7c29dc, R9 =0x0000000000000000, R10=0x00007f12963c0fa8, R11=0x00007f1296040ca0
R12=0x0000000000000000, R13=0x00007f1283c8b932, R14=0x00007f12640008c0, R15=0x0000000000000000
RIP=0x00007f1289e82c58, EFLAGS=0x0000000000010202, CSGSFS=0x0000000000000033, ERR=0x0000000000000005
  TRAPNO=0x000000000000000e

Top of Stack: (sp=0x00007f128b7c2970)
0x00007f128b7c2970:   00007f1296013790 00007f1296bef9e8
0x00007f128b7c2980:   00007f128c864b00 00007f128c864b60
0x00007f128b7c2990:   00000000ffffffff ffffffff901ff550
0x00007f128b7c29a0:   00007f1283c8b932 0000000000000000
0x00007f128b7c29b0:   00007f1283c8b932 00007f12640008c0
0x00007f128b7c29c0:   0000000000000000 00007f1289e76c55
0x00007f128b7c29d0:   00007f1296c0d048 00007f1283dc4520
0x00007f128b7c29e0:   00007f1283dc4520 ffffffff901ff550
0x00007f128b7c29f0:   00007f12901749a0 00007f128a19002b
0x00007f128b7c2a00:   00007f1296013790 000000110000002c
0x00007f128b7c2a10:   00007f128b7c2a90 0000000000000000
0x00007f128b7c2a20:   00007f128b7c2a90 ffffffff901ff550
0x00007f128b7c2a30:   0000000000000000 00007f1296c0d048
0x00007f128b7c2a40:   00007f1283dddd50 00007f1283c32119
0x00007f128b7c2a50:   0000000000000000 000000000000002c
0x00007f128b7c2a60:   00007f128b7c2a90 00007f128b7c2ab0
0x00007f128b7c2a70:   0000000000000000 00007f1296c0d048
0x00007f128b7c2a80:   00007f12901ff0b0 00007f1283c28b42
0x00007f128b7c2a90:   00007f128b7c2c80 00007f1283c8b8b1
0x00007f128b7c2aa0:   00007f128b7c2c80 00007f12969f992d
0x00007f128b7c2ab0:   00007f1296c0e2c8 00007f1296c0e858
0x00007f128b7c2ac0:   00007f1296bef000 00007f1290006a00
0x00007f128b7c2ad0:   00007f1290007510 00007f1290006eb0
0x00007f128b7c2ae0:   00007f1290007a10 00007f129000c6f0
0x00007f128b7c2af0:   00007f1290113040 00007f1290113520
0x00007f128b7c2b00:   00007f1296bee000 00007f12901fbc60
0x00007f128b7c2b10:   00007f12901f6770 00007f12901f6c10
0x00007f128b7c2b20:   00007f12901fc130 00007f12901fc5d0
0x00007f128b7c2b30:   00007f12901fca70 00007f12900ec4d0
0x00007f128b7c2b40:   00007f12900ebe40 00007f12900025e0
0x00007f128b7c2b50:   00007f1290001ec0 00000000008525f0
0x00007f128b7c2b60:   0000000000852b60 0000000000853570 

Instructions: (pc=0x00007f1289e82c58)
0x00007f1289e82c38:   24 d8 48 89 fb 4c 89 64 24 e0 4c 89 6c 24 e8 48
0x00007f1289e82c48:   89 f5 4c 89 74 24 f0 4c 89 7c 24 f8 48 83 ec 58
0x00007f1289e82c58:   48 8b 87 68 09 00 00 49 89 d4 49 89 cd 4d 89 c6
0x00007f1289e82c68:   48 85 c0 74 02 ff 10 ba 08 00 00 00 be 62 00 00 

Register to memory mapping:

RAX=0x00007f12640008c0 is an unknown value
RBX=0xffffffff901ff550 is an unknown value
RCX=0x00007f128b7c29d8 is an unknown value
RDX=0x00007f128b7c29d4 is an unknown value
RSP=0x00007f128b7c2970 is an unknown value
RBP=0x00007f1283c8b932: <offset 0x96932> in /usr/lib/fglrx/libGL.so.1 at 0x00007f1283bf5000
RSI=0x00007f1283c8b932: <offset 0x96932> in /usr/lib/fglrx/libGL.so.1 at 0x00007f1283bf5000
RDI=0xffffffff901ff550 is an unknown value
R8 =0x00007f128b7c29dc is an unknown value
R9 =0x0000000000000000 is an unknown value
R10=0x00007f12963c0fa8: <offset 0x3bbfa8> in /lib/x86_64-linux-gnu/libc.so.6 at 0x00007f1296005000
R11=0x00007f1296040ca0: __cxa_finalize+0 in /lib/x86_64-linux-gnu/libc.so.6 at 0x00007f1296005000
R12=0x0000000000000000 is an unknown value
R13=0x00007f1283c8b932: <offset 0x96932> in /usr/lib/fglrx/libGL.so.1 at 0x00007f1283bf5000
R14=0x00007f12640008c0 is an unknown value
R15=0x0000000000000000 is an unknown value


Stack: [0x00007f128b6c3000,0x00007f128b7c4000],  sp=0x00007f128b7c2970,  free space=1022k
Native frames: (J=compiled Java code, j=interpreted, Vv=VM code, C=native code)
C  [libX11.so.6+0x33c58]  XQueryExtension+0x28

VM_Operation (0x00007f1296be9680): Exit, mode: safepoint, requested by thread 0x00007f1290008800


---------------  P R O C E S S  ---------------

Java Threads: ( => current thread )
  0x00007f1290ac8800 JavaThread "Thread-2" daemon [_thread_blocked, id=10449, stack(0x00007f1280cc5000,0x00007f1280dc6000)]
  0x00007f12901fb800 JavaThread "AWT-XAWT" daemon [_thread_blocked, id=10448, stack(0x00007f128887b000,0x00007f128897c000)]
  0x00007f1290141000 JavaThread "Java2D Disposer" daemon [_thread_blocked, id=10447, stack(0x00007f1288c30000,0x00007f1288d31000)]
  0x00007f129009e800 JavaThread "Low Memory Detector" daemon [_thread_blocked, id=10444, stack(0x00007f128a9da000,0x00007f128aadb000)]
  0x00007f129009c000 JavaThread "C2 CompilerThread1" daemon [_thread_blocked, id=10443, stack(0x00007f128aadb000,0x00007f128abdc000)]
  0x00007f1290099800 JavaThread "C2 CompilerThread0" daemon [_thread_blocked, id=10442, stack(0x00007f128abdc000,0x00007f128acdd000)]
  0x00007f1290098000 JavaThread "Signal Dispatcher" daemon [_thread_blocked, id=10441, stack(0x00007f128acdd000,0x00007f128adde000)]
  0x00007f1290079000 JavaThread "Finalizer" daemon [_thread_blocked, id=10440, stack(0x00007f128b4c1000,0x00007f128b5c2000)]
  0x00007f1290077000 JavaThread "Reference Handler" daemon [_thread_blocked, id=10439, stack(0x00007f128b5c2000,0x00007f128b6c3000)]
  0x00007f1290008800 JavaThread "main" [_thread_blocked, id=10433, stack(0x00007f1296aea000,0x00007f1296beb000)]

Other Threads:
=>0x00007f1290070000 VMThread [stack: 0x00007f128b6c3000,0x00007f128b7c4000] [id=10438]

VM state:at safepoint (shutting down)

VM Mutex/Monitor currently owned by a thread:  ([mutex/lock_event])
[0x00007f1290004dd0] Threads_lock - owner thread: 0x00007f1290070000

Heap
 PSYoungGen      total 34880K, used 25931K [0x00000000d9200000, 0x00000000db8e0000, 0x0000000100000000)
  eden space 29952K, 86% used [0x00000000d9200000,0x00000000dab52c68,0x00000000daf40000)
  from space 4928K, 0% used [0x00000000db410000,0x00000000db410000,0x00000000db8e0000)
  to   space 4928K, 0% used [0x00000000daf40000,0x00000000daf40000,0x00000000db410000)
 PSOldGen        total 79616K, used 0K [0x000000008b600000, 0x00000000903c0000, 0x00000000d9200000)
  object space 79616K, 0% used [0x000000008b600000,0x000000008b600000,0x00000000903c0000)
 PSPermGen       total 21248K, used 11359K [0x0000000081000000, 0x00000000824c0000, 0x000000008b600000)
  object space 21248K, 53% used [0x0000000081000000,0x0000000081b17c38,0x00000000824c0000)

Code Cache  [0x00007f128c7c5000, 0x00007f128ca35000, 0x00007f128f7c5000)
 total_blobs=606 nmethods=121 adapters=439 free_code_cache=49571968 largest_free_block=6464

Dynamic libraries:
00400000-00409000 r-xp 00000000 08:03 18618890                           /usr/lib/jvm/java-6-openjdk-amd64/jre/bin/java
00608000-00609000 r--p 00008000 08:03 18618890                           /usr/lib/jvm/java-6-openjdk-amd64/jre/bin/java
00609000-0060a000 rw-p 00009000 08:03 18618890                           /usr/lib/jvm/java-6-openjdk-amd64/jre/bin/java
00852000-00873000 rw-p 00000000 00:00 0                                  [heap]
81000000-824c0000 rw-p 00000000 00:00 0 
824c0000-8b600000 rw-p 00000000 00:00 0 
8b600000-903c0000 rw-p 00000000 00:00 0 
903c0000-d9200000 rw-p 00000000 00:00 0 
d9200000-db8e0000 rw-p 00000000 00:00 0 
db8e0000-100000000 rw-p 00000000 00:00 0 
7f1234000000-7f1234021000 rw-p 00000000 00:00 0 
7f1234021000-7f1238000000 ---p 00000000 00:00 0 
7f123c000000-7f123c021000 rw-p 00000000 00:00 0 
7f123c021000-7f1240000000 ---p 00000000 00:00 0 
7f1240000000-7f1240021000 rw-p 00000000 00:00 0 
7f1240021000-7f1244000000 ---p 00000000 00:00 0 
7f1244000000-7f1244021000 rw-p 00000000 00:00 0 
7f1244021000-7f1248000000 ---p 00000000 00:00 0 
7f1248000000-7f1248021000 rw-p 00000000 00:00 0 
7f1248021000-7f124c000000 ---p 00000000 00:00 0 
7f124c000000-7f124c021000 rw-p 00000000 00:00 0 
7f124c021000-7f1250000000 ---p 00000000 00:00 0 
7f1250000000-7f1250021000 rw-p 00000000 00:00 0 
7f1250021000-7f1254000000 ---p 00000000 00:00 0 
7f1254000000-7f12545ef000 rw-p 00000000 00:00 0 
7f12545ef000-7f1258000000 ---p 00000000 00:00 0 
7f1258000000-7f1258214000 rw-p 00000000 00:00 0 
7f1258214000-7f125c000000 ---p 00000000 00:00 0 
7f125c000000-7f125c021000 rw-p 00000000 00:00 0 
7f125c021000-7f1260000000 ---p 00000000 00:00 0 
7f1260000000-7f1260021000 rw-p 00000000 00:00 0 
7f1260021000-7f1264000000 ---p 00000000 00:00 0 
7f1264000000-7f1264021000 rw-p 00000000 00:00 0 
7f1264021000-7f1268000000 ---p 00000000 00:00 0 
7f1268000000-7f1268021000 rw-p 00000000 00:00 0 
7f1268021000-7f126c000000 ---p 00000000 00:00 0 
7f126c000000-7f126c021000 rw-p 00000000 00:00 0 
7f126c021000-7f1270000000 ---p 00000000 00:00 0 
7f1274000000-7f1274021000 rw-p 00000000 00:00 0 
7f1274021000-7f1278000000 ---p 00000000 00:00 0 
7f127c000000-7f127c021000 rw-p 00000000 00:00 0 
7f127c021000-7f1280000000 ---p 00000000 00:00 0 
7f12807be000-7f12807c1000 ---p 00000000 00:00 0 
7f12807c1000-7f12808bf000 rw-p 00000000 00:00 0 
7f12808bf000-7f12808c2000 ---p 00000000 00:00 0 
7f12808c2000-7f1280bc2000 rw-p 00000000 00:00 0 
7f1280bc2000-7f1280bc5000 r-xp 00000000 08:03 15602613                   /home/arwilczek90/workspace/Elements/lib/slick/libjinput-linux64.so
7f1280bc5000-7f1280cc4000 ---p 00003000 08:03 15602613                   /home/arwilczek90/workspace/Elements/lib/slick/libjinput-linux64.so
7f1280cc4000-7f1280cc5000 rw-p 00002000 08:03 15602613                   /home/arwilczek90/workspace/Elements/lib/slick/libjinput-linux64.so
7f1280cc5000-7f1280cc8000 ---p 00000000 00:00 0 
7f1280cc8000-7f1280dc6000 rw-p 00000000 00:00 0 
7f1280dc6000-7f12814c6000 rw-s 00006000 00:05 10225                      /dev/ati/card0
7f12814c6000-7f12814c8000 r-xp 00000000 08:03 18488267                   /usr/lib/x86_64-linux-gnu/libXinerama.so.1.0.0
7f12814c8000-7f12816c7000 ---p 00002000 08:03 18488267                   /usr/lib/x86_64-linux-gnu/libXinerama.so.1.0.0
7f12816c7000-7f12816c8000 r--p 00001000 08:03 18488267                   /usr/lib/x86_64-linux-gnu/libXinerama.so.1.0.0
7f12816c8000-7f12816c9000 rw-p 00002000 08:03 18488267                   /usr/lib/x86_64-linux-gnu/libXinerama.so.1.0.0
7f12816c9000-7f1281704000 r-xp 00000000 08:03 19009508                   /usr/lib/fglrx/libatiadlxx.so
7f1281704000-7f1281804000 ---p 0003b000 08:03 19009508                   /usr/lib/fglrx/libatiadlxx.so
7f1281804000-7f128180d000 rw-p 0003b000 08:03 19009508                   /usr/lib/fglrx/libatiadlxx.so
7f128180d000-7f128181e000 rw-p 00000000 00:00 0 
7f128181e000-7f1281825000 r-xp 00000000 08:03 19009532                   /usr/lib/fglrx/libatiuki.so.1.0
7f1281825000-7f1281925000 ---p 00007000 08:03 19009532                   /usr/lib/fglrx/libatiuki.so.1.0
7f1281925000-7f1281926000 rw-p 00007000 08:03 19009532                   /usr/lib/fglrx/libatiuki.so.1.0
7f1281926000-7f1281927000 rw-p 00000000 00:00 0 
7f1281927000-7f1283881000 r-xp 00000000 08:03 19009510                   /usr/lib/fglrx/dri/fglrx_dri.so
7f1283881000-7f1283981000 ---p 01f5a000 08:03 19009510                   /usr/lib/fglrx/dri/fglrx_dri.so
7f1283981000-7f1283acf000 rwxp 01f5a000 08:03 19009510                   /usr/lib/fglrx/dri/fglrx_dri.so
7f1283acf000-7f1283bf5000 rwxp 00000000 00:00 0 
7f1283bf5000-7f1283cb8000 r-xp 00000000 08:03 19009512                   /usr/lib/fglrx/libGL.so.1.2
7f1283cb8000-7f1283db7000 ---p 000c3000 08:03 19009512                   /usr/lib/fglrx/libGL.so.1.2
7f1283db7000-7f1283dde000 rwxp 000c2000 08:03 19009512                   /usr/lib/fglrx/libGL.so.1.2
7f1283dde000-7f1283dfe000 rwxp 00000000 00:00 0 
7f1283dfe000-7f1283dff000 r-xp 00000000 08:03 18618886                   /usr/lib/jvm/java-6-openjdk-amd64/jre/lib/amd64/libjawt.so
7f1283dff000-7f1283ffe000 ---p 00001000 08:03 18618886                   /usr/lib/jvm/java-6-openjdk-amd64/jre/lib/amd64/libjawt.so
7f1283ffe000-7f1283fff000 r--p 00000000 08:03 18618886                   /usr/lib/jvm/java-6-openjdk-amd64/jre/lib/amd64/libjawt.so
7f1283fff000-7f1284000000 rw-p 00001000 08:03 18618886                   /usr/lib/jvm/java-6-openjdk-amd64/jre/lib/amd64/libjawt.so
7f1284000000-7f1284021000 rw-p 00000000 00:00 0 
7f1284021000-7f1288000000 ---p 00000000 00:00 0 
7f128802b000-7f128802f000 r-xp 00000000 08:03 18488287                   /usr/lib/x86_64-linux-gnu/libXxf86vm.so.1.0.0
7f128802f000-7f128822e000 ---p 00004000 08:03 18488287                   /usr/lib/x86_64-linux-gnu/libXxf86vm.so.1.0.0
7f128822e000-7f128822f000 r--p 00003000 08:03 18488287                   /usr/lib/x86_64-linux-gnu/libXxf86vm.so.1.0.0
7f128822f000-7f1288230000 rw-p 00004000 08:03 18488287                   /usr/lib/x86_64-linux-gnu/libXxf86vm.so.1.0.0
7f1288230000-7f1288238000 r-xp 00000000 08:03 18488277                   /usr/lib/x86_64-linux-gnu/libXrandr.so.2.2.0
7f1288238000-7f1288437000 ---p 00008000 08:03 18488277                   /usr/lib/x86_64-linux-gnu/libXrandr.so.2.2.0
7f1288437000-7f1288438000 r--p 00007000 08:03 18488277                   /usr/lib/x86_64-linux-gnu/libXrandr.so.2.2.0
7f1288438000-7f1288439000 rw-p 00008000 08:03 18488277                   /usr/lib/x86_64-linux-gnu/libXrandr.so.2.2.0
7f1288439000-7f1288479000 r-xp 00000000 08:03 15602617                   /home/arwilczek90/workspace/Elements/lib/slick/liblwjgl64.so
7f1288479000-7f1288579000 ---p 00040000 08:03 15602617                   /home/arwilczek90/workspace/Elements/lib/slick/liblwjgl64.so
7f1288579000-7f128857b000 rw-p 00040000 08:03 15602617                   /home/arwilczek90/workspace/Elements/lib/slick/liblwjgl64.so
7f128857b000-7f1288580000 r-xp 00000000 08:03 18488261                   /usr/lib/x86_64-linux-gnu/libXfixes.so.3.1.0
7f1288580000-7f128877f000 ---p 00005000 08:03 18488261                   /usr/lib/x86_64-linux-gnu/libXfixes.so.3.1.0
7f128877f000-7f1288780000 r--p 00004000 08:03 18488261                   /usr/lib/x86_64-linux-gnu/libXfixes.so.3.1.0
7f1288780000-7f1288781000 rw-p 00005000 08:03 18488261                   /usr/lib/x86_64-linux-gnu/libXfixes.so.3.1.0
7f1288781000-7f1288782000 r--s 00000000 08:03 19927127                   /var/cache/fontconfig/c05880de57d1f5e948fdfacc138775d9-le64.cache-3
7f1288782000-7f128878b000 r--s 00000000 08:03 19927122                   /var/cache/fontconfig/945677eb7aeaf62f1d50efc3fb3ec7d8-le64.cache-3
7f128878b000-7f128878d000 r--s 00000000 08:03 19927123                   /var/cache/fontconfig/99e8ed0e538f840c565b6ed5dad60d56-le64.cache-3
7f128878d000-7f1288791000 r--s 00000000 08:03 19927109                   /var/cache/fontconfig/2cd17615ca594fa2959ae173292e504c-le64.cache-3
7f1288791000-7f1288792000 r--s 00000000 08:03 19927134                   /var/cache/fontconfig/e7071f4a29fa870f4323321c154eba04-le64.cache-3
7f1288792000-7f1288793000 r--s 00000000 08:03 19927107                   /var/cache/fontconfig/0d8c3b2ac0904cb8a57a757ad11a4a08-le64.cache-3
7f1288793000-7f1288799000 r--s 00000000 08:03 19927124                   /var/cache/fontconfig/a755afe4a08bf5b97852ceb7400b47bc-le64.cache-3
7f1288799000-7f12887a2000 r--s 00000000 08:03 19927460                   /var/cache/fontconfig/6d41288fd70b0be22e8c3a91e032eec0-le64.cache-3
7f12887a2000-7f12887d0000 r--s 00000000 08:03 19927454                   /var/cache/fontconfig/365b55f210c0a22e9a19e35191240f32-le64.cache-3
7f12887d3000-7f12887d5000 r--s 00015000 08:03 15598514                   /home/arwilczek90/workspace/Elements/lib/slick/lib/tinylinepp.jar
7f12887d5000-7f12887d8000 r--s 00015000 08:03 15598512                   /home/arwilczek90/workspace/Elements/lib/slick/lib/slick-util.jar
7f12887d8000-7f12887e0000 r--s 00067000 08:03 15598510                   /home/arwilczek90/workspace/Elements/lib/slick/lib/slick-sources.jar
7f12887e0000-7f12887e1000 r--s 00000000 08:03 15598509                   /home/arwilczek90/workspace/Elements/lib/slick/lib/slick-examples.jar
7f12887e1000-7f12887e2000 r--s 00003000 08:03 15598508                   /home/arwilczek90/workspace/Elements/lib/slick/lib/scalar.jar
7f12887e2000-7f12887e5000 r--s 00017000 08:03 15598507                   /home/arwilczek90/workspace/Elements/lib/slick/lib/pedigree.jar
7f12887e5000-7f12887f0000 r--s 00093000 08:03 15598513                   /home/arwilczek90/workspace/Elements/lib/slick/lib/slick.jar
7f12887f0000-7f12887f5000 r--s 0002f000 08:03 15598498                   /home/arwilczek90/workspace/Elements/lib/slick/lib/jinput.jar
7f12887f5000-7f12887f7000 r--s 00008000 08:03 15598497                   /home/arwilczek90/workspace/Elements/lib/slick/lib/ibxm.jar
7f12887f7000-7f12887fa000 r--s 0005b000 08:03 15598496                   /home/arwilczek90/workspace/Elements/lib/slick/lib/hiero.jar
7f12887fa000-7f12887fb000 r--s 00007000 08:03 15597697                   /home/arwilczek90/workspace/Elements/lib/slick/applet/lwjgl_util_applet.jar
7f128883b000-7f128887b000 rw-s f0300000 00:05 10225                      /dev/ati/card0
7f128887b000-7f128887e000 ---p 00000000 00:00 0 
7f128887e000-7f128897c000 rw-p 00000000 00:00 0 
7f128897c000-7f128897d000 r--s 00000000 08:03 19927127                   /var/cache/fontconfig/c05880de57d1f5e948fdfacc138775d9-le64.cache-3
7f128897d000-7f1288986000 r--s 00000000 08:03 19927122                   /var/cache/fontconfig/945677eb7aeaf62f1d50efc3fb3ec7d8-le64.cache-3
7f1288986000-7f1288988000 r--s 00000000 08:03 19927123                   /var/cache/fontconfig/99e8ed0e538f840c565b6ed5dad60d56-le64.cache-3
7f1288988000-7f128898c000 r--s 00000000 08:03 19927109                   /var/cache/fontconfig/2cd17615ca594fa2959ae173292e504c-le64.cache-3
7f128898c000-7f128898d000 r--s 00000000 08:03 19927134                   /var/cache/fontconfig/e7071f4a29fa870f4323321c154eba04-le64.cache-3
7f128898d000-7f128898e000 r--s 00000000 08:03 19927107                   /var/cache/fontconfig/0d8c3b2ac0904cb8a57a757ad11a4a08-le64.cache-3
7f128898e000-7f1288994000 r--s 00000000 08:03 19927124                   /var/cache/fontconfig/a755afe4a08bf5b97852ceb7400b47bc-le64.cache-3
7f1288994000-7f128899d000 r--s 00000000 08:03 19927460                   /var/cache/fontconfig/6d41288fd70b0be22e8c3a91e032eec0-le64.cache-3
7f128899d000-7f12889ad000 r--s 00000000 08:03 19927106                   /var/cache/fontconfig/04aabc0a78ac019cf9454389977116d2-le64.cache-3
7f12889ad000-7f12889db000 r--s 00000000 08:03 19927454                   /var/cache/fontconfig/365b55f210c0a22e9a19e35191240f32-le64.cache-3
7f12889db000-7f12889e0000 r--s 00000000 08:03 19927110                   /var/cache/fontconfig/3047814df9a2f067bd2d96a2b9c36e5a-le64.cache-3
7f12889e6000-7f12889e8000 r--s 00004000 08:03 15598506                   /home/arwilczek90/workspace/Elements/lib/slick/lib/packulike.jar
7f12889e8000-7f12889e9000 r--s 00043000 08:03 15598505                   /home/arwilczek90/workspace/Elements/lib/slick/lib/natives-win32.jar
7f12889e9000-7f12889eb000 r--s 00033000 08:03 15598504                   /home/arwilczek90/workspace/Elements/lib/slick/lib/natives-mac.jar
7f12889eb000-7f12889f4000 r-xp 00000000 08:03 18488253                   /usr/lib/x86_64-linux-gnu/libXcursor.so.1.0.2
7f12889f4000-7f1288bf3000 ---p 00009000 08:03 18488253                   /usr/lib/x86_64-linux-gnu/libXcursor.so.1.0.2
7f1288bf3000-7f1288bf4000 r--p 00008000 08:03 18488253                   /usr/lib/x86_64-linux-gnu/libXcursor.so.1.0.2
7f1288bf4000-7f1288bf5000 rw-p 00009000 08:03 18488253                   /usr/lib/x86_64-linux-gnu/libXcursor.so.1.0.2
7f1288bf5000-7f1288bf6000 r--s 0003d000 08:03 15598503                   /home/arwilczek90/workspace/Elements/lib/slick/lib/natives-linux.jar
7f1288bf6000-7f1288bfd000 r--s 00073000 08:03 15598502                   /home/arwilczek90/workspace/Elements/lib/slick/lib/lwjgl.jar
7f1288bfd000-7f1288bff000 r--s 0000d000 08:03 15598501                   /home/arwilczek90/workspace/Elements/lib/slick/lib/jorbis-0.0.15.jar
7f1288bff000-7f1288c00000 r--s 00001000 08:03 15598500                   /home/arwilczek90/workspace/Elements/lib/slick/lib/jogg-0.0.7.jar
7f1288c00000-7f1288c01000 r--s 00001000 08:03 15598499                   /home/arwilczek90/workspace/Elements/lib/slick/lib/jnlp.jar
7f1288c01000-7f1288c02000 rw-s 00005000 00:05 10225                      /dev/ati/card0
7f1288c02000-7f1288c04000 rw-s 00002000 00:05 10225                      /dev/ati/card0
7f1288c04000-7f1288c0f000 r--s 00093000 08:03 15597692                   /home/arwilczek90/workspace/Elements/lib/slick.jar
7f1288c0f000-7f1288c16000 r--s 000fb000 08:03 18618812                   /usr/lib/jvm/java-6-openjdk-common/jre/lib/resources.jar
7f1288c16000-7f1288c19000 r--s 00000000 08:03 19927112                   /var/cache/fontconfig/385c0604a188198f04d133e54aba7fe7-le64.cache-3
7f1288c19000-7f1288c1a000 r--s 00000000 08:03 19927115                   /var/cache/fontconfig/56cf4f4769d0f4abc89a4895d7bd3ae1-le64.cache-3
7f1288c1a000-7f1288c1b000 r--s 00000000 08:03 19927126                   /var/cache/fontconfig/b9d506c9ac06c20b433354fa67a72993-le64.cache-3
7f1288c1b000-7f1288c20000 r--s 00000000 08:03 19927125                   /var/cache/fontconfig/b47c4e1ecd0709278f4910c18777a504-le64.cache-3
7f1288c20000-7f1288c30000 r--s 00000000 08:03 19927130                   /var/cache/fontconfig/d52a8644073d54c13679302ca1180695-le64.cache-3
7f1288c30000-7f1288c33000 ---p 00000000 00:00 0 
7f1288c33000-7f1288d31000 rw-p 00000000 00:00 0 
7f1288d31000-7f1288dc7000 r-xp 00000000 08:03 18488439                   /usr/lib/x86_64-linux-gnu/libfreetype.so.6.8.0
7f1288dc7000-7f1288fc6000 ---p 00096000 08:03 18488439                   /usr/lib/x86_64-linux-gnu/libfreetype.so.6.8.0
7f1288fc6000-7f1288fcc000 r--p 00095000 08:03 18488439                   /usr/lib/x86_64-linux-gnu/libfreetype.so.6.8.0
7f1288fcc000-7f1288fcd000 rw-p 0009b000 08:03 18488439                   /usr/lib/x86_64-linux-gnu/libfreetype.so.6.8.0
7f1288fcd000-7f1289007000 r-xp 00000000 08:03 18618871                   /usr/lib/jvm/java-6-openjdk-amd64/jre/lib/amd64/libfontmanager.so
7f1289007000-7f1289206000 ---p 0003a000 08:03 18618871                   /usr/lib/jvm/java-6-openjdk-amd64/jre/lib/amd64/libfontmanager.so
7f1289206000-7f1289208000 r--p 00039000 08:03 18618871                   /usr/lib/jvm/java-6-openjdk-amd64/jre/lib/amd64/libfontmanager.so
7f1289208000-7f1289209000 rw-p 0003b000 08:03 18618871                   /usr/lib/jvm/java-6-openjdk-amd64/jre/lib/amd64/libfontmanager.so
7f1289209000-7f128920e000 r-xp 00000000 08:03 18488257                   /usr/lib/x86_64-linux-gnu/libXdmcp.so.6.0.0
7f128920e000-7f128940d000 ---p 00005000 08:03 18488257                   /usr/lib/x86_64-linux-gnu/libXdmcp.so.6.0.0
7f128940d000-7f128940e000 r--p 00004000 08:03 18488257                   /usr/lib/x86_64-linux-gnu/libXdmcp.so.6.0.0
7f128940e000-7f128940f000 rw-p 00005000 08:03 18488257                   /usr/lib/x86_64-linux-gnu/libXdmcp.so.6.0.0
7f128940f000-7f1289411000 r-xp 00000000 08:03 18488246                   /usr/lib/x86_64-linux-gnu/libXau.so.6.0.0
7f1289411000-7f1289610000 ---p 00002000 08:03 18488246                   /usr/lib/x86_64-linux-gnu/libXau.so.6.0.0
7f1289610000-7f1289611000 r--p 00001000 08:03 18488246                   /usr/lib/x86_64-linux-gnu/libXau.so.6.0.0
7f1289611000-7f1289612000 rw-p 00002000 08:03 18488246                   /usr/lib/x86_64-linux-gnu/libXau.so.6.0.0
7f1289612000-7f128962f000 r-xp 00000000 08:03 18488845                   /usr/lib/x86_64-linux-gnu/libxcb.so.1.1.0
7f128962f000-7f128982e000 ---p 0001d000 08:03 18488845                   /usr/lib/x86_64-linux-gnu/libxcb.so.1.1.0
7f128982e000-7f128982f000 r--p 0001c000 08:03 18488845                   /usr/lib/x86_64-linux-gnu/libxcb.so.1.1.0
7f128982f000-7f1289830000 rw-p 0001d000 08:03 18488845                   /usr/lib/x86_64-linux-gnu/libxcb.so.1.1.0
7f1289830000-7f128983e000 r-xp 00000000 08:03 18488265                   /usr/lib/x86_64-linux-gnu/libXi.so.6.1.0
7f128983e000-7f1289a3d000 ---p 0000e000 08:03 18488265                   /usr/lib/x86_64-linux-gnu/libXi.so.6.1.0
7f1289a3d000-7f1289a3e000 r--p 0000d000 08:03 18488265                   /usr/lib/x86_64-linux-gnu/libXi.so.6.1.0
7f1289a3e000-7f1289a3f000 rw-p 0000e000 08:03 18488265                   /usr/lib/x86_64-linux-gnu/libXi.so.6.1.0
7f1289a3f000-7f1289a44000 r-xp 00000000 08:03 18488283                   /usr/lib/x86_64-linux-gnu/libXtst.so.6.1.0
7f1289a44000-7f1289c43000 ---p 00005000 08:03 18488283                   /usr/lib/x86_64-linux-gnu/libXtst.so.6.1.0
7f1289c43000-7f1289c44000 r--p 00004000 08:03 18488283                   /usr/lib/x86_64-linux-gnu/libXtst.so.6.1.0
7f1289c44000-7f1289c45000 rw-p 00005000 08:03 18488283                   /usr/lib/x86_64-linux-gnu/libXtst.so.6.1.0
7f1289c45000-7f1289c4e000 r-xp 00000000 08:03 18488279                   /usr/lib/x86_64-linux-gnu/libXrender.so.1.3.0
7f1289c4e000-7f1289e4d000 ---p 00009000 08:03 18488279                   /usr/lib/x86_64-linux-gnu/libXrender.so.1.3.0
7f1289e4d000-7f1289e4e000 r--p 00008000 08:03 18488279                   /usr/lib/x86_64-linux-gnu/libXrender.so.1.3.0
7f1289e4e000-7f1289e4f000 rw-p 00009000 08:03 18488279                   /usr/lib/x86_64-linux-gnu/libXrender.so.1.3.0
7f1289e4f000-7f1289f7e000 r-xp 00000000 08:03 18488244                   /usr/lib/x86_64-linux-gnu/libX11.so.6.3.0
7f1289f7e000-7f128a17e000 ---p 0012f000 08:03 18488244                   /usr/lib/x86_64-linux-gnu/libX11.so.6.3.0
7f128a17e000-7f128a17f000 r--p 0012f000 08:03 18488244                   /usr/lib/x86_64-linux-gnu/libX11.so.6.3.0
7f128a17f000-7f128a183000 rw-p 00130000 08:03 18488244                   /usr/lib/x86_64-linux-gnu/libX11.so.6.3.0
7f128a183000-7f128a193000 r-xp 00000000 08:03 18488259                   /usr/lib/x86_64-linux-gnu/libXext.so.6.4.0
7f128a193000-7f128a392000 ---p 00010000 08:03 18488259                   /usr/lib/x86_64-linux-gnu/libXext.so.6.4.0
7f128a392000-7f128a393000 r--p 0000f000 08:03 18488259                   /usr/lib/x86_64-linux-gnu/libXext.so.6.4.0
7f128a393000-7f128a394000 rw-p 00010000 08:03 18488259                   /usr/lib/x86_64-linux-gnu/libXext.so.6.4.0
7f128a394000-7f128a3df000 r-xp 00000000 08:03 18618972                   /usr/lib/jvm/java-6-openjdk-amd64/jre/lib/amd64/xawt/libmawt.so
7f128a3df000-7f128a5df000 ---p 0004b000 08:03 18618972                   /usr/lib/jvm/java-6-openjdk-amd64/jre/lib/amd64/xawt/libmawt.so
7f128a5df000-7f128a5e0000 r--p 0004b000 08:03 18618972                   /usr/lib/jvm/java-6-openjdk-amd64/jre/lib/amd64/xawt/libmawt.so
7f128a5e0000-7f128a5e3000 rw-p 0004c000 08:03 18618972                   /usr/lib/jvm/java-6-openjdk-amd64/jre/lib/amd64/xawt/libmawt.so
7f128a5e3000-7f128a5e4000 rw-p 00000000 00:00 0 
7f128a5e4000-7f128a690000 r-xp 00000000 08:03 18618874                   /usr/lib/jvm/java-6-openjdk-amd64/jre/lib/amd64/libawt.so
7f128a690000-7f128a88f000 ---p 000ac000 08:03 18618874                   /usr/lib/jvm/java-6-openjdk-amd64/jre/lib/amd64/libawt.so
7f128a88f000-7f128a890000 r--p 000ab000 08:03 18618874                   /usr/lib/jvm/java-6-openjdk-amd64/jre/lib/amd64/libawt.so
7f128a890000-7f128a89b000 rw-p 000ac000 08:03 18618874                   /usr/lib/jvm/java-6-openjdk-amd64/jre/lib/amd64/libawt.so
7f128a89b000-7f128a8c0000 rw-p 00000000 00:00 0 
7f128a8c0000-7f128a8c3000 r--s 0007d000 08:03 18618443                   /usr/lib/jvm/java-6-openjdk-common/jre/lib/jsse.jar
7f128a8c3000-7f128a8ca000 r--s 00073000 08:03 15597691                   /home/arwilczek90/workspace/Elements/lib/lwjgl.jar
7f128a8ca000-7f128a8cc000 r--s 0000f000 08:03 18618803                   /usr/lib/jvm/java-6-openjdk-common/jre/lib/ext/pulse-java.jar
7f128a8cc000-7f128a8cf000 r--s 00077000 08:03 18618797                   /usr/lib/jvm/java-6-openjdk-common/jre/lib/ext/localedata.jar
7f128a8cf000-7f128a8d0000 r--s 00007000 08:03 18748229                   /usr/share/java/java-atk-wrapper.jar
7f128a8d0000-7f128a8d2000 r--s 00001000 08:03 18618801                   /usr/lib/jvm/java-6-openjdk-common/jre/lib/ext/dnsns.jar
7f128a8d2000-7f128a8d6000 r--s 00038000 08:03 18618795                   /usr/lib/jvm/java-6-openjdk-common/jre/lib/ext/sunpkcs11.jar
7f128a8d6000-7f128a8d9000 r--s 00031000 08:03 18618799                   /usr/lib/jvm/java-6-openjdk-common/jre/lib/ext/sunjce_provider.jar
7f128a8d9000-7f128a8da000 ---p 00000000 00:00 0 
7f128a8da000-7f128a9da000 rw-p 00000000 00:00 0 
7f128a9da000-7f128a9dd000 ---p 00000000 00:00 0 
7f128a9dd000-7f128aadb000 rw-p 00000000 00:00 0 
7f128aadb000-7f128aade000 ---p 00000000 00:00 0 
7f128aade000-7f128abdc000 rw-p 00000000 00:00 0 
7f128abdc000-7f128abdf000 ---p 00000000 00:00 0 
7f128abdf000-7f128acdd000 rw-p 00000000 00:00 0 
7f128acdd000-7f128ace0000 ---p 00000000 00:00 0 
7f128ace0000-7f128adde000 rw-p 00000000 00:00 0 
7f128adde000-7f128b4c1000 r--p 00000000 08:03 18487587                   /usr/lib/locale/locale-archive
7f128b4c1000-7f128b4c4000 ---p 00000000 00:00 0 
7f128b4c4000-7f128b5c2000 rw-p 00000000 00:00 0 
7f128b5c2000-7f128b5c5000 ---p 00000000 00:00 0 
7f128b5c5000-7f128b6c3000 rw-p 00000000 00:00 0 
7f128b6c3000-7f128b6c4000 ---p 00000000 00:00 0 
7f128b6c4000-7f128bcc9000 rw-p 00000000 00:00 0 
7f128bcc9000-7f128be5b000 r--s 037bf000 08:03 18618843                   /usr/lib/jvm/java-6-openjdk-amd64/jre/lib/rt.jar
7f128be5b000-7f128be5c000 ---p 00000000 00:00 0 
7f128be5c000-7f128bf5c000 rw-p 00000000 00:00 0 
7f128bf5c000-7f128bf5d000 ---p 00000000 00:00 0 
7f128bf5d000-7f128c05d000 rw-p 00000000 00:00 0 
7f128c05d000-7f128c05e000 ---p 00000000 00:00 0 
7f128c05e000-7f128c185000 rw-p 00000000 00:00 0 
7f128c185000-7f128c3cc000 rw-p 00000000 00:00 0 
7f128c3cc000-7f128c3d7000 rw-p 00000000 00:00 0 
7f128c3d7000-7f128c41f000 rw-p 00000000 00:00 0 
7f128c41f000-7f128c446000 rw-p 00000000 00:00 0 
7f128c446000-7f128c68d000 rw-p 00000000 00:00 0 
7f128c68d000-7f128c6a1000 rw-p 00000000 00:00 0 
7f128c6a1000-7f128c7c4000 rw-p 00000000 00:00 0 
7f128c7c4000-7f128c7c5000 rw-p 00000000 00:00 0 
7f128c7c5000-7f128ca35000 rwxp 00000000 00:00 0 
7f128ca35000-7f128f7c5000 rw-p 00000000 00:00 0 
7f128f7c5000-7f128f7cc000 r-xp 00000000 08:03 18618888                   /usr/lib/jvm/java-6-openjdk-amd64/jre/lib/amd64/libzip.so
7f128f7cc000-7f128f9cb000 ---p 00007000 08:03 18618888                   /usr/lib/jvm/java-6-openjdk-amd64/jre/lib/amd64/libzip.so
7f128f9cb000-7f128f9cc000 r--p 00006000 08:03 18618888                   /usr/lib/jvm/java-6-openjdk-amd64/jre/lib/amd64/libzip.so
7f128f9cc000-7f128f9cd000 rw-p 00007000 08:03 18618888                   /usr/lib/jvm/java-6-openjdk-amd64/jre/lib/amd64/libzip.so
7f128f9cd000-7f128f9d9000 r-xp 00000000 08:03 21758081                   /lib/x86_64-linux-gnu/libnss_files-2.15.so
7f128f9d9000-7f128fbd8000 ---p 0000c000 08:03 21758081                   /lib/x86_64-linux-gnu/libnss_files-2.15.so
7f128fbd8000-7f128fbd9000 r--p 0000b000 08:03 21758081                   /lib/x86_64-linux-gnu/libnss_files-2.15.so
7f128fbd9000-7f128fbda000 rw-p 0000c000 08:03 21758081                   /lib/x86_64-linux-gnu/libnss_files-2.15.so
7f128fbda000-7f128fbe4000 r-xp 00000000 08:03 21758077                   /lib/x86_64-linux-gnu/libnss_nis-2.15.so
7f128fbe4000-7f128fde4000 ---p 0000a000 08:03 21758077                   /lib/x86_64-linux-gnu/libnss_nis-2.15.so
7f128fde4000-7f128fde5000 r--p 0000a000 08:03 21758077                   /lib/x86_64-linux-gnu/libnss_nis-2.15.so
7f128fde5000-7f128fde6000 rw-p 0000b000 08:03 21758077                   /lib/x86_64-linux-gnu/libnss_nis-2.15.so
7f128fde6000-7f128fdfd000 r-xp 00000000 08:03 21761730                   /lib/x86_64-linux-gnu/libnsl-2.15.so
7f128fdfd000-7f128fffc000 ---p 00017000 08:03 21761730                   /lib/x86_64-linux-gnu/libnsl-2.15.so
7f128fffc000-7f128fffd000 r--p 00016000 08:03 21761730                   /lib/x86_64-linux-gnu/libnsl-2.15.so
7f128fffd000-7f128fffe000 rw-p 00017000 08:03 21761730                   /lib/x86_64-linux-gnu/libnsl-2.15.so
7f128fffe000-7f1290000000 rw-p 00000000 00:00 0 
7f1290000000-7f1290d40000 rw-p 00000000 00:00 0 
7f1290d40000-7f1294000000 ---p 00000000 00:00 0 
7f1294000000-7f1294003000 r--s 00000000 08:03 19927196                   /var/cache/fontconfig/e13b20fdb08344e0e664864cc2ede53d-le64.cache-3
7f1294003000-7f1294007000 r--s 00000000 08:03 19927452                   /var/cache/fontconfig/7ef2298fde41cc6eeb7af42e48b7d293-le64.cache-3
7f1294007000-7f1294017000 r--s 00000000 08:03 19927106                   /var/cache/fontconfig/04aabc0a78ac019cf9454389977116d2-le64.cache-3
7f1294017000-7f1294072000 rw-p 00000000 00:00 0 
7f1294072000-7f1294073000 ---p 00000000 00:00 0 
7f1294073000-7f129417e000 rw-p 00000000 00:00 0 
7f129417e000-7f12941c6000 rw-p 00000000 00:00 0 
7f12941c6000-7f12941ce000 r-xp 00000000 08:03 21758082                   /lib/x86_64-linux-gnu/libnss_compat-2.15.so
7f12941ce000-7f12943cd000 ---p 00008000 08:03 21758082                   /lib/x86_64-linux-gnu/libnss_compat-2.15.so
7f12943cd000-7f12943ce000 r--p 00007000 08:03 21758082                   /lib/x86_64-linux-gnu/libnss_compat-2.15.so
7f12943ce000-7f12943cf000 rw-p 00008000 08:03 21758082                   /lib/x86_64-linux-gnu/libnss_compat-2.15.so
7f12943cf000-7f12943fb000 r-xp 00000000 08:03 18618873                   /usr/lib/jvm/java-6-openjdk-amd64/jre/lib/amd64/libjava.so
7f12943fb000-7f12945fa000 ---p 0002c000 08:03 18618873                   /usr/lib/jvm/java-6-openjdk-amd64/jre/lib/amd64/libjava.so
7f12945fa000-7f12945fb000 r--p 0002b000 08:03 18618873                   /usr/lib/jvm/java-6-openjdk-amd64/jre/lib/amd64/libjava.so
7f12945fb000-7f12945fe000 rw-p 0002c000 08:03 18618873                   /usr/lib/jvm/java-6-openjdk-amd64/jre/lib/amd64/libjava.so
7f12945fe000-7f129460c000 r-xp 00000000 08:03 18618872                   /usr/lib/jvm/java-6-openjdk-amd64/jre/lib/amd64/libverify.so
7f129460c000-7f129480b000 ---p 0000e000 08:03 18618872                   /usr/lib/jvm/java-6-openjdk-amd64/jre/lib/amd64/libverify.so
7f129480b000-7f129480d000 r--p 0000d000 08:03 18618872                   /usr/lib/jvm/java-6-openjdk-amd64/jre/lib/amd64/libverify.so
7f129480d000-7f129480e000 rw-p 0000f000 08:03 18618872                   /usr/lib/jvm/java-6-openjdk-amd64/jre/lib/amd64/libverify.so
7f129480e000-7f1294815000 r-xp 00000000 08:03 21758075                   /lib/x86_64-linux-gnu/librt-2.15.so
7f1294815000-7f1294a14000 ---p 00007000 08:03 21758075                   /lib/x86_64-linux-gnu/librt-2.15.so
7f1294a14000-7f1294a15000 r--p 00006000 08:03 21758075                   /lib/x86_64-linux-gnu/librt-2.15.so
7f1294a15000-7f1294a16000 rw-p 00007000 08:03 21758075                   /lib/x86_64-linux-gnu/librt-2.15.so
7f1294a16000-7f1294a2b000 r-xp 00000000 08:03 21761542                   /lib/x86_64-linux-gnu/libgcc_s.so.1
7f1294a2b000-7f1294c2a000 ---p 00015000 08:03 21761542                   /lib/x86_64-linux-gnu/libgcc_s.so.1
7f1294c2a000-7f1294c2b000 r--p 00014000 08:03 21761542                   /lib/x86_64-linux-gnu/libgcc_s.so.1
7f1294c2b000-7f1294c2c000 rw-p 00015000 08:03 21761542                   /lib/x86_64-linux-gnu/libgcc_s.so.1
7f1294c2c000-7f1294d25000 r-xp 00000000 08:03 21758079                   /lib/x86_64-linux-gnu/libm-2.15.so
7f1294d25000-7f1294f24000 ---p 000f9000 08:03 21758079                   /lib/x86_64-linux-gnu/libm-2.15.so
7f1294f24000-7f1294f25000 r--p 000f8000 08:03 21758079                   /lib/x86_64-linux-gnu/libm-2.15.so
7f1294f25000-7f1294f26000 rw-p 000f9000 08:03 21758079                   /lib/x86_64-linux-gnu/libm-2.15.so
7f1294f26000-7f1295008000 r-xp 00000000 08:03 18488773                   /usr/lib/x86_64-linux-gnu/libstdc++.so.6.0.16
7f1295008000-7f1295207000 ---p 000e2000 08:03 18488773                   /usr/lib/x86_64-linux-gnu/libstdc++.so.6.0.16
7f1295207000-7f129520f000 r--p 000e1000 08:03 18488773                   /usr/lib/x86_64-linux-gnu/libstdc++.so.6.0.16
7f129520f000-7f1295211000 rw-p 000e9000 08:03 18488773                   /usr/lib/x86_64-linux-gnu/libstdc++.so.6.0.16
7f1295211000-7f1295226000 rw-p 00000000 00:00 0 
7f1295226000-7f1295b2a000 r-xp 00000000 08:03 18618878                   /usr/lib/jvm/java-6-openjdk-amd64/jre/lib/amd64/server/libjvm.so
7f1295b2a000-7f1295d2a000 ---p 00904000 08:03 18618878                   /usr/lib/jvm/java-6-openjdk-amd64/jre/lib/amd64/server/libjvm.so
7f1295d2a000-7f1295daa000 r--p 00904000 08:03 18618878                   /usr/lib/jvm/java-6-openjdk-amd64/jre/lib/amd64/server/libjvm.so
7f1295daa000-7f1295dc5000 rw-p 00984000 08:03 18618878                   /usr/lib/jvm/java-6-openjdk-amd64/jre/lib/amd64/server/libjvm.so
7f1295dc5000-7f1295dee000 rw-p 00000000 00:00 0 
7f1295dee000-7f1295e04000 r-xp 00000000 08:03 21761632                   /lib/x86_64-linux-gnu/libz.so.1.2.3.4
7f1295e04000-7f1296003000 ---p 00016000 08:03 21761632                   /lib/x86_64-linux-gnu/libz.so.1.2.3.4
7f1296003000-7f1296004000 r--p 00015000 08:03 21761632                   /lib/x86_64-linux-gnu/libz.so.1.2.3.4
7f1296004000-7f1296005000 rw-p 00016000 08:03 21761632                   /lib/x86_64-linux-gnu/libz.so.1.2.3.4
7f1296005000-7f12961ba000 r-xp 00000000 08:03 21757975                   /lib/x86_64-linux-gnu/libc-2.15.so
7f12961ba000-7f12963b9000 ---p 001b5000 08:03 21757975                   /lib/x86_64-linux-gnu/libc-2.15.so
7f12963b9000-7f12963bd000 r--p 001b4000 08:03 21757975                   /lib/x86_64-linux-gnu/libc-2.15.so
7f12963bd000-7f12963bf000 rw-p 001b8000 08:03 21757975                   /lib/x86_64-linux-gnu/libc-2.15.so
7f12963bf000-7f12963c4000 rw-p 00000000 00:00 0 
7f12963c4000-7f12963c6000 r-xp 00000000 08:03 21757964                   /lib/x86_64-linux-gnu/libdl-2.15.so
7f12963c6000-7f12965c6000 ---p 00002000 08:03 21757964                   /lib/x86_64-linux-gnu/libdl-2.15.so
7f12965c6000-7f12965c7000 r--p 00002000 08:03 21757964                   /lib/x86_64-linux-gnu/libdl-2.15.so
7f12965c7000-7f12965c8000 rw-p 00003000 08:03 21757964                   /lib/x86_64-linux-gnu/libdl-2.15.so
7f12965c8000-7f12965cc000 r-xp 00000000 08:03 18618855                   /usr/lib/jvm/java-6-openjdk-amd64/jre/lib/amd64/jli/libjli.so
7f12965cc000-7f12967cb000 ---p 00004000 08:03 18618855                   /usr/lib/jvm/java-6-openjdk-amd64/jre/lib/amd64/jli/libjli.so
7f12967cb000-7f12967cc000 r--p 00003000 08:03 18618855                   /usr/lib/jvm/java-6-openjdk-amd64/jre/lib/amd64/jli/libjli.so
7f12967cc000-7f12967cd000 rw-p 00004000 08:03 18618855                   /usr/lib/jvm/java-6-openjdk-amd64/jre/lib/amd64/jli/libjli.so
7f12967cd000-7f12967e5000 r-xp 00000000 08:03 21758073                   /lib/x86_64-linux-gnu/libpthread-2.15.so
7f12967e5000-7f12969e4000 ---p 00018000 08:03 21758073                   /lib/x86_64-linux-gnu/libpthread-2.15.so
7f12969e4000-7f12969e5000 r--p 00017000 08:03 21758073                   /lib/x86_64-linux-gnu/libpthread-2.15.so
7f12969e5000-7f12969e6000 rw-p 00018000 08:03 21758073                   /lib/x86_64-linux-gnu/libpthread-2.15.so
7f12969e6000-7f12969ea000 rw-p 00000000 00:00 0 
7f12969ea000-7f1296a0c000 r-xp 00000000 08:03 21758085                   /lib/x86_64-linux-gnu/ld-2.15.so
7f1296a0c000-7f1296a0f000 r--s 00000000 08:03 19927121                   /var/cache/fontconfig/8801497958630a81b71ace7c5f9b32a8-le64.cache-3
7f1296a0f000-7f1296a12000 r--s 00000000 08:03 19927112                   /var/cache/fontconfig/385c0604a188198f04d133e54aba7fe7-le64.cache-3
7f1296a12000-7f1296a15000 r--s 00000000 08:03 19927121                   /var/cache/fontconfig/8801497958630a81b71ace7c5f9b32a8-le64.cache-3
7f1296a15000-7f1296a1a000 r--s 00000000 08:03 19927110                   /var/cache/fontconfig/3047814df9a2f067bd2d96a2b9c36e5a-le64.cache-3
7f1296a1a000-7f1296a2a000 r--s 00000000 08:03 19927130                   /var/cache/fontconfig/d52a8644073d54c13679302ca1180695-le64.cache-3
7f1296a2a000-7f1296a34000 rw-p 00000000 00:00 0 
7f1296a34000-7f1296aea000 rw-p 00000000 00:00 0 
7f1296aea000-7f1296aed000 ---p 00000000 00:00 0 
7f1296aed000-7f1296bf0000 rw-p 00000000 00:00 0 
7f1296bf0000-7f1296bf1000 r--s 00000000 08:03 19927113                   /var/cache/fontconfig/4794a0821666d79190d59a36cb4f44b5-le64.cache-3
7f1296bf1000-7f1296bf2000 r--s 00000000 08:03 19927113                   /var/cache/fontconfig/4794a0821666d79190d59a36cb4f44b5-le64.cache-3
7f1296bf2000-7f1296bf3000 r--s 00000000 08:03 19927115                   /var/cache/fontconfig/56cf4f4769d0f4abc89a4895d7bd3ae1-le64.cache-3
7f1296bf3000-7f1296bf4000 r--s 00000000 08:03 19927126                   /var/cache/fontconfig/b9d506c9ac06c20b433354fa67a72993-le64.cache-3
7f1296bf4000-7f1296bf9000 r--s 00000000 08:03 19927125                   /var/cache/fontconfig/b47c4e1ecd0709278f4910c18777a504-le64.cache-3
7f1296bf9000-7f1296bfc000 r--s 00000000 08:03 19927196                   /var/cache/fontconfig/e13b20fdb08344e0e664864cc2ede53d-le64.cache-3
7f1296bfc000-7f1296c00000 r--s 00000000 08:03 19927452                   /var/cache/fontconfig/7ef2298fde41cc6eeb7af42e48b7d293-le64.cache-3
7f1296c00000-7f1296c08000 rw-s 00000000 08:03 8126549                    /tmp/hsperfdata_arwilczek90/10428 (deleted)
7f1296c08000-7f1296c09000 rw-p 00000000 00:00 0 
7f1296c09000-7f1296c0a000 ---p 00000000 00:00 0 
7f1296c0a000-7f1296c0c000 rw-p 00000000 00:00 0 
7f1296c0c000-7f1296c0d000 r--p 00022000 08:03 21758085                   /lib/x86_64-linux-gnu/ld-2.15.so
7f1296c0d000-7f1296c0f000 rw-p 00023000 08:03 21758085                   /lib/x86_64-linux-gnu/ld-2.15.so
7fffa9681000-7fffa96a2000 rw-p 00000000 00:00 0                          [stack]
7fffa976f000-7fffa9770000 r-xp 00000000 00:00 0                          [vdso]
ffffffffff600000-ffffffffff601000 r-xp 00000000 00:00 0                  [vsyscall]

VM Arguments:
jvm_args: -Djava.library.path=/home/arwilczek90/workspace/Elements/lib/slick:/home/arwilczek90/workspace/Elements/lib/slick -Dfile.encoding=UTF-8 
java_command: com.hack.elements.view.Main
Launcher Type: SUN_STANDARD

Environment Variables:
PATH=/usr/lib/lightdm/lightdm:/usr/local/sbin:/usr/local/bin:/usr/sbin:/usr/bin:/sbin:/bin:/usr/games
LD_LIBRARY_PATH=/usr/lib/jvm/java-6-openjdk-amd64/jre/lib/amd64/server:/usr/lib/jvm/java-6-openjdk-amd64/jre/lib/amd64:/usr/lib/jvm/java-6-openjdk-amd64/jre/../lib/amd64
SHELL=/bin/bash
DISPLAY=:0.0

Signal Handlers:
SIGSEGV: [libjvm.so+0x784310], sa_mask[0]=0x7ffbfeff, sa_flags=0x10000004
SIGBUS: [libjvm.so+0x784310], sa_mask[0]=0x7ffbfeff, sa_flags=0x10000004
SIGFPE: [libjvm.so+0x648580], sa_mask[0]=0x7ffbfeff, sa_flags=0x10000004
SIGPIPE: [libjvm.so+0x648580], sa_mask[0]=0x7ffbfeff, sa_flags=0x10000004
SIGXFSZ: [libjvm.so+0x648580], sa_mask[0]=0x7ffbfeff, sa_flags=0x10000004
SIGILL: [libjvm.so+0x648580], sa_mask[0]=0x7ffbfeff, sa_flags=0x10000004
SIGUSR1: SIG_DFL, sa_mask[0]=0x00000000, sa_flags=0x00000000
SIGUSR2: [libjvm.so+0x648730], sa_mask[0]=0x00000004, sa_flags=0x10000004
SIGHUP: [libjvm.so+0x64b250], sa_mask[0]=0x7ffbfeff, sa_flags=0x10000004
SIGINT: [libjvm.so+0x64b250], sa_mask[0]=0x7ffbfeff, sa_flags=0x10000004
SIGTERM: [libjvm.so+0x64b250], sa_mask[0]=0x7ffbfeff, sa_flags=0x10000004
SIGQUIT: [libjvm.so+0x64b250], sa_mask[0]=0x7ffbfeff, sa_flags=0x10000004


---------------  S Y S T E M  ---------------

OS:Ubuntu 12.04 (precise)
uname:Linux 3.2.0-32-generic #51-Ubuntu SMP Wed Sep 26 21:33:09 UTC 2012 x86_64
libc:glibc 2.15 NPTL 2.15 
rlimit: STACK 8192k, CORE 0k, NPROC 59545, NOFILE 4096, AS infinity
load average:1.86 1.87 1.95

/proc/meminfo:
MemTotal:        7639648 kB
MemFree:         4187828 kB
Buffers:          108044 kB
Cached:          1118676 kB
SwapCached:            0 kB
Active:          2304888 kB
Inactive:         693604 kB
Active(anon):    1772600 kB
Inactive(anon):    15000 kB
Active(file):     532288 kB
Inactive(file):   678604 kB
Unevictable:          20 kB
Mlocked:              20 kB
SwapTotal:       3818492 kB
SwapFree:        3818492 kB
Dirty:               544 kB
Writeback:             0 kB
AnonPages:       1771952 kB
Mapped:           319932 kB
Shmem:             15832 kB
Slab:              92392 kB
SReclaimable:      61312 kB
SUnreclaim:        31080 kB
KernelStack:        4528 kB
PageTables:        36780 kB
NFS_Unstable:          0 kB
Bounce:                0 kB
WritebackTmp:          0 kB
CommitLimit:     7638316 kB
Committed_AS:    4673608 kB
VmallocTotal:   34359738367 kB
VmallocUsed:      116912 kB
VmallocChunk:   34359619344 kB
HardwareCorrupted:     0 kB
AnonHugePages:         0 kB
HugePages_Total:       0
HugePages_Free:        0
HugePages_Rsvd:        0
HugePages_Surp:        0
Hugepagesize:       2048 kB
DirectMap4k:      282624 kB
DirectMap2M:     5464064 kB
DirectMap1G:     2097152 kB


CPU:total 4 (4 cores per cpu, 1 threads per core) family 18 model 1 stepping 0, cmov, cx8, fxsr, mmx, sse, sse2, sse3, popcnt, mmxext, 3dnowpref, lzcnt, sse4a

Memory: 4k page, physical 7639648k(4187828k free), swap 3818492k(3818492k free)

vm_info: OpenJDK 64-Bit Server VM (20.0-b12) for linux-amd64 JRE (1.6.0_24-b24), built on Sep  2 2012 19:50:47 by "buildd" with gcc 4.6.3

time: Sat Oct 13 17:31:53 2012
elapsed time: 23 seconds

