#
# A fatal error has been detected by the Java Runtime Environment:
#
#  SIGSEGV (0xb) at pc=0x00007f628089ec58, pid=17132, tid=140061186053888
#
# JRE version: 6.0_24-b24
# Java VM: OpenJDK 64-Bit Server VM (20.0-b12 mixed mode linux-amd64 compressed oops)
# Derivative: IcedTea6 1.11.4
# Distribution: Ubuntu 12.04 LTS, package 6b24-1.11.4-1ubuntu0.12.04.1
# Problematic frame:
# C  [libX11.so.6+0x33c58]  XQueryExtension+0x28
#
# If you would like to submit a bug report, please include
# instructions how to reproduce the bug and visit:
#   https://bugs.launchpad.net/ubuntu/+source/openjdk-6/
#

---------------  T H R E A D  ---------------

Current thread (0x00007f6284070000):  VMThread [stack: 0x00007f62892dd000,0x00007f62893de000] [id=17142]

siginfo:si_signo=SIGSEGV: si_errno=0, si_code=1 (SEGV_MAPERR), si_addr=0xffffffff84238498

Registers:
RAX=0x00007f62640008c0, RBX=0xffffffff84237b30, RCX=0x00007f62893dc9d8, RDX=0x00007f62893dc9d4
RSP=0x00007f62893dc970, RBP=0x00007f627a949932, RSI=0x00007f627a949932, RDI=0xffffffff84237b30
R8 =0x00007f62893dc9dc, R9 =0x0000000000000000, R10=0x00007f628cfc3fa8, R11=0x00007f628cc43ca0
R12=0x0000000000000000, R13=0x00007f627a949932, R14=0x00007f62640008c0, R15=0x0000000000000000
RIP=0x00007f628089ec58, EFLAGS=0x0000000000010202, CSGSFS=0x0000000000000033, ERR=0x0000000000000005
  TRAPNO=0x000000000000000e

Top of Stack: (sp=0x00007f62893dc970)
0x00007f62893dc970:   00007f628cc16790 00007f628d7f29e8
0x00007f62893dc980:   00007f628109d080 00007f628109d0e0
0x00007f62893dc990:   00000000ffffffff ffffffff84237b30
0x00007f62893dc9a0:   00007f627a949932 0000000000000000
0x00007f62893dc9b0:   00007f627a949932 00007f62640008c0
0x00007f62893dc9c0:   0000000000000000 00007f6280892c55
0x00007f62893dc9d0:   00007f628d810048 00007f627aa82520
0x00007f62893dc9e0:   00007f627aa82520 ffffffff84237b30
0x00007f62893dc9f0:   00007f6284189a30 00007f6280bac02b
0x00007f62893dca00:   00007f628cc16790 000000110000002c
0x00007f62893dca10:   00007f62893dca90 0000000000000000
0x00007f62893dca20:   00007f62893dca90 ffffffff84237b30
0x00007f62893dca30:   0000000000000000 00007f628d810048
0x00007f62893dca40:   00007f627aa9bd50 00007f627a8f0119
0x00007f62893dca50:   0000000000000000 000000000000002c
0x00007f62893dca60:   00007f62893dca90 00007f62893dcab0
0x00007f62893dca70:   0000000000000000 00007f628d810048
0x00007f62893dca80:   00007f6284237690 00007f627a8e6b42
0x00007f62893dca90:   00007f62893dcc80 00007f627a9498b1
0x00007f62893dcaa0:   00007f62893dcc80 00007f628d5fc92d
0x00007f62893dcab0:   00007f628d8112c8 00007f628d811858
0x00007f62893dcac0:   00007f628d7f2000 00007f6284006a00
0x00007f62893dcad0:   00007f6284007510 00007f6284006eb0
0x00007f62893dcae0:   00007f6284007a10 00007f628400c6f0
0x00007f62893dcaf0:   00007f6284135ec0 00007f62841363a0
0x00007f62893dcb00:   00007f628d7f1000 00007f6284234240
0x00007f62893dcb10:   00007f628422e780 00007f628422ec20
0x00007f62893dcb20:   00007f6284234710 00007f6284234bb0
0x00007f62893dcb30:   00007f6284235050 00007f62840f9990
0x00007f62893dcb40:   00007f62840f5180 00007f62840025e0
0x00007f62893dcb50:   00007f6284001ec0 000000000192c5f0
0x00007f62893dcb60:   000000000192cb60 000000000192d570 

Instructions: (pc=0x00007f628089ec58)
0x00007f628089ec38:   24 d8 48 89 fb 4c 89 64 24 e0 4c 89 6c 24 e8 48
0x00007f628089ec48:   89 f5 4c 89 74 24 f0 4c 89 7c 24 f8 48 83 ec 58
0x00007f628089ec58:   48 8b 87 68 09 00 00 49 89 d4 49 89 cd 4d 89 c6
0x00007f628089ec68:   48 85 c0 74 02 ff 10 ba 08 00 00 00 be 62 00 00 

Register to memory mapping:

RAX=0x00007f62640008c0 is an unknown value
RBX=0xffffffff84237b30 is an unknown value
RCX=0x00007f62893dc9d8 is an unknown value
RDX=0x00007f62893dc9d4 is an unknown value
RSP=0x00007f62893dc970 is an unknown value
RBP=0x00007f627a949932: <offset 0x96932> in /usr/lib/fglrx/libGL.so.1 at 0x00007f627a8b3000
RSI=0x00007f627a949932: <offset 0x96932> in /usr/lib/fglrx/libGL.so.1 at 0x00007f627a8b3000
RDI=0xffffffff84237b30 is an unknown value
R8 =0x00007f62893dc9dc is an unknown value
R9 =0x0000000000000000 is an unknown value
R10=0x00007f628cfc3fa8: <offset 0x3bbfa8> in /lib/x86_64-linux-gnu/libc.so.6 at 0x00007f628cc08000
R11=0x00007f628cc43ca0: __cxa_finalize+0 in /lib/x86_64-linux-gnu/libc.so.6 at 0x00007f628cc08000
R12=0x0000000000000000 is an unknown value
R13=0x00007f627a949932: <offset 0x96932> in /usr/lib/fglrx/libGL.so.1 at 0x00007f627a8b3000
R14=0x00007f62640008c0 is an unknown value
R15=0x0000000000000000 is an unknown value


Stack: [0x00007f62892dd000,0x00007f62893de000],  sp=0x00007f62893dc970,  free space=1022k
Native frames: (J=compiled Java code, j=interpreted, Vv=VM code, C=native code)
C  [libX11.so.6+0x33c58]  XQueryExtension+0x28

VM_Operation (0x00007f628d7ec680): Exit, mode: safepoint, requested by thread 0x00007f6284008800


---------------  P R O C E S S  ---------------

Java Threads: ( => current thread )
  0x00007f6284b00800 JavaThread "Thread-2" daemon [_thread_blocked, id=17154, stack(0x00007f6278003000,0x00007f6278104000)]
  0x00007f6284233800 JavaThread "AWT-XAWT" daemon [_thread_blocked, id=17151, stack(0x00007f627b20e000,0x00007f627b30f000)]
  0x00007f6284147000 JavaThread "Java2D Disposer" daemon [_thread_blocked, id=17150, stack(0x00007f62880fd000,0x00007f62881fe000)]
  0x00007f628409e800 JavaThread "Low Memory Detector" daemon [_thread_blocked, id=17148, stack(0x00007f62885f4000,0x00007f62886f5000)]
  0x00007f628409c000 JavaThread "C2 CompilerThread1" daemon [_thread_blocked, id=17147, stack(0x00007f62886f5000,0x00007f62887f6000)]
  0x00007f6284099800 JavaThread "C2 CompilerThread0" daemon [_thread_blocked, id=17146, stack(0x00007f62887f6000,0x00007f62888f7000)]
  0x00007f6284098000 JavaThread "Signal Dispatcher" daemon [_thread_blocked, id=17145, stack(0x00007f62888f7000,0x00007f62889f8000)]
  0x00007f6284079000 JavaThread "Finalizer" daemon [_thread_blocked, id=17144, stack(0x00007f62890db000,0x00007f62891dc000)]
  0x00007f6284077000 JavaThread "Reference Handler" daemon [_thread_blocked, id=17143, stack(0x00007f62891dc000,0x00007f62892dd000)]
  0x00007f6284008800 JavaThread "main" [_thread_blocked, id=17133, stack(0x00007f628d6ed000,0x00007f628d7ee000)]

Other Threads:
=>0x00007f6284070000 VMThread [stack: 0x00007f62892dd000,0x00007f62893de000] [id=17142]

VM state:at safepoint (shutting down)

VM Mutex/Monitor currently owned by a thread:  ([mutex/lock_event])
[0x00007f6284004dd0] Threads_lock - owner thread: 0x00007f6284070000

Heap
 PSYoungGen      total 34880K, used 7878K [0x00000000d9200000, 0x00000000db8e0000, 0x0000000100000000)
  eden space 29952K, 26% used [0x00000000d9200000,0x00000000d99b1918,0x00000000daf40000)
  from space 4928K, 0% used [0x00000000db410000,0x00000000db410000,0x00000000db8e0000)
  to   space 4928K, 0% used [0x00000000daf40000,0x00000000daf40000,0x00000000db410000)
 PSOldGen        total 79616K, used 0K [0x000000008b600000, 0x00000000903c0000, 0x00000000d9200000)
  object space 79616K, 0% used [0x000000008b600000,0x000000008b600000,0x00000000903c0000)
 PSPermGen       total 21248K, used 11318K [0x0000000081000000, 0x00000000824c0000, 0x000000008b600000)
  object space 21248K, 53% used [0x0000000081000000,0x0000000081b0d868,0x00000000824c0000)

Code Cache  [0x00007f6281000000, 0x00007f6281270000, 0x00007f6284000000)
 total_blobs=548 nmethods=63 adapters=439 free_code_cache=49653696 largest_free_block=6400

Dynamic libraries:
00400000-00409000 r-xp 00000000 08:03 18618890                           /usr/lib/jvm/java-6-openjdk-amd64/jre/bin/java
00608000-00609000 r--p 00008000 08:03 18618890                           /usr/lib/jvm/java-6-openjdk-amd64/jre/bin/java
00609000-0060a000 rw-p 00009000 08:03 18618890                           /usr/lib/jvm/java-6-openjdk-amd64/jre/bin/java
0192c000-0194d000 rw-p 00000000 00:00 0                                  [heap]
81000000-824c0000 rw-p 00000000 00:00 0 
824c0000-8b600000 rw-p 00000000 00:00 0 
8b600000-903c0000 rw-p 00000000 00:00 0 
903c0000-d9200000 rw-p 00000000 00:00 0 
d9200000-db8e0000 rw-p 00000000 00:00 0 
db8e0000-100000000 rw-p 00000000 00:00 0 
7f6234000000-7f6234021000 rw-p 00000000 00:00 0 
7f6234021000-7f6238000000 ---p 00000000 00:00 0 
7f623c000000-7f623c021000 rw-p 00000000 00:00 0 
7f623c021000-7f6240000000 ---p 00000000 00:00 0 
7f62433f1000-7f62433f4000 ---p 00000000 00:00 0 
7f62433f4000-7f62434f2000 rw-p 00000000 00:00 0 
7f62434f2000-7f62434f5000 ---p 00000000 00:00 0 
7f62434f5000-7f62437f5000 rw-p 00000000 00:00 0 
7f62437f5000-7f62437fd000 r--s 00067000 08:03 15598510                   /home/arwilczek90/workspace/Elements/lib/slick/lib/slick-sources.jar
7f62437fd000-7f6243800000 r-xp 00000000 08:03 15602613                   /home/arwilczek90/workspace/Elements/lib/slick/libjinput-linux64.so
7f6243800000-7f62438ff000 ---p 00003000 08:03 15602613                   /home/arwilczek90/workspace/Elements/lib/slick/libjinput-linux64.so
7f62438ff000-7f6243900000 rw-p 00002000 08:03 15602613                   /home/arwilczek90/workspace/Elements/lib/slick/libjinput-linux64.so
7f6243900000-7f6244000000 rw-s 00006000 00:05 10225                      /dev/ati/card0
7f6244000000-7f6244021000 rw-p 00000000 00:00 0 
7f6244021000-7f6248000000 ---p 00000000 00:00 0 
7f6248000000-7f6248021000 rw-p 00000000 00:00 0 
7f6248021000-7f624c000000 ---p 00000000 00:00 0 
7f624c000000-7f624c021000 rw-p 00000000 00:00 0 
7f624c021000-7f6250000000 ---p 00000000 00:00 0 
7f6250000000-7f6250021000 rw-p 00000000 00:00 0 
7f6250021000-7f6254000000 ---p 00000000 00:00 0 
7f6254000000-7f625419e000 rw-p 00000000 00:00 0 
7f625419e000-7f6258000000 ---p 00000000 00:00 0 
7f6258000000-7f6258177000 rw-p 00000000 00:00 0 
7f6258177000-7f625c000000 ---p 00000000 00:00 0 
7f625c000000-7f625c021000 rw-p 00000000 00:00 0 
7f625c021000-7f6260000000 ---p 00000000 00:00 0 
7f6260000000-7f6260021000 rw-p 00000000 00:00 0 
7f6260021000-7f6264000000 ---p 00000000 00:00 0 
7f6264000000-7f6264021000 rw-p 00000000 00:00 0 
7f6264021000-7f6268000000 ---p 00000000 00:00 0 
7f6268000000-7f6268021000 rw-p 00000000 00:00 0 
7f6268021000-7f626c000000 ---p 00000000 00:00 0 
7f626c000000-7f626c021000 rw-p 00000000 00:00 0 
7f626c021000-7f6270000000 ---p 00000000 00:00 0 
7f6270000000-7f6270021000 rw-p 00000000 00:00 0 
7f6270021000-7f6274000000 ---p 00000000 00:00 0 
7f6274000000-7f6274021000 rw-p 00000000 00:00 0 
7f6274021000-7f6278000000 ---p 00000000 00:00 0 
7f6278003000-7f6278006000 ---p 00000000 00:00 0 
7f6278006000-7f6278104000 rw-p 00000000 00:00 0 
7f6278144000-7f6278146000 r-xp 00000000 08:03 18488267                   /usr/lib/x86_64-linux-gnu/libXinerama.so.1.0.0
7f6278146000-7f6278345000 ---p 00002000 08:03 18488267                   /usr/lib/x86_64-linux-gnu/libXinerama.so.1.0.0
7f6278345000-7f6278346000 r--p 00001000 08:03 18488267                   /usr/lib/x86_64-linux-gnu/libXinerama.so.1.0.0
7f6278346000-7f6278347000 rw-p 00002000 08:03 18488267                   /usr/lib/x86_64-linux-gnu/libXinerama.so.1.0.0
7f6278347000-7f6278382000 r-xp 00000000 08:03 19009508                   /usr/lib/fglrx/libatiadlxx.so
7f6278382000-7f6278482000 ---p 0003b000 08:03 19009508                   /usr/lib/fglrx/libatiadlxx.so
7f6278482000-7f627848b000 rw-p 0003b000 08:03 19009508                   /usr/lib/fglrx/libatiadlxx.so
7f627848b000-7f627849c000 rw-p 00000000 00:00 0 
7f627849c000-7f62784dc000 rw-s f0300000 00:05 10225                      /dev/ati/card0
7f62784dc000-7f62784e3000 r-xp 00000000 08:03 19009532                   /usr/lib/fglrx/libatiuki.so.1.0
7f62784e3000-7f62785e3000 ---p 00007000 08:03 19009532                   /usr/lib/fglrx/libatiuki.so.1.0
7f62785e3000-7f62785e4000 rw-p 00007000 08:03 19009532                   /usr/lib/fglrx/libatiuki.so.1.0
7f62785e4000-7f62785e5000 rw-p 00000000 00:00 0 
7f62785e5000-7f627a53f000 r-xp 00000000 08:03 19009510                   /usr/lib/fglrx/dri/fglrx_dri.so
7f627a53f000-7f627a63f000 ---p 01f5a000 08:03 19009510                   /usr/lib/fglrx/dri/fglrx_dri.so
7f627a63f000-7f627a78d000 rwxp 01f5a000 08:03 19009510                   /usr/lib/fglrx/dri/fglrx_dri.so
7f627a78d000-7f627a8b3000 rwxp 00000000 00:00 0 
7f627a8b3000-7f627a976000 r-xp 00000000 08:03 19009512                   /usr/lib/fglrx/libGL.so.1.2
7f627a976000-7f627aa75000 ---p 000c3000 08:03 19009512                   /usr/lib/fglrx/libGL.so.1.2
7f627aa75000-7f627aa9c000 rwxp 000c2000 08:03 19009512                   /usr/lib/fglrx/libGL.so.1.2
7f627aa9c000-7f627aabc000 rwxp 00000000 00:00 0 
7f627aabc000-7f627aabd000 r-xp 00000000 08:03 18618886                   /usr/lib/jvm/java-6-openjdk-amd64/jre/lib/amd64/libjawt.so
7f627aabd000-7f627acbc000 ---p 00001000 08:03 18618886                   /usr/lib/jvm/java-6-openjdk-amd64/jre/lib/amd64/libjawt.so
7f627acbc000-7f627acbd000 r--p 00000000 08:03 18618886                   /usr/lib/jvm/java-6-openjdk-amd64/jre/lib/amd64/libjawt.so
7f627acbd000-7f627acbe000 rw-p 00001000 08:03 18618886                   /usr/lib/jvm/java-6-openjdk-amd64/jre/lib/amd64/libjawt.so
7f627acbe000-7f627acc2000 r-xp 00000000 08:03 18488287                   /usr/lib/x86_64-linux-gnu/libXxf86vm.so.1.0.0
7f627acc2000-7f627aec1000 ---p 00004000 08:03 18488287                   /usr/lib/x86_64-linux-gnu/libXxf86vm.so.1.0.0
7f627aec1000-7f627aec2000 r--p 00003000 08:03 18488287                   /usr/lib/x86_64-linux-gnu/libXxf86vm.so.1.0.0
7f627aec2000-7f627aec3000 rw-p 00004000 08:03 18488287                   /usr/lib/x86_64-linux-gnu/libXxf86vm.so.1.0.0
7f627aec3000-7f627aecb000 r-xp 00000000 08:03 18488277                   /usr/lib/x86_64-linux-gnu/libXrandr.so.2.2.0
7f627aecb000-7f627b0ca000 ---p 00008000 08:03 18488277                   /usr/lib/x86_64-linux-gnu/libXrandr.so.2.2.0
7f627b0ca000-7f627b0cb000 r--p 00007000 08:03 18488277                   /usr/lib/x86_64-linux-gnu/libXrandr.so.2.2.0
7f627b0cb000-7f627b0cc000 rw-p 00008000 08:03 18488277                   /usr/lib/x86_64-linux-gnu/libXrandr.so.2.2.0
7f627b0cc000-7f627b10c000 r-xp 00000000 08:03 15602617                   /home/arwilczek90/workspace/Elements/lib/slick/liblwjgl64.so
7f627b10c000-7f627b20c000 ---p 00040000 08:03 15602617                   /home/arwilczek90/workspace/Elements/lib/slick/liblwjgl64.so
7f627b20c000-7f627b20e000 rw-p 00040000 08:03 15602617                   /home/arwilczek90/workspace/Elements/lib/slick/liblwjgl64.so
7f627b20e000-7f627b211000 ---p 00000000 00:00 0 
7f627b211000-7f627b30f000 rw-p 00000000 00:00 0 
7f627b30f000-7f627b314000 r-xp 00000000 08:03 18488261                   /usr/lib/x86_64-linux-gnu/libXfixes.so.3.1.0
7f627b314000-7f627b513000 ---p 00005000 08:03 18488261                   /usr/lib/x86_64-linux-gnu/libXfixes.so.3.1.0
7f627b513000-7f627b514000 r--p 00004000 08:03 18488261                   /usr/lib/x86_64-linux-gnu/libXfixes.so.3.1.0
7f627b514000-7f627b515000 rw-p 00005000 08:03 18488261                   /usr/lib/x86_64-linux-gnu/libXfixes.so.3.1.0
7f627b515000-7f627b51e000 r-xp 00000000 08:03 18488253                   /usr/lib/x86_64-linux-gnu/libXcursor.so.1.0.2
7f627b51e000-7f627b71d000 ---p 00009000 08:03 18488253                   /usr/lib/x86_64-linux-gnu/libXcursor.so.1.0.2
7f627b71d000-7f627b71e000 r--p 00008000 08:03 18488253                   /usr/lib/x86_64-linux-gnu/libXcursor.so.1.0.2
7f627b71e000-7f627b71f000 rw-p 00009000 08:03 18488253                   /usr/lib/x86_64-linux-gnu/libXcursor.so.1.0.2
7f627b71f000-7f627b7b5000 r-xp 00000000 08:03 18488439                   /usr/lib/x86_64-linux-gnu/libfreetype.so.6.8.0
7f627b7b5000-7f627b9b4000 ---p 00096000 08:03 18488439                   /usr/lib/x86_64-linux-gnu/libfreetype.so.6.8.0
7f627b9b4000-7f627b9ba000 r--p 00095000 08:03 18488439                   /usr/lib/x86_64-linux-gnu/libfreetype.so.6.8.0
7f627b9ba000-7f627b9bb000 rw-p 0009b000 08:03 18488439                   /usr/lib/x86_64-linux-gnu/libfreetype.so.6.8.0
7f627b9bb000-7f627b9f5000 r-xp 00000000 08:03 18618871                   /usr/lib/jvm/java-6-openjdk-amd64/jre/lib/amd64/libfontmanager.so
7f627b9f5000-7f627bbf4000 ---p 0003a000 08:03 18618871                   /usr/lib/jvm/java-6-openjdk-amd64/jre/lib/amd64/libfontmanager.so
7f627bbf4000-7f627bbf6000 r--p 00039000 08:03 18618871                   /usr/lib/jvm/java-6-openjdk-amd64/jre/lib/amd64/libfontmanager.so
7f627bbf6000-7f627bbf7000 rw-p 0003b000 08:03 18618871                   /usr/lib/jvm/java-6-openjdk-amd64/jre/lib/amd64/libfontmanager.so
7f627bbf7000-7f627bbfc000 r-xp 00000000 08:03 18488257                   /usr/lib/x86_64-linux-gnu/libXdmcp.so.6.0.0
7f627bbfc000-7f627bdfb000 ---p 00005000 08:03 18488257                   /usr/lib/x86_64-linux-gnu/libXdmcp.so.6.0.0
7f627bdfb000-7f627bdfc000 r--p 00004000 08:03 18488257                   /usr/lib/x86_64-linux-gnu/libXdmcp.so.6.0.0
7f627bdfc000-7f627bdfd000 rw-p 00005000 08:03 18488257                   /usr/lib/x86_64-linux-gnu/libXdmcp.so.6.0.0
7f627bdfd000-7f627bdff000 r-xp 00000000 08:03 18488246                   /usr/lib/x86_64-linux-gnu/libXau.so.6.0.0
7f627bdff000-7f627bffe000 ---p 00002000 08:03 18488246                   /usr/lib/x86_64-linux-gnu/libXau.so.6.0.0
7f627bffe000-7f627bfff000 r--p 00001000 08:03 18488246                   /usr/lib/x86_64-linux-gnu/libXau.so.6.0.0
7f627bfff000-7f627c000000 rw-p 00002000 08:03 18488246                   /usr/lib/x86_64-linux-gnu/libXau.so.6.0.0
7f627c000000-7f627c021000 rw-p 00000000 00:00 0 
7f627c021000-7f6280000000 ---p 00000000 00:00 0 
7f6280001000-7f6280003000 r--s 00015000 08:03 15598514                   /home/arwilczek90/workspace/Elements/lib/slick/lib/tinylinepp.jar
7f6280003000-7f6280006000 r--s 00015000 08:03 15598512                   /home/arwilczek90/workspace/Elements/lib/slick/lib/slick-util.jar
7f6280006000-7f6280007000 r--s 00000000 08:03 15598509                   /home/arwilczek90/workspace/Elements/lib/slick/lib/slick-examples.jar
7f6280007000-7f6280008000 r--s 00003000 08:03 15598508                   /home/arwilczek90/workspace/Elements/lib/slick/lib/scalar.jar
7f6280008000-7f628000b000 r--s 00017000 08:03 15598507                   /home/arwilczek90/workspace/Elements/lib/slick/lib/pedigree.jar
7f628000b000-7f6280016000 r--s 00093000 08:03 15598513                   /home/arwilczek90/workspace/Elements/lib/slick/lib/slick.jar
7f6280016000-7f6280018000 r--s 00004000 08:03 15598506                   /home/arwilczek90/workspace/Elements/lib/slick/lib/packulike.jar
7f6280018000-7f6280019000 r--s 00043000 08:03 15598505                   /home/arwilczek90/workspace/Elements/lib/slick/lib/natives-win32.jar
7f6280019000-7f628001b000 r--s 00033000 08:03 15598504                   /home/arwilczek90/workspace/Elements/lib/slick/lib/natives-mac.jar
7f628001b000-7f628001c000 r--s 0003d000 08:03 15598503                   /home/arwilczek90/workspace/Elements/lib/slick/lib/natives-linux.jar
7f628001c000-7f6280023000 r--s 00073000 08:03 15598502                   /home/arwilczek90/workspace/Elements/lib/slick/lib/lwjgl.jar
7f6280023000-7f6280025000 r--s 0000d000 08:03 15598501                   /home/arwilczek90/workspace/Elements/lib/slick/lib/jorbis-0.0.15.jar
7f6280025000-7f6280026000 r--s 00001000 08:03 15598500                   /home/arwilczek90/workspace/Elements/lib/slick/lib/jogg-0.0.7.jar
7f6280026000-7f6280027000 r--s 00001000 08:03 15598499                   /home/arwilczek90/workspace/Elements/lib/slick/lib/jnlp.jar
7f6280027000-7f628002c000 r--s 0002f000 08:03 15598498                   /home/arwilczek90/workspace/Elements/lib/slick/lib/jinput.jar
7f628002c000-7f628002e000 rw-s 00002000 00:05 10225                      /dev/ati/card0
7f628002e000-7f628004b000 r-xp 00000000 08:03 18488845                   /usr/lib/x86_64-linux-gnu/libxcb.so.1.1.0
7f628004b000-7f628024a000 ---p 0001d000 08:03 18488845                   /usr/lib/x86_64-linux-gnu/libxcb.so.1.1.0
7f628024a000-7f628024b000 r--p 0001c000 08:03 18488845                   /usr/lib/x86_64-linux-gnu/libxcb.so.1.1.0
7f628024b000-7f628024c000 rw-p 0001d000 08:03 18488845                   /usr/lib/x86_64-linux-gnu/libxcb.so.1.1.0
7f628024c000-7f628025a000 r-xp 00000000 08:03 18488265                   /usr/lib/x86_64-linux-gnu/libXi.so.6.1.0
7f628025a000-7f6280459000 ---p 0000e000 08:03 18488265                   /usr/lib/x86_64-linux-gnu/libXi.so.6.1.0
7f6280459000-7f628045a000 r--p 0000d000 08:03 18488265                   /usr/lib/x86_64-linux-gnu/libXi.so.6.1.0
7f628045a000-7f628045b000 rw-p 0000e000 08:03 18488265                   /usr/lib/x86_64-linux-gnu/libXi.so.6.1.0
7f628045b000-7f6280460000 r-xp 00000000 08:03 18488283                   /usr/lib/x86_64-linux-gnu/libXtst.so.6.1.0
7f6280460000-7f628065f000 ---p 00005000 08:03 18488283                   /usr/lib/x86_64-linux-gnu/libXtst.so.6.1.0
7f628065f000-7f6280660000 r--p 00004000 08:03 18488283                   /usr/lib/x86_64-linux-gnu/libXtst.so.6.1.0
7f6280660000-7f6280661000 rw-p 00005000 08:03 18488283                   /usr/lib/x86_64-linux-gnu/libXtst.so.6.1.0
7f6280661000-7f628066a000 r-xp 00000000 08:03 18488279                   /usr/lib/x86_64-linux-gnu/libXrender.so.1.3.0
7f628066a000-7f6280869000 ---p 00009000 08:03 18488279                   /usr/lib/x86_64-linux-gnu/libXrender.so.1.3.0
7f6280869000-7f628086a000 r--p 00008000 08:03 18488279                   /usr/lib/x86_64-linux-gnu/libXrender.so.1.3.0
7f628086a000-7f628086b000 rw-p 00009000 08:03 18488279                   /usr/lib/x86_64-linux-gnu/libXrender.so.1.3.0
7f628086b000-7f628099a000 r-xp 00000000 08:03 18488244                   /usr/lib/x86_64-linux-gnu/libX11.so.6.3.0
7f628099a000-7f6280b9a000 ---p 0012f000 08:03 18488244                   /usr/lib/x86_64-linux-gnu/libX11.so.6.3.0
7f6280b9a000-7f6280b9b000 r--p 0012f000 08:03 18488244                   /usr/lib/x86_64-linux-gnu/libX11.so.6.3.0
7f6280b9b000-7f6280b9f000 rw-p 00130000 08:03 18488244                   /usr/lib/x86_64-linux-gnu/libX11.so.6.3.0
7f6280b9f000-7f6280baf000 r-xp 00000000 08:03 18488259                   /usr/lib/x86_64-linux-gnu/libXext.so.6.4.0
7f6280baf000-7f6280dae000 ---p 00010000 08:03 18488259                   /usr/lib/x86_64-linux-gnu/libXext.so.6.4.0
7f6280dae000-7f6280daf000 r--p 0000f000 08:03 18488259                   /usr/lib/x86_64-linux-gnu/libXext.so.6.4.0
7f6280daf000-7f6280db0000 rw-p 00010000 08:03 18488259                   /usr/lib/x86_64-linux-gnu/libXext.so.6.4.0
7f6280db0000-7f6280dfb000 r-xp 00000000 08:03 18618972                   /usr/lib/jvm/java-6-openjdk-amd64/jre/lib/amd64/xawt/libmawt.so
7f6280dfb000-7f6280ffb000 ---p 0004b000 08:03 18618972                   /usr/lib/jvm/java-6-openjdk-amd64/jre/lib/amd64/xawt/libmawt.so
7f6280ffb000-7f6280ffc000 r--p 0004b000 08:03 18618972                   /usr/lib/jvm/java-6-openjdk-amd64/jre/lib/amd64/xawt/libmawt.so
7f6280ffc000-7f6280fff000 rw-p 0004c000 08:03 18618972                   /usr/lib/jvm/java-6-openjdk-amd64/jre/lib/amd64/xawt/libmawt.so
7f6280fff000-7f6281000000 rw-p 00000000 00:00 0 
7f6281000000-7f6281270000 rwxp 00000000 00:00 0 
7f6281270000-7f6284d6e000 rw-p 00000000 00:00 0 
7f6284d6e000-7f6288000000 ---p 00000000 00:00 0 
7f6288000000-7f6288002000 r--s 00008000 08:03 15598497                   /home/arwilczek90/workspace/Elements/lib/slick/lib/ibxm.jar
7f6288002000-7f6288005000 r--s 0005b000 08:03 15598496                   /home/arwilczek90/workspace/Elements/lib/slick/lib/hiero.jar
7f6288005000-7f6288006000 r--s 00007000 08:03 15597697                   /home/arwilczek90/workspace/Elements/lib/slick/applet/lwjgl_util_applet.jar
7f6288006000-7f6288011000 r--s 00093000 08:03 15597692                   /home/arwilczek90/workspace/Elements/lib/slick.jar
7f6288011000-7f6288018000 r--s 000fb000 08:03 18618812                   /usr/lib/jvm/java-6-openjdk-common/jre/lib/resources.jar
7f6288018000-7f6288019000 r--s 00000000 08:03 19927127                   /var/cache/fontconfig/c05880de57d1f5e948fdfacc138775d9-le64.cache-3
7f6288019000-7f6288022000 r--s 00000000 08:03 19927122                   /var/cache/fontconfig/945677eb7aeaf62f1d50efc3fb3ec7d8-le64.cache-3
7f6288022000-7f6288024000 r--s 00000000 08:03 19927123                   /var/cache/fontconfig/99e8ed0e538f840c565b6ed5dad60d56-le64.cache-3
7f6288024000-7f6288028000 r--s 00000000 08:03 19927109                   /var/cache/fontconfig/2cd17615ca594fa2959ae173292e504c-le64.cache-3
7f6288028000-7f6288029000 r--s 00000000 08:03 19927134                   /var/cache/fontconfig/e7071f4a29fa870f4323321c154eba04-le64.cache-3
7f6288029000-7f628802a000 r--s 00000000 08:03 19927107                   /var/cache/fontconfig/0d8c3b2ac0904cb8a57a757ad11a4a08-le64.cache-3
7f628802a000-7f6288030000 r--s 00000000 08:03 19927124                   /var/cache/fontconfig/a755afe4a08bf5b97852ceb7400b47bc-le64.cache-3
7f6288030000-7f6288039000 r--s 00000000 08:03 19927460                   /var/cache/fontconfig/6d41288fd70b0be22e8c3a91e032eec0-le64.cache-3
7f6288039000-7f6288049000 r--s 00000000 08:03 19927106                   /var/cache/fontconfig/04aabc0a78ac019cf9454389977116d2-le64.cache-3
7f6288049000-7f628804c000 r--s 00000000 08:03 19927112                   /var/cache/fontconfig/385c0604a188198f04d133e54aba7fe7-le64.cache-3
7f628804c000-7f628804d000 r--s 00000000 08:03 19927113                   /var/cache/fontconfig/4794a0821666d79190d59a36cb4f44b5-le64.cache-3
7f628804d000-7f6288050000 r--s 00000000 08:03 19927121                   /var/cache/fontconfig/8801497958630a81b71ace7c5f9b32a8-le64.cache-3
7f6288050000-7f628807e000 r--s 00000000 08:03 19927454                   /var/cache/fontconfig/365b55f210c0a22e9a19e35191240f32-le64.cache-3
7f628807e000-7f6288083000 r--s 00000000 08:03 19927110                   /var/cache/fontconfig/3047814df9a2f067bd2d96a2b9c36e5a-le64.cache-3
7f6288083000-7f6288084000 r--s 00000000 08:03 19927115                   /var/cache/fontconfig/56cf4f4769d0f4abc89a4895d7bd3ae1-le64.cache-3
7f6288084000-7f6288085000 r--s 00000000 08:03 19927126                   /var/cache/fontconfig/b9d506c9ac06c20b433354fa67a72993-le64.cache-3
7f6288085000-7f628808a000 r--s 00000000 08:03 19927125                   /var/cache/fontconfig/b47c4e1ecd0709278f4910c18777a504-le64.cache-3
7f628808a000-7f628809a000 r--s 00000000 08:03 19927130                   /var/cache/fontconfig/d52a8644073d54c13679302ca1180695-le64.cache-3
7f628809a000-7f628809e000 r--s 00000000 08:03 19927452                   /var/cache/fontconfig/7ef2298fde41cc6eeb7af42e48b7d293-le64.cache-3
7f628809e000-7f628809f000 r--s 00000000 08:03 19927127                   /var/cache/fontconfig/c05880de57d1f5e948fdfacc138775d9-le64.cache-3
7f628809f000-7f62880a8000 r--s 00000000 08:03 19927122                   /var/cache/fontconfig/945677eb7aeaf62f1d50efc3fb3ec7d8-le64.cache-3
7f62880a8000-7f62880aa000 r--s 00000000 08:03 19927123                   /var/cache/fontconfig/99e8ed0e538f840c565b6ed5dad60d56-le64.cache-3
7f62880aa000-7f62880ae000 r--s 00000000 08:03 19927109                   /var/cache/fontconfig/2cd17615ca594fa2959ae173292e504c-le64.cache-3
7f62880ae000-7f62880af000 r--s 00000000 08:03 19927134                   /var/cache/fontconfig/e7071f4a29fa870f4323321c154eba04-le64.cache-3
7f62880af000-7f62880b0000 r--s 00000000 08:03 19927107                   /var/cache/fontconfig/0d8c3b2ac0904cb8a57a757ad11a4a08-le64.cache-3
7f62880b0000-7f62880b6000 r--s 00000000 08:03 19927124                   /var/cache/fontconfig/a755afe4a08bf5b97852ceb7400b47bc-le64.cache-3
7f62880b6000-7f62880bf000 r--s 00000000 08:03 19927460                   /var/cache/fontconfig/6d41288fd70b0be22e8c3a91e032eec0-le64.cache-3
7f62880bf000-7f62880cf000 r--s 00000000 08:03 19927106                   /var/cache/fontconfig/04aabc0a78ac019cf9454389977116d2-le64.cache-3
7f62880cf000-7f62880fd000 r--s 00000000 08:03 19927454                   /var/cache/fontconfig/365b55f210c0a22e9a19e35191240f32-le64.cache-3
7f62880fd000-7f6288100000 ---p 00000000 00:00 0 
7f6288100000-7f62881fe000 rw-p 00000000 00:00 0 
7f62881fe000-7f62882aa000 r-xp 00000000 08:03 18618874                   /usr/lib/jvm/java-6-openjdk-amd64/jre/lib/amd64/libawt.so
7f62882aa000-7f62884a9000 ---p 000ac000 08:03 18618874                   /usr/lib/jvm/java-6-openjdk-amd64/jre/lib/amd64/libawt.so
7f62884a9000-7f62884aa000 r--p 000ab000 08:03 18618874                   /usr/lib/jvm/java-6-openjdk-amd64/jre/lib/amd64/libawt.so
7f62884aa000-7f62884b5000 rw-p 000ac000 08:03 18618874                   /usr/lib/jvm/java-6-openjdk-amd64/jre/lib/amd64/libawt.so
7f62884b5000-7f62884da000 rw-p 00000000 00:00 0 
7f62884da000-7f62884dd000 r--s 0007d000 08:03 18618443                   /usr/lib/jvm/java-6-openjdk-common/jre/lib/jsse.jar
7f62884dd000-7f62884e4000 r--s 00073000 08:03 15597691                   /home/arwilczek90/workspace/Elements/lib/lwjgl.jar
7f62884e4000-7f62884e6000 r--s 0000f000 08:03 18618803                   /usr/lib/jvm/java-6-openjdk-common/jre/lib/ext/pulse-java.jar
7f62884e6000-7f62884e9000 r--s 00077000 08:03 18618797                   /usr/lib/jvm/java-6-openjdk-common/jre/lib/ext/localedata.jar
7f62884e9000-7f62884ea000 r--s 00007000 08:03 18748229                   /usr/share/java/java-atk-wrapper.jar
7f62884ea000-7f62884ec000 r--s 00001000 08:03 18618801                   /usr/lib/jvm/java-6-openjdk-common/jre/lib/ext/dnsns.jar
7f62884ec000-7f62884f0000 r--s 00038000 08:03 18618795                   /usr/lib/jvm/java-6-openjdk-common/jre/lib/ext/sunpkcs11.jar
7f62884f0000-7f62884f3000 r--s 00031000 08:03 18618799                   /usr/lib/jvm/java-6-openjdk-common/jre/lib/ext/sunjce_provider.jar
7f62884f3000-7f62884f4000 ---p 00000000 00:00 0 
7f62884f4000-7f62885f4000 rw-p 00000000 00:00 0 
7f62885f4000-7f62885f7000 ---p 00000000 00:00 0 
7f62885f7000-7f62886f5000 rw-p 00000000 00:00 0 
7f62886f5000-7f62886f8000 ---p 00000000 00:00 0 
7f62886f8000-7f62887f6000 rw-p 00000000 00:00 0 
7f62887f6000-7f62887f9000 ---p 00000000 00:00 0 
7f62887f9000-7f62888f7000 rw-p 00000000 00:00 0 
7f62888f7000-7f62888fa000 ---p 00000000 00:00 0 
7f62888fa000-7f62889f8000 rw-p 00000000 00:00 0 
7f62889f8000-7f62890db000 r--p 00000000 08:03 18487587                   /usr/lib/locale/locale-archive
7f62890db000-7f62890de000 ---p 00000000 00:00 0 
7f62890de000-7f62891dc000 rw-p 00000000 00:00 0 
7f62891dc000-7f62891df000 ---p 00000000 00:00 0 
7f62891df000-7f62892dd000 rw-p 00000000 00:00 0 
7f62892dd000-7f62892de000 ---p 00000000 00:00 0 
7f62892de000-7f6289916000 rw-p 00000000 00:00 0 
7f6289916000-7f6289aa8000 r--s 037bf000 08:03 18618843                   /usr/lib/jvm/java-6-openjdk-amd64/jre/lib/rt.jar
7f6289aa8000-7f6289ad0000 rw-p 00000000 00:00 0 
7f6289ad0000-7f6289ad1000 ---p 00000000 00:00 0 
7f6289ad1000-7f6289bd1000 rw-p 00000000 00:00 0 
7f6289bd1000-7f6289bd2000 ---p 00000000 00:00 0 
7f6289bd2000-7f6289cd2000 rw-p 00000000 00:00 0 
7f6289cd2000-7f6289cd3000 ---p 00000000 00:00 0 
7f6289cd3000-7f6289dd3000 rw-p 00000000 00:00 0 
7f6289dd3000-7f6289dd4000 ---p 00000000 00:00 0 
7f6289dd4000-7f6289edf000 rw-p 00000000 00:00 0 
7f6289edf000-7f6289f27000 rw-p 00000000 00:00 0 
7f6289f27000-7f6289f4e000 rw-p 00000000 00:00 0 
7f6289f4e000-7f628a195000 rw-p 00000000 00:00 0 
7f628a195000-7f628a1a0000 rw-p 00000000 00:00 0 
7f628a1a0000-7f628a1e8000 rw-p 00000000 00:00 0 
7f628a1e8000-7f628a20f000 rw-p 00000000 00:00 0 
7f628a20f000-7f628a456000 rw-p 00000000 00:00 0 
7f628a456000-7f628a46a000 rw-p 00000000 00:00 0 
7f628a46a000-7f628a58d000 rw-p 00000000 00:00 0 
7f628a58d000-7f628a58e000 rw-p 00000000 00:00 0 
7f628a58e000-7f628a595000 r-xp 00000000 08:03 18618888                   /usr/lib/jvm/java-6-openjdk-amd64/jre/lib/amd64/libzip.so
7f628a595000-7f628a794000 ---p 00007000 08:03 18618888                   /usr/lib/jvm/java-6-openjdk-amd64/jre/lib/amd64/libzip.so
7f628a794000-7f628a795000 r--p 00006000 08:03 18618888                   /usr/lib/jvm/java-6-openjdk-amd64/jre/lib/amd64/libzip.so
7f628a795000-7f628a796000 rw-p 00007000 08:03 18618888                   /usr/lib/jvm/java-6-openjdk-amd64/jre/lib/amd64/libzip.so
7f628a796000-7f628a7a2000 r-xp 00000000 08:03 21758081                   /lib/x86_64-linux-gnu/libnss_files-2.15.so
7f628a7a2000-7f628a9a1000 ---p 0000c000 08:03 21758081                   /lib/x86_64-linux-gnu/libnss_files-2.15.so
7f628a9a1000-7f628a9a2000 r--p 0000b000 08:03 21758081                   /lib/x86_64-linux-gnu/libnss_files-2.15.so
7f628a9a2000-7f628a9a3000 rw-p 0000c000 08:03 21758081                   /lib/x86_64-linux-gnu/libnss_files-2.15.so
7f628a9a3000-7f628a9ad000 r-xp 00000000 08:03 21758077                   /lib/x86_64-linux-gnu/libnss_nis-2.15.so
7f628a9ad000-7f628abad000 ---p 0000a000 08:03 21758077                   /lib/x86_64-linux-gnu/libnss_nis-2.15.so
7f628abad000-7f628abae000 r--p 0000a000 08:03 21758077                   /lib/x86_64-linux-gnu/libnss_nis-2.15.so
7f628abae000-7f628abaf000 rw-p 0000b000 08:03 21758077                   /lib/x86_64-linux-gnu/libnss_nis-2.15.so
7f628abaf000-7f628abc6000 r-xp 00000000 08:03 21761730                   /lib/x86_64-linux-gnu/libnsl-2.15.so
7f628abc6000-7f628adc5000 ---p 00017000 08:03 21761730                   /lib/x86_64-linux-gnu/libnsl-2.15.so
7f628adc5000-7f628adc6000 r--p 00016000 08:03 21761730                   /lib/x86_64-linux-gnu/libnsl-2.15.so
7f628adc6000-7f628adc7000 rw-p 00017000 08:03 21761730                   /lib/x86_64-linux-gnu/libnsl-2.15.so
7f628adc7000-7f628adc9000 rw-p 00000000 00:00 0 
7f628adc9000-7f628add1000 r-xp 00000000 08:03 21758082                   /lib/x86_64-linux-gnu/libnss_compat-2.15.so
7f628add1000-7f628afd0000 ---p 00008000 08:03 21758082                   /lib/x86_64-linux-gnu/libnss_compat-2.15.so
7f628afd0000-7f628afd1000 r--p 00007000 08:03 21758082                   /lib/x86_64-linux-gnu/libnss_compat-2.15.so
7f628afd1000-7f628afd2000 rw-p 00008000 08:03 21758082                   /lib/x86_64-linux-gnu/libnss_compat-2.15.so
7f628afd2000-7f628affe000 r-xp 00000000 08:03 18618873                   /usr/lib/jvm/java-6-openjdk-amd64/jre/lib/amd64/libjava.so
7f628affe000-7f628b1fd000 ---p 0002c000 08:03 18618873                   /usr/lib/jvm/java-6-openjdk-amd64/jre/lib/amd64/libjava.so
7f628b1fd000-7f628b1fe000 r--p 0002b000 08:03 18618873                   /usr/lib/jvm/java-6-openjdk-amd64/jre/lib/amd64/libjava.so
7f628b1fe000-7f628b201000 rw-p 0002c000 08:03 18618873                   /usr/lib/jvm/java-6-openjdk-amd64/jre/lib/amd64/libjava.so
7f628b201000-7f628b20f000 r-xp 00000000 08:03 18618872                   /usr/lib/jvm/java-6-openjdk-amd64/jre/lib/amd64/libverify.so
7f628b20f000-7f628b40e000 ---p 0000e000 08:03 18618872                   /usr/lib/jvm/java-6-openjdk-amd64/jre/lib/amd64/libverify.so
7f628b40e000-7f628b410000 r--p 0000d000 08:03 18618872                   /usr/lib/jvm/java-6-openjdk-amd64/jre/lib/amd64/libverify.so
7f628b410000-7f628b411000 rw-p 0000f000 08:03 18618872                   /usr/lib/jvm/java-6-openjdk-amd64/jre/lib/amd64/libverify.so
7f628b411000-7f628b418000 r-xp 00000000 08:03 21758075                   /lib/x86_64-linux-gnu/librt-2.15.so
7f628b418000-7f628b617000 ---p 00007000 08:03 21758075                   /lib/x86_64-linux-gnu/librt-2.15.so
7f628b617000-7f628b618000 r--p 00006000 08:03 21758075                   /lib/x86_64-linux-gnu/librt-2.15.so
7f628b618000-7f628b619000 rw-p 00007000 08:03 21758075                   /lib/x86_64-linux-gnu/librt-2.15.so
7f628b619000-7f628b62e000 r-xp 00000000 08:03 21761542                   /lib/x86_64-linux-gnu/libgcc_s.so.1
7f628b62e000-7f628b82d000 ---p 00015000 08:03 21761542                   /lib/x86_64-linux-gnu/libgcc_s.so.1
7f628b82d000-7f628b82e000 r--p 00014000 08:03 21761542                   /lib/x86_64-linux-gnu/libgcc_s.so.1
7f628b82e000-7f628b82f000 rw-p 00015000 08:03 21761542                   /lib/x86_64-linux-gnu/libgcc_s.so.1
7f628b82f000-7f628b928000 r-xp 00000000 08:03 21758079                   /lib/x86_64-linux-gnu/libm-2.15.so
7f628b928000-7f628bb27000 ---p 000f9000 08:03 21758079                   /lib/x86_64-linux-gnu/libm-2.15.so
7f628bb27000-7f628bb28000 r--p 000f8000 08:03 21758079                   /lib/x86_64-linux-gnu/libm-2.15.so
7f628bb28000-7f628bb29000 rw-p 000f9000 08:03 21758079                   /lib/x86_64-linux-gnu/libm-2.15.so
7f628bb29000-7f628bc0b000 r-xp 00000000 08:03 18488773                   /usr/lib/x86_64-linux-gnu/libstdc++.so.6.0.16
7f628bc0b000-7f628be0a000 ---p 000e2000 08:03 18488773                   /usr/lib/x86_64-linux-gnu/libstdc++.so.6.0.16
7f628be0a000-7f628be12000 r--p 000e1000 08:03 18488773                   /usr/lib/x86_64-linux-gnu/libstdc++.so.6.0.16
7f628be12000-7f628be14000 rw-p 000e9000 08:03 18488773                   /usr/lib/x86_64-linux-gnu/libstdc++.so.6.0.16
7f628be14000-7f628be29000 rw-p 00000000 00:00 0 
7f628be29000-7f628c72d000 r-xp 00000000 08:03 18618878                   /usr/lib/jvm/java-6-openjdk-amd64/jre/lib/amd64/server/libjvm.so
7f628c72d000-7f628c92d000 ---p 00904000 08:03 18618878                   /usr/lib/jvm/java-6-openjdk-amd64/jre/lib/amd64/server/libjvm.so
7f628c92d000-7f628c9ad000 r--p 00904000 08:03 18618878                   /usr/lib/jvm/java-6-openjdk-amd64/jre/lib/amd64/server/libjvm.so
7f628c9ad000-7f628c9c8000 rw-p 00984000 08:03 18618878                   /usr/lib/jvm/java-6-openjdk-amd64/jre/lib/amd64/server/libjvm.so
7f628c9c8000-7f628c9f1000 rw-p 00000000 00:00 0 
7f628c9f1000-7f628ca07000 r-xp 00000000 08:03 21761632                   /lib/x86_64-linux-gnu/libz.so.1.2.3.4
7f628ca07000-7f628cc06000 ---p 00016000 08:03 21761632                   /lib/x86_64-linux-gnu/libz.so.1.2.3.4
7f628cc06000-7f628cc07000 r--p 00015000 08:03 21761632                   /lib/x86_64-linux-gnu/libz.so.1.2.3.4
7f628cc07000-7f628cc08000 rw-p 00016000 08:03 21761632                   /lib/x86_64-linux-gnu/libz.so.1.2.3.4
7f628cc08000-7f628cdbd000 r-xp 00000000 08:03 21757975                   /lib/x86_64-linux-gnu/libc-2.15.so
7f628cdbd000-7f628cfbc000 ---p 001b5000 08:03 21757975                   /lib/x86_64-linux-gnu/libc-2.15.so
7f628cfbc000-7f628cfc0000 r--p 001b4000 08:03 21757975                   /lib/x86_64-linux-gnu/libc-2.15.so
7f628cfc0000-7f628cfc2000 rw-p 001b8000 08:03 21757975                   /lib/x86_64-linux-gnu/libc-2.15.so
7f628cfc2000-7f628cfc7000 rw-p 00000000 00:00 0 
7f628cfc7000-7f628cfc9000 r-xp 00000000 08:03 21757964                   /lib/x86_64-linux-gnu/libdl-2.15.so
7f628cfc9000-7f628d1c9000 ---p 00002000 08:03 21757964                   /lib/x86_64-linux-gnu/libdl-2.15.so
7f628d1c9000-7f628d1ca000 r--p 00002000 08:03 21757964                   /lib/x86_64-linux-gnu/libdl-2.15.so
7f628d1ca000-7f628d1cb000 rw-p 00003000 08:03 21757964                   /lib/x86_64-linux-gnu/libdl-2.15.so
7f628d1cb000-7f628d1cf000 r-xp 00000000 08:03 18618855                   /usr/lib/jvm/java-6-openjdk-amd64/jre/lib/amd64/jli/libjli.so
7f628d1cf000-7f628d3ce000 ---p 00004000 08:03 18618855                   /usr/lib/jvm/java-6-openjdk-amd64/jre/lib/amd64/jli/libjli.so
7f628d3ce000-7f628d3cf000 r--p 00003000 08:03 18618855                   /usr/lib/jvm/java-6-openjdk-amd64/jre/lib/amd64/jli/libjli.so
7f628d3cf000-7f628d3d0000 rw-p 00004000 08:03 18618855                   /usr/lib/jvm/java-6-openjdk-amd64/jre/lib/amd64/jli/libjli.so
7f628d3d0000-7f628d3e8000 r-xp 00000000 08:03 21758073                   /lib/x86_64-linux-gnu/libpthread-2.15.so
7f628d3e8000-7f628d5e7000 ---p 00018000 08:03 21758073                   /lib/x86_64-linux-gnu/libpthread-2.15.so
7f628d5e7000-7f628d5e8000 r--p 00017000 08:03 21758073                   /lib/x86_64-linux-gnu/libpthread-2.15.so
7f628d5e8000-7f628d5e9000 rw-p 00018000 08:03 21758073                   /lib/x86_64-linux-gnu/libpthread-2.15.so
7f628d5e9000-7f628d5ed000 rw-p 00000000 00:00 0 
7f628d5ed000-7f628d60f000 r-xp 00000000 08:03 21758085                   /lib/x86_64-linux-gnu/ld-2.15.so
7f628d60f000-7f628d612000 r--s 00000000 08:03 19927196                   /var/cache/fontconfig/e13b20fdb08344e0e664864cc2ede53d-le64.cache-3
7f628d612000-7f628d615000 r--s 00000000 08:03 19927112                   /var/cache/fontconfig/385c0604a188198f04d133e54aba7fe7-le64.cache-3
7f628d615000-7f628d618000 r--s 00000000 08:03 19927121                   /var/cache/fontconfig/8801497958630a81b71ace7c5f9b32a8-le64.cache-3
7f628d618000-7f628d61d000 r--s 00000000 08:03 19927110                   /var/cache/fontconfig/3047814df9a2f067bd2d96a2b9c36e5a-le64.cache-3
7f628d61d000-7f628d62d000 r--s 00000000 08:03 19927130                   /var/cache/fontconfig/d52a8644073d54c13679302ca1180695-le64.cache-3
7f628d62d000-7f628d637000 rw-p 00000000 00:00 0 
7f628d637000-7f628d6ed000 rw-p 00000000 00:00 0 
7f628d6ed000-7f628d6f0000 ---p 00000000 00:00 0 
7f628d6f0000-7f628d7f3000 rw-p 00000000 00:00 0 
7f628d7f3000-7f628d7f4000 rw-s 00005000 00:05 10225                      /dev/ati/card0
7f628d7f4000-7f628d7f5000 r--s 00000000 08:03 19927113                   /var/cache/fontconfig/4794a0821666d79190d59a36cb4f44b5-le64.cache-3
7f628d7f5000-7f628d7f6000 r--s 00000000 08:03 19927115                   /var/cache/fontconfig/56cf4f4769d0f4abc89a4895d7bd3ae1-le64.cache-3
7f628d7f6000-7f628d7f7000 r--s 00000000 08:03 19927126                   /var/cache/fontconfig/b9d506c9ac06c20b433354fa67a72993-le64.cache-3
7f628d7f7000-7f628d7fc000 r--s 00000000 08:03 19927125                   /var/cache/fontconfig/b47c4e1ecd0709278f4910c18777a504-le64.cache-3
7f628d7fc000-7f628d7ff000 r--s 00000000 08:03 19927196                   /var/cache/fontconfig/e13b20fdb08344e0e664864cc2ede53d-le64.cache-3
7f628d7ff000-7f628d803000 r--s 00000000 08:03 19927452                   /var/cache/fontconfig/7ef2298fde41cc6eeb7af42e48b7d293-le64.cache-3
7f628d803000-7f628d80b000 rw-s 00000000 08:03 8126514                    /tmp/hsperfdata_arwilczek90/17132 (deleted)
7f628d80b000-7f628d80c000 rw-p 00000000 00:00 0 
7f628d80c000-7f628d80d000 ---p 00000000 00:00 0 
7f628d80d000-7f628d80f000 rw-p 00000000 00:00 0 
7f628d80f000-7f628d810000 r--p 00022000 08:03 21758085                   /lib/x86_64-linux-gnu/ld-2.15.so
7f628d810000-7f628d812000 rw-p 00023000 08:03 21758085                   /lib/x86_64-linux-gnu/ld-2.15.so
7fffca5aa000-7fffca5cb000 rw-p 00000000 00:00 0                          [stack]
7fffca5ff000-7fffca600000 r-xp 00000000 00:00 0                          [vdso]
ffffffffff600000-ffffffffff601000 r-xp 00000000 00:00 0                  [vsyscall]

VM Arguments:
jvm_args: -Djava.library.path=/home/arwilczek90/workspace/Elements/lib/slick:/home/arwilczek90/workspace/Elements/lib/slick -Dfile.encoding=UTF-8 
java_command: com.hack.elements.view.Main
Launcher Type: SUN_STANDARD

Environment Variables:
PATH=/usr/lib/lightdm/lightdm:/usr/local/sbin:/usr/local/bin:/usr/sbin:/usr/bin:/sbin:/bin:/usr/games
LD_LIBRARY_PATH=/usr/lib/jvm/java-6-openjdk-amd64/jre/lib/amd64/server:/usr/lib/jvm/java-6-openjdk-amd64/jre/lib/amd64:/usr/lib/jvm/java-6-openjdk-amd64/jre/../lib/amd64
SHELL=/bin/bash
DISPLAY=:0.0

Signal Handlers:
SIGSEGV: [libjvm.so+0x784310], sa_mask[0]=0x7ffbfeff, sa_flags=0x10000004
SIGBUS: [libjvm.so+0x784310], sa_mask[0]=0x7ffbfeff, sa_flags=0x10000004
SIGFPE: [libjvm.so+0x648580], sa_mask[0]=0x7ffbfeff, sa_flags=0x10000004
SIGPIPE: [libjvm.so+0x648580], sa_mask[0]=0x7ffbfeff, sa_flags=0x10000004
SIGXFSZ: [libjvm.so+0x648580], sa_mask[0]=0x7ffbfeff, sa_flags=0x10000004
SIGILL: [libjvm.so+0x648580], sa_mask[0]=0x7ffbfeff, sa_flags=0x10000004
SIGUSR1: SIG_DFL, sa_mask[0]=0x00000000, sa_flags=0x00000000
SIGUSR2: [libjvm.so+0x648730], sa_mask[0]=0x00000004, sa_flags=0x10000004
SIGHUP: [libjvm.so+0x64b250], sa_mask[0]=0x7ffbfeff, sa_flags=0x10000004
SIGINT: [libjvm.so+0x64b250], sa_mask[0]=0x7ffbfeff, sa_flags=0x10000004
SIGTERM: [libjvm.so+0x64b250], sa_mask[0]=0x7ffbfeff, sa_flags=0x10000004
SIGQUIT: [libjvm.so+0x64b250], sa_mask[0]=0x7ffbfeff, sa_flags=0x10000004


---------------  S Y S T E M  ---------------

OS:Ubuntu 12.04 (precise)
uname:Linux 3.2.0-32-generic #51-Ubuntu SMP Wed Sep 26 21:33:09 UTC 2012 x86_64
libc:glibc 2.15 NPTL 2.15 
rlimit: STACK 8192k, CORE 0k, NPROC 59545, NOFILE 4096, AS infinity
load average:0.38 0.46 0.64

/proc/meminfo:
MemTotal:        7639648 kB
MemFree:         4023540 kB
Buffers:          126344 kB
Cached:          1219844 kB
SwapCached:            0 kB
Active:          2373544 kB
Inactive:         748432 kB
Active(anon):    1776252 kB
Inactive(anon):    15448 kB
Active(file):     597292 kB
Inactive(file):   732984 kB
Unevictable:          20 kB
Mlocked:              20 kB
SwapTotal:       3818492 kB
SwapFree:        3818492 kB
Dirty:               592 kB
Writeback:             0 kB
AnonPages:       1775840 kB
Mapped:           318020 kB
Shmem:             15916 kB
Slab:             106384 kB
SReclaimable:      75856 kB
SUnreclaim:        30528 kB
KernelStack:        4120 kB
PageTables:        34180 kB
NFS_Unstable:          0 kB
Bounce:                0 kB
WritebackTmp:          0 kB
CommitLimit:     7638316 kB
Committed_AS:    4222504 kB
VmallocTotal:   34359738367 kB
VmallocUsed:      116912 kB
VmallocChunk:   34359619344 kB
HardwareCorrupted:     0 kB
AnonHugePages:         0 kB
HugePages_Total:       0
HugePages_Free:        0
HugePages_Rsvd:        0
HugePages_Surp:        0
Hugepagesize:       2048 kB
DirectMap4k:      329728 kB
DirectMap2M:     5416960 kB
DirectMap1G:     2097152 kB


CPU:total 4 (4 cores per cpu, 1 threads per core) family 18 model 1 stepping 0, cmov, cx8, fxsr, mmx, sse, sse2, sse3, popcnt, mmxext, 3dnowpref, lzcnt, sse4a

Memory: 4k page, physical 7639648k(4023540k free), swap 3818492k(3818492k free)

vm_info: OpenJDK 64-Bit Server VM (20.0-b12) for linux-amd64 JRE (1.6.0_24-b24), built on Sep  2 2012 19:50:47 by "buildd" with gcc 4.6.3

time: Sat Oct 13 22:25:18 2012
elapsed time: 1 seconds

