#
# A fatal error has been detected by the Java Runtime Environment:
#
#  SIGSEGV (0xb) at pc=0x00007f446e6bec58, pid=2616, tid=139931913549568
#
# JRE version: 6.0_24-b24
# Java VM: OpenJDK 64-Bit Server VM (20.0-b12 mixed mode linux-amd64 compressed oops)
# Derivative: IcedTea6 1.11.4
# Distribution: Ubuntu 12.04 LTS, package 6b24-1.11.4-1ubuntu0.12.04.1
# Problematic frame:
# C  [libX11.so.6+0x33c58]  XQueryExtension+0x28
#
# If you would like to submit a bug report, please include
# instructions how to reproduce the bug and visit:
#   https://bugs.launchpad.net/ubuntu/+source/openjdk-6/
#

---------------  T H R E A D  ---------------

Current thread (0x00007f4478070000):  VMThread [stack: 0x00007f446feff000,0x00007f4470000000] [id=2626]

siginfo:si_signo=SIGSEGV: si_errno=0, si_code=1 (SEGV_MAPERR), si_addr=0x0000000078208a18

Registers:
RAX=0x00007f4450000bd0, RBX=0x00000000782080b0, RCX=0x00007f446fffe7d8, RDX=0x00007f446fffe7d4
RSP=0x00007f446fffe770, RBP=0x00007f446c675932, RSI=0x00007f446c675932, RDI=0x00000000782080b0
R8 =0x00007f446fffe7dc, R9 =0x0000000000000010, R10=0x00007f447eccafa8, R11=0x0000000000000000
R12=0x0000000000000000, R13=0x00007f446c675932, R14=0x00007f4450000bd0, R15=0x0000000000000000
RIP=0x00007f446e6bec58, EFLAGS=0x0000000000010202, CSGSFS=0x0000000000000033, ERR=0x0000000000000004
  TRAPNO=0x000000000000000e

Top of Stack: (sp=0x00007f446fffe770)
0x00007f446fffe770:   0000000000000000 0000003000000003
0x00007f446fffe780:   0000006e0000005b 0000007c00000077
0x00007f446fffe790:   00000000ffffffff 00000000782080b0
0x00007f446fffe7a0:   00007f446c675932 0000000000000000
0x00007f446fffe7b0:   00007f446c675932 00007f4450000bd0
0x00007f446fffe7c0:   0000000000000000 00007f446e6b2c55
0x00007f446fffe7d0:   00007f447f517048 00007f446c7ae520
0x00007f446fffe7e0:   00007f446c7ae520 00000000782080b0
0x00007f446fffe7f0:   00007f4478164eb0 00007f446e9cc02b
0x00007f446fffe800:   00007f447e91d790 000000110000002c
0x00007f446fffe810:   00007f446fffe890 0000000000000000
0x00007f446fffe820:   00007f446fffe890 00000000782080b0
0x00007f446fffe830:   0000000000000000 00007f447f517048
0x00007f446fffe840:   00007f446c7c7d50 00007f446c61c119
0x00007f446fffe850:   0000000000000000 000000000000002c
0x00007f446fffe860:   00007f446fffe890 00007f446fffe8b0
0x00007f446fffe870:   0000000000000000 00007f447f517048
0x00007f446fffe880:   00007f4478207c10 00007f446c612b42
0x00007f446fffe890:   00007f446fffea80 00007f446c6758b1
0x00007f446fffe8a0:   00007f446fffea80 00007f447f30392d
0x00007f446fffe8b0:   00007f447f5182c8 00007f447f518858
0x00007f446fffe8c0:   00007f447f4f9000 00007f4478006a00
0x00007f446fffe8d0:   00007f4478007510 00007f4478006eb0
0x00007f446fffe8e0:   00007f4478007a10 00007f447800c6f0
0x00007f446fffe8f0:   00007f4478126260 00007f4478126740
0x00007f446fffe900:   00007f447f4f8000 00007f44782047c0
0x00007f446fffe910:   00007f44781fed00 00007f44781ff1a0
0x00007f446fffe920:   00007f4478204c90 00007f4478205130
0x00007f446fffe930:   00007f44782055d0 00007f44780ebc40
0x00007f446fffe940:   00007f44780c6fe0 00007f44780025e0
0x00007f446fffe950:   00007f4478001ec0 000000000233a5f0
0x00007f446fffe960:   000000000233ab60 000000000233b570 

Instructions: (pc=0x00007f446e6bec58)
0x00007f446e6bec38:   24 d8 48 89 fb 4c 89 64 24 e0 4c 89 6c 24 e8 48
0x00007f446e6bec48:   89 f5 4c 89 74 24 f0 4c 89 7c 24 f8 48 83 ec 58
0x00007f446e6bec58:   48 8b 87 68 09 00 00 49 89 d4 49 89 cd 4d 89 c6
0x00007f446e6bec68:   48 85 c0 74 02 ff 10 ba 08 00 00 00 be 62 00 00 

Register to memory mapping:

RAX=0x00007f4450000bd0 is an unknown value
RBX=0x00000000782080b0 is an unknown value
RCX=0x00007f446fffe7d8 is an unknown value
RDX=0x00007f446fffe7d4 is an unknown value
RSP=0x00007f446fffe770 is an unknown value
RBP=0x00007f446c675932: <offset 0x96932> in /usr/lib/fglrx/libGL.so.1 at 0x00007f446c5df000
RSI=0x00007f446c675932: <offset 0x96932> in /usr/lib/fglrx/libGL.so.1 at 0x00007f446c5df000
RDI=0x00000000782080b0 is an unknown value
R8 =0x00007f446fffe7dc is an unknown value
R9 =0x0000000000000010 is an unknown value
R10=0x00007f447eccafa8: <offset 0x3bbfa8> in /lib/x86_64-linux-gnu/libc.so.6 at 0x00007f447e90f000
R11=0x0000000000000000 is an unknown value
R12=0x0000000000000000 is an unknown value
R13=0x00007f446c675932: <offset 0x96932> in /usr/lib/fglrx/libGL.so.1 at 0x00007f446c5df000
R14=0x00007f4450000bd0 is an unknown value
R15=0x0000000000000000 is an unknown value


Stack: [0x00007f446feff000,0x00007f4470000000],  sp=0x00007f446fffe770,  free space=1021k
Native frames: (J=compiled Java code, j=interpreted, Vv=VM code, C=native code)
C  [libX11.so.6+0x33c58]  XQueryExtension+0x28

VM_Operation (0x00007f446542c460): Exit, mode: safepoint, requested by thread 0x00007f444c001000


---------------  P R O C E S S  ---------------

Java Threads: ( => current thread )
  0x00007f444c001000 JavaThread "SIGTERM handler" daemon [_thread_blocked, id=3576, stack(0x00007f446532d000,0x00007f446542e000)]
  0x00007f4478acc800 JavaThread "Thread-2" daemon [_thread_blocked, id=2636, stack(0x00007f4465531000,0x00007f4465632000)]
  0x00007f4478203800 JavaThread "AWT-XAWT" daemon [_thread_blocked, id=2635, stack(0x00007f446cf3a000,0x00007f446d03b000)]
  0x00007f4478137800 JavaThread "Java2D Disposer" daemon [_thread_blocked, id=2634, stack(0x00007f446d46c000,0x00007f446d56d000)]
  0x00007f447809e800 JavaThread "Low Memory Detector" daemon [_thread_blocked, id=2632, stack(0x00007f446f216000,0x00007f446f317000)]
  0x00007f447809c000 JavaThread "C2 CompilerThread1" daemon [_thread_blocked, id=2631, stack(0x00007f446f317000,0x00007f446f418000)]
  0x00007f4478099800 JavaThread "C2 CompilerThread0" daemon [_thread_blocked, id=2630, stack(0x00007f446f418000,0x00007f446f519000)]
  0x00007f4478079000 JavaThread "Finalizer" daemon [_thread_blocked, id=2628, stack(0x00007f446fcfd000,0x00007f446fdfe000)]
  0x00007f4478077000 JavaThread "Reference Handler" daemon [_thread_blocked, id=2627, stack(0x00007f446fdfe000,0x00007f446feff000)]
  0x00007f4478008800 JavaThread "main" [_thread_blocked, id=2621, stack(0x00007f447f3f4000,0x00007f447f4f5000)]

Other Threads:
=>0x00007f4478070000 VMThread [stack: 0x00007f446feff000,0x00007f4470000000] [id=2626]

VM state:at safepoint (shutting down)

VM Mutex/Monitor currently owned by a thread:  ([mutex/lock_event])
[0x00007f4478004dd0] Threads_lock - owner thread: 0x00007f4478070000

Heap
 PSYoungGen      total 34880K, used 9123K [0x00000000d9200000, 0x00000000db8e0000, 0x0000000100000000)
  eden space 29952K, 25% used [0x00000000d9200000,0x00000000d9954c40,0x00000000daf40000)
  from space 4928K, 32% used [0x00000000db410000,0x00000000db5a4020,0x00000000db8e0000)
  to   space 4928K, 0% used [0x00000000daf40000,0x00000000daf40000,0x00000000db410000)
 PSOldGen        total 79616K, used 0K [0x000000008b600000, 0x00000000903c0000, 0x00000000d9200000)
  object space 79616K, 0% used [0x000000008b600000,0x000000008b600000,0x00000000903c0000)
 PSPermGen       total 21248K, used 11392K [0x0000000081000000, 0x00000000824c0000, 0x000000008b600000)
  object space 21248K, 53% used [0x0000000081000000,0x0000000081b20278,0x00000000824c0000)

Code Cache  [0x00007f4475000000, 0x00007f4475270000, 0x00007f4478000000)
 total_blobs=730 nmethods=250 adapters=434 free_code_cache=49308160 largest_free_block=13120

Dynamic libraries:
00400000-00409000 r-xp 00000000 08:03 18618890                           /usr/lib/jvm/java-6-openjdk-amd64/jre/bin/java
00608000-00609000 r--p 00008000 08:03 18618890                           /usr/lib/jvm/java-6-openjdk-amd64/jre/bin/java
00609000-0060a000 rw-p 00009000 08:03 18618890                           /usr/lib/jvm/java-6-openjdk-amd64/jre/bin/java
0233a000-0235b000 rw-p 00000000 00:00 0                                  [heap]
81000000-824c0000 rw-p 00000000 00:00 0 
824c0000-8b600000 rw-p 00000000 00:00 0 
8b600000-903c0000 rw-p 00000000 00:00 0 
903c0000-d9200000 rw-p 00000000 00:00 0 
d9200000-db8e0000 rw-p 00000000 00:00 0 
db8e0000-100000000 rw-p 00000000 00:00 0 
7f4420000000-7f4420021000 rw-p 00000000 00:00 0 
7f4420021000-7f4424000000 ---p 00000000 00:00 0 
7f4424000000-7f4424021000 rw-p 00000000 00:00 0 
7f4424021000-7f4428000000 ---p 00000000 00:00 0 
7f4428000000-7f4428021000 rw-p 00000000 00:00 0 
7f4428021000-7f442c000000 ---p 00000000 00:00 0 
7f442c000000-7f442c021000 rw-p 00000000 00:00 0 
7f442c021000-7f4430000000 ---p 00000000 00:00 0 
7f4430000000-7f4430021000 rw-p 00000000 00:00 0 
7f4430021000-7f4434000000 ---p 00000000 00:00 0 
7f4434000000-7f4434021000 rw-p 00000000 00:00 0 
7f4434021000-7f4438000000 ---p 00000000 00:00 0 
7f4438000000-7f4438021000 rw-p 00000000 00:00 0 
7f4438021000-7f443c000000 ---p 00000000 00:00 0 
7f443c000000-7f443c021000 rw-p 00000000 00:00 0 
7f443c021000-7f4440000000 ---p 00000000 00:00 0 
7f4440000000-7f4440d95000 rw-p 00000000 00:00 0 
7f4440d95000-7f4444000000 ---p 00000000 00:00 0 
7f4444000000-7f4444608000 rw-p 00000000 00:00 0 
7f4444608000-7f4448000000 ---p 00000000 00:00 0 
7f4448000000-7f4448021000 rw-p 00000000 00:00 0 
7f4448021000-7f444c000000 ---p 00000000 00:00 0 
7f444c000000-7f444c021000 rw-p 00000000 00:00 0 
7f444c021000-7f4450000000 ---p 00000000 00:00 0 
7f4450000000-7f4450021000 rw-p 00000000 00:00 0 
7f4450021000-7f4454000000 ---p 00000000 00:00 0 
7f4454000000-7f4454021000 rw-p 00000000 00:00 0 
7f4454021000-7f4458000000 ---p 00000000 00:00 0 
7f4458000000-7f4458021000 rw-p 00000000 00:00 0 
7f4458021000-7f445c000000 ---p 00000000 00:00 0 
7f4460000000-7f4460021000 rw-p 00000000 00:00 0 
7f4460021000-7f4464000000 ---p 00000000 00:00 0 
7f4464c2a000-7f4464c2d000 ---p 00000000 00:00 0 
7f4464c2d000-7f4464d2b000 rw-p 00000000 00:00 0 
7f4464d2b000-7f4464f2b000 rw-s e6234000 00:05 10225                      /dev/ati/card0
7f4464f2b000-7f446502b000 rw-s 02b7c000 00:05 10225                      /dev/ati/card0
7f446502b000-7f446502e000 ---p 00000000 00:00 0 
7f446502e000-7f446512c000 rw-p 00000000 00:00 0 
7f446512c000-7f446522c000 rw-s 02b80000 00:05 10225                      /dev/ati/card0
7f446522c000-7f446522f000 ---p 00000000 00:00 0 
7f446522f000-7f446532d000 rw-p 00000000 00:00 0 
7f446532d000-7f4465330000 ---p 00000000 00:00 0 
7f4465330000-7f446542e000 rw-p 00000000 00:00 0 
7f446542e000-7f4465431000 r-xp 00000000 08:03 15602670                   /home/arwilczek90/workspace/Elements/lib/slick/libjinput-linux64.so (deleted)
7f4465431000-7f4465530000 ---p 00003000 08:03 15602670                   /home/arwilczek90/workspace/Elements/lib/slick/libjinput-linux64.so (deleted)
7f4465530000-7f4465531000 rw-p 00002000 08:03 15602670                   /home/arwilczek90/workspace/Elements/lib/slick/libjinput-linux64.so (deleted)
7f4465531000-7f4465534000 ---p 00000000 00:00 0 
7f4465534000-7f4465632000 rw-p 00000000 00:00 0 
7f4465632000-7f4465d32000 rw-s 00006000 00:05 10225                      /dev/ati/card0
7f4465d32000-7f4467c8c000 r-xp 00000000 08:03 19009510                   /usr/lib/fglrx/dri/fglrx_dri.so
7f4467c8c000-7f4467d8c000 ---p 01f5a000 08:03 19009510                   /usr/lib/fglrx/dri/fglrx_dri.so
7f4467d8c000-7f4467eda000 rwxp 01f5a000 08:03 19009510                   /usr/lib/fglrx/dri/fglrx_dri.so
7f4467eda000-7f4468000000 rwxp 00000000 00:00 0 
7f4468000000-7f4468021000 rw-p 00000000 00:00 0 
7f4468021000-7f446c000000 ---p 00000000 00:00 0 
7f446c0ca000-7f446c10a000 rw-s 0002a000 00:05 10225                      /dev/ati/card0
7f446c10a000-7f446c10c000 r-xp 00000000 08:03 18488267                   /usr/lib/x86_64-linux-gnu/libXinerama.so.1.0.0
7f446c10c000-7f446c30b000 ---p 00002000 08:03 18488267                   /usr/lib/x86_64-linux-gnu/libXinerama.so.1.0.0
7f446c30b000-7f446c30c000 r--p 00001000 08:03 18488267                   /usr/lib/x86_64-linux-gnu/libXinerama.so.1.0.0
7f446c30c000-7f446c30d000 rw-p 00002000 08:03 18488267                   /usr/lib/x86_64-linux-gnu/libXinerama.so.1.0.0
7f446c30d000-7f446c348000 r-xp 00000000 08:03 19009508                   /usr/lib/fglrx/libatiadlxx.so
7f446c348000-7f446c448000 ---p 0003b000 08:03 19009508                   /usr/lib/fglrx/libatiadlxx.so
7f446c448000-7f446c451000 rw-p 0003b000 08:03 19009508                   /usr/lib/fglrx/libatiadlxx.so
7f446c451000-7f446c462000 rw-p 00000000 00:00 0 
7f446c46a000-7f446c46c000 r--s 00015000 08:03 15598514                   /home/arwilczek90/workspace/Elements/lib/slick/lib/tinylinepp.jar
7f446c46c000-7f446c46f000 r--s 00015000 08:03 15598512                   /home/arwilczek90/workspace/Elements/lib/slick/lib/slick-util.jar
7f446c46f000-7f446c477000 r--s 00067000 08:03 15598510                   /home/arwilczek90/workspace/Elements/lib/slick/lib/slick-sources.jar
7f446c477000-7f446c478000 r--s 00000000 08:03 15598509                   /home/arwilczek90/workspace/Elements/lib/slick/lib/slick-examples.jar
7f446c478000-7f446c479000 r--s 00003000 08:03 15598508                   /home/arwilczek90/workspace/Elements/lib/slick/lib/scalar.jar
7f446c479000-7f446c47c000 r--s 00017000 08:03 15598507                   /home/arwilczek90/workspace/Elements/lib/slick/lib/pedigree.jar
7f446c47c000-7f446c4bc000 rw-s f0300000 00:05 10225                      /dev/ati/card0
7f446c4bc000-7f446c4c3000 r-xp 00000000 08:03 19009532                   /usr/lib/fglrx/libatiuki.so.1.0
7f446c4c3000-7f446c5c3000 ---p 00007000 08:03 19009532                   /usr/lib/fglrx/libatiuki.so.1.0
7f446c5c3000-7f446c5c4000 rw-p 00007000 08:03 19009532                   /usr/lib/fglrx/libatiuki.so.1.0
7f446c5c4000-7f446c5c5000 rw-p 00000000 00:00 0 
7f446c5c5000-7f446c5d0000 r--s 00093000 08:03 15598513                   /home/arwilczek90/workspace/Elements/lib/slick/lib/slick.jar
7f446c5d0000-7f446c5d2000 r--s 00004000 08:03 15598506                   /home/arwilczek90/workspace/Elements/lib/slick/lib/packulike.jar
7f446c5d2000-7f446c5d3000 r--s 00043000 08:03 15598505                   /home/arwilczek90/workspace/Elements/lib/slick/lib/natives-win32.jar
7f446c5d3000-7f446c5d5000 r--s 00033000 08:03 15598504                   /home/arwilczek90/workspace/Elements/lib/slick/lib/natives-mac.jar
7f446c5d5000-7f446c5d6000 r--s 0003d000 08:03 15598503                   /home/arwilczek90/workspace/Elements/lib/slick/lib/natives-linux.jar
7f446c5d6000-7f446c5dd000 r--s 00073000 08:03 15598502                   /home/arwilczek90/workspace/Elements/lib/slick/lib/lwjgl.jar
7f446c5dd000-7f446c5df000 r--s 0000d000 08:03 15598501                   /home/arwilczek90/workspace/Elements/lib/slick/lib/jorbis-0.0.15.jar
7f446c5df000-7f446c6a2000 r-xp 00000000 08:03 19009512                   /usr/lib/fglrx/libGL.so.1.2
7f446c6a2000-7f446c7a1000 ---p 000c3000 08:03 19009512                   /usr/lib/fglrx/libGL.so.1.2
7f446c7a1000-7f446c7c8000 rwxp 000c2000 08:03 19009512                   /usr/lib/fglrx/libGL.so.1.2
7f446c7c8000-7f446c7e8000 rwxp 00000000 00:00 0 
7f446c7e8000-7f446c7e9000 r-xp 00000000 08:03 18618886                   /usr/lib/jvm/java-6-openjdk-amd64/jre/lib/amd64/libjawt.so
7f446c7e9000-7f446c9e8000 ---p 00001000 08:03 18618886                   /usr/lib/jvm/java-6-openjdk-amd64/jre/lib/amd64/libjawt.so
7f446c9e8000-7f446c9e9000 r--p 00000000 08:03 18618886                   /usr/lib/jvm/java-6-openjdk-amd64/jre/lib/amd64/libjawt.so
7f446c9e9000-7f446c9ea000 rw-p 00001000 08:03 18618886                   /usr/lib/jvm/java-6-openjdk-amd64/jre/lib/amd64/libjawt.so
7f446c9ea000-7f446c9ee000 r-xp 00000000 08:03 18488287                   /usr/lib/x86_64-linux-gnu/libXxf86vm.so.1.0.0
7f446c9ee000-7f446cbed000 ---p 00004000 08:03 18488287                   /usr/lib/x86_64-linux-gnu/libXxf86vm.so.1.0.0
7f446cbed000-7f446cbee000 r--p 00003000 08:03 18488287                   /usr/lib/x86_64-linux-gnu/libXxf86vm.so.1.0.0
7f446cbee000-7f446cbef000 rw-p 00004000 08:03 18488287                   /usr/lib/x86_64-linux-gnu/libXxf86vm.so.1.0.0
7f446cbef000-7f446cbf7000 r-xp 00000000 08:03 18488277                   /usr/lib/x86_64-linux-gnu/libXrandr.so.2.2.0
7f446cbf7000-7f446cdf6000 ---p 00008000 08:03 18488277                   /usr/lib/x86_64-linux-gnu/libXrandr.so.2.2.0
7f446cdf6000-7f446cdf7000 r--p 00007000 08:03 18488277                   /usr/lib/x86_64-linux-gnu/libXrandr.so.2.2.0
7f446cdf7000-7f446cdf8000 rw-p 00008000 08:03 18488277                   /usr/lib/x86_64-linux-gnu/libXrandr.so.2.2.0
7f446cdf8000-7f446ce38000 r-xp 00000000 08:03 15602672                   /home/arwilczek90/workspace/Elements/lib/slick/liblwjgl64.so (deleted)
7f446ce38000-7f446cf38000 ---p 00040000 08:03 15602672                   /home/arwilczek90/workspace/Elements/lib/slick/liblwjgl64.so (deleted)
7f446cf38000-7f446cf3a000 rw-p 00040000 08:03 15602672                   /home/arwilczek90/workspace/Elements/lib/slick/liblwjgl64.so (deleted)
7f446cf3a000-7f446cf3d000 ---p 00000000 00:00 0 
7f446cf3d000-7f446d03b000 rw-p 00000000 00:00 0 
7f446d03b000-7f446d040000 r-xp 00000000 08:03 18488261                   /usr/lib/x86_64-linux-gnu/libXfixes.so.3.1.0
7f446d040000-7f446d23f000 ---p 00005000 08:03 18488261                   /usr/lib/x86_64-linux-gnu/libXfixes.so.3.1.0
7f446d23f000-7f446d240000 r--p 00004000 08:03 18488261                   /usr/lib/x86_64-linux-gnu/libXfixes.so.3.1.0
7f446d240000-7f446d241000 rw-p 00005000 08:03 18488261                   /usr/lib/x86_64-linux-gnu/libXfixes.so.3.1.0
7f446d241000-7f446d24a000 r-xp 00000000 08:03 18488253                   /usr/lib/x86_64-linux-gnu/libXcursor.so.1.0.2
7f446d24a000-7f446d449000 ---p 00009000 08:03 18488253                   /usr/lib/x86_64-linux-gnu/libXcursor.so.1.0.2
7f446d449000-7f446d44a000 r--p 00008000 08:03 18488253                   /usr/lib/x86_64-linux-gnu/libXcursor.so.1.0.2
7f446d44a000-7f446d44b000 rw-p 00009000 08:03 18488253                   /usr/lib/x86_64-linux-gnu/libXcursor.so.1.0.2
7f446d44b000-7f446d44c000 r--s 00001000 08:03 15598500                   /home/arwilczek90/workspace/Elements/lib/slick/lib/jogg-0.0.7.jar
7f446d44c000-7f446d44d000 r--s 00001000 08:03 15598499                   /home/arwilczek90/workspace/Elements/lib/slick/lib/jnlp.jar
7f446d44d000-7f446d452000 r--s 0002f000 08:03 15598498                   /home/arwilczek90/workspace/Elements/lib/slick/lib/jinput.jar
7f446d452000-7f446d454000 r--s 00008000 08:03 15598497                   /home/arwilczek90/workspace/Elements/lib/slick/lib/ibxm.jar
7f446d454000-7f446d457000 r--s 0005b000 08:03 15598496                   /home/arwilczek90/workspace/Elements/lib/slick/lib/hiero.jar
7f446d457000-7f446d458000 r--s 00007000 08:03 15597697                   /home/arwilczek90/workspace/Elements/lib/slick/applet/lwjgl_util_applet.jar
7f446d458000-7f446d45a000 rw-s 00002000 00:05 10225                      /dev/ati/card0
7f446d45a000-7f446d465000 r--s 00093000 08:03 15597692                   /home/arwilczek90/workspace/Elements/lib/slick.jar
7f446d465000-7f446d46c000 r--s 000fb000 08:03 18618812                   /usr/lib/jvm/java-6-openjdk-common/jre/lib/resources.jar
7f446d46c000-7f446d46f000 ---p 00000000 00:00 0 
7f446d46f000-7f446d56d000 rw-p 00000000 00:00 0 
7f446d56d000-7f446d603000 r-xp 00000000 08:03 18488439                   /usr/lib/x86_64-linux-gnu/libfreetype.so.6.8.0
7f446d603000-7f446d802000 ---p 00096000 08:03 18488439                   /usr/lib/x86_64-linux-gnu/libfreetype.so.6.8.0
7f446d802000-7f446d808000 r--p 00095000 08:03 18488439                   /usr/lib/x86_64-linux-gnu/libfreetype.so.6.8.0
7f446d808000-7f446d809000 rw-p 0009b000 08:03 18488439                   /usr/lib/x86_64-linux-gnu/libfreetype.so.6.8.0
7f446d809000-7f446d843000 r-xp 00000000 08:03 18618871                   /usr/lib/jvm/java-6-openjdk-amd64/jre/lib/amd64/libfontmanager.so
7f446d843000-7f446da42000 ---p 0003a000 08:03 18618871                   /usr/lib/jvm/java-6-openjdk-amd64/jre/lib/amd64/libfontmanager.so
7f446da42000-7f446da44000 r--p 00039000 08:03 18618871                   /usr/lib/jvm/java-6-openjdk-amd64/jre/lib/amd64/libfontmanager.so
7f446da44000-7f446da45000 rw-p 0003b000 08:03 18618871                   /usr/lib/jvm/java-6-openjdk-amd64/jre/lib/amd64/libfontmanager.so
7f446da45000-7f446da4a000 r-xp 00000000 08:03 18488257                   /usr/lib/x86_64-linux-gnu/libXdmcp.so.6.0.0
7f446da4a000-7f446dc49000 ---p 00005000 08:03 18488257                   /usr/lib/x86_64-linux-gnu/libXdmcp.so.6.0.0
7f446dc49000-7f446dc4a000 r--p 00004000 08:03 18488257                   /usr/lib/x86_64-linux-gnu/libXdmcp.so.6.0.0
7f446dc4a000-7f446dc4b000 rw-p 00005000 08:03 18488257                   /usr/lib/x86_64-linux-gnu/libXdmcp.so.6.0.0
7f446dc4b000-7f446dc4d000 r-xp 00000000 08:03 18488246                   /usr/lib/x86_64-linux-gnu/libXau.so.6.0.0
7f446dc4d000-7f446de4c000 ---p 00002000 08:03 18488246                   /usr/lib/x86_64-linux-gnu/libXau.so.6.0.0
7f446de4c000-7f446de4d000 r--p 00001000 08:03 18488246                   /usr/lib/x86_64-linux-gnu/libXau.so.6.0.0
7f446de4d000-7f446de4e000 rw-p 00002000 08:03 18488246                   /usr/lib/x86_64-linux-gnu/libXau.so.6.0.0
7f446de4e000-7f446de6b000 r-xp 00000000 08:03 18488845                   /usr/lib/x86_64-linux-gnu/libxcb.so.1.1.0
7f446de6b000-7f446e06a000 ---p 0001d000 08:03 18488845                   /usr/lib/x86_64-linux-gnu/libxcb.so.1.1.0
7f446e06a000-7f446e06b000 r--p 0001c000 08:03 18488845                   /usr/lib/x86_64-linux-gnu/libxcb.so.1.1.0
7f446e06b000-7f446e06c000 rw-p 0001d000 08:03 18488845                   /usr/lib/x86_64-linux-gnu/libxcb.so.1.1.0
7f446e06c000-7f446e07a000 r-xp 00000000 08:03 18488265                   /usr/lib/x86_64-linux-gnu/libXi.so.6.1.0
7f446e07a000-7f446e279000 ---p 0000e000 08:03 18488265                   /usr/lib/x86_64-linux-gnu/libXi.so.6.1.0
7f446e279000-7f446e27a000 r--p 0000d000 08:03 18488265                   /usr/lib/x86_64-linux-gnu/libXi.so.6.1.0
7f446e27a000-7f446e27b000 rw-p 0000e000 08:03 18488265                   /usr/lib/x86_64-linux-gnu/libXi.so.6.1.0
7f446e27b000-7f446e280000 r-xp 00000000 08:03 18488283                   /usr/lib/x86_64-linux-gnu/libXtst.so.6.1.0
7f446e280000-7f446e47f000 ---p 00005000 08:03 18488283                   /usr/lib/x86_64-linux-gnu/libXtst.so.6.1.0
7f446e47f000-7f446e480000 r--p 00004000 08:03 18488283                   /usr/lib/x86_64-linux-gnu/libXtst.so.6.1.0
7f446e480000-7f446e481000 rw-p 00005000 08:03 18488283                   /usr/lib/x86_64-linux-gnu/libXtst.so.6.1.0
7f446e481000-7f446e48a000 r-xp 00000000 08:03 18488279                   /usr/lib/x86_64-linux-gnu/libXrender.so.1.3.0
7f446e48a000-7f446e689000 ---p 00009000 08:03 18488279                   /usr/lib/x86_64-linux-gnu/libXrender.so.1.3.0
7f446e689000-7f446e68a000 r--p 00008000 08:03 18488279                   /usr/lib/x86_64-linux-gnu/libXrender.so.1.3.0
7f446e68a000-7f446e68b000 rw-p 00009000 08:03 18488279                   /usr/lib/x86_64-linux-gnu/libXrender.so.1.3.0
7f446e68b000-7f446e7ba000 r-xp 00000000 08:03 18488244                   /usr/lib/x86_64-linux-gnu/libX11.so.6.3.0
7f446e7ba000-7f446e9ba000 ---p 0012f000 08:03 18488244                   /usr/lib/x86_64-linux-gnu/libX11.so.6.3.0
7f446e9ba000-7f446e9bb000 r--p 0012f000 08:03 18488244                   /usr/lib/x86_64-linux-gnu/libX11.so.6.3.0
7f446e9bb000-7f446e9bf000 rw-p 00130000 08:03 18488244                   /usr/lib/x86_64-linux-gnu/libX11.so.6.3.0
7f446e9bf000-7f446e9cf000 r-xp 00000000 08:03 18488259                   /usr/lib/x86_64-linux-gnu/libXext.so.6.4.0
7f446e9cf000-7f446ebce000 ---p 00010000 08:03 18488259                   /usr/lib/x86_64-linux-gnu/libXext.so.6.4.0
7f446ebce000-7f446ebcf000 r--p 0000f000 08:03 18488259                   /usr/lib/x86_64-linux-gnu/libXext.so.6.4.0
7f446ebcf000-7f446ebd0000 rw-p 00010000 08:03 18488259                   /usr/lib/x86_64-linux-gnu/libXext.so.6.4.0
7f446ebd0000-7f446ec1b000 r-xp 00000000 08:03 18618972                   /usr/lib/jvm/java-6-openjdk-amd64/jre/lib/amd64/xawt/libmawt.so
7f446ec1b000-7f446ee1b000 ---p 0004b000 08:03 18618972                   /usr/lib/jvm/java-6-openjdk-amd64/jre/lib/amd64/xawt/libmawt.so
7f446ee1b000-7f446ee1c000 r--p 0004b000 08:03 18618972                   /usr/lib/jvm/java-6-openjdk-amd64/jre/lib/amd64/xawt/libmawt.so
7f446ee1c000-7f446ee1f000 rw-p 0004c000 08:03 18618972                   /usr/lib/jvm/java-6-openjdk-amd64/jre/lib/amd64/xawt/libmawt.so
7f446ee1f000-7f446ee20000 rw-p 00000000 00:00 0 
7f446ee20000-7f446eecc000 r-xp 00000000 08:03 18618874                   /usr/lib/jvm/java-6-openjdk-amd64/jre/lib/amd64/libawt.so
7f446eecc000-7f446f0cb000 ---p 000ac000 08:03 18618874                   /usr/lib/jvm/java-6-openjdk-amd64/jre/lib/amd64/libawt.so
7f446f0cb000-7f446f0cc000 r--p 000ab000 08:03 18618874                   /usr/lib/jvm/java-6-openjdk-amd64/jre/lib/amd64/libawt.so
7f446f0cc000-7f446f0d7000 rw-p 000ac000 08:03 18618874                   /usr/lib/jvm/java-6-openjdk-amd64/jre/lib/amd64/libawt.so
7f446f0d7000-7f446f0fc000 rw-p 00000000 00:00 0 
7f446f0fc000-7f446f0ff000 r--s 0007d000 08:03 18618443                   /usr/lib/jvm/java-6-openjdk-common/jre/lib/jsse.jar
7f446f0ff000-7f446f106000 r--s 00073000 08:03 15597691                   /home/arwilczek90/workspace/Elements/lib/lwjgl.jar
7f446f106000-7f446f108000 r--s 0000f000 08:03 18618803                   /usr/lib/jvm/java-6-openjdk-common/jre/lib/ext/pulse-java.jar
7f446f108000-7f446f10b000 r--s 00077000 08:03 18618797                   /usr/lib/jvm/java-6-openjdk-common/jre/lib/ext/localedata.jar
7f446f10b000-7f446f10c000 r--s 00007000 08:03 18748229                   /usr/share/java/java-atk-wrapper.jar
7f446f10c000-7f446f10e000 r--s 00001000 08:03 18618801                   /usr/lib/jvm/java-6-openjdk-common/jre/lib/ext/dnsns.jar
7f446f10e000-7f446f112000 r--s 00038000 08:03 18618795                   /usr/lib/jvm/java-6-openjdk-common/jre/lib/ext/sunpkcs11.jar
7f446f112000-7f446f115000 r--s 00031000 08:03 18618799                   /usr/lib/jvm/java-6-openjdk-common/jre/lib/ext/sunjce_provider.jar
7f446f115000-7f446f116000 ---p 00000000 00:00 0 
7f446f116000-7f446f216000 rw-p 00000000 00:00 0 
7f446f216000-7f446f219000 ---p 00000000 00:00 0 
7f446f219000-7f446f317000 rw-p 00000000 00:00 0 
7f446f317000-7f446f31a000 ---p 00000000 00:00 0 
7f446f31a000-7f446f418000 rw-p 00000000 00:00 0 
7f446f418000-7f446f41b000 ---p 00000000 00:00 0 
7f446f41b000-7f446f519000 rw-p 00000000 00:00 0 
7f446f519000-7f446f51c000 ---p 00000000 00:00 0 
7f446f51c000-7f446f61a000 rw-p 00000000 00:00 0 
7f446f61a000-7f446fcfd000 r--p 00000000 08:03 18487587                   /usr/lib/locale/locale-archive
7f446fcfd000-7f446fd00000 ---p 00000000 00:00 0 
7f446fd00000-7f446fdfe000 rw-p 00000000 00:00 0 
7f446fdfe000-7f446fe01000 ---p 00000000 00:00 0 
7f446fe01000-7f446feff000 rw-p 00000000 00:00 0 
7f446feff000-7f446ff00000 ---p 00000000 00:00 0 
7f446ff00000-7f4470000000 rw-p 00000000 00:00 0 
7f4470000000-7f4470021000 rw-p 00000000 00:00 0 
7f4470021000-7f4474000000 ---p 00000000 00:00 0 
7f4474000000-7f4474001000 rw-s 00005000 00:05 10225                      /dev/ati/card0
7f4474001000-7f4474002000 r--s 00000000 08:03 19927127                   /var/cache/fontconfig/c05880de57d1f5e948fdfacc138775d9-le64.cache-3
7f4474002000-7f447400b000 r--s 00000000 08:03 19927122                   /var/cache/fontconfig/945677eb7aeaf62f1d50efc3fb3ec7d8-le64.cache-3
7f447400b000-7f447400d000 r--s 00000000 08:03 19927123                   /var/cache/fontconfig/99e8ed0e538f840c565b6ed5dad60d56-le64.cache-3
7f447400d000-7f4474011000 r--s 00000000 08:03 19927109                   /var/cache/fontconfig/2cd17615ca594fa2959ae173292e504c-le64.cache-3
7f4474011000-7f4474012000 r--s 00000000 08:03 19927134                   /var/cache/fontconfig/e7071f4a29fa870f4323321c154eba04-le64.cache-3
7f4474012000-7f4474013000 r--s 00000000 08:03 19927107                   /var/cache/fontconfig/0d8c3b2ac0904cb8a57a757ad11a4a08-le64.cache-3
7f4474013000-7f4474019000 r--s 00000000 08:03 19927124                   /var/cache/fontconfig/a755afe4a08bf5b97852ceb7400b47bc-le64.cache-3
7f4474019000-7f4474022000 r--s 00000000 08:03 19927460                   /var/cache/fontconfig/6d41288fd70b0be22e8c3a91e032eec0-le64.cache-3
7f4474022000-7f4474032000 r--s 00000000 08:03 19927106                   /var/cache/fontconfig/04aabc0a78ac019cf9454389977116d2-le64.cache-3
7f4474032000-7f4474035000 r--s 00000000 08:03 19927112                   /var/cache/fontconfig/385c0604a188198f04d133e54aba7fe7-le64.cache-3
7f4474035000-7f4474036000 r--s 00000000 08:03 19927113                   /var/cache/fontconfig/4794a0821666d79190d59a36cb4f44b5-le64.cache-3
7f4474036000-7f4474039000 r--s 00000000 08:03 19927121                   /var/cache/fontconfig/8801497958630a81b71ace7c5f9b32a8-le64.cache-3
7f4474039000-7f4474067000 r--s 00000000 08:03 19927454                   /var/cache/fontconfig/365b55f210c0a22e9a19e35191240f32-le64.cache-3
7f4474067000-7f447406c000 r--s 00000000 08:03 19927110                   /var/cache/fontconfig/3047814df9a2f067bd2d96a2b9c36e5a-le64.cache-3
7f447406c000-7f447406d000 r--s 00000000 08:03 19927115                   /var/cache/fontconfig/56cf4f4769d0f4abc89a4895d7bd3ae1-le64.cache-3
7f447406d000-7f4474072000 r--s 00000000 08:03 19927125                   /var/cache/fontconfig/b47c4e1ecd0709278f4910c18777a504-le64.cache-3
7f4474072000-7f4474082000 r--s 00000000 08:03 19927130                   /var/cache/fontconfig/d52a8644073d54c13679302ca1180695-le64.cache-3
7f4474082000-7f4474086000 r--s 00000000 08:03 19927452                   /var/cache/fontconfig/7ef2298fde41cc6eeb7af42e48b7d293-le64.cache-3
7f4474086000-7f4474087000 r--s 00000000 08:03 19927127                   /var/cache/fontconfig/c05880de57d1f5e948fdfacc138775d9-le64.cache-3
7f4474087000-7f4474090000 r--s 00000000 08:03 19927122                   /var/cache/fontconfig/945677eb7aeaf62f1d50efc3fb3ec7d8-le64.cache-3
7f4474090000-7f44740be000 r--s 00000000 08:03 19927454                   /var/cache/fontconfig/365b55f210c0a22e9a19e35191240f32-le64.cache-3
7f44740be000-7f44745f6000 rw-p 00000000 00:00 0 
7f44745f6000-7f4474788000 r--s 037bf000 08:03 18618843                   /usr/lib/jvm/java-6-openjdk-amd64/jre/lib/rt.jar
7f4474788000-7f44747b0000 rw-p 00000000 00:00 0 
7f44747b0000-7f44747b1000 ---p 00000000 00:00 0 
7f44747b1000-7f44748b1000 rw-p 00000000 00:00 0 
7f44748b1000-7f44748b2000 ---p 00000000 00:00 0 
7f44748b2000-7f44749b2000 rw-p 00000000 00:00 0 
7f44749b2000-7f44749b3000 ---p 00000000 00:00 0 
7f44749b3000-7f4474ab3000 rw-p 00000000 00:00 0 
7f4474ab3000-7f4474ab4000 ---p 00000000 00:00 0 
7f4474ab4000-7f4474bbf000 rw-p 00000000 00:00 0 
7f4474bbf000-7f4474c07000 rw-p 00000000 00:00 0 
7f4474c07000-7f4474c12000 rw-p 00000000 00:00 0 
7f4474c12000-7f4474c5a000 rw-p 00000000 00:00 0 
7f4474c5a000-7f4474c81000 rw-p 00000000 00:00 0 
7f4474c81000-7f4474ec8000 rw-p 00000000 00:00 0 
7f4474ec8000-7f4474edc000 rw-p 00000000 00:00 0 
7f4474edc000-7f4474fff000 rw-p 00000000 00:00 0 
7f4474fff000-7f4475000000 rw-p 00000000 00:00 0 
7f4475000000-7f4475270000 rwxp 00000000 00:00 0 
7f4475270000-7f4478d48000 rw-p 00000000 00:00 0 
7f4478d48000-7f447c000000 ---p 00000000 00:00 0 
7f447c000000-7f447c002000 r--s 00000000 08:03 19927123                   /var/cache/fontconfig/99e8ed0e538f840c565b6ed5dad60d56-le64.cache-3
7f447c002000-7f447c006000 r--s 00000000 08:03 19927109                   /var/cache/fontconfig/2cd17615ca594fa2959ae173292e504c-le64.cache-3
7f447c006000-7f447c007000 r--s 00000000 08:03 19927134                   /var/cache/fontconfig/e7071f4a29fa870f4323321c154eba04-le64.cache-3
7f447c007000-7f447c008000 r--s 00000000 08:03 19927107                   /var/cache/fontconfig/0d8c3b2ac0904cb8a57a757ad11a4a08-le64.cache-3
7f447c008000-7f447c00e000 r--s 00000000 08:03 19927124                   /var/cache/fontconfig/a755afe4a08bf5b97852ceb7400b47bc-le64.cache-3
7f447c00e000-7f447c017000 r--s 00000000 08:03 19927460                   /var/cache/fontconfig/6d41288fd70b0be22e8c3a91e032eec0-le64.cache-3
7f447c017000-7f447c027000 r--s 00000000 08:03 19927106                   /var/cache/fontconfig/04aabc0a78ac019cf9454389977116d2-le64.cache-3
7f447c027000-7f447c04e000 rw-p 00000000 00:00 0 
7f447c04e000-7f447c295000 rw-p 00000000 00:00 0 
7f447c295000-7f447c29c000 r-xp 00000000 08:03 18618888                   /usr/lib/jvm/java-6-openjdk-amd64/jre/lib/amd64/libzip.so
7f447c29c000-7f447c49b000 ---p 00007000 08:03 18618888                   /usr/lib/jvm/java-6-openjdk-amd64/jre/lib/amd64/libzip.so
7f447c49b000-7f447c49c000 r--p 00006000 08:03 18618888                   /usr/lib/jvm/java-6-openjdk-amd64/jre/lib/amd64/libzip.so
7f447c49c000-7f447c49d000 rw-p 00007000 08:03 18618888                   /usr/lib/jvm/java-6-openjdk-amd64/jre/lib/amd64/libzip.so
7f447c49d000-7f447c4a9000 r-xp 00000000 08:03 21758081                   /lib/x86_64-linux-gnu/libnss_files-2.15.so
7f447c4a9000-7f447c6a8000 ---p 0000c000 08:03 21758081                   /lib/x86_64-linux-gnu/libnss_files-2.15.so
7f447c6a8000-7f447c6a9000 r--p 0000b000 08:03 21758081                   /lib/x86_64-linux-gnu/libnss_files-2.15.so
7f447c6a9000-7f447c6aa000 rw-p 0000c000 08:03 21758081                   /lib/x86_64-linux-gnu/libnss_files-2.15.so
7f447c6aa000-7f447c6b4000 r-xp 00000000 08:03 21758077                   /lib/x86_64-linux-gnu/libnss_nis-2.15.so
7f447c6b4000-7f447c8b4000 ---p 0000a000 08:03 21758077                   /lib/x86_64-linux-gnu/libnss_nis-2.15.so
7f447c8b4000-7f447c8b5000 r--p 0000a000 08:03 21758077                   /lib/x86_64-linux-gnu/libnss_nis-2.15.so
7f447c8b5000-7f447c8b6000 rw-p 0000b000 08:03 21758077                   /lib/x86_64-linux-gnu/libnss_nis-2.15.so
7f447c8b6000-7f447c8cd000 r-xp 00000000 08:03 21761730                   /lib/x86_64-linux-gnu/libnsl-2.15.so
7f447c8cd000-7f447cacc000 ---p 00017000 08:03 21761730                   /lib/x86_64-linux-gnu/libnsl-2.15.so
7f447cacc000-7f447cacd000 r--p 00016000 08:03 21761730                   /lib/x86_64-linux-gnu/libnsl-2.15.so
7f447cacd000-7f447cace000 rw-p 00017000 08:03 21761730                   /lib/x86_64-linux-gnu/libnsl-2.15.so
7f447cace000-7f447cad0000 rw-p 00000000 00:00 0 
7f447cad0000-7f447cad8000 r-xp 00000000 08:03 21758082                   /lib/x86_64-linux-gnu/libnss_compat-2.15.so
7f447cad8000-7f447ccd7000 ---p 00008000 08:03 21758082                   /lib/x86_64-linux-gnu/libnss_compat-2.15.so
7f447ccd7000-7f447ccd8000 r--p 00007000 08:03 21758082                   /lib/x86_64-linux-gnu/libnss_compat-2.15.so
7f447ccd8000-7f447ccd9000 rw-p 00008000 08:03 21758082                   /lib/x86_64-linux-gnu/libnss_compat-2.15.so
7f447ccd9000-7f447cd05000 r-xp 00000000 08:03 18618873                   /usr/lib/jvm/java-6-openjdk-amd64/jre/lib/amd64/libjava.so
7f447cd05000-7f447cf04000 ---p 0002c000 08:03 18618873                   /usr/lib/jvm/java-6-openjdk-amd64/jre/lib/amd64/libjava.so
7f447cf04000-7f447cf05000 r--p 0002b000 08:03 18618873                   /usr/lib/jvm/java-6-openjdk-amd64/jre/lib/amd64/libjava.so
7f447cf05000-7f447cf08000 rw-p 0002c000 08:03 18618873                   /usr/lib/jvm/java-6-openjdk-amd64/jre/lib/amd64/libjava.so
7f447cf08000-7f447cf16000 r-xp 00000000 08:03 18618872                   /usr/lib/jvm/java-6-openjdk-amd64/jre/lib/amd64/libverify.so
7f447cf16000-7f447d115000 ---p 0000e000 08:03 18618872                   /usr/lib/jvm/java-6-openjdk-amd64/jre/lib/amd64/libverify.so
7f447d115000-7f447d117000 r--p 0000d000 08:03 18618872                   /usr/lib/jvm/java-6-openjdk-amd64/jre/lib/amd64/libverify.so
7f447d117000-7f447d118000 rw-p 0000f000 08:03 18618872                   /usr/lib/jvm/java-6-openjdk-amd64/jre/lib/amd64/libverify.so
7f447d118000-7f447d11f000 r-xp 00000000 08:03 21758075                   /lib/x86_64-linux-gnu/librt-2.15.so
7f447d11f000-7f447d31e000 ---p 00007000 08:03 21758075                   /lib/x86_64-linux-gnu/librt-2.15.so
7f447d31e000-7f447d31f000 r--p 00006000 08:03 21758075                   /lib/x86_64-linux-gnu/librt-2.15.so
7f447d31f000-7f447d320000 rw-p 00007000 08:03 21758075                   /lib/x86_64-linux-gnu/librt-2.15.so
7f447d320000-7f447d335000 r-xp 00000000 08:03 21761542                   /lib/x86_64-linux-gnu/libgcc_s.so.1
7f447d335000-7f447d534000 ---p 00015000 08:03 21761542                   /lib/x86_64-linux-gnu/libgcc_s.so.1
7f447d534000-7f447d535000 r--p 00014000 08:03 21761542                   /lib/x86_64-linux-gnu/libgcc_s.so.1
7f447d535000-7f447d536000 rw-p 00015000 08:03 21761542                   /lib/x86_64-linux-gnu/libgcc_s.so.1
7f447d536000-7f447d62f000 r-xp 00000000 08:03 21758079                   /lib/x86_64-linux-gnu/libm-2.15.so
7f447d62f000-7f447d82e000 ---p 000f9000 08:03 21758079                   /lib/x86_64-linux-gnu/libm-2.15.so
7f447d82e000-7f447d82f000 r--p 000f8000 08:03 21758079                   /lib/x86_64-linux-gnu/libm-2.15.so
7f447d82f000-7f447d830000 rw-p 000f9000 08:03 21758079                   /lib/x86_64-linux-gnu/libm-2.15.so
7f447d830000-7f447d912000 r-xp 00000000 08:03 18488773                   /usr/lib/x86_64-linux-gnu/libstdc++.so.6.0.16
7f447d912000-7f447db11000 ---p 000e2000 08:03 18488773                   /usr/lib/x86_64-linux-gnu/libstdc++.so.6.0.16
7f447db11000-7f447db19000 r--p 000e1000 08:03 18488773                   /usr/lib/x86_64-linux-gnu/libstdc++.so.6.0.16
7f447db19000-7f447db1b000 rw-p 000e9000 08:03 18488773                   /usr/lib/x86_64-linux-gnu/libstdc++.so.6.0.16
7f447db1b000-7f447db30000 rw-p 00000000 00:00 0 
7f447db30000-7f447e434000 r-xp 00000000 08:03 18618878                   /usr/lib/jvm/java-6-openjdk-amd64/jre/lib/amd64/server/libjvm.so
7f447e434000-7f447e634000 ---p 00904000 08:03 18618878                   /usr/lib/jvm/java-6-openjdk-amd64/jre/lib/amd64/server/libjvm.so
7f447e634000-7f447e6b4000 r--p 00904000 08:03 18618878                   /usr/lib/jvm/java-6-openjdk-amd64/jre/lib/amd64/server/libjvm.so
7f447e6b4000-7f447e6cf000 rw-p 00984000 08:03 18618878                   /usr/lib/jvm/java-6-openjdk-amd64/jre/lib/amd64/server/libjvm.so
7f447e6cf000-7f447e6f8000 rw-p 00000000 00:00 0 
7f447e6f8000-7f447e70e000 r-xp 00000000 08:03 21761632                   /lib/x86_64-linux-gnu/libz.so.1.2.3.4
7f447e70e000-7f447e90d000 ---p 00016000 08:03 21761632                   /lib/x86_64-linux-gnu/libz.so.1.2.3.4
7f447e90d000-7f447e90e000 r--p 00015000 08:03 21761632                   /lib/x86_64-linux-gnu/libz.so.1.2.3.4
7f447e90e000-7f447e90f000 rw-p 00016000 08:03 21761632                   /lib/x86_64-linux-gnu/libz.so.1.2.3.4
7f447e90f000-7f447eac4000 r-xp 00000000 08:03 21757975                   /lib/x86_64-linux-gnu/libc-2.15.so
7f447eac4000-7f447ecc3000 ---p 001b5000 08:03 21757975                   /lib/x86_64-linux-gnu/libc-2.15.so
7f447ecc3000-7f447ecc7000 r--p 001b4000 08:03 21757975                   /lib/x86_64-linux-gnu/libc-2.15.so
7f447ecc7000-7f447ecc9000 rw-p 001b8000 08:03 21757975                   /lib/x86_64-linux-gnu/libc-2.15.so
7f447ecc9000-7f447ecce000 rw-p 00000000 00:00 0 
7f447ecce000-7f447ecd0000 r-xp 00000000 08:03 21757964                   /lib/x86_64-linux-gnu/libdl-2.15.so
7f447ecd0000-7f447eed0000 ---p 00002000 08:03 21757964                   /lib/x86_64-linux-gnu/libdl-2.15.so
7f447eed0000-7f447eed1000 r--p 00002000 08:03 21757964                   /lib/x86_64-linux-gnu/libdl-2.15.so
7f447eed1000-7f447eed2000 rw-p 00003000 08:03 21757964                   /lib/x86_64-linux-gnu/libdl-2.15.so
7f447eed2000-7f447eed6000 r-xp 00000000 08:03 18618855                   /usr/lib/jvm/java-6-openjdk-amd64/jre/lib/amd64/jli/libjli.so
7f447eed6000-7f447f0d5000 ---p 00004000 08:03 18618855                   /usr/lib/jvm/java-6-openjdk-amd64/jre/lib/amd64/jli/libjli.so
7f447f0d5000-7f447f0d6000 r--p 00003000 08:03 18618855                   /usr/lib/jvm/java-6-openjdk-amd64/jre/lib/amd64/jli/libjli.so
7f447f0d6000-7f447f0d7000 rw-p 00004000 08:03 18618855                   /usr/lib/jvm/java-6-openjdk-amd64/jre/lib/amd64/jli/libjli.so
7f447f0d7000-7f447f0ef000 r-xp 00000000 08:03 21758073                   /lib/x86_64-linux-gnu/libpthread-2.15.so
7f447f0ef000-7f447f2ee000 ---p 00018000 08:03 21758073                   /lib/x86_64-linux-gnu/libpthread-2.15.so
7f447f2ee000-7f447f2ef000 r--p 00017000 08:03 21758073                   /lib/x86_64-linux-gnu/libpthread-2.15.so
7f447f2ef000-7f447f2f0000 rw-p 00018000 08:03 21758073                   /lib/x86_64-linux-gnu/libpthread-2.15.so
7f447f2f0000-7f447f2f4000 rw-p 00000000 00:00 0 
7f447f2f4000-7f447f316000 r-xp 00000000 08:03 21758085                   /lib/x86_64-linux-gnu/ld-2.15.so
7f447f316000-7f447f319000 r--s 00000000 08:03 19927196                   /var/cache/fontconfig/e13b20fdb08344e0e664864cc2ede53d-le64.cache-3
7f447f319000-7f447f31c000 r--s 00000000 08:03 19927112                   /var/cache/fontconfig/385c0604a188198f04d133e54aba7fe7-le64.cache-3
7f447f31c000-7f447f31f000 r--s 00000000 08:03 19927121                   /var/cache/fontconfig/8801497958630a81b71ace7c5f9b32a8-le64.cache-3
7f447f31f000-7f447f324000 r--s 00000000 08:03 19927110                   /var/cache/fontconfig/3047814df9a2f067bd2d96a2b9c36e5a-le64.cache-3
7f447f324000-7f447f334000 r--s 00000000 08:03 19927130                   /var/cache/fontconfig/d52a8644073d54c13679302ca1180695-le64.cache-3
7f447f334000-7f447f33e000 rw-p 00000000 00:00 0 
7f447f33e000-7f447f3f4000 rw-p 00000000 00:00 0 
7f447f3f4000-7f447f3f7000 ---p 00000000 00:00 0 
7f447f3f7000-7f447f4fa000 rw-p 00000000 00:00 0 
7f447f4fa000-7f447f4fb000 r--s 00000000 08:03 19927126                   /var/cache/fontconfig/b9d506c9ac06c20b433354fa67a72993-le64.cache-3
7f447f4fb000-7f447f4fc000 r--s 00000000 08:03 19927113                   /var/cache/fontconfig/4794a0821666d79190d59a36cb4f44b5-le64.cache-3
7f447f4fc000-7f447f4fd000 r--s 00000000 08:03 19927115                   /var/cache/fontconfig/56cf4f4769d0f4abc89a4895d7bd3ae1-le64.cache-3
7f447f4fd000-7f447f4fe000 r--s 00000000 08:03 19927126                   /var/cache/fontconfig/b9d506c9ac06c20b433354fa67a72993-le64.cache-3
7f447f4fe000-7f447f503000 r--s 00000000 08:03 19927125                   /var/cache/fontconfig/b47c4e1ecd0709278f4910c18777a504-le64.cache-3
7f447f503000-7f447f506000 r--s 00000000 08:03 19927196                   /var/cache/fontconfig/e13b20fdb08344e0e664864cc2ede53d-le64.cache-3
7f447f506000-7f447f50a000 r--s 00000000 08:03 19927452                   /var/cache/fontconfig/7ef2298fde41cc6eeb7af42e48b7d293-le64.cache-3
7f447f50a000-7f447f512000 rw-s 00000000 08:03 8126493                    /tmp/hsperfdata_arwilczek90/2616 (deleted)
7f447f512000-7f447f513000 rw-p 00000000 00:00 0 
7f447f513000-7f447f514000 ---p 00000000 00:00 0 
7f447f514000-7f447f516000 rw-p 00000000 00:00 0 
7f447f516000-7f447f517000 r--p 00022000 08:03 21758085                   /lib/x86_64-linux-gnu/ld-2.15.so
7f447f517000-7f447f519000 rw-p 00023000 08:03 21758085                   /lib/x86_64-linux-gnu/ld-2.15.so
7fff40959000-7fff4097a000 rw-p 00000000 00:00 0                          [stack]
7fff409db000-7fff409dc000 r-xp 00000000 00:00 0                          [vdso]
ffffffffff600000-ffffffffff601000 r-xp 00000000 00:00 0                  [vsyscall]

VM Arguments:
jvm_args: -Djava.library.path=/home/arwilczek90/workspace/Elements/lib/slick:/home/arwilczek90/workspace/Elements/lib/slick -Dfile.encoding=UTF-8 
java_command: com.hack.elements.view.Main
Launcher Type: SUN_STANDARD

Environment Variables:
PATH=/usr/lib/lightdm/lightdm:/usr/local/sbin:/usr/local/bin:/usr/sbin:/usr/bin:/sbin:/bin:/usr/games
LD_LIBRARY_PATH=/usr/lib/jvm/java-6-openjdk-amd64/jre/lib/amd64/server:/usr/lib/jvm/java-6-openjdk-amd64/jre/lib/amd64:/usr/lib/jvm/java-6-openjdk-amd64/jre/../lib/amd64
SHELL=/bin/bash
DISPLAY=:0.0

Signal Handlers:
SIGSEGV: [libjvm.so+0x784310], sa_mask[0]=0x7ffbfeff, sa_flags=0x10000004
SIGBUS: [libjvm.so+0x784310], sa_mask[0]=0x7ffbfeff, sa_flags=0x10000004
SIGFPE: [libjvm.so+0x648580], sa_mask[0]=0x7ffbfeff, sa_flags=0x10000004
SIGPIPE: [libjvm.so+0x648580], sa_mask[0]=0x7ffbfeff, sa_flags=0x10000004
SIGXFSZ: [libjvm.so+0x648580], sa_mask[0]=0x7ffbfeff, sa_flags=0x10000004
SIGILL: [libjvm.so+0x648580], sa_mask[0]=0x7ffbfeff, sa_flags=0x10000004
SIGUSR1: SIG_DFL, sa_mask[0]=0x00000000, sa_flags=0x00000000
SIGUSR2: [libjvm.so+0x648730], sa_mask[0]=0x00000004, sa_flags=0x10000004
SIGHUP: [libjvm.so+0x64b250], sa_mask[0]=0x7ffbfeff, sa_flags=0x10000004
SIGINT: [libjvm.so+0x64b250], sa_mask[0]=0x7ffbfeff, sa_flags=0x10000004
SIGTERM: [libjvm.so+0x64b250], sa_mask[0]=0x7ffbfeff, sa_flags=0x10000004
SIGQUIT: [libjvm.so+0x64b250], sa_mask[0]=0x7ffbfeff, sa_flags=0x10000004


---------------  S Y S T E M  ---------------

OS:Ubuntu 12.04 (precise)
uname:Linux 3.2.0-32-generic #51-Ubuntu SMP Wed Sep 26 21:33:09 UTC 2012 x86_64
libc:glibc 2.15 NPTL 2.15 
rlimit: STACK 8192k, CORE 0k, NPROC 59545, NOFILE 4096, AS infinity
load average:0.97 0.87 0.81

/proc/meminfo:
MemTotal:        7639648 kB
MemFree:         5419772 kB
Buffers:           79200 kB
Cached:           654756 kB
SwapCached:            0 kB
Active:          1343580 kB
Inactive:         520188 kB
Active(anon):    1130816 kB
Inactive(anon):     5800 kB
Active(file):     212764 kB
Inactive(file):   514388 kB
Unevictable:          20 kB
Mlocked:              20 kB
SwapTotal:       3818492 kB
SwapFree:        3818492 kB
Dirty:              1168 kB
Writeback:             0 kB
AnonPages:       1130380 kB
Mapped:           234944 kB
Shmem:              6588 kB
Slab:              66072 kB
SReclaimable:      39404 kB
SUnreclaim:        26668 kB
KernelStack:        3576 kB
PageTables:        28752 kB
NFS_Unstable:          0 kB
Bounce:                0 kB
WritebackTmp:          0 kB
CommitLimit:     7638316 kB
Committed_AS:    3372644 kB
VmallocTotal:   34359738367 kB
VmallocUsed:      116912 kB
VmallocChunk:   34359619344 kB
HardwareCorrupted:     0 kB
AnonHugePages:         0 kB
HugePages_Total:       0
HugePages_Free:        0
HugePages_Rsvd:        0
HugePages_Surp:        0
Hugepagesize:       2048 kB
DirectMap4k:      147456 kB
DirectMap2M:     2453504 kB
DirectMap1G:     5242880 kB


CPU:total 4 (4 cores per cpu, 1 threads per core) family 18 model 1 stepping 0, cmov, cx8, fxsr, mmx, sse, sse2, sse3, popcnt, mmxext, 3dnowpref, lzcnt, sse4a

Memory: 4k page, physical 7639648k(5419772k free), swap 3818492k(3818492k free)

vm_info: OpenJDK 64-Bit Server VM (20.0-b12) for linux-amd64 JRE (1.6.0_24-b24), built on Sep  2 2012 19:50:47 by "buildd" with gcc 4.6.3

time: Sat Oct 13 12:56:39 2012
elapsed time: 4920 seconds

