#
# A fatal error has been detected by the Java Runtime Environment:
#
#  SIGSEGV (0xb) at pc=0x00007f742b3c0c58, pid=2379, tid=140137011857152
#
# JRE version: 6.0_24-b24
# Java VM: OpenJDK 64-Bit Server VM (20.0-b12 mixed mode linux-amd64 compressed oops)
# Derivative: IcedTea6 1.11.4
# Distribution: Ubuntu 12.04 LTS, package 6b24-1.11.4-1ubuntu0.12.04.1
# Problematic frame:
# C  [libX11.so.6+0x33c58]  XQueryExtension+0x28
#
# If you would like to submit a bug report, please include
# instructions how to reproduce the bug and visit:
#   https://bugs.launchpad.net/ubuntu/+source/openjdk-6/
#

---------------  T H R E A D  ---------------

Current thread (0x00007f7434070000):  VMThread [stack: 0x00007f7430bfc000,0x00007f7430cfd000] [id=2389]

siginfo:si_signo=SIGSEGV: si_errno=0, si_code=1 (SEGV_MAPERR), si_addr=0x00000000342503d8

Registers:
RAX=0x00007f74180008c0, RBX=0x000000003424fa70, RCX=0x00007f7430cfb658, RDX=0x00007f7430cfb654
RSP=0x00007f7430cfb5f0, RBP=0x00007f74292f7932, RSI=0x00007f74292f7932, RDI=0x000000003424fa70
R8 =0x00007f7430cfb65c, R9 =0x0000000000000000, R10=0x00007f743b97dfa8, R11=0x00007f743b5fdca0
R12=0x0000000000000000, R13=0x00007f74292f7932, R14=0x00007f74180008c0, R15=0x0000000000000000
RIP=0x00007f742b3c0c58, EFLAGS=0x0000000000010206, CSGSFS=0x0000000000000033, ERR=0x0000000000000004
  TRAPNO=0x000000000000000e

Top of Stack: (sp=0x00007f7430cfb5f0)
0x00007f7430cfb5f0:   00007f743b5d0790 00007f743c1ac9e8
0x00007f7430cfb600:   00007f743c1a6628 00007f743c1a662c
0x00007f7430cfb610:   00000000ffffffff 000000003424fa70
0x00007f7430cfb620:   00007f74292f7932 0000000000000000
0x00007f7430cfb630:   00007f74292f7932 00007f74180008c0
0x00007f7430cfb640:   0000000000000000 00007f742b3b4c55
0x00007f7430cfb650:   00007f743c1ca048 00007f7429430520
0x00007f7430cfb660:   00007f7429430520 000000003424fa70
0x00007f7430cfb670:   00007f7434145830 00007f742b6ce02b
0x00007f7430cfb680:   00007f743b5d0790 000000110000002c
0x00007f7430cfb690:   00007f7430cfb710 0000000000000000
0x00007f7430cfb6a0:   00007f7430cfb710 000000003424fa70
0x00007f7430cfb6b0:   0000000000000000 00007f743c1ca048
0x00007f7430cfb6c0:   00007f7429449d50 00007f742929e119
0x00007f7430cfb6d0:   0000000000000000 000000000000002c
0x00007f7430cfb6e0:   00007f7430cfb710 00007f7430cfb730
0x00007f7430cfb6f0:   0000000000000000 00007f743c1ca048
0x00007f7430cfb700:   00007f7434255540 00007f7429294b42
0x00007f7430cfb710:   00007f7430cfb900 00007f74292f78b1
0x00007f7430cfb720:   00007f7430cfb900 00007f743bfb692d
0x00007f7430cfb730:   00007f743c1cb2c8 00007f743c1cb858
0x00007f7430cfb740:   00007f743c1ac000 00007f7434006a00
0x00007f7430cfb750:   00007f7434007510 00007f7434006eb0
0x00007f7430cfb760:   00007f7434007a10 00007f743400c6f0
0x00007f7430cfb770:   00007f743412ddd0 00007f743412e2b0
0x00007f7430cfb780:   00007f743c1ab000 00007f743424e7c0
0x00007f7430cfb790:   00007f7434246b00 00007f7434246fa0
0x00007f7430cfb7a0:   00007f743424ec90 00007f743424f130
0x00007f7430cfb7b0:   00007f743424f5d0 00007f74340f9890
0x00007f7430cfb7c0:   00007f74340c1f30 00007f74340025e0
0x00007f7430cfb7d0:   00007f7434001ec0 0000000001b015f0
0x00007f7430cfb7e0:   0000000001b01b60 0000000001b02570 

Instructions: (pc=0x00007f742b3c0c58)
0x00007f742b3c0c38:   24 d8 48 89 fb 4c 89 64 24 e0 4c 89 6c 24 e8 48
0x00007f742b3c0c48:   89 f5 4c 89 74 24 f0 4c 89 7c 24 f8 48 83 ec 58
0x00007f742b3c0c58:   48 8b 87 68 09 00 00 49 89 d4 49 89 cd 4d 89 c6
0x00007f742b3c0c68:   48 85 c0 74 02 ff 10 ba 08 00 00 00 be 62 00 00 

Register to memory mapping:

RAX=0x00007f74180008c0 is an unknown value
RBX=0x000000003424fa70 is an unknown value
RCX=0x00007f7430cfb658 is an unknown value
RDX=0x00007f7430cfb654 is an unknown value
RSP=0x00007f7430cfb5f0 is an unknown value
RBP=0x00007f74292f7932: <offset 0x96932> in /usr/lib/fglrx/libGL.so.1 at 0x00007f7429261000
RSI=0x00007f74292f7932: <offset 0x96932> in /usr/lib/fglrx/libGL.so.1 at 0x00007f7429261000
RDI=0x000000003424fa70 is an unknown value
R8 =0x00007f7430cfb65c is an unknown value
R9 =0x0000000000000000 is an unknown value
R10=0x00007f743b97dfa8: <offset 0x3bbfa8> in /lib/x86_64-linux-gnu/libc.so.6 at 0x00007f743b5c2000
R11=0x00007f743b5fdca0: __cxa_finalize+0 in /lib/x86_64-linux-gnu/libc.so.6 at 0x00007f743b5c2000
R12=0x0000000000000000 is an unknown value
R13=0x00007f74292f7932: <offset 0x96932> in /usr/lib/fglrx/libGL.so.1 at 0x00007f7429261000
R14=0x00007f74180008c0 is an unknown value
R15=0x0000000000000000 is an unknown value


Stack: [0x00007f7430bfc000,0x00007f7430cfd000],  sp=0x00007f7430cfb5f0,  free space=1021k
Native frames: (J=compiled Java code, j=interpreted, Vv=VM code, C=native code)
C  [libX11.so.6+0x33c58]  XQueryExtension+0x28

VM_Operation (0x00007f743c1a6680): Exit, mode: safepoint, requested by thread 0x00007f7434008800


---------------  P R O C E S S  ---------------

Java Threads: ( => current thread )
  0x00007f7434863000 JavaThread "Thread-1" [_thread_blocked, id=2401, stack(0x00007f7428053000,0x00007f7428154000)]
  0x00007f7434b1a000 JavaThread "Thread-2" daemon [_thread_blocked, id=2399, stack(0x00007f742855a000,0x00007f742865b000)]
  0x00007f743424d800 JavaThread "AWT-XAWT" daemon [_thread_blocked, id=2398, stack(0x00007f7429bbc000,0x00007f7429cbd000)]
  0x00007f743413f000 JavaThread "Java2D Disposer" daemon [_thread_blocked, id=2397, stack(0x00007f742a16e000,0x00007f742a26f000)]
  0x00007f743409e800 JavaThread "Low Memory Detector" daemon [_thread_blocked, id=2395, stack(0x00007f742beff000,0x00007f742c000000)]
  0x00007f743409c000 JavaThread "C2 CompilerThread1" daemon [_thread_blocked, id=2394, stack(0x00007f7430014000,0x00007f7430115000)]
  0x00007f7434099800 JavaThread "C2 CompilerThread0" daemon [_thread_blocked, id=2393, stack(0x00007f7430115000,0x00007f7430216000)]
  0x00007f7434098000 JavaThread "Signal Dispatcher" daemon [_thread_blocked, id=2392, stack(0x00007f7430216000,0x00007f7430317000)]
  0x00007f7434079000 JavaThread "Finalizer" daemon [_thread_blocked, id=2391, stack(0x00007f74309fa000,0x00007f7430afb000)]
  0x00007f7434077000 JavaThread "Reference Handler" daemon [_thread_blocked, id=2390, stack(0x00007f7430afb000,0x00007f7430bfc000)]
  0x00007f7434008800 JavaThread "main" [_thread_blocked, id=2384, stack(0x00007f743c0a7000,0x00007f743c1a8000)]

Other Threads:
=>0x00007f7434070000 VMThread [stack: 0x00007f7430bfc000,0x00007f7430cfd000] [id=2389]

VM state:at safepoint (shutting down)

VM Mutex/Monitor currently owned by a thread:  ([mutex/lock_event])
[0x00007f7434004dd0] Threads_lock - owner thread: 0x00007f7434070000

Heap
 PSYoungGen      total 34880K, used 15787K [0x00000000d9200000, 0x00000000db8e0000, 0x0000000100000000)
  eden space 29952K, 52% used [0x00000000d9200000,0x00000000da16add8,0x00000000daf40000)
  from space 4928K, 0% used [0x00000000db410000,0x00000000db410000,0x00000000db8e0000)
  to   space 4928K, 0% used [0x00000000daf40000,0x00000000daf40000,0x00000000db410000)
 PSOldGen        total 79616K, used 0K [0x000000008b600000, 0x00000000903c0000, 0x00000000d9200000)
  object space 79616K, 0% used [0x000000008b600000,0x000000008b600000,0x00000000903c0000)
 PSPermGen       total 21248K, used 11349K [0x0000000081000000, 0x00000000824c0000, 0x000000008b600000)
  object space 21248K, 53% used [0x0000000081000000,0x0000000081b155c0,0x00000000824c0000)

Code Cache  [0x00007f7431000000, 0x00007f7431270000, 0x00007f7434000000)
 total_blobs=587 nmethods=102 adapters=439 free_code_cache=49595648 largest_free_block=11648

Dynamic libraries:
00400000-00409000 r-xp 00000000 08:03 18618890                           /usr/lib/jvm/java-6-openjdk-amd64/jre/bin/java
00608000-00609000 r--p 00008000 08:03 18618890                           /usr/lib/jvm/java-6-openjdk-amd64/jre/bin/java
00609000-0060a000 rw-p 00009000 08:03 18618890                           /usr/lib/jvm/java-6-openjdk-amd64/jre/bin/java
01b01000-01b22000 rw-p 00000000 00:00 0                                  [heap]
81000000-824c0000 rw-p 00000000 00:00 0 
824c0000-8b600000 rw-p 00000000 00:00 0 
8b600000-903c0000 rw-p 00000000 00:00 0 
903c0000-d9200000 rw-p 00000000 00:00 0 
d9200000-db8e0000 rw-p 00000000 00:00 0 
db8e0000-100000000 rw-p 00000000 00:00 0 
7f73e4000000-7f73e4021000 rw-p 00000000 00:00 0 
7f73e4021000-7f73e8000000 ---p 00000000 00:00 0 
7f73e8000000-7f73e8021000 rw-p 00000000 00:00 0 
7f73e8021000-7f73ec000000 ---p 00000000 00:00 0 
7f73ec000000-7f73ec021000 rw-p 00000000 00:00 0 
7f73ec021000-7f73f0000000 ---p 00000000 00:00 0 
7f73f0000000-7f73f0021000 rw-p 00000000 00:00 0 
7f73f0021000-7f73f4000000 ---p 00000000 00:00 0 
7f73f4000000-7f73f4021000 rw-p 00000000 00:00 0 
7f73f4021000-7f73f8000000 ---p 00000000 00:00 0 
7f73f8000000-7f73f8021000 rw-p 00000000 00:00 0 
7f73f8021000-7f73fc000000 ---p 00000000 00:00 0 
7f73fc000000-7f73fc1a5000 rw-p 00000000 00:00 0 
7f73fc1a5000-7f7400000000 ---p 00000000 00:00 0 
7f7400000000-7f7400021000 rw-p 00000000 00:00 0 
7f7400021000-7f7404000000 ---p 00000000 00:00 0 
7f7404000000-7f7404021000 rw-p 00000000 00:00 0 
7f7404021000-7f7408000000 ---p 00000000 00:00 0 
7f7408000000-7f74081d8000 rw-p 00000000 00:00 0 
7f74081d8000-7f740c000000 ---p 00000000 00:00 0 
7f740c000000-7f740c021000 rw-p 00000000 00:00 0 
7f740c021000-7f7410000000 ---p 00000000 00:00 0 
7f7410000000-7f7410021000 rw-p 00000000 00:00 0 
7f7410021000-7f7414000000 ---p 00000000 00:00 0 
7f7414000000-7f7414021000 rw-p 00000000 00:00 0 
7f7414021000-7f7418000000 ---p 00000000 00:00 0 
7f7418000000-7f7418021000 rw-p 00000000 00:00 0 
7f7418021000-7f741c000000 ---p 00000000 00:00 0 
7f741c000000-7f741c021000 rw-p 00000000 00:00 0 
7f741c021000-7f7420000000 ---p 00000000 00:00 0 
7f7421b30000-7f7421d32000 rw-p 00000000 00:00 0 
7f7421d32000-7f7423c8c000 r-xp 00000000 08:03 19009510                   /usr/lib/fglrx/dri/fglrx_dri.so
7f7423c8c000-7f7423d8c000 ---p 01f5a000 08:03 19009510                   /usr/lib/fglrx/dri/fglrx_dri.so
7f7423d8c000-7f7423eda000 rwxp 01f5a000 08:03 19009510                   /usr/lib/fglrx/dri/fglrx_dri.so
7f7423eda000-7f7424000000 rwxp 00000000 00:00 0 
7f7424000000-7f7424021000 rw-p 00000000 00:00 0 
7f7424021000-7f7428000000 ---p 00000000 00:00 0 
7f7428053000-7f7428056000 ---p 00000000 00:00 0 
7f7428056000-7f7428154000 rw-p 00000000 00:00 0 
7f7428154000-7f7428157000 ---p 00000000 00:00 0 
7f7428157000-7f7428457000 rw-p 00000000 00:00 0 
7f7428457000-7f742845a000 r-xp 00000000 08:03 15602613                   /home/arwilczek90/workspace/Elements/lib/slick/libjinput-linux64.so
7f742845a000-7f7428559000 ---p 00003000 08:03 15602613                   /home/arwilczek90/workspace/Elements/lib/slick/libjinput-linux64.so
7f7428559000-7f742855a000 rw-p 00002000 08:03 15602613                   /home/arwilczek90/workspace/Elements/lib/slick/libjinput-linux64.so
7f742855a000-7f742855d000 ---p 00000000 00:00 0 
7f742855d000-7f742865b000 rw-p 00000000 00:00 0 
7f742865b000-7f7428660000 r--s 0002f000 08:03 15598498                   /home/arwilczek90/workspace/Elements/lib/slick/lib/jinput.jar
7f7428660000-7f7428662000 r--s 00008000 08:03 15598497                   /home/arwilczek90/workspace/Elements/lib/slick/lib/ibxm.jar
7f7428662000-7f7428665000 r--s 0005b000 08:03 15598496                   /home/arwilczek90/workspace/Elements/lib/slick/lib/hiero.jar
7f7428665000-7f7428666000 r--s 00007000 08:03 15597697                   /home/arwilczek90/workspace/Elements/lib/slick/applet/lwjgl_util_applet.jar
7f74286a6000-7f7428da6000 rw-s 00006000 00:05 8786                       /dev/ati/card0
7f7428da6000-7f7428da8000 r-xp 00000000 08:03 18488267                   /usr/lib/x86_64-linux-gnu/libXinerama.so.1.0.0
7f7428da8000-7f7428fa7000 ---p 00002000 08:03 18488267                   /usr/lib/x86_64-linux-gnu/libXinerama.so.1.0.0
7f7428fa7000-7f7428fa8000 r--p 00001000 08:03 18488267                   /usr/lib/x86_64-linux-gnu/libXinerama.so.1.0.0
7f7428fa8000-7f7428fa9000 rw-p 00002000 08:03 18488267                   /usr/lib/x86_64-linux-gnu/libXinerama.so.1.0.0
7f7428fa9000-7f7428fe4000 r-xp 00000000 08:03 19009508                   /usr/lib/fglrx/libatiadlxx.so
7f7428fe4000-7f74290e4000 ---p 0003b000 08:03 19009508                   /usr/lib/fglrx/libatiadlxx.so
7f74290e4000-7f74290ed000 rw-p 0003b000 08:03 19009508                   /usr/lib/fglrx/libatiadlxx.so
7f74290ed000-7f74290fe000 rw-p 00000000 00:00 0 
7f7429118000-7f7429158000 rw-s f0300000 00:05 8786                       /dev/ati/card0
7f7429158000-7f742915f000 r-xp 00000000 08:03 19009532                   /usr/lib/fglrx/libatiuki.so.1.0
7f742915f000-7f742925f000 ---p 00007000 08:03 19009532                   /usr/lib/fglrx/libatiuki.so.1.0
7f742925f000-7f7429260000 rw-p 00007000 08:03 19009532                   /usr/lib/fglrx/libatiuki.so.1.0
7f7429260000-7f7429261000 rw-p 00000000 00:00 0 
7f7429261000-7f7429324000 r-xp 00000000 08:03 19009512                   /usr/lib/fglrx/libGL.so.1.2
7f7429324000-7f7429423000 ---p 000c3000 08:03 19009512                   /usr/lib/fglrx/libGL.so.1.2
7f7429423000-7f742944a000 rwxp 000c2000 08:03 19009512                   /usr/lib/fglrx/libGL.so.1.2
7f742944a000-7f742946a000 rwxp 00000000 00:00 0 
7f742946a000-7f742946b000 r-xp 00000000 08:03 18618886                   /usr/lib/jvm/java-6-openjdk-amd64/jre/lib/amd64/libjawt.so
7f742946b000-7f742966a000 ---p 00001000 08:03 18618886                   /usr/lib/jvm/java-6-openjdk-amd64/jre/lib/amd64/libjawt.so
7f742966a000-7f742966b000 r--p 00000000 08:03 18618886                   /usr/lib/jvm/java-6-openjdk-amd64/jre/lib/amd64/libjawt.so
7f742966b000-7f742966c000 rw-p 00001000 08:03 18618886                   /usr/lib/jvm/java-6-openjdk-amd64/jre/lib/amd64/libjawt.so
7f742966c000-7f7429670000 r-xp 00000000 08:03 18488287                   /usr/lib/x86_64-linux-gnu/libXxf86vm.so.1.0.0
7f7429670000-7f742986f000 ---p 00004000 08:03 18488287                   /usr/lib/x86_64-linux-gnu/libXxf86vm.so.1.0.0
7f742986f000-7f7429870000 r--p 00003000 08:03 18488287                   /usr/lib/x86_64-linux-gnu/libXxf86vm.so.1.0.0
7f7429870000-7f7429871000 rw-p 00004000 08:03 18488287                   /usr/lib/x86_64-linux-gnu/libXxf86vm.so.1.0.0
7f7429871000-7f7429879000 r-xp 00000000 08:03 18488277                   /usr/lib/x86_64-linux-gnu/libXrandr.so.2.2.0
7f7429879000-7f7429a78000 ---p 00008000 08:03 18488277                   /usr/lib/x86_64-linux-gnu/libXrandr.so.2.2.0
7f7429a78000-7f7429a79000 r--p 00007000 08:03 18488277                   /usr/lib/x86_64-linux-gnu/libXrandr.so.2.2.0
7f7429a79000-7f7429a7a000 rw-p 00008000 08:03 18488277                   /usr/lib/x86_64-linux-gnu/libXrandr.so.2.2.0
7f7429a7a000-7f7429aba000 r-xp 00000000 08:03 15602617                   /home/arwilczek90/workspace/Elements/lib/slick/liblwjgl64.so
7f7429aba000-7f7429bba000 ---p 00040000 08:03 15602617                   /home/arwilczek90/workspace/Elements/lib/slick/liblwjgl64.so
7f7429bba000-7f7429bbc000 rw-p 00040000 08:03 15602617                   /home/arwilczek90/workspace/Elements/lib/slick/liblwjgl64.so
7f7429bbc000-7f7429bbf000 ---p 00000000 00:00 0 
7f7429bbf000-7f7429cbd000 rw-p 00000000 00:00 0 
7f7429cbd000-7f7429cbe000 r--s 00000000 08:03 19927127                   /var/cache/fontconfig/c05880de57d1f5e948fdfacc138775d9-le64.cache-3
7f7429cbe000-7f7429cc7000 r--s 00000000 08:03 19927122                   /var/cache/fontconfig/945677eb7aeaf62f1d50efc3fb3ec7d8-le64.cache-3
7f7429cc7000-7f7429cd0000 r--s 00000000 08:03 19927460                   /var/cache/fontconfig/6d41288fd70b0be22e8c3a91e032eec0-le64.cache-3
7f7429cd0000-7f7429ce0000 r--s 00000000 08:03 19927106                   /var/cache/fontconfig/04aabc0a78ac019cf9454389977116d2-le64.cache-3
7f7429ce0000-7f7429d0e000 r--s 00000000 08:03 19927454                   /var/cache/fontconfig/365b55f210c0a22e9a19e35191240f32-le64.cache-3
7f7429d1e000-7f7429d20000 r--s 00015000 08:03 15598514                   /home/arwilczek90/workspace/Elements/lib/slick/lib/tinylinepp.jar
7f7429d20000-7f7429d23000 r--s 00015000 08:03 15598512                   /home/arwilczek90/workspace/Elements/lib/slick/lib/slick-util.jar
7f7429d23000-7f7429d2b000 r--s 00067000 08:03 15598510                   /home/arwilczek90/workspace/Elements/lib/slick/lib/slick-sources.jar
7f7429d2b000-7f7429d2c000 r--s 00000000 08:03 15598509                   /home/arwilczek90/workspace/Elements/lib/slick/lib/slick-examples.jar
7f7429d2c000-7f7429d2d000 r--s 00003000 08:03 15598508                   /home/arwilczek90/workspace/Elements/lib/slick/lib/scalar.jar
7f7429d2d000-7f7429d30000 r--s 00017000 08:03 15598507                   /home/arwilczek90/workspace/Elements/lib/slick/lib/pedigree.jar
7f7429d30000-7f7429d3b000 r--s 00093000 08:03 15598513                   /home/arwilczek90/workspace/Elements/lib/slick/lib/slick.jar
7f7429d3b000-7f7429d3d000 r--s 00004000 08:03 15598506                   /home/arwilczek90/workspace/Elements/lib/slick/lib/packulike.jar
7f7429d3d000-7f7429d42000 r-xp 00000000 08:03 18488261                   /usr/lib/x86_64-linux-gnu/libXfixes.so.3.1.0
7f7429d42000-7f7429f41000 ---p 00005000 08:03 18488261                   /usr/lib/x86_64-linux-gnu/libXfixes.so.3.1.0
7f7429f41000-7f7429f42000 r--p 00004000 08:03 18488261                   /usr/lib/x86_64-linux-gnu/libXfixes.so.3.1.0
7f7429f42000-7f7429f43000 rw-p 00005000 08:03 18488261                   /usr/lib/x86_64-linux-gnu/libXfixes.so.3.1.0
7f7429f43000-7f7429f4c000 r-xp 00000000 08:03 18488253                   /usr/lib/x86_64-linux-gnu/libXcursor.so.1.0.2
7f7429f4c000-7f742a14b000 ---p 00009000 08:03 18488253                   /usr/lib/x86_64-linux-gnu/libXcursor.so.1.0.2
7f742a14b000-7f742a14c000 r--p 00008000 08:03 18488253                   /usr/lib/x86_64-linux-gnu/libXcursor.so.1.0.2
7f742a14c000-7f742a14d000 rw-p 00009000 08:03 18488253                   /usr/lib/x86_64-linux-gnu/libXcursor.so.1.0.2
7f742a14d000-7f742a14e000 r--s 00043000 08:03 15598505                   /home/arwilczek90/workspace/Elements/lib/slick/lib/natives-win32.jar
7f742a14e000-7f742a150000 r--s 00033000 08:03 15598504                   /home/arwilczek90/workspace/Elements/lib/slick/lib/natives-mac.jar
7f742a150000-7f742a151000 r--s 0003d000 08:03 15598503                   /home/arwilczek90/workspace/Elements/lib/slick/lib/natives-linux.jar
7f742a151000-7f742a158000 r--s 00073000 08:03 15598502                   /home/arwilczek90/workspace/Elements/lib/slick/lib/lwjgl.jar
7f742a158000-7f742a15a000 r--s 0000d000 08:03 15598501                   /home/arwilczek90/workspace/Elements/lib/slick/lib/jorbis-0.0.15.jar
7f742a15a000-7f742a15c000 rw-s 00002000 00:05 8786                       /dev/ati/card0
7f742a15c000-7f742a167000 r--s 00093000 08:03 15597692                   /home/arwilczek90/workspace/Elements/lib/slick.jar
7f742a167000-7f742a16e000 r--s 000fb000 08:03 18618812                   /usr/lib/jvm/java-6-openjdk-common/jre/lib/resources.jar
7f742a16e000-7f742a171000 ---p 00000000 00:00 0 
7f742a171000-7f742a26f000 rw-p 00000000 00:00 0 
7f742a26f000-7f742a305000 r-xp 00000000 08:03 18488439                   /usr/lib/x86_64-linux-gnu/libfreetype.so.6.8.0
7f742a305000-7f742a504000 ---p 00096000 08:03 18488439                   /usr/lib/x86_64-linux-gnu/libfreetype.so.6.8.0
7f742a504000-7f742a50a000 r--p 00095000 08:03 18488439                   /usr/lib/x86_64-linux-gnu/libfreetype.so.6.8.0
7f742a50a000-7f742a50b000 rw-p 0009b000 08:03 18488439                   /usr/lib/x86_64-linux-gnu/libfreetype.so.6.8.0
7f742a50b000-7f742a545000 r-xp 00000000 08:03 18618871                   /usr/lib/jvm/java-6-openjdk-amd64/jre/lib/amd64/libfontmanager.so
7f742a545000-7f742a744000 ---p 0003a000 08:03 18618871                   /usr/lib/jvm/java-6-openjdk-amd64/jre/lib/amd64/libfontmanager.so
7f742a744000-7f742a746000 r--p 00039000 08:03 18618871                   /usr/lib/jvm/java-6-openjdk-amd64/jre/lib/amd64/libfontmanager.so
7f742a746000-7f742a747000 rw-p 0003b000 08:03 18618871                   /usr/lib/jvm/java-6-openjdk-amd64/jre/lib/amd64/libfontmanager.so
7f742a747000-7f742a74c000 r-xp 00000000 08:03 18488257                   /usr/lib/x86_64-linux-gnu/libXdmcp.so.6.0.0
7f742a74c000-7f742a94b000 ---p 00005000 08:03 18488257                   /usr/lib/x86_64-linux-gnu/libXdmcp.so.6.0.0
7f742a94b000-7f742a94c000 r--p 00004000 08:03 18488257                   /usr/lib/x86_64-linux-gnu/libXdmcp.so.6.0.0
7f742a94c000-7f742a94d000 rw-p 00005000 08:03 18488257                   /usr/lib/x86_64-linux-gnu/libXdmcp.so.6.0.0
7f742a94d000-7f742a94f000 r-xp 00000000 08:03 18488246                   /usr/lib/x86_64-linux-gnu/libXau.so.6.0.0
7f742a94f000-7f742ab4e000 ---p 00002000 08:03 18488246                   /usr/lib/x86_64-linux-gnu/libXau.so.6.0.0
7f742ab4e000-7f742ab4f000 r--p 00001000 08:03 18488246                   /usr/lib/x86_64-linux-gnu/libXau.so.6.0.0
7f742ab4f000-7f742ab50000 rw-p 00002000 08:03 18488246                   /usr/lib/x86_64-linux-gnu/libXau.so.6.0.0
7f742ab50000-7f742ab6d000 r-xp 00000000 08:03 18488845                   /usr/lib/x86_64-linux-gnu/libxcb.so.1.1.0
7f742ab6d000-7f742ad6c000 ---p 0001d000 08:03 18488845                   /usr/lib/x86_64-linux-gnu/libxcb.so.1.1.0
7f742ad6c000-7f742ad6d000 r--p 0001c000 08:03 18488845                   /usr/lib/x86_64-linux-gnu/libxcb.so.1.1.0
7f742ad6d000-7f742ad6e000 rw-p 0001d000 08:03 18488845                   /usr/lib/x86_64-linux-gnu/libxcb.so.1.1.0
7f742ad6e000-7f742ad7c000 r-xp 00000000 08:03 18488265                   /usr/lib/x86_64-linux-gnu/libXi.so.6.1.0
7f742ad7c000-7f742af7b000 ---p 0000e000 08:03 18488265                   /usr/lib/x86_64-linux-gnu/libXi.so.6.1.0
7f742af7b000-7f742af7c000 r--p 0000d000 08:03 18488265                   /usr/lib/x86_64-linux-gnu/libXi.so.6.1.0
7f742af7c000-7f742af7d000 rw-p 0000e000 08:03 18488265                   /usr/lib/x86_64-linux-gnu/libXi.so.6.1.0
7f742af7d000-7f742af82000 r-xp 00000000 08:03 18488283                   /usr/lib/x86_64-linux-gnu/libXtst.so.6.1.0
7f742af82000-7f742b181000 ---p 00005000 08:03 18488283                   /usr/lib/x86_64-linux-gnu/libXtst.so.6.1.0
7f742b181000-7f742b182000 r--p 00004000 08:03 18488283                   /usr/lib/x86_64-linux-gnu/libXtst.so.6.1.0
7f742b182000-7f742b183000 rw-p 00005000 08:03 18488283                   /usr/lib/x86_64-linux-gnu/libXtst.so.6.1.0
7f742b183000-7f742b18c000 r-xp 00000000 08:03 18488279                   /usr/lib/x86_64-linux-gnu/libXrender.so.1.3.0
7f742b18c000-7f742b38b000 ---p 00009000 08:03 18488279                   /usr/lib/x86_64-linux-gnu/libXrender.so.1.3.0
7f742b38b000-7f742b38c000 r--p 00008000 08:03 18488279                   /usr/lib/x86_64-linux-gnu/libXrender.so.1.3.0
7f742b38c000-7f742b38d000 rw-p 00009000 08:03 18488279                   /usr/lib/x86_64-linux-gnu/libXrender.so.1.3.0
7f742b38d000-7f742b4bc000 r-xp 00000000 08:03 18488244                   /usr/lib/x86_64-linux-gnu/libX11.so.6.3.0
7f742b4bc000-7f742b6bc000 ---p 0012f000 08:03 18488244                   /usr/lib/x86_64-linux-gnu/libX11.so.6.3.0
7f742b6bc000-7f742b6bd000 r--p 0012f000 08:03 18488244                   /usr/lib/x86_64-linux-gnu/libX11.so.6.3.0
7f742b6bd000-7f742b6c1000 rw-p 00130000 08:03 18488244                   /usr/lib/x86_64-linux-gnu/libX11.so.6.3.0
7f742b6c1000-7f742b6d1000 r-xp 00000000 08:03 18488259                   /usr/lib/x86_64-linux-gnu/libXext.so.6.4.0
7f742b6d1000-7f742b8d0000 ---p 00010000 08:03 18488259                   /usr/lib/x86_64-linux-gnu/libXext.so.6.4.0
7f742b8d0000-7f742b8d1000 r--p 0000f000 08:03 18488259                   /usr/lib/x86_64-linux-gnu/libXext.so.6.4.0
7f742b8d1000-7f742b8d2000 rw-p 00010000 08:03 18488259                   /usr/lib/x86_64-linux-gnu/libXext.so.6.4.0
7f742b8d2000-7f742b91d000 r-xp 00000000 08:03 18618972                   /usr/lib/jvm/java-6-openjdk-amd64/jre/lib/amd64/xawt/libmawt.so
7f742b91d000-7f742bb1d000 ---p 0004b000 08:03 18618972                   /usr/lib/jvm/java-6-openjdk-amd64/jre/lib/amd64/xawt/libmawt.so
7f742bb1d000-7f742bb1e000 r--p 0004b000 08:03 18618972                   /usr/lib/jvm/java-6-openjdk-amd64/jre/lib/amd64/xawt/libmawt.so
7f742bb1e000-7f742bb21000 rw-p 0004c000 08:03 18618972                   /usr/lib/jvm/java-6-openjdk-amd64/jre/lib/amd64/xawt/libmawt.so
7f742bb21000-7f742bb22000 rw-p 00000000 00:00 0 
7f742bb22000-7f742bbce000 r-xp 00000000 08:03 18618874                   /usr/lib/jvm/java-6-openjdk-amd64/jre/lib/amd64/libawt.so
7f742bbce000-7f742bdcd000 ---p 000ac000 08:03 18618874                   /usr/lib/jvm/java-6-openjdk-amd64/jre/lib/amd64/libawt.so
7f742bdcd000-7f742bdce000 r--p 000ab000 08:03 18618874                   /usr/lib/jvm/java-6-openjdk-amd64/jre/lib/amd64/libawt.so
7f742bdce000-7f742bdd9000 rw-p 000ac000 08:03 18618874                   /usr/lib/jvm/java-6-openjdk-amd64/jre/lib/amd64/libawt.so
7f742bdd9000-7f742bdfe000 rw-p 00000000 00:00 0 
7f742bdfe000-7f742bdff000 ---p 00000000 00:00 0 
7f742bdff000-7f742beff000 rw-p 00000000 00:00 0 
7f742beff000-7f742bf02000 ---p 00000000 00:00 0 
7f742bf02000-7f742c000000 rw-p 00000000 00:00 0 
7f742c000000-7f742c021000 rw-p 00000000 00:00 0 
7f742c021000-7f7430000000 ---p 00000000 00:00 0 
7f7430000000-7f7430001000 r--s 00001000 08:03 15598500                   /home/arwilczek90/workspace/Elements/lib/slick/lib/jogg-0.0.7.jar
7f7430001000-7f7430003000 r--s 00000000 08:03 19927123                   /var/cache/fontconfig/99e8ed0e538f840c565b6ed5dad60d56-le64.cache-3
7f7430003000-7f7430007000 r--s 00000000 08:03 19927109                   /var/cache/fontconfig/2cd17615ca594fa2959ae173292e504c-le64.cache-3
7f7430007000-7f743000d000 r--s 00000000 08:03 19927124                   /var/cache/fontconfig/a755afe4a08bf5b97852ceb7400b47bc-le64.cache-3
7f743000d000-7f7430010000 r--s 00000000 08:03 19927112                   /var/cache/fontconfig/385c0604a188198f04d133e54aba7fe7-le64.cache-3
7f7430010000-7f7430011000 r--s 00000000 08:03 19927113                   /var/cache/fontconfig/4794a0821666d79190d59a36cb4f44b5-le64.cache-3
7f7430011000-7f7430014000 r--s 00000000 08:03 19927121                   /var/cache/fontconfig/8801497958630a81b71ace7c5f9b32a8-le64.cache-3
7f7430014000-7f7430017000 ---p 00000000 00:00 0 
7f7430017000-7f7430115000 rw-p 00000000 00:00 0 
7f7430115000-7f7430118000 ---p 00000000 00:00 0 
7f7430118000-7f7430216000 rw-p 00000000 00:00 0 
7f7430216000-7f7430219000 ---p 00000000 00:00 0 
7f7430219000-7f7430317000 rw-p 00000000 00:00 0 
7f7430317000-7f74309fa000 r--p 00000000 08:03 18487587                   /usr/lib/locale/locale-archive
7f74309fa000-7f74309fd000 ---p 00000000 00:00 0 
7f74309fd000-7f7430afb000 rw-p 00000000 00:00 0 
7f7430afb000-7f7430afe000 ---p 00000000 00:00 0 
7f7430afe000-7f7430bfc000 rw-p 00000000 00:00 0 
7f7430bfc000-7f7430bfd000 ---p 00000000 00:00 0 
7f7430bfd000-7f7431000000 rw-p 00000000 00:00 0 
7f7431000000-7f7431270000 rwxp 00000000 00:00 0 
7f7431270000-7f7434d85000 rw-p 00000000 00:00 0 
7f7434d85000-7f7438000000 ---p 00000000 00:00 0 
7f7438000000-7f7438001000 r--s 00001000 08:03 15598499                   /home/arwilczek90/workspace/Elements/lib/slick/lib/jnlp.jar
7f7438001000-7f7438002000 rw-s 00005000 00:05 8786                       /dev/ati/card0
7f7438002000-7f7438007000 r--s 00000000 08:03 19927110                   /var/cache/fontconfig/3047814df9a2f067bd2d96a2b9c36e5a-le64.cache-3
7f7438007000-7f7438008000 r--s 00000000 08:03 19927115                   /var/cache/fontconfig/56cf4f4769d0f4abc89a4895d7bd3ae1-le64.cache-3
7f7438008000-7f7438009000 r--s 00000000 08:03 19927126                   /var/cache/fontconfig/b9d506c9ac06c20b433354fa67a72993-le64.cache-3
7f7438009000-7f743800e000 r--s 00000000 08:03 19927125                   /var/cache/fontconfig/b47c4e1ecd0709278f4910c18777a504-le64.cache-3
7f743800e000-7f743801e000 r--s 00000000 08:03 19927130                   /var/cache/fontconfig/d52a8644073d54c13679302ca1180695-le64.cache-3
7f743801e000-7f7438021000 r--s 00000000 08:03 19927196                   /var/cache/fontconfig/e13b20fdb08344e0e664864cc2ede53d-le64.cache-3
7f7438021000-7f7438025000 r--s 00000000 08:03 19927452                   /var/cache/fontconfig/7ef2298fde41cc6eeb7af42e48b7d293-le64.cache-3
7f7438025000-7f7438026000 r--s 00000000 08:03 19927127                   /var/cache/fontconfig/c05880de57d1f5e948fdfacc138775d9-le64.cache-3
7f7438026000-7f743802f000 r--s 00000000 08:03 19927122                   /var/cache/fontconfig/945677eb7aeaf62f1d50efc3fb3ec7d8-le64.cache-3
7f743802f000-7f7438031000 r--s 00000000 08:03 19927123                   /var/cache/fontconfig/99e8ed0e538f840c565b6ed5dad60d56-le64.cache-3
7f7438031000-7f7438035000 r--s 00000000 08:03 19927109                   /var/cache/fontconfig/2cd17615ca594fa2959ae173292e504c-le64.cache-3
7f7438035000-7f7438036000 r--s 00000000 08:03 19927134                   /var/cache/fontconfig/e7071f4a29fa870f4323321c154eba04-le64.cache-3
7f7438036000-7f7438037000 r--s 00000000 08:03 19927107                   /var/cache/fontconfig/0d8c3b2ac0904cb8a57a757ad11a4a08-le64.cache-3
7f7438037000-7f743803d000 r--s 00000000 08:03 19927124                   /var/cache/fontconfig/a755afe4a08bf5b97852ceb7400b47bc-le64.cache-3
7f743803d000-7f7438046000 r--s 00000000 08:03 19927460                   /var/cache/fontconfig/6d41288fd70b0be22e8c3a91e032eec0-le64.cache-3
7f7438046000-7f7438056000 r--s 00000000 08:03 19927106                   /var/cache/fontconfig/04aabc0a78ac019cf9454389977116d2-le64.cache-3
7f7438056000-7f7438059000 r--s 00000000 08:03 19927112                   /var/cache/fontconfig/385c0604a188198f04d133e54aba7fe7-le64.cache-3
7f7438059000-7f743805a000 r--s 00000000 08:03 19927113                   /var/cache/fontconfig/4794a0821666d79190d59a36cb4f44b5-le64.cache-3
7f743805a000-7f743805d000 r--s 00000000 08:03 19927121                   /var/cache/fontconfig/8801497958630a81b71ace7c5f9b32a8-le64.cache-3
7f743805d000-7f743808b000 r--s 00000000 08:03 19927454                   /var/cache/fontconfig/365b55f210c0a22e9a19e35191240f32-le64.cache-3
7f743808b000-7f743809b000 r--s 00000000 08:03 19927130                   /var/cache/fontconfig/d52a8644073d54c13679302ca1180695-le64.cache-3
7f743809b000-7f74382d0000 rw-p 00000000 00:00 0 
7f74382d0000-7f7438462000 r--s 037bf000 08:03 18618843                   /usr/lib/jvm/java-6-openjdk-amd64/jre/lib/rt.jar
7f7438462000-7f743848a000 rw-p 00000000 00:00 0 
7f743848a000-7f743848b000 ---p 00000000 00:00 0 
7f743848b000-7f743858b000 rw-p 00000000 00:00 0 
7f743858b000-7f743858c000 ---p 00000000 00:00 0 
7f743858c000-7f743868c000 rw-p 00000000 00:00 0 
7f743868c000-7f743868d000 ---p 00000000 00:00 0 
7f743868d000-7f743878d000 rw-p 00000000 00:00 0 
7f743878d000-7f743878e000 ---p 00000000 00:00 0 
7f743878e000-7f7438899000 rw-p 00000000 00:00 0 
7f7438899000-7f74388e1000 rw-p 00000000 00:00 0 
7f74388e1000-7f7438908000 rw-p 00000000 00:00 0 
7f7438908000-7f7438b4f000 rw-p 00000000 00:00 0 
7f7438b4f000-7f7438b5a000 rw-p 00000000 00:00 0 
7f7438b5a000-7f7438ba2000 rw-p 00000000 00:00 0 
7f7438ba2000-7f7438bc9000 rw-p 00000000 00:00 0 
7f7438bc9000-7f7438e10000 rw-p 00000000 00:00 0 
7f7438e10000-7f7438e24000 rw-p 00000000 00:00 0 
7f7438e24000-7f7438f47000 rw-p 00000000 00:00 0 
7f7438f47000-7f7438f48000 rw-p 00000000 00:00 0 
7f7438f48000-7f7438f4f000 r-xp 00000000 08:03 18618888                   /usr/lib/jvm/java-6-openjdk-amd64/jre/lib/amd64/libzip.so
7f7438f4f000-7f743914e000 ---p 00007000 08:03 18618888                   /usr/lib/jvm/java-6-openjdk-amd64/jre/lib/amd64/libzip.so
7f743914e000-7f743914f000 r--p 00006000 08:03 18618888                   /usr/lib/jvm/java-6-openjdk-amd64/jre/lib/amd64/libzip.so
7f743914f000-7f7439150000 rw-p 00007000 08:03 18618888                   /usr/lib/jvm/java-6-openjdk-amd64/jre/lib/amd64/libzip.so
7f7439150000-7f743915c000 r-xp 00000000 08:03 21758081                   /lib/x86_64-linux-gnu/libnss_files-2.15.so
7f743915c000-7f743935b000 ---p 0000c000 08:03 21758081                   /lib/x86_64-linux-gnu/libnss_files-2.15.so
7f743935b000-7f743935c000 r--p 0000b000 08:03 21758081                   /lib/x86_64-linux-gnu/libnss_files-2.15.so
7f743935c000-7f743935d000 rw-p 0000c000 08:03 21758081                   /lib/x86_64-linux-gnu/libnss_files-2.15.so
7f743935d000-7f7439367000 r-xp 00000000 08:03 21758077                   /lib/x86_64-linux-gnu/libnss_nis-2.15.so
7f7439367000-7f7439567000 ---p 0000a000 08:03 21758077                   /lib/x86_64-linux-gnu/libnss_nis-2.15.so
7f7439567000-7f7439568000 r--p 0000a000 08:03 21758077                   /lib/x86_64-linux-gnu/libnss_nis-2.15.so
7f7439568000-7f7439569000 rw-p 0000b000 08:03 21758077                   /lib/x86_64-linux-gnu/libnss_nis-2.15.so
7f7439569000-7f7439580000 r-xp 00000000 08:03 21761730                   /lib/x86_64-linux-gnu/libnsl-2.15.so
7f7439580000-7f743977f000 ---p 00017000 08:03 21761730                   /lib/x86_64-linux-gnu/libnsl-2.15.so
7f743977f000-7f7439780000 r--p 00016000 08:03 21761730                   /lib/x86_64-linux-gnu/libnsl-2.15.so
7f7439780000-7f7439781000 rw-p 00017000 08:03 21761730                   /lib/x86_64-linux-gnu/libnsl-2.15.so
7f7439781000-7f7439783000 rw-p 00000000 00:00 0 
7f7439783000-7f743978b000 r-xp 00000000 08:03 21758082                   /lib/x86_64-linux-gnu/libnss_compat-2.15.so
7f743978b000-7f743998a000 ---p 00008000 08:03 21758082                   /lib/x86_64-linux-gnu/libnss_compat-2.15.so
7f743998a000-7f743998b000 r--p 00007000 08:03 21758082                   /lib/x86_64-linux-gnu/libnss_compat-2.15.so
7f743998b000-7f743998c000 rw-p 00008000 08:03 21758082                   /lib/x86_64-linux-gnu/libnss_compat-2.15.so
7f743998c000-7f74399b8000 r-xp 00000000 08:03 18618873                   /usr/lib/jvm/java-6-openjdk-amd64/jre/lib/amd64/libjava.so
7f74399b8000-7f7439bb7000 ---p 0002c000 08:03 18618873                   /usr/lib/jvm/java-6-openjdk-amd64/jre/lib/amd64/libjava.so
7f7439bb7000-7f7439bb8000 r--p 0002b000 08:03 18618873                   /usr/lib/jvm/java-6-openjdk-amd64/jre/lib/amd64/libjava.so
7f7439bb8000-7f7439bbb000 rw-p 0002c000 08:03 18618873                   /usr/lib/jvm/java-6-openjdk-amd64/jre/lib/amd64/libjava.so
7f7439bbb000-7f7439bc9000 r-xp 00000000 08:03 18618872                   /usr/lib/jvm/java-6-openjdk-amd64/jre/lib/amd64/libverify.so
7f7439bc9000-7f7439dc8000 ---p 0000e000 08:03 18618872                   /usr/lib/jvm/java-6-openjdk-amd64/jre/lib/amd64/libverify.so
7f7439dc8000-7f7439dca000 r--p 0000d000 08:03 18618872                   /usr/lib/jvm/java-6-openjdk-amd64/jre/lib/amd64/libverify.so
7f7439dca000-7f7439dcb000 rw-p 0000f000 08:03 18618872                   /usr/lib/jvm/java-6-openjdk-amd64/jre/lib/amd64/libverify.so
7f7439dcb000-7f7439dd2000 r-xp 00000000 08:03 21758075                   /lib/x86_64-linux-gnu/librt-2.15.so
7f7439dd2000-7f7439fd1000 ---p 00007000 08:03 21758075                   /lib/x86_64-linux-gnu/librt-2.15.so
7f7439fd1000-7f7439fd2000 r--p 00006000 08:03 21758075                   /lib/x86_64-linux-gnu/librt-2.15.so
7f7439fd2000-7f7439fd3000 rw-p 00007000 08:03 21758075                   /lib/x86_64-linux-gnu/librt-2.15.so
7f7439fd3000-7f7439fe8000 r-xp 00000000 08:03 21761542                   /lib/x86_64-linux-gnu/libgcc_s.so.1
7f7439fe8000-7f743a1e7000 ---p 00015000 08:03 21761542                   /lib/x86_64-linux-gnu/libgcc_s.so.1
7f743a1e7000-7f743a1e8000 r--p 00014000 08:03 21761542                   /lib/x86_64-linux-gnu/libgcc_s.so.1
7f743a1e8000-7f743a1e9000 rw-p 00015000 08:03 21761542                   /lib/x86_64-linux-gnu/libgcc_s.so.1
7f743a1e9000-7f743a2e2000 r-xp 00000000 08:03 21758079                   /lib/x86_64-linux-gnu/libm-2.15.so
7f743a2e2000-7f743a4e1000 ---p 000f9000 08:03 21758079                   /lib/x86_64-linux-gnu/libm-2.15.so
7f743a4e1000-7f743a4e2000 r--p 000f8000 08:03 21758079                   /lib/x86_64-linux-gnu/libm-2.15.so
7f743a4e2000-7f743a4e3000 rw-p 000f9000 08:03 21758079                   /lib/x86_64-linux-gnu/libm-2.15.so
7f743a4e3000-7f743a5c5000 r-xp 00000000 08:03 18488773                   /usr/lib/x86_64-linux-gnu/libstdc++.so.6.0.16
7f743a5c5000-7f743a7c4000 ---p 000e2000 08:03 18488773                   /usr/lib/x86_64-linux-gnu/libstdc++.so.6.0.16
7f743a7c4000-7f743a7cc000 r--p 000e1000 08:03 18488773                   /usr/lib/x86_64-linux-gnu/libstdc++.so.6.0.16
7f743a7cc000-7f743a7ce000 rw-p 000e9000 08:03 18488773                   /usr/lib/x86_64-linux-gnu/libstdc++.so.6.0.16
7f743a7ce000-7f743a7e3000 rw-p 00000000 00:00 0 
7f743a7e3000-7f743b0e7000 r-xp 00000000 08:03 18618878                   /usr/lib/jvm/java-6-openjdk-amd64/jre/lib/amd64/server/libjvm.so
7f743b0e7000-7f743b2e7000 ---p 00904000 08:03 18618878                   /usr/lib/jvm/java-6-openjdk-amd64/jre/lib/amd64/server/libjvm.so
7f743b2e7000-7f743b367000 r--p 00904000 08:03 18618878                   /usr/lib/jvm/java-6-openjdk-amd64/jre/lib/amd64/server/libjvm.so
7f743b367000-7f743b382000 rw-p 00984000 08:03 18618878                   /usr/lib/jvm/java-6-openjdk-amd64/jre/lib/amd64/server/libjvm.so
7f743b382000-7f743b3ab000 rw-p 00000000 00:00 0 
7f743b3ab000-7f743b3c1000 r-xp 00000000 08:03 21761632                   /lib/x86_64-linux-gnu/libz.so.1.2.3.4
7f743b3c1000-7f743b5c0000 ---p 00016000 08:03 21761632                   /lib/x86_64-linux-gnu/libz.so.1.2.3.4
7f743b5c0000-7f743b5c1000 r--p 00015000 08:03 21761632                   /lib/x86_64-linux-gnu/libz.so.1.2.3.4
7f743b5c1000-7f743b5c2000 rw-p 00016000 08:03 21761632                   /lib/x86_64-linux-gnu/libz.so.1.2.3.4
7f743b5c2000-7f743b777000 r-xp 00000000 08:03 21757975                   /lib/x86_64-linux-gnu/libc-2.15.so
7f743b777000-7f743b976000 ---p 001b5000 08:03 21757975                   /lib/x86_64-linux-gnu/libc-2.15.so
7f743b976000-7f743b97a000 r--p 001b4000 08:03 21757975                   /lib/x86_64-linux-gnu/libc-2.15.so
7f743b97a000-7f743b97c000 rw-p 001b8000 08:03 21757975                   /lib/x86_64-linux-gnu/libc-2.15.so
7f743b97c000-7f743b981000 rw-p 00000000 00:00 0 
7f743b981000-7f743b983000 r-xp 00000000 08:03 21757964                   /lib/x86_64-linux-gnu/libdl-2.15.so
7f743b983000-7f743bb83000 ---p 00002000 08:03 21757964                   /lib/x86_64-linux-gnu/libdl-2.15.so
7f743bb83000-7f743bb84000 r--p 00002000 08:03 21757964                   /lib/x86_64-linux-gnu/libdl-2.15.so
7f743bb84000-7f743bb85000 rw-p 00003000 08:03 21757964                   /lib/x86_64-linux-gnu/libdl-2.15.so
7f743bb85000-7f743bb89000 r-xp 00000000 08:03 18618855                   /usr/lib/jvm/java-6-openjdk-amd64/jre/lib/amd64/jli/libjli.so
7f743bb89000-7f743bd88000 ---p 00004000 08:03 18618855                   /usr/lib/jvm/java-6-openjdk-amd64/jre/lib/amd64/jli/libjli.so
7f743bd88000-7f743bd89000 r--p 00003000 08:03 18618855                   /usr/lib/jvm/java-6-openjdk-amd64/jre/lib/amd64/jli/libjli.so
7f743bd89000-7f743bd8a000 rw-p 00004000 08:03 18618855                   /usr/lib/jvm/java-6-openjdk-amd64/jre/lib/amd64/jli/libjli.so
7f743bd8a000-7f743bda2000 r-xp 00000000 08:03 21758073                   /lib/x86_64-linux-gnu/libpthread-2.15.so
7f743bda2000-7f743bfa1000 ---p 00018000 08:03 21758073                   /lib/x86_64-linux-gnu/libpthread-2.15.so
7f743bfa1000-7f743bfa2000 r--p 00017000 08:03 21758073                   /lib/x86_64-linux-gnu/libpthread-2.15.so
7f743bfa2000-7f743bfa3000 rw-p 00018000 08:03 21758073                   /lib/x86_64-linux-gnu/libpthread-2.15.so
7f743bfa3000-7f743bfa7000 rw-p 00000000 00:00 0 
7f743bfa7000-7f743bfc9000 r-xp 00000000 08:03 21758085                   /lib/x86_64-linux-gnu/ld-2.15.so
7f743bfc9000-7f743bfca000 r--s 00000000 08:03 19927134                   /var/cache/fontconfig/e7071f4a29fa870f4323321c154eba04-le64.cache-3
7f743bfca000-7f743bfcb000 r--s 00000000 08:03 19927107                   /var/cache/fontconfig/0d8c3b2ac0904cb8a57a757ad11a4a08-le64.cache-3
7f743bfcb000-7f743bfd0000 r--s 00000000 08:03 19927110                   /var/cache/fontconfig/3047814df9a2f067bd2d96a2b9c36e5a-le64.cache-3
7f743bfd0000-7f743bfd1000 r--s 00000000 08:03 19927115                   /var/cache/fontconfig/56cf4f4769d0f4abc89a4895d7bd3ae1-le64.cache-3
7f743bfd1000-7f743bfd6000 r--s 00000000 08:03 19927125                   /var/cache/fontconfig/b47c4e1ecd0709278f4910c18777a504-le64.cache-3
7f743bfd6000-7f743bfd9000 r--s 00000000 08:03 19927196                   /var/cache/fontconfig/e13b20fdb08344e0e664864cc2ede53d-le64.cache-3
7f743bfd9000-7f743bfdd000 r--s 00000000 08:03 19927452                   /var/cache/fontconfig/7ef2298fde41cc6eeb7af42e48b7d293-le64.cache-3
7f743bfdd000-7f743bfe0000 r--s 0007d000 08:03 18618443                   /usr/lib/jvm/java-6-openjdk-common/jre/lib/jsse.jar
7f743bfe0000-7f743bfe7000 r--s 00073000 08:03 15597691                   /home/arwilczek90/workspace/Elements/lib/lwjgl.jar
7f743bfe7000-7f743bff1000 rw-p 00000000 00:00 0 
7f743bff1000-7f743c0a7000 rw-p 00000000 00:00 0 
7f743c0a7000-7f743c0aa000 ---p 00000000 00:00 0 
7f743c0aa000-7f743c1ad000 rw-p 00000000 00:00 0 
7f743c1ad000-7f743c1ae000 r--s 00000000 08:03 19927126                   /var/cache/fontconfig/b9d506c9ac06c20b433354fa67a72993-le64.cache-3
7f743c1ae000-7f743c1b0000 r--s 0000f000 08:03 18618803                   /usr/lib/jvm/java-6-openjdk-common/jre/lib/ext/pulse-java.jar
7f743c1b0000-7f743c1b3000 r--s 00077000 08:03 18618797                   /usr/lib/jvm/java-6-openjdk-common/jre/lib/ext/localedata.jar
7f743c1b3000-7f743c1b4000 r--s 00007000 08:03 18748229                   /usr/share/java/java-atk-wrapper.jar
7f743c1b4000-7f743c1b6000 r--s 00001000 08:03 18618801                   /usr/lib/jvm/java-6-openjdk-common/jre/lib/ext/dnsns.jar
7f743c1b6000-7f743c1ba000 r--s 00038000 08:03 18618795                   /usr/lib/jvm/java-6-openjdk-common/jre/lib/ext/sunpkcs11.jar
7f743c1ba000-7f743c1bd000 r--s 00031000 08:03 18618799                   /usr/lib/jvm/java-6-openjdk-common/jre/lib/ext/sunjce_provider.jar
7f743c1bd000-7f743c1c5000 rw-s 00000000 08:03 8126477                    /tmp/hsperfdata_arwilczek90/2379 (deleted)
7f743c1c5000-7f743c1c6000 rw-p 00000000 00:00 0 
7f743c1c6000-7f743c1c7000 ---p 00000000 00:00 0 
7f743c1c7000-7f743c1c9000 rw-p 00000000 00:00 0 
7f743c1c9000-7f743c1ca000 r--p 00022000 08:03 21758085                   /lib/x86_64-linux-gnu/ld-2.15.so
7f743c1ca000-7f743c1cc000 rw-p 00023000 08:03 21758085                   /lib/x86_64-linux-gnu/ld-2.15.so
7ffffcf81000-7ffffcfa2000 rw-p 00000000 00:00 0                          [stack]
7ffffcfff000-7ffffd000000 r-xp 00000000 00:00 0                          [vdso]
ffffffffff600000-ffffffffff601000 r-xp 00000000 00:00 0                  [vsyscall]

VM Arguments:
jvm_args: -Djava.library.path=/home/arwilczek90/workspace/Elements/lib/slick:/home/arwilczek90/workspace/Elements/lib/slick -Dfile.encoding=UTF-8 
java_command: com.hack.elements.view.Main
Launcher Type: SUN_STANDARD

Environment Variables:
PATH=/usr/lib/lightdm/lightdm:/usr/local/sbin:/usr/local/bin:/usr/sbin:/usr/bin:/sbin:/bin:/usr/games
LD_LIBRARY_PATH=/usr/lib/jvm/java-6-openjdk-amd64/jre/lib/amd64/server:/usr/lib/jvm/java-6-openjdk-amd64/jre/lib/amd64:/usr/lib/jvm/java-6-openjdk-amd64/jre/../lib/amd64
SHELL=/bin/bash
DISPLAY=:0.0

Signal Handlers:
SIGSEGV: [libjvm.so+0x784310], sa_mask[0]=0x7ffbfeff, sa_flags=0x10000004
SIGBUS: [libjvm.so+0x784310], sa_mask[0]=0x7ffbfeff, sa_flags=0x10000004
SIGFPE: [libjvm.so+0x648580], sa_mask[0]=0x7ffbfeff, sa_flags=0x10000004
SIGPIPE: [libjvm.so+0x648580], sa_mask[0]=0x7ffbfeff, sa_flags=0x10000004
SIGXFSZ: [libjvm.so+0x648580], sa_mask[0]=0x7ffbfeff, sa_flags=0x10000004
SIGILL: [libjvm.so+0x648580], sa_mask[0]=0x7ffbfeff, sa_flags=0x10000004
SIGUSR1: SIG_DFL, sa_mask[0]=0x00000000, sa_flags=0x00000000
SIGUSR2: [libjvm.so+0x648730], sa_mask[0]=0x00000004, sa_flags=0x10000004
SIGHUP: [libjvm.so+0x64b250], sa_mask[0]=0x7ffbfeff, sa_flags=0x10000004
SIGINT: [libjvm.so+0x64b250], sa_mask[0]=0x7ffbfeff, sa_flags=0x10000004
SIGTERM: [libjvm.so+0x64b250], sa_mask[0]=0x7ffbfeff, sa_flags=0x10000004
SIGQUIT: [libjvm.so+0x64b250], sa_mask[0]=0x7ffbfeff, sa_flags=0x10000004


---------------  S Y S T E M  ---------------

OS:Ubuntu 12.04 (precise)
uname:Linux 3.2.0-32-generic #51-Ubuntu SMP Wed Sep 26 21:33:09 UTC 2012 x86_64
libc:glibc 2.15 NPTL 2.15 
rlimit: STACK 8192k, CORE 0k, NPROC 59545, NOFILE 4096, AS infinity
load average:1.25 0.87 0.40

/proc/meminfo:
MemTotal:        7639648 kB
MemFree:         6138952 kB
Buffers:           49276 kB
Cached:           454312 kB
SwapCached:            0 kB
Active:           826860 kB
Inactive:         395580 kB
Active(anon):     719616 kB
Inactive(anon):      892 kB
Active(file):     107244 kB
Inactive(file):   394688 kB
Unevictable:          20 kB
Mlocked:              20 kB
SwapTotal:       3818492 kB
SwapFree:        3818492 kB
Dirty:                28 kB
Writeback:             0 kB
AnonPages:        718840 kB
Mapped:           191924 kB
Shmem:              1660 kB
Slab:              46740 kB
SReclaimable:      23644 kB
SUnreclaim:        23096 kB
KernelStack:        3080 kB
PageTables:        23464 kB
NFS_Unstable:          0 kB
Bounce:                0 kB
WritebackTmp:          0 kB
CommitLimit:     7638316 kB
Committed_AS:    2523408 kB
VmallocTotal:   34359738367 kB
VmallocUsed:      116912 kB
VmallocChunk:   34359619008 kB
HardwareCorrupted:     0 kB
AnonHugePages:         0 kB
HugePages_Total:       0
HugePages_Free:        0
HugePages_Rsvd:        0
HugePages_Surp:        0
Hugepagesize:       2048 kB
DirectMap4k:      151552 kB
DirectMap2M:     3497984 kB
DirectMap1G:     4194304 kB


CPU:total 4 (4 cores per cpu, 1 threads per core) family 18 model 1 stepping 0, cmov, cx8, fxsr, mmx, sse, sse2, sse3, popcnt, mmxext, 3dnowpref, lzcnt, sse4a

Memory: 4k page, physical 7639648k(6138952k free), swap 3818492k(3818492k free)

vm_info: OpenJDK 64-Bit Server VM (20.0-b12) for linux-amd64 JRE (1.6.0_24-b24), built on Sep  2 2012 19:50:47 by "buildd" with gcc 4.6.3

time: Sun Oct 14 02:10:15 2012
elapsed time: 13 seconds

