#
# A fatal error has been detected by the Java Runtime Environment:
#
#  SIGSEGV (0xb) at pc=0x00007f2cf4247c58, pid=8521, tid=139831077799680
#
# JRE version: 6.0_24-b24
# Java VM: OpenJDK 64-Bit Server VM (20.0-b12 mixed mode linux-amd64 compressed oops)
# Derivative: IcedTea6 1.11.4
# Distribution: Ubuntu 12.04 LTS, package 6b24-1.11.4-1ubuntu0.12.04.1
# Problematic frame:
# C  [libX11.so.6+0x33c58]  XQueryExtension+0x28
#
# If you would like to submit a bug report, please include
# instructions how to reproduce the bug and visit:
#   https://bugs.launchpad.net/ubuntu/+source/openjdk-6/
#

---------------  T H R E A D  ---------------

Current thread (0x00007f2cf0070000):  VMThread [stack: 0x00007f2cf5a88000,0x00007f2cf5b89000] [id=8531]

siginfo:si_signo=SIGSEGV: si_errno=0, si_code=1 (SEGV_MAPERR), si_addr=0xfffffffff0221248

Registers:
RAX=0x00007f2cc80008c0, RBX=0xfffffffff02208e0, RCX=0x00007f2cf5b87758, RDX=0x00007f2cf5b87754
RSP=0x00007f2cf5b876f0, RBP=0x00007f2ce710f932, RSI=0x00007f2ce710f932, RDI=0xfffffffff02208e0
R8 =0x00007f2cf5b8775c, R9 =0x0000000000000000, R10=0x00007f2cf976efa8, R11=0x00007f2cf93eeca0
R12=0x0000000000000000, R13=0x00007f2ce710f932, R14=0x00007f2cc80008c0, R15=0x0000000000000000
RIP=0x00007f2cf4247c58, EFLAGS=0x0000000000010206, CSGSFS=0x0000000000000033, ERR=0x0000000000000005
  TRAPNO=0x000000000000000e

Top of Stack: (sp=0x00007f2cf5b876f0)
0x00007f2cf5b876f0:   00007f2cf93c1790 00007f2cf9f9d9e8
0x00007f2cf5b87700:   00007f2ced09bfc0 00007f2ced09c020
0x00007f2cf5b87710:   00000000ffffffff fffffffff02208e0
0x00007f2cf5b87720:   00007f2ce710f932 0000000000000000
0x00007f2cf5b87730:   00007f2ce710f932 00007f2cc80008c0
0x00007f2cf5b87740:   0000000000000000 00007f2cf423bc55
0x00007f2cf5b87750:   00007f2cf9fbb048 00007f2ce7248520
0x00007f2cf5b87760:   00007f2ce7248520 fffffffff02208e0
0x00007f2cf5b87770:   00007f2cf0179120 00007f2cf455502b
0x00007f2cf5b87780:   00007f2cf93c1790 000000110000002c
0x00007f2cf5b87790:   00007f2cf5b87810 0000000000000000
0x00007f2cf5b877a0:   00007f2cf5b87810 fffffffff02208e0
0x00007f2cf5b877b0:   0000000000000000 00007f2cf9fbb048
0x00007f2cf5b877c0:   00007f2ce7261d50 00007f2ce70b6119
0x00007f2cf5b877d0:   0000000000000000 000000000000002c
0x00007f2cf5b877e0:   00007f2cf5b87810 00007f2cf5b87830
0x00007f2cf5b877f0:   0000000000000000 00007f2cf9fbb048
0x00007f2cf5b87800:   00007f2cf0220440 00007f2ce70acb42
0x00007f2cf5b87810:   00007f2cf5b87a00 00007f2ce710f8b1
0x00007f2cf5b87820:   00007f2cf5b87a00 00007f2cf9da792d
0x00007f2cf5b87830:   00007f2cf9fbc2c8 00007f2cf9fbc858
0x00007f2cf5b87840:   00007f2cf9f9d000 00007f2cf0006a00
0x00007f2cf5b87850:   00007f2cf0007510 00007f2cf0006eb0
0x00007f2cf5b87860:   00007f2cf0007a10 00007f2cf000c6f0
0x00007f2cf5b87870:   00007f2cf0125d70 00007f2cf0126250
0x00007f2cf5b87880:   00007f2cf9f9c000 00007f2cf021cff0
0x00007f2cf5b87890:   00007f2cf0217340 00007f2cf02177e0
0x00007f2cf5b878a0:   00007f2cf021d4c0 00007f2cf021d960
0x00007f2cf5b878b0:   00007f2cf021de00 00007f2cf00e2310
0x00007f2cf5b878c0:   00007f2cf00e1e40 00007f2cf00025e0
0x00007f2cf5b878d0:   00007f2cf0001ec0 0000000001a815f0
0x00007f2cf5b878e0:   0000000001a81b60 0000000001a82570 

Instructions: (pc=0x00007f2cf4247c58)
0x00007f2cf4247c38:   24 d8 48 89 fb 4c 89 64 24 e0 4c 89 6c 24 e8 48
0x00007f2cf4247c48:   89 f5 4c 89 74 24 f0 4c 89 7c 24 f8 48 83 ec 58
0x00007f2cf4247c58:   48 8b 87 68 09 00 00 49 89 d4 49 89 cd 4d 89 c6
0x00007f2cf4247c68:   48 85 c0 74 02 ff 10 ba 08 00 00 00 be 62 00 00 

Register to memory mapping:

RAX=0x00007f2cc80008c0 is an unknown value
RBX=0xfffffffff02208e0 is an unknown value
RCX=0x00007f2cf5b87758 is an unknown value
RDX=0x00007f2cf5b87754 is an unknown value
RSP=0x00007f2cf5b876f0 is an unknown value
RBP=0x00007f2ce710f932: <offset 0x96932> in /usr/lib/fglrx/libGL.so.1 at 0x00007f2ce7079000
RSI=0x00007f2ce710f932: <offset 0x96932> in /usr/lib/fglrx/libGL.so.1 at 0x00007f2ce7079000
RDI=0xfffffffff02208e0 is an unknown value
R8 =0x00007f2cf5b8775c is an unknown value
R9 =0x0000000000000000 is an unknown value
R10=0x00007f2cf976efa8: <offset 0x3bbfa8> in /lib/x86_64-linux-gnu/libc.so.6 at 0x00007f2cf93b3000
R11=0x00007f2cf93eeca0: __cxa_finalize+0 in /lib/x86_64-linux-gnu/libc.so.6 at 0x00007f2cf93b3000
R12=0x0000000000000000 is an unknown value
R13=0x00007f2ce710f932: <offset 0x96932> in /usr/lib/fglrx/libGL.so.1 at 0x00007f2ce7079000
R14=0x00007f2cc80008c0 is an unknown value
R15=0x0000000000000000 is an unknown value


Stack: [0x00007f2cf5a88000,0x00007f2cf5b89000],  sp=0x00007f2cf5b876f0,  free space=1021k
Native frames: (J=compiled Java code, j=interpreted, Vv=VM code, C=native code)
C  [libX11.so.6+0x33c58]  XQueryExtension+0x28

VM_Operation (0x00007f2cdfbf94e0): Exit, mode: safepoint, requested by thread 0x00007f2cc4001000


---------------  P R O C E S S  ---------------

Java Threads: ( => current thread )
  0x00007f2cc4001000 JavaThread "SIGTERM handler" daemon [_thread_blocked, id=8562, stack(0x00007f2cdfafa000,0x00007f2cdfbfb000)]
  0x00007f2cf0ae8800 JavaThread "Thread-2" daemon [_thread_blocked, id=8542, stack(0x00007f2ce4095000,0x00007f2ce4196000)]
  0x00007f2cf021c000 JavaThread "AWT-XAWT" daemon [_thread_blocked, id=8541, stack(0x00007f2ce79d4000,0x00007f2ce7ad5000)]
  0x00007f2cf0137000 JavaThread "Java2D Disposer" daemon [_thread_blocked, id=8540, stack(0x00007f2ce7eff000,0x00007f2ce8000000)]
  0x00007f2cf009e800 JavaThread "Low Memory Detector" daemon [_thread_blocked, id=8537, stack(0x00007f2cf4d9f000,0x00007f2cf4ea0000)]
  0x00007f2cf009c000 JavaThread "C2 CompilerThread1" daemon [_thread_blocked, id=8536, stack(0x00007f2cf4ea0000,0x00007f2cf4fa1000)]
  0x00007f2cf0099800 JavaThread "C2 CompilerThread0" daemon [_thread_blocked, id=8535, stack(0x00007f2cf4fa1000,0x00007f2cf50a2000)]
  0x00007f2cf0098000 JavaThread "Signal Dispatcher" daemon [_thread_blocked, id=8534, stack(0x00007f2cf50a2000,0x00007f2cf51a3000)]
  0x00007f2cf0079000 JavaThread "Finalizer" daemon [_thread_blocked, id=8533, stack(0x00007f2cf5886000,0x00007f2cf5987000)]
  0x00007f2cf0077000 JavaThread "Reference Handler" daemon [_thread_blocked, id=8532, stack(0x00007f2cf5987000,0x00007f2cf5a88000)]
  0x00007f2cf0008800 JavaThread "main" [_thread_blocked, id=8526, stack(0x00007f2cf9e98000,0x00007f2cf9f99000)]

Other Threads:
=>0x00007f2cf0070000 VMThread [stack: 0x00007f2cf5a88000,0x00007f2cf5b89000] [id=8531]

VM state:at safepoint (shutting down)

VM Mutex/Monitor currently owned by a thread:  ([mutex/lock_event])
[0x00007f2cf0004dd0] Threads_lock - owner thread: 0x00007f2cf0070000

Heap
 PSYoungGen      total 34880K, used 21681K [0x00000000d9200000, 0x00000000db8e0000, 0x0000000100000000)
  eden space 29952K, 72% used [0x00000000d9200000,0x00000000da72c550,0x00000000daf40000)
  from space 4928K, 0% used [0x00000000db410000,0x00000000db410000,0x00000000db8e0000)
  to   space 4928K, 0% used [0x00000000daf40000,0x00000000daf40000,0x00000000db410000)
 PSOldGen        total 79616K, used 0K [0x000000008b600000, 0x00000000903c0000, 0x00000000d9200000)
  object space 79616K, 0% used [0x000000008b600000,0x000000008b600000,0x00000000903c0000)
 PSPermGen       total 21248K, used 11306K [0x0000000081000000, 0x00000000824c0000, 0x000000008b600000)
  object space 21248K, 53% used [0x0000000081000000,0x0000000081b0aa48,0x00000000824c0000)

Code Cache  [0x00007f2ced000000, 0x00007f2ced270000, 0x00007f2cf0000000)
 total_blobs=606 nmethods=126 adapters=434 free_code_cache=49582208 largest_free_block=11392

Dynamic libraries:
00400000-00409000 r-xp 00000000 08:03 18618890                           /usr/lib/jvm/java-6-openjdk-amd64/jre/bin/java
00608000-00609000 r--p 00008000 08:03 18618890                           /usr/lib/jvm/java-6-openjdk-amd64/jre/bin/java
00609000-0060a000 rw-p 00009000 08:03 18618890                           /usr/lib/jvm/java-6-openjdk-amd64/jre/bin/java
01a81000-01aa2000 rw-p 00000000 00:00 0                                  [heap]
81000000-824c0000 rw-p 00000000 00:00 0 
824c0000-8b600000 rw-p 00000000 00:00 0 
8b600000-903c0000 rw-p 00000000 00:00 0 
903c0000-d9200000 rw-p 00000000 00:00 0 
d9200000-db8e0000 rw-p 00000000 00:00 0 
db8e0000-100000000 rw-p 00000000 00:00 0 
7f2c98000000-7f2c98021000 rw-p 00000000 00:00 0 
7f2c98021000-7f2c9c000000 ---p 00000000 00:00 0 
7f2c9c000000-7f2c9c021000 rw-p 00000000 00:00 0 
7f2c9c021000-7f2ca0000000 ---p 00000000 00:00 0 
7f2ca0000000-7f2ca0021000 rw-p 00000000 00:00 0 
7f2ca0021000-7f2ca4000000 ---p 00000000 00:00 0 
7f2ca4000000-7f2ca4021000 rw-p 00000000 00:00 0 
7f2ca4021000-7f2ca8000000 ---p 00000000 00:00 0 
7f2ca8000000-7f2ca8021000 rw-p 00000000 00:00 0 
7f2ca8021000-7f2cac000000 ---p 00000000 00:00 0 
7f2cac000000-7f2cac021000 rw-p 00000000 00:00 0 
7f2cac021000-7f2cb0000000 ---p 00000000 00:00 0 
7f2cb0000000-7f2cb0021000 rw-p 00000000 00:00 0 
7f2cb0021000-7f2cb4000000 ---p 00000000 00:00 0 
7f2cb4000000-7f2cb4021000 rw-p 00000000 00:00 0 
7f2cb4021000-7f2cb8000000 ---p 00000000 00:00 0 
7f2cb8000000-7f2cb81ad000 rw-p 00000000 00:00 0 
7f2cb81ad000-7f2cbc000000 ---p 00000000 00:00 0 
7f2cbc000000-7f2cbc1e6000 rw-p 00000000 00:00 0 
7f2cbc1e6000-7f2cc0000000 ---p 00000000 00:00 0 
7f2cc0000000-7f2cc0021000 rw-p 00000000 00:00 0 
7f2cc0021000-7f2cc4000000 ---p 00000000 00:00 0 
7f2cc4000000-7f2cc4021000 rw-p 00000000 00:00 0 
7f2cc4021000-7f2cc8000000 ---p 00000000 00:00 0 
7f2cc8000000-7f2cc8021000 rw-p 00000000 00:00 0 
7f2cc8021000-7f2ccc000000 ---p 00000000 00:00 0 
7f2ccc000000-7f2ccc021000 rw-p 00000000 00:00 0 
7f2ccc021000-7f2cd0000000 ---p 00000000 00:00 0 
7f2cd0000000-7f2cd0021000 rw-p 00000000 00:00 0 
7f2cd0021000-7f2cd4000000 ---p 00000000 00:00 0 
7f2cd8000000-7f2cd8021000 rw-p 00000000 00:00 0 
7f2cd8021000-7f2cdc000000 ---p 00000000 00:00 0 
7f2cdf4f7000-7f2cdf4fa000 ---p 00000000 00:00 0 
7f2cdf4fa000-7f2cdf5f8000 rw-p 00000000 00:00 0 
7f2cdf5f8000-7f2cdf5fb000 ---p 00000000 00:00 0 
7f2cdf5fb000-7f2cdf6f9000 rw-p 00000000 00:00 0 
7f2cdf6f9000-7f2cdf6fc000 ---p 00000000 00:00 0 
7f2cdf6fc000-7f2cdf7fa000 rw-p 00000000 00:00 0 
7f2cdf7fa000-7f2cdf9fa000 rw-s 239f5000 00:05 10225                      /dev/ati/card0
7f2cdf9fa000-7f2cdfafa000 rw-s 239f3000 00:05 10225                      /dev/ati/card0
7f2cdfafa000-7f2cdfafd000 ---p 00000000 00:00 0 
7f2cdfafd000-7f2cdfbfb000 rw-p 00000000 00:00 0 
7f2cdfbfb000-7f2cdfcfb000 rw-s 239f7000 00:05 10225                      /dev/ati/card0
7f2cdfcfb000-7f2cdfefd000 rw-p 00000000 00:00 0 
7f2cdfefd000-7f2cdff00000 r-xp 00000000 08:03 15602613                   /home/arwilczek90/workspace/Elements/lib/slick/libjinput-linux64.so
7f2cdff00000-7f2cdffff000 ---p 00003000 08:03 15602613                   /home/arwilczek90/workspace/Elements/lib/slick/libjinput-linux64.so
7f2cdffff000-7f2ce0000000 rw-p 00002000 08:03 15602613                   /home/arwilczek90/workspace/Elements/lib/slick/libjinput-linux64.so
7f2ce0000000-7f2ce0021000 rw-p 00000000 00:00 0 
7f2ce0021000-7f2ce4000000 ---p 00000000 00:00 0 
7f2ce4095000-7f2ce4098000 ---p 00000000 00:00 0 
7f2ce4098000-7f2ce4196000 rw-p 00000000 00:00 0 
7f2ce4196000-7f2ce41d6000 rw-s 0002a000 00:05 10225                      /dev/ati/card0
7f2ce41d6000-7f2ce48d6000 rw-s 00006000 00:05 10225                      /dev/ati/card0
7f2ce48d6000-7f2ce48d8000 r-xp 00000000 08:03 18488267                   /usr/lib/x86_64-linux-gnu/libXinerama.so.1.0.0
7f2ce48d8000-7f2ce4ad7000 ---p 00002000 08:03 18488267                   /usr/lib/x86_64-linux-gnu/libXinerama.so.1.0.0
7f2ce4ad7000-7f2ce4ad8000 r--p 00001000 08:03 18488267                   /usr/lib/x86_64-linux-gnu/libXinerama.so.1.0.0
7f2ce4ad8000-7f2ce4ad9000 rw-p 00002000 08:03 18488267                   /usr/lib/x86_64-linux-gnu/libXinerama.so.1.0.0
7f2ce4ad9000-7f2ce4b14000 r-xp 00000000 08:03 19009508                   /usr/lib/fglrx/libatiadlxx.so
7f2ce4b14000-7f2ce4c14000 ---p 0003b000 08:03 19009508                   /usr/lib/fglrx/libatiadlxx.so
7f2ce4c14000-7f2ce4c1d000 rw-p 0003b000 08:03 19009508                   /usr/lib/fglrx/libatiadlxx.so
7f2ce4c1d000-7f2ce4c2e000 rw-p 00000000 00:00 0 
7f2ce4c40000-7f2ce4c48000 r--s 00067000 08:03 15598510                   /home/arwilczek90/workspace/Elements/lib/slick/lib/slick-sources.jar
7f2ce4c48000-7f2ce4c88000 rw-s f0300000 00:05 10225                      /dev/ati/card0
7f2ce4c88000-7f2ce4c8f000 r-xp 00000000 08:03 19009532                   /usr/lib/fglrx/libatiuki.so.1.0
7f2ce4c8f000-7f2ce4d8f000 ---p 00007000 08:03 19009532                   /usr/lib/fglrx/libatiuki.so.1.0
7f2ce4d8f000-7f2ce4d90000 rw-p 00007000 08:03 19009532                   /usr/lib/fglrx/libatiuki.so.1.0
7f2ce4d90000-7f2ce4d91000 rw-p 00000000 00:00 0 
7f2ce4d91000-7f2ce4d93000 r--s 00015000 08:03 15598514                   /home/arwilczek90/workspace/Elements/lib/slick/lib/tinylinepp.jar
7f2ce4d93000-7f2ce4d96000 r--s 00015000 08:03 15598512                   /home/arwilczek90/workspace/Elements/lib/slick/lib/slick-util.jar
7f2ce4d96000-7f2ce4d97000 r--s 00000000 08:03 15598509                   /home/arwilczek90/workspace/Elements/lib/slick/lib/slick-examples.jar
7f2ce4d97000-7f2ce4d98000 r--s 00003000 08:03 15598508                   /home/arwilczek90/workspace/Elements/lib/slick/lib/scalar.jar
7f2ce4d98000-7f2ce4d9b000 r--s 00017000 08:03 15598507                   /home/arwilczek90/workspace/Elements/lib/slick/lib/pedigree.jar
7f2ce4d9b000-7f2ce4da6000 r--s 00093000 08:03 15598513                   /home/arwilczek90/workspace/Elements/lib/slick/lib/slick.jar
7f2ce4da6000-7f2ce4da8000 r--s 00004000 08:03 15598506                   /home/arwilczek90/workspace/Elements/lib/slick/lib/packulike.jar
7f2ce4da8000-7f2ce4da9000 r--s 00043000 08:03 15598505                   /home/arwilczek90/workspace/Elements/lib/slick/lib/natives-win32.jar
7f2ce4da9000-7f2ce4dab000 r--s 00033000 08:03 15598504                   /home/arwilczek90/workspace/Elements/lib/slick/lib/natives-mac.jar
7f2ce4dab000-7f2ce6d05000 r-xp 00000000 08:03 19009510                   /usr/lib/fglrx/dri/fglrx_dri.so
7f2ce6d05000-7f2ce6e05000 ---p 01f5a000 08:03 19009510                   /usr/lib/fglrx/dri/fglrx_dri.so
7f2ce6e05000-7f2ce6f53000 rwxp 01f5a000 08:03 19009510                   /usr/lib/fglrx/dri/fglrx_dri.so
7f2ce6f53000-7f2ce7079000 rwxp 00000000 00:00 0 
7f2ce7079000-7f2ce713c000 r-xp 00000000 08:03 19009512                   /usr/lib/fglrx/libGL.so.1.2
7f2ce713c000-7f2ce723b000 ---p 000c3000 08:03 19009512                   /usr/lib/fglrx/libGL.so.1.2
7f2ce723b000-7f2ce7262000 rwxp 000c2000 08:03 19009512                   /usr/lib/fglrx/libGL.so.1.2
7f2ce7262000-7f2ce7282000 rwxp 00000000 00:00 0 
7f2ce7282000-7f2ce7283000 r-xp 00000000 08:03 18618886                   /usr/lib/jvm/java-6-openjdk-amd64/jre/lib/amd64/libjawt.so
7f2ce7283000-7f2ce7482000 ---p 00001000 08:03 18618886                   /usr/lib/jvm/java-6-openjdk-amd64/jre/lib/amd64/libjawt.so
7f2ce7482000-7f2ce7483000 r--p 00000000 08:03 18618886                   /usr/lib/jvm/java-6-openjdk-amd64/jre/lib/amd64/libjawt.so
7f2ce7483000-7f2ce7484000 rw-p 00001000 08:03 18618886                   /usr/lib/jvm/java-6-openjdk-amd64/jre/lib/amd64/libjawt.so
7f2ce7484000-7f2ce7488000 r-xp 00000000 08:03 18488287                   /usr/lib/x86_64-linux-gnu/libXxf86vm.so.1.0.0
7f2ce7488000-7f2ce7687000 ---p 00004000 08:03 18488287                   /usr/lib/x86_64-linux-gnu/libXxf86vm.so.1.0.0
7f2ce7687000-7f2ce7688000 r--p 00003000 08:03 18488287                   /usr/lib/x86_64-linux-gnu/libXxf86vm.so.1.0.0
7f2ce7688000-7f2ce7689000 rw-p 00004000 08:03 18488287                   /usr/lib/x86_64-linux-gnu/libXxf86vm.so.1.0.0
7f2ce7689000-7f2ce7691000 r-xp 00000000 08:03 18488277                   /usr/lib/x86_64-linux-gnu/libXrandr.so.2.2.0
7f2ce7691000-7f2ce7890000 ---p 00008000 08:03 18488277                   /usr/lib/x86_64-linux-gnu/libXrandr.so.2.2.0
7f2ce7890000-7f2ce7891000 r--p 00007000 08:03 18488277                   /usr/lib/x86_64-linux-gnu/libXrandr.so.2.2.0
7f2ce7891000-7f2ce7892000 rw-p 00008000 08:03 18488277                   /usr/lib/x86_64-linux-gnu/libXrandr.so.2.2.0
7f2ce7892000-7f2ce78d2000 r-xp 00000000 08:03 15602617                   /home/arwilczek90/workspace/Elements/lib/slick/liblwjgl64.so
7f2ce78d2000-7f2ce79d2000 ---p 00040000 08:03 15602617                   /home/arwilczek90/workspace/Elements/lib/slick/liblwjgl64.so
7f2ce79d2000-7f2ce79d4000 rw-p 00040000 08:03 15602617                   /home/arwilczek90/workspace/Elements/lib/slick/liblwjgl64.so
7f2ce79d4000-7f2ce79d7000 ---p 00000000 00:00 0 
7f2ce79d7000-7f2ce7ad5000 rw-p 00000000 00:00 0 
7f2ce7ad5000-7f2ce7ada000 r-xp 00000000 08:03 18488261                   /usr/lib/x86_64-linux-gnu/libXfixes.so.3.1.0
7f2ce7ada000-7f2ce7cd9000 ---p 00005000 08:03 18488261                   /usr/lib/x86_64-linux-gnu/libXfixes.so.3.1.0
7f2ce7cd9000-7f2ce7cda000 r--p 00004000 08:03 18488261                   /usr/lib/x86_64-linux-gnu/libXfixes.so.3.1.0
7f2ce7cda000-7f2ce7cdb000 rw-p 00005000 08:03 18488261                   /usr/lib/x86_64-linux-gnu/libXfixes.so.3.1.0
7f2ce7cdb000-7f2ce7ce4000 r-xp 00000000 08:03 18488253                   /usr/lib/x86_64-linux-gnu/libXcursor.so.1.0.2
7f2ce7ce4000-7f2ce7ee3000 ---p 00009000 08:03 18488253                   /usr/lib/x86_64-linux-gnu/libXcursor.so.1.0.2
7f2ce7ee3000-7f2ce7ee4000 r--p 00008000 08:03 18488253                   /usr/lib/x86_64-linux-gnu/libXcursor.so.1.0.2
7f2ce7ee4000-7f2ce7ee5000 rw-p 00009000 08:03 18488253                   /usr/lib/x86_64-linux-gnu/libXcursor.so.1.0.2
7f2ce7ee5000-7f2ce7ee6000 r--s 0003d000 08:03 15598503                   /home/arwilczek90/workspace/Elements/lib/slick/lib/natives-linux.jar
7f2ce7ee6000-7f2ce7eed000 r--s 00073000 08:03 15598502                   /home/arwilczek90/workspace/Elements/lib/slick/lib/lwjgl.jar
7f2ce7eed000-7f2ce7eef000 r--s 0000d000 08:03 15598501                   /home/arwilczek90/workspace/Elements/lib/slick/lib/jorbis-0.0.15.jar
7f2ce7eef000-7f2ce7ef4000 r--s 0002f000 08:03 15598498                   /home/arwilczek90/workspace/Elements/lib/slick/lib/jinput.jar
7f2ce7ef4000-7f2ce7eff000 r--s 00093000 08:03 15597692                   /home/arwilczek90/workspace/Elements/lib/slick.jar
7f2ce7eff000-7f2ce7f02000 ---p 00000000 00:00 0 
7f2ce7f02000-7f2ce8000000 rw-p 00000000 00:00 0 
7f2ce8000000-7f2ce8021000 rw-p 00000000 00:00 0 
7f2ce8021000-7f2cec000000 ---p 00000000 00:00 0 
7f2cec000000-7f2cec001000 r--s 00001000 08:03 15598500                   /home/arwilczek90/workspace/Elements/lib/slick/lib/jogg-0.0.7.jar
7f2cec001000-7f2cec002000 r--s 00001000 08:03 15598499                   /home/arwilczek90/workspace/Elements/lib/slick/lib/jnlp.jar
7f2cec002000-7f2cec004000 r--s 00008000 08:03 15598497                   /home/arwilczek90/workspace/Elements/lib/slick/lib/ibxm.jar
7f2cec004000-7f2cec007000 r--s 0005b000 08:03 15598496                   /home/arwilczek90/workspace/Elements/lib/slick/lib/hiero.jar
7f2cec007000-7f2cec008000 r--s 00007000 08:03 15597697                   /home/arwilczek90/workspace/Elements/lib/slick/applet/lwjgl_util_applet.jar
7f2cec008000-7f2cec00f000 r--s 000fb000 08:03 18618812                   /usr/lib/jvm/java-6-openjdk-common/jre/lib/resources.jar
7f2cec00f000-7f2cec010000 r--s 00000000 08:03 19927127                   /var/cache/fontconfig/c05880de57d1f5e948fdfacc138775d9-le64.cache-3
7f2cec010000-7f2cec019000 r--s 00000000 08:03 19927122                   /var/cache/fontconfig/945677eb7aeaf62f1d50efc3fb3ec7d8-le64.cache-3
7f2cec019000-7f2cec01b000 r--s 00000000 08:03 19927123                   /var/cache/fontconfig/99e8ed0e538f840c565b6ed5dad60d56-le64.cache-3
7f2cec01b000-7f2cec01f000 r--s 00000000 08:03 19927109                   /var/cache/fontconfig/2cd17615ca594fa2959ae173292e504c-le64.cache-3
7f2cec01f000-7f2cec020000 r--s 00000000 08:03 19927134                   /var/cache/fontconfig/e7071f4a29fa870f4323321c154eba04-le64.cache-3
7f2cec020000-7f2cec021000 r--s 00000000 08:03 19927107                   /var/cache/fontconfig/0d8c3b2ac0904cb8a57a757ad11a4a08-le64.cache-3
7f2cec021000-7f2cec027000 r--s 00000000 08:03 19927124                   /var/cache/fontconfig/a755afe4a08bf5b97852ceb7400b47bc-le64.cache-3
7f2cec027000-7f2cec030000 r--s 00000000 08:03 19927460                   /var/cache/fontconfig/6d41288fd70b0be22e8c3a91e032eec0-le64.cache-3
7f2cec030000-7f2cec040000 r--s 00000000 08:03 19927106                   /var/cache/fontconfig/04aabc0a78ac019cf9454389977116d2-le64.cache-3
7f2cec040000-7f2cec043000 r--s 00000000 08:03 19927112                   /var/cache/fontconfig/385c0604a188198f04d133e54aba7fe7-le64.cache-3
7f2cec043000-7f2cec071000 r--s 00000000 08:03 19927454                   /var/cache/fontconfig/365b55f210c0a22e9a19e35191240f32-le64.cache-3
7f2cec071000-7f2cec076000 r--s 00000000 08:03 19927110                   /var/cache/fontconfig/3047814df9a2f067bd2d96a2b9c36e5a-le64.cache-3
7f2cec076000-7f2cec086000 r--s 00000000 08:03 19927130                   /var/cache/fontconfig/d52a8644073d54c13679302ca1180695-le64.cache-3
7f2cec086000-7f2cec087000 r--s 00000000 08:03 19927127                   /var/cache/fontconfig/c05880de57d1f5e948fdfacc138775d9-le64.cache-3
7f2cec087000-7f2cec090000 r--s 00000000 08:03 19927122                   /var/cache/fontconfig/945677eb7aeaf62f1d50efc3fb3ec7d8-le64.cache-3
7f2cec090000-7f2cec092000 r--s 00000000 08:03 19927123                   /var/cache/fontconfig/99e8ed0e538f840c565b6ed5dad60d56-le64.cache-3
7f2cec092000-7f2cec096000 r--s 00000000 08:03 19927109                   /var/cache/fontconfig/2cd17615ca594fa2959ae173292e504c-le64.cache-3
7f2cec096000-7f2cec097000 r--s 00000000 08:03 19927134                   /var/cache/fontconfig/e7071f4a29fa870f4323321c154eba04-le64.cache-3
7f2cec097000-7f2cec098000 r--s 00000000 08:03 19927107                   /var/cache/fontconfig/0d8c3b2ac0904cb8a57a757ad11a4a08-le64.cache-3
7f2cec098000-7f2cec09e000 r--s 00000000 08:03 19927124                   /var/cache/fontconfig/a755afe4a08bf5b97852ceb7400b47bc-le64.cache-3
7f2cec09e000-7f2cec0a7000 r--s 00000000 08:03 19927460                   /var/cache/fontconfig/6d41288fd70b0be22e8c3a91e032eec0-le64.cache-3
7f2cec0a7000-7f2cec0b7000 r--s 00000000 08:03 19927106                   /var/cache/fontconfig/04aabc0a78ac019cf9454389977116d2-le64.cache-3
7f2cec0b7000-7f2cec0ba000 r--s 00000000 08:03 19927112                   /var/cache/fontconfig/385c0604a188198f04d133e54aba7fe7-le64.cache-3
7f2cec0ba000-7f2cec0bb000 r--s 00000000 08:03 19927113                   /var/cache/fontconfig/4794a0821666d79190d59a36cb4f44b5-le64.cache-3
7f2cec0bb000-7f2cec0be000 r--s 00000000 08:03 19927121                   /var/cache/fontconfig/8801497958630a81b71ace7c5f9b32a8-le64.cache-3
7f2cec0be000-7f2cec0ec000 r--s 00000000 08:03 19927454                   /var/cache/fontconfig/365b55f210c0a22e9a19e35191240f32-le64.cache-3
7f2cec0ec000-7f2cec182000 r-xp 00000000 08:03 18488439                   /usr/lib/x86_64-linux-gnu/libfreetype.so.6.8.0
7f2cec182000-7f2cec381000 ---p 00096000 08:03 18488439                   /usr/lib/x86_64-linux-gnu/libfreetype.so.6.8.0
7f2cec381000-7f2cec387000 r--p 00095000 08:03 18488439                   /usr/lib/x86_64-linux-gnu/libfreetype.so.6.8.0
7f2cec387000-7f2cec388000 rw-p 0009b000 08:03 18488439                   /usr/lib/x86_64-linux-gnu/libfreetype.so.6.8.0
7f2cec388000-7f2cec3c2000 r-xp 00000000 08:03 18618871                   /usr/lib/jvm/java-6-openjdk-amd64/jre/lib/amd64/libfontmanager.so
7f2cec3c2000-7f2cec5c1000 ---p 0003a000 08:03 18618871                   /usr/lib/jvm/java-6-openjdk-amd64/jre/lib/amd64/libfontmanager.so
7f2cec5c1000-7f2cec5c3000 r--p 00039000 08:03 18618871                   /usr/lib/jvm/java-6-openjdk-amd64/jre/lib/amd64/libfontmanager.so
7f2cec5c3000-7f2cec5c4000 rw-p 0003b000 08:03 18618871                   /usr/lib/jvm/java-6-openjdk-amd64/jre/lib/amd64/libfontmanager.so
7f2cec5c4000-7f2cec5c9000 r-xp 00000000 08:03 18488257                   /usr/lib/x86_64-linux-gnu/libXdmcp.so.6.0.0
7f2cec5c9000-7f2cec7c8000 ---p 00005000 08:03 18488257                   /usr/lib/x86_64-linux-gnu/libXdmcp.so.6.0.0
7f2cec7c8000-7f2cec7c9000 r--p 00004000 08:03 18488257                   /usr/lib/x86_64-linux-gnu/libXdmcp.so.6.0.0
7f2cec7c9000-7f2cec7ca000 rw-p 00005000 08:03 18488257                   /usr/lib/x86_64-linux-gnu/libXdmcp.so.6.0.0
7f2cec7ca000-7f2cec7cc000 r-xp 00000000 08:03 18488246                   /usr/lib/x86_64-linux-gnu/libXau.so.6.0.0
7f2cec7cc000-7f2cec9cb000 ---p 00002000 08:03 18488246                   /usr/lib/x86_64-linux-gnu/libXau.so.6.0.0
7f2cec9cb000-7f2cec9cc000 r--p 00001000 08:03 18488246                   /usr/lib/x86_64-linux-gnu/libXau.so.6.0.0
7f2cec9cc000-7f2cec9cd000 rw-p 00002000 08:03 18488246                   /usr/lib/x86_64-linux-gnu/libXau.so.6.0.0
7f2cec9cd000-7f2cec9ea000 r-xp 00000000 08:03 18488845                   /usr/lib/x86_64-linux-gnu/libxcb.so.1.1.0
7f2cec9ea000-7f2cecbe9000 ---p 0001d000 08:03 18488845                   /usr/lib/x86_64-linux-gnu/libxcb.so.1.1.0
7f2cecbe9000-7f2cecbea000 r--p 0001c000 08:03 18488845                   /usr/lib/x86_64-linux-gnu/libxcb.so.1.1.0
7f2cecbea000-7f2cecbeb000 rw-p 0001d000 08:03 18488845                   /usr/lib/x86_64-linux-gnu/libxcb.so.1.1.0
7f2cecbeb000-7f2cecbf9000 r-xp 00000000 08:03 18488265                   /usr/lib/x86_64-linux-gnu/libXi.so.6.1.0
7f2cecbf9000-7f2cecdf8000 ---p 0000e000 08:03 18488265                   /usr/lib/x86_64-linux-gnu/libXi.so.6.1.0
7f2cecdf8000-7f2cecdf9000 r--p 0000d000 08:03 18488265                   /usr/lib/x86_64-linux-gnu/libXi.so.6.1.0
7f2cecdf9000-7f2cecdfa000 rw-p 0000e000 08:03 18488265                   /usr/lib/x86_64-linux-gnu/libXi.so.6.1.0
7f2cecdfa000-7f2cecdff000 r-xp 00000000 08:03 18488283                   /usr/lib/x86_64-linux-gnu/libXtst.so.6.1.0
7f2cecdff000-7f2cecffe000 ---p 00005000 08:03 18488283                   /usr/lib/x86_64-linux-gnu/libXtst.so.6.1.0
7f2cecffe000-7f2cecfff000 r--p 00004000 08:03 18488283                   /usr/lib/x86_64-linux-gnu/libXtst.so.6.1.0
7f2cecfff000-7f2ced000000 rw-p 00005000 08:03 18488283                   /usr/lib/x86_64-linux-gnu/libXtst.so.6.1.0
7f2ced000000-7f2ced270000 rwxp 00000000 00:00 0 
7f2ced270000-7f2cf0d60000 rw-p 00000000 00:00 0 
7f2cf0d60000-7f2cf4000000 ---p 00000000 00:00 0 
7f2cf4000000-7f2cf4003000 r--s 00000000 08:03 19927121                   /var/cache/fontconfig/8801497958630a81b71ace7c5f9b32a8-le64.cache-3
7f2cf4003000-7f2cf4004000 r--s 00000000 08:03 19927115                   /var/cache/fontconfig/56cf4f4769d0f4abc89a4895d7bd3ae1-le64.cache-3
7f2cf4004000-7f2cf4005000 r--s 00000000 08:03 19927126                   /var/cache/fontconfig/b9d506c9ac06c20b433354fa67a72993-le64.cache-3
7f2cf4005000-7f2cf400a000 r--s 00000000 08:03 19927125                   /var/cache/fontconfig/b47c4e1ecd0709278f4910c18777a504-le64.cache-3
7f2cf400a000-7f2cf4013000 r-xp 00000000 08:03 18488279                   /usr/lib/x86_64-linux-gnu/libXrender.so.1.3.0
7f2cf4013000-7f2cf4212000 ---p 00009000 08:03 18488279                   /usr/lib/x86_64-linux-gnu/libXrender.so.1.3.0
7f2cf4212000-7f2cf4213000 r--p 00008000 08:03 18488279                   /usr/lib/x86_64-linux-gnu/libXrender.so.1.3.0
7f2cf4213000-7f2cf4214000 rw-p 00009000 08:03 18488279                   /usr/lib/x86_64-linux-gnu/libXrender.so.1.3.0
7f2cf4214000-7f2cf4343000 r-xp 00000000 08:03 18488244                   /usr/lib/x86_64-linux-gnu/libX11.so.6.3.0
7f2cf4343000-7f2cf4543000 ---p 0012f000 08:03 18488244                   /usr/lib/x86_64-linux-gnu/libX11.so.6.3.0
7f2cf4543000-7f2cf4544000 r--p 0012f000 08:03 18488244                   /usr/lib/x86_64-linux-gnu/libX11.so.6.3.0
7f2cf4544000-7f2cf4548000 rw-p 00130000 08:03 18488244                   /usr/lib/x86_64-linux-gnu/libX11.so.6.3.0
7f2cf4548000-7f2cf4558000 r-xp 00000000 08:03 18488259                   /usr/lib/x86_64-linux-gnu/libXext.so.6.4.0
7f2cf4558000-7f2cf4757000 ---p 00010000 08:03 18488259                   /usr/lib/x86_64-linux-gnu/libXext.so.6.4.0
7f2cf4757000-7f2cf4758000 r--p 0000f000 08:03 18488259                   /usr/lib/x86_64-linux-gnu/libXext.so.6.4.0
7f2cf4758000-7f2cf4759000 rw-p 00010000 08:03 18488259                   /usr/lib/x86_64-linux-gnu/libXext.so.6.4.0
7f2cf4759000-7f2cf47a4000 r-xp 00000000 08:03 18618972                   /usr/lib/jvm/java-6-openjdk-amd64/jre/lib/amd64/xawt/libmawt.so
7f2cf47a4000-7f2cf49a4000 ---p 0004b000 08:03 18618972                   /usr/lib/jvm/java-6-openjdk-amd64/jre/lib/amd64/xawt/libmawt.so
7f2cf49a4000-7f2cf49a5000 r--p 0004b000 08:03 18618972                   /usr/lib/jvm/java-6-openjdk-amd64/jre/lib/amd64/xawt/libmawt.so
7f2cf49a5000-7f2cf49a8000 rw-p 0004c000 08:03 18618972                   /usr/lib/jvm/java-6-openjdk-amd64/jre/lib/amd64/xawt/libmawt.so
7f2cf49a8000-7f2cf49a9000 rw-p 00000000 00:00 0 
7f2cf49a9000-7f2cf4a55000 r-xp 00000000 08:03 18618874                   /usr/lib/jvm/java-6-openjdk-amd64/jre/lib/amd64/libawt.so
7f2cf4a55000-7f2cf4c54000 ---p 000ac000 08:03 18618874                   /usr/lib/jvm/java-6-openjdk-amd64/jre/lib/amd64/libawt.so
7f2cf4c54000-7f2cf4c55000 r--p 000ab000 08:03 18618874                   /usr/lib/jvm/java-6-openjdk-amd64/jre/lib/amd64/libawt.so
7f2cf4c55000-7f2cf4c60000 rw-p 000ac000 08:03 18618874                   /usr/lib/jvm/java-6-openjdk-amd64/jre/lib/amd64/libawt.so
7f2cf4c60000-7f2cf4c85000 rw-p 00000000 00:00 0 
7f2cf4c85000-7f2cf4c88000 r--s 0007d000 08:03 18618443                   /usr/lib/jvm/java-6-openjdk-common/jre/lib/jsse.jar
7f2cf4c88000-7f2cf4c8f000 r--s 00073000 08:03 15597691                   /home/arwilczek90/workspace/Elements/lib/lwjgl.jar
7f2cf4c8f000-7f2cf4c91000 r--s 0000f000 08:03 18618803                   /usr/lib/jvm/java-6-openjdk-common/jre/lib/ext/pulse-java.jar
7f2cf4c91000-7f2cf4c94000 r--s 00077000 08:03 18618797                   /usr/lib/jvm/java-6-openjdk-common/jre/lib/ext/localedata.jar
7f2cf4c94000-7f2cf4c95000 r--s 00007000 08:03 18748229                   /usr/share/java/java-atk-wrapper.jar
7f2cf4c95000-7f2cf4c97000 r--s 00001000 08:03 18618801                   /usr/lib/jvm/java-6-openjdk-common/jre/lib/ext/dnsns.jar
7f2cf4c97000-7f2cf4c9b000 r--s 00038000 08:03 18618795                   /usr/lib/jvm/java-6-openjdk-common/jre/lib/ext/sunpkcs11.jar
7f2cf4c9b000-7f2cf4c9e000 r--s 00031000 08:03 18618799                   /usr/lib/jvm/java-6-openjdk-common/jre/lib/ext/sunjce_provider.jar
7f2cf4c9e000-7f2cf4c9f000 ---p 00000000 00:00 0 
7f2cf4c9f000-7f2cf4d9f000 rw-p 00000000 00:00 0 
7f2cf4d9f000-7f2cf4da2000 ---p 00000000 00:00 0 
7f2cf4da2000-7f2cf4ea0000 rw-p 00000000 00:00 0 
7f2cf4ea0000-7f2cf4ea3000 ---p 00000000 00:00 0 
7f2cf4ea3000-7f2cf4fa1000 rw-p 00000000 00:00 0 
7f2cf4fa1000-7f2cf4fa4000 ---p 00000000 00:00 0 
7f2cf4fa4000-7f2cf50a2000 rw-p 00000000 00:00 0 
7f2cf50a2000-7f2cf50a5000 ---p 00000000 00:00 0 
7f2cf50a5000-7f2cf51a3000 rw-p 00000000 00:00 0 
7f2cf51a3000-7f2cf5886000 r--p 00000000 08:03 18487587                   /usr/lib/locale/locale-archive
7f2cf5886000-7f2cf5889000 ---p 00000000 00:00 0 
7f2cf5889000-7f2cf5987000 rw-p 00000000 00:00 0 
7f2cf5987000-7f2cf598a000 ---p 00000000 00:00 0 
7f2cf598a000-7f2cf5a88000 rw-p 00000000 00:00 0 
7f2cf5a88000-7f2cf5a89000 ---p 00000000 00:00 0 
7f2cf5a89000-7f2cf60c1000 rw-p 00000000 00:00 0 
7f2cf60c1000-7f2cf6253000 r--s 037bf000 08:03 18618843                   /usr/lib/jvm/java-6-openjdk-amd64/jre/lib/rt.jar
7f2cf6253000-7f2cf627b000 rw-p 00000000 00:00 0 
7f2cf627b000-7f2cf627c000 ---p 00000000 00:00 0 
7f2cf627c000-7f2cf637c000 rw-p 00000000 00:00 0 
7f2cf637c000-7f2cf637d000 ---p 00000000 00:00 0 
7f2cf637d000-7f2cf647d000 rw-p 00000000 00:00 0 
7f2cf647d000-7f2cf647e000 ---p 00000000 00:00 0 
7f2cf647e000-7f2cf657e000 rw-p 00000000 00:00 0 
7f2cf657e000-7f2cf657f000 ---p 00000000 00:00 0 
7f2cf657f000-7f2cf668a000 rw-p 00000000 00:00 0 
7f2cf668a000-7f2cf66d2000 rw-p 00000000 00:00 0 
7f2cf66d2000-7f2cf66f9000 rw-p 00000000 00:00 0 
7f2cf66f9000-7f2cf6940000 rw-p 00000000 00:00 0 
7f2cf6940000-7f2cf694b000 rw-p 00000000 00:00 0 
7f2cf694b000-7f2cf6993000 rw-p 00000000 00:00 0 
7f2cf6993000-7f2cf69ba000 rw-p 00000000 00:00 0 
7f2cf69ba000-7f2cf6c01000 rw-p 00000000 00:00 0 
7f2cf6c01000-7f2cf6c15000 rw-p 00000000 00:00 0 
7f2cf6c15000-7f2cf6d38000 rw-p 00000000 00:00 0 
7f2cf6d38000-7f2cf6d39000 rw-p 00000000 00:00 0 
7f2cf6d39000-7f2cf6d40000 r-xp 00000000 08:03 18618888                   /usr/lib/jvm/java-6-openjdk-amd64/jre/lib/amd64/libzip.so
7f2cf6d40000-7f2cf6f3f000 ---p 00007000 08:03 18618888                   /usr/lib/jvm/java-6-openjdk-amd64/jre/lib/amd64/libzip.so
7f2cf6f3f000-7f2cf6f40000 r--p 00006000 08:03 18618888                   /usr/lib/jvm/java-6-openjdk-amd64/jre/lib/amd64/libzip.so
7f2cf6f40000-7f2cf6f41000 rw-p 00007000 08:03 18618888                   /usr/lib/jvm/java-6-openjdk-amd64/jre/lib/amd64/libzip.so
7f2cf6f41000-7f2cf6f4d000 r-xp 00000000 08:03 21758081                   /lib/x86_64-linux-gnu/libnss_files-2.15.so
7f2cf6f4d000-7f2cf714c000 ---p 0000c000 08:03 21758081                   /lib/x86_64-linux-gnu/libnss_files-2.15.so
7f2cf714c000-7f2cf714d000 r--p 0000b000 08:03 21758081                   /lib/x86_64-linux-gnu/libnss_files-2.15.so
7f2cf714d000-7f2cf714e000 rw-p 0000c000 08:03 21758081                   /lib/x86_64-linux-gnu/libnss_files-2.15.so
7f2cf714e000-7f2cf7158000 r-xp 00000000 08:03 21758077                   /lib/x86_64-linux-gnu/libnss_nis-2.15.so
7f2cf7158000-7f2cf7358000 ---p 0000a000 08:03 21758077                   /lib/x86_64-linux-gnu/libnss_nis-2.15.so
7f2cf7358000-7f2cf7359000 r--p 0000a000 08:03 21758077                   /lib/x86_64-linux-gnu/libnss_nis-2.15.so
7f2cf7359000-7f2cf735a000 rw-p 0000b000 08:03 21758077                   /lib/x86_64-linux-gnu/libnss_nis-2.15.so
7f2cf735a000-7f2cf7371000 r-xp 00000000 08:03 21761730                   /lib/x86_64-linux-gnu/libnsl-2.15.so
7f2cf7371000-7f2cf7570000 ---p 00017000 08:03 21761730                   /lib/x86_64-linux-gnu/libnsl-2.15.so
7f2cf7570000-7f2cf7571000 r--p 00016000 08:03 21761730                   /lib/x86_64-linux-gnu/libnsl-2.15.so
7f2cf7571000-7f2cf7572000 rw-p 00017000 08:03 21761730                   /lib/x86_64-linux-gnu/libnsl-2.15.so
7f2cf7572000-7f2cf7574000 rw-p 00000000 00:00 0 
7f2cf7574000-7f2cf757c000 r-xp 00000000 08:03 21758082                   /lib/x86_64-linux-gnu/libnss_compat-2.15.so
7f2cf757c000-7f2cf777b000 ---p 00008000 08:03 21758082                   /lib/x86_64-linux-gnu/libnss_compat-2.15.so
7f2cf777b000-7f2cf777c000 r--p 00007000 08:03 21758082                   /lib/x86_64-linux-gnu/libnss_compat-2.15.so
7f2cf777c000-7f2cf777d000 rw-p 00008000 08:03 21758082                   /lib/x86_64-linux-gnu/libnss_compat-2.15.so
7f2cf777d000-7f2cf77a9000 r-xp 00000000 08:03 18618873                   /usr/lib/jvm/java-6-openjdk-amd64/jre/lib/amd64/libjava.so
7f2cf77a9000-7f2cf79a8000 ---p 0002c000 08:03 18618873                   /usr/lib/jvm/java-6-openjdk-amd64/jre/lib/amd64/libjava.so
7f2cf79a8000-7f2cf79a9000 r--p 0002b000 08:03 18618873                   /usr/lib/jvm/java-6-openjdk-amd64/jre/lib/amd64/libjava.so
7f2cf79a9000-7f2cf79ac000 rw-p 0002c000 08:03 18618873                   /usr/lib/jvm/java-6-openjdk-amd64/jre/lib/amd64/libjava.so
7f2cf79ac000-7f2cf79ba000 r-xp 00000000 08:03 18618872                   /usr/lib/jvm/java-6-openjdk-amd64/jre/lib/amd64/libverify.so
7f2cf79ba000-7f2cf7bb9000 ---p 0000e000 08:03 18618872                   /usr/lib/jvm/java-6-openjdk-amd64/jre/lib/amd64/libverify.so
7f2cf7bb9000-7f2cf7bbb000 r--p 0000d000 08:03 18618872                   /usr/lib/jvm/java-6-openjdk-amd64/jre/lib/amd64/libverify.so
7f2cf7bbb000-7f2cf7bbc000 rw-p 0000f000 08:03 18618872                   /usr/lib/jvm/java-6-openjdk-amd64/jre/lib/amd64/libverify.so
7f2cf7bbc000-7f2cf7bc3000 r-xp 00000000 08:03 21758075                   /lib/x86_64-linux-gnu/librt-2.15.so
7f2cf7bc3000-7f2cf7dc2000 ---p 00007000 08:03 21758075                   /lib/x86_64-linux-gnu/librt-2.15.so
7f2cf7dc2000-7f2cf7dc3000 r--p 00006000 08:03 21758075                   /lib/x86_64-linux-gnu/librt-2.15.so
7f2cf7dc3000-7f2cf7dc4000 rw-p 00007000 08:03 21758075                   /lib/x86_64-linux-gnu/librt-2.15.so
7f2cf7dc4000-7f2cf7dd9000 r-xp 00000000 08:03 21761542                   /lib/x86_64-linux-gnu/libgcc_s.so.1
7f2cf7dd9000-7f2cf7fd8000 ---p 00015000 08:03 21761542                   /lib/x86_64-linux-gnu/libgcc_s.so.1
7f2cf7fd8000-7f2cf7fd9000 r--p 00014000 08:03 21761542                   /lib/x86_64-linux-gnu/libgcc_s.so.1
7f2cf7fd9000-7f2cf7fda000 rw-p 00015000 08:03 21761542                   /lib/x86_64-linux-gnu/libgcc_s.so.1
7f2cf7fda000-7f2cf80d3000 r-xp 00000000 08:03 21758079                   /lib/x86_64-linux-gnu/libm-2.15.so
7f2cf80d3000-7f2cf82d2000 ---p 000f9000 08:03 21758079                   /lib/x86_64-linux-gnu/libm-2.15.so
7f2cf82d2000-7f2cf82d3000 r--p 000f8000 08:03 21758079                   /lib/x86_64-linux-gnu/libm-2.15.so
7f2cf82d3000-7f2cf82d4000 rw-p 000f9000 08:03 21758079                   /lib/x86_64-linux-gnu/libm-2.15.so
7f2cf82d4000-7f2cf83b6000 r-xp 00000000 08:03 18488773                   /usr/lib/x86_64-linux-gnu/libstdc++.so.6.0.16
7f2cf83b6000-7f2cf85b5000 ---p 000e2000 08:03 18488773                   /usr/lib/x86_64-linux-gnu/libstdc++.so.6.0.16
7f2cf85b5000-7f2cf85bd000 r--p 000e1000 08:03 18488773                   /usr/lib/x86_64-linux-gnu/libstdc++.so.6.0.16
7f2cf85bd000-7f2cf85bf000 rw-p 000e9000 08:03 18488773                   /usr/lib/x86_64-linux-gnu/libstdc++.so.6.0.16
7f2cf85bf000-7f2cf85d4000 rw-p 00000000 00:00 0 
7f2cf85d4000-7f2cf8ed8000 r-xp 00000000 08:03 18618878                   /usr/lib/jvm/java-6-openjdk-amd64/jre/lib/amd64/server/libjvm.so
7f2cf8ed8000-7f2cf90d8000 ---p 00904000 08:03 18618878                   /usr/lib/jvm/java-6-openjdk-amd64/jre/lib/amd64/server/libjvm.so
7f2cf90d8000-7f2cf9158000 r--p 00904000 08:03 18618878                   /usr/lib/jvm/java-6-openjdk-amd64/jre/lib/amd64/server/libjvm.so
7f2cf9158000-7f2cf9173000 rw-p 00984000 08:03 18618878                   /usr/lib/jvm/java-6-openjdk-amd64/jre/lib/amd64/server/libjvm.so
7f2cf9173000-7f2cf919c000 rw-p 00000000 00:00 0 
7f2cf919c000-7f2cf91b2000 r-xp 00000000 08:03 21761632                   /lib/x86_64-linux-gnu/libz.so.1.2.3.4
7f2cf91b2000-7f2cf93b1000 ---p 00016000 08:03 21761632                   /lib/x86_64-linux-gnu/libz.so.1.2.3.4
7f2cf93b1000-7f2cf93b2000 r--p 00015000 08:03 21761632                   /lib/x86_64-linux-gnu/libz.so.1.2.3.4
7f2cf93b2000-7f2cf93b3000 rw-p 00016000 08:03 21761632                   /lib/x86_64-linux-gnu/libz.so.1.2.3.4
7f2cf93b3000-7f2cf9568000 r-xp 00000000 08:03 21757975                   /lib/x86_64-linux-gnu/libc-2.15.so
7f2cf9568000-7f2cf9767000 ---p 001b5000 08:03 21757975                   /lib/x86_64-linux-gnu/libc-2.15.so
7f2cf9767000-7f2cf976b000 r--p 001b4000 08:03 21757975                   /lib/x86_64-linux-gnu/libc-2.15.so
7f2cf976b000-7f2cf976d000 rw-p 001b8000 08:03 21757975                   /lib/x86_64-linux-gnu/libc-2.15.so
7f2cf976d000-7f2cf9772000 rw-p 00000000 00:00 0 
7f2cf9772000-7f2cf9774000 r-xp 00000000 08:03 21757964                   /lib/x86_64-linux-gnu/libdl-2.15.so
7f2cf9774000-7f2cf9974000 ---p 00002000 08:03 21757964                   /lib/x86_64-linux-gnu/libdl-2.15.so
7f2cf9974000-7f2cf9975000 r--p 00002000 08:03 21757964                   /lib/x86_64-linux-gnu/libdl-2.15.so
7f2cf9975000-7f2cf9976000 rw-p 00003000 08:03 21757964                   /lib/x86_64-linux-gnu/libdl-2.15.so
7f2cf9976000-7f2cf997a000 r-xp 00000000 08:03 18618855                   /usr/lib/jvm/java-6-openjdk-amd64/jre/lib/amd64/jli/libjli.so
7f2cf997a000-7f2cf9b79000 ---p 00004000 08:03 18618855                   /usr/lib/jvm/java-6-openjdk-amd64/jre/lib/amd64/jli/libjli.so
7f2cf9b79000-7f2cf9b7a000 r--p 00003000 08:03 18618855                   /usr/lib/jvm/java-6-openjdk-amd64/jre/lib/amd64/jli/libjli.so
7f2cf9b7a000-7f2cf9b7b000 rw-p 00004000 08:03 18618855                   /usr/lib/jvm/java-6-openjdk-amd64/jre/lib/amd64/jli/libjli.so
7f2cf9b7b000-7f2cf9b93000 r-xp 00000000 08:03 21758073                   /lib/x86_64-linux-gnu/libpthread-2.15.so
7f2cf9b93000-7f2cf9d92000 ---p 00018000 08:03 21758073                   /lib/x86_64-linux-gnu/libpthread-2.15.so
7f2cf9d92000-7f2cf9d93000 r--p 00017000 08:03 21758073                   /lib/x86_64-linux-gnu/libpthread-2.15.so
7f2cf9d93000-7f2cf9d94000 rw-p 00018000 08:03 21758073                   /lib/x86_64-linux-gnu/libpthread-2.15.so
7f2cf9d94000-7f2cf9d98000 rw-p 00000000 00:00 0 
7f2cf9d98000-7f2cf9dba000 r-xp 00000000 08:03 21758085                   /lib/x86_64-linux-gnu/ld-2.15.so
7f2cf9dba000-7f2cf9dbc000 rw-s 00002000 00:05 10225                      /dev/ati/card0
7f2cf9dbc000-7f2cf9dbf000 r--s 00000000 08:03 19927196                   /var/cache/fontconfig/e13b20fdb08344e0e664864cc2ede53d-le64.cache-3
7f2cf9dbf000-7f2cf9dc3000 r--s 00000000 08:03 19927452                   /var/cache/fontconfig/7ef2298fde41cc6eeb7af42e48b7d293-le64.cache-3
7f2cf9dc3000-7f2cf9dc8000 r--s 00000000 08:03 19927110                   /var/cache/fontconfig/3047814df9a2f067bd2d96a2b9c36e5a-le64.cache-3
7f2cf9dc8000-7f2cf9dd8000 r--s 00000000 08:03 19927130                   /var/cache/fontconfig/d52a8644073d54c13679302ca1180695-le64.cache-3
7f2cf9dd8000-7f2cf9de2000 rw-p 00000000 00:00 0 
7f2cf9de2000-7f2cf9e98000 rw-p 00000000 00:00 0 
7f2cf9e98000-7f2cf9e9b000 ---p 00000000 00:00 0 
7f2cf9e9b000-7f2cf9f9e000 rw-p 00000000 00:00 0 
7f2cf9f9e000-7f2cf9f9f000 rw-s 00005000 00:05 10225                      /dev/ati/card0
7f2cf9f9f000-7f2cf9fa0000 r--s 00000000 08:03 19927113                   /var/cache/fontconfig/4794a0821666d79190d59a36cb4f44b5-le64.cache-3
7f2cf9fa0000-7f2cf9fa1000 r--s 00000000 08:03 19927115                   /var/cache/fontconfig/56cf4f4769d0f4abc89a4895d7bd3ae1-le64.cache-3
7f2cf9fa1000-7f2cf9fa2000 r--s 00000000 08:03 19927126                   /var/cache/fontconfig/b9d506c9ac06c20b433354fa67a72993-le64.cache-3
7f2cf9fa2000-7f2cf9fa7000 r--s 00000000 08:03 19927125                   /var/cache/fontconfig/b47c4e1ecd0709278f4910c18777a504-le64.cache-3
7f2cf9fa7000-7f2cf9faa000 r--s 00000000 08:03 19927196                   /var/cache/fontconfig/e13b20fdb08344e0e664864cc2ede53d-le64.cache-3
7f2cf9faa000-7f2cf9fae000 r--s 00000000 08:03 19927452                   /var/cache/fontconfig/7ef2298fde41cc6eeb7af42e48b7d293-le64.cache-3
7f2cf9fae000-7f2cf9fb6000 rw-s 00000000 08:03 8126553                    /tmp/hsperfdata_arwilczek90/8521 (deleted)
7f2cf9fb6000-7f2cf9fb7000 rw-p 00000000 00:00 0 
7f2cf9fb7000-7f2cf9fb8000 ---p 00000000 00:00 0 
7f2cf9fb8000-7f2cf9fba000 rw-p 00000000 00:00 0 
7f2cf9fba000-7f2cf9fbb000 r--p 00022000 08:03 21758085                   /lib/x86_64-linux-gnu/ld-2.15.so
7f2cf9fbb000-7f2cf9fbd000 rw-p 00023000 08:03 21758085                   /lib/x86_64-linux-gnu/ld-2.15.so
7fffafa1e000-7fffafa3f000 rw-p 00000000 00:00 0                          [stack]
7fffafb2c000-7fffafb2d000 r-xp 00000000 00:00 0                          [vdso]
ffffffffff600000-ffffffffff601000 r-xp 00000000 00:00 0                  [vsyscall]

VM Arguments:
jvm_args: -Djava.library.path=/home/arwilczek90/workspace/Elements/lib/slick:/home/arwilczek90/workspace/Elements/lib/slick -Dfile.encoding=UTF-8 
java_command: com.hack.elements.view.Main
Launcher Type: SUN_STANDARD

Environment Variables:
PATH=/usr/lib/lightdm/lightdm:/usr/local/sbin:/usr/local/bin:/usr/sbin:/usr/bin:/sbin:/bin:/usr/games
LD_LIBRARY_PATH=/usr/lib/jvm/java-6-openjdk-amd64/jre/lib/amd64/server:/usr/lib/jvm/java-6-openjdk-amd64/jre/lib/amd64:/usr/lib/jvm/java-6-openjdk-amd64/jre/../lib/amd64
SHELL=/bin/bash
DISPLAY=:0.0

Signal Handlers:
SIGSEGV: [libjvm.so+0x784310], sa_mask[0]=0x7ffbfeff, sa_flags=0x10000004
SIGBUS: [libjvm.so+0x784310], sa_mask[0]=0x7ffbfeff, sa_flags=0x10000004
SIGFPE: [libjvm.so+0x648580], sa_mask[0]=0x7ffbfeff, sa_flags=0x10000004
SIGPIPE: [libjvm.so+0x648580], sa_mask[0]=0x7ffbfeff, sa_flags=0x10000004
SIGXFSZ: [libjvm.so+0x648580], sa_mask[0]=0x7ffbfeff, sa_flags=0x10000004
SIGILL: [libjvm.so+0x648580], sa_mask[0]=0x7ffbfeff, sa_flags=0x10000004
SIGUSR1: SIG_DFL, sa_mask[0]=0x00000000, sa_flags=0x00000000
SIGUSR2: [libjvm.so+0x648730], sa_mask[0]=0x00000004, sa_flags=0x10000004
SIGHUP: [libjvm.so+0x64b250], sa_mask[0]=0x7ffbfeff, sa_flags=0x10000004
SIGINT: [libjvm.so+0x64b250], sa_mask[0]=0x7ffbfeff, sa_flags=0x10000004
SIGTERM: [libjvm.so+0x64b250], sa_mask[0]=0x7ffbfeff, sa_flags=0x10000004
SIGQUIT: [libjvm.so+0x64b250], sa_mask[0]=0x7ffbfeff, sa_flags=0x10000004


---------------  S Y S T E M  ---------------

OS:Ubuntu 12.04 (precise)
uname:Linux 3.2.0-32-generic #51-Ubuntu SMP Wed Sep 26 21:33:09 UTC 2012 x86_64
libc:glibc 2.15 NPTL 2.15 
rlimit: STACK 8192k, CORE 0k, NPROC 59545, NOFILE 4096, AS infinity
load average:2.33 2.62 2.22

/proc/meminfo:
MemTotal:        7639648 kB
MemFree:         4063552 kB
Buffers:          106496 kB
Cached:          1117072 kB
SwapCached:            0 kB
Active:          2405476 kB
Inactive:         692648 kB
Active(anon):    1875388 kB
Inactive(anon):    15000 kB
Active(file):     530088 kB
Inactive(file):   677648 kB
Unevictable:          20 kB
Mlocked:              20 kB
SwapTotal:       3818492 kB
SwapFree:        3818492 kB
Dirty:                96 kB
Writeback:             0 kB
AnonPages:       1874628 kB
Mapped:           328572 kB
Shmem:             15832 kB
Slab:              93688 kB
SReclaimable:      61656 kB
SUnreclaim:        32032 kB
KernelStack:        5040 kB
PageTables:        38388 kB
NFS_Unstable:          0 kB
Bounce:                0 kB
WritebackTmp:          0 kB
CommitLimit:     7638316 kB
Committed_AS:    5169344 kB
VmallocTotal:   34359738367 kB
VmallocUsed:      116912 kB
VmallocChunk:   34359619344 kB
HardwareCorrupted:     0 kB
AnonHugePages:         0 kB
HugePages_Total:       0
HugePages_Free:        0
HugePages_Rsvd:        0
HugePages_Surp:        0
Hugepagesize:       2048 kB
DirectMap4k:      256000 kB
DirectMap2M:     5490688 kB
DirectMap1G:     2097152 kB


CPU:total 4 (4 cores per cpu, 1 threads per core) family 18 model 1 stepping 0, cmov, cx8, fxsr, mmx, sse, sse2, sse3, popcnt, mmxext, 3dnowpref, lzcnt, sse4a

Memory: 4k page, physical 7639648k(4063552k free), swap 3818492k(3818492k free)

vm_info: OpenJDK 64-Bit Server VM (20.0-b12) for linux-amd64 JRE (1.6.0_24-b24), built on Sep  2 2012 19:50:47 by "buildd" with gcc 4.6.3

time: Sat Oct 13 17:04:06 2012
elapsed time: 151 seconds

