#
# A fatal error has been detected by the Java Runtime Environment:
#
#  SIGSEGV (0xb) at pc=0x00007fe9830bdc58, pid=12542, tid=140640988292864
#
# JRE version: 6.0_24-b24
# Java VM: OpenJDK 64-Bit Server VM (20.0-b12 mixed mode linux-amd64 compressed oops)
# Derivative: IcedTea6 1.11.4
# Distribution: Ubuntu 12.04 LTS, package 6b24-1.11.4-1ubuntu0.12.04.1
# Problematic frame:
# C  [libX11.so.6+0x33c58]  XQueryExtension+0x28
#
# If you would like to submit a bug report, please include
# instructions how to reproduce the bug and visit:
#   https://bugs.launchpad.net/ubuntu/+source/openjdk-6/
# The crash happened outside the Java Virtual Machine in native code.
# See problematic frame for where to report the bug.
#

---------------  T H R E A D  ---------------

Current thread (0x00007fe98c0a5000):  JavaThread "JDWP Transport Listener: dt_socket" daemon [_thread_in_native, id=12558, stack(0x00007fe98815e000,0x00007fe98825f000)]

siginfo:si_signo=SIGSEGV: si_errno=0, si_code=1 (SEGV_MAPERR), si_addr=0xffffffff8c2432f8

Registers:
RAX=0x00007fe960001d10, RBX=0xffffffff8c242990, RCX=0x00007fe98825d548, RDX=0x00007fe98825d544
RSP=0x00007fe98825d4e0, RBP=0x00007fe98103b932, RSI=0x00007fe98103b932, RDI=0xffffffff8c242990
R8 =0x00007fe98825d54c, R9 =0x0000000000000000, R10=0x00007fe994006fa8, R11=0x00007fe993c86ca0
R12=0x0000000000000000, R13=0x00007fe98103b932, R14=0x00007fe960001d10, R15=0x0000000000000000
RIP=0x00007fe9830bdc58, EFLAGS=0x0000000000010202, CSGSFS=0x0000000000000033, ERR=0x0000000000000005
  TRAPNO=0x000000000000000e

Top of Stack: (sp=0x00007fe98825d4e0)
0x00007fe98825d4e0:   00007fe993c59790 00007fe9948359e8
0x00007fe98825d4f0:   00007fe993a163a8 0000000000000000
0x00007fe98825d500:   00000000ffffffff ffffffff8c242990
0x00007fe98825d510:   00007fe98103b932 0000000000000000
0x00007fe98825d520:   00007fe98103b932 00007fe960001d10
0x00007fe98825d530:   0000000000000000 00007fe9830b1c55
0x00007fe98825d540:   00007fe994853048 00007fe981174520
0x00007fe98825d550:   00007fe981174520 ffffffff8c242990
0x00007fe98825d560:   00007fe98c1c6430 00007fe9833cb02b
0x00007fe98825d570:   00007fe993c59790 000000110000002f
0x00007fe98825d580:   00007fe98825d600 0000000000000000
0x00007fe98825d590:   00007fe98825d600 ffffffff8c242990
0x00007fe98825d5a0:   0000000000000000 00007fe994853048
0x00007fe98825d5b0:   00007fe98118dd50 00007fe980fe2119
0x00007fe98825d5c0:   0000000000000000 000000000000002f
0x00007fe98825d5d0:   00007fe98825d600 00007fe98825d620
0x00007fe98825d5e0:   0000000000000000 00007fe994853048
0x00007fe98825d5f0:   00007fe98c2424f0 00007fe980fd8b42
0x00007fe98825d600:   00007fe98825d810 00007fe98103b8b1
0x00007fe98825d610:   00007fe98825d810 00007fe99463f92d
0x00007fe98825d620:   00007fe9948542c8 00007fe994854858
0x00007fe98825d630:   00007fe994835000 00007fe98c004060
0x00007fe98825d640:   00007fe98c004780 00007fe98c009040
0x00007fe98825d650:   00007fe98c009b50 00007fe98c0094f0
0x00007fe98825d660:   00007fe98c00a050 00007fe98c00ed30
0x00007fe98825d670:   00007fe98c09d330 00007fe98c187350
0x00007fe98825d680:   00007fe98c187830 00007fe994834000
0x00007fe98825d690:   00007fe98c23f0a0 00007fe98c2393f0
0x00007fe98825d6a0:   00007fe98c239890 00007fe98c23f570
0x00007fe98825d6b0:   00007fe98c23fa10 00007fe98c23feb0
0x00007fe98825d6c0:   00007fe98c128440 00007fe98c131be0
0x00007fe98825d6d0:   00007fe98c0025e0 00007fe98c001ec0 

Instructions: (pc=0x00007fe9830bdc58)
0x00007fe9830bdc38:   24 d8 48 89 fb 4c 89 64 24 e0 4c 89 6c 24 e8 48
0x00007fe9830bdc48:   89 f5 4c 89 74 24 f0 4c 89 7c 24 f8 48 83 ec 58
0x00007fe9830bdc58:   48 8b 87 68 09 00 00 49 89 d4 49 89 cd 4d 89 c6
0x00007fe9830bdc68:   48 85 c0 74 02 ff 10 ba 08 00 00 00 be 62 00 00 

Register to memory mapping:

RAX=0x00007fe960001d10 is an unknown value
RBX=0xffffffff8c242990 is an unknown value
RCX=0x00007fe98825d548 is pointing into the stack for thread: 0x00007fe98c0a5000
RDX=0x00007fe98825d544 is pointing into the stack for thread: 0x00007fe98c0a5000
RSP=0x00007fe98825d4e0 is pointing into the stack for thread: 0x00007fe98c0a5000
RBP=0x00007fe98103b932: <offset 0x96932> in /usr/lib/fglrx/libGL.so.1 at 0x00007fe980fa5000
RSI=0x00007fe98103b932: <offset 0x96932> in /usr/lib/fglrx/libGL.so.1 at 0x00007fe980fa5000
RDI=0xffffffff8c242990 is an unknown value
R8 =0x00007fe98825d54c is pointing into the stack for thread: 0x00007fe98c0a5000
R9 =0x0000000000000000 is an unknown value
R10=0x00007fe994006fa8: <offset 0x3bbfa8> in /lib/x86_64-linux-gnu/libc.so.6 at 0x00007fe993c4b000
R11=0x00007fe993c86ca0: __cxa_finalize+0 in /lib/x86_64-linux-gnu/libc.so.6 at 0x00007fe993c4b000
R12=0x0000000000000000 is an unknown value
R13=0x00007fe98103b932: <offset 0x96932> in /usr/lib/fglrx/libGL.so.1 at 0x00007fe980fa5000
R14=0x00007fe960001d10 is an unknown value
R15=0x0000000000000000 is an unknown value


Stack: [0x00007fe98815e000,0x00007fe98825f000],  sp=0x00007fe98825d4e0,  free space=1021k
Native frames: (J=compiled Java code, j=interpreted, Vv=VM code, C=native code)
C  [libX11.so.6+0x33c58]  XQueryExtension+0x28


---------------  P R O C E S S  ---------------

Java Threads: ( => current thread )
  0x00007fe958004800 JavaThread "Thread-0" [_thread_blocked, id=12610, stack(0x00007fe97952e000,0x00007fe97962f000)]
  0x00007fe95c001000 JavaThread "SIGTERM handler" daemon [_thread_blocked, id=12607, stack(0x00007fe983eff000,0x00007fe984000000)]
  0x00007fe98cb0f800 JavaThread "Thread-2" daemon [_thread_blocked, id=12578, stack(0x00007fe98029e000,0x00007fe98039f000)]
  0x00007fe98c23e000 JavaThread "AWT-XAWT" daemon [_thread_in_native, id=12573, stack(0x00007fe981900000,0x00007fe981a01000)]
  0x00007fe98c199000 JavaThread "Java2D Disposer" daemon [_thread_blocked, id=12572, stack(0x00007fe981e6b000,0x00007fe981f6c000)]
  0x00007fe98c0b0000 JavaThread "Low Memory Detector" daemon [_thread_blocked, id=12566, stack(0x00007fe983bfc000,0x00007fe983cfd000)]
  0x00007fe98c0ad800 JavaThread "C2 CompilerThread1" daemon [_thread_blocked, id=12565, stack(0x00007fe983cfd000,0x00007fe983dfe000)]
  0x00007fe98c0ab000 JavaThread "C2 CompilerThread0" daemon [_thread_blocked, id=12564, stack(0x00007fe983dfe000,0x00007fe983eff000)]
  0x00007fe98c0a8800 JavaThread "JDWP Event Helper Thread" daemon [_thread_blocked, id=12561, stack(0x00007fe98805d000,0x00007fe98815e000)]
=>0x00007fe98c0a5000 JavaThread "JDWP Transport Listener: dt_socket" daemon [_thread_in_native, id=12558, stack(0x00007fe98815e000,0x00007fe98825f000)]
  0x00007fe98c08c800 JavaThread "Signal Dispatcher" daemon [_thread_blocked, id=12556, stack(0x00007fe988464000,0x00007fe988565000)]
  0x00007fe98c07b000 JavaThread "Finalizer" daemon [_thread_blocked, id=12555, stack(0x00007fe988565000,0x00007fe988666000)]
  0x00007fe98c079000 JavaThread "Reference Handler" daemon [_thread_blocked, id=12554, stack(0x00007fe988666000,0x00007fe988767000)]
  0x00007fe98c00b000 JavaThread "main" [_thread_in_native, id=12547, stack(0x00007fe994730000,0x00007fe994831000)]

Other Threads:
  0x00007fe98c072800 VMThread [stack: 0x00007fe988767000,0x00007fe988868000] [id=12553]
  0x00007fe98c0ba800 WatcherThread [stack: 0x00007fe983afb000,0x00007fe983bfc000] [id=12567]

VM state:not at safepoint (normal execution)

VM Mutex/Monitor currently owned by a thread: None

Heap
 PSYoungGen      total 34880K, used 22914K [0x00000000d9200000, 0x00000000db8e0000, 0x0000000100000000)
  eden space 29952K, 76% used [0x00000000d9200000,0x00000000da860bf8,0x00000000daf40000)
  from space 4928K, 0% used [0x00000000db410000,0x00000000db410000,0x00000000db8e0000)
  to   space 4928K, 0% used [0x00000000daf40000,0x00000000daf40000,0x00000000db410000)
 PSOldGen        total 79616K, used 0K [0x000000008b600000, 0x00000000903c0000, 0x00000000d9200000)
  object space 79616K, 0% used [0x000000008b600000,0x000000008b600000,0x00000000903c0000)
 PSPermGen       total 21248K, used 11436K [0x0000000081000000, 0x00000000824c0000, 0x000000008b600000)
  object space 21248K, 53% used [0x0000000081000000,0x0000000081b2b170,0x00000000824c0000)

Code Cache  [0x00007fe989000000, 0x00007fe989270000, 0x00007fe98c000000)
 total_blobs=619 nmethods=147 adapters=434 free_code_cache=49454848 largest_free_block=33280

Dynamic libraries:
00400000-00409000 r-xp 00000000 08:03 18618890                           /usr/lib/jvm/java-6-openjdk-amd64/jre/bin/java
00608000-00609000 r--p 00008000 08:03 18618890                           /usr/lib/jvm/java-6-openjdk-amd64/jre/bin/java
00609000-0060a000 rw-p 00009000 08:03 18618890                           /usr/lib/jvm/java-6-openjdk-amd64/jre/bin/java
0093b000-0095c000 rw-p 00000000 00:00 0                                  [heap]
81000000-824c0000 rw-p 00000000 00:00 0 
824c0000-8b600000 rw-p 00000000 00:00 0 
8b600000-903c0000 rw-p 00000000 00:00 0 
903c0000-d9200000 rw-p 00000000 00:00 0 
d9200000-db8e0000 rw-p 00000000 00:00 0 
db8e0000-100000000 rw-p 00000000 00:00 0 
7fe92c000000-7fe92c021000 rw-p 00000000 00:00 0 
7fe92c021000-7fe930000000 ---p 00000000 00:00 0 
7fe934000000-7fe934021000 rw-p 00000000 00:00 0 
7fe934021000-7fe938000000 ---p 00000000 00:00 0 
7fe938000000-7fe938021000 rw-p 00000000 00:00 0 
7fe938021000-7fe93c000000 ---p 00000000 00:00 0 
7fe93c000000-7fe93c021000 rw-p 00000000 00:00 0 
7fe93c021000-7fe940000000 ---p 00000000 00:00 0 
7fe940000000-7fe940021000 rw-p 00000000 00:00 0 
7fe940021000-7fe944000000 ---p 00000000 00:00 0 
7fe944000000-7fe944021000 rw-p 00000000 00:00 0 
7fe944021000-7fe948000000 ---p 00000000 00:00 0 
7fe948000000-7fe948021000 rw-p 00000000 00:00 0 
7fe948021000-7fe94c000000 ---p 00000000 00:00 0 
7fe94c000000-7fe94c545000 rw-p 00000000 00:00 0 
7fe94c545000-7fe950000000 ---p 00000000 00:00 0 
7fe950000000-7fe950f73000 rw-p 00000000 00:00 0 
7fe950f73000-7fe954000000 ---p 00000000 00:00 0 
7fe954000000-7fe954021000 rw-p 00000000 00:00 0 
7fe954021000-7fe958000000 ---p 00000000 00:00 0 
7fe958000000-7fe958021000 rw-p 00000000 00:00 0 
7fe958021000-7fe95c000000 ---p 00000000 00:00 0 
7fe95c000000-7fe95c021000 rw-p 00000000 00:00 0 
7fe95c021000-7fe960000000 ---p 00000000 00:00 0 
7fe960000000-7fe960021000 rw-p 00000000 00:00 0 
7fe960021000-7fe964000000 ---p 00000000 00:00 0 
7fe964000000-7fe964021000 rw-p 00000000 00:00 0 
7fe964021000-7fe968000000 ---p 00000000 00:00 0 
7fe968000000-7fe968021000 rw-p 00000000 00:00 0 
7fe968021000-7fe96c000000 ---p 00000000 00:00 0 
7fe96c000000-7fe96c021000 rw-p 00000000 00:00 0 
7fe96c021000-7fe970000000 ---p 00000000 00:00 0 
7fe970000000-7fe970021000 rw-p 00000000 00:00 0 
7fe970021000-7fe974000000 ---p 00000000 00:00 0 
7fe974000000-7fe974021000 rw-p 00000000 00:00 0 
7fe974021000-7fe978000000 ---p 00000000 00:00 0 
7fe97952e000-7fe979531000 ---p 00000000 00:00 0 
7fe979531000-7fe97962f000 rw-p 00000000 00:00 0 
7fe97962f000-7fe97982f000 rw-s ea9a9000 00:05 10225                      /dev/ati/card0
7fe97982f000-7fe97992f000 rw-s 2d4a0000 00:05 10225                      /dev/ati/card0
7fe97992f000-7fe979932000 ---p 00000000 00:00 0 
7fe979932000-7fe979a30000 rw-p 00000000 00:00 0 
7fe979a30000-7fe979b30000 rw-s 2d4a4000 00:05 10225                      /dev/ati/card0
7fe979b30000-7fe979d32000 rw-p 00000000 00:00 0 
7fe979d32000-7fe97bc8c000 r-xp 00000000 08:03 19009510                   /usr/lib/fglrx/dri/fglrx_dri.so
7fe97bc8c000-7fe97bd8c000 ---p 01f5a000 08:03 19009510                   /usr/lib/fglrx/dri/fglrx_dri.so
7fe97bd8c000-7fe97beda000 rwxp 01f5a000 08:03 19009510                   /usr/lib/fglrx/dri/fglrx_dri.so
7fe97beda000-7fe97c000000 rwxp 00000000 00:00 0 
7fe97c000000-7fe97c021000 rw-p 00000000 00:00 0 
7fe97c021000-7fe980000000 ---p 00000000 00:00 0 
7fe98009a000-7fe98009d000 ---p 00000000 00:00 0 
7fe98009d000-7fe98019b000 rw-p 00000000 00:00 0 
7fe98019b000-7fe98019e000 r-xp 00000000 08:03 15602613                   /home/arwilczek90/workspace/Elements/lib/slick/libjinput-linux64.so
7fe98019e000-7fe98029d000 ---p 00003000 08:03 15602613                   /home/arwilczek90/workspace/Elements/lib/slick/libjinput-linux64.so
7fe98029d000-7fe98029e000 rw-p 00002000 08:03 15602613                   /home/arwilczek90/workspace/Elements/lib/slick/libjinput-linux64.so
7fe98029e000-7fe9802a1000 ---p 00000000 00:00 0 
7fe9802a1000-7fe98039f000 rw-p 00000000 00:00 0 
7fe98039f000-7fe9803a4000 r--s 0002f000 08:03 15598498                   /home/arwilczek90/workspace/Elements/lib/slick/lib/jinput.jar
7fe9803a4000-7fe9803a6000 r--s 00008000 08:03 15598497                   /home/arwilczek90/workspace/Elements/lib/slick/lib/ibxm.jar
7fe9803a6000-7fe9803a9000 r--s 0005b000 08:03 15598496                   /home/arwilczek90/workspace/Elements/lib/slick/lib/hiero.jar
7fe9803a9000-7fe9803aa000 r--s 00007000 08:03 15597697                   /home/arwilczek90/workspace/Elements/lib/slick/applet/lwjgl_util_applet.jar
7fe9803aa000-7fe9803ea000 rw-s 0002a000 00:05 10225                      /dev/ati/card0
7fe9803ea000-7fe980aea000 rw-s 00006000 00:05 10225                      /dev/ati/card0
7fe980aea000-7fe980aec000 r-xp 00000000 08:03 18488267                   /usr/lib/x86_64-linux-gnu/libXinerama.so.1.0.0
7fe980aec000-7fe980ceb000 ---p 00002000 08:03 18488267                   /usr/lib/x86_64-linux-gnu/libXinerama.so.1.0.0
7fe980ceb000-7fe980cec000 r--p 00001000 08:03 18488267                   /usr/lib/x86_64-linux-gnu/libXinerama.so.1.0.0
7fe980cec000-7fe980ced000 rw-p 00002000 08:03 18488267                   /usr/lib/x86_64-linux-gnu/libXinerama.so.1.0.0
7fe980ced000-7fe980d28000 r-xp 00000000 08:03 19009508                   /usr/lib/fglrx/libatiadlxx.so
7fe980d28000-7fe980e28000 ---p 0003b000 08:03 19009508                   /usr/lib/fglrx/libatiadlxx.so
7fe980e28000-7fe980e31000 rw-p 0003b000 08:03 19009508                   /usr/lib/fglrx/libatiadlxx.so
7fe980e31000-7fe980e42000 rw-p 00000000 00:00 0 
7fe980e5c000-7fe980e9c000 rw-s f0300000 00:05 10225                      /dev/ati/card0
7fe980e9c000-7fe980ea3000 r-xp 00000000 08:03 19009532                   /usr/lib/fglrx/libatiuki.so.1.0
7fe980ea3000-7fe980fa3000 ---p 00007000 08:03 19009532                   /usr/lib/fglrx/libatiuki.so.1.0
7fe980fa3000-7fe980fa4000 rw-p 00007000 08:03 19009532                   /usr/lib/fglrx/libatiuki.so.1.0
7fe980fa4000-7fe980fa5000 rw-p 00000000 00:00 0 
7fe980fa5000-7fe981068000 r-xp 00000000 08:03 19009512                   /usr/lib/fglrx/libGL.so.1.2
7fe981068000-7fe981167000 ---p 000c3000 08:03 19009512                   /usr/lib/fglrx/libGL.so.1.2
7fe981167000-7fe98118e000 rwxp 000c2000 08:03 19009512                   /usr/lib/fglrx/libGL.so.1.2
7fe98118e000-7fe9811ae000 rwxp 00000000 00:00 0 
7fe9811ae000-7fe9811af000 r-xp 00000000 08:03 18618886                   /usr/lib/jvm/java-6-openjdk-amd64/jre/lib/amd64/libjawt.so
7fe9811af000-7fe9813ae000 ---p 00001000 08:03 18618886                   /usr/lib/jvm/java-6-openjdk-amd64/jre/lib/amd64/libjawt.so
7fe9813ae000-7fe9813af000 r--p 00000000 08:03 18618886                   /usr/lib/jvm/java-6-openjdk-amd64/jre/lib/amd64/libjawt.so
7fe9813af000-7fe9813b0000 rw-p 00001000 08:03 18618886                   /usr/lib/jvm/java-6-openjdk-amd64/jre/lib/amd64/libjawt.so
7fe9813b0000-7fe9813b4000 r-xp 00000000 08:03 18488287                   /usr/lib/x86_64-linux-gnu/libXxf86vm.so.1.0.0
7fe9813b4000-7fe9815b3000 ---p 00004000 08:03 18488287                   /usr/lib/x86_64-linux-gnu/libXxf86vm.so.1.0.0
7fe9815b3000-7fe9815b4000 r--p 00003000 08:03 18488287                   /usr/lib/x86_64-linux-gnu/libXxf86vm.so.1.0.0
7fe9815b4000-7fe9815b5000 rw-p 00004000 08:03 18488287                   /usr/lib/x86_64-linux-gnu/libXxf86vm.so.1.0.0
7fe9815b5000-7fe9815bd000 r-xp 00000000 08:03 18488277                   /usr/lib/x86_64-linux-gnu/libXrandr.so.2.2.0
7fe9815bd000-7fe9817bc000 ---p 00008000 08:03 18488277                   /usr/lib/x86_64-linux-gnu/libXrandr.so.2.2.0
7fe9817bc000-7fe9817bd000 r--p 00007000 08:03 18488277                   /usr/lib/x86_64-linux-gnu/libXrandr.so.2.2.0
7fe9817bd000-7fe9817be000 rw-p 00008000 08:03 18488277                   /usr/lib/x86_64-linux-gnu/libXrandr.so.2.2.0
7fe9817be000-7fe9817fe000 r-xp 00000000 08:03 15602617                   /home/arwilczek90/workspace/Elements/lib/slick/liblwjgl64.so
7fe9817fe000-7fe9818fe000 ---p 00040000 08:03 15602617                   /home/arwilczek90/workspace/Elements/lib/slick/liblwjgl64.so
7fe9818fe000-7fe981900000 rw-p 00040000 08:03 15602617                   /home/arwilczek90/workspace/Elements/lib/slick/liblwjgl64.so
7fe981900000-7fe981903000 ---p 00000000 00:00 0 
7fe981903000-7fe981a01000 rw-p 00000000 00:00 0 
7fe981a01000-7fe981a02000 r--s 00000000 08:03 19927127                   /var/cache/fontconfig/c05880de57d1f5e948fdfacc138775d9-le64.cache-3
7fe981a02000-7fe981a0b000 r--s 00000000 08:03 19927122                   /var/cache/fontconfig/945677eb7aeaf62f1d50efc3fb3ec7d8-le64.cache-3
7fe981a19000-7fe981a1b000 r--s 00015000 08:03 15598514                   /home/arwilczek90/workspace/Elements/lib/slick/lib/tinylinepp.jar
7fe981a1b000-7fe981a1e000 r--s 00015000 08:03 15598512                   /home/arwilczek90/workspace/Elements/lib/slick/lib/slick-util.jar
7fe981a1e000-7fe981a26000 r--s 00067000 08:03 15598510                   /home/arwilczek90/workspace/Elements/lib/slick/lib/slick-sources.jar
7fe981a26000-7fe981a27000 r--s 00000000 08:03 15598509                   /home/arwilczek90/workspace/Elements/lib/slick/lib/slick-examples.jar
7fe981a27000-7fe981a28000 r--s 00003000 08:03 15598508                   /home/arwilczek90/workspace/Elements/lib/slick/lib/scalar.jar
7fe981a28000-7fe981a2b000 r--s 00017000 08:03 15598507                   /home/arwilczek90/workspace/Elements/lib/slick/lib/pedigree.jar
7fe981a2b000-7fe981a36000 r--s 00093000 08:03 15598513                   /home/arwilczek90/workspace/Elements/lib/slick/lib/slick.jar
7fe981a36000-7fe981a38000 r--s 00004000 08:03 15598506                   /home/arwilczek90/workspace/Elements/lib/slick/lib/packulike.jar
7fe981a38000-7fe981a3a000 r--s 00033000 08:03 15598504                   /home/arwilczek90/workspace/Elements/lib/slick/lib/natives-mac.jar
7fe981a3a000-7fe981a3f000 r-xp 00000000 08:03 18488261                   /usr/lib/x86_64-linux-gnu/libXfixes.so.3.1.0
7fe981a3f000-7fe981c3e000 ---p 00005000 08:03 18488261                   /usr/lib/x86_64-linux-gnu/libXfixes.so.3.1.0
7fe981c3e000-7fe981c3f000 r--p 00004000 08:03 18488261                   /usr/lib/x86_64-linux-gnu/libXfixes.so.3.1.0
7fe981c3f000-7fe981c40000 rw-p 00005000 08:03 18488261                   /usr/lib/x86_64-linux-gnu/libXfixes.so.3.1.0
7fe981c40000-7fe981c49000 r-xp 00000000 08:03 18488253                   /usr/lib/x86_64-linux-gnu/libXcursor.so.1.0.2
7fe981c49000-7fe981e48000 ---p 00009000 08:03 18488253                   /usr/lib/x86_64-linux-gnu/libXcursor.so.1.0.2
7fe981e48000-7fe981e49000 r--p 00008000 08:03 18488253                   /usr/lib/x86_64-linux-gnu/libXcursor.so.1.0.2
7fe981e49000-7fe981e4a000 rw-p 00009000 08:03 18488253                   /usr/lib/x86_64-linux-gnu/libXcursor.so.1.0.2
7fe981e4a000-7fe981e4b000 r--s 00043000 08:03 15598505                   /home/arwilczek90/workspace/Elements/lib/slick/lib/natives-win32.jar
7fe981e4b000-7fe981e4c000 r--s 0003d000 08:03 15598503                   /home/arwilczek90/workspace/Elements/lib/slick/lib/natives-linux.jar
7fe981e4c000-7fe981e53000 r--s 00073000 08:03 15598502                   /home/arwilczek90/workspace/Elements/lib/slick/lib/lwjgl.jar
7fe981e53000-7fe981e55000 r--s 0000d000 08:03 15598501                   /home/arwilczek90/workspace/Elements/lib/slick/lib/jorbis-0.0.15.jar
7fe981e55000-7fe981e56000 r--s 00001000 08:03 15598500                   /home/arwilczek90/workspace/Elements/lib/slick/lib/jogg-0.0.7.jar
7fe981e56000-7fe981e57000 r--s 00001000 08:03 15598499                   /home/arwilczek90/workspace/Elements/lib/slick/lib/jnlp.jar
7fe981e57000-7fe981e59000 rw-s 00002000 00:05 10225                      /dev/ati/card0
7fe981e59000-7fe981e64000 r--s 00093000 08:03 15597692                   /home/arwilczek90/workspace/Elements/lib/slick.jar
7fe981e64000-7fe981e6b000 r--s 000fb000 08:03 18618812                   /usr/lib/jvm/java-6-openjdk-common/jre/lib/resources.jar
7fe981e6b000-7fe981e6e000 ---p 00000000 00:00 0 
7fe981e6e000-7fe981f6c000 rw-p 00000000 00:00 0 
7fe981f6c000-7fe982002000 r-xp 00000000 08:03 18488439                   /usr/lib/x86_64-linux-gnu/libfreetype.so.6.8.0
7fe982002000-7fe982201000 ---p 00096000 08:03 18488439                   /usr/lib/x86_64-linux-gnu/libfreetype.so.6.8.0
7fe982201000-7fe982207000 r--p 00095000 08:03 18488439                   /usr/lib/x86_64-linux-gnu/libfreetype.so.6.8.0
7fe982207000-7fe982208000 rw-p 0009b000 08:03 18488439                   /usr/lib/x86_64-linux-gnu/libfreetype.so.6.8.0
7fe982208000-7fe982242000 r-xp 00000000 08:03 18618871                   /usr/lib/jvm/java-6-openjdk-amd64/jre/lib/amd64/libfontmanager.so
7fe982242000-7fe982441000 ---p 0003a000 08:03 18618871                   /usr/lib/jvm/java-6-openjdk-amd64/jre/lib/amd64/libfontmanager.so
7fe982441000-7fe982443000 r--p 00039000 08:03 18618871                   /usr/lib/jvm/java-6-openjdk-amd64/jre/lib/amd64/libfontmanager.so
7fe982443000-7fe982444000 rw-p 0003b000 08:03 18618871                   /usr/lib/jvm/java-6-openjdk-amd64/jre/lib/amd64/libfontmanager.so
7fe982444000-7fe982449000 r-xp 00000000 08:03 18488257                   /usr/lib/x86_64-linux-gnu/libXdmcp.so.6.0.0
7fe982449000-7fe982648000 ---p 00005000 08:03 18488257                   /usr/lib/x86_64-linux-gnu/libXdmcp.so.6.0.0
7fe982648000-7fe982649000 r--p 00004000 08:03 18488257                   /usr/lib/x86_64-linux-gnu/libXdmcp.so.6.0.0
7fe982649000-7fe98264a000 rw-p 00005000 08:03 18488257                   /usr/lib/x86_64-linux-gnu/libXdmcp.so.6.0.0
7fe98264a000-7fe98264c000 r-xp 00000000 08:03 18488246                   /usr/lib/x86_64-linux-gnu/libXau.so.6.0.0
7fe98264c000-7fe98284b000 ---p 00002000 08:03 18488246                   /usr/lib/x86_64-linux-gnu/libXau.so.6.0.0
7fe98284b000-7fe98284c000 r--p 00001000 08:03 18488246                   /usr/lib/x86_64-linux-gnu/libXau.so.6.0.0
7fe98284c000-7fe98284d000 rw-p 00002000 08:03 18488246                   /usr/lib/x86_64-linux-gnu/libXau.so.6.0.0
7fe98284d000-7fe98286a000 r-xp 00000000 08:03 18488845                   /usr/lib/x86_64-linux-gnu/libxcb.so.1.1.0
7fe98286a000-7fe982a69000 ---p 0001d000 08:03 18488845                   /usr/lib/x86_64-linux-gnu/libxcb.so.1.1.0
7fe982a69000-7fe982a6a000 r--p 0001c000 08:03 18488845                   /usr/lib/x86_64-linux-gnu/libxcb.so.1.1.0
7fe982a6a000-7fe982a6b000 rw-p 0001d000 08:03 18488845                   /usr/lib/x86_64-linux-gnu/libxcb.so.1.1.0
7fe982a6b000-7fe982a79000 r-xp 00000000 08:03 18488265                   /usr/lib/x86_64-linux-gnu/libXi.so.6.1.0
7fe982a79000-7fe982c78000 ---p 0000e000 08:03 18488265                   /usr/lib/x86_64-linux-gnu/libXi.so.6.1.0
7fe982c78000-7fe982c79000 r--p 0000d000 08:03 18488265                   /usr/lib/x86_64-linux-gnu/libXi.so.6.1.0
7fe982c79000-7fe982c7a000 rw-p 0000e000 08:03 18488265                   /usr/lib/x86_64-linux-gnu/libXi.so.6.1.0
7fe982c7a000-7fe982c7f000 r-xp 00000000 08:03 18488283                   /usr/lib/x86_64-linux-gnu/libXtst.so.6.1.0
7fe982c7f000-7fe982e7e000 ---p 00005000 08:03 18488283                   /usr/lib/x86_64-linux-gnu/libXtst.so.6.1.0
7fe982e7e000-7fe982e7f000 r--p 00004000 08:03 18488283                   /usr/lib/x86_64-linux-gnu/libXtst.so.6.1.0
7fe982e7f000-7fe982e80000 rw-p 00005000 08:03 18488283                   /usr/lib/x86_64-linux-gnu/libXtst.so.6.1.0
7fe982e80000-7fe982e89000 r-xp 00000000 08:03 18488279                   /usr/lib/x86_64-linux-gnu/libXrender.so.1.3.0
7fe982e89000-7fe983088000 ---p 00009000 08:03 18488279                   /usr/lib/x86_64-linux-gnu/libXrender.so.1.3.0
7fe983088000-7fe983089000 r--p 00008000 08:03 18488279                   /usr/lib/x86_64-linux-gnu/libXrender.so.1.3.0
7fe983089000-7fe98308a000 rw-p 00009000 08:03 18488279                   /usr/lib/x86_64-linux-gnu/libXrender.so.1.3.0
7fe98308a000-7fe9831b9000 r-xp 00000000 08:03 18488244                   /usr/lib/x86_64-linux-gnu/libX11.so.6.3.0
7fe9831b9000-7fe9833b9000 ---p 0012f000 08:03 18488244                   /usr/lib/x86_64-linux-gnu/libX11.so.6.3.0
7fe9833b9000-7fe9833ba000 r--p 0012f000 08:03 18488244                   /usr/lib/x86_64-linux-gnu/libX11.so.6.3.0
7fe9833ba000-7fe9833be000 rw-p 00130000 08:03 18488244                   /usr/lib/x86_64-linux-gnu/libX11.so.6.3.0
7fe9833be000-7fe9833ce000 r-xp 00000000 08:03 18488259                   /usr/lib/x86_64-linux-gnu/libXext.so.6.4.0
7fe9833ce000-7fe9835cd000 ---p 00010000 08:03 18488259                   /usr/lib/x86_64-linux-gnu/libXext.so.6.4.0
7fe9835cd000-7fe9835ce000 r--p 0000f000 08:03 18488259                   /usr/lib/x86_64-linux-gnu/libXext.so.6.4.0
7fe9835ce000-7fe9835cf000 rw-p 00010000 08:03 18488259                   /usr/lib/x86_64-linux-gnu/libXext.so.6.4.0
7fe9835cf000-7fe98361a000 r-xp 00000000 08:03 18618972                   /usr/lib/jvm/java-6-openjdk-amd64/jre/lib/amd64/xawt/libmawt.so
7fe98361a000-7fe98381a000 ---p 0004b000 08:03 18618972                   /usr/lib/jvm/java-6-openjdk-amd64/jre/lib/amd64/xawt/libmawt.so
7fe98381a000-7fe98381b000 r--p 0004b000 08:03 18618972                   /usr/lib/jvm/java-6-openjdk-amd64/jre/lib/amd64/xawt/libmawt.so
7fe98381b000-7fe98381e000 rw-p 0004c000 08:03 18618972                   /usr/lib/jvm/java-6-openjdk-amd64/jre/lib/amd64/xawt/libmawt.so
7fe98381e000-7fe98381f000 rw-p 00000000 00:00 0 
7fe98381f000-7fe9838cb000 r-xp 00000000 08:03 18618874                   /usr/lib/jvm/java-6-openjdk-amd64/jre/lib/amd64/libawt.so
7fe9838cb000-7fe983aca000 ---p 000ac000 08:03 18618874                   /usr/lib/jvm/java-6-openjdk-amd64/jre/lib/amd64/libawt.so
7fe983aca000-7fe983acb000 r--p 000ab000 08:03 18618874                   /usr/lib/jvm/java-6-openjdk-amd64/jre/lib/amd64/libawt.so
7fe983acb000-7fe983ad6000 rw-p 000ac000 08:03 18618874                   /usr/lib/jvm/java-6-openjdk-amd64/jre/lib/amd64/libawt.so
7fe983ad6000-7fe983afb000 rw-p 00000000 00:00 0 
7fe983afb000-7fe983afc000 ---p 00000000 00:00 0 
7fe983afc000-7fe983bfc000 rw-p 00000000 00:00 0 
7fe983bfc000-7fe983bff000 ---p 00000000 00:00 0 
7fe983bff000-7fe983cfd000 rw-p 00000000 00:00 0 
7fe983cfd000-7fe983d00000 ---p 00000000 00:00 0 
7fe983d00000-7fe983dfe000 rw-p 00000000 00:00 0 
7fe983dfe000-7fe983e01000 ---p 00000000 00:00 0 
7fe983e01000-7fe983eff000 rw-p 00000000 00:00 0 
7fe983eff000-7fe983f02000 ---p 00000000 00:00 0 
7fe983f02000-7fe984000000 rw-p 00000000 00:00 0 
7fe984000000-7fe984021000 rw-p 00000000 00:00 0 
7fe984021000-7fe988000000 ---p 00000000 00:00 0 
7fe988000000-7fe988002000 r--s 00000000 08:03 19927123                   /var/cache/fontconfig/99e8ed0e538f840c565b6ed5dad60d56-le64.cache-3
7fe988002000-7fe988006000 r--s 00000000 08:03 19927109                   /var/cache/fontconfig/2cd17615ca594fa2959ae173292e504c-le64.cache-3
7fe988006000-7fe988007000 r--s 00000000 08:03 19927134                   /var/cache/fontconfig/e7071f4a29fa870f4323321c154eba04-le64.cache-3
7fe988007000-7fe988008000 r--s 00000000 08:03 19927107                   /var/cache/fontconfig/0d8c3b2ac0904cb8a57a757ad11a4a08-le64.cache-3
7fe988008000-7fe98800e000 r--s 00000000 08:03 19927124                   /var/cache/fontconfig/a755afe4a08bf5b97852ceb7400b47bc-le64.cache-3
7fe98800e000-7fe988017000 r--s 00000000 08:03 19927460                   /var/cache/fontconfig/6d41288fd70b0be22e8c3a91e032eec0-le64.cache-3
7fe988017000-7fe988027000 r--s 00000000 08:03 19927106                   /var/cache/fontconfig/04aabc0a78ac019cf9454389977116d2-le64.cache-3
7fe988027000-7fe98802a000 r--s 00000000 08:03 19927112                   /var/cache/fontconfig/385c0604a188198f04d133e54aba7fe7-le64.cache-3
7fe98802a000-7fe988058000 r--s 00000000 08:03 19927454                   /var/cache/fontconfig/365b55f210c0a22e9a19e35191240f32-le64.cache-3
7fe988058000-7fe98805d000 r--s 00000000 08:03 19927110                   /var/cache/fontconfig/3047814df9a2f067bd2d96a2b9c36e5a-le64.cache-3
7fe98805d000-7fe988060000 ---p 00000000 00:00 0 
7fe988060000-7fe98815e000 rw-p 00000000 00:00 0 
7fe98815e000-7fe988161000 ---p 00000000 00:00 0 
7fe988161000-7fe98825f000 rw-p 00000000 00:00 0 
7fe98825f000-7fe988263000 r-xp 00000000 08:03 18618885                   /usr/lib/jvm/java-6-openjdk-amd64/jre/lib/amd64/libdt_socket.so
7fe988263000-7fe988462000 ---p 00004000 08:03 18618885                   /usr/lib/jvm/java-6-openjdk-amd64/jre/lib/amd64/libdt_socket.so
7fe988462000-7fe988463000 r--p 00003000 08:03 18618885                   /usr/lib/jvm/java-6-openjdk-amd64/jre/lib/amd64/libdt_socket.so
7fe988463000-7fe988464000 rw-p 00004000 08:03 18618885                   /usr/lib/jvm/java-6-openjdk-amd64/jre/lib/amd64/libdt_socket.so
7fe988464000-7fe988467000 ---p 00000000 00:00 0 
7fe988467000-7fe988565000 rw-p 00000000 00:00 0 
7fe988565000-7fe988568000 ---p 00000000 00:00 0 
7fe988568000-7fe988666000 rw-p 00000000 00:00 0 
7fe988666000-7fe988669000 ---p 00000000 00:00 0 
7fe988669000-7fe988767000 rw-p 00000000 00:00 0 
7fe988767000-7fe988768000 ---p 00000000 00:00 0 
7fe988768000-7fe988d6d000 rw-p 00000000 00:00 0 
7fe988d6d000-7fe988eff000 r--s 037bf000 08:03 18618843                   /usr/lib/jvm/java-6-openjdk-amd64/jre/lib/rt.jar
7fe988eff000-7fe988f00000 ---p 00000000 00:00 0 
7fe988f00000-7fe989000000 rw-p 00000000 00:00 0 
7fe989000000-7fe989270000 rwxp 00000000 00:00 0 
7fe989270000-7fe98cd90000 rw-p 00000000 00:00 0 
7fe98cd90000-7fe990000000 ---p 00000000 00:00 0 
7fe990000000-7fe990003000 r--s 00000000 08:03 19927121                   /var/cache/fontconfig/8801497958630a81b71ace7c5f9b32a8-le64.cache-3
7fe990003000-7fe990004000 r--s 00000000 08:03 19927115                   /var/cache/fontconfig/56cf4f4769d0f4abc89a4895d7bd3ae1-le64.cache-3
7fe990004000-7fe990005000 r--s 00000000 08:03 19927126                   /var/cache/fontconfig/b9d506c9ac06c20b433354fa67a72993-le64.cache-3
7fe990005000-7fe99000a000 r--s 00000000 08:03 19927125                   /var/cache/fontconfig/b47c4e1ecd0709278f4910c18777a504-le64.cache-3
7fe99000a000-7fe99001a000 r--s 00000000 08:03 19927130                   /var/cache/fontconfig/d52a8644073d54c13679302ca1180695-le64.cache-3
7fe99001a000-7fe99001d000 r--s 00000000 08:03 19927196                   /var/cache/fontconfig/e13b20fdb08344e0e664864cc2ede53d-le64.cache-3
7fe99001d000-7fe990021000 r--s 00000000 08:03 19927452                   /var/cache/fontconfig/7ef2298fde41cc6eeb7af42e48b7d293-le64.cache-3
7fe990021000-7fe990022000 r--s 00000000 08:03 19927127                   /var/cache/fontconfig/c05880de57d1f5e948fdfacc138775d9-le64.cache-3
7fe990022000-7fe99002b000 r--s 00000000 08:03 19927122                   /var/cache/fontconfig/945677eb7aeaf62f1d50efc3fb3ec7d8-le64.cache-3
7fe99002b000-7fe99002d000 r--s 00000000 08:03 19927123                   /var/cache/fontconfig/99e8ed0e538f840c565b6ed5dad60d56-le64.cache-3
7fe99002d000-7fe990031000 r--s 00000000 08:03 19927109                   /var/cache/fontconfig/2cd17615ca594fa2959ae173292e504c-le64.cache-3
7fe990031000-7fe990032000 r--s 00000000 08:03 19927134                   /var/cache/fontconfig/e7071f4a29fa870f4323321c154eba04-le64.cache-3
7fe990032000-7fe990033000 r--s 00000000 08:03 19927107                   /var/cache/fontconfig/0d8c3b2ac0904cb8a57a757ad11a4a08-le64.cache-3
7fe990033000-7fe990039000 r--s 00000000 08:03 19927124                   /var/cache/fontconfig/a755afe4a08bf5b97852ceb7400b47bc-le64.cache-3
7fe990039000-7fe990042000 r--s 00000000 08:03 19927460                   /var/cache/fontconfig/6d41288fd70b0be22e8c3a91e032eec0-le64.cache-3
7fe990042000-7fe990052000 r--s 00000000 08:03 19927106                   /var/cache/fontconfig/04aabc0a78ac019cf9454389977116d2-le64.cache-3
7fe990052000-7fe990055000 r--s 00000000 08:03 19927112                   /var/cache/fontconfig/385c0604a188198f04d133e54aba7fe7-le64.cache-3
7fe990055000-7fe990056000 r--s 00000000 08:03 19927113                   /var/cache/fontconfig/4794a0821666d79190d59a36cb4f44b5-le64.cache-3
7fe990056000-7fe990059000 r--s 00000000 08:03 19927121                   /var/cache/fontconfig/8801497958630a81b71ace7c5f9b32a8-le64.cache-3
7fe990059000-7fe990087000 r--s 00000000 08:03 19927454                   /var/cache/fontconfig/365b55f210c0a22e9a19e35191240f32-le64.cache-3
7fe990087000-7fe990097000 r--s 00000000 08:03 19927130                   /var/cache/fontconfig/d52a8644073d54c13679302ca1180695-le64.cache-3
7fe990097000-7fe9900f2000 rw-p 00000000 00:00 0 
7fe9900f2000-7fe9900f3000 ---p 00000000 00:00 0 
7fe9900f3000-7fe9901f3000 rw-p 00000000 00:00 0 
7fe9901f3000-7fe9901f4000 ---p 00000000 00:00 0 
7fe9901f4000-7fe9902f4000 rw-p 00000000 00:00 0 
7fe9902f4000-7fe9902f5000 ---p 00000000 00:00 0 
7fe9902f5000-7fe990400000 rw-p 00000000 00:00 0 
7fe990400000-7fe990448000 rw-p 00000000 00:00 0 
7fe990448000-7fe99046f000 rw-p 00000000 00:00 0 
7fe99046f000-7fe9906b6000 rw-p 00000000 00:00 0 
7fe9906b6000-7fe9906c1000 rw-p 00000000 00:00 0 
7fe9906c1000-7fe990709000 rw-p 00000000 00:00 0 
7fe990709000-7fe990730000 rw-p 00000000 00:00 0 
7fe990730000-7fe990977000 rw-p 00000000 00:00 0 
7fe990977000-7fe99098b000 rw-p 00000000 00:00 0 
7fe99098b000-7fe990aae000 rw-p 00000000 00:00 0 
7fe990aae000-7fe990aaf000 rw-p 00000000 00:00 0 
7fe990aaf000-7fe990ab6000 r-xp 00000000 08:03 18618888                   /usr/lib/jvm/java-6-openjdk-amd64/jre/lib/amd64/libzip.so
7fe990ab6000-7fe990cb5000 ---p 00007000 08:03 18618888                   /usr/lib/jvm/java-6-openjdk-amd64/jre/lib/amd64/libzip.so
7fe990cb5000-7fe990cb6000 r--p 00006000 08:03 18618888                   /usr/lib/jvm/java-6-openjdk-amd64/jre/lib/amd64/libzip.so
7fe990cb6000-7fe990cb7000 rw-p 00007000 08:03 18618888                   /usr/lib/jvm/java-6-openjdk-amd64/jre/lib/amd64/libzip.so
7fe990cb7000-7fe990cc3000 r-xp 00000000 08:03 21758081                   /lib/x86_64-linux-gnu/libnss_files-2.15.so
7fe990cc3000-7fe990ec2000 ---p 0000c000 08:03 21758081                   /lib/x86_64-linux-gnu/libnss_files-2.15.so
7fe990ec2000-7fe990ec3000 r--p 0000b000 08:03 21758081                   /lib/x86_64-linux-gnu/libnss_files-2.15.so
7fe990ec3000-7fe990ec4000 rw-p 0000c000 08:03 21758081                   /lib/x86_64-linux-gnu/libnss_files-2.15.so
7fe990ec4000-7fe990ece000 r-xp 00000000 08:03 21758077                   /lib/x86_64-linux-gnu/libnss_nis-2.15.so
7fe990ece000-7fe9910ce000 ---p 0000a000 08:03 21758077                   /lib/x86_64-linux-gnu/libnss_nis-2.15.so
7fe9910ce000-7fe9910cf000 r--p 0000a000 08:03 21758077                   /lib/x86_64-linux-gnu/libnss_nis-2.15.so
7fe9910cf000-7fe9910d0000 rw-p 0000b000 08:03 21758077                   /lib/x86_64-linux-gnu/libnss_nis-2.15.so
7fe9910d0000-7fe9910e7000 r-xp 00000000 08:03 21761730                   /lib/x86_64-linux-gnu/libnsl-2.15.so
7fe9910e7000-7fe9912e6000 ---p 00017000 08:03 21761730                   /lib/x86_64-linux-gnu/libnsl-2.15.so
7fe9912e6000-7fe9912e7000 r--p 00016000 08:03 21761730                   /lib/x86_64-linux-gnu/libnsl-2.15.so
7fe9912e7000-7fe9912e8000 rw-p 00017000 08:03 21761730                   /lib/x86_64-linux-gnu/libnsl-2.15.so
7fe9912e8000-7fe9912ea000 rw-p 00000000 00:00 0 
7fe9912ea000-7fe9912f2000 r-xp 00000000 08:03 21758082                   /lib/x86_64-linux-gnu/libnss_compat-2.15.so
7fe9912f2000-7fe9914f1000 ---p 00008000 08:03 21758082                   /lib/x86_64-linux-gnu/libnss_compat-2.15.so
7fe9914f1000-7fe9914f2000 r--p 00007000 08:03 21758082                   /lib/x86_64-linux-gnu/libnss_compat-2.15.so
7fe9914f2000-7fe9914f3000 rw-p 00008000 08:03 21758082                   /lib/x86_64-linux-gnu/libnss_compat-2.15.so
7fe9914f3000-7fe991bd6000 r--p 00000000 08:03 18487587                   /usr/lib/locale/locale-archive
7fe991bd6000-7fe991bd9000 r-xp 00000000 08:03 18618853                   /usr/lib/jvm/java-6-openjdk-amd64/jre/lib/amd64/libnpt.so
7fe991bd9000-7fe991dd8000 ---p 00003000 08:03 18618853                   /usr/lib/jvm/java-6-openjdk-amd64/jre/lib/amd64/libnpt.so
7fe991dd8000-7fe991dd9000 r--p 00002000 08:03 18618853                   /usr/lib/jvm/java-6-openjdk-amd64/jre/lib/amd64/libnpt.so
7fe991dd9000-7fe991dda000 rw-p 00003000 08:03 18618853                   /usr/lib/jvm/java-6-openjdk-amd64/jre/lib/amd64/libnpt.so
7fe991dda000-7fe991e14000 r-xp 00000000 08:03 18618861                   /usr/lib/jvm/java-6-openjdk-amd64/jre/lib/amd64/libjdwp.so
7fe991e14000-7fe992013000 ---p 0003a000 08:03 18618861                   /usr/lib/jvm/java-6-openjdk-amd64/jre/lib/amd64/libjdwp.so
7fe992013000-7fe992014000 r--p 00039000 08:03 18618861                   /usr/lib/jvm/java-6-openjdk-amd64/jre/lib/amd64/libjdwp.so
7fe992014000-7fe992015000 rw-p 0003a000 08:03 18618861                   /usr/lib/jvm/java-6-openjdk-amd64/jre/lib/amd64/libjdwp.so
7fe992015000-7fe992041000 r-xp 00000000 08:03 18618873                   /usr/lib/jvm/java-6-openjdk-amd64/jre/lib/amd64/libjava.so
7fe992041000-7fe992240000 ---p 0002c000 08:03 18618873                   /usr/lib/jvm/java-6-openjdk-amd64/jre/lib/amd64/libjava.so
7fe992240000-7fe992241000 r--p 0002b000 08:03 18618873                   /usr/lib/jvm/java-6-openjdk-amd64/jre/lib/amd64/libjava.so
7fe992241000-7fe992244000 rw-p 0002c000 08:03 18618873                   /usr/lib/jvm/java-6-openjdk-amd64/jre/lib/amd64/libjava.so
7fe992244000-7fe992252000 r-xp 00000000 08:03 18618872                   /usr/lib/jvm/java-6-openjdk-amd64/jre/lib/amd64/libverify.so
7fe992252000-7fe992451000 ---p 0000e000 08:03 18618872                   /usr/lib/jvm/java-6-openjdk-amd64/jre/lib/amd64/libverify.so
7fe992451000-7fe992453000 r--p 0000d000 08:03 18618872                   /usr/lib/jvm/java-6-openjdk-amd64/jre/lib/amd64/libverify.so
7fe992453000-7fe992454000 rw-p 0000f000 08:03 18618872                   /usr/lib/jvm/java-6-openjdk-amd64/jre/lib/amd64/libverify.so
7fe992454000-7fe99245b000 r-xp 00000000 08:03 21758075                   /lib/x86_64-linux-gnu/librt-2.15.so
7fe99245b000-7fe99265a000 ---p 00007000 08:03 21758075                   /lib/x86_64-linux-gnu/librt-2.15.so
7fe99265a000-7fe99265b000 r--p 00006000 08:03 21758075                   /lib/x86_64-linux-gnu/librt-2.15.so
7fe99265b000-7fe99265c000 rw-p 00007000 08:03 21758075                   /lib/x86_64-linux-gnu/librt-2.15.so
7fe99265c000-7fe992671000 r-xp 00000000 08:03 21761542                   /lib/x86_64-linux-gnu/libgcc_s.so.1
7fe992671000-7fe992870000 ---p 00015000 08:03 21761542                   /lib/x86_64-linux-gnu/libgcc_s.so.1
7fe992870000-7fe992871000 r--p 00014000 08:03 21761542                   /lib/x86_64-linux-gnu/libgcc_s.so.1
7fe992871000-7fe992872000 rw-p 00015000 08:03 21761542                   /lib/x86_64-linux-gnu/libgcc_s.so.1
7fe992872000-7fe99296b000 r-xp 00000000 08:03 21758079                   /lib/x86_64-linux-gnu/libm-2.15.so
7fe99296b000-7fe992b6a000 ---p 000f9000 08:03 21758079                   /lib/x86_64-linux-gnu/libm-2.15.so
7fe992b6a000-7fe992b6b000 r--p 000f8000 08:03 21758079                   /lib/x86_64-linux-gnu/libm-2.15.so
7fe992b6b000-7fe992b6c000 rw-p 000f9000 08:03 21758079                   /lib/x86_64-linux-gnu/libm-2.15.so
7fe992b6c000-7fe992c4e000 r-xp 00000000 08:03 18488773                   /usr/lib/x86_64-linux-gnu/libstdc++.so.6.0.16
7fe992c4e000-7fe992e4d000 ---p 000e2000 08:03 18488773                   /usr/lib/x86_64-linux-gnu/libstdc++.so.6.0.16
7fe992e4d000-7fe992e55000 r--p 000e1000 08:03 18488773                   /usr/lib/x86_64-linux-gnu/libstdc++.so.6.0.16
7fe992e55000-7fe992e57000 rw-p 000e9000 08:03 18488773                   /usr/lib/x86_64-linux-gnu/libstdc++.so.6.0.16
7fe992e57000-7fe992e6c000 rw-p 00000000 00:00 0 
7fe992e6c000-7fe993770000 r-xp 00000000 08:03 18618878                   /usr/lib/jvm/java-6-openjdk-amd64/jre/lib/amd64/server/libjvm.so
7fe993770000-7fe993970000 ---p 00904000 08:03 18618878                   /usr/lib/jvm/java-6-openjdk-amd64/jre/lib/amd64/server/libjvm.so
7fe993970000-7fe9939f0000 r--p 00904000 08:03 18618878                   /usr/lib/jvm/java-6-openjdk-amd64/jre/lib/amd64/server/libjvm.so
7fe9939f0000-7fe993a0b000 rw-p 00984000 08:03 18618878                   /usr/lib/jvm/java-6-openjdk-amd64/jre/lib/amd64/server/libjvm.so
7fe993a0b000-7fe993a34000 rw-p 00000000 00:00 0 
7fe993a34000-7fe993a4a000 r-xp 00000000 08:03 21761632                   /lib/x86_64-linux-gnu/libz.so.1.2.3.4
7fe993a4a000-7fe993c49000 ---p 00016000 08:03 21761632                   /lib/x86_64-linux-gnu/libz.so.1.2.3.4
7fe993c49000-7fe993c4a000 r--p 00015000 08:03 21761632                   /lib/x86_64-linux-gnu/libz.so.1.2.3.4
7fe993c4a000-7fe993c4b000 rw-p 00016000 08:03 21761632                   /lib/x86_64-linux-gnu/libz.so.1.2.3.4
7fe993c4b000-7fe993e00000 r-xp 00000000 08:03 21757975                   /lib/x86_64-linux-gnu/libc-2.15.so
7fe993e00000-7fe993fff000 ---p 001b5000 08:03 21757975                   /lib/x86_64-linux-gnu/libc-2.15.so
7fe993fff000-7fe994003000 r--p 001b4000 08:03 21757975                   /lib/x86_64-linux-gnu/libc-2.15.so
7fe994003000-7fe994005000 rw-p 001b8000 08:03 21757975                   /lib/x86_64-linux-gnu/libc-2.15.so
7fe994005000-7fe99400a000 rw-p 00000000 00:00 0 
7fe99400a000-7fe99400c000 r-xp 00000000 08:03 21757964                   /lib/x86_64-linux-gnu/libdl-2.15.so
7fe99400c000-7fe99420c000 ---p 00002000 08:03 21757964                   /lib/x86_64-linux-gnu/libdl-2.15.so
7fe99420c000-7fe99420d000 r--p 00002000 08:03 21757964                   /lib/x86_64-linux-gnu/libdl-2.15.so
7fe99420d000-7fe99420e000 rw-p 00003000 08:03 21757964                   /lib/x86_64-linux-gnu/libdl-2.15.so
7fe99420e000-7fe994212000 r-xp 00000000 08:03 18618855                   /usr/lib/jvm/java-6-openjdk-amd64/jre/lib/amd64/jli/libjli.so
7fe994212000-7fe994411000 ---p 00004000 08:03 18618855                   /usr/lib/jvm/java-6-openjdk-amd64/jre/lib/amd64/jli/libjli.so
7fe994411000-7fe994412000 r--p 00003000 08:03 18618855                   /usr/lib/jvm/java-6-openjdk-amd64/jre/lib/amd64/jli/libjli.so
7fe994412000-7fe994413000 rw-p 00004000 08:03 18618855                   /usr/lib/jvm/java-6-openjdk-amd64/jre/lib/amd64/jli/libjli.so
7fe994413000-7fe99442b000 r-xp 00000000 08:03 21758073                   /lib/x86_64-linux-gnu/libpthread-2.15.so
7fe99442b000-7fe99462a000 ---p 00018000 08:03 21758073                   /lib/x86_64-linux-gnu/libpthread-2.15.so
7fe99462a000-7fe99462b000 r--p 00017000 08:03 21758073                   /lib/x86_64-linux-gnu/libpthread-2.15.so
7fe99462b000-7fe99462c000 rw-p 00018000 08:03 21758073                   /lib/x86_64-linux-gnu/libpthread-2.15.so
7fe99462c000-7fe994630000 rw-p 00000000 00:00 0 
7fe994630000-7fe994652000 r-xp 00000000 08:03 21758085                   /lib/x86_64-linux-gnu/ld-2.15.so
7fe994652000-7fe994653000 rw-s 00005000 00:05 10225                      /dev/ati/card0
7fe994653000-7fe994654000 r--s 00000000 08:03 19927113                   /var/cache/fontconfig/4794a0821666d79190d59a36cb4f44b5-le64.cache-3
7fe994654000-7fe994659000 r--s 00000000 08:03 19927110                   /var/cache/fontconfig/3047814df9a2f067bd2d96a2b9c36e5a-le64.cache-3
7fe994659000-7fe99465a000 r--s 00000000 08:03 19927115                   /var/cache/fontconfig/56cf4f4769d0f4abc89a4895d7bd3ae1-le64.cache-3
7fe99465a000-7fe99465f000 r--s 00000000 08:03 19927125                   /var/cache/fontconfig/b47c4e1ecd0709278f4910c18777a504-le64.cache-3
7fe99465f000-7fe994662000 r--s 00000000 08:03 19927196                   /var/cache/fontconfig/e13b20fdb08344e0e664864cc2ede53d-le64.cache-3
7fe994662000-7fe994666000 r--s 00000000 08:03 19927452                   /var/cache/fontconfig/7ef2298fde41cc6eeb7af42e48b7d293-le64.cache-3
7fe994666000-7fe994669000 r--s 0007d000 08:03 18618443                   /usr/lib/jvm/java-6-openjdk-common/jre/lib/jsse.jar
7fe994669000-7fe994670000 r--s 00073000 08:03 15597691                   /home/arwilczek90/workspace/Elements/lib/lwjgl.jar
7fe994670000-7fe99467a000 rw-p 00000000 00:00 0 
7fe99467a000-7fe994730000 rw-p 00000000 00:00 0 
7fe994730000-7fe994733000 ---p 00000000 00:00 0 
7fe994733000-7fe994836000 rw-p 00000000 00:00 0 
7fe994836000-7fe994837000 r--s 00000000 08:03 19927126                   /var/cache/fontconfig/b9d506c9ac06c20b433354fa67a72993-le64.cache-3
7fe994837000-7fe994839000 r--s 0000f000 08:03 18618803                   /usr/lib/jvm/java-6-openjdk-common/jre/lib/ext/pulse-java.jar
7fe994839000-7fe99483c000 r--s 00077000 08:03 18618797                   /usr/lib/jvm/java-6-openjdk-common/jre/lib/ext/localedata.jar
7fe99483c000-7fe99483d000 r--s 00007000 08:03 18748229                   /usr/share/java/java-atk-wrapper.jar
7fe99483d000-7fe99483f000 r--s 00001000 08:03 18618801                   /usr/lib/jvm/java-6-openjdk-common/jre/lib/ext/dnsns.jar
7fe99483f000-7fe994843000 r--s 00038000 08:03 18618795                   /usr/lib/jvm/java-6-openjdk-common/jre/lib/ext/sunpkcs11.jar
7fe994843000-7fe994846000 r--s 00031000 08:03 18618799                   /usr/lib/jvm/java-6-openjdk-common/jre/lib/ext/sunjce_provider.jar
7fe994846000-7fe99484e000 rw-s 00000000 08:03 8126514                    /tmp/hsperfdata_arwilczek90/12542
7fe99484e000-7fe99484f000 rw-p 00000000 00:00 0 
7fe99484f000-7fe994850000 r--p 00000000 00:00 0 
7fe994850000-7fe994852000 rw-p 00000000 00:00 0 
7fe994852000-7fe994853000 r--p 00022000 08:03 21758085                   /lib/x86_64-linux-gnu/ld-2.15.so
7fe994853000-7fe994855000 rw-p 00023000 08:03 21758085                   /lib/x86_64-linux-gnu/ld-2.15.so
7fff32ca4000-7fff32cc5000 rw-p 00000000 00:00 0                          [stack]
7fff32ccd000-7fff32cce000 r-xp 00000000 00:00 0                          [vdso]
ffffffffff600000-ffffffffff601000 r-xp 00000000 00:00 0                  [vsyscall]

VM Arguments:
jvm_args: -agentlib:jdwp=transport=dt_socket,suspend=y,address=localhost:57323 -Djava.library.path=/home/arwilczek90/workspace/Elements/lib/slick:/home/arwilczek90/workspace/Elements/lib/slick -Dfile.encoding=UTF-8 
java_command: com.hack.elements.view.Main
Launcher Type: SUN_STANDARD

Environment Variables:
PATH=/usr/lib/lightdm/lightdm:/usr/local/sbin:/usr/local/bin:/usr/sbin:/usr/bin:/sbin:/bin:/usr/games
LD_LIBRARY_PATH=/usr/lib/jvm/java-6-openjdk-amd64/jre/lib/amd64/server:/usr/lib/jvm/java-6-openjdk-amd64/jre/lib/amd64:/usr/lib/jvm/java-6-openjdk-amd64/jre/../lib/amd64
SHELL=/bin/bash
DISPLAY=:0.0

Signal Handlers:
SIGSEGV: [libjvm.so+0x784310], sa_mask[0]=0x7ffbfeff, sa_flags=0x10000004
SIGBUS: [libjvm.so+0x784310], sa_mask[0]=0x7ffbfeff, sa_flags=0x10000004
SIGFPE: [libjvm.so+0x648580], sa_mask[0]=0x7ffbfeff, sa_flags=0x10000004
SIGPIPE: [libjvm.so+0x648580], sa_mask[0]=0x7ffbfeff, sa_flags=0x10000004
SIGXFSZ: [libjvm.so+0x648580], sa_mask[0]=0x7ffbfeff, sa_flags=0x10000004
SIGILL: [libjvm.so+0x648580], sa_mask[0]=0x7ffbfeff, sa_flags=0x10000004
SIGUSR1: SIG_DFL, sa_mask[0]=0x00000000, sa_flags=0x00000000
SIGUSR2: [libjvm.so+0x648730], sa_mask[0]=0x00000004, sa_flags=0x10000004
SIGHUP: [libjvm.so+0x64b250], sa_mask[0]=0x7ffbfeff, sa_flags=0x10000004
SIGINT: [libjvm.so+0x64b250], sa_mask[0]=0x7ffbfeff, sa_flags=0x10000004
SIGTERM: [libjvm.so+0x64b250], sa_mask[0]=0x7ffbfeff, sa_flags=0x10000004
SIGQUIT: [libjvm.so+0x64b250], sa_mask[0]=0x7ffbfeff, sa_flags=0x10000004


---------------  S Y S T E M  ---------------

OS:Ubuntu 12.04 (precise)
uname:Linux 3.2.0-32-generic #51-Ubuntu SMP Wed Sep 26 21:33:09 UTC 2012 x86_64
libc:glibc 2.15 NPTL 2.15 
rlimit: STACK 8192k, CORE 0k, NPROC 59545, NOFILE 4096, AS infinity
load average:1.10 1.00 0.81

/proc/meminfo:
MemTotal:        7639648 kB
MemFree:         4322136 kB
Buffers:          113252 kB
Cached:          1132120 kB
SwapCached:            0 kB
Active:          2141416 kB
Inactive:         707084 kB
Active(anon):    1603956 kB
Inactive(anon):    18660 kB
Active(file):     537460 kB
Inactive(file):   688424 kB
Unevictable:          20 kB
Mlocked:              20 kB
SwapTotal:       3818492 kB
SwapFree:        3818492 kB
Dirty:               356 kB
Writeback:             0 kB
AnonPages:       1603164 kB
Mapped:           331456 kB
Shmem:             19492 kB
Slab:              92644 kB
SReclaimable:      62012 kB
SUnreclaim:        30632 kB
KernelStack:        4152 kB
PageTables:        35384 kB
NFS_Unstable:          0 kB
Bounce:                0 kB
WritebackTmp:          0 kB
CommitLimit:     7638316 kB
Committed_AS:    4423828 kB
VmallocTotal:   34359738367 kB
VmallocUsed:      116912 kB
VmallocChunk:   34359619344 kB
HardwareCorrupted:     0 kB
AnonHugePages:         0 kB
HugePages_Total:       0
HugePages_Free:        0
HugePages_Rsvd:        0
HugePages_Surp:        0
Hugepagesize:       2048 kB
DirectMap4k:      290816 kB
DirectMap2M:     5455872 kB
DirectMap1G:     2097152 kB


CPU:total 4 (4 cores per cpu, 1 threads per core) family 18 model 1 stepping 0, cmov, cx8, fxsr, mmx, sse, sse2, sse3, popcnt, mmxext, 3dnowpref, lzcnt, sse4a

Memory: 4k page, physical 7639648k(4322136k free), swap 3818492k(3818492k free)

vm_info: OpenJDK 64-Bit Server VM (20.0-b12) for linux-amd64 JRE (1.6.0_24-b24), built on Sep  2 2012 19:50:47 by "buildd" with gcc 4.6.3

time: Sat Oct 13 19:08:37 2012
elapsed time: 66 seconds

