#
# A fatal error has been detected by the Java Runtime Environment:
#
#  SIGSEGV (0xb) at pc=0x00007ff974aeec58, pid=3649, tid=140709526804224
#
# JRE version: 6.0_24-b24
# Java VM: OpenJDK 64-Bit Server VM (20.0-b12 mixed mode linux-amd64 compressed oops)
# Derivative: IcedTea6 1.11.4
# Distribution: Ubuntu 12.04 LTS, package 6b24-1.11.4-1ubuntu0.12.04.1
# Problematic frame:
# C  [libX11.so.6+0x33c58]  XQueryExtension+0x28
#
# If you would like to submit a bug report, please include
# instructions how to reproduce the bug and visit:
#   https://bugs.launchpad.net/ubuntu/+source/openjdk-6/
#

---------------  T H R E A D  ---------------

Current thread (0x00007ff978070000):  VMThread [stack: 0x00007ff97d4c9000,0x00007ff97d5ca000] [id=3659]

siginfo:si_signo=SIGSEGV: si_errno=0, si_code=1 (SEGV_MAPERR), si_addr=0x0000000078208f78

Registers:
RAX=0x00007ff95c000bd0, RBX=0x0000000078208610, RCX=0x00007ff97d5c8758, RDX=0x00007ff97d5c8754
RSP=0x00007ff97d5c86f0, RBP=0x00007ff96eb4c932, RSI=0x00007ff96eb4c932, RDI=0x0000000078208610
R8 =0x00007ff97d5c875c, R9 =0x0000000000000010, R10=0x00007ff9811affa8, R11=0x0000000000000000
R12=0x0000000000000000, R13=0x00007ff96eb4c932, R14=0x00007ff95c000bd0, R15=0x0000000000000000
RIP=0x00007ff974aeec58, EFLAGS=0x0000000000010206, CSGSFS=0x0000000000000033, ERR=0x0000000000000004
  TRAPNO=0x000000000000000e

Top of Stack: (sp=0x00007ff97d5c86f0)
0x00007ff97d5c86f0:   0000000000000000 0000003000000003
0x00007ff97d5c8700:   0000006e0000005b 0000007c00000077
0x00007ff97d5c8710:   00000000ffffffff 0000000078208610
0x00007ff97d5c8720:   00007ff96eb4c932 0000000000000000
0x00007ff97d5c8730:   00007ff96eb4c932 00007ff95c000bd0
0x00007ff97d5c8740:   0000000000000000 00007ff974ae2c55
0x00007ff97d5c8750:   00007ff9819fc048 00007ff96ec85520
0x00007ff97d5c8760:   00007ff96ec85520 0000000078208610
0x00007ff97d5c8770:   00007ff9781824e0 00007ff974dfc02b
0x00007ff97d5c8780:   00007ff980e02790 000000110000002c
0x00007ff97d5c8790:   00007ff97d5c8810 0000000000000000
0x00007ff97d5c87a0:   00007ff97d5c8810 0000000078208610
0x00007ff97d5c87b0:   0000000000000000 00007ff9819fc048
0x00007ff97d5c87c0:   00007ff96ec9ed50 00007ff96eaf3119
0x00007ff97d5c87d0:   0000000000000000 000000000000002c
0x00007ff97d5c87e0:   00007ff97d5c8810 00007ff97d5c8830
0x00007ff97d5c87f0:   0000000000000000 00007ff9819fc048
0x00007ff97d5c8800:   00007ff978208170 00007ff96eae9b42
0x00007ff97d5c8810:   00007ff97d5c8a00 00007ff96eb4c8b1
0x00007ff97d5c8820:   00007ff97d5c8a00 00007ff9817e892d
0x00007ff97d5c8830:   00007ff9819fd2c8 00007ff9819fd858
0x00007ff97d5c8840:   00007ff9819de000 00007ff978006a00
0x00007ff97d5c8850:   00007ff978007510 00007ff978006eb0
0x00007ff97d5c8860:   00007ff978007a10 00007ff97800c6f0
0x00007ff97d5c8870:   00007ff97812dd30 00007ff97812e210
0x00007ff97d5c8880:   00007ff9819dd000 00007ff978204d20
0x00007ff97d5c8890:   00007ff9781ff260 00007ff9781ff700
0x00007ff97d5c88a0:   00007ff9782051f0 00007ff978205690
0x00007ff97d5c88b0:   00007ff978205b30 00007ff9780f3840
0x00007ff97d5c88c0:   00007ff9780c6c00 00007ff9780025e0
0x00007ff97d5c88d0:   00007ff978001ec0 0000000001f405f0
0x00007ff97d5c88e0:   0000000001f40b60 0000000001f41570 

Instructions: (pc=0x00007ff974aeec58)
0x00007ff974aeec38:   24 d8 48 89 fb 4c 89 64 24 e0 4c 89 6c 24 e8 48
0x00007ff974aeec48:   89 f5 4c 89 74 24 f0 4c 89 7c 24 f8 48 83 ec 58
0x00007ff974aeec58:   48 8b 87 68 09 00 00 49 89 d4 49 89 cd 4d 89 c6
0x00007ff974aeec68:   48 85 c0 74 02 ff 10 ba 08 00 00 00 be 62 00 00 

Register to memory mapping:

RAX=0x00007ff95c000bd0 is an unknown value
RBX=0x0000000078208610 is an unknown value
RCX=0x00007ff97d5c8758 is an unknown value
RDX=0x00007ff97d5c8754 is an unknown value
RSP=0x00007ff97d5c86f0 is an unknown value
RBP=0x00007ff96eb4c932: <offset 0x96932> in /usr/lib/fglrx/libGL.so.1 at 0x00007ff96eab6000
RSI=0x00007ff96eb4c932: <offset 0x96932> in /usr/lib/fglrx/libGL.so.1 at 0x00007ff96eab6000
RDI=0x0000000078208610 is an unknown value
R8 =0x00007ff97d5c875c is an unknown value
R9 =0x0000000000000010 is an unknown value
R10=0x00007ff9811affa8: <offset 0x3bbfa8> in /lib/x86_64-linux-gnu/libc.so.6 at 0x00007ff980df4000
R11=0x0000000000000000 is an unknown value
R12=0x0000000000000000 is an unknown value
R13=0x00007ff96eb4c932: <offset 0x96932> in /usr/lib/fglrx/libGL.so.1 at 0x00007ff96eab6000
R14=0x00007ff95c000bd0 is an unknown value
R15=0x0000000000000000 is an unknown value


Stack: [0x00007ff97d4c9000,0x00007ff97d5ca000],  sp=0x00007ff97d5c86f0,  free space=1021k
Native frames: (J=compiled Java code, j=interpreted, Vv=VM code, C=native code)
C  [libX11.so.6+0x33c58]  XQueryExtension+0x28

VM_Operation (0x00007ff9819d8680): Exit, mode: safepoint, requested by thread 0x00007ff978008800


---------------  P R O C E S S  ---------------

Java Threads: ( => current thread )
  0x00007ff978acd000 JavaThread "Thread-2" daemon [_thread_blocked, id=3669, stack(0x00007ff96c1ec000,0x00007ff96c2ed000)]
  0x00007ff978204000 JavaThread "AWT-XAWT" daemon [_thread_in_native, id=3668, stack(0x00007ff96f411000,0x00007ff96f512000)]
  0x00007ff97813f000 JavaThread "Java2D Disposer" daemon [_thread_blocked, id=3667, stack(0x00007ff97c0b2000,0x00007ff97c1b3000)]
  0x00007ff97809e800 JavaThread "Low Memory Detector" daemon [_thread_blocked, id=3665, stack(0x00007ff97c7e0000,0x00007ff97c8e1000)]
  0x00007ff97809c000 JavaThread "C2 CompilerThread1" daemon [_thread_blocked, id=3664, stack(0x00007ff97c8e1000,0x00007ff97c9e2000)]
  0x00007ff978099800 JavaThread "C2 CompilerThread0" daemon [_thread_blocked, id=3663, stack(0x00007ff97c9e2000,0x00007ff97cae3000)]
  0x00007ff978079000 JavaThread "Finalizer" daemon [_thread_blocked, id=3661, stack(0x00007ff97d2c7000,0x00007ff97d3c8000)]
  0x00007ff978077000 JavaThread "Reference Handler" daemon [_thread_blocked, id=3660, stack(0x00007ff97d3c8000,0x00007ff97d4c9000)]
  0x00007ff978008800 JavaThread "main" [_thread_blocked, id=3650, stack(0x00007ff9818d9000,0x00007ff9819da000)]

Other Threads:
=>0x00007ff978070000 VMThread [stack: 0x00007ff97d4c9000,0x00007ff97d5ca000] [id=3659]

VM state:at safepoint (shutting down)

VM Mutex/Monitor currently owned by a thread:  ([mutex/lock_event])
[0x00007ff978004dd0] Threads_lock - owner thread: 0x00007ff978070000

Heap
 PSYoungGen      total 34880K, used 8645K [0x00000000d9200000, 0x00000000db8e0000, 0x0000000100000000)
  eden space 29952K, 22% used [0x00000000d9200000,0x00000000d98b5568,0x00000000daf40000)
  from space 4928K, 36% used [0x00000000daf40000,0x00000000db0fc020,0x00000000db410000)
  to   space 4928K, 0% used [0x00000000db410000,0x00000000db410000,0x00000000db8e0000)
 PSOldGen        total 79616K, used 0K [0x000000008b600000, 0x00000000903c0000, 0x00000000d9200000)
  object space 79616K, 0% used [0x000000008b600000,0x000000008b600000,0x00000000903c0000)
 PSPermGen       total 21248K, used 11415K [0x0000000081000000, 0x00000000824c0000, 0x000000008b600000)
  object space 21248K, 53% used [0x0000000081000000,0x0000000081b25c08,0x00000000824c0000)

Code Cache  [0x00007ff975000000, 0x00007ff975270000, 0x00007ff978000000)
 total_blobs=663 nmethods=178 adapters=439 free_code_cache=49470272 largest_free_block=7360

Dynamic libraries:
00400000-00409000 r-xp 00000000 08:03 18618890                           /usr/lib/jvm/java-6-openjdk-amd64/jre/bin/java
00608000-00609000 r--p 00008000 08:03 18618890                           /usr/lib/jvm/java-6-openjdk-amd64/jre/bin/java
00609000-0060a000 rw-p 00009000 08:03 18618890                           /usr/lib/jvm/java-6-openjdk-amd64/jre/bin/java
01f40000-01f61000 rw-p 00000000 00:00 0                                  [heap]
81000000-824c0000 rw-p 00000000 00:00 0 
824c0000-8b600000 rw-p 00000000 00:00 0 
8b600000-903c0000 rw-p 00000000 00:00 0 
903c0000-d9200000 rw-p 00000000 00:00 0 
d9200000-db8e0000 rw-p 00000000 00:00 0 
db8e0000-100000000 rw-p 00000000 00:00 0 
7ff928000000-7ff928021000 rw-p 00000000 00:00 0 
7ff928021000-7ff92c000000 ---p 00000000 00:00 0 
7ff92c000000-7ff92c021000 rw-p 00000000 00:00 0 
7ff92c021000-7ff930000000 ---p 00000000 00:00 0 
7ff930000000-7ff930021000 rw-p 00000000 00:00 0 
7ff930021000-7ff934000000 ---p 00000000 00:00 0 
7ff934000000-7ff934021000 rw-p 00000000 00:00 0 
7ff934021000-7ff938000000 ---p 00000000 00:00 0 
7ff938000000-7ff938021000 rw-p 00000000 00:00 0 
7ff938021000-7ff93c000000 ---p 00000000 00:00 0 
7ff93c000000-7ff93c021000 rw-p 00000000 00:00 0 
7ff93c021000-7ff940000000 ---p 00000000 00:00 0 
7ff940000000-7ff9401a8000 rw-p 00000000 00:00 0 
7ff9401a8000-7ff944000000 ---p 00000000 00:00 0 
7ff944000000-7ff944021000 rw-p 00000000 00:00 0 
7ff944021000-7ff948000000 ---p 00000000 00:00 0 
7ff948000000-7ff948021000 rw-p 00000000 00:00 0 
7ff948021000-7ff94c000000 ---p 00000000 00:00 0 
7ff94c000000-7ff94cd90000 rw-p 00000000 00:00 0 
7ff94cd90000-7ff950000000 ---p 00000000 00:00 0 
7ff950000000-7ff950021000 rw-p 00000000 00:00 0 
7ff950021000-7ff954000000 ---p 00000000 00:00 0 
7ff954000000-7ff954021000 rw-p 00000000 00:00 0 
7ff954021000-7ff958000000 ---p 00000000 00:00 0 
7ff958000000-7ff958021000 rw-p 00000000 00:00 0 
7ff958021000-7ff95c000000 ---p 00000000 00:00 0 
7ff95c000000-7ff95c021000 rw-p 00000000 00:00 0 
7ff95c021000-7ff960000000 ---p 00000000 00:00 0 
7ff960000000-7ff960021000 rw-p 00000000 00:00 0 
7ff960021000-7ff964000000 ---p 00000000 00:00 0 
7ff9676fe000-7ff967701000 ---p 00000000 00:00 0 
7ff967701000-7ff9677ff000 rw-p 00000000 00:00 0 
7ff9677ff000-7ff967802000 ---p 00000000 00:00 0 
7ff967802000-7ff967900000 rw-p 00000000 00:00 0 
7ff967900000-7ff968000000 rw-s 00006000 00:05 10225                      /dev/ati/card0
7ff968000000-7ff968021000 rw-p 00000000 00:00 0 
7ff968021000-7ff96c000000 ---p 00000000 00:00 0 
7ff96c0e4000-7ff96c0e6000 r--s 00015000 08:03 15598514                   /home/arwilczek90/workspace/Elements/lib/slick/lib/tinylinepp.jar
7ff96c0e6000-7ff96c0e9000 r--s 00015000 08:03 15598512                   /home/arwilczek90/workspace/Elements/lib/slick/lib/slick-util.jar
7ff96c0e9000-7ff96c0ec000 r-xp 00000000 08:03 15602613                   /home/arwilczek90/workspace/Elements/lib/slick/libjinput-linux64.so
7ff96c0ec000-7ff96c1eb000 ---p 00003000 08:03 15602613                   /home/arwilczek90/workspace/Elements/lib/slick/libjinput-linux64.so
7ff96c1eb000-7ff96c1ec000 rw-p 00002000 08:03 15602613                   /home/arwilczek90/workspace/Elements/lib/slick/libjinput-linux64.so
7ff96c1ec000-7ff96c1ef000 ---p 00000000 00:00 0 
7ff96c1ef000-7ff96c2ed000 rw-p 00000000 00:00 0 
7ff96c32d000-7ff96c32f000 r-xp 00000000 08:03 18488267                   /usr/lib/x86_64-linux-gnu/libXinerama.so.1.0.0
7ff96c32f000-7ff96c52e000 ---p 00002000 08:03 18488267                   /usr/lib/x86_64-linux-gnu/libXinerama.so.1.0.0
7ff96c52e000-7ff96c52f000 r--p 00001000 08:03 18488267                   /usr/lib/x86_64-linux-gnu/libXinerama.so.1.0.0
7ff96c52f000-7ff96c530000 rw-p 00002000 08:03 18488267                   /usr/lib/x86_64-linux-gnu/libXinerama.so.1.0.0
7ff96c530000-7ff96c56b000 r-xp 00000000 08:03 19009508                   /usr/lib/fglrx/libatiadlxx.so
7ff96c56b000-7ff96c66b000 ---p 0003b000 08:03 19009508                   /usr/lib/fglrx/libatiadlxx.so
7ff96c66b000-7ff96c674000 rw-p 0003b000 08:03 19009508                   /usr/lib/fglrx/libatiadlxx.so
7ff96c674000-7ff96c685000 rw-p 00000000 00:00 0 
7ff96c686000-7ff96c68e000 r--s 00067000 08:03 15598510                   /home/arwilczek90/workspace/Elements/lib/slick/lib/slick-sources.jar
7ff96c68e000-7ff96c68f000 r--s 00000000 08:03 15598509                   /home/arwilczek90/workspace/Elements/lib/slick/lib/slick-examples.jar
7ff96c68f000-7ff96c692000 r--s 00017000 08:03 15598507                   /home/arwilczek90/workspace/Elements/lib/slick/lib/pedigree.jar
7ff96c692000-7ff96c69d000 r--s 00093000 08:03 15598513                   /home/arwilczek90/workspace/Elements/lib/slick/lib/slick.jar
7ff96c69d000-7ff96c69f000 r--s 00004000 08:03 15598506                   /home/arwilczek90/workspace/Elements/lib/slick/lib/packulike.jar
7ff96c69f000-7ff96c6df000 rw-s f0300000 00:05 10225                      /dev/ati/card0
7ff96c6df000-7ff96c6e6000 r-xp 00000000 08:03 19009532                   /usr/lib/fglrx/libatiuki.so.1.0
7ff96c6e6000-7ff96c7e6000 ---p 00007000 08:03 19009532                   /usr/lib/fglrx/libatiuki.so.1.0
7ff96c7e6000-7ff96c7e7000 rw-p 00007000 08:03 19009532                   /usr/lib/fglrx/libatiuki.so.1.0
7ff96c7e7000-7ff96c7e8000 rw-p 00000000 00:00 0 
7ff96c7e8000-7ff96e742000 r-xp 00000000 08:03 19009510                   /usr/lib/fglrx/dri/fglrx_dri.so
7ff96e742000-7ff96e842000 ---p 01f5a000 08:03 19009510                   /usr/lib/fglrx/dri/fglrx_dri.so
7ff96e842000-7ff96e990000 rwxp 01f5a000 08:03 19009510                   /usr/lib/fglrx/dri/fglrx_dri.so
7ff96e990000-7ff96eab6000 rwxp 00000000 00:00 0 
7ff96eab6000-7ff96eb79000 r-xp 00000000 08:03 19009512                   /usr/lib/fglrx/libGL.so.1.2
7ff96eb79000-7ff96ec78000 ---p 000c3000 08:03 19009512                   /usr/lib/fglrx/libGL.so.1.2
7ff96ec78000-7ff96ec9f000 rwxp 000c2000 08:03 19009512                   /usr/lib/fglrx/libGL.so.1.2
7ff96ec9f000-7ff96ecbf000 rwxp 00000000 00:00 0 
7ff96ecbf000-7ff96ecc0000 r-xp 00000000 08:03 18618886                   /usr/lib/jvm/java-6-openjdk-amd64/jre/lib/amd64/libjawt.so
7ff96ecc0000-7ff96eebf000 ---p 00001000 08:03 18618886                   /usr/lib/jvm/java-6-openjdk-amd64/jre/lib/amd64/libjawt.so
7ff96eebf000-7ff96eec0000 r--p 00000000 08:03 18618886                   /usr/lib/jvm/java-6-openjdk-amd64/jre/lib/amd64/libjawt.so
7ff96eec0000-7ff96eec1000 rw-p 00001000 08:03 18618886                   /usr/lib/jvm/java-6-openjdk-amd64/jre/lib/amd64/libjawt.so
7ff96eec1000-7ff96eec5000 r-xp 00000000 08:03 18488287                   /usr/lib/x86_64-linux-gnu/libXxf86vm.so.1.0.0
7ff96eec5000-7ff96f0c4000 ---p 00004000 08:03 18488287                   /usr/lib/x86_64-linux-gnu/libXxf86vm.so.1.0.0
7ff96f0c4000-7ff96f0c5000 r--p 00003000 08:03 18488287                   /usr/lib/x86_64-linux-gnu/libXxf86vm.so.1.0.0
7ff96f0c5000-7ff96f0c6000 rw-p 00004000 08:03 18488287                   /usr/lib/x86_64-linux-gnu/libXxf86vm.so.1.0.0
7ff96f0c6000-7ff96f0ce000 r-xp 00000000 08:03 18488277                   /usr/lib/x86_64-linux-gnu/libXrandr.so.2.2.0
7ff96f0ce000-7ff96f2cd000 ---p 00008000 08:03 18488277                   /usr/lib/x86_64-linux-gnu/libXrandr.so.2.2.0
7ff96f2cd000-7ff96f2ce000 r--p 00007000 08:03 18488277                   /usr/lib/x86_64-linux-gnu/libXrandr.so.2.2.0
7ff96f2ce000-7ff96f2cf000 rw-p 00008000 08:03 18488277                   /usr/lib/x86_64-linux-gnu/libXrandr.so.2.2.0
7ff96f2cf000-7ff96f30f000 r-xp 00000000 08:03 15602617                   /home/arwilczek90/workspace/Elements/lib/slick/liblwjgl64.so
7ff96f30f000-7ff96f40f000 ---p 00040000 08:03 15602617                   /home/arwilczek90/workspace/Elements/lib/slick/liblwjgl64.so
7ff96f40f000-7ff96f411000 rw-p 00040000 08:03 15602617                   /home/arwilczek90/workspace/Elements/lib/slick/liblwjgl64.so
7ff96f411000-7ff96f414000 ---p 00000000 00:00 0 
7ff96f414000-7ff96f512000 rw-p 00000000 00:00 0 
7ff96f512000-7ff96f517000 r-xp 00000000 08:03 18488261                   /usr/lib/x86_64-linux-gnu/libXfixes.so.3.1.0
7ff96f517000-7ff96f716000 ---p 00005000 08:03 18488261                   /usr/lib/x86_64-linux-gnu/libXfixes.so.3.1.0
7ff96f716000-7ff96f717000 r--p 00004000 08:03 18488261                   /usr/lib/x86_64-linux-gnu/libXfixes.so.3.1.0
7ff96f717000-7ff96f718000 rw-p 00005000 08:03 18488261                   /usr/lib/x86_64-linux-gnu/libXfixes.so.3.1.0
7ff96f718000-7ff96f721000 r-xp 00000000 08:03 18488253                   /usr/lib/x86_64-linux-gnu/libXcursor.so.1.0.2
7ff96f721000-7ff96f920000 ---p 00009000 08:03 18488253                   /usr/lib/x86_64-linux-gnu/libXcursor.so.1.0.2
7ff96f920000-7ff96f921000 r--p 00008000 08:03 18488253                   /usr/lib/x86_64-linux-gnu/libXcursor.so.1.0.2
7ff96f921000-7ff96f922000 rw-p 00009000 08:03 18488253                   /usr/lib/x86_64-linux-gnu/libXcursor.so.1.0.2
7ff96f922000-7ff96f9b8000 r-xp 00000000 08:03 18488439                   /usr/lib/x86_64-linux-gnu/libfreetype.so.6.8.0
7ff96f9b8000-7ff96fbb7000 ---p 00096000 08:03 18488439                   /usr/lib/x86_64-linux-gnu/libfreetype.so.6.8.0
7ff96fbb7000-7ff96fbbd000 r--p 00095000 08:03 18488439                   /usr/lib/x86_64-linux-gnu/libfreetype.so.6.8.0
7ff96fbbd000-7ff96fbbe000 rw-p 0009b000 08:03 18488439                   /usr/lib/x86_64-linux-gnu/libfreetype.so.6.8.0
7ff96fbbe000-7ff96fbf8000 r-xp 00000000 08:03 18618871                   /usr/lib/jvm/java-6-openjdk-amd64/jre/lib/amd64/libfontmanager.so
7ff96fbf8000-7ff96fdf7000 ---p 0003a000 08:03 18618871                   /usr/lib/jvm/java-6-openjdk-amd64/jre/lib/amd64/libfontmanager.so
7ff96fdf7000-7ff96fdf9000 r--p 00039000 08:03 18618871                   /usr/lib/jvm/java-6-openjdk-amd64/jre/lib/amd64/libfontmanager.so
7ff96fdf9000-7ff96fdfa000 rw-p 0003b000 08:03 18618871                   /usr/lib/jvm/java-6-openjdk-amd64/jre/lib/amd64/libfontmanager.so
7ff96fdfa000-7ff96fdff000 r-xp 00000000 08:03 18488257                   /usr/lib/x86_64-linux-gnu/libXdmcp.so.6.0.0
7ff96fdff000-7ff96fffe000 ---p 00005000 08:03 18488257                   /usr/lib/x86_64-linux-gnu/libXdmcp.so.6.0.0
7ff96fffe000-7ff96ffff000 r--p 00004000 08:03 18488257                   /usr/lib/x86_64-linux-gnu/libXdmcp.so.6.0.0
7ff96ffff000-7ff970000000 rw-p 00005000 08:03 18488257                   /usr/lib/x86_64-linux-gnu/libXdmcp.so.6.0.0
7ff970000000-7ff970021000 rw-p 00000000 00:00 0 
7ff970021000-7ff974000000 ---p 00000000 00:00 0 
7ff974000000-7ff974001000 r--s 00003000 08:03 15598508                   /home/arwilczek90/workspace/Elements/lib/slick/lib/scalar.jar
7ff974001000-7ff974002000 r--s 00043000 08:03 15598505                   /home/arwilczek90/workspace/Elements/lib/slick/lib/natives-win32.jar
7ff974002000-7ff974004000 r--s 00033000 08:03 15598504                   /home/arwilczek90/workspace/Elements/lib/slick/lib/natives-mac.jar
7ff974004000-7ff974005000 r--s 0003d000 08:03 15598503                   /home/arwilczek90/workspace/Elements/lib/slick/lib/natives-linux.jar
7ff974005000-7ff97400c000 r--s 00073000 08:03 15598502                   /home/arwilczek90/workspace/Elements/lib/slick/lib/lwjgl.jar
7ff97400c000-7ff97400e000 r--s 0000d000 08:03 15598501                   /home/arwilczek90/workspace/Elements/lib/slick/lib/jorbis-0.0.15.jar
7ff97400e000-7ff97400f000 r--s 00001000 08:03 15598500                   /home/arwilczek90/workspace/Elements/lib/slick/lib/jogg-0.0.7.jar
7ff97400f000-7ff974010000 r--s 00001000 08:03 15598499                   /home/arwilczek90/workspace/Elements/lib/slick/lib/jnlp.jar
7ff974010000-7ff974015000 r--s 0002f000 08:03 15598498                   /home/arwilczek90/workspace/Elements/lib/slick/lib/jinput.jar
7ff974015000-7ff974017000 r--s 00008000 08:03 15598497                   /home/arwilczek90/workspace/Elements/lib/slick/lib/ibxm.jar
7ff974017000-7ff97401a000 r--s 0005b000 08:03 15598496                   /home/arwilczek90/workspace/Elements/lib/slick/lib/hiero.jar
7ff97401a000-7ff974025000 r--s 00093000 08:03 15597692                   /home/arwilczek90/workspace/Elements/lib/slick.jar
7ff974025000-7ff97402c000 r--s 000fb000 08:03 18618812                   /usr/lib/jvm/java-6-openjdk-common/jre/lib/resources.jar
7ff97402c000-7ff97402d000 r--s 00000000 08:03 19927127                   /var/cache/fontconfig/c05880de57d1f5e948fdfacc138775d9-le64.cache-3
7ff97402d000-7ff974036000 r--s 00000000 08:03 19927122                   /var/cache/fontconfig/945677eb7aeaf62f1d50efc3fb3ec7d8-le64.cache-3
7ff974036000-7ff974038000 r--s 00000000 08:03 19927123                   /var/cache/fontconfig/99e8ed0e538f840c565b6ed5dad60d56-le64.cache-3
7ff974038000-7ff97403c000 r--s 00000000 08:03 19927109                   /var/cache/fontconfig/2cd17615ca594fa2959ae173292e504c-le64.cache-3
7ff97403c000-7ff97403d000 r--s 00000000 08:03 19927134                   /var/cache/fontconfig/e7071f4a29fa870f4323321c154eba04-le64.cache-3
7ff97403d000-7ff97403e000 r--s 00000000 08:03 19927107                   /var/cache/fontconfig/0d8c3b2ac0904cb8a57a757ad11a4a08-le64.cache-3
7ff97403e000-7ff974044000 r--s 00000000 08:03 19927124                   /var/cache/fontconfig/a755afe4a08bf5b97852ceb7400b47bc-le64.cache-3
7ff974044000-7ff97404d000 r--s 00000000 08:03 19927460                   /var/cache/fontconfig/6d41288fd70b0be22e8c3a91e032eec0-le64.cache-3
7ff97404d000-7ff97407b000 r--s 00000000 08:03 19927454                   /var/cache/fontconfig/365b55f210c0a22e9a19e35191240f32-le64.cache-3
7ff97407b000-7ff97407d000 r-xp 00000000 08:03 18488246                   /usr/lib/x86_64-linux-gnu/libXau.so.6.0.0
7ff97407d000-7ff97427c000 ---p 00002000 08:03 18488246                   /usr/lib/x86_64-linux-gnu/libXau.so.6.0.0
7ff97427c000-7ff97427d000 r--p 00001000 08:03 18488246                   /usr/lib/x86_64-linux-gnu/libXau.so.6.0.0
7ff97427d000-7ff97427e000 rw-p 00002000 08:03 18488246                   /usr/lib/x86_64-linux-gnu/libXau.so.6.0.0
7ff97427e000-7ff97429b000 r-xp 00000000 08:03 18488845                   /usr/lib/x86_64-linux-gnu/libxcb.so.1.1.0
7ff97429b000-7ff97449a000 ---p 0001d000 08:03 18488845                   /usr/lib/x86_64-linux-gnu/libxcb.so.1.1.0
7ff97449a000-7ff97449b000 r--p 0001c000 08:03 18488845                   /usr/lib/x86_64-linux-gnu/libxcb.so.1.1.0
7ff97449b000-7ff97449c000 rw-p 0001d000 08:03 18488845                   /usr/lib/x86_64-linux-gnu/libxcb.so.1.1.0
7ff97449c000-7ff9744aa000 r-xp 00000000 08:03 18488265                   /usr/lib/x86_64-linux-gnu/libXi.so.6.1.0
7ff9744aa000-7ff9746a9000 ---p 0000e000 08:03 18488265                   /usr/lib/x86_64-linux-gnu/libXi.so.6.1.0
7ff9746a9000-7ff9746aa000 r--p 0000d000 08:03 18488265                   /usr/lib/x86_64-linux-gnu/libXi.so.6.1.0
7ff9746aa000-7ff9746ab000 rw-p 0000e000 08:03 18488265                   /usr/lib/x86_64-linux-gnu/libXi.so.6.1.0
7ff9746ab000-7ff9746b0000 r-xp 00000000 08:03 18488283                   /usr/lib/x86_64-linux-gnu/libXtst.so.6.1.0
7ff9746b0000-7ff9748af000 ---p 00005000 08:03 18488283                   /usr/lib/x86_64-linux-gnu/libXtst.so.6.1.0
7ff9748af000-7ff9748b0000 r--p 00004000 08:03 18488283                   /usr/lib/x86_64-linux-gnu/libXtst.so.6.1.0
7ff9748b0000-7ff9748b1000 rw-p 00005000 08:03 18488283                   /usr/lib/x86_64-linux-gnu/libXtst.so.6.1.0
7ff9748b1000-7ff9748ba000 r-xp 00000000 08:03 18488279                   /usr/lib/x86_64-linux-gnu/libXrender.so.1.3.0
7ff9748ba000-7ff974ab9000 ---p 00009000 08:03 18488279                   /usr/lib/x86_64-linux-gnu/libXrender.so.1.3.0
7ff974ab9000-7ff974aba000 r--p 00008000 08:03 18488279                   /usr/lib/x86_64-linux-gnu/libXrender.so.1.3.0
7ff974aba000-7ff974abb000 rw-p 00009000 08:03 18488279                   /usr/lib/x86_64-linux-gnu/libXrender.so.1.3.0
7ff974abb000-7ff974bea000 r-xp 00000000 08:03 18488244                   /usr/lib/x86_64-linux-gnu/libX11.so.6.3.0
7ff974bea000-7ff974dea000 ---p 0012f000 08:03 18488244                   /usr/lib/x86_64-linux-gnu/libX11.so.6.3.0
7ff974dea000-7ff974deb000 r--p 0012f000 08:03 18488244                   /usr/lib/x86_64-linux-gnu/libX11.so.6.3.0
7ff974deb000-7ff974def000 rw-p 00130000 08:03 18488244                   /usr/lib/x86_64-linux-gnu/libX11.so.6.3.0
7ff974def000-7ff974dff000 r-xp 00000000 08:03 18488259                   /usr/lib/x86_64-linux-gnu/libXext.so.6.4.0
7ff974dff000-7ff974ffe000 ---p 00010000 08:03 18488259                   /usr/lib/x86_64-linux-gnu/libXext.so.6.4.0
7ff974ffe000-7ff974fff000 r--p 0000f000 08:03 18488259                   /usr/lib/x86_64-linux-gnu/libXext.so.6.4.0
7ff974fff000-7ff975000000 rw-p 00010000 08:03 18488259                   /usr/lib/x86_64-linux-gnu/libXext.so.6.4.0
7ff975000000-7ff975270000 rwxp 00000000 00:00 0 
7ff975270000-7ff978d49000 rw-p 00000000 00:00 0 
7ff978d49000-7ff97c000000 ---p 00000000 00:00 0 
7ff97c000000-7ff97c001000 r--s 00007000 08:03 15597697                   /home/arwilczek90/workspace/Elements/lib/slick/applet/lwjgl_util_applet.jar
7ff97c001000-7ff97c002000 rw-s 00005000 00:05 10225                      /dev/ati/card0
7ff97c002000-7ff97c012000 r--s 00000000 08:03 19927106                   /var/cache/fontconfig/04aabc0a78ac019cf9454389977116d2-le64.cache-3
7ff97c012000-7ff97c015000 r--s 00000000 08:03 19927112                   /var/cache/fontconfig/385c0604a188198f04d133e54aba7fe7-le64.cache-3
7ff97c015000-7ff97c016000 r--s 00000000 08:03 19927113                   /var/cache/fontconfig/4794a0821666d79190d59a36cb4f44b5-le64.cache-3
7ff97c016000-7ff97c019000 r--s 00000000 08:03 19927121                   /var/cache/fontconfig/8801497958630a81b71ace7c5f9b32a8-le64.cache-3
7ff97c019000-7ff97c01e000 r--s 00000000 08:03 19927110                   /var/cache/fontconfig/3047814df9a2f067bd2d96a2b9c36e5a-le64.cache-3
7ff97c01e000-7ff97c01f000 r--s 00000000 08:03 19927115                   /var/cache/fontconfig/56cf4f4769d0f4abc89a4895d7bd3ae1-le64.cache-3
7ff97c01f000-7ff97c020000 r--s 00000000 08:03 19927126                   /var/cache/fontconfig/b9d506c9ac06c20b433354fa67a72993-le64.cache-3
7ff97c020000-7ff97c025000 r--s 00000000 08:03 19927125                   /var/cache/fontconfig/b47c4e1ecd0709278f4910c18777a504-le64.cache-3
7ff97c025000-7ff97c035000 r--s 00000000 08:03 19927130                   /var/cache/fontconfig/d52a8644073d54c13679302ca1180695-le64.cache-3
7ff97c035000-7ff97c038000 r--s 00000000 08:03 19927196                   /var/cache/fontconfig/e13b20fdb08344e0e664864cc2ede53d-le64.cache-3
7ff97c038000-7ff97c03c000 r--s 00000000 08:03 19927452                   /var/cache/fontconfig/7ef2298fde41cc6eeb7af42e48b7d293-le64.cache-3
7ff97c03c000-7ff97c03d000 r--s 00000000 08:03 19927127                   /var/cache/fontconfig/c05880de57d1f5e948fdfacc138775d9-le64.cache-3
7ff97c03d000-7ff97c046000 r--s 00000000 08:03 19927122                   /var/cache/fontconfig/945677eb7aeaf62f1d50efc3fb3ec7d8-le64.cache-3
7ff97c046000-7ff97c048000 r--s 00000000 08:03 19927123                   /var/cache/fontconfig/99e8ed0e538f840c565b6ed5dad60d56-le64.cache-3
7ff97c048000-7ff97c04c000 r--s 00000000 08:03 19927109                   /var/cache/fontconfig/2cd17615ca594fa2959ae173292e504c-le64.cache-3
7ff97c04c000-7ff97c04d000 r--s 00000000 08:03 19927134                   /var/cache/fontconfig/e7071f4a29fa870f4323321c154eba04-le64.cache-3
7ff97c04d000-7ff97c04e000 r--s 00000000 08:03 19927107                   /var/cache/fontconfig/0d8c3b2ac0904cb8a57a757ad11a4a08-le64.cache-3
7ff97c04e000-7ff97c054000 r--s 00000000 08:03 19927124                   /var/cache/fontconfig/a755afe4a08bf5b97852ceb7400b47bc-le64.cache-3
7ff97c054000-7ff97c05d000 r--s 00000000 08:03 19927460                   /var/cache/fontconfig/6d41288fd70b0be22e8c3a91e032eec0-le64.cache-3
7ff97c05d000-7ff97c06d000 r--s 00000000 08:03 19927106                   /var/cache/fontconfig/04aabc0a78ac019cf9454389977116d2-le64.cache-3
7ff97c06d000-7ff97c070000 r--s 00000000 08:03 19927112                   /var/cache/fontconfig/385c0604a188198f04d133e54aba7fe7-le64.cache-3
7ff97c070000-7ff97c071000 r--s 00000000 08:03 19927113                   /var/cache/fontconfig/4794a0821666d79190d59a36cb4f44b5-le64.cache-3
7ff97c071000-7ff97c074000 r--s 00000000 08:03 19927121                   /var/cache/fontconfig/8801497958630a81b71ace7c5f9b32a8-le64.cache-3
7ff97c074000-7ff97c0a2000 r--s 00000000 08:03 19927454                   /var/cache/fontconfig/365b55f210c0a22e9a19e35191240f32-le64.cache-3
7ff97c0a2000-7ff97c0b2000 r--s 00000000 08:03 19927130                   /var/cache/fontconfig/d52a8644073d54c13679302ca1180695-le64.cache-3
7ff97c0b2000-7ff97c0b5000 ---p 00000000 00:00 0 
7ff97c0b5000-7ff97c1b3000 rw-p 00000000 00:00 0 
7ff97c1b3000-7ff97c1fe000 r-xp 00000000 08:03 18618972                   /usr/lib/jvm/java-6-openjdk-amd64/jre/lib/amd64/xawt/libmawt.so
7ff97c1fe000-7ff97c3fe000 ---p 0004b000 08:03 18618972                   /usr/lib/jvm/java-6-openjdk-amd64/jre/lib/amd64/xawt/libmawt.so
7ff97c3fe000-7ff97c3ff000 r--p 0004b000 08:03 18618972                   /usr/lib/jvm/java-6-openjdk-amd64/jre/lib/amd64/xawt/libmawt.so
7ff97c3ff000-7ff97c402000 rw-p 0004c000 08:03 18618972                   /usr/lib/jvm/java-6-openjdk-amd64/jre/lib/amd64/xawt/libmawt.so
7ff97c402000-7ff97c403000 rw-p 00000000 00:00 0 
7ff97c403000-7ff97c4af000 r-xp 00000000 08:03 18618874                   /usr/lib/jvm/java-6-openjdk-amd64/jre/lib/amd64/libawt.so
7ff97c4af000-7ff97c6ae000 ---p 000ac000 08:03 18618874                   /usr/lib/jvm/java-6-openjdk-amd64/jre/lib/amd64/libawt.so
7ff97c6ae000-7ff97c6af000 r--p 000ab000 08:03 18618874                   /usr/lib/jvm/java-6-openjdk-amd64/jre/lib/amd64/libawt.so
7ff97c6af000-7ff97c6ba000 rw-p 000ac000 08:03 18618874                   /usr/lib/jvm/java-6-openjdk-amd64/jre/lib/amd64/libawt.so
7ff97c6ba000-7ff97c6df000 rw-p 00000000 00:00 0 
7ff97c6df000-7ff97c6e0000 ---p 00000000 00:00 0 
7ff97c6e0000-7ff97c7e0000 rw-p 00000000 00:00 0 
7ff97c7e0000-7ff97c7e3000 ---p 00000000 00:00 0 
7ff97c7e3000-7ff97c8e1000 rw-p 00000000 00:00 0 
7ff97c8e1000-7ff97c8e4000 ---p 00000000 00:00 0 
7ff97c8e4000-7ff97c9e2000 rw-p 00000000 00:00 0 
7ff97c9e2000-7ff97c9e5000 ---p 00000000 00:00 0 
7ff97c9e5000-7ff97cae3000 rw-p 00000000 00:00 0 
7ff97cae3000-7ff97cae6000 ---p 00000000 00:00 0 
7ff97cae6000-7ff97cbe4000 rw-p 00000000 00:00 0 
7ff97cbe4000-7ff97d2c7000 r--p 00000000 08:03 18487587                   /usr/lib/locale/locale-archive
7ff97d2c7000-7ff97d2ca000 ---p 00000000 00:00 0 
7ff97d2ca000-7ff97d3c8000 rw-p 00000000 00:00 0 
7ff97d3c8000-7ff97d3cb000 ---p 00000000 00:00 0 
7ff97d3cb000-7ff97d4c9000 rw-p 00000000 00:00 0 
7ff97d4c9000-7ff97d4ca000 ---p 00000000 00:00 0 
7ff97d4ca000-7ff97db02000 rw-p 00000000 00:00 0 
7ff97db02000-7ff97dc94000 r--s 037bf000 08:03 18618843                   /usr/lib/jvm/java-6-openjdk-amd64/jre/lib/rt.jar
7ff97dc94000-7ff97dcbc000 rw-p 00000000 00:00 0 
7ff97dcbc000-7ff97dcbd000 ---p 00000000 00:00 0 
7ff97dcbd000-7ff97ddbd000 rw-p 00000000 00:00 0 
7ff97ddbd000-7ff97ddbe000 ---p 00000000 00:00 0 
7ff97ddbe000-7ff97debe000 rw-p 00000000 00:00 0 
7ff97debe000-7ff97debf000 ---p 00000000 00:00 0 
7ff97debf000-7ff97dfbf000 rw-p 00000000 00:00 0 
7ff97dfbf000-7ff97dfc0000 ---p 00000000 00:00 0 
7ff97dfc0000-7ff97e0cb000 rw-p 00000000 00:00 0 
7ff97e0cb000-7ff97e113000 rw-p 00000000 00:00 0 
7ff97e113000-7ff97e13a000 rw-p 00000000 00:00 0 
7ff97e13a000-7ff97e381000 rw-p 00000000 00:00 0 
7ff97e381000-7ff97e38c000 rw-p 00000000 00:00 0 
7ff97e38c000-7ff97e3d4000 rw-p 00000000 00:00 0 
7ff97e3d4000-7ff97e3fb000 rw-p 00000000 00:00 0 
7ff97e3fb000-7ff97e642000 rw-p 00000000 00:00 0 
7ff97e642000-7ff97e656000 rw-p 00000000 00:00 0 
7ff97e656000-7ff97e779000 rw-p 00000000 00:00 0 
7ff97e779000-7ff97e77a000 rw-p 00000000 00:00 0 
7ff97e77a000-7ff97e781000 r-xp 00000000 08:03 18618888                   /usr/lib/jvm/java-6-openjdk-amd64/jre/lib/amd64/libzip.so
7ff97e781000-7ff97e980000 ---p 00007000 08:03 18618888                   /usr/lib/jvm/java-6-openjdk-amd64/jre/lib/amd64/libzip.so
7ff97e980000-7ff97e981000 r--p 00006000 08:03 18618888                   /usr/lib/jvm/java-6-openjdk-amd64/jre/lib/amd64/libzip.so
7ff97e981000-7ff97e982000 rw-p 00007000 08:03 18618888                   /usr/lib/jvm/java-6-openjdk-amd64/jre/lib/amd64/libzip.so
7ff97e982000-7ff97e98e000 r-xp 00000000 08:03 21758081                   /lib/x86_64-linux-gnu/libnss_files-2.15.so
7ff97e98e000-7ff97eb8d000 ---p 0000c000 08:03 21758081                   /lib/x86_64-linux-gnu/libnss_files-2.15.so
7ff97eb8d000-7ff97eb8e000 r--p 0000b000 08:03 21758081                   /lib/x86_64-linux-gnu/libnss_files-2.15.so
7ff97eb8e000-7ff97eb8f000 rw-p 0000c000 08:03 21758081                   /lib/x86_64-linux-gnu/libnss_files-2.15.so
7ff97eb8f000-7ff97eb99000 r-xp 00000000 08:03 21758077                   /lib/x86_64-linux-gnu/libnss_nis-2.15.so
7ff97eb99000-7ff97ed99000 ---p 0000a000 08:03 21758077                   /lib/x86_64-linux-gnu/libnss_nis-2.15.so
7ff97ed99000-7ff97ed9a000 r--p 0000a000 08:03 21758077                   /lib/x86_64-linux-gnu/libnss_nis-2.15.so
7ff97ed9a000-7ff97ed9b000 rw-p 0000b000 08:03 21758077                   /lib/x86_64-linux-gnu/libnss_nis-2.15.so
7ff97ed9b000-7ff97edb2000 r-xp 00000000 08:03 21761730                   /lib/x86_64-linux-gnu/libnsl-2.15.so
7ff97edb2000-7ff97efb1000 ---p 00017000 08:03 21761730                   /lib/x86_64-linux-gnu/libnsl-2.15.so
7ff97efb1000-7ff97efb2000 r--p 00016000 08:03 21761730                   /lib/x86_64-linux-gnu/libnsl-2.15.so
7ff97efb2000-7ff97efb3000 rw-p 00017000 08:03 21761730                   /lib/x86_64-linux-gnu/libnsl-2.15.so
7ff97efb3000-7ff97efb5000 rw-p 00000000 00:00 0 
7ff97efb5000-7ff97efbd000 r-xp 00000000 08:03 21758082                   /lib/x86_64-linux-gnu/libnss_compat-2.15.so
7ff97efbd000-7ff97f1bc000 ---p 00008000 08:03 21758082                   /lib/x86_64-linux-gnu/libnss_compat-2.15.so
7ff97f1bc000-7ff97f1bd000 r--p 00007000 08:03 21758082                   /lib/x86_64-linux-gnu/libnss_compat-2.15.so
7ff97f1bd000-7ff97f1be000 rw-p 00008000 08:03 21758082                   /lib/x86_64-linux-gnu/libnss_compat-2.15.so
7ff97f1be000-7ff97f1ea000 r-xp 00000000 08:03 18618873                   /usr/lib/jvm/java-6-openjdk-amd64/jre/lib/amd64/libjava.so
7ff97f1ea000-7ff97f3e9000 ---p 0002c000 08:03 18618873                   /usr/lib/jvm/java-6-openjdk-amd64/jre/lib/amd64/libjava.so
7ff97f3e9000-7ff97f3ea000 r--p 0002b000 08:03 18618873                   /usr/lib/jvm/java-6-openjdk-amd64/jre/lib/amd64/libjava.so
7ff97f3ea000-7ff97f3ed000 rw-p 0002c000 08:03 18618873                   /usr/lib/jvm/java-6-openjdk-amd64/jre/lib/amd64/libjava.so
7ff97f3ed000-7ff97f3fb000 r-xp 00000000 08:03 18618872                   /usr/lib/jvm/java-6-openjdk-amd64/jre/lib/amd64/libverify.so
7ff97f3fb000-7ff97f5fa000 ---p 0000e000 08:03 18618872                   /usr/lib/jvm/java-6-openjdk-amd64/jre/lib/amd64/libverify.so
7ff97f5fa000-7ff97f5fc000 r--p 0000d000 08:03 18618872                   /usr/lib/jvm/java-6-openjdk-amd64/jre/lib/amd64/libverify.so
7ff97f5fc000-7ff97f5fd000 rw-p 0000f000 08:03 18618872                   /usr/lib/jvm/java-6-openjdk-amd64/jre/lib/amd64/libverify.so
7ff97f5fd000-7ff97f604000 r-xp 00000000 08:03 21758075                   /lib/x86_64-linux-gnu/librt-2.15.so
7ff97f604000-7ff97f803000 ---p 00007000 08:03 21758075                   /lib/x86_64-linux-gnu/librt-2.15.so
7ff97f803000-7ff97f804000 r--p 00006000 08:03 21758075                   /lib/x86_64-linux-gnu/librt-2.15.so
7ff97f804000-7ff97f805000 rw-p 00007000 08:03 21758075                   /lib/x86_64-linux-gnu/librt-2.15.so
7ff97f805000-7ff97f81a000 r-xp 00000000 08:03 21761542                   /lib/x86_64-linux-gnu/libgcc_s.so.1
7ff97f81a000-7ff97fa19000 ---p 00015000 08:03 21761542                   /lib/x86_64-linux-gnu/libgcc_s.so.1
7ff97fa19000-7ff97fa1a000 r--p 00014000 08:03 21761542                   /lib/x86_64-linux-gnu/libgcc_s.so.1
7ff97fa1a000-7ff97fa1b000 rw-p 00015000 08:03 21761542                   /lib/x86_64-linux-gnu/libgcc_s.so.1
7ff97fa1b000-7ff97fb14000 r-xp 00000000 08:03 21758079                   /lib/x86_64-linux-gnu/libm-2.15.so
7ff97fb14000-7ff97fd13000 ---p 000f9000 08:03 21758079                   /lib/x86_64-linux-gnu/libm-2.15.so
7ff97fd13000-7ff97fd14000 r--p 000f8000 08:03 21758079                   /lib/x86_64-linux-gnu/libm-2.15.so
7ff97fd14000-7ff97fd15000 rw-p 000f9000 08:03 21758079                   /lib/x86_64-linux-gnu/libm-2.15.so
7ff97fd15000-7ff97fdf7000 r-xp 00000000 08:03 18488773                   /usr/lib/x86_64-linux-gnu/libstdc++.so.6.0.16
7ff97fdf7000-7ff97fff6000 ---p 000e2000 08:03 18488773                   /usr/lib/x86_64-linux-gnu/libstdc++.so.6.0.16
7ff97fff6000-7ff97fffe000 r--p 000e1000 08:03 18488773                   /usr/lib/x86_64-linux-gnu/libstdc++.so.6.0.16
7ff97fffe000-7ff980000000 rw-p 000e9000 08:03 18488773                   /usr/lib/x86_64-linux-gnu/libstdc++.so.6.0.16
7ff980000000-7ff980015000 rw-p 00000000 00:00 0 
7ff980015000-7ff980919000 r-xp 00000000 08:03 18618878                   /usr/lib/jvm/java-6-openjdk-amd64/jre/lib/amd64/server/libjvm.so
7ff980919000-7ff980b19000 ---p 00904000 08:03 18618878                   /usr/lib/jvm/java-6-openjdk-amd64/jre/lib/amd64/server/libjvm.so
7ff980b19000-7ff980b99000 r--p 00904000 08:03 18618878                   /usr/lib/jvm/java-6-openjdk-amd64/jre/lib/amd64/server/libjvm.so
7ff980b99000-7ff980bb4000 rw-p 00984000 08:03 18618878                   /usr/lib/jvm/java-6-openjdk-amd64/jre/lib/amd64/server/libjvm.so
7ff980bb4000-7ff980bdd000 rw-p 00000000 00:00 0 
7ff980bdd000-7ff980bf3000 r-xp 00000000 08:03 21761632                   /lib/x86_64-linux-gnu/libz.so.1.2.3.4
7ff980bf3000-7ff980df2000 ---p 00016000 08:03 21761632                   /lib/x86_64-linux-gnu/libz.so.1.2.3.4
7ff980df2000-7ff980df3000 r--p 00015000 08:03 21761632                   /lib/x86_64-linux-gnu/libz.so.1.2.3.4
7ff980df3000-7ff980df4000 rw-p 00016000 08:03 21761632                   /lib/x86_64-linux-gnu/libz.so.1.2.3.4
7ff980df4000-7ff980fa9000 r-xp 00000000 08:03 21757975                   /lib/x86_64-linux-gnu/libc-2.15.so
7ff980fa9000-7ff9811a8000 ---p 001b5000 08:03 21757975                   /lib/x86_64-linux-gnu/libc-2.15.so
7ff9811a8000-7ff9811ac000 r--p 001b4000 08:03 21757975                   /lib/x86_64-linux-gnu/libc-2.15.so
7ff9811ac000-7ff9811ae000 rw-p 001b8000 08:03 21757975                   /lib/x86_64-linux-gnu/libc-2.15.so
7ff9811ae000-7ff9811b3000 rw-p 00000000 00:00 0 
7ff9811b3000-7ff9811b5000 r-xp 00000000 08:03 21757964                   /lib/x86_64-linux-gnu/libdl-2.15.so
7ff9811b5000-7ff9813b5000 ---p 00002000 08:03 21757964                   /lib/x86_64-linux-gnu/libdl-2.15.so
7ff9813b5000-7ff9813b6000 r--p 00002000 08:03 21757964                   /lib/x86_64-linux-gnu/libdl-2.15.so
7ff9813b6000-7ff9813b7000 rw-p 00003000 08:03 21757964                   /lib/x86_64-linux-gnu/libdl-2.15.so
7ff9813b7000-7ff9813bb000 r-xp 00000000 08:03 18618855                   /usr/lib/jvm/java-6-openjdk-amd64/jre/lib/amd64/jli/libjli.so
7ff9813bb000-7ff9815ba000 ---p 00004000 08:03 18618855                   /usr/lib/jvm/java-6-openjdk-amd64/jre/lib/amd64/jli/libjli.so
7ff9815ba000-7ff9815bb000 r--p 00003000 08:03 18618855                   /usr/lib/jvm/java-6-openjdk-amd64/jre/lib/amd64/jli/libjli.so
7ff9815bb000-7ff9815bc000 rw-p 00004000 08:03 18618855                   /usr/lib/jvm/java-6-openjdk-amd64/jre/lib/amd64/jli/libjli.so
7ff9815bc000-7ff9815d4000 r-xp 00000000 08:03 21758073                   /lib/x86_64-linux-gnu/libpthread-2.15.so
7ff9815d4000-7ff9817d3000 ---p 00018000 08:03 21758073                   /lib/x86_64-linux-gnu/libpthread-2.15.so
7ff9817d3000-7ff9817d4000 r--p 00017000 08:03 21758073                   /lib/x86_64-linux-gnu/libpthread-2.15.so
7ff9817d4000-7ff9817d5000 rw-p 00018000 08:03 21758073                   /lib/x86_64-linux-gnu/libpthread-2.15.so
7ff9817d5000-7ff9817d9000 rw-p 00000000 00:00 0 
7ff9817d9000-7ff9817fb000 r-xp 00000000 08:03 21758085                   /lib/x86_64-linux-gnu/ld-2.15.so
7ff9817fb000-7ff9817fd000 rw-s 00002000 00:05 10225                      /dev/ati/card0
7ff9817fd000-7ff981802000 r--s 00000000 08:03 19927110                   /var/cache/fontconfig/3047814df9a2f067bd2d96a2b9c36e5a-le64.cache-3
7ff981802000-7ff981803000 r--s 00000000 08:03 19927115                   /var/cache/fontconfig/56cf4f4769d0f4abc89a4895d7bd3ae1-le64.cache-3
7ff981803000-7ff981808000 r--s 00000000 08:03 19927125                   /var/cache/fontconfig/b47c4e1ecd0709278f4910c18777a504-le64.cache-3
7ff981808000-7ff98180b000 r--s 00000000 08:03 19927196                   /var/cache/fontconfig/e13b20fdb08344e0e664864cc2ede53d-le64.cache-3
7ff98180b000-7ff98180f000 r--s 00000000 08:03 19927452                   /var/cache/fontconfig/7ef2298fde41cc6eeb7af42e48b7d293-le64.cache-3
7ff98180f000-7ff981812000 r--s 0007d000 08:03 18618443                   /usr/lib/jvm/java-6-openjdk-common/jre/lib/jsse.jar
7ff981812000-7ff981819000 r--s 00073000 08:03 15597691                   /home/arwilczek90/workspace/Elements/lib/lwjgl.jar
7ff981819000-7ff981823000 rw-p 00000000 00:00 0 
7ff981823000-7ff9818d9000 rw-p 00000000 00:00 0 
7ff9818d9000-7ff9818dc000 ---p 00000000 00:00 0 
7ff9818dc000-7ff9819df000 rw-p 00000000 00:00 0 
7ff9819df000-7ff9819e0000 r--s 00000000 08:03 19927126                   /var/cache/fontconfig/b9d506c9ac06c20b433354fa67a72993-le64.cache-3
7ff9819e0000-7ff9819e2000 r--s 0000f000 08:03 18618803                   /usr/lib/jvm/java-6-openjdk-common/jre/lib/ext/pulse-java.jar
7ff9819e2000-7ff9819e5000 r--s 00077000 08:03 18618797                   /usr/lib/jvm/java-6-openjdk-common/jre/lib/ext/localedata.jar
7ff9819e5000-7ff9819e6000 r--s 00007000 08:03 18748229                   /usr/share/java/java-atk-wrapper.jar
7ff9819e6000-7ff9819e8000 r--s 00001000 08:03 18618801                   /usr/lib/jvm/java-6-openjdk-common/jre/lib/ext/dnsns.jar
7ff9819e8000-7ff9819ec000 r--s 00038000 08:03 18618795                   /usr/lib/jvm/java-6-openjdk-common/jre/lib/ext/sunpkcs11.jar
7ff9819ec000-7ff9819ef000 r--s 00031000 08:03 18618799                   /usr/lib/jvm/java-6-openjdk-common/jre/lib/ext/sunjce_provider.jar
7ff9819ef000-7ff9819f7000 rw-s 00000000 08:03 8126493                    /tmp/hsperfdata_arwilczek90/3649 (deleted)
7ff9819f7000-7ff9819f8000 rw-p 00000000 00:00 0 
7ff9819f8000-7ff9819f9000 ---p 00000000 00:00 0 
7ff9819f9000-7ff9819fb000 rw-p 00000000 00:00 0 
7ff9819fb000-7ff9819fc000 r--p 00022000 08:03 21758085                   /lib/x86_64-linux-gnu/ld-2.15.so
7ff9819fc000-7ff9819fe000 rw-p 00023000 08:03 21758085                   /lib/x86_64-linux-gnu/ld-2.15.so
7fffce604000-7fffce625000 rw-p 00000000 00:00 0                          [stack]
7fffce708000-7fffce709000 r-xp 00000000 00:00 0                          [vdso]
ffffffffff600000-ffffffffff601000 r-xp 00000000 00:00 0                  [vsyscall]

VM Arguments:
jvm_args: -Djava.library.path=/home/arwilczek90/workspace/Elements/lib/slick:/home/arwilczek90/workspace/Elements/lib/slick -Dfile.encoding=UTF-8 
java_command: com.hack.elements.view.Main
Launcher Type: SUN_STANDARD

Environment Variables:
PATH=/usr/lib/lightdm/lightdm:/usr/local/sbin:/usr/local/bin:/usr/sbin:/usr/bin:/sbin:/bin:/usr/games
LD_LIBRARY_PATH=/usr/lib/jvm/java-6-openjdk-amd64/jre/lib/amd64/server:/usr/lib/jvm/java-6-openjdk-amd64/jre/lib/amd64:/usr/lib/jvm/java-6-openjdk-amd64/jre/../lib/amd64
SHELL=/bin/bash
DISPLAY=:0.0

Signal Handlers:
SIGSEGV: [libjvm.so+0x784310], sa_mask[0]=0x7ffbfeff, sa_flags=0x10000004
SIGBUS: [libjvm.so+0x784310], sa_mask[0]=0x7ffbfeff, sa_flags=0x10000004
SIGFPE: [libjvm.so+0x648580], sa_mask[0]=0x7ffbfeff, sa_flags=0x10000004
SIGPIPE: [libjvm.so+0x648580], sa_mask[0]=0x7ffbfeff, sa_flags=0x10000004
SIGXFSZ: [libjvm.so+0x648580], sa_mask[0]=0x7ffbfeff, sa_flags=0x10000004
SIGILL: [libjvm.so+0x648580], sa_mask[0]=0x7ffbfeff, sa_flags=0x10000004
SIGUSR1: SIG_DFL, sa_mask[0]=0x00000000, sa_flags=0x00000000
SIGUSR2: [libjvm.so+0x648730], sa_mask[0]=0x00000004, sa_flags=0x10000004
SIGHUP: [libjvm.so+0x64b250], sa_mask[0]=0x7ffbfeff, sa_flags=0x10000004
SIGINT: [libjvm.so+0x64b250], sa_mask[0]=0x7ffbfeff, sa_flags=0x10000004
SIGTERM: [libjvm.so+0x64b250], sa_mask[0]=0x7ffbfeff, sa_flags=0x10000004
SIGQUIT: [libjvm.so+0x64b250], sa_mask[0]=0x7ffbfeff, sa_flags=0x10000004


---------------  S Y S T E M  ---------------

OS:Ubuntu 12.04 (precise)
uname:Linux 3.2.0-32-generic #51-Ubuntu SMP Wed Sep 26 21:33:09 UTC 2012 x86_64
libc:glibc 2.15 NPTL 2.15 
rlimit: STACK 8192k, CORE 0k, NPROC 59545, NOFILE 4096, AS infinity
load average:0.52 0.87 0.85

/proc/meminfo:
MemTotal:        7639648 kB
MemFree:         5254128 kB
Buffers:           80284 kB
Cached:           654644 kB
SwapCached:            0 kB
Active:          1545444 kB
Inactive:         488736 kB
Active(anon):    1300044 kB
Inactive(anon):     5736 kB
Active(file):     245400 kB
Inactive(file):   483000 kB
Unevictable:          20 kB
Mlocked:              20 kB
SwapTotal:       3818492 kB
SwapFree:        3818492 kB
Dirty:                60 kB
Writeback:             0 kB
AnonPages:       1299280 kB
Mapped:           226828 kB
Shmem:              6524 kB
Slab:              67336 kB
SReclaimable:      40896 kB
SUnreclaim:        26440 kB
KernelStack:        3480 kB
PageTables:        28728 kB
NFS_Unstable:          0 kB
Bounce:                0 kB
WritebackTmp:          0 kB
CommitLimit:     7638316 kB
Committed_AS:    3368116 kB
VmallocTotal:   34359738367 kB
VmallocUsed:      116912 kB
VmallocChunk:   34359619344 kB
HardwareCorrupted:     0 kB
AnonHugePages:         0 kB
HugePages_Total:       0
HugePages_Free:        0
HugePages_Rsvd:        0
HugePages_Surp:        0
Hugepagesize:       2048 kB
DirectMap4k:      147456 kB
DirectMap2M:     2453504 kB
DirectMap1G:     5242880 kB


CPU:total 4 (4 cores per cpu, 1 threads per core) family 18 model 1 stepping 0, cmov, cx8, fxsr, mmx, sse, sse2, sse3, popcnt, mmxext, 3dnowpref, lzcnt, sse4a

Memory: 4k page, physical 7639648k(5254128k free), swap 3818492k(3818492k free)

vm_info: OpenJDK 64-Bit Server VM (20.0-b12) for linux-amd64 JRE (1.6.0_24-b24), built on Sep  2 2012 19:50:47 by "buildd" with gcc 4.6.3

time: Sat Oct 13 13:00:21 2012
elapsed time: 120 seconds

