#
# A fatal error has been detected by the Java Runtime Environment:
#
#  SIGSEGV (0xb) at pc=0x00007f5aaa8d9c58, pid=13022, tid=140027479680768
#
# JRE version: 6.0_24-b24
# Java VM: OpenJDK 64-Bit Server VM (20.0-b12 mixed mode linux-amd64 compressed oops)
# Derivative: IcedTea6 1.11.4
# Distribution: Ubuntu 12.04 LTS, package 6b24-1.11.4-1ubuntu0.12.04.1
# Problematic frame:
# C  [libX11.so.6+0x33c58]  XQueryExtension+0x28
#
# If you would like to submit a bug report, please include
# instructions how to reproduce the bug and visit:
#   https://bugs.launchpad.net/ubuntu/+source/openjdk-6/
#

---------------  T H R E A D  ---------------

Current thread (0x00007f5ab4070000):  VMThread [stack: 0x00007f5ab01f6000,0x00007f5ab02f7000] [id=13032]

siginfo:si_signo=SIGSEGV: si_errno=0, si_code=1 (SEGV_MAPERR), si_addr=0xffffffffb4210418

Registers:
RAX=0x00007f5a98000bd0, RBX=0xffffffffb420fab0, RCX=0x00007f5ab02f58d8, RDX=0x00007f5ab02f58d4
RSP=0x00007f5ab02f5870, RBP=0x00007f5aa88b1932, RSI=0x00007f5aa88b1932, RDI=0xffffffffb420fab0
R8 =0x00007f5ab02f58dc, R9 =0x0000000000000010, R10=0x00007f5abaf2dfa8, R11=0x0000000000000000
R12=0x0000000000000000, R13=0x00007f5aa88b1932, R14=0x00007f5a98000bd0, R15=0x0000000000000000
RIP=0x00007f5aaa8d9c58, EFLAGS=0x0000000000010202, CSGSFS=0x0000000000000033, ERR=0x0000000000000005
  TRAPNO=0x000000000000000e

Top of Stack: (sp=0x00007f5ab02f5870)
0x00007f5ab02f5870:   0000000000000000 0000003000000003
0x00007f5ab02f5880:   0000006e0000005b 0000007c00000077
0x00007f5ab02f5890:   00000000ffffffff ffffffffb420fab0
0x00007f5ab02f58a0:   00007f5aa88b1932 0000000000000000
0x00007f5ab02f58b0:   00007f5aa88b1932 00007f5a98000bd0
0x00007f5ab02f58c0:   0000000000000000 00007f5aaa8cdc55
0x00007f5ab02f58d0:   00007f5abb77a048 00007f5aa89ea520
0x00007f5ab02f58e0:   00007f5aa89ea520 ffffffffb420fab0
0x00007f5ab02f58f0:   00007f5ab4199c00 00007f5aaabe702b
0x00007f5ab02f5900:   00007f5abab80790 000000110000002c
0x00007f5ab02f5910:   00007f5ab02f5990 0000000000000000
0x00007f5ab02f5920:   00007f5ab02f5990 ffffffffb420fab0
0x00007f5ab02f5930:   0000000000000000 00007f5abb77a048
0x00007f5ab02f5940:   00007f5aa8a03d50 00007f5aa8858119
0x00007f5ab02f5950:   0000000000000000 000000000000002c
0x00007f5ab02f5960:   00007f5ab02f5990 00007f5ab02f59b0
0x00007f5ab02f5970:   0000000000000000 00007f5abb77a048
0x00007f5ab02f5980:   00007f5ab420f610 00007f5aa884eb42
0x00007f5ab02f5990:   00007f5ab02f5b80 00007f5aa88b18b1
0x00007f5ab02f59a0:   00007f5ab02f5b80 00007f5abb56692d
0x00007f5ab02f59b0:   00007f5abb77b2c8 00007f5abb77b858
0x00007f5ab02f59c0:   00007f5abb75c000 00007f5ab4006a00
0x00007f5ab02f59d0:   00007f5ab4007510 00007f5ab4006eb0
0x00007f5ab02f59e0:   00007f5ab4007a10 00007f5ab400c6f0
0x00007f5ab02f59f0:   00007f5ab41234c0 00007f5ab41239a0
0x00007f5ab02f5a00:   00007f5abb75b000 00007f5ab420c010
0x00007f5ab02f5a10:   00007f5ab4206b20 00007f5ab4206fc0
0x00007f5ab02f5a20:   00007f5ab420c4e0 00007f5ab420c980
0x00007f5ab02f5a30:   00007f5ab420ce20 00007f5ab40ed6e0
0x00007f5ab02f5a40:   00007f5ab40ecdf0 00007f5ab40025e0
0x00007f5ab02f5a50:   00007f5ab4001ec0 0000000000bab5f0
0x00007f5ab02f5a60:   0000000000babb60 0000000000bac570 

Instructions: (pc=0x00007f5aaa8d9c58)
0x00007f5aaa8d9c38:   24 d8 48 89 fb 4c 89 64 24 e0 4c 89 6c 24 e8 48
0x00007f5aaa8d9c48:   89 f5 4c 89 74 24 f0 4c 89 7c 24 f8 48 83 ec 58
0x00007f5aaa8d9c58:   48 8b 87 68 09 00 00 49 89 d4 49 89 cd 4d 89 c6
0x00007f5aaa8d9c68:   48 85 c0 74 02 ff 10 ba 08 00 00 00 be 62 00 00 

Register to memory mapping:

RAX=0x00007f5a98000bd0 is an unknown value
RBX=0xffffffffb420fab0 is an unknown value
RCX=0x00007f5ab02f58d8 is an unknown value
RDX=0x00007f5ab02f58d4 is an unknown value
RSP=0x00007f5ab02f5870 is an unknown value
RBP=0x00007f5aa88b1932: <offset 0x96932> in /usr/lib/fglrx/libGL.so.1 at 0x00007f5aa881b000
RSI=0x00007f5aa88b1932: <offset 0x96932> in /usr/lib/fglrx/libGL.so.1 at 0x00007f5aa881b000
RDI=0xffffffffb420fab0 is an unknown value
R8 =0x00007f5ab02f58dc is an unknown value
R9 =0x0000000000000010 is an unknown value
R10=0x00007f5abaf2dfa8: <offset 0x3bbfa8> in /lib/x86_64-linux-gnu/libc.so.6 at 0x00007f5abab72000
R11=0x0000000000000000 is an unknown value
R12=0x0000000000000000 is an unknown value
R13=0x00007f5aa88b1932: <offset 0x96932> in /usr/lib/fglrx/libGL.so.1 at 0x00007f5aa881b000
R14=0x00007f5a98000bd0 is an unknown value
R15=0x0000000000000000 is an unknown value


Stack: [0x00007f5ab01f6000,0x00007f5ab02f7000],  sp=0x00007f5ab02f5870,  free space=1022k
Native frames: (J=compiled Java code, j=interpreted, Vv=VM code, C=native code)
C  [libX11.so.6+0x33c58]  XQueryExtension+0x28

VM_Operation (0x00007f5abb756680): Exit, mode: safepoint, requested by thread 0x00007f5ab4008800


---------------  P R O C E S S  ---------------

Java Threads: ( => current thread )
  0x00007f5ab4ad8800 JavaThread "Thread-2" daemon [_thread_blocked, id=13044, stack(0x00007f5aa821f000,0x00007f5aa8320000)]
  0x00007f5ab420b800 JavaThread "AWT-XAWT" daemon [_thread_in_native, id=13041, stack(0x00007f5aa9176000,0x00007f5aa9277000)]
  0x00007f5ab4151800 JavaThread "Java2D Disposer" daemon [_thread_blocked, id=13040, stack(0x00007f5aa9687000,0x00007f5aa9788000)]
  0x00007f5ab409e800 JavaThread "Low Memory Detector" daemon [_thread_blocked, id=13038, stack(0x00007f5aab418000,0x00007f5aab519000)]
  0x00007f5ab409c000 JavaThread "C2 CompilerThread1" daemon [_thread_blocked, id=13037, stack(0x00007f5aab519000,0x00007f5aab61a000)]
  0x00007f5ab4099800 JavaThread "C2 CompilerThread0" daemon [_thread_blocked, id=13036, stack(0x00007f5aab61a000,0x00007f5aab71b000)]
  0x00007f5ab4079000 JavaThread "Finalizer" daemon [_thread_blocked, id=13034, stack(0x00007f5aabeff000,0x00007f5aac000000)]
  0x00007f5ab4077000 JavaThread "Reference Handler" daemon [_thread_blocked, id=13033, stack(0x00007f5ab00f5000,0x00007f5ab01f6000)]
  0x00007f5ab4008800 JavaThread "main" [_thread_blocked, id=13027, stack(0x00007f5abb657000,0x00007f5abb758000)]

Other Threads:
=>0x00007f5ab4070000 VMThread [stack: 0x00007f5ab01f6000,0x00007f5ab02f7000] [id=13032]

VM state:at safepoint (shutting down)

VM Mutex/Monitor currently owned by a thread:  ([mutex/lock_event])
[0x00007f5ab4004dd0] Threads_lock - owner thread: 0x00007f5ab4070000

Heap
 PSYoungGen      total 34880K, used 5057K [0x00000000d9200000, 0x00000000db8e0000, 0x0000000100000000)
  eden space 29952K, 11% used [0x00000000d9200000,0x00000000d953c478,0x00000000daf40000)
  from space 4928K, 35% used [0x00000000daf40000,0x00000000db0f4040,0x00000000db410000)
  to   space 4928K, 0% used [0x00000000db410000,0x00000000db410000,0x00000000db8e0000)
 PSOldGen        total 79616K, used 0K [0x000000008b600000, 0x00000000903c0000, 0x00000000d9200000)
  object space 79616K, 0% used [0x000000008b600000,0x000000008b600000,0x00000000903c0000)
 PSPermGen       total 21248K, used 11441K [0x0000000081000000, 0x00000000824c0000, 0x000000008b600000)
  object space 21248K, 53% used [0x0000000081000000,0x0000000081b2c7a8,0x00000000824c0000)

Code Cache  [0x00007f5ab1000000, 0x00007f5ab1270000, 0x00007f5ab4000000)
 total_blobs=634 nmethods=149 adapters=439 free_code_cache=49505344 largest_free_block=39168

Dynamic libraries:
00400000-00409000 r-xp 00000000 08:03 18618890                           /usr/lib/jvm/java-6-openjdk-amd64/jre/bin/java
00608000-00609000 r--p 00008000 08:03 18618890                           /usr/lib/jvm/java-6-openjdk-amd64/jre/bin/java
00609000-0060a000 rw-p 00009000 08:03 18618890                           /usr/lib/jvm/java-6-openjdk-amd64/jre/bin/java
00bab000-00bcc000 rw-p 00000000 00:00 0                                  [heap]
81000000-824c0000 rw-p 00000000 00:00 0 
824c0000-8b600000 rw-p 00000000 00:00 0 
8b600000-903c0000 rw-p 00000000 00:00 0 
903c0000-d9200000 rw-p 00000000 00:00 0 
d9200000-db8e0000 rw-p 00000000 00:00 0 
db8e0000-100000000 rw-p 00000000 00:00 0 
7f5a64000000-7f5a64021000 rw-p 00000000 00:00 0 
7f5a64021000-7f5a68000000 ---p 00000000 00:00 0 
7f5a6c000000-7f5a6c021000 rw-p 00000000 00:00 0 
7f5a6c021000-7f5a70000000 ---p 00000000 00:00 0 
7f5a70000000-7f5a70021000 rw-p 00000000 00:00 0 
7f5a70021000-7f5a74000000 ---p 00000000 00:00 0 
7f5a74000000-7f5a74021000 rw-p 00000000 00:00 0 
7f5a74021000-7f5a78000000 ---p 00000000 00:00 0 
7f5a78000000-7f5a78021000 rw-p 00000000 00:00 0 
7f5a78021000-7f5a7c000000 ---p 00000000 00:00 0 
7f5a7c000000-7f5a7c5bb000 rw-p 00000000 00:00 0 
7f5a7c5bb000-7f5a80000000 ---p 00000000 00:00 0 
7f5a80000000-7f5a80021000 rw-p 00000000 00:00 0 
7f5a80021000-7f5a84000000 ---p 00000000 00:00 0 
7f5a84000000-7f5a84021000 rw-p 00000000 00:00 0 
7f5a84021000-7f5a88000000 ---p 00000000 00:00 0 
7f5a88000000-7f5a88d27000 rw-p 00000000 00:00 0 
7f5a88d27000-7f5a8c000000 ---p 00000000 00:00 0 
7f5a8c000000-7f5a8c021000 rw-p 00000000 00:00 0 
7f5a8c021000-7f5a90000000 ---p 00000000 00:00 0 
7f5a90000000-7f5a90021000 rw-p 00000000 00:00 0 
7f5a90021000-7f5a94000000 ---p 00000000 00:00 0 
7f5a94000000-7f5a94021000 rw-p 00000000 00:00 0 
7f5a94021000-7f5a98000000 ---p 00000000 00:00 0 
7f5a98000000-7f5a98021000 rw-p 00000000 00:00 0 
7f5a98021000-7f5a9c000000 ---p 00000000 00:00 0 
7f5a9c000000-7f5a9c021000 rw-p 00000000 00:00 0 
7f5a9c021000-7f5aa0000000 ---p 00000000 00:00 0 
7f5aa1531000-7f5aa1534000 ---p 00000000 00:00 0 
7f5aa1534000-7f5aa1632000 rw-p 00000000 00:00 0 
7f5aa1632000-7f5aa1d32000 rw-s 00006000 00:05 10225                      /dev/ati/card0
7f5aa1d32000-7f5aa3c8c000 r-xp 00000000 08:03 19009510                   /usr/lib/fglrx/dri/fglrx_dri.so
7f5aa3c8c000-7f5aa3d8c000 ---p 01f5a000 08:03 19009510                   /usr/lib/fglrx/dri/fglrx_dri.so
7f5aa3d8c000-7f5aa3eda000 rwxp 01f5a000 08:03 19009510                   /usr/lib/fglrx/dri/fglrx_dri.so
7f5aa3eda000-7f5aa4000000 rwxp 00000000 00:00 0 
7f5aa4000000-7f5aa4021000 rw-p 00000000 00:00 0 
7f5aa4021000-7f5aa8000000 ---p 00000000 00:00 0 
7f5aa801b000-7f5aa801e000 ---p 00000000 00:00 0 
7f5aa801e000-7f5aa811c000 rw-p 00000000 00:00 0 
7f5aa811c000-7f5aa811f000 r-xp 00000000 08:03 15602613                   /home/arwilczek90/workspace/Elements/lib/slick/libjinput-linux64.so
7f5aa811f000-7f5aa821e000 ---p 00003000 08:03 15602613                   /home/arwilczek90/workspace/Elements/lib/slick/libjinput-linux64.so
7f5aa821e000-7f5aa821f000 rw-p 00002000 08:03 15602613                   /home/arwilczek90/workspace/Elements/lib/slick/libjinput-linux64.so
7f5aa821f000-7f5aa8222000 ---p 00000000 00:00 0 
7f5aa8222000-7f5aa8320000 rw-p 00000000 00:00 0 
7f5aa8360000-7f5aa8362000 r-xp 00000000 08:03 18488267                   /usr/lib/x86_64-linux-gnu/libXinerama.so.1.0.0
7f5aa8362000-7f5aa8561000 ---p 00002000 08:03 18488267                   /usr/lib/x86_64-linux-gnu/libXinerama.so.1.0.0
7f5aa8561000-7f5aa8562000 r--p 00001000 08:03 18488267                   /usr/lib/x86_64-linux-gnu/libXinerama.so.1.0.0
7f5aa8562000-7f5aa8563000 rw-p 00002000 08:03 18488267                   /usr/lib/x86_64-linux-gnu/libXinerama.so.1.0.0
7f5aa8563000-7f5aa859e000 r-xp 00000000 08:03 19009508                   /usr/lib/fglrx/libatiadlxx.so
7f5aa859e000-7f5aa869e000 ---p 0003b000 08:03 19009508                   /usr/lib/fglrx/libatiadlxx.so
7f5aa869e000-7f5aa86a7000 rw-p 0003b000 08:03 19009508                   /usr/lib/fglrx/libatiadlxx.so
7f5aa86a7000-7f5aa86b8000 rw-p 00000000 00:00 0 
7f5aa86cd000-7f5aa86cf000 r--s 00015000 08:03 15598514                   /home/arwilczek90/workspace/Elements/lib/slick/lib/tinylinepp.jar
7f5aa86cf000-7f5aa86d2000 r--s 00015000 08:03 15598512                   /home/arwilczek90/workspace/Elements/lib/slick/lib/slick-util.jar
7f5aa86d2000-7f5aa8712000 rw-s f0300000 00:05 10225                      /dev/ati/card0
7f5aa8712000-7f5aa8719000 r-xp 00000000 08:03 19009532                   /usr/lib/fglrx/libatiuki.so.1.0
7f5aa8719000-7f5aa8819000 ---p 00007000 08:03 19009532                   /usr/lib/fglrx/libatiuki.so.1.0
7f5aa8819000-7f5aa881a000 rw-p 00007000 08:03 19009532                   /usr/lib/fglrx/libatiuki.so.1.0
7f5aa881a000-7f5aa881b000 rw-p 00000000 00:00 0 
7f5aa881b000-7f5aa88de000 r-xp 00000000 08:03 19009512                   /usr/lib/fglrx/libGL.so.1.2
7f5aa88de000-7f5aa89dd000 ---p 000c3000 08:03 19009512                   /usr/lib/fglrx/libGL.so.1.2
7f5aa89dd000-7f5aa8a04000 rwxp 000c2000 08:03 19009512                   /usr/lib/fglrx/libGL.so.1.2
7f5aa8a04000-7f5aa8a24000 rwxp 00000000 00:00 0 
7f5aa8a24000-7f5aa8a25000 r-xp 00000000 08:03 18618886                   /usr/lib/jvm/java-6-openjdk-amd64/jre/lib/amd64/libjawt.so
7f5aa8a25000-7f5aa8c24000 ---p 00001000 08:03 18618886                   /usr/lib/jvm/java-6-openjdk-amd64/jre/lib/amd64/libjawt.so
7f5aa8c24000-7f5aa8c25000 r--p 00000000 08:03 18618886                   /usr/lib/jvm/java-6-openjdk-amd64/jre/lib/amd64/libjawt.so
7f5aa8c25000-7f5aa8c26000 rw-p 00001000 08:03 18618886                   /usr/lib/jvm/java-6-openjdk-amd64/jre/lib/amd64/libjawt.so
7f5aa8c26000-7f5aa8c2a000 r-xp 00000000 08:03 18488287                   /usr/lib/x86_64-linux-gnu/libXxf86vm.so.1.0.0
7f5aa8c2a000-7f5aa8e29000 ---p 00004000 08:03 18488287                   /usr/lib/x86_64-linux-gnu/libXxf86vm.so.1.0.0
7f5aa8e29000-7f5aa8e2a000 r--p 00003000 08:03 18488287                   /usr/lib/x86_64-linux-gnu/libXxf86vm.so.1.0.0
7f5aa8e2a000-7f5aa8e2b000 rw-p 00004000 08:03 18488287                   /usr/lib/x86_64-linux-gnu/libXxf86vm.so.1.0.0
7f5aa8e2b000-7f5aa8e33000 r-xp 00000000 08:03 18488277                   /usr/lib/x86_64-linux-gnu/libXrandr.so.2.2.0
7f5aa8e33000-7f5aa9032000 ---p 00008000 08:03 18488277                   /usr/lib/x86_64-linux-gnu/libXrandr.so.2.2.0
7f5aa9032000-7f5aa9033000 r--p 00007000 08:03 18488277                   /usr/lib/x86_64-linux-gnu/libXrandr.so.2.2.0
7f5aa9033000-7f5aa9034000 rw-p 00008000 08:03 18488277                   /usr/lib/x86_64-linux-gnu/libXrandr.so.2.2.0
7f5aa9034000-7f5aa9074000 r-xp 00000000 08:03 15602617                   /home/arwilczek90/workspace/Elements/lib/slick/liblwjgl64.so
7f5aa9074000-7f5aa9174000 ---p 00040000 08:03 15602617                   /home/arwilczek90/workspace/Elements/lib/slick/liblwjgl64.so
7f5aa9174000-7f5aa9176000 rw-p 00040000 08:03 15602617                   /home/arwilczek90/workspace/Elements/lib/slick/liblwjgl64.so
7f5aa9176000-7f5aa9179000 ---p 00000000 00:00 0 
7f5aa9179000-7f5aa9277000 rw-p 00000000 00:00 0 
7f5aa9277000-7f5aa927c000 r-xp 00000000 08:03 18488261                   /usr/lib/x86_64-linux-gnu/libXfixes.so.3.1.0
7f5aa927c000-7f5aa947b000 ---p 00005000 08:03 18488261                   /usr/lib/x86_64-linux-gnu/libXfixes.so.3.1.0
7f5aa947b000-7f5aa947c000 r--p 00004000 08:03 18488261                   /usr/lib/x86_64-linux-gnu/libXfixes.so.3.1.0
7f5aa947c000-7f5aa947d000 rw-p 00005000 08:03 18488261                   /usr/lib/x86_64-linux-gnu/libXfixes.so.3.1.0
7f5aa947d000-7f5aa9486000 r-xp 00000000 08:03 18488253                   /usr/lib/x86_64-linux-gnu/libXcursor.so.1.0.2
7f5aa9486000-7f5aa9685000 ---p 00009000 08:03 18488253                   /usr/lib/x86_64-linux-gnu/libXcursor.so.1.0.2
7f5aa9685000-7f5aa9686000 r--p 00008000 08:03 18488253                   /usr/lib/x86_64-linux-gnu/libXcursor.so.1.0.2
7f5aa9686000-7f5aa9687000 rw-p 00009000 08:03 18488253                   /usr/lib/x86_64-linux-gnu/libXcursor.so.1.0.2
7f5aa9687000-7f5aa968a000 ---p 00000000 00:00 0 
7f5aa968a000-7f5aa9788000 rw-p 00000000 00:00 0 
7f5aa9788000-7f5aa981e000 r-xp 00000000 08:03 18488439                   /usr/lib/x86_64-linux-gnu/libfreetype.so.6.8.0
7f5aa981e000-7f5aa9a1d000 ---p 00096000 08:03 18488439                   /usr/lib/x86_64-linux-gnu/libfreetype.so.6.8.0
7f5aa9a1d000-7f5aa9a23000 r--p 00095000 08:03 18488439                   /usr/lib/x86_64-linux-gnu/libfreetype.so.6.8.0
7f5aa9a23000-7f5aa9a24000 rw-p 0009b000 08:03 18488439                   /usr/lib/x86_64-linux-gnu/libfreetype.so.6.8.0
7f5aa9a24000-7f5aa9a5e000 r-xp 00000000 08:03 18618871                   /usr/lib/jvm/java-6-openjdk-amd64/jre/lib/amd64/libfontmanager.so
7f5aa9a5e000-7f5aa9c5d000 ---p 0003a000 08:03 18618871                   /usr/lib/jvm/java-6-openjdk-amd64/jre/lib/amd64/libfontmanager.so
7f5aa9c5d000-7f5aa9c5f000 r--p 00039000 08:03 18618871                   /usr/lib/jvm/java-6-openjdk-amd64/jre/lib/amd64/libfontmanager.so
7f5aa9c5f000-7f5aa9c60000 rw-p 0003b000 08:03 18618871                   /usr/lib/jvm/java-6-openjdk-amd64/jre/lib/amd64/libfontmanager.so
7f5aa9c60000-7f5aa9c65000 r-xp 00000000 08:03 18488257                   /usr/lib/x86_64-linux-gnu/libXdmcp.so.6.0.0
7f5aa9c65000-7f5aa9e64000 ---p 00005000 08:03 18488257                   /usr/lib/x86_64-linux-gnu/libXdmcp.so.6.0.0
7f5aa9e64000-7f5aa9e65000 r--p 00004000 08:03 18488257                   /usr/lib/x86_64-linux-gnu/libXdmcp.so.6.0.0
7f5aa9e65000-7f5aa9e66000 rw-p 00005000 08:03 18488257                   /usr/lib/x86_64-linux-gnu/libXdmcp.so.6.0.0
7f5aa9e66000-7f5aa9e68000 r-xp 00000000 08:03 18488246                   /usr/lib/x86_64-linux-gnu/libXau.so.6.0.0
7f5aa9e68000-7f5aaa067000 ---p 00002000 08:03 18488246                   /usr/lib/x86_64-linux-gnu/libXau.so.6.0.0
7f5aaa067000-7f5aaa068000 r--p 00001000 08:03 18488246                   /usr/lib/x86_64-linux-gnu/libXau.so.6.0.0
7f5aaa068000-7f5aaa069000 rw-p 00002000 08:03 18488246                   /usr/lib/x86_64-linux-gnu/libXau.so.6.0.0
7f5aaa069000-7f5aaa086000 r-xp 00000000 08:03 18488845                   /usr/lib/x86_64-linux-gnu/libxcb.so.1.1.0
7f5aaa086000-7f5aaa285000 ---p 0001d000 08:03 18488845                   /usr/lib/x86_64-linux-gnu/libxcb.so.1.1.0
7f5aaa285000-7f5aaa286000 r--p 0001c000 08:03 18488845                   /usr/lib/x86_64-linux-gnu/libxcb.so.1.1.0
7f5aaa286000-7f5aaa287000 rw-p 0001d000 08:03 18488845                   /usr/lib/x86_64-linux-gnu/libxcb.so.1.1.0
7f5aaa287000-7f5aaa295000 r-xp 00000000 08:03 18488265                   /usr/lib/x86_64-linux-gnu/libXi.so.6.1.0
7f5aaa295000-7f5aaa494000 ---p 0000e000 08:03 18488265                   /usr/lib/x86_64-linux-gnu/libXi.so.6.1.0
7f5aaa494000-7f5aaa495000 r--p 0000d000 08:03 18488265                   /usr/lib/x86_64-linux-gnu/libXi.so.6.1.0
7f5aaa495000-7f5aaa496000 rw-p 0000e000 08:03 18488265                   /usr/lib/x86_64-linux-gnu/libXi.so.6.1.0
7f5aaa496000-7f5aaa49b000 r-xp 00000000 08:03 18488283                   /usr/lib/x86_64-linux-gnu/libXtst.so.6.1.0
7f5aaa49b000-7f5aaa69a000 ---p 00005000 08:03 18488283                   /usr/lib/x86_64-linux-gnu/libXtst.so.6.1.0
7f5aaa69a000-7f5aaa69b000 r--p 00004000 08:03 18488283                   /usr/lib/x86_64-linux-gnu/libXtst.so.6.1.0
7f5aaa69b000-7f5aaa69c000 rw-p 00005000 08:03 18488283                   /usr/lib/x86_64-linux-gnu/libXtst.so.6.1.0
7f5aaa69c000-7f5aaa6a5000 r-xp 00000000 08:03 18488279                   /usr/lib/x86_64-linux-gnu/libXrender.so.1.3.0
7f5aaa6a5000-7f5aaa8a4000 ---p 00009000 08:03 18488279                   /usr/lib/x86_64-linux-gnu/libXrender.so.1.3.0
7f5aaa8a4000-7f5aaa8a5000 r--p 00008000 08:03 18488279                   /usr/lib/x86_64-linux-gnu/libXrender.so.1.3.0
7f5aaa8a5000-7f5aaa8a6000 rw-p 00009000 08:03 18488279                   /usr/lib/x86_64-linux-gnu/libXrender.so.1.3.0
7f5aaa8a6000-7f5aaa9d5000 r-xp 00000000 08:03 18488244                   /usr/lib/x86_64-linux-gnu/libX11.so.6.3.0
7f5aaa9d5000-7f5aaabd5000 ---p 0012f000 08:03 18488244                   /usr/lib/x86_64-linux-gnu/libX11.so.6.3.0
7f5aaabd5000-7f5aaabd6000 r--p 0012f000 08:03 18488244                   /usr/lib/x86_64-linux-gnu/libX11.so.6.3.0
7f5aaabd6000-7f5aaabda000 rw-p 00130000 08:03 18488244                   /usr/lib/x86_64-linux-gnu/libX11.so.6.3.0
7f5aaabda000-7f5aaabea000 r-xp 00000000 08:03 18488259                   /usr/lib/x86_64-linux-gnu/libXext.so.6.4.0
7f5aaabea000-7f5aaade9000 ---p 00010000 08:03 18488259                   /usr/lib/x86_64-linux-gnu/libXext.so.6.4.0
7f5aaade9000-7f5aaadea000 r--p 0000f000 08:03 18488259                   /usr/lib/x86_64-linux-gnu/libXext.so.6.4.0
7f5aaadea000-7f5aaadeb000 rw-p 00010000 08:03 18488259                   /usr/lib/x86_64-linux-gnu/libXext.so.6.4.0
7f5aaadeb000-7f5aaae36000 r-xp 00000000 08:03 18618972                   /usr/lib/jvm/java-6-openjdk-amd64/jre/lib/amd64/xawt/libmawt.so
7f5aaae36000-7f5aab036000 ---p 0004b000 08:03 18618972                   /usr/lib/jvm/java-6-openjdk-amd64/jre/lib/amd64/xawt/libmawt.so
7f5aab036000-7f5aab037000 r--p 0004b000 08:03 18618972                   /usr/lib/jvm/java-6-openjdk-amd64/jre/lib/amd64/xawt/libmawt.so
7f5aab037000-7f5aab03a000 rw-p 0004c000 08:03 18618972                   /usr/lib/jvm/java-6-openjdk-amd64/jre/lib/amd64/xawt/libmawt.so
7f5aab03a000-7f5aab03b000 rw-p 00000000 00:00 0 
7f5aab03b000-7f5aab0e7000 r-xp 00000000 08:03 18618874                   /usr/lib/jvm/java-6-openjdk-amd64/jre/lib/amd64/libawt.so
7f5aab0e7000-7f5aab2e6000 ---p 000ac000 08:03 18618874                   /usr/lib/jvm/java-6-openjdk-amd64/jre/lib/amd64/libawt.so
7f5aab2e6000-7f5aab2e7000 r--p 000ab000 08:03 18618874                   /usr/lib/jvm/java-6-openjdk-amd64/jre/lib/amd64/libawt.so
7f5aab2e7000-7f5aab2f2000 rw-p 000ac000 08:03 18618874                   /usr/lib/jvm/java-6-openjdk-amd64/jre/lib/amd64/libawt.so
7f5aab2f2000-7f5aab317000 rw-p 00000000 00:00 0 
7f5aab317000-7f5aab318000 ---p 00000000 00:00 0 
7f5aab318000-7f5aab418000 rw-p 00000000 00:00 0 
7f5aab418000-7f5aab41b000 ---p 00000000 00:00 0 
7f5aab41b000-7f5aab519000 rw-p 00000000 00:00 0 
7f5aab519000-7f5aab51c000 ---p 00000000 00:00 0 
7f5aab51c000-7f5aab61a000 rw-p 00000000 00:00 0 
7f5aab61a000-7f5aab61d000 ---p 00000000 00:00 0 
7f5aab61d000-7f5aab71b000 rw-p 00000000 00:00 0 
7f5aab71b000-7f5aab71e000 ---p 00000000 00:00 0 
7f5aab71e000-7f5aab81c000 rw-p 00000000 00:00 0 
7f5aab81c000-7f5aabeff000 r--p 00000000 08:03 18487587                   /usr/lib/locale/locale-archive
7f5aabeff000-7f5aabf02000 ---p 00000000 00:00 0 
7f5aabf02000-7f5aac000000 rw-p 00000000 00:00 0 
7f5aac000000-7f5aac021000 rw-p 00000000 00:00 0 
7f5aac021000-7f5ab0000000 ---p 00000000 00:00 0 
7f5ab0000000-7f5ab0008000 r--s 00067000 08:03 15598510                   /home/arwilczek90/workspace/Elements/lib/slick/lib/slick-sources.jar
7f5ab0008000-7f5ab0009000 r--s 00000000 08:03 15598509                   /home/arwilczek90/workspace/Elements/lib/slick/lib/slick-examples.jar
7f5ab0009000-7f5ab000a000 r--s 00003000 08:03 15598508                   /home/arwilczek90/workspace/Elements/lib/slick/lib/scalar.jar
7f5ab000a000-7f5ab000d000 r--s 00017000 08:03 15598507                   /home/arwilczek90/workspace/Elements/lib/slick/lib/pedigree.jar
7f5ab000d000-7f5ab0018000 r--s 00093000 08:03 15598513                   /home/arwilczek90/workspace/Elements/lib/slick/lib/slick.jar
7f5ab0018000-7f5ab001a000 r--s 00004000 08:03 15598506                   /home/arwilczek90/workspace/Elements/lib/slick/lib/packulike.jar
7f5ab001a000-7f5ab001b000 r--s 00043000 08:03 15598505                   /home/arwilczek90/workspace/Elements/lib/slick/lib/natives-win32.jar
7f5ab001b000-7f5ab001d000 r--s 00033000 08:03 15598504                   /home/arwilczek90/workspace/Elements/lib/slick/lib/natives-mac.jar
7f5ab001d000-7f5ab001e000 r--s 0003d000 08:03 15598503                   /home/arwilczek90/workspace/Elements/lib/slick/lib/natives-linux.jar
7f5ab001e000-7f5ab0025000 r--s 00073000 08:03 15598502                   /home/arwilczek90/workspace/Elements/lib/slick/lib/lwjgl.jar
7f5ab0025000-7f5ab0027000 r--s 0000d000 08:03 15598501                   /home/arwilczek90/workspace/Elements/lib/slick/lib/jorbis-0.0.15.jar
7f5ab0027000-7f5ab0028000 r--s 00001000 08:03 15598500                   /home/arwilczek90/workspace/Elements/lib/slick/lib/jogg-0.0.7.jar
7f5ab0028000-7f5ab0029000 r--s 00001000 08:03 15598499                   /home/arwilczek90/workspace/Elements/lib/slick/lib/jnlp.jar
7f5ab0029000-7f5ab002e000 r--s 0002f000 08:03 15598498                   /home/arwilczek90/workspace/Elements/lib/slick/lib/jinput.jar
7f5ab002e000-7f5ab0030000 r--s 00008000 08:03 15598497                   /home/arwilczek90/workspace/Elements/lib/slick/lib/ibxm.jar
7f5ab0030000-7f5ab0033000 r--s 0005b000 08:03 15598496                   /home/arwilczek90/workspace/Elements/lib/slick/lib/hiero.jar
7f5ab0033000-7f5ab0034000 r--s 00007000 08:03 15597697                   /home/arwilczek90/workspace/Elements/lib/slick/applet/lwjgl_util_applet.jar
7f5ab0034000-7f5ab0035000 rw-s 00005000 00:05 10225                      /dev/ati/card0
7f5ab0035000-7f5ab0037000 rw-s 00002000 00:05 10225                      /dev/ati/card0
7f5ab0037000-7f5ab0042000 r--s 00093000 08:03 15597692                   /home/arwilczek90/workspace/Elements/lib/slick.jar
7f5ab0042000-7f5ab0049000 r--s 000fb000 08:03 18618812                   /usr/lib/jvm/java-6-openjdk-common/jre/lib/resources.jar
7f5ab0049000-7f5ab004a000 r--s 00000000 08:03 19927127                   /var/cache/fontconfig/c05880de57d1f5e948fdfacc138775d9-le64.cache-3
7f5ab004a000-7f5ab0053000 r--s 00000000 08:03 19927122                   /var/cache/fontconfig/945677eb7aeaf62f1d50efc3fb3ec7d8-le64.cache-3
7f5ab0053000-7f5ab0055000 r--s 00000000 08:03 19927123                   /var/cache/fontconfig/99e8ed0e538f840c565b6ed5dad60d56-le64.cache-3
7f5ab0055000-7f5ab0059000 r--s 00000000 08:03 19927109                   /var/cache/fontconfig/2cd17615ca594fa2959ae173292e504c-le64.cache-3
7f5ab0059000-7f5ab005a000 r--s 00000000 08:03 19927134                   /var/cache/fontconfig/e7071f4a29fa870f4323321c154eba04-le64.cache-3
7f5ab005a000-7f5ab005b000 r--s 00000000 08:03 19927107                   /var/cache/fontconfig/0d8c3b2ac0904cb8a57a757ad11a4a08-le64.cache-3
7f5ab005b000-7f5ab0061000 r--s 00000000 08:03 19927124                   /var/cache/fontconfig/a755afe4a08bf5b97852ceb7400b47bc-le64.cache-3
7f5ab0061000-7f5ab006a000 r--s 00000000 08:03 19927460                   /var/cache/fontconfig/6d41288fd70b0be22e8c3a91e032eec0-le64.cache-3
7f5ab006a000-7f5ab007a000 r--s 00000000 08:03 19927106                   /var/cache/fontconfig/04aabc0a78ac019cf9454389977116d2-le64.cache-3
7f5ab007a000-7f5ab007d000 r--s 00000000 08:03 19927112                   /var/cache/fontconfig/385c0604a188198f04d133e54aba7fe7-le64.cache-3
7f5ab007d000-7f5ab007e000 r--s 00000000 08:03 19927113                   /var/cache/fontconfig/4794a0821666d79190d59a36cb4f44b5-le64.cache-3
7f5ab007e000-7f5ab0081000 r--s 00000000 08:03 19927121                   /var/cache/fontconfig/8801497958630a81b71ace7c5f9b32a8-le64.cache-3
7f5ab0081000-7f5ab00af000 r--s 00000000 08:03 19927454                   /var/cache/fontconfig/365b55f210c0a22e9a19e35191240f32-le64.cache-3
7f5ab00af000-7f5ab00b4000 r--s 00000000 08:03 19927110                   /var/cache/fontconfig/3047814df9a2f067bd2d96a2b9c36e5a-le64.cache-3
7f5ab00b4000-7f5ab00b5000 r--s 00000000 08:03 19927115                   /var/cache/fontconfig/56cf4f4769d0f4abc89a4895d7bd3ae1-le64.cache-3
7f5ab00b5000-7f5ab00b6000 r--s 00000000 08:03 19927126                   /var/cache/fontconfig/b9d506c9ac06c20b433354fa67a72993-le64.cache-3
7f5ab00b6000-7f5ab00bb000 r--s 00000000 08:03 19927125                   /var/cache/fontconfig/b47c4e1ecd0709278f4910c18777a504-le64.cache-3
7f5ab00bb000-7f5ab00cb000 r--s 00000000 08:03 19927130                   /var/cache/fontconfig/d52a8644073d54c13679302ca1180695-le64.cache-3
7f5ab00cb000-7f5ab00cf000 r--s 00000000 08:03 19927452                   /var/cache/fontconfig/7ef2298fde41cc6eeb7af42e48b7d293-le64.cache-3
7f5ab00cf000-7f5ab00d0000 r--s 00000000 08:03 19927127                   /var/cache/fontconfig/c05880de57d1f5e948fdfacc138775d9-le64.cache-3
7f5ab00d0000-7f5ab00d9000 r--s 00000000 08:03 19927122                   /var/cache/fontconfig/945677eb7aeaf62f1d50efc3fb3ec7d8-le64.cache-3
7f5ab00d9000-7f5ab00db000 r--s 00000000 08:03 19927123                   /var/cache/fontconfig/99e8ed0e538f840c565b6ed5dad60d56-le64.cache-3
7f5ab00db000-7f5ab00df000 r--s 00000000 08:03 19927109                   /var/cache/fontconfig/2cd17615ca594fa2959ae173292e504c-le64.cache-3
7f5ab00df000-7f5ab00e5000 r--s 00000000 08:03 19927124                   /var/cache/fontconfig/a755afe4a08bf5b97852ceb7400b47bc-le64.cache-3
7f5ab00e5000-7f5ab00f5000 r--s 00000000 08:03 19927106                   /var/cache/fontconfig/04aabc0a78ac019cf9454389977116d2-le64.cache-3
7f5ab00f5000-7f5ab00f8000 ---p 00000000 00:00 0 
7f5ab00f8000-7f5ab01f6000 rw-p 00000000 00:00 0 
7f5ab01f6000-7f5ab01f7000 ---p 00000000 00:00 0 
7f5ab01f7000-7f5ab07fc000 rw-p 00000000 00:00 0 
7f5ab07fc000-7f5ab098e000 r--s 037bf000 08:03 18618843                   /usr/lib/jvm/java-6-openjdk-amd64/jre/lib/rt.jar
7f5ab098e000-7f5ab098f000 ---p 00000000 00:00 0 
7f5ab098f000-7f5ab0a8f000 rw-p 00000000 00:00 0 
7f5ab0a8f000-7f5ab0a90000 ---p 00000000 00:00 0 
7f5ab0a90000-7f5ab0b90000 rw-p 00000000 00:00 0 
7f5ab0b90000-7f5ab0b91000 ---p 00000000 00:00 0 
7f5ab0b91000-7f5ab0c91000 rw-p 00000000 00:00 0 
7f5ab0c91000-7f5ab0c92000 ---p 00000000 00:00 0 
7f5ab0c92000-7f5ab0db9000 rw-p 00000000 00:00 0 
7f5ab0db9000-7f5ab1000000 rw-p 00000000 00:00 0 
7f5ab1000000-7f5ab1270000 rwxp 00000000 00:00 0 
7f5ab1270000-7f5ab4d50000 rw-p 00000000 00:00 0 
7f5ab4d50000-7f5ab8000000 ---p 00000000 00:00 0 
7f5ab8000000-7f5ab8003000 r--s 00000000 08:03 19927196                   /var/cache/fontconfig/e13b20fdb08344e0e664864cc2ede53d-le64.cache-3
7f5ab8003000-7f5ab800c000 r--s 00000000 08:03 19927460                   /var/cache/fontconfig/6d41288fd70b0be22e8c3a91e032eec0-le64.cache-3
7f5ab800c000-7f5ab800f000 r--s 00000000 08:03 19927112                   /var/cache/fontconfig/385c0604a188198f04d133e54aba7fe7-le64.cache-3
7f5ab800f000-7f5ab8010000 r--s 00000000 08:03 19927113                   /var/cache/fontconfig/4794a0821666d79190d59a36cb4f44b5-le64.cache-3
7f5ab8010000-7f5ab8013000 r--s 00000000 08:03 19927121                   /var/cache/fontconfig/8801497958630a81b71ace7c5f9b32a8-le64.cache-3
7f5ab8013000-7f5ab8041000 r--s 00000000 08:03 19927454                   /var/cache/fontconfig/365b55f210c0a22e9a19e35191240f32-le64.cache-3
7f5ab8041000-7f5ab8051000 r--s 00000000 08:03 19927130                   /var/cache/fontconfig/d52a8644073d54c13679302ca1180695-le64.cache-3
7f5ab8051000-7f5ab80b7000 rw-p 00000000 00:00 0 
7f5ab80b7000-7f5ab80ff000 rw-p 00000000 00:00 0 
7f5ab80ff000-7f5ab810a000 rw-p 00000000 00:00 0 
7f5ab810a000-7f5ab8152000 rw-p 00000000 00:00 0 
7f5ab8152000-7f5ab8179000 rw-p 00000000 00:00 0 
7f5ab8179000-7f5ab83c0000 rw-p 00000000 00:00 0 
7f5ab83c0000-7f5ab83d4000 rw-p 00000000 00:00 0 
7f5ab83d4000-7f5ab84f7000 rw-p 00000000 00:00 0 
7f5ab84f7000-7f5ab84f8000 rw-p 00000000 00:00 0 
7f5ab84f8000-7f5ab84ff000 r-xp 00000000 08:03 18618888                   /usr/lib/jvm/java-6-openjdk-amd64/jre/lib/amd64/libzip.so
7f5ab84ff000-7f5ab86fe000 ---p 00007000 08:03 18618888                   /usr/lib/jvm/java-6-openjdk-amd64/jre/lib/amd64/libzip.so
7f5ab86fe000-7f5ab86ff000 r--p 00006000 08:03 18618888                   /usr/lib/jvm/java-6-openjdk-amd64/jre/lib/amd64/libzip.so
7f5ab86ff000-7f5ab8700000 rw-p 00007000 08:03 18618888                   /usr/lib/jvm/java-6-openjdk-amd64/jre/lib/amd64/libzip.so
7f5ab8700000-7f5ab870c000 r-xp 00000000 08:03 21758081                   /lib/x86_64-linux-gnu/libnss_files-2.15.so
7f5ab870c000-7f5ab890b000 ---p 0000c000 08:03 21758081                   /lib/x86_64-linux-gnu/libnss_files-2.15.so
7f5ab890b000-7f5ab890c000 r--p 0000b000 08:03 21758081                   /lib/x86_64-linux-gnu/libnss_files-2.15.so
7f5ab890c000-7f5ab890d000 rw-p 0000c000 08:03 21758081                   /lib/x86_64-linux-gnu/libnss_files-2.15.so
7f5ab890d000-7f5ab8917000 r-xp 00000000 08:03 21758077                   /lib/x86_64-linux-gnu/libnss_nis-2.15.so
7f5ab8917000-7f5ab8b17000 ---p 0000a000 08:03 21758077                   /lib/x86_64-linux-gnu/libnss_nis-2.15.so
7f5ab8b17000-7f5ab8b18000 r--p 0000a000 08:03 21758077                   /lib/x86_64-linux-gnu/libnss_nis-2.15.so
7f5ab8b18000-7f5ab8b19000 rw-p 0000b000 08:03 21758077                   /lib/x86_64-linux-gnu/libnss_nis-2.15.so
7f5ab8b19000-7f5ab8b30000 r-xp 00000000 08:03 21761730                   /lib/x86_64-linux-gnu/libnsl-2.15.so
7f5ab8b30000-7f5ab8d2f000 ---p 00017000 08:03 21761730                   /lib/x86_64-linux-gnu/libnsl-2.15.so
7f5ab8d2f000-7f5ab8d30000 r--p 00016000 08:03 21761730                   /lib/x86_64-linux-gnu/libnsl-2.15.so
7f5ab8d30000-7f5ab8d31000 rw-p 00017000 08:03 21761730                   /lib/x86_64-linux-gnu/libnsl-2.15.so
7f5ab8d31000-7f5ab8d33000 rw-p 00000000 00:00 0 
7f5ab8d33000-7f5ab8d3b000 r-xp 00000000 08:03 21758082                   /lib/x86_64-linux-gnu/libnss_compat-2.15.so
7f5ab8d3b000-7f5ab8f3a000 ---p 00008000 08:03 21758082                   /lib/x86_64-linux-gnu/libnss_compat-2.15.so
7f5ab8f3a000-7f5ab8f3b000 r--p 00007000 08:03 21758082                   /lib/x86_64-linux-gnu/libnss_compat-2.15.so
7f5ab8f3b000-7f5ab8f3c000 rw-p 00008000 08:03 21758082                   /lib/x86_64-linux-gnu/libnss_compat-2.15.so
7f5ab8f3c000-7f5ab8f68000 r-xp 00000000 08:03 18618873                   /usr/lib/jvm/java-6-openjdk-amd64/jre/lib/amd64/libjava.so
7f5ab8f68000-7f5ab9167000 ---p 0002c000 08:03 18618873                   /usr/lib/jvm/java-6-openjdk-amd64/jre/lib/amd64/libjava.so
7f5ab9167000-7f5ab9168000 r--p 0002b000 08:03 18618873                   /usr/lib/jvm/java-6-openjdk-amd64/jre/lib/amd64/libjava.so
7f5ab9168000-7f5ab916b000 rw-p 0002c000 08:03 18618873                   /usr/lib/jvm/java-6-openjdk-amd64/jre/lib/amd64/libjava.so
7f5ab916b000-7f5ab9179000 r-xp 00000000 08:03 18618872                   /usr/lib/jvm/java-6-openjdk-amd64/jre/lib/amd64/libverify.so
7f5ab9179000-7f5ab9378000 ---p 0000e000 08:03 18618872                   /usr/lib/jvm/java-6-openjdk-amd64/jre/lib/amd64/libverify.so
7f5ab9378000-7f5ab937a000 r--p 0000d000 08:03 18618872                   /usr/lib/jvm/java-6-openjdk-amd64/jre/lib/amd64/libverify.so
7f5ab937a000-7f5ab937b000 rw-p 0000f000 08:03 18618872                   /usr/lib/jvm/java-6-openjdk-amd64/jre/lib/amd64/libverify.so
7f5ab937b000-7f5ab9382000 r-xp 00000000 08:03 21758075                   /lib/x86_64-linux-gnu/librt-2.15.so
7f5ab9382000-7f5ab9581000 ---p 00007000 08:03 21758075                   /lib/x86_64-linux-gnu/librt-2.15.so
7f5ab9581000-7f5ab9582000 r--p 00006000 08:03 21758075                   /lib/x86_64-linux-gnu/librt-2.15.so
7f5ab9582000-7f5ab9583000 rw-p 00007000 08:03 21758075                   /lib/x86_64-linux-gnu/librt-2.15.so
7f5ab9583000-7f5ab9598000 r-xp 00000000 08:03 21761542                   /lib/x86_64-linux-gnu/libgcc_s.so.1
7f5ab9598000-7f5ab9797000 ---p 00015000 08:03 21761542                   /lib/x86_64-linux-gnu/libgcc_s.so.1
7f5ab9797000-7f5ab9798000 r--p 00014000 08:03 21761542                   /lib/x86_64-linux-gnu/libgcc_s.so.1
7f5ab9798000-7f5ab9799000 rw-p 00015000 08:03 21761542                   /lib/x86_64-linux-gnu/libgcc_s.so.1
7f5ab9799000-7f5ab9892000 r-xp 00000000 08:03 21758079                   /lib/x86_64-linux-gnu/libm-2.15.so
7f5ab9892000-7f5ab9a91000 ---p 000f9000 08:03 21758079                   /lib/x86_64-linux-gnu/libm-2.15.so
7f5ab9a91000-7f5ab9a92000 r--p 000f8000 08:03 21758079                   /lib/x86_64-linux-gnu/libm-2.15.so
7f5ab9a92000-7f5ab9a93000 rw-p 000f9000 08:03 21758079                   /lib/x86_64-linux-gnu/libm-2.15.so
7f5ab9a93000-7f5ab9b75000 r-xp 00000000 08:03 18488773                   /usr/lib/x86_64-linux-gnu/libstdc++.so.6.0.16
7f5ab9b75000-7f5ab9d74000 ---p 000e2000 08:03 18488773                   /usr/lib/x86_64-linux-gnu/libstdc++.so.6.0.16
7f5ab9d74000-7f5ab9d7c000 r--p 000e1000 08:03 18488773                   /usr/lib/x86_64-linux-gnu/libstdc++.so.6.0.16
7f5ab9d7c000-7f5ab9d7e000 rw-p 000e9000 08:03 18488773                   /usr/lib/x86_64-linux-gnu/libstdc++.so.6.0.16
7f5ab9d7e000-7f5ab9d93000 rw-p 00000000 00:00 0 
7f5ab9d93000-7f5aba697000 r-xp 00000000 08:03 18618878                   /usr/lib/jvm/java-6-openjdk-amd64/jre/lib/amd64/server/libjvm.so
7f5aba697000-7f5aba897000 ---p 00904000 08:03 18618878                   /usr/lib/jvm/java-6-openjdk-amd64/jre/lib/amd64/server/libjvm.so
7f5aba897000-7f5aba917000 r--p 00904000 08:03 18618878                   /usr/lib/jvm/java-6-openjdk-amd64/jre/lib/amd64/server/libjvm.so
7f5aba917000-7f5aba932000 rw-p 00984000 08:03 18618878                   /usr/lib/jvm/java-6-openjdk-amd64/jre/lib/amd64/server/libjvm.so
7f5aba932000-7f5aba95b000 rw-p 00000000 00:00 0 
7f5aba95b000-7f5aba971000 r-xp 00000000 08:03 21761632                   /lib/x86_64-linux-gnu/libz.so.1.2.3.4
7f5aba971000-7f5abab70000 ---p 00016000 08:03 21761632                   /lib/x86_64-linux-gnu/libz.so.1.2.3.4
7f5abab70000-7f5abab71000 r--p 00015000 08:03 21761632                   /lib/x86_64-linux-gnu/libz.so.1.2.3.4
7f5abab71000-7f5abab72000 rw-p 00016000 08:03 21761632                   /lib/x86_64-linux-gnu/libz.so.1.2.3.4
7f5abab72000-7f5abad27000 r-xp 00000000 08:03 21757975                   /lib/x86_64-linux-gnu/libc-2.15.so
7f5abad27000-7f5abaf26000 ---p 001b5000 08:03 21757975                   /lib/x86_64-linux-gnu/libc-2.15.so
7f5abaf26000-7f5abaf2a000 r--p 001b4000 08:03 21757975                   /lib/x86_64-linux-gnu/libc-2.15.so
7f5abaf2a000-7f5abaf2c000 rw-p 001b8000 08:03 21757975                   /lib/x86_64-linux-gnu/libc-2.15.so
7f5abaf2c000-7f5abaf31000 rw-p 00000000 00:00 0 
7f5abaf31000-7f5abaf33000 r-xp 00000000 08:03 21757964                   /lib/x86_64-linux-gnu/libdl-2.15.so
7f5abaf33000-7f5abb133000 ---p 00002000 08:03 21757964                   /lib/x86_64-linux-gnu/libdl-2.15.so
7f5abb133000-7f5abb134000 r--p 00002000 08:03 21757964                   /lib/x86_64-linux-gnu/libdl-2.15.so
7f5abb134000-7f5abb135000 rw-p 00003000 08:03 21757964                   /lib/x86_64-linux-gnu/libdl-2.15.so
7f5abb135000-7f5abb139000 r-xp 00000000 08:03 18618855                   /usr/lib/jvm/java-6-openjdk-amd64/jre/lib/amd64/jli/libjli.so
7f5abb139000-7f5abb338000 ---p 00004000 08:03 18618855                   /usr/lib/jvm/java-6-openjdk-amd64/jre/lib/amd64/jli/libjli.so
7f5abb338000-7f5abb339000 r--p 00003000 08:03 18618855                   /usr/lib/jvm/java-6-openjdk-amd64/jre/lib/amd64/jli/libjli.so
7f5abb339000-7f5abb33a000 rw-p 00004000 08:03 18618855                   /usr/lib/jvm/java-6-openjdk-amd64/jre/lib/amd64/jli/libjli.so
7f5abb33a000-7f5abb352000 r-xp 00000000 08:03 21758073                   /lib/x86_64-linux-gnu/libpthread-2.15.so
7f5abb352000-7f5abb551000 ---p 00018000 08:03 21758073                   /lib/x86_64-linux-gnu/libpthread-2.15.so
7f5abb551000-7f5abb552000 r--p 00017000 08:03 21758073                   /lib/x86_64-linux-gnu/libpthread-2.15.so
7f5abb552000-7f5abb553000 rw-p 00018000 08:03 21758073                   /lib/x86_64-linux-gnu/libpthread-2.15.so
7f5abb553000-7f5abb557000 rw-p 00000000 00:00 0 
7f5abb557000-7f5abb579000 r-xp 00000000 08:03 21758085                   /lib/x86_64-linux-gnu/ld-2.15.so
7f5abb579000-7f5abb57a000 r--s 00000000 08:03 19927134                   /var/cache/fontconfig/e7071f4a29fa870f4323321c154eba04-le64.cache-3
7f5abb57a000-7f5abb57b000 r--s 00000000 08:03 19927107                   /var/cache/fontconfig/0d8c3b2ac0904cb8a57a757ad11a4a08-le64.cache-3
7f5abb57b000-7f5abb580000 r--s 00000000 08:03 19927110                   /var/cache/fontconfig/3047814df9a2f067bd2d96a2b9c36e5a-le64.cache-3
7f5abb580000-7f5abb581000 r--s 00000000 08:03 19927115                   /var/cache/fontconfig/56cf4f4769d0f4abc89a4895d7bd3ae1-le64.cache-3
7f5abb581000-7f5abb586000 r--s 00000000 08:03 19927125                   /var/cache/fontconfig/b47c4e1ecd0709278f4910c18777a504-le64.cache-3
7f5abb586000-7f5abb589000 r--s 00000000 08:03 19927196                   /var/cache/fontconfig/e13b20fdb08344e0e664864cc2ede53d-le64.cache-3
7f5abb589000-7f5abb58d000 r--s 00000000 08:03 19927452                   /var/cache/fontconfig/7ef2298fde41cc6eeb7af42e48b7d293-le64.cache-3
7f5abb58d000-7f5abb590000 r--s 0007d000 08:03 18618443                   /usr/lib/jvm/java-6-openjdk-common/jre/lib/jsse.jar
7f5abb590000-7f5abb597000 r--s 00073000 08:03 15597691                   /home/arwilczek90/workspace/Elements/lib/lwjgl.jar
7f5abb597000-7f5abb5a1000 rw-p 00000000 00:00 0 
7f5abb5a1000-7f5abb657000 rw-p 00000000 00:00 0 
7f5abb657000-7f5abb65a000 ---p 00000000 00:00 0 
7f5abb65a000-7f5abb75d000 rw-p 00000000 00:00 0 
7f5abb75d000-7f5abb75e000 r--s 00000000 08:03 19927126                   /var/cache/fontconfig/b9d506c9ac06c20b433354fa67a72993-le64.cache-3
7f5abb75e000-7f5abb760000 r--s 0000f000 08:03 18618803                   /usr/lib/jvm/java-6-openjdk-common/jre/lib/ext/pulse-java.jar
7f5abb760000-7f5abb763000 r--s 00077000 08:03 18618797                   /usr/lib/jvm/java-6-openjdk-common/jre/lib/ext/localedata.jar
7f5abb763000-7f5abb764000 r--s 00007000 08:03 18748229                   /usr/share/java/java-atk-wrapper.jar
7f5abb764000-7f5abb766000 r--s 00001000 08:03 18618801                   /usr/lib/jvm/java-6-openjdk-common/jre/lib/ext/dnsns.jar
7f5abb766000-7f5abb76a000 r--s 00038000 08:03 18618795                   /usr/lib/jvm/java-6-openjdk-common/jre/lib/ext/sunpkcs11.jar
7f5abb76a000-7f5abb76d000 r--s 00031000 08:03 18618799                   /usr/lib/jvm/java-6-openjdk-common/jre/lib/ext/sunjce_provider.jar
7f5abb76d000-7f5abb775000 rw-s 00000000 08:03 8126514                    /tmp/hsperfdata_arwilczek90/13022 (deleted)
7f5abb775000-7f5abb776000 rw-p 00000000 00:00 0 
7f5abb776000-7f5abb777000 ---p 00000000 00:00 0 
7f5abb777000-7f5abb779000 rw-p 00000000 00:00 0 
7f5abb779000-7f5abb77a000 r--p 00022000 08:03 21758085                   /lib/x86_64-linux-gnu/ld-2.15.so
7f5abb77a000-7f5abb77c000 rw-p 00023000 08:03 21758085                   /lib/x86_64-linux-gnu/ld-2.15.so
7fff5c623000-7fff5c644000 rw-p 00000000 00:00 0                          [stack]
7fff5c64f000-7fff5c650000 r-xp 00000000 00:00 0                          [vdso]
ffffffffff600000-ffffffffff601000 r-xp 00000000 00:00 0                  [vsyscall]

VM Arguments:
jvm_args: -Djava.library.path=/home/arwilczek90/workspace/Elements/lib/slick:/home/arwilczek90/workspace/Elements/lib/slick -Dfile.encoding=UTF-8 
java_command: com.hack.elements.view.Main
Launcher Type: SUN_STANDARD

Environment Variables:
PATH=/usr/lib/lightdm/lightdm:/usr/local/sbin:/usr/local/bin:/usr/sbin:/usr/bin:/sbin:/bin:/usr/games
LD_LIBRARY_PATH=/usr/lib/jvm/java-6-openjdk-amd64/jre/lib/amd64/server:/usr/lib/jvm/java-6-openjdk-amd64/jre/lib/amd64:/usr/lib/jvm/java-6-openjdk-amd64/jre/../lib/amd64
SHELL=/bin/bash
DISPLAY=:0.0

Signal Handlers:
SIGSEGV: [libjvm.so+0x784310], sa_mask[0]=0x7ffbfeff, sa_flags=0x10000004
SIGBUS: [libjvm.so+0x784310], sa_mask[0]=0x7ffbfeff, sa_flags=0x10000004
SIGFPE: [libjvm.so+0x648580], sa_mask[0]=0x7ffbfeff, sa_flags=0x10000004
SIGPIPE: [libjvm.so+0x648580], sa_mask[0]=0x7ffbfeff, sa_flags=0x10000004
SIGXFSZ: [libjvm.so+0x648580], sa_mask[0]=0x7ffbfeff, sa_flags=0x10000004
SIGILL: [libjvm.so+0x648580], sa_mask[0]=0x7ffbfeff, sa_flags=0x10000004
SIGUSR1: SIG_DFL, sa_mask[0]=0x00000000, sa_flags=0x00000000
SIGUSR2: [libjvm.so+0x648730], sa_mask[0]=0x00000004, sa_flags=0x10000004
SIGHUP: [libjvm.so+0x64b250], sa_mask[0]=0x7ffbfeff, sa_flags=0x10000004
SIGINT: [libjvm.so+0x64b250], sa_mask[0]=0x7ffbfeff, sa_flags=0x10000004
SIGTERM: [libjvm.so+0x64b250], sa_mask[0]=0x7ffbfeff, sa_flags=0x10000004
SIGQUIT: [libjvm.so+0x64b250], sa_mask[0]=0x7ffbfeff, sa_flags=0x10000004


---------------  S Y S T E M  ---------------

OS:Ubuntu 12.04 (precise)
uname:Linux 3.2.0-32-generic #51-Ubuntu SMP Wed Sep 26 21:33:09 UTC 2012 x86_64
libc:glibc 2.15 NPTL 2.15 
rlimit: STACK 8192k, CORE 0k, NPROC 59545, NOFILE 4096, AS infinity
load average:1.54 1.09 0.92

/proc/meminfo:
MemTotal:        7639648 kB
MemFree:         4322264 kB
Buffers:          113936 kB
Cached:          1132252 kB
SwapCached:            0 kB
Active:          2142544 kB
Inactive:         705188 kB
Active(anon):    1602372 kB
Inactive(anon):    14536 kB
Active(file):     540172 kB
Inactive(file):   690652 kB
Unevictable:          20 kB
Mlocked:              20 kB
SwapTotal:       3818492 kB
SwapFree:        3818492 kB
Dirty:               104 kB
Writeback:             0 kB
AnonPages:       1601656 kB
Mapped:           312580 kB
Shmem:             15368 kB
Slab:              92768 kB
SReclaimable:      62148 kB
SUnreclaim:        30620 kB
KernelStack:        4080 kB
PageTables:        33836 kB
NFS_Unstable:          0 kB
Bounce:                0 kB
WritebackTmp:          0 kB
CommitLimit:     7638316 kB
Committed_AS:    4165864 kB
VmallocTotal:   34359738367 kB
VmallocUsed:      116912 kB
VmallocChunk:   34359619344 kB
HardwareCorrupted:     0 kB
AnonHugePages:         0 kB
HugePages_Total:       0
HugePages_Free:        0
HugePages_Rsvd:        0
HugePages_Surp:        0
Hugepagesize:       2048 kB
DirectMap4k:      301056 kB
DirectMap2M:     5445632 kB
DirectMap1G:     2097152 kB


CPU:total 4 (4 cores per cpu, 1 threads per core) family 18 model 1 stepping 0, cmov, cx8, fxsr, mmx, sse, sse2, sse3, popcnt, mmxext, 3dnowpref, lzcnt, sse4a

Memory: 4k page, physical 7639648k(4322264k free), swap 3818492k(3818492k free)

vm_info: OpenJDK 64-Bit Server VM (20.0-b12) for linux-amd64 JRE (1.6.0_24-b24), built on Sep  2 2012 19:50:47 by "buildd" with gcc 4.6.3

time: Sat Oct 13 19:19:49 2012
elapsed time: 70 seconds

