#
# A fatal error has been detected by the Java Runtime Environment:
#
#  SIGSEGV (0xb) at pc=0x00007f1e943a7c58, pid=18857, tid=139769457424128
#
# JRE version: 6.0_24-b24
# Java VM: OpenJDK 64-Bit Server VM (20.0-b12 mixed mode linux-amd64 compressed oops)
# Derivative: IcedTea6 1.11.4
# Distribution: Ubuntu 12.04 LTS, package 6b24-1.11.4-1ubuntu0.12.04.1
# Problematic frame:
# C  [libX11.so.6+0x33c58]  XQueryExtension+0x28
#
# If you would like to submit a bug report, please include
# instructions how to reproduce the bug and visit:
#   https://bugs.launchpad.net/ubuntu/+source/openjdk-6/
#

---------------  T H R E A D  ---------------

Current thread (0x00007f1e98070000):  VMThread [stack: 0x00007f1e9ccc3000,0x00007f1e9cdc4000] [id=18867]

siginfo:si_signo=SIGSEGV: si_errno=0, si_code=1 (SEGV_MAPERR), si_addr=0xffffffff98232738

Registers:
RAX=0x00007f1e7c0008c0, RBX=0xffffffff98231dd0, RCX=0x00007f1e9cdc2758, RDX=0x00007f1e9cdc2754
RSP=0x00007f1e9cdc26f0, RBP=0x00007f1e62316932, RSI=0x00007f1e62316932, RDI=0xffffffff98231dd0
R8 =0x00007f1e9cdc275c, R9 =0x0000000000000000, R10=0x00007f1ea09a9fa8, R11=0x00007f1ea0629ca0
R12=0x0000000000000000, R13=0x00007f1e62316932, R14=0x00007f1e7c0008c0, R15=0x0000000000000000
RIP=0x00007f1e943a7c58, EFLAGS=0x0000000000010206, CSGSFS=0x0000000000000033, ERR=0x0000000000000005
  TRAPNO=0x000000000000000e

Top of Stack: (sp=0x00007f1e9cdc26f0)
0x00007f1e9cdc26f0:   00007f1ea05fc790 00007f1ea11d89e8
0x00007f1e9cdc2700:   00007f1e950a17c0 00007f1e950a17d8
0x00007f1e9cdc2710:   00000000ffffffff ffffffff98231dd0
0x00007f1e9cdc2720:   00007f1e62316932 0000000000000000
0x00007f1e9cdc2730:   00007f1e62316932 00007f1e7c0008c0
0x00007f1e9cdc2740:   0000000000000000 00007f1e9439bc55
0x00007f1e9cdc2750:   00007f1ea11f6048 00007f1e6244f520
0x00007f1e9cdc2760:   00007f1e6244f520 ffffffff98231dd0
0x00007f1e9cdc2770:   00007f1e981b66a0 00007f1e946b502b
0x00007f1e9cdc2780:   00007f1ea05fc790 000000110000002c
0x00007f1e9cdc2790:   00007f1e9cdc2810 0000000000000000
0x00007f1e9cdc27a0:   00007f1e9cdc2810 ffffffff98231dd0
0x00007f1e9cdc27b0:   0000000000000000 00007f1ea11f6048
0x00007f1e9cdc27c0:   00007f1e62468d50 00007f1e622bd119
0x00007f1e9cdc27d0:   0000000000000000 000000000000002c
0x00007f1e9cdc27e0:   00007f1e9cdc2810 00007f1e9cdc2830
0x00007f1e9cdc27f0:   0000000000000000 00007f1ea11f6048
0x00007f1e9cdc2800:   00007f1e98231930 00007f1e622b3b42
0x00007f1e9cdc2810:   00007f1e9cdc2a00 00007f1e623168b1
0x00007f1e9cdc2820:   00007f1e9cdc2a00 00007f1ea0fe292d
0x00007f1e9cdc2830:   00007f1ea11f72c8 00007f1ea11f7858
0x00007f1e9cdc2840:   00007f1ea11d8000 00007f1e98006a00
0x00007f1e9cdc2850:   00007f1e98007510 00007f1e98006eb0
0x00007f1e9cdc2860:   00007f1e98007a10 00007f1e9800c6f0
0x00007f1e9cdc2870:   00007f1e9815e260 00007f1e9815e740
0x00007f1e9cdc2880:   00007f1ea11d7000 00007f1e9822e4e0
0x00007f1e9cdc2890:   00007f1e98226c00 00007f1e982270a0
0x00007f1e9cdc28a0:   00007f1e9822e9b0 00007f1e9822ee50
0x00007f1e9cdc28b0:   00007f1e9822f2f0 00007f1e98119d40
0x00007f1e9cdc28c0:   00007f1e98115530 00007f1e980025e0
0x00007f1e9cdc28d0:   00007f1e98001ec0 00000000017ba5f0
0x00007f1e9cdc28e0:   00000000017bab60 00000000017bb570 

Instructions: (pc=0x00007f1e943a7c58)
0x00007f1e943a7c38:   24 d8 48 89 fb 4c 89 64 24 e0 4c 89 6c 24 e8 48
0x00007f1e943a7c48:   89 f5 4c 89 74 24 f0 4c 89 7c 24 f8 48 83 ec 58
0x00007f1e943a7c58:   48 8b 87 68 09 00 00 49 89 d4 49 89 cd 4d 89 c6
0x00007f1e943a7c68:   48 85 c0 74 02 ff 10 ba 08 00 00 00 be 62 00 00 

Register to memory mapping:

RAX=0x00007f1e7c0008c0 is an unknown value
RBX=0xffffffff98231dd0 is an unknown value
RCX=0x00007f1e9cdc2758 is an unknown value
RDX=0x00007f1e9cdc2754 is an unknown value
RSP=0x00007f1e9cdc26f0 is an unknown value
RBP=0x00007f1e62316932: <offset 0x96932> in /usr/lib/fglrx/libGL.so.1 at 0x00007f1e62280000
RSI=0x00007f1e62316932: <offset 0x96932> in /usr/lib/fglrx/libGL.so.1 at 0x00007f1e62280000
RDI=0xffffffff98231dd0 is an unknown value
R8 =0x00007f1e9cdc275c is an unknown value
R9 =0x0000000000000000 is an unknown value
R10=0x00007f1ea09a9fa8: <offset 0x3bbfa8> in /lib/x86_64-linux-gnu/libc.so.6 at 0x00007f1ea05ee000
R11=0x00007f1ea0629ca0: __cxa_finalize+0 in /lib/x86_64-linux-gnu/libc.so.6 at 0x00007f1ea05ee000
R12=0x0000000000000000 is an unknown value
R13=0x00007f1e62316932: <offset 0x96932> in /usr/lib/fglrx/libGL.so.1 at 0x00007f1e62280000
R14=0x00007f1e7c0008c0 is an unknown value
R15=0x0000000000000000 is an unknown value


Stack: [0x00007f1e9ccc3000,0x00007f1e9cdc4000],  sp=0x00007f1e9cdc26f0,  free space=1021k
Native frames: (J=compiled Java code, j=interpreted, Vv=VM code, C=native code)
C  [libX11.so.6+0x33c58]  XQueryExtension+0x28

VM_Operation (0x00007f1e607a44e0): Exit, mode: safepoint, requested by thread 0x00007f1e78001000


---------------  P R O C E S S  ---------------

Java Threads: ( => current thread )
  0x00007f1e78001000 JavaThread "SIGTERM handler" daemon [_thread_blocked, id=19004, stack(0x00007f1e606a5000,0x00007f1e607a6000)]
  0x00007f1e98af8000 JavaThread "Thread-2" daemon [_thread_blocked, id=18878, stack(0x00007f1e615b9000,0x00007f1e616ba000)]
  0x00007f1e9822d800 JavaThread "AWT-XAWT" daemon [_thread_blocked, id=18876, stack(0x00007f1e62bdb000,0x00007f1e62cdc000)]
  0x00007f1e9816f800 JavaThread "Java2D Disposer" daemon [_thread_blocked, id=18875, stack(0x00007f1e94069000,0x00007f1e9416a000)]
  0x00007f1e9809e800 JavaThread "Low Memory Detector" daemon [_thread_blocked, id=18873, stack(0x00007f1e94eff000,0x00007f1e95000000)]
  0x00007f1e9809c000 JavaThread "C2 CompilerThread1" daemon [_thread_blocked, id=18872, stack(0x00007f1e9c0db000,0x00007f1e9c1dc000)]
  0x00007f1e98099800 JavaThread "C2 CompilerThread0" daemon [_thread_blocked, id=18871, stack(0x00007f1e9c1dc000,0x00007f1e9c2dd000)]
  0x00007f1e98098000 JavaThread "Signal Dispatcher" daemon [_thread_blocked, id=18870, stack(0x00007f1e9c2dd000,0x00007f1e9c3de000)]
  0x00007f1e98079000 JavaThread "Finalizer" daemon [_thread_blocked, id=18869, stack(0x00007f1e9cac1000,0x00007f1e9cbc2000)]
  0x00007f1e98077000 JavaThread "Reference Handler" daemon [_thread_blocked, id=18868, stack(0x00007f1e9cbc2000,0x00007f1e9ccc3000)]
  0x00007f1e98008800 JavaThread "main" [_thread_blocked, id=18862, stack(0x00007f1ea10d3000,0x00007f1ea11d4000)]

Other Threads:
=>0x00007f1e98070000 VMThread [stack: 0x00007f1e9ccc3000,0x00007f1e9cdc4000] [id=18867]

VM state:at safepoint (shutting down)

VM Mutex/Monitor currently owned by a thread:  ([mutex/lock_event])
[0x00007f1e98004dd0] Threads_lock - owner thread: 0x00007f1e98070000

Heap
 PSYoungGen      total 34880K, used 15139K [0x00000000d9200000, 0x00000000db8e0000, 0x0000000100000000)
  eden space 29952K, 50% used [0x00000000d9200000,0x00000000da0c8f38,0x00000000daf40000)
  from space 4928K, 0% used [0x00000000db410000,0x00000000db410000,0x00000000db8e0000)
  to   space 4928K, 0% used [0x00000000daf40000,0x00000000daf40000,0x00000000db410000)
 PSOldGen        total 79616K, used 0K [0x000000008b600000, 0x00000000903c0000, 0x00000000d9200000)
  object space 79616K, 0% used [0x000000008b600000,0x000000008b600000,0x00000000903c0000)
 PSPermGen       total 21248K, used 11349K [0x0000000081000000, 0x00000000824c0000, 0x000000008b600000)
  object space 21248K, 53% used [0x0000000081000000,0x0000000081b15478,0x00000000824c0000)

Code Cache  [0x00007f1e95000000, 0x00007f1e95270000, 0x00007f1e98000000)
 total_blobs=695 nmethods=215 adapters=434 free_code_cache=49362816 largest_free_block=8704

Dynamic libraries:
00400000-00409000 r-xp 00000000 08:03 18618890                           /usr/lib/jvm/java-6-openjdk-amd64/jre/bin/java
00608000-00609000 r--p 00008000 08:03 18618890                           /usr/lib/jvm/java-6-openjdk-amd64/jre/bin/java
00609000-0060a000 rw-p 00009000 08:03 18618890                           /usr/lib/jvm/java-6-openjdk-amd64/jre/bin/java
017ba000-017db000 rw-p 00000000 00:00 0                                  [heap]
81000000-824c0000 rw-p 00000000 00:00 0 
824c0000-8b600000 rw-p 00000000 00:00 0 
8b600000-903c0000 rw-p 00000000 00:00 0 
903c0000-d9200000 rw-p 00000000 00:00 0 
d9200000-db8e0000 rw-p 00000000 00:00 0 
db8e0000-100000000 rw-p 00000000 00:00 0 
7f1e40000000-7f1e40021000 rw-p 00000000 00:00 0 
7f1e40021000-7f1e44000000 ---p 00000000 00:00 0 
7f1e44000000-7f1e44021000 rw-p 00000000 00:00 0 
7f1e44021000-7f1e48000000 ---p 00000000 00:00 0 
7f1e48000000-7f1e48021000 rw-p 00000000 00:00 0 
7f1e48021000-7f1e4c000000 ---p 00000000 00:00 0 
7f1e4c000000-7f1e4c021000 rw-p 00000000 00:00 0 
7f1e4c021000-7f1e50000000 ---p 00000000 00:00 0 
7f1e50000000-7f1e50021000 rw-p 00000000 00:00 0 
7f1e50021000-7f1e54000000 ---p 00000000 00:00 0 
7f1e54000000-7f1e54021000 rw-p 00000000 00:00 0 
7f1e54021000-7f1e58000000 ---p 00000000 00:00 0 
7f1e59d32000-7f1e5bc8c000 r-xp 00000000 08:03 19009510                   /usr/lib/fglrx/dri/fglrx_dri.so
7f1e5bc8c000-7f1e5bd8c000 ---p 01f5a000 08:03 19009510                   /usr/lib/fglrx/dri/fglrx_dri.so
7f1e5bd8c000-7f1e5beda000 rwxp 01f5a000 08:03 19009510                   /usr/lib/fglrx/dri/fglrx_dri.so
7f1e5beda000-7f1e5c000000 rwxp 00000000 00:00 0 
7f1e5c000000-7f1e5c021000 rw-p 00000000 00:00 0 
7f1e5c021000-7f1e60000000 ---p 00000000 00:00 0 
7f1e603a2000-7f1e603a5000 ---p 00000000 00:00 0 
7f1e603a5000-7f1e604a3000 rw-p 00000000 00:00 0 
7f1e604a3000-7f1e604a6000 ---p 00000000 00:00 0 
7f1e604a6000-7f1e605a4000 rw-p 00000000 00:00 0 
7f1e605a4000-7f1e605a7000 ---p 00000000 00:00 0 
7f1e605a7000-7f1e606a5000 rw-p 00000000 00:00 0 
7f1e606a5000-7f1e606a8000 ---p 00000000 00:00 0 
7f1e606a8000-7f1e607a6000 rw-p 00000000 00:00 0 
7f1e607a6000-7f1e608a6000 rw-s 3ed6b000 00:05 10225                      /dev/ati/card0
7f1e608a6000-7f1e609a6000 rw-s 3ed6a000 00:05 10225                      /dev/ati/card0
7f1e609a6000-7f1e60ba6000 rw-s eb761000 00:05 10225                      /dev/ati/card0
7f1e60ba6000-7f1e60ca6000 rw-s 3ed64000 00:05 10225                      /dev/ati/card0
7f1e60ca7000-7f1e60da7000 rw-s 3ed69000 00:05 10225                      /dev/ati/card0
7f1e60da7000-7f1e60ea7000 rw-s 3ed68000 00:05 10225                      /dev/ati/card0
7f1e60ea7000-7f1e614ac000 rw-p 00000000 00:00 0 
7f1e614ac000-7f1e614ae000 r--s 00015000 08:03 15598514                   /home/arwilczek90/workspace/Elements/lib/slick/lib/tinylinepp.jar
7f1e614ae000-7f1e614b6000 r--s 00067000 08:03 15598510                   /home/arwilczek90/workspace/Elements/lib/slick/lib/slick-sources.jar
7f1e614b6000-7f1e614b9000 r-xp 00000000 08:03 15602613                   /home/arwilczek90/workspace/Elements/lib/slick/libjinput-linux64.so
7f1e614b9000-7f1e615b8000 ---p 00003000 08:03 15602613                   /home/arwilczek90/workspace/Elements/lib/slick/libjinput-linux64.so
7f1e615b8000-7f1e615b9000 rw-p 00002000 08:03 15602613                   /home/arwilczek90/workspace/Elements/lib/slick/libjinput-linux64.so
7f1e615b9000-7f1e615bc000 ---p 00000000 00:00 0 
7f1e615bc000-7f1e616ba000 rw-p 00000000 00:00 0 
7f1e616ba000-7f1e616bf000 r--s 0002f000 08:03 15598498                   /home/arwilczek90/workspace/Elements/lib/slick/lib/jinput.jar
7f1e616bf000-7f1e616c1000 r--s 00008000 08:03 15598497                   /home/arwilczek90/workspace/Elements/lib/slick/lib/ibxm.jar
7f1e616c1000-7f1e616c4000 r--s 0005b000 08:03 15598496                   /home/arwilczek90/workspace/Elements/lib/slick/lib/hiero.jar
7f1e616c4000-7f1e616c5000 r--s 00007000 08:03 15597697                   /home/arwilczek90/workspace/Elements/lib/slick/applet/lwjgl_util_applet.jar
7f1e616c5000-7f1e61705000 rw-s 0002a000 00:05 10225                      /dev/ati/card0
7f1e61705000-7f1e61e05000 rw-s 00006000 00:05 10225                      /dev/ati/card0
7f1e61e05000-7f1e61e07000 r-xp 00000000 08:03 18488267                   /usr/lib/x86_64-linux-gnu/libXinerama.so.1.0.0
7f1e61e07000-7f1e62006000 ---p 00002000 08:03 18488267                   /usr/lib/x86_64-linux-gnu/libXinerama.so.1.0.0
7f1e62006000-7f1e62007000 r--p 00001000 08:03 18488267                   /usr/lib/x86_64-linux-gnu/libXinerama.so.1.0.0
7f1e62007000-7f1e62008000 rw-p 00002000 08:03 18488267                   /usr/lib/x86_64-linux-gnu/libXinerama.so.1.0.0
7f1e62008000-7f1e62043000 r-xp 00000000 08:03 19009508                   /usr/lib/fglrx/libatiadlxx.so
7f1e62043000-7f1e62143000 ---p 0003b000 08:03 19009508                   /usr/lib/fglrx/libatiadlxx.so
7f1e62143000-7f1e6214c000 rw-p 0003b000 08:03 19009508                   /usr/lib/fglrx/libatiadlxx.so
7f1e6214c000-7f1e6215d000 rw-p 00000000 00:00 0 
7f1e6215e000-7f1e62161000 r--s 00015000 08:03 15598512                   /home/arwilczek90/workspace/Elements/lib/slick/lib/slick-util.jar
7f1e62161000-7f1e62162000 r--s 00000000 08:03 15598509                   /home/arwilczek90/workspace/Elements/lib/slick/lib/slick-examples.jar
7f1e62162000-7f1e62163000 r--s 00003000 08:03 15598508                   /home/arwilczek90/workspace/Elements/lib/slick/lib/scalar.jar
7f1e62163000-7f1e62166000 r--s 00017000 08:03 15598507                   /home/arwilczek90/workspace/Elements/lib/slick/lib/pedigree.jar
7f1e62166000-7f1e62171000 r--s 00093000 08:03 15598513                   /home/arwilczek90/workspace/Elements/lib/slick/lib/slick.jar
7f1e62171000-7f1e62173000 r--s 00004000 08:03 15598506                   /home/arwilczek90/workspace/Elements/lib/slick/lib/packulike.jar
7f1e62173000-7f1e62174000 r--s 00043000 08:03 15598505                   /home/arwilczek90/workspace/Elements/lib/slick/lib/natives-win32.jar
7f1e62174000-7f1e62176000 r--s 00033000 08:03 15598504                   /home/arwilczek90/workspace/Elements/lib/slick/lib/natives-mac.jar
7f1e62176000-7f1e62177000 r--s 0003d000 08:03 15598503                   /home/arwilczek90/workspace/Elements/lib/slick/lib/natives-linux.jar
7f1e62177000-7f1e6217e000 r-xp 00000000 08:03 19009532                   /usr/lib/fglrx/libatiuki.so.1.0
7f1e6217e000-7f1e6227e000 ---p 00007000 08:03 19009532                   /usr/lib/fglrx/libatiuki.so.1.0
7f1e6227e000-7f1e6227f000 rw-p 00007000 08:03 19009532                   /usr/lib/fglrx/libatiuki.so.1.0
7f1e6227f000-7f1e62280000 rw-p 00000000 00:00 0 
7f1e62280000-7f1e62343000 r-xp 00000000 08:03 19009512                   /usr/lib/fglrx/libGL.so.1.2
7f1e62343000-7f1e62442000 ---p 000c3000 08:03 19009512                   /usr/lib/fglrx/libGL.so.1.2
7f1e62442000-7f1e62469000 rwxp 000c2000 08:03 19009512                   /usr/lib/fglrx/libGL.so.1.2
7f1e62469000-7f1e62489000 rwxp 00000000 00:00 0 
7f1e62489000-7f1e6248a000 r-xp 00000000 08:03 18618886                   /usr/lib/jvm/java-6-openjdk-amd64/jre/lib/amd64/libjawt.so
7f1e6248a000-7f1e62689000 ---p 00001000 08:03 18618886                   /usr/lib/jvm/java-6-openjdk-amd64/jre/lib/amd64/libjawt.so
7f1e62689000-7f1e6268a000 r--p 00000000 08:03 18618886                   /usr/lib/jvm/java-6-openjdk-amd64/jre/lib/amd64/libjawt.so
7f1e6268a000-7f1e6268b000 rw-p 00001000 08:03 18618886                   /usr/lib/jvm/java-6-openjdk-amd64/jre/lib/amd64/libjawt.so
7f1e6268b000-7f1e6268f000 r-xp 00000000 08:03 18488287                   /usr/lib/x86_64-linux-gnu/libXxf86vm.so.1.0.0
7f1e6268f000-7f1e6288e000 ---p 00004000 08:03 18488287                   /usr/lib/x86_64-linux-gnu/libXxf86vm.so.1.0.0
7f1e6288e000-7f1e6288f000 r--p 00003000 08:03 18488287                   /usr/lib/x86_64-linux-gnu/libXxf86vm.so.1.0.0
7f1e6288f000-7f1e62890000 rw-p 00004000 08:03 18488287                   /usr/lib/x86_64-linux-gnu/libXxf86vm.so.1.0.0
7f1e62890000-7f1e62898000 r-xp 00000000 08:03 18488277                   /usr/lib/x86_64-linux-gnu/libXrandr.so.2.2.0
7f1e62898000-7f1e62a97000 ---p 00008000 08:03 18488277                   /usr/lib/x86_64-linux-gnu/libXrandr.so.2.2.0
7f1e62a97000-7f1e62a98000 r--p 00007000 08:03 18488277                   /usr/lib/x86_64-linux-gnu/libXrandr.so.2.2.0
7f1e62a98000-7f1e62a99000 rw-p 00008000 08:03 18488277                   /usr/lib/x86_64-linux-gnu/libXrandr.so.2.2.0
7f1e62a99000-7f1e62ad9000 r-xp 00000000 08:03 15602617                   /home/arwilczek90/workspace/Elements/lib/slick/liblwjgl64.so
7f1e62ad9000-7f1e62bd9000 ---p 00040000 08:03 15602617                   /home/arwilczek90/workspace/Elements/lib/slick/liblwjgl64.so
7f1e62bd9000-7f1e62bdb000 rw-p 00040000 08:03 15602617                   /home/arwilczek90/workspace/Elements/lib/slick/liblwjgl64.so
7f1e62bdb000-7f1e62bde000 ---p 00000000 00:00 0 
7f1e62bde000-7f1e62cdc000 rw-p 00000000 00:00 0 
7f1e62cdc000-7f1e62ce1000 r-xp 00000000 08:03 18488261                   /usr/lib/x86_64-linux-gnu/libXfixes.so.3.1.0
7f1e62ce1000-7f1e62ee0000 ---p 00005000 08:03 18488261                   /usr/lib/x86_64-linux-gnu/libXfixes.so.3.1.0
7f1e62ee0000-7f1e62ee1000 r--p 00004000 08:03 18488261                   /usr/lib/x86_64-linux-gnu/libXfixes.so.3.1.0
7f1e62ee1000-7f1e62ee2000 rw-p 00005000 08:03 18488261                   /usr/lib/x86_64-linux-gnu/libXfixes.so.3.1.0
7f1e62ee2000-7f1e62eeb000 r-xp 00000000 08:03 18488253                   /usr/lib/x86_64-linux-gnu/libXcursor.so.1.0.2
7f1e62eeb000-7f1e630ea000 ---p 00009000 08:03 18488253                   /usr/lib/x86_64-linux-gnu/libXcursor.so.1.0.2
7f1e630ea000-7f1e630eb000 r--p 00008000 08:03 18488253                   /usr/lib/x86_64-linux-gnu/libXcursor.so.1.0.2
7f1e630eb000-7f1e630ec000 rw-p 00009000 08:03 18488253                   /usr/lib/x86_64-linux-gnu/libXcursor.so.1.0.2
7f1e630ec000-7f1e63182000 r-xp 00000000 08:03 18488439                   /usr/lib/x86_64-linux-gnu/libfreetype.so.6.8.0
7f1e63182000-7f1e63381000 ---p 00096000 08:03 18488439                   /usr/lib/x86_64-linux-gnu/libfreetype.so.6.8.0
7f1e63381000-7f1e63387000 r--p 00095000 08:03 18488439                   /usr/lib/x86_64-linux-gnu/libfreetype.so.6.8.0
7f1e63387000-7f1e63388000 rw-p 0009b000 08:03 18488439                   /usr/lib/x86_64-linux-gnu/libfreetype.so.6.8.0
7f1e63388000-7f1e633c2000 r-xp 00000000 08:03 18618871                   /usr/lib/jvm/java-6-openjdk-amd64/jre/lib/amd64/libfontmanager.so
7f1e633c2000-7f1e635c1000 ---p 0003a000 08:03 18618871                   /usr/lib/jvm/java-6-openjdk-amd64/jre/lib/amd64/libfontmanager.so
7f1e635c1000-7f1e635c3000 r--p 00039000 08:03 18618871                   /usr/lib/jvm/java-6-openjdk-amd64/jre/lib/amd64/libfontmanager.so
7f1e635c3000-7f1e635c4000 rw-p 0003b000 08:03 18618871                   /usr/lib/jvm/java-6-openjdk-amd64/jre/lib/amd64/libfontmanager.so
7f1e635c4000-7f1e635c9000 r-xp 00000000 08:03 18488257                   /usr/lib/x86_64-linux-gnu/libXdmcp.so.6.0.0
7f1e635c9000-7f1e637c8000 ---p 00005000 08:03 18488257                   /usr/lib/x86_64-linux-gnu/libXdmcp.so.6.0.0
7f1e637c8000-7f1e637c9000 r--p 00004000 08:03 18488257                   /usr/lib/x86_64-linux-gnu/libXdmcp.so.6.0.0
7f1e637c9000-7f1e637ca000 rw-p 00005000 08:03 18488257                   /usr/lib/x86_64-linux-gnu/libXdmcp.so.6.0.0
7f1e637ca000-7f1e637cc000 r-xp 00000000 08:03 18488246                   /usr/lib/x86_64-linux-gnu/libXau.so.6.0.0
7f1e637cc000-7f1e639cb000 ---p 00002000 08:03 18488246                   /usr/lib/x86_64-linux-gnu/libXau.so.6.0.0
7f1e639cb000-7f1e639cc000 r--p 00001000 08:03 18488246                   /usr/lib/x86_64-linux-gnu/libXau.so.6.0.0
7f1e639cc000-7f1e639cd000 rw-p 00002000 08:03 18488246                   /usr/lib/x86_64-linux-gnu/libXau.so.6.0.0
7f1e639cd000-7f1e639ea000 r-xp 00000000 08:03 18488845                   /usr/lib/x86_64-linux-gnu/libxcb.so.1.1.0
7f1e639ea000-7f1e63be9000 ---p 0001d000 08:03 18488845                   /usr/lib/x86_64-linux-gnu/libxcb.so.1.1.0
7f1e63be9000-7f1e63bea000 r--p 0001c000 08:03 18488845                   /usr/lib/x86_64-linux-gnu/libxcb.so.1.1.0
7f1e63bea000-7f1e63beb000 rw-p 0001d000 08:03 18488845                   /usr/lib/x86_64-linux-gnu/libxcb.so.1.1.0
7f1e63beb000-7f1e63bf9000 r-xp 00000000 08:03 18488265                   /usr/lib/x86_64-linux-gnu/libXi.so.6.1.0
7f1e63bf9000-7f1e63df8000 ---p 0000e000 08:03 18488265                   /usr/lib/x86_64-linux-gnu/libXi.so.6.1.0
7f1e63df8000-7f1e63df9000 r--p 0000d000 08:03 18488265                   /usr/lib/x86_64-linux-gnu/libXi.so.6.1.0
7f1e63df9000-7f1e63dfa000 rw-p 0000e000 08:03 18488265                   /usr/lib/x86_64-linux-gnu/libXi.so.6.1.0
7f1e63dfa000-7f1e63dff000 r-xp 00000000 08:03 18488283                   /usr/lib/x86_64-linux-gnu/libXtst.so.6.1.0
7f1e63dff000-7f1e63ffe000 ---p 00005000 08:03 18488283                   /usr/lib/x86_64-linux-gnu/libXtst.so.6.1.0
7f1e63ffe000-7f1e63fff000 r--p 00004000 08:03 18488283                   /usr/lib/x86_64-linux-gnu/libXtst.so.6.1.0
7f1e63fff000-7f1e64000000 rw-p 00005000 08:03 18488283                   /usr/lib/x86_64-linux-gnu/libXtst.so.6.1.0
7f1e64000000-7f1e64021000 rw-p 00000000 00:00 0 
7f1e64021000-7f1e68000000 ---p 00000000 00:00 0 
7f1e68000000-7f1e68021000 rw-p 00000000 00:00 0 
7f1e68021000-7f1e6c000000 ---p 00000000 00:00 0 
7f1e6c000000-7f1e6c3d0000 rw-p 00000000 00:00 0 
7f1e6c3d0000-7f1e70000000 ---p 00000000 00:00 0 
7f1e70000000-7f1e70c96000 rw-p 00000000 00:00 0 
7f1e70c96000-7f1e74000000 ---p 00000000 00:00 0 
7f1e74000000-7f1e74021000 rw-p 00000000 00:00 0 
7f1e74021000-7f1e78000000 ---p 00000000 00:00 0 
7f1e78000000-7f1e78021000 rw-p 00000000 00:00 0 
7f1e78021000-7f1e7c000000 ---p 00000000 00:00 0 
7f1e7c000000-7f1e7c021000 rw-p 00000000 00:00 0 
7f1e7c021000-7f1e80000000 ---p 00000000 00:00 0 
7f1e80000000-7f1e80021000 rw-p 00000000 00:00 0 
7f1e80021000-7f1e84000000 ---p 00000000 00:00 0 
7f1e84000000-7f1e84021000 rw-p 00000000 00:00 0 
7f1e84021000-7f1e88000000 ---p 00000000 00:00 0 
7f1e88000000-7f1e88021000 rw-p 00000000 00:00 0 
7f1e88021000-7f1e8c000000 ---p 00000000 00:00 0 
7f1e8c000000-7f1e8c021000 rw-p 00000000 00:00 0 
7f1e8c021000-7f1e90000000 ---p 00000000 00:00 0 
7f1e90000000-7f1e90021000 rw-p 00000000 00:00 0 
7f1e90021000-7f1e94000000 ---p 00000000 00:00 0 
7f1e94000000-7f1e94007000 r--s 00073000 08:03 15598502                   /home/arwilczek90/workspace/Elements/lib/slick/lib/lwjgl.jar
7f1e94007000-7f1e94009000 r--s 0000d000 08:03 15598501                   /home/arwilczek90/workspace/Elements/lib/slick/lib/jorbis-0.0.15.jar
7f1e94009000-7f1e9400a000 r--s 00001000 08:03 15598500                   /home/arwilczek90/workspace/Elements/lib/slick/lib/jogg-0.0.7.jar
7f1e9400a000-7f1e9400b000 r--s 00001000 08:03 15598499                   /home/arwilczek90/workspace/Elements/lib/slick/lib/jnlp.jar
7f1e9400b000-7f1e9400c000 rw-s 00005000 00:05 10225                      /dev/ati/card0
7f1e9400c000-7f1e9404c000 rw-s f0300000 00:05 10225                      /dev/ati/card0
7f1e9404c000-7f1e9404e000 rw-s 00002000 00:05 10225                      /dev/ati/card0
7f1e9404e000-7f1e94059000 r--s 00093000 08:03 15597692                   /home/arwilczek90/workspace/Elements/lib/slick.jar
7f1e94059000-7f1e94060000 r--s 000fb000 08:03 18618812                   /usr/lib/jvm/java-6-openjdk-common/jre/lib/resources.jar
7f1e94060000-7f1e94069000 r--s 00000000 08:03 19927122                   /var/cache/fontconfig/945677eb7aeaf62f1d50efc3fb3ec7d8-le64.cache-3
7f1e94069000-7f1e9406c000 ---p 00000000 00:00 0 
7f1e9406c000-7f1e9416a000 rw-p 00000000 00:00 0 
7f1e9416a000-7f1e94173000 r-xp 00000000 08:03 18488279                   /usr/lib/x86_64-linux-gnu/libXrender.so.1.3.0
7f1e94173000-7f1e94372000 ---p 00009000 08:03 18488279                   /usr/lib/x86_64-linux-gnu/libXrender.so.1.3.0
7f1e94372000-7f1e94373000 r--p 00008000 08:03 18488279                   /usr/lib/x86_64-linux-gnu/libXrender.so.1.3.0
7f1e94373000-7f1e94374000 rw-p 00009000 08:03 18488279                   /usr/lib/x86_64-linux-gnu/libXrender.so.1.3.0
7f1e94374000-7f1e944a3000 r-xp 00000000 08:03 18488244                   /usr/lib/x86_64-linux-gnu/libX11.so.6.3.0
7f1e944a3000-7f1e946a3000 ---p 0012f000 08:03 18488244                   /usr/lib/x86_64-linux-gnu/libX11.so.6.3.0
7f1e946a3000-7f1e946a4000 r--p 0012f000 08:03 18488244                   /usr/lib/x86_64-linux-gnu/libX11.so.6.3.0
7f1e946a4000-7f1e946a8000 rw-p 00130000 08:03 18488244                   /usr/lib/x86_64-linux-gnu/libX11.so.6.3.0
7f1e946a8000-7f1e946b8000 r-xp 00000000 08:03 18488259                   /usr/lib/x86_64-linux-gnu/libXext.so.6.4.0
7f1e946b8000-7f1e948b7000 ---p 00010000 08:03 18488259                   /usr/lib/x86_64-linux-gnu/libXext.so.6.4.0
7f1e948b7000-7f1e948b8000 r--p 0000f000 08:03 18488259                   /usr/lib/x86_64-linux-gnu/libXext.so.6.4.0
7f1e948b8000-7f1e948b9000 rw-p 00010000 08:03 18488259                   /usr/lib/x86_64-linux-gnu/libXext.so.6.4.0
7f1e948b9000-7f1e94904000 r-xp 00000000 08:03 18618972                   /usr/lib/jvm/java-6-openjdk-amd64/jre/lib/amd64/xawt/libmawt.so
7f1e94904000-7f1e94b04000 ---p 0004b000 08:03 18618972                   /usr/lib/jvm/java-6-openjdk-amd64/jre/lib/amd64/xawt/libmawt.so
7f1e94b04000-7f1e94b05000 r--p 0004b000 08:03 18618972                   /usr/lib/jvm/java-6-openjdk-amd64/jre/lib/amd64/xawt/libmawt.so
7f1e94b05000-7f1e94b08000 rw-p 0004c000 08:03 18618972                   /usr/lib/jvm/java-6-openjdk-amd64/jre/lib/amd64/xawt/libmawt.so
7f1e94b08000-7f1e94b09000 rw-p 00000000 00:00 0 
7f1e94b09000-7f1e94bb5000 r-xp 00000000 08:03 18618874                   /usr/lib/jvm/java-6-openjdk-amd64/jre/lib/amd64/libawt.so
7f1e94bb5000-7f1e94db4000 ---p 000ac000 08:03 18618874                   /usr/lib/jvm/java-6-openjdk-amd64/jre/lib/amd64/libawt.so
7f1e94db4000-7f1e94db5000 r--p 000ab000 08:03 18618874                   /usr/lib/jvm/java-6-openjdk-amd64/jre/lib/amd64/libawt.so
7f1e94db5000-7f1e94dc0000 rw-p 000ac000 08:03 18618874                   /usr/lib/jvm/java-6-openjdk-amd64/jre/lib/amd64/libawt.so
7f1e94dc0000-7f1e94de5000 rw-p 00000000 00:00 0 
7f1e94de5000-7f1e94de8000 r--s 0007d000 08:03 18618443                   /usr/lib/jvm/java-6-openjdk-common/jre/lib/jsse.jar
7f1e94de8000-7f1e94def000 r--s 00073000 08:03 15597691                   /home/arwilczek90/workspace/Elements/lib/lwjgl.jar
7f1e94def000-7f1e94df1000 r--s 0000f000 08:03 18618803                   /usr/lib/jvm/java-6-openjdk-common/jre/lib/ext/pulse-java.jar
7f1e94df1000-7f1e94df4000 r--s 00077000 08:03 18618797                   /usr/lib/jvm/java-6-openjdk-common/jre/lib/ext/localedata.jar
7f1e94df4000-7f1e94df5000 r--s 00007000 08:03 18748229                   /usr/share/java/java-atk-wrapper.jar
7f1e94df5000-7f1e94df7000 r--s 00001000 08:03 18618801                   /usr/lib/jvm/java-6-openjdk-common/jre/lib/ext/dnsns.jar
7f1e94df7000-7f1e94dfb000 r--s 00038000 08:03 18618795                   /usr/lib/jvm/java-6-openjdk-common/jre/lib/ext/sunpkcs11.jar
7f1e94dfb000-7f1e94dfe000 r--s 00031000 08:03 18618799                   /usr/lib/jvm/java-6-openjdk-common/jre/lib/ext/sunjce_provider.jar
7f1e94dfe000-7f1e94dff000 ---p 00000000 00:00 0 
7f1e94dff000-7f1e94eff000 rw-p 00000000 00:00 0 
7f1e94eff000-7f1e94f02000 ---p 00000000 00:00 0 
7f1e94f02000-7f1e95000000 rw-p 00000000 00:00 0 
7f1e95000000-7f1e95270000 rwxp 00000000 00:00 0 
7f1e95270000-7f1e98d65000 rw-p 00000000 00:00 0 
7f1e98d65000-7f1e9c000000 ---p 00000000 00:00 0 
7f1e9c000000-7f1e9c002000 r--s 00000000 08:03 19927123                   /var/cache/fontconfig/99e8ed0e538f840c565b6ed5dad60d56-le64.cache-3
7f1e9c002000-7f1e9c006000 r--s 00000000 08:03 19927109                   /var/cache/fontconfig/2cd17615ca594fa2959ae173292e504c-le64.cache-3
7f1e9c006000-7f1e9c007000 r--s 00000000 08:03 19927134                   /var/cache/fontconfig/e7071f4a29fa870f4323321c154eba04-le64.cache-3
7f1e9c007000-7f1e9c008000 r--s 00000000 08:03 19927107                   /var/cache/fontconfig/0d8c3b2ac0904cb8a57a757ad11a4a08-le64.cache-3
7f1e9c008000-7f1e9c00e000 r--s 00000000 08:03 19927124                   /var/cache/fontconfig/a755afe4a08bf5b97852ceb7400b47bc-le64.cache-3
7f1e9c00e000-7f1e9c017000 r--s 00000000 08:03 19927460                   /var/cache/fontconfig/6d41288fd70b0be22e8c3a91e032eec0-le64.cache-3
7f1e9c017000-7f1e9c027000 r--s 00000000 08:03 19927106                   /var/cache/fontconfig/04aabc0a78ac019cf9454389977116d2-le64.cache-3
7f1e9c027000-7f1e9c02a000 r--s 00000000 08:03 19927112                   /var/cache/fontconfig/385c0604a188198f04d133e54aba7fe7-le64.cache-3
7f1e9c02a000-7f1e9c02b000 r--s 00000000 08:03 19927113                   /var/cache/fontconfig/4794a0821666d79190d59a36cb4f44b5-le64.cache-3
7f1e9c02b000-7f1e9c02e000 r--s 00000000 08:03 19927121                   /var/cache/fontconfig/8801497958630a81b71ace7c5f9b32a8-le64.cache-3
7f1e9c02e000-7f1e9c05c000 r--s 00000000 08:03 19927454                   /var/cache/fontconfig/365b55f210c0a22e9a19e35191240f32-le64.cache-3
7f1e9c05c000-7f1e9c061000 r--s 00000000 08:03 19927110                   /var/cache/fontconfig/3047814df9a2f067bd2d96a2b9c36e5a-le64.cache-3
7f1e9c061000-7f1e9c062000 r--s 00000000 08:03 19927115                   /var/cache/fontconfig/56cf4f4769d0f4abc89a4895d7bd3ae1-le64.cache-3
7f1e9c062000-7f1e9c063000 r--s 00000000 08:03 19927126                   /var/cache/fontconfig/b9d506c9ac06c20b433354fa67a72993-le64.cache-3
7f1e9c063000-7f1e9c068000 r--s 00000000 08:03 19927125                   /var/cache/fontconfig/b47c4e1ecd0709278f4910c18777a504-le64.cache-3
7f1e9c068000-7f1e9c078000 r--s 00000000 08:03 19927130                   /var/cache/fontconfig/d52a8644073d54c13679302ca1180695-le64.cache-3
7f1e9c078000-7f1e9c07c000 r--s 00000000 08:03 19927452                   /var/cache/fontconfig/7ef2298fde41cc6eeb7af42e48b7d293-le64.cache-3
7f1e9c07c000-7f1e9c07d000 r--s 00000000 08:03 19927127                   /var/cache/fontconfig/c05880de57d1f5e948fdfacc138775d9-le64.cache-3
7f1e9c07d000-7f1e9c086000 r--s 00000000 08:03 19927122                   /var/cache/fontconfig/945677eb7aeaf62f1d50efc3fb3ec7d8-le64.cache-3
7f1e9c086000-7f1e9c088000 r--s 00000000 08:03 19927123                   /var/cache/fontconfig/99e8ed0e538f840c565b6ed5dad60d56-le64.cache-3
7f1e9c088000-7f1e9c08c000 r--s 00000000 08:03 19927109                   /var/cache/fontconfig/2cd17615ca594fa2959ae173292e504c-le64.cache-3
7f1e9c08c000-7f1e9c08d000 r--s 00000000 08:03 19927134                   /var/cache/fontconfig/e7071f4a29fa870f4323321c154eba04-le64.cache-3
7f1e9c08d000-7f1e9c08e000 r--s 00000000 08:03 19927107                   /var/cache/fontconfig/0d8c3b2ac0904cb8a57a757ad11a4a08-le64.cache-3
7f1e9c08e000-7f1e9c094000 r--s 00000000 08:03 19927124                   /var/cache/fontconfig/a755afe4a08bf5b97852ceb7400b47bc-le64.cache-3
7f1e9c094000-7f1e9c09d000 r--s 00000000 08:03 19927460                   /var/cache/fontconfig/6d41288fd70b0be22e8c3a91e032eec0-le64.cache-3
7f1e9c09d000-7f1e9c0ad000 r--s 00000000 08:03 19927106                   /var/cache/fontconfig/04aabc0a78ac019cf9454389977116d2-le64.cache-3
7f1e9c0ad000-7f1e9c0db000 r--s 00000000 08:03 19927454                   /var/cache/fontconfig/365b55f210c0a22e9a19e35191240f32-le64.cache-3
7f1e9c0db000-7f1e9c0de000 ---p 00000000 00:00 0 
7f1e9c0de000-7f1e9c1dc000 rw-p 00000000 00:00 0 
7f1e9c1dc000-7f1e9c1df000 ---p 00000000 00:00 0 
7f1e9c1df000-7f1e9c2dd000 rw-p 00000000 00:00 0 
7f1e9c2dd000-7f1e9c2e0000 ---p 00000000 00:00 0 
7f1e9c2e0000-7f1e9c3de000 rw-p 00000000 00:00 0 
7f1e9c3de000-7f1e9cac1000 r--p 00000000 08:03 18487587                   /usr/lib/locale/locale-archive
7f1e9cac1000-7f1e9cac4000 ---p 00000000 00:00 0 
7f1e9cac4000-7f1e9cbc2000 rw-p 00000000 00:00 0 
7f1e9cbc2000-7f1e9cbc5000 ---p 00000000 00:00 0 
7f1e9cbc5000-7f1e9ccc3000 rw-p 00000000 00:00 0 
7f1e9ccc3000-7f1e9ccc4000 ---p 00000000 00:00 0 
7f1e9ccc4000-7f1e9d2fc000 rw-p 00000000 00:00 0 
7f1e9d2fc000-7f1e9d48e000 r--s 037bf000 08:03 18618843                   /usr/lib/jvm/java-6-openjdk-amd64/jre/lib/rt.jar
7f1e9d48e000-7f1e9d4b6000 rw-p 00000000 00:00 0 
7f1e9d4b6000-7f1e9d4b7000 ---p 00000000 00:00 0 
7f1e9d4b7000-7f1e9d5b7000 rw-p 00000000 00:00 0 
7f1e9d5b7000-7f1e9d5b8000 ---p 00000000 00:00 0 
7f1e9d5b8000-7f1e9d6b8000 rw-p 00000000 00:00 0 
7f1e9d6b8000-7f1e9d6b9000 ---p 00000000 00:00 0 
7f1e9d6b9000-7f1e9d7b9000 rw-p 00000000 00:00 0 
7f1e9d7b9000-7f1e9d7ba000 ---p 00000000 00:00 0 
7f1e9d7ba000-7f1e9d8c5000 rw-p 00000000 00:00 0 
7f1e9d8c5000-7f1e9d90d000 rw-p 00000000 00:00 0 
7f1e9d90d000-7f1e9d934000 rw-p 00000000 00:00 0 
7f1e9d934000-7f1e9db7b000 rw-p 00000000 00:00 0 
7f1e9db7b000-7f1e9db86000 rw-p 00000000 00:00 0 
7f1e9db86000-7f1e9dbce000 rw-p 00000000 00:00 0 
7f1e9dbce000-7f1e9dbf5000 rw-p 00000000 00:00 0 
7f1e9dbf5000-7f1e9de3c000 rw-p 00000000 00:00 0 
7f1e9de3c000-7f1e9de50000 rw-p 00000000 00:00 0 
7f1e9de50000-7f1e9df73000 rw-p 00000000 00:00 0 
7f1e9df73000-7f1e9df74000 rw-p 00000000 00:00 0 
7f1e9df74000-7f1e9df7b000 r-xp 00000000 08:03 18618888                   /usr/lib/jvm/java-6-openjdk-amd64/jre/lib/amd64/libzip.so
7f1e9df7b000-7f1e9e17a000 ---p 00007000 08:03 18618888                   /usr/lib/jvm/java-6-openjdk-amd64/jre/lib/amd64/libzip.so
7f1e9e17a000-7f1e9e17b000 r--p 00006000 08:03 18618888                   /usr/lib/jvm/java-6-openjdk-amd64/jre/lib/amd64/libzip.so
7f1e9e17b000-7f1e9e17c000 rw-p 00007000 08:03 18618888                   /usr/lib/jvm/java-6-openjdk-amd64/jre/lib/amd64/libzip.so
7f1e9e17c000-7f1e9e188000 r-xp 00000000 08:03 21758081                   /lib/x86_64-linux-gnu/libnss_files-2.15.so
7f1e9e188000-7f1e9e387000 ---p 0000c000 08:03 21758081                   /lib/x86_64-linux-gnu/libnss_files-2.15.so
7f1e9e387000-7f1e9e388000 r--p 0000b000 08:03 21758081                   /lib/x86_64-linux-gnu/libnss_files-2.15.so
7f1e9e388000-7f1e9e389000 rw-p 0000c000 08:03 21758081                   /lib/x86_64-linux-gnu/libnss_files-2.15.so
7f1e9e389000-7f1e9e393000 r-xp 00000000 08:03 21758077                   /lib/x86_64-linux-gnu/libnss_nis-2.15.so
7f1e9e393000-7f1e9e593000 ---p 0000a000 08:03 21758077                   /lib/x86_64-linux-gnu/libnss_nis-2.15.so
7f1e9e593000-7f1e9e594000 r--p 0000a000 08:03 21758077                   /lib/x86_64-linux-gnu/libnss_nis-2.15.so
7f1e9e594000-7f1e9e595000 rw-p 0000b000 08:03 21758077                   /lib/x86_64-linux-gnu/libnss_nis-2.15.so
7f1e9e595000-7f1e9e5ac000 r-xp 00000000 08:03 21761730                   /lib/x86_64-linux-gnu/libnsl-2.15.so
7f1e9e5ac000-7f1e9e7ab000 ---p 00017000 08:03 21761730                   /lib/x86_64-linux-gnu/libnsl-2.15.so
7f1e9e7ab000-7f1e9e7ac000 r--p 00016000 08:03 21761730                   /lib/x86_64-linux-gnu/libnsl-2.15.so
7f1e9e7ac000-7f1e9e7ad000 rw-p 00017000 08:03 21761730                   /lib/x86_64-linux-gnu/libnsl-2.15.so
7f1e9e7ad000-7f1e9e7af000 rw-p 00000000 00:00 0 
7f1e9e7af000-7f1e9e7b7000 r-xp 00000000 08:03 21758082                   /lib/x86_64-linux-gnu/libnss_compat-2.15.so
7f1e9e7b7000-7f1e9e9b6000 ---p 00008000 08:03 21758082                   /lib/x86_64-linux-gnu/libnss_compat-2.15.so
7f1e9e9b6000-7f1e9e9b7000 r--p 00007000 08:03 21758082                   /lib/x86_64-linux-gnu/libnss_compat-2.15.so
7f1e9e9b7000-7f1e9e9b8000 rw-p 00008000 08:03 21758082                   /lib/x86_64-linux-gnu/libnss_compat-2.15.so
7f1e9e9b8000-7f1e9e9e4000 r-xp 00000000 08:03 18618873                   /usr/lib/jvm/java-6-openjdk-amd64/jre/lib/amd64/libjava.so
7f1e9e9e4000-7f1e9ebe3000 ---p 0002c000 08:03 18618873                   /usr/lib/jvm/java-6-openjdk-amd64/jre/lib/amd64/libjava.so
7f1e9ebe3000-7f1e9ebe4000 r--p 0002b000 08:03 18618873                   /usr/lib/jvm/java-6-openjdk-amd64/jre/lib/amd64/libjava.so
7f1e9ebe4000-7f1e9ebe7000 rw-p 0002c000 08:03 18618873                   /usr/lib/jvm/java-6-openjdk-amd64/jre/lib/amd64/libjava.so
7f1e9ebe7000-7f1e9ebf5000 r-xp 00000000 08:03 18618872                   /usr/lib/jvm/java-6-openjdk-amd64/jre/lib/amd64/libverify.so
7f1e9ebf5000-7f1e9edf4000 ---p 0000e000 08:03 18618872                   /usr/lib/jvm/java-6-openjdk-amd64/jre/lib/amd64/libverify.so
7f1e9edf4000-7f1e9edf6000 r--p 0000d000 08:03 18618872                   /usr/lib/jvm/java-6-openjdk-amd64/jre/lib/amd64/libverify.so
7f1e9edf6000-7f1e9edf7000 rw-p 0000f000 08:03 18618872                   /usr/lib/jvm/java-6-openjdk-amd64/jre/lib/amd64/libverify.so
7f1e9edf7000-7f1e9edfe000 r-xp 00000000 08:03 21758075                   /lib/x86_64-linux-gnu/librt-2.15.so
7f1e9edfe000-7f1e9effd000 ---p 00007000 08:03 21758075                   /lib/x86_64-linux-gnu/librt-2.15.so
7f1e9effd000-7f1e9effe000 r--p 00006000 08:03 21758075                   /lib/x86_64-linux-gnu/librt-2.15.so
7f1e9effe000-7f1e9efff000 rw-p 00007000 08:03 21758075                   /lib/x86_64-linux-gnu/librt-2.15.so
7f1e9efff000-7f1e9f014000 r-xp 00000000 08:03 21761542                   /lib/x86_64-linux-gnu/libgcc_s.so.1
7f1e9f014000-7f1e9f213000 ---p 00015000 08:03 21761542                   /lib/x86_64-linux-gnu/libgcc_s.so.1
7f1e9f213000-7f1e9f214000 r--p 00014000 08:03 21761542                   /lib/x86_64-linux-gnu/libgcc_s.so.1
7f1e9f214000-7f1e9f215000 rw-p 00015000 08:03 21761542                   /lib/x86_64-linux-gnu/libgcc_s.so.1
7f1e9f215000-7f1e9f30e000 r-xp 00000000 08:03 21758079                   /lib/x86_64-linux-gnu/libm-2.15.so
7f1e9f30e000-7f1e9f50d000 ---p 000f9000 08:03 21758079                   /lib/x86_64-linux-gnu/libm-2.15.so
7f1e9f50d000-7f1e9f50e000 r--p 000f8000 08:03 21758079                   /lib/x86_64-linux-gnu/libm-2.15.so
7f1e9f50e000-7f1e9f50f000 rw-p 000f9000 08:03 21758079                   /lib/x86_64-linux-gnu/libm-2.15.so
7f1e9f50f000-7f1e9f5f1000 r-xp 00000000 08:03 18488773                   /usr/lib/x86_64-linux-gnu/libstdc++.so.6.0.16
7f1e9f5f1000-7f1e9f7f0000 ---p 000e2000 08:03 18488773                   /usr/lib/x86_64-linux-gnu/libstdc++.so.6.0.16
7f1e9f7f0000-7f1e9f7f8000 r--p 000e1000 08:03 18488773                   /usr/lib/x86_64-linux-gnu/libstdc++.so.6.0.16
7f1e9f7f8000-7f1e9f7fa000 rw-p 000e9000 08:03 18488773                   /usr/lib/x86_64-linux-gnu/libstdc++.so.6.0.16
7f1e9f7fa000-7f1e9f80f000 rw-p 00000000 00:00 0 
7f1e9f80f000-7f1ea0113000 r-xp 00000000 08:03 18618878                   /usr/lib/jvm/java-6-openjdk-amd64/jre/lib/amd64/server/libjvm.so
7f1ea0113000-7f1ea0313000 ---p 00904000 08:03 18618878                   /usr/lib/jvm/java-6-openjdk-amd64/jre/lib/amd64/server/libjvm.so
7f1ea0313000-7f1ea0393000 r--p 00904000 08:03 18618878                   /usr/lib/jvm/java-6-openjdk-amd64/jre/lib/amd64/server/libjvm.so
7f1ea0393000-7f1ea03ae000 rw-p 00984000 08:03 18618878                   /usr/lib/jvm/java-6-openjdk-amd64/jre/lib/amd64/server/libjvm.so
7f1ea03ae000-7f1ea03d7000 rw-p 00000000 00:00 0 
7f1ea03d7000-7f1ea03ed000 r-xp 00000000 08:03 21761632                   /lib/x86_64-linux-gnu/libz.so.1.2.3.4
7f1ea03ed000-7f1ea05ec000 ---p 00016000 08:03 21761632                   /lib/x86_64-linux-gnu/libz.so.1.2.3.4
7f1ea05ec000-7f1ea05ed000 r--p 00015000 08:03 21761632                   /lib/x86_64-linux-gnu/libz.so.1.2.3.4
7f1ea05ed000-7f1ea05ee000 rw-p 00016000 08:03 21761632                   /lib/x86_64-linux-gnu/libz.so.1.2.3.4
7f1ea05ee000-7f1ea07a3000 r-xp 00000000 08:03 21757975                   /lib/x86_64-linux-gnu/libc-2.15.so
7f1ea07a3000-7f1ea09a2000 ---p 001b5000 08:03 21757975                   /lib/x86_64-linux-gnu/libc-2.15.so
7f1ea09a2000-7f1ea09a6000 r--p 001b4000 08:03 21757975                   /lib/x86_64-linux-gnu/libc-2.15.so
7f1ea09a6000-7f1ea09a8000 rw-p 001b8000 08:03 21757975                   /lib/x86_64-linux-gnu/libc-2.15.so
7f1ea09a8000-7f1ea09ad000 rw-p 00000000 00:00 0 
7f1ea09ad000-7f1ea09af000 r-xp 00000000 08:03 21757964                   /lib/x86_64-linux-gnu/libdl-2.15.so
7f1ea09af000-7f1ea0baf000 ---p 00002000 08:03 21757964                   /lib/x86_64-linux-gnu/libdl-2.15.so
7f1ea0baf000-7f1ea0bb0000 r--p 00002000 08:03 21757964                   /lib/x86_64-linux-gnu/libdl-2.15.so
7f1ea0bb0000-7f1ea0bb1000 rw-p 00003000 08:03 21757964                   /lib/x86_64-linux-gnu/libdl-2.15.so
7f1ea0bb1000-7f1ea0bb5000 r-xp 00000000 08:03 18618855                   /usr/lib/jvm/java-6-openjdk-amd64/jre/lib/amd64/jli/libjli.so
7f1ea0bb5000-7f1ea0db4000 ---p 00004000 08:03 18618855                   /usr/lib/jvm/java-6-openjdk-amd64/jre/lib/amd64/jli/libjli.so
7f1ea0db4000-7f1ea0db5000 r--p 00003000 08:03 18618855                   /usr/lib/jvm/java-6-openjdk-amd64/jre/lib/amd64/jli/libjli.so
7f1ea0db5000-7f1ea0db6000 rw-p 00004000 08:03 18618855                   /usr/lib/jvm/java-6-openjdk-amd64/jre/lib/amd64/jli/libjli.so
7f1ea0db6000-7f1ea0dce000 r-xp 00000000 08:03 21758073                   /lib/x86_64-linux-gnu/libpthread-2.15.so
7f1ea0dce000-7f1ea0fcd000 ---p 00018000 08:03 21758073                   /lib/x86_64-linux-gnu/libpthread-2.15.so
7f1ea0fcd000-7f1ea0fce000 r--p 00017000 08:03 21758073                   /lib/x86_64-linux-gnu/libpthread-2.15.so
7f1ea0fce000-7f1ea0fcf000 rw-p 00018000 08:03 21758073                   /lib/x86_64-linux-gnu/libpthread-2.15.so
7f1ea0fcf000-7f1ea0fd3000 rw-p 00000000 00:00 0 
7f1ea0fd3000-7f1ea0ff5000 r-xp 00000000 08:03 21758085                   /lib/x86_64-linux-gnu/ld-2.15.so
7f1ea0ff5000-7f1ea0ff8000 r--s 00000000 08:03 19927196                   /var/cache/fontconfig/e13b20fdb08344e0e664864cc2ede53d-le64.cache-3
7f1ea0ff8000-7f1ea0ffb000 r--s 00000000 08:03 19927112                   /var/cache/fontconfig/385c0604a188198f04d133e54aba7fe7-le64.cache-3
7f1ea0ffb000-7f1ea0ffe000 r--s 00000000 08:03 19927121                   /var/cache/fontconfig/8801497958630a81b71ace7c5f9b32a8-le64.cache-3
7f1ea0ffe000-7f1ea1003000 r--s 00000000 08:03 19927110                   /var/cache/fontconfig/3047814df9a2f067bd2d96a2b9c36e5a-le64.cache-3
7f1ea1003000-7f1ea1013000 r--s 00000000 08:03 19927130                   /var/cache/fontconfig/d52a8644073d54c13679302ca1180695-le64.cache-3
7f1ea1013000-7f1ea101d000 rw-p 00000000 00:00 0 
7f1ea101d000-7f1ea10d3000 rw-p 00000000 00:00 0 
7f1ea10d3000-7f1ea10d6000 ---p 00000000 00:00 0 
7f1ea10d6000-7f1ea11d9000 rw-p 00000000 00:00 0 
7f1ea11d9000-7f1ea11da000 r--s 00000000 08:03 19927127                   /var/cache/fontconfig/c05880de57d1f5e948fdfacc138775d9-le64.cache-3
7f1ea11da000-7f1ea11db000 r--s 00000000 08:03 19927113                   /var/cache/fontconfig/4794a0821666d79190d59a36cb4f44b5-le64.cache-3
7f1ea11db000-7f1ea11dc000 r--s 00000000 08:03 19927115                   /var/cache/fontconfig/56cf4f4769d0f4abc89a4895d7bd3ae1-le64.cache-3
7f1ea11dc000-7f1ea11dd000 r--s 00000000 08:03 19927126                   /var/cache/fontconfig/b9d506c9ac06c20b433354fa67a72993-le64.cache-3
7f1ea11dd000-7f1ea11e2000 r--s 00000000 08:03 19927125                   /var/cache/fontconfig/b47c4e1ecd0709278f4910c18777a504-le64.cache-3
7f1ea11e2000-7f1ea11e5000 r--s 00000000 08:03 19927196                   /var/cache/fontconfig/e13b20fdb08344e0e664864cc2ede53d-le64.cache-3
7f1ea11e5000-7f1ea11e9000 r--s 00000000 08:03 19927452                   /var/cache/fontconfig/7ef2298fde41cc6eeb7af42e48b7d293-le64.cache-3
7f1ea11e9000-7f1ea11f1000 rw-s 00000000 08:03 8126541                    /tmp/hsperfdata_arwilczek90/18857 (deleted)
7f1ea11f1000-7f1ea11f2000 rw-p 00000000 00:00 0 
7f1ea11f2000-7f1ea11f3000 ---p 00000000 00:00 0 
7f1ea11f3000-7f1ea11f5000 rw-p 00000000 00:00 0 
7f1ea11f5000-7f1ea11f6000 r--p 00022000 08:03 21758085                   /lib/x86_64-linux-gnu/ld-2.15.so
7f1ea11f6000-7f1ea11f8000 rw-p 00023000 08:03 21758085                   /lib/x86_64-linux-gnu/ld-2.15.so
7fff801f6000-7fff80217000 rw-p 00000000 00:00 0                          [stack]
7fff802da000-7fff802db000 r-xp 00000000 00:00 0                          [vdso]
ffffffffff600000-ffffffffff601000 r-xp 00000000 00:00 0                  [vsyscall]

VM Arguments:
jvm_args: -Djava.library.path=/home/arwilczek90/workspace/Elements/lib/slick:/home/arwilczek90/workspace/Elements/lib/slick -Dfile.encoding=UTF-8 
java_command: com.hack.elements.view.Main
Launcher Type: SUN_STANDARD

Environment Variables:
PATH=/usr/lib/lightdm/lightdm:/usr/local/sbin:/usr/local/bin:/usr/sbin:/usr/bin:/sbin:/bin:/usr/games
LD_LIBRARY_PATH=/usr/lib/jvm/java-6-openjdk-amd64/jre/lib/amd64/server:/usr/lib/jvm/java-6-openjdk-amd64/jre/lib/amd64:/usr/lib/jvm/java-6-openjdk-amd64/jre/../lib/amd64
SHELL=/bin/bash
DISPLAY=:0.0

Signal Handlers:
SIGSEGV: [libjvm.so+0x784310], sa_mask[0]=0x7ffbfeff, sa_flags=0x10000004
SIGBUS: [libjvm.so+0x784310], sa_mask[0]=0x7ffbfeff, sa_flags=0x10000004
SIGFPE: [libjvm.so+0x648580], sa_mask[0]=0x7ffbfeff, sa_flags=0x10000004
SIGPIPE: [libjvm.so+0x648580], sa_mask[0]=0x7ffbfeff, sa_flags=0x10000004
SIGXFSZ: [libjvm.so+0x648580], sa_mask[0]=0x7ffbfeff, sa_flags=0x10000004
SIGILL: [libjvm.so+0x648580], sa_mask[0]=0x7ffbfeff, sa_flags=0x10000004
SIGUSR1: SIG_DFL, sa_mask[0]=0x00000000, sa_flags=0x00000000
SIGUSR2: [libjvm.so+0x648730], sa_mask[0]=0x00000004, sa_flags=0x10000004
SIGHUP: [libjvm.so+0x64b250], sa_mask[0]=0x7ffbfeff, sa_flags=0x10000004
SIGINT: [libjvm.so+0x64b250], sa_mask[0]=0x7ffbfeff, sa_flags=0x10000004
SIGTERM: [libjvm.so+0x64b250], sa_mask[0]=0x7ffbfeff, sa_flags=0x10000004
SIGQUIT: [libjvm.so+0x64b250], sa_mask[0]=0x7ffbfeff, sa_flags=0x10000004


---------------  S Y S T E M  ---------------

OS:Ubuntu 12.04 (precise)
uname:Linux 3.2.0-32-generic #51-Ubuntu SMP Wed Sep 26 21:33:09 UTC 2012 x86_64
libc:glibc 2.15 NPTL 2.15 
rlimit: STACK 8192k, CORE 0k, NPROC 59545, NOFILE 4096, AS infinity
load average:1.26 0.80 0.71

/proc/meminfo:
MemTotal:        7639648 kB
MemFree:         3828036 kB
Buffers:          130508 kB
Cached:          1223696 kB
SwapCached:            0 kB
Active:          2550816 kB
Inactive:         749736 kB
Active(anon):    1946812 kB
Inactive(anon):    15892 kB
Active(file):     604004 kB
Inactive(file):   733844 kB
Unevictable:          20 kB
Mlocked:              20 kB
SwapTotal:       3818492 kB
SwapFree:        3818492 kB
Dirty:               540 kB
Writeback:             0 kB
AnonPages:       1946452 kB
Mapped:           328128 kB
Shmem:             16360 kB
Slab:             107020 kB
SReclaimable:      76260 kB
SUnreclaim:        30760 kB
KernelStack:        4368 kB
PageTables:        36072 kB
NFS_Unstable:          0 kB
Bounce:                0 kB
WritebackTmp:          0 kB
CommitLimit:     7638316 kB
Committed_AS:    4640868 kB
VmallocTotal:   34359738367 kB
VmallocUsed:      116912 kB
VmallocChunk:   34359619344 kB
HardwareCorrupted:     0 kB
AnonHugePages:         0 kB
HugePages_Total:       0
HugePages_Free:        0
HugePages_Rsvd:        0
HugePages_Surp:        0
Hugepagesize:       2048 kB
DirectMap4k:      342016 kB
DirectMap2M:     5404672 kB
DirectMap1G:     2097152 kB


CPU:total 4 (4 cores per cpu, 1 threads per core) family 18 model 1 stepping 0, cmov, cx8, fxsr, mmx, sse, sse2, sse3, popcnt, mmxext, 3dnowpref, lzcnt, sse4a

Memory: 4k page, physical 7639648k(3828036k free), swap 3818492k(3818492k free)

vm_info: OpenJDK 64-Bit Server VM (20.0-b12) for linux-amd64 JRE (1.6.0_24-b24), built on Sep  2 2012 19:50:47 by "buildd" with gcc 4.6.3

time: Sat Oct 13 23:29:00 2012
elapsed time: 666 seconds

