#
# A fatal error has been detected by the Java Runtime Environment:
#
#  SIGSEGV (0xb) at pc=0x00007f4661c78c58, pid=14945, tid=139940291389184
#
# JRE version: 6.0_24-b24
# Java VM: OpenJDK 64-Bit Server VM (20.0-b12 mixed mode linux-amd64 compressed oops)
# Derivative: IcedTea6 1.11.4
# Distribution: Ubuntu 12.04 LTS, package 6b24-1.11.4-1ubuntu0.12.04.1
# Problematic frame:
# C  [libX11.so.6+0x33c58]  XQueryExtension+0x28
#
# If you would like to submit a bug report, please include
# instructions how to reproduce the bug and visit:
#   https://bugs.launchpad.net/ubuntu/+source/openjdk-6/
#

---------------  T H R E A D  ---------------

Current thread (0x00007f4668070000):  VMThread [stack: 0x00007f46634ba000,0x00007f46635bb000] [id=14955]

siginfo:si_signo=SIGSEGV: si_errno=0, si_code=1 (SEGV_MAPERR), si_addr=0x0000000068210148

Registers:
RAX=0x00007f46500008c0, RBX=0x000000006820f7e0, RCX=0x00007f46635b9758, RDX=0x00007f46635b9754
RSP=0x00007f46635b96f0, RBP=0x00007f462ba86932, RSI=0x00007f462ba86932, RDI=0x000000006820f7e0
R8 =0x00007f46635b975c, R9 =0x0000000000000000, R10=0x00007f466e1a7fa8, R11=0x00007f466de27ca0
R12=0x0000000000000000, R13=0x00007f462ba86932, R14=0x00007f46500008c0, R15=0x0000000000000000
RIP=0x00007f4661c78c58, EFLAGS=0x0000000000010206, CSGSFS=0x0000000000000033, ERR=0x0000000000000004
  TRAPNO=0x000000000000000e

Top of Stack: (sp=0x00007f46635b96f0)
0x00007f46635b96f0:   00007f466ddfa790 00007f466e9d69e8
0x00007f46635b9700:   00007f466468e440 00007f466468e758
0x00007f46635b9710:   00000000ffffffff 000000006820f7e0
0x00007f46635b9720:   00007f462ba86932 0000000000000000
0x00007f46635b9730:   00007f462ba86932 00007f46500008c0
0x00007f46635b9740:   0000000000000000 00007f4661c6cc55
0x00007f46635b9750:   00007f466e9f4048 00007f462bbbf520
0x00007f46635b9760:   00007f462bbbf520 000000006820f7e0
0x00007f46635b9770:   00007f4668195550 00007f4661f8602b
0x00007f46635b9780:   00007f466ddfa790 000000110000002c
0x00007f46635b9790:   00007f46635b9810 0000000000000000
0x00007f46635b97a0:   00007f46635b9810 000000006820f7e0
0x00007f46635b97b0:   0000000000000000 00007f466e9f4048
0x00007f46635b97c0:   00007f462bbd8d50 00007f462ba2d119
0x00007f46635b97d0:   0000000000000000 000000000000002c
0x00007f46635b97e0:   00007f46635b9810 00007f46635b9830
0x00007f46635b97f0:   0000000000000000 00007f466e9f4048
0x00007f46635b9800:   00007f466820f340 00007f462ba23b42
0x00007f46635b9810:   00007f46635b9a00 00007f462ba868b1
0x00007f46635b9820:   00007f46635b9a00 00007f466e7e092d
0x00007f46635b9830:   00007f466e9f52c8 00007f466e9f5858
0x00007f46635b9840:   00007f466e9d6000 00007f4668006a00
0x00007f46635b9850:   00007f4668007510 00007f4668006eb0
0x00007f46635b9860:   00007f4668007a10 00007f466800c6f0
0x00007f46635b9870:   00007f4668145e70 00007f4668146350
0x00007f46635b9880:   00007f466e9d5000 00007f466820bd40
0x00007f46635b9890:   00007f4668206850 00007f4668206cf0
0x00007f46635b98a0:   00007f466820c210 00007f466820c6b0
0x00007f46635b98b0:   00007f466820cb50 00007f4668101940
0x00007f46635b98c0:   00007f46680fd130 00007f46680025e0
0x00007f46635b98d0:   00007f4668001ec0 000000000227a5f0
0x00007f46635b98e0:   000000000227ab60 000000000227b570 

Instructions: (pc=0x00007f4661c78c58)
0x00007f4661c78c38:   24 d8 48 89 fb 4c 89 64 24 e0 4c 89 6c 24 e8 48
0x00007f4661c78c48:   89 f5 4c 89 74 24 f0 4c 89 7c 24 f8 48 83 ec 58
0x00007f4661c78c58:   48 8b 87 68 09 00 00 49 89 d4 49 89 cd 4d 89 c6
0x00007f4661c78c68:   48 85 c0 74 02 ff 10 ba 08 00 00 00 be 62 00 00 

Register to memory mapping:

RAX=0x00007f46500008c0 is an unknown value
RBX=0x000000006820f7e0 is an unknown value
RCX=0x00007f46635b9758 is an unknown value
RDX=0x00007f46635b9754 is an unknown value
RSP=0x00007f46635b96f0 is an unknown value
RBP=0x00007f462ba86932: <offset 0x96932> in /usr/lib/fglrx/libGL.so.1 at 0x00007f462b9f0000
RSI=0x00007f462ba86932: <offset 0x96932> in /usr/lib/fglrx/libGL.so.1 at 0x00007f462b9f0000
RDI=0x000000006820f7e0 is an unknown value
R8 =0x00007f46635b975c is an unknown value
R9 =0x0000000000000000 is an unknown value
R10=0x00007f466e1a7fa8: <offset 0x3bbfa8> in /lib/x86_64-linux-gnu/libc.so.6 at 0x00007f466ddec000
R11=0x00007f466de27ca0: __cxa_finalize+0 in /lib/x86_64-linux-gnu/libc.so.6 at 0x00007f466ddec000
R12=0x0000000000000000 is an unknown value
R13=0x00007f462ba86932: <offset 0x96932> in /usr/lib/fglrx/libGL.so.1 at 0x00007f462b9f0000
R14=0x00007f46500008c0 is an unknown value
R15=0x0000000000000000 is an unknown value


Stack: [0x00007f46634ba000,0x00007f46635bb000],  sp=0x00007f46635b96f0,  free space=1021k
Native frames: (J=compiled Java code, j=interpreted, Vv=VM code, C=native code)
C  [libX11.so.6+0x33c58]  XQueryExtension+0x28

VM_Operation (0x00007f466e9d0680): Exit, mode: safepoint, requested by thread 0x00007f4668008800


---------------  P R O C E S S  ---------------

Java Threads: ( => current thread )
  0x00007f4668ad8800 JavaThread "Thread-2" daemon [_thread_blocked, id=14966, stack(0x00007f4628ac0000,0x00007f4628bc1000)]
  0x00007f466820b800 JavaThread "AWT-XAWT" daemon [_thread_in_native, id=14964, stack(0x00007f4660672000,0x00007f4660773000)]
  0x00007f4668157000 JavaThread "Java2D Disposer" daemon [_thread_blocked, id=14963, stack(0x00007f4660a26000,0x00007f4660b27000)]
  0x00007f466809e800 JavaThread "Low Memory Detector" daemon [_thread_blocked, id=14961, stack(0x00007f46627d1000,0x00007f46628d2000)]
  0x00007f466809c000 JavaThread "C2 CompilerThread1" daemon [_thread_blocked, id=14960, stack(0x00007f46628d2000,0x00007f46629d3000)]
  0x00007f4668099800 JavaThread "C2 CompilerThread0" daemon [_thread_blocked, id=14959, stack(0x00007f46629d3000,0x00007f4662ad4000)]
  0x00007f4668079000 JavaThread "Finalizer" daemon [_thread_blocked, id=14957, stack(0x00007f46632b8000,0x00007f46633b9000)]
  0x00007f4668077000 JavaThread "Reference Handler" daemon [_thread_blocked, id=14956, stack(0x00007f46633b9000,0x00007f46634ba000)]
  0x00007f4668008800 JavaThread "main" [_thread_blocked, id=14950, stack(0x00007f466e8d1000,0x00007f466e9d2000)]

Other Threads:
=>0x00007f4668070000 VMThread [stack: 0x00007f46634ba000,0x00007f46635bb000] [id=14955]

VM state:at safepoint (shutting down)

VM Mutex/Monitor currently owned by a thread:  ([mutex/lock_event])
[0x00007f4668004dd0] Threads_lock - owner thread: 0x00007f4668070000

Heap
 PSYoungGen      total 34880K, used 22919K [0x00000000d9200000, 0x00000000db8e0000, 0x0000000100000000)
  eden space 29952K, 76% used [0x00000000d9200000,0x00000000da861fc0,0x00000000daf40000)
  from space 4928K, 0% used [0x00000000db410000,0x00000000db410000,0x00000000db8e0000)
  to   space 4928K, 0% used [0x00000000daf40000,0x00000000daf40000,0x00000000db410000)
 PSOldGen        total 79616K, used 0K [0x000000008b600000, 0x00000000903c0000, 0x00000000d9200000)
  object space 79616K, 0% used [0x000000008b600000,0x000000008b600000,0x00000000903c0000)
 PSPermGen       total 21248K, used 11405K [0x0000000081000000, 0x00000000824c0000, 0x000000008b600000)
  object space 21248K, 53% used [0x0000000081000000,0x0000000081b237a0,0x00000000824c0000)

Code Cache  [0x00007f46645bc000, 0x00007f466482c000, 0x00007f46675bc000)
 total_blobs=621 nmethods=136 adapters=439 free_code_cache=49515520 largest_free_block=29440

Dynamic libraries:
00400000-00409000 r-xp 00000000 08:03 18618890                           /usr/lib/jvm/java-6-openjdk-amd64/jre/bin/java
00608000-00609000 r--p 00008000 08:03 18618890                           /usr/lib/jvm/java-6-openjdk-amd64/jre/bin/java
00609000-0060a000 rw-p 00009000 08:03 18618890                           /usr/lib/jvm/java-6-openjdk-amd64/jre/bin/java
0227a000-0229b000 rw-p 00000000 00:00 0                                  [heap]
81000000-824c0000 rw-p 00000000 00:00 0 
824c0000-8b600000 rw-p 00000000 00:00 0 
8b600000-903c0000 rw-p 00000000 00:00 0 
903c0000-d9200000 rw-p 00000000 00:00 0 
d9200000-db8e0000 rw-p 00000000 00:00 0 
db8e0000-100000000 rw-p 00000000 00:00 0 
7f4618000000-7f4618021000 rw-p 00000000 00:00 0 
7f4618021000-7f461c000000 ---p 00000000 00:00 0 
7f4620000000-7f4620021000 rw-p 00000000 00:00 0 
7f4620021000-7f4624000000 ---p 00000000 00:00 0 
7f4624000000-7f4624021000 rw-p 00000000 00:00 0 
7f4624021000-7f4628000000 ---p 00000000 00:00 0 
7f46285b9000-7f46285bc000 ---p 00000000 00:00 0 
7f46285bc000-7f46286ba000 rw-p 00000000 00:00 0 
7f46286ba000-7f46286bd000 ---p 00000000 00:00 0 
7f46286bd000-7f46289bd000 rw-p 00000000 00:00 0 
7f46289bd000-7f46289c0000 r-xp 00000000 08:03 15602613                   /home/arwilczek90/workspace/Elements/lib/slick/libjinput-linux64.so
7f46289c0000-7f4628abf000 ---p 00003000 08:03 15602613                   /home/arwilczek90/workspace/Elements/lib/slick/libjinput-linux64.so
7f4628abf000-7f4628ac0000 rw-p 00002000 08:03 15602613                   /home/arwilczek90/workspace/Elements/lib/slick/libjinput-linux64.so
7f4628ac0000-7f4628ac3000 ---p 00000000 00:00 0 
7f4628ac3000-7f4628bc1000 rw-p 00000000 00:00 0 
7f4628bc1000-7f46292c1000 rw-s 00006000 00:05 10225                      /dev/ati/card0
7f46292c1000-7f46292c3000 r-xp 00000000 08:03 18488267                   /usr/lib/x86_64-linux-gnu/libXinerama.so.1.0.0
7f46292c3000-7f46294c2000 ---p 00002000 08:03 18488267                   /usr/lib/x86_64-linux-gnu/libXinerama.so.1.0.0
7f46294c2000-7f46294c3000 r--p 00001000 08:03 18488267                   /usr/lib/x86_64-linux-gnu/libXinerama.so.1.0.0
7f46294c3000-7f46294c4000 rw-p 00002000 08:03 18488267                   /usr/lib/x86_64-linux-gnu/libXinerama.so.1.0.0
7f46294c4000-7f46294ff000 r-xp 00000000 08:03 19009508                   /usr/lib/fglrx/libatiadlxx.so
7f46294ff000-7f46295ff000 ---p 0003b000 08:03 19009508                   /usr/lib/fglrx/libatiadlxx.so
7f46295ff000-7f4629608000 rw-p 0003b000 08:03 19009508                   /usr/lib/fglrx/libatiadlxx.so
7f4629608000-7f4629619000 rw-p 00000000 00:00 0 
7f4629619000-7f4629620000 r-xp 00000000 08:03 19009532                   /usr/lib/fglrx/libatiuki.so.1.0
7f4629620000-7f4629720000 ---p 00007000 08:03 19009532                   /usr/lib/fglrx/libatiuki.so.1.0
7f4629720000-7f4629721000 rw-p 00007000 08:03 19009532                   /usr/lib/fglrx/libatiuki.so.1.0
7f4629721000-7f4629722000 rw-p 00000000 00:00 0 
7f4629722000-7f462b67c000 r-xp 00000000 08:03 19009510                   /usr/lib/fglrx/dri/fglrx_dri.so
7f462b67c000-7f462b77c000 ---p 01f5a000 08:03 19009510                   /usr/lib/fglrx/dri/fglrx_dri.so
7f462b77c000-7f462b8ca000 rwxp 01f5a000 08:03 19009510                   /usr/lib/fglrx/dri/fglrx_dri.so
7f462b8ca000-7f462b9f0000 rwxp 00000000 00:00 0 
7f462b9f0000-7f462bab3000 r-xp 00000000 08:03 19009512                   /usr/lib/fglrx/libGL.so.1.2
7f462bab3000-7f462bbb2000 ---p 000c3000 08:03 19009512                   /usr/lib/fglrx/libGL.so.1.2
7f462bbb2000-7f462bbd9000 rwxp 000c2000 08:03 19009512                   /usr/lib/fglrx/libGL.so.1.2
7f462bbd9000-7f462bbf9000 rwxp 00000000 00:00 0 
7f462bbf9000-7f462bbfa000 r-xp 00000000 08:03 18618886                   /usr/lib/jvm/java-6-openjdk-amd64/jre/lib/amd64/libjawt.so
7f462bbfa000-7f462bdf9000 ---p 00001000 08:03 18618886                   /usr/lib/jvm/java-6-openjdk-amd64/jre/lib/amd64/libjawt.so
7f462bdf9000-7f462bdfa000 r--p 00000000 08:03 18618886                   /usr/lib/jvm/java-6-openjdk-amd64/jre/lib/amd64/libjawt.so
7f462bdfa000-7f462bdfb000 rw-p 00001000 08:03 18618886                   /usr/lib/jvm/java-6-openjdk-amd64/jre/lib/amd64/libjawt.so
7f462bdfb000-7f462bdff000 r-xp 00000000 08:03 18488287                   /usr/lib/x86_64-linux-gnu/libXxf86vm.so.1.0.0
7f462bdff000-7f462bffe000 ---p 00004000 08:03 18488287                   /usr/lib/x86_64-linux-gnu/libXxf86vm.so.1.0.0
7f462bffe000-7f462bfff000 r--p 00003000 08:03 18488287                   /usr/lib/x86_64-linux-gnu/libXxf86vm.so.1.0.0
7f462bfff000-7f462c000000 rw-p 00004000 08:03 18488287                   /usr/lib/x86_64-linux-gnu/libXxf86vm.so.1.0.0
7f462c000000-7f462c021000 rw-p 00000000 00:00 0 
7f462c021000-7f4630000000 ---p 00000000 00:00 0 
7f4630000000-7f4630021000 rw-p 00000000 00:00 0 
7f4630021000-7f4634000000 ---p 00000000 00:00 0 
7f4634000000-7f46341b7000 rw-p 00000000 00:00 0 
7f46341b7000-7f4638000000 ---p 00000000 00:00 0 
7f4638000000-7f4638021000 rw-p 00000000 00:00 0 
7f4638021000-7f463c000000 ---p 00000000 00:00 0 
7f463c000000-7f463c021000 rw-p 00000000 00:00 0 
7f463c021000-7f4640000000 ---p 00000000 00:00 0 
7f4640000000-7f4640d8e000 rw-p 00000000 00:00 0 
7f4640d8e000-7f4644000000 ---p 00000000 00:00 0 
7f4644000000-7f4644021000 rw-p 00000000 00:00 0 
7f4644021000-7f4648000000 ---p 00000000 00:00 0 
7f4648000000-7f4648021000 rw-p 00000000 00:00 0 
7f4648021000-7f464c000000 ---p 00000000 00:00 0 
7f464c000000-7f464c021000 rw-p 00000000 00:00 0 
7f464c021000-7f4650000000 ---p 00000000 00:00 0 
7f4650000000-7f4650021000 rw-p 00000000 00:00 0 
7f4650021000-7f4654000000 ---p 00000000 00:00 0 
7f4654000000-7f4654021000 rw-p 00000000 00:00 0 
7f4654021000-7f4658000000 ---p 00000000 00:00 0 
7f4658000000-7f4658021000 rw-p 00000000 00:00 0 
7f4658021000-7f465c000000 ---p 00000000 00:00 0 
7f465c000000-7f465c021000 rw-p 00000000 00:00 0 
7f465c021000-7f4660000000 ---p 00000000 00:00 0 
7f4660016000-7f466001e000 r-xp 00000000 08:03 18488277                   /usr/lib/x86_64-linux-gnu/libXrandr.so.2.2.0
7f466001e000-7f466021d000 ---p 00008000 08:03 18488277                   /usr/lib/x86_64-linux-gnu/libXrandr.so.2.2.0
7f466021d000-7f466021e000 r--p 00007000 08:03 18488277                   /usr/lib/x86_64-linux-gnu/libXrandr.so.2.2.0
7f466021e000-7f466021f000 rw-p 00008000 08:03 18488277                   /usr/lib/x86_64-linux-gnu/libXrandr.so.2.2.0
7f466021f000-7f466025f000 r-xp 00000000 08:03 15602617                   /home/arwilczek90/workspace/Elements/lib/slick/liblwjgl64.so
7f466025f000-7f466035f000 ---p 00040000 08:03 15602617                   /home/arwilczek90/workspace/Elements/lib/slick/liblwjgl64.so
7f466035f000-7f4660361000 rw-p 00040000 08:03 15602617                   /home/arwilczek90/workspace/Elements/lib/slick/liblwjgl64.so
7f4660361000-7f4660366000 r-xp 00000000 08:03 18488261                   /usr/lib/x86_64-linux-gnu/libXfixes.so.3.1.0
7f4660366000-7f4660565000 ---p 00005000 08:03 18488261                   /usr/lib/x86_64-linux-gnu/libXfixes.so.3.1.0
7f4660565000-7f4660566000 r--p 00004000 08:03 18488261                   /usr/lib/x86_64-linux-gnu/libXfixes.so.3.1.0
7f4660566000-7f4660567000 rw-p 00005000 08:03 18488261                   /usr/lib/x86_64-linux-gnu/libXfixes.so.3.1.0
7f4660567000-7f4660568000 r--s 00000000 08:03 19927127                   /var/cache/fontconfig/c05880de57d1f5e948fdfacc138775d9-le64.cache-3
7f4660568000-7f4660571000 r--s 00000000 08:03 19927122                   /var/cache/fontconfig/945677eb7aeaf62f1d50efc3fb3ec7d8-le64.cache-3
7f4660571000-7f4660573000 r--s 00000000 08:03 19927123                   /var/cache/fontconfig/99e8ed0e538f840c565b6ed5dad60d56-le64.cache-3
7f4660573000-7f4660577000 r--s 00000000 08:03 19927109                   /var/cache/fontconfig/2cd17615ca594fa2959ae173292e504c-le64.cache-3
7f4660577000-7f4660578000 r--s 00000000 08:03 19927134                   /var/cache/fontconfig/e7071f4a29fa870f4323321c154eba04-le64.cache-3
7f4660578000-7f4660579000 r--s 00000000 08:03 19927107                   /var/cache/fontconfig/0d8c3b2ac0904cb8a57a757ad11a4a08-le64.cache-3
7f4660579000-7f466057f000 r--s 00000000 08:03 19927124                   /var/cache/fontconfig/a755afe4a08bf5b97852ceb7400b47bc-le64.cache-3
7f466057f000-7f4660588000 r--s 00000000 08:03 19927460                   /var/cache/fontconfig/6d41288fd70b0be22e8c3a91e032eec0-le64.cache-3
7f4660588000-7f4660598000 r--s 00000000 08:03 19927106                   /var/cache/fontconfig/04aabc0a78ac019cf9454389977116d2-le64.cache-3
7f4660598000-7f46605c6000 r--s 00000000 08:03 19927454                   /var/cache/fontconfig/365b55f210c0a22e9a19e35191240f32-le64.cache-3
7f46605ca000-7f46605cc000 r--s 00015000 08:03 15598514                   /home/arwilczek90/workspace/Elements/lib/slick/lib/tinylinepp.jar
7f46605cc000-7f46605cf000 r--s 00015000 08:03 15598512                   /home/arwilczek90/workspace/Elements/lib/slick/lib/slick-util.jar
7f46605cf000-7f46605d7000 r--s 00067000 08:03 15598510                   /home/arwilczek90/workspace/Elements/lib/slick/lib/slick-sources.jar
7f46605d7000-7f46605d8000 r--s 00000000 08:03 15598509                   /home/arwilczek90/workspace/Elements/lib/slick/lib/slick-examples.jar
7f46605d8000-7f46605d9000 r--s 00003000 08:03 15598508                   /home/arwilczek90/workspace/Elements/lib/slick/lib/scalar.jar
7f46605d9000-7f46605dc000 r--s 00017000 08:03 15598507                   /home/arwilczek90/workspace/Elements/lib/slick/lib/pedigree.jar
7f46605dc000-7f46605e7000 r--s 00093000 08:03 15598513                   /home/arwilczek90/workspace/Elements/lib/slick/lib/slick.jar
7f46605e7000-7f46605ec000 r--s 0002f000 08:03 15598498                   /home/arwilczek90/workspace/Elements/lib/slick/lib/jinput.jar
7f46605ec000-7f46605ee000 r--s 00008000 08:03 15598497                   /home/arwilczek90/workspace/Elements/lib/slick/lib/ibxm.jar
7f46605ee000-7f46605f1000 r--s 0005b000 08:03 15598496                   /home/arwilczek90/workspace/Elements/lib/slick/lib/hiero.jar
7f46605f1000-7f46605f2000 r--s 00007000 08:03 15597697                   /home/arwilczek90/workspace/Elements/lib/slick/applet/lwjgl_util_applet.jar
7f4660632000-7f4660672000 rw-s f0300000 00:05 10225                      /dev/ati/card0
7f4660672000-7f4660675000 ---p 00000000 00:00 0 
7f4660675000-7f4660773000 rw-p 00000000 00:00 0 
7f4660773000-7f4660774000 r--s 00000000 08:03 19927127                   /var/cache/fontconfig/c05880de57d1f5e948fdfacc138775d9-le64.cache-3
7f4660774000-7f466077d000 r--s 00000000 08:03 19927122                   /var/cache/fontconfig/945677eb7aeaf62f1d50efc3fb3ec7d8-le64.cache-3
7f466077d000-7f466077f000 r--s 00000000 08:03 19927123                   /var/cache/fontconfig/99e8ed0e538f840c565b6ed5dad60d56-le64.cache-3
7f466077f000-7f4660783000 r--s 00000000 08:03 19927109                   /var/cache/fontconfig/2cd17615ca594fa2959ae173292e504c-le64.cache-3
7f4660783000-7f4660784000 r--s 00000000 08:03 19927134                   /var/cache/fontconfig/e7071f4a29fa870f4323321c154eba04-le64.cache-3
7f4660784000-7f466078a000 r--s 00000000 08:03 19927124                   /var/cache/fontconfig/a755afe4a08bf5b97852ceb7400b47bc-le64.cache-3
7f466078a000-7f4660793000 r--s 00000000 08:03 19927460                   /var/cache/fontconfig/6d41288fd70b0be22e8c3a91e032eec0-le64.cache-3
7f4660793000-7f46607a3000 r--s 00000000 08:03 19927106                   /var/cache/fontconfig/04aabc0a78ac019cf9454389977116d2-le64.cache-3
7f46607a3000-7f46607d1000 r--s 00000000 08:03 19927454                   /var/cache/fontconfig/365b55f210c0a22e9a19e35191240f32-le64.cache-3
7f46607d1000-7f46607d6000 r--s 00000000 08:03 19927110                   /var/cache/fontconfig/3047814df9a2f067bd2d96a2b9c36e5a-le64.cache-3
7f46607dc000-7f46607de000 r--s 00004000 08:03 15598506                   /home/arwilczek90/workspace/Elements/lib/slick/lib/packulike.jar
7f46607de000-7f46607df000 r--s 00043000 08:03 15598505                   /home/arwilczek90/workspace/Elements/lib/slick/lib/natives-win32.jar
7f46607df000-7f46607e1000 r--s 00033000 08:03 15598504                   /home/arwilczek90/workspace/Elements/lib/slick/lib/natives-mac.jar
7f46607e1000-7f46607ea000 r-xp 00000000 08:03 18488253                   /usr/lib/x86_64-linux-gnu/libXcursor.so.1.0.2
7f46607ea000-7f46609e9000 ---p 00009000 08:03 18488253                   /usr/lib/x86_64-linux-gnu/libXcursor.so.1.0.2
7f46609e9000-7f46609ea000 r--p 00008000 08:03 18488253                   /usr/lib/x86_64-linux-gnu/libXcursor.so.1.0.2
7f46609ea000-7f46609eb000 rw-p 00009000 08:03 18488253                   /usr/lib/x86_64-linux-gnu/libXcursor.so.1.0.2
7f46609eb000-7f46609ec000 r--s 0003d000 08:03 15598503                   /home/arwilczek90/workspace/Elements/lib/slick/lib/natives-linux.jar
7f46609ec000-7f46609f3000 r--s 00073000 08:03 15598502                   /home/arwilczek90/workspace/Elements/lib/slick/lib/lwjgl.jar
7f46609f3000-7f46609f5000 r--s 0000d000 08:03 15598501                   /home/arwilczek90/workspace/Elements/lib/slick/lib/jorbis-0.0.15.jar
7f46609f5000-7f46609f6000 r--s 00001000 08:03 15598500                   /home/arwilczek90/workspace/Elements/lib/slick/lib/jogg-0.0.7.jar
7f46609f6000-7f46609f7000 r--s 00001000 08:03 15598499                   /home/arwilczek90/workspace/Elements/lib/slick/lib/jnlp.jar
7f46609f7000-7f46609f8000 rw-s 00005000 00:05 10225                      /dev/ati/card0
7f46609f8000-7f46609fa000 rw-s 00002000 00:05 10225                      /dev/ati/card0
7f46609fa000-7f4660a05000 r--s 00093000 08:03 15597692                   /home/arwilczek90/workspace/Elements/lib/slick.jar
7f4660a05000-7f4660a0c000 r--s 000fb000 08:03 18618812                   /usr/lib/jvm/java-6-openjdk-common/jre/lib/resources.jar
7f4660a0c000-7f4660a0f000 r--s 00000000 08:03 19927112                   /var/cache/fontconfig/385c0604a188198f04d133e54aba7fe7-le64.cache-3
7f4660a0f000-7f4660a10000 r--s 00000000 08:03 19927115                   /var/cache/fontconfig/56cf4f4769d0f4abc89a4895d7bd3ae1-le64.cache-3
7f4660a10000-7f4660a11000 r--s 00000000 08:03 19927126                   /var/cache/fontconfig/b9d506c9ac06c20b433354fa67a72993-le64.cache-3
7f4660a11000-7f4660a16000 r--s 00000000 08:03 19927125                   /var/cache/fontconfig/b47c4e1ecd0709278f4910c18777a504-le64.cache-3
7f4660a16000-7f4660a26000 r--s 00000000 08:03 19927130                   /var/cache/fontconfig/d52a8644073d54c13679302ca1180695-le64.cache-3
7f4660a26000-7f4660a29000 ---p 00000000 00:00 0 
7f4660a29000-7f4660b27000 rw-p 00000000 00:00 0 
7f4660b27000-7f4660bbd000 r-xp 00000000 08:03 18488439                   /usr/lib/x86_64-linux-gnu/libfreetype.so.6.8.0
7f4660bbd000-7f4660dbc000 ---p 00096000 08:03 18488439                   /usr/lib/x86_64-linux-gnu/libfreetype.so.6.8.0
7f4660dbc000-7f4660dc2000 r--p 00095000 08:03 18488439                   /usr/lib/x86_64-linux-gnu/libfreetype.so.6.8.0
7f4660dc2000-7f4660dc3000 rw-p 0009b000 08:03 18488439                   /usr/lib/x86_64-linux-gnu/libfreetype.so.6.8.0
7f4660dc3000-7f4660dfd000 r-xp 00000000 08:03 18618871                   /usr/lib/jvm/java-6-openjdk-amd64/jre/lib/amd64/libfontmanager.so
7f4660dfd000-7f4660ffc000 ---p 0003a000 08:03 18618871                   /usr/lib/jvm/java-6-openjdk-amd64/jre/lib/amd64/libfontmanager.so
7f4660ffc000-7f4660ffe000 r--p 00039000 08:03 18618871                   /usr/lib/jvm/java-6-openjdk-amd64/jre/lib/amd64/libfontmanager.so
7f4660ffe000-7f4660fff000 rw-p 0003b000 08:03 18618871                   /usr/lib/jvm/java-6-openjdk-amd64/jre/lib/amd64/libfontmanager.so
7f4660fff000-7f4661004000 r-xp 00000000 08:03 18488257                   /usr/lib/x86_64-linux-gnu/libXdmcp.so.6.0.0
7f4661004000-7f4661203000 ---p 00005000 08:03 18488257                   /usr/lib/x86_64-linux-gnu/libXdmcp.so.6.0.0
7f4661203000-7f4661204000 r--p 00004000 08:03 18488257                   /usr/lib/x86_64-linux-gnu/libXdmcp.so.6.0.0
7f4661204000-7f4661205000 rw-p 00005000 08:03 18488257                   /usr/lib/x86_64-linux-gnu/libXdmcp.so.6.0.0
7f4661205000-7f4661207000 r-xp 00000000 08:03 18488246                   /usr/lib/x86_64-linux-gnu/libXau.so.6.0.0
7f4661207000-7f4661406000 ---p 00002000 08:03 18488246                   /usr/lib/x86_64-linux-gnu/libXau.so.6.0.0
7f4661406000-7f4661407000 r--p 00001000 08:03 18488246                   /usr/lib/x86_64-linux-gnu/libXau.so.6.0.0
7f4661407000-7f4661408000 rw-p 00002000 08:03 18488246                   /usr/lib/x86_64-linux-gnu/libXau.so.6.0.0
7f4661408000-7f4661425000 r-xp 00000000 08:03 18488845                   /usr/lib/x86_64-linux-gnu/libxcb.so.1.1.0
7f4661425000-7f4661624000 ---p 0001d000 08:03 18488845                   /usr/lib/x86_64-linux-gnu/libxcb.so.1.1.0
7f4661624000-7f4661625000 r--p 0001c000 08:03 18488845                   /usr/lib/x86_64-linux-gnu/libxcb.so.1.1.0
7f4661625000-7f4661626000 rw-p 0001d000 08:03 18488845                   /usr/lib/x86_64-linux-gnu/libxcb.so.1.1.0
7f4661626000-7f4661634000 r-xp 00000000 08:03 18488265                   /usr/lib/x86_64-linux-gnu/libXi.so.6.1.0
7f4661634000-7f4661833000 ---p 0000e000 08:03 18488265                   /usr/lib/x86_64-linux-gnu/libXi.so.6.1.0
7f4661833000-7f4661834000 r--p 0000d000 08:03 18488265                   /usr/lib/x86_64-linux-gnu/libXi.so.6.1.0
7f4661834000-7f4661835000 rw-p 0000e000 08:03 18488265                   /usr/lib/x86_64-linux-gnu/libXi.so.6.1.0
7f4661835000-7f466183a000 r-xp 00000000 08:03 18488283                   /usr/lib/x86_64-linux-gnu/libXtst.so.6.1.0
7f466183a000-7f4661a39000 ---p 00005000 08:03 18488283                   /usr/lib/x86_64-linux-gnu/libXtst.so.6.1.0
7f4661a39000-7f4661a3a000 r--p 00004000 08:03 18488283                   /usr/lib/x86_64-linux-gnu/libXtst.so.6.1.0
7f4661a3a000-7f4661a3b000 rw-p 00005000 08:03 18488283                   /usr/lib/x86_64-linux-gnu/libXtst.so.6.1.0
7f4661a3b000-7f4661a44000 r-xp 00000000 08:03 18488279                   /usr/lib/x86_64-linux-gnu/libXrender.so.1.3.0
7f4661a44000-7f4661c43000 ---p 00009000 08:03 18488279                   /usr/lib/x86_64-linux-gnu/libXrender.so.1.3.0
7f4661c43000-7f4661c44000 r--p 00008000 08:03 18488279                   /usr/lib/x86_64-linux-gnu/libXrender.so.1.3.0
7f4661c44000-7f4661c45000 rw-p 00009000 08:03 18488279                   /usr/lib/x86_64-linux-gnu/libXrender.so.1.3.0
7f4661c45000-7f4661d74000 r-xp 00000000 08:03 18488244                   /usr/lib/x86_64-linux-gnu/libX11.so.6.3.0
7f4661d74000-7f4661f74000 ---p 0012f000 08:03 18488244                   /usr/lib/x86_64-linux-gnu/libX11.so.6.3.0
7f4661f74000-7f4661f75000 r--p 0012f000 08:03 18488244                   /usr/lib/x86_64-linux-gnu/libX11.so.6.3.0
7f4661f75000-7f4661f79000 rw-p 00130000 08:03 18488244                   /usr/lib/x86_64-linux-gnu/libX11.so.6.3.0
7f4661f79000-7f4661f89000 r-xp 00000000 08:03 18488259                   /usr/lib/x86_64-linux-gnu/libXext.so.6.4.0
7f4661f89000-7f4662188000 ---p 00010000 08:03 18488259                   /usr/lib/x86_64-linux-gnu/libXext.so.6.4.0
7f4662188000-7f4662189000 r--p 0000f000 08:03 18488259                   /usr/lib/x86_64-linux-gnu/libXext.so.6.4.0
7f4662189000-7f466218a000 rw-p 00010000 08:03 18488259                   /usr/lib/x86_64-linux-gnu/libXext.so.6.4.0
7f466218a000-7f466218d000 r--s 00000000 08:03 19927121                   /var/cache/fontconfig/8801497958630a81b71ace7c5f9b32a8-le64.cache-3
7f466218d000-7f4662190000 r--s 00000000 08:03 19927196                   /var/cache/fontconfig/e13b20fdb08344e0e664864cc2ede53d-le64.cache-3
7f4662190000-7f4662194000 r--s 00000000 08:03 19927452                   /var/cache/fontconfig/7ef2298fde41cc6eeb7af42e48b7d293-le64.cache-3
7f4662194000-7f46621a4000 r--s 00000000 08:03 19927130                   /var/cache/fontconfig/d52a8644073d54c13679302ca1180695-le64.cache-3
7f46621a4000-7f46621ef000 r-xp 00000000 08:03 18618972                   /usr/lib/jvm/java-6-openjdk-amd64/jre/lib/amd64/xawt/libmawt.so
7f46621ef000-7f46623ef000 ---p 0004b000 08:03 18618972                   /usr/lib/jvm/java-6-openjdk-amd64/jre/lib/amd64/xawt/libmawt.so
7f46623ef000-7f46623f0000 r--p 0004b000 08:03 18618972                   /usr/lib/jvm/java-6-openjdk-amd64/jre/lib/amd64/xawt/libmawt.so
7f46623f0000-7f46623f3000 rw-p 0004c000 08:03 18618972                   /usr/lib/jvm/java-6-openjdk-amd64/jre/lib/amd64/xawt/libmawt.so
7f46623f3000-7f46623f4000 rw-p 00000000 00:00 0 
7f46623f4000-7f46624a0000 r-xp 00000000 08:03 18618874                   /usr/lib/jvm/java-6-openjdk-amd64/jre/lib/amd64/libawt.so
7f46624a0000-7f466269f000 ---p 000ac000 08:03 18618874                   /usr/lib/jvm/java-6-openjdk-amd64/jre/lib/amd64/libawt.so
7f466269f000-7f46626a0000 r--p 000ab000 08:03 18618874                   /usr/lib/jvm/java-6-openjdk-amd64/jre/lib/amd64/libawt.so
7f46626a0000-7f46626ab000 rw-p 000ac000 08:03 18618874                   /usr/lib/jvm/java-6-openjdk-amd64/jre/lib/amd64/libawt.so
7f46626ab000-7f46626d0000 rw-p 00000000 00:00 0 
7f46626d0000-7f46626d1000 ---p 00000000 00:00 0 
7f46626d1000-7f46627d1000 rw-p 00000000 00:00 0 
7f46627d1000-7f46627d4000 ---p 00000000 00:00 0 
7f46627d4000-7f46628d2000 rw-p 00000000 00:00 0 
7f46628d2000-7f46628d5000 ---p 00000000 00:00 0 
7f46628d5000-7f46629d3000 rw-p 00000000 00:00 0 
7f46629d3000-7f46629d6000 ---p 00000000 00:00 0 
7f46629d6000-7f4662ad4000 rw-p 00000000 00:00 0 
7f4662ad4000-7f4662ad7000 ---p 00000000 00:00 0 
7f4662ad7000-7f4662bd5000 rw-p 00000000 00:00 0 
7f4662bd5000-7f46632b8000 r--p 00000000 08:03 18487587                   /usr/lib/locale/locale-archive
7f46632b8000-7f46632bb000 ---p 00000000 00:00 0 
7f46632bb000-7f46633b9000 rw-p 00000000 00:00 0 
7f46633b9000-7f46633bc000 ---p 00000000 00:00 0 
7f46633bc000-7f46634ba000 rw-p 00000000 00:00 0 
7f46634ba000-7f46634bb000 ---p 00000000 00:00 0 
7f46634bb000-7f4663ac0000 rw-p 00000000 00:00 0 
7f4663ac0000-7f4663c52000 r--s 037bf000 08:03 18618843                   /usr/lib/jvm/java-6-openjdk-amd64/jre/lib/rt.jar
7f4663c52000-7f4663c53000 ---p 00000000 00:00 0 
7f4663c53000-7f4663d53000 rw-p 00000000 00:00 0 
7f4663d53000-7f4663d54000 ---p 00000000 00:00 0 
7f4663d54000-7f4663e54000 rw-p 00000000 00:00 0 
7f4663e54000-7f4663e55000 ---p 00000000 00:00 0 
7f4663e55000-7f4663f7c000 rw-p 00000000 00:00 0 
7f4663f7c000-7f46641c3000 rw-p 00000000 00:00 0 
7f46641c3000-7f46641ce000 rw-p 00000000 00:00 0 
7f46641ce000-7f4664216000 rw-p 00000000 00:00 0 
7f4664216000-7f466423d000 rw-p 00000000 00:00 0 
7f466423d000-7f4664484000 rw-p 00000000 00:00 0 
7f4664484000-7f4664498000 rw-p 00000000 00:00 0 
7f4664498000-7f46645bb000 rw-p 00000000 00:00 0 
7f46645bb000-7f46645bc000 rw-p 00000000 00:00 0 
7f46645bc000-7f466482c000 rwxp 00000000 00:00 0 
7f466482c000-7f46675bc000 rw-p 00000000 00:00 0 
7f46675bc000-7f46675c3000 r-xp 00000000 08:03 18618888                   /usr/lib/jvm/java-6-openjdk-amd64/jre/lib/amd64/libzip.so
7f46675c3000-7f46677c2000 ---p 00007000 08:03 18618888                   /usr/lib/jvm/java-6-openjdk-amd64/jre/lib/amd64/libzip.so
7f46677c2000-7f46677c3000 r--p 00006000 08:03 18618888                   /usr/lib/jvm/java-6-openjdk-amd64/jre/lib/amd64/libzip.so
7f46677c3000-7f46677c4000 rw-p 00007000 08:03 18618888                   /usr/lib/jvm/java-6-openjdk-amd64/jre/lib/amd64/libzip.so
7f46677c4000-7f46677d0000 r-xp 00000000 08:03 21758081                   /lib/x86_64-linux-gnu/libnss_files-2.15.so
7f46677d0000-7f46679cf000 ---p 0000c000 08:03 21758081                   /lib/x86_64-linux-gnu/libnss_files-2.15.so
7f46679cf000-7f46679d0000 r--p 0000b000 08:03 21758081                   /lib/x86_64-linux-gnu/libnss_files-2.15.so
7f46679d0000-7f46679d1000 rw-p 0000c000 08:03 21758081                   /lib/x86_64-linux-gnu/libnss_files-2.15.so
7f46679d1000-7f46679db000 r-xp 00000000 08:03 21758077                   /lib/x86_64-linux-gnu/libnss_nis-2.15.so
7f46679db000-7f4667bdb000 ---p 0000a000 08:03 21758077                   /lib/x86_64-linux-gnu/libnss_nis-2.15.so
7f4667bdb000-7f4667bdc000 r--p 0000a000 08:03 21758077                   /lib/x86_64-linux-gnu/libnss_nis-2.15.so
7f4667bdc000-7f4667bdd000 rw-p 0000b000 08:03 21758077                   /lib/x86_64-linux-gnu/libnss_nis-2.15.so
7f4667bdd000-7f4667bf4000 r-xp 00000000 08:03 21761730                   /lib/x86_64-linux-gnu/libnsl-2.15.so
7f4667bf4000-7f4667df3000 ---p 00017000 08:03 21761730                   /lib/x86_64-linux-gnu/libnsl-2.15.so
7f4667df3000-7f4667df4000 r--p 00016000 08:03 21761730                   /lib/x86_64-linux-gnu/libnsl-2.15.so
7f4667df4000-7f4667df5000 rw-p 00017000 08:03 21761730                   /lib/x86_64-linux-gnu/libnsl-2.15.so
7f4667df5000-7f4667df7000 rw-p 00000000 00:00 0 
7f4667df7000-7f4667dff000 r-xp 00000000 08:03 21758082                   /lib/x86_64-linux-gnu/libnss_compat-2.15.so
7f4667dff000-7f4667ffe000 ---p 00008000 08:03 21758082                   /lib/x86_64-linux-gnu/libnss_compat-2.15.so
7f4667ffe000-7f4667fff000 r--p 00007000 08:03 21758082                   /lib/x86_64-linux-gnu/libnss_compat-2.15.so
7f4667fff000-7f4668000000 rw-p 00008000 08:03 21758082                   /lib/x86_64-linux-gnu/libnss_compat-2.15.so
7f4668000000-7f4668d50000 rw-p 00000000 00:00 0 
7f4668d50000-7f466c000000 ---p 00000000 00:00 0 
7f466c000000-7f466c003000 r--s 00000000 08:03 19927112                   /var/cache/fontconfig/385c0604a188198f04d133e54aba7fe7-le64.cache-3
7f466c003000-7f466c004000 r--s 00000000 08:03 19927113                   /var/cache/fontconfig/4794a0821666d79190d59a36cb4f44b5-le64.cache-3
7f466c004000-7f466c007000 r--s 00000000 08:03 19927121                   /var/cache/fontconfig/8801497958630a81b71ace7c5f9b32a8-le64.cache-3
7f466c007000-7f466c062000 rw-p 00000000 00:00 0 
7f466c062000-7f466c063000 ---p 00000000 00:00 0 
7f466c063000-7f466c16e000 rw-p 00000000 00:00 0 
7f466c16e000-7f466c1b6000 rw-p 00000000 00:00 0 
7f466c1b6000-7f466c1e2000 r-xp 00000000 08:03 18618873                   /usr/lib/jvm/java-6-openjdk-amd64/jre/lib/amd64/libjava.so
7f466c1e2000-7f466c3e1000 ---p 0002c000 08:03 18618873                   /usr/lib/jvm/java-6-openjdk-amd64/jre/lib/amd64/libjava.so
7f466c3e1000-7f466c3e2000 r--p 0002b000 08:03 18618873                   /usr/lib/jvm/java-6-openjdk-amd64/jre/lib/amd64/libjava.so
7f466c3e2000-7f466c3e5000 rw-p 0002c000 08:03 18618873                   /usr/lib/jvm/java-6-openjdk-amd64/jre/lib/amd64/libjava.so
7f466c3e5000-7f466c3f3000 r-xp 00000000 08:03 18618872                   /usr/lib/jvm/java-6-openjdk-amd64/jre/lib/amd64/libverify.so
7f466c3f3000-7f466c5f2000 ---p 0000e000 08:03 18618872                   /usr/lib/jvm/java-6-openjdk-amd64/jre/lib/amd64/libverify.so
7f466c5f2000-7f466c5f4000 r--p 0000d000 08:03 18618872                   /usr/lib/jvm/java-6-openjdk-amd64/jre/lib/amd64/libverify.so
7f466c5f4000-7f466c5f5000 rw-p 0000f000 08:03 18618872                   /usr/lib/jvm/java-6-openjdk-amd64/jre/lib/amd64/libverify.so
7f466c5f5000-7f466c5fc000 r-xp 00000000 08:03 21758075                   /lib/x86_64-linux-gnu/librt-2.15.so
7f466c5fc000-7f466c7fb000 ---p 00007000 08:03 21758075                   /lib/x86_64-linux-gnu/librt-2.15.so
7f466c7fb000-7f466c7fc000 r--p 00006000 08:03 21758075                   /lib/x86_64-linux-gnu/librt-2.15.so
7f466c7fc000-7f466c7fd000 rw-p 00007000 08:03 21758075                   /lib/x86_64-linux-gnu/librt-2.15.so
7f466c7fd000-7f466c812000 r-xp 00000000 08:03 21761542                   /lib/x86_64-linux-gnu/libgcc_s.so.1
7f466c812000-7f466ca11000 ---p 00015000 08:03 21761542                   /lib/x86_64-linux-gnu/libgcc_s.so.1
7f466ca11000-7f466ca12000 r--p 00014000 08:03 21761542                   /lib/x86_64-linux-gnu/libgcc_s.so.1
7f466ca12000-7f466ca13000 rw-p 00015000 08:03 21761542                   /lib/x86_64-linux-gnu/libgcc_s.so.1
7f466ca13000-7f466cb0c000 r-xp 00000000 08:03 21758079                   /lib/x86_64-linux-gnu/libm-2.15.so
7f466cb0c000-7f466cd0b000 ---p 000f9000 08:03 21758079                   /lib/x86_64-linux-gnu/libm-2.15.so
7f466cd0b000-7f466cd0c000 r--p 000f8000 08:03 21758079                   /lib/x86_64-linux-gnu/libm-2.15.so
7f466cd0c000-7f466cd0d000 rw-p 000f9000 08:03 21758079                   /lib/x86_64-linux-gnu/libm-2.15.so
7f466cd0d000-7f466cdef000 r-xp 00000000 08:03 18488773                   /usr/lib/x86_64-linux-gnu/libstdc++.so.6.0.16
7f466cdef000-7f466cfee000 ---p 000e2000 08:03 18488773                   /usr/lib/x86_64-linux-gnu/libstdc++.so.6.0.16
7f466cfee000-7f466cff6000 r--p 000e1000 08:03 18488773                   /usr/lib/x86_64-linux-gnu/libstdc++.so.6.0.16
7f466cff6000-7f466cff8000 rw-p 000e9000 08:03 18488773                   /usr/lib/x86_64-linux-gnu/libstdc++.so.6.0.16
7f466cff8000-7f466d00d000 rw-p 00000000 00:00 0 
7f466d00d000-7f466d911000 r-xp 00000000 08:03 18618878                   /usr/lib/jvm/java-6-openjdk-amd64/jre/lib/amd64/server/libjvm.so
7f466d911000-7f466db11000 ---p 00904000 08:03 18618878                   /usr/lib/jvm/java-6-openjdk-amd64/jre/lib/amd64/server/libjvm.so
7f466db11000-7f466db91000 r--p 00904000 08:03 18618878                   /usr/lib/jvm/java-6-openjdk-amd64/jre/lib/amd64/server/libjvm.so
7f466db91000-7f466dbac000 rw-p 00984000 08:03 18618878                   /usr/lib/jvm/java-6-openjdk-amd64/jre/lib/amd64/server/libjvm.so
7f466dbac000-7f466dbd5000 rw-p 00000000 00:00 0 
7f466dbd5000-7f466dbeb000 r-xp 00000000 08:03 21761632                   /lib/x86_64-linux-gnu/libz.so.1.2.3.4
7f466dbeb000-7f466ddea000 ---p 00016000 08:03 21761632                   /lib/x86_64-linux-gnu/libz.so.1.2.3.4
7f466ddea000-7f466ddeb000 r--p 00015000 08:03 21761632                   /lib/x86_64-linux-gnu/libz.so.1.2.3.4
7f466ddeb000-7f466ddec000 rw-p 00016000 08:03 21761632                   /lib/x86_64-linux-gnu/libz.so.1.2.3.4
7f466ddec000-7f466dfa1000 r-xp 00000000 08:03 21757975                   /lib/x86_64-linux-gnu/libc-2.15.so
7f466dfa1000-7f466e1a0000 ---p 001b5000 08:03 21757975                   /lib/x86_64-linux-gnu/libc-2.15.so
7f466e1a0000-7f466e1a4000 r--p 001b4000 08:03 21757975                   /lib/x86_64-linux-gnu/libc-2.15.so
7f466e1a4000-7f466e1a6000 rw-p 001b8000 08:03 21757975                   /lib/x86_64-linux-gnu/libc-2.15.so
7f466e1a6000-7f466e1ab000 rw-p 00000000 00:00 0 
7f466e1ab000-7f466e1ad000 r-xp 00000000 08:03 21757964                   /lib/x86_64-linux-gnu/libdl-2.15.so
7f466e1ad000-7f466e3ad000 ---p 00002000 08:03 21757964                   /lib/x86_64-linux-gnu/libdl-2.15.so
7f466e3ad000-7f466e3ae000 r--p 00002000 08:03 21757964                   /lib/x86_64-linux-gnu/libdl-2.15.so
7f466e3ae000-7f466e3af000 rw-p 00003000 08:03 21757964                   /lib/x86_64-linux-gnu/libdl-2.15.so
7f466e3af000-7f466e3b3000 r-xp 00000000 08:03 18618855                   /usr/lib/jvm/java-6-openjdk-amd64/jre/lib/amd64/jli/libjli.so
7f466e3b3000-7f466e5b2000 ---p 00004000 08:03 18618855                   /usr/lib/jvm/java-6-openjdk-amd64/jre/lib/amd64/jli/libjli.so
7f466e5b2000-7f466e5b3000 r--p 00003000 08:03 18618855                   /usr/lib/jvm/java-6-openjdk-amd64/jre/lib/amd64/jli/libjli.so
7f466e5b3000-7f466e5b4000 rw-p 00004000 08:03 18618855                   /usr/lib/jvm/java-6-openjdk-amd64/jre/lib/amd64/jli/libjli.so
7f466e5b4000-7f466e5cc000 r-xp 00000000 08:03 21758073                   /lib/x86_64-linux-gnu/libpthread-2.15.so
7f466e5cc000-7f466e7cb000 ---p 00018000 08:03 21758073                   /lib/x86_64-linux-gnu/libpthread-2.15.so
7f466e7cb000-7f466e7cc000 r--p 00017000 08:03 21758073                   /lib/x86_64-linux-gnu/libpthread-2.15.so
7f466e7cc000-7f466e7cd000 rw-p 00018000 08:03 21758073                   /lib/x86_64-linux-gnu/libpthread-2.15.so
7f466e7cd000-7f466e7d1000 rw-p 00000000 00:00 0 
7f466e7d1000-7f466e7f3000 r-xp 00000000 08:03 21758085                   /lib/x86_64-linux-gnu/ld-2.15.so
7f466e7f3000-7f466e7f4000 r--s 00000000 08:03 19927107                   /var/cache/fontconfig/0d8c3b2ac0904cb8a57a757ad11a4a08-le64.cache-3
7f466e7f4000-7f466e7f5000 r--s 00000000 08:03 19927113                   /var/cache/fontconfig/4794a0821666d79190d59a36cb4f44b5-le64.cache-3
7f466e7f5000-7f466e7fa000 r--s 00000000 08:03 19927110                   /var/cache/fontconfig/3047814df9a2f067bd2d96a2b9c36e5a-le64.cache-3
7f466e7fa000-7f466e7fb000 r--s 00000000 08:03 19927115                   /var/cache/fontconfig/56cf4f4769d0f4abc89a4895d7bd3ae1-le64.cache-3
7f466e7fb000-7f466e800000 r--s 00000000 08:03 19927125                   /var/cache/fontconfig/b47c4e1ecd0709278f4910c18777a504-le64.cache-3
7f466e800000-7f466e803000 r--s 00000000 08:03 19927196                   /var/cache/fontconfig/e13b20fdb08344e0e664864cc2ede53d-le64.cache-3
7f466e803000-7f466e807000 r--s 00000000 08:03 19927452                   /var/cache/fontconfig/7ef2298fde41cc6eeb7af42e48b7d293-le64.cache-3
7f466e807000-7f466e80a000 r--s 0007d000 08:03 18618443                   /usr/lib/jvm/java-6-openjdk-common/jre/lib/jsse.jar
7f466e80a000-7f466e811000 r--s 00073000 08:03 15597691                   /home/arwilczek90/workspace/Elements/lib/lwjgl.jar
7f466e811000-7f466e81b000 rw-p 00000000 00:00 0 
7f466e81b000-7f466e8d1000 rw-p 00000000 00:00 0 
7f466e8d1000-7f466e8d4000 ---p 00000000 00:00 0 
7f466e8d4000-7f466e9d7000 rw-p 00000000 00:00 0 
7f466e9d7000-7f466e9d8000 r--s 00000000 08:03 19927126                   /var/cache/fontconfig/b9d506c9ac06c20b433354fa67a72993-le64.cache-3
7f466e9d8000-7f466e9da000 r--s 0000f000 08:03 18618803                   /usr/lib/jvm/java-6-openjdk-common/jre/lib/ext/pulse-java.jar
7f466e9da000-7f466e9dd000 r--s 00077000 08:03 18618797                   /usr/lib/jvm/java-6-openjdk-common/jre/lib/ext/localedata.jar
7f466e9dd000-7f466e9de000 r--s 00007000 08:03 18748229                   /usr/share/java/java-atk-wrapper.jar
7f466e9de000-7f466e9e0000 r--s 00001000 08:03 18618801                   /usr/lib/jvm/java-6-openjdk-common/jre/lib/ext/dnsns.jar
7f466e9e0000-7f466e9e4000 r--s 00038000 08:03 18618795                   /usr/lib/jvm/java-6-openjdk-common/jre/lib/ext/sunpkcs11.jar
7f466e9e4000-7f466e9e7000 r--s 00031000 08:03 18618799                   /usr/lib/jvm/java-6-openjdk-common/jre/lib/ext/sunjce_provider.jar
7f466e9e7000-7f466e9ef000 rw-s 00000000 08:03 8126514                    /tmp/hsperfdata_arwilczek90/14945 (deleted)
7f466e9ef000-7f466e9f0000 rw-p 00000000 00:00 0 
7f466e9f0000-7f466e9f1000 ---p 00000000 00:00 0 
7f466e9f1000-7f466e9f3000 rw-p 00000000 00:00 0 
7f466e9f3000-7f466e9f4000 r--p 00022000 08:03 21758085                   /lib/x86_64-linux-gnu/ld-2.15.so
7f466e9f4000-7f466e9f6000 rw-p 00023000 08:03 21758085                   /lib/x86_64-linux-gnu/ld-2.15.so
7fff4c4f0000-7fff4c511000 rw-p 00000000 00:00 0                          [stack]
7fff4c5ff000-7fff4c600000 r-xp 00000000 00:00 0                          [vdso]
ffffffffff600000-ffffffffff601000 r-xp 00000000 00:00 0                  [vsyscall]

VM Arguments:
jvm_args: -Djava.library.path=/home/arwilczek90/workspace/Elements/lib/slick:/home/arwilczek90/workspace/Elements/lib/slick -Dfile.encoding=UTF-8 
java_command: com.hack.elements.view.Main
Launcher Type: SUN_STANDARD

Environment Variables:
PATH=/usr/lib/lightdm/lightdm:/usr/local/sbin:/usr/local/bin:/usr/sbin:/usr/bin:/sbin:/bin:/usr/games
LD_LIBRARY_PATH=/usr/lib/jvm/java-6-openjdk-amd64/jre/lib/amd64/server:/usr/lib/jvm/java-6-openjdk-amd64/jre/lib/amd64:/usr/lib/jvm/java-6-openjdk-amd64/jre/../lib/amd64
SHELL=/bin/bash
DISPLAY=:0.0

Signal Handlers:
SIGSEGV: [libjvm.so+0x784310], sa_mask[0]=0x7ffbfeff, sa_flags=0x10000004
SIGBUS: [libjvm.so+0x784310], sa_mask[0]=0x7ffbfeff, sa_flags=0x10000004
SIGFPE: [libjvm.so+0x648580], sa_mask[0]=0x7ffbfeff, sa_flags=0x10000004
SIGPIPE: [libjvm.so+0x648580], sa_mask[0]=0x7ffbfeff, sa_flags=0x10000004
SIGXFSZ: [libjvm.so+0x648580], sa_mask[0]=0x7ffbfeff, sa_flags=0x10000004
SIGILL: [libjvm.so+0x648580], sa_mask[0]=0x7ffbfeff, sa_flags=0x10000004
SIGUSR1: SIG_DFL, sa_mask[0]=0x00000000, sa_flags=0x00000000
SIGUSR2: [libjvm.so+0x648730], sa_mask[0]=0x00000004, sa_flags=0x10000004
SIGHUP: [libjvm.so+0x64b250], sa_mask[0]=0x7ffbfeff, sa_flags=0x10000004
SIGINT: [libjvm.so+0x64b250], sa_mask[0]=0x7ffbfeff, sa_flags=0x10000004
SIGTERM: [libjvm.so+0x64b250], sa_mask[0]=0x7ffbfeff, sa_flags=0x10000004
SIGQUIT: [libjvm.so+0x64b250], sa_mask[0]=0x7ffbfeff, sa_flags=0x10000004


---------------  S Y S T E M  ---------------

OS:Ubuntu 12.04 (precise)
uname:Linux 3.2.0-32-generic #51-Ubuntu SMP Wed Sep 26 21:33:09 UTC 2012 x86_64
libc:glibc 2.15 NPTL 2.15 
rlimit: STACK 8192k, CORE 0k, NPROC 59545, NOFILE 4096, AS infinity
load average:1.22 0.97 0.89

/proc/meminfo:
MemTotal:        7639648 kB
MemFree:         4202824 kB
Buffers:          119920 kB
Cached:          1216024 kB
SwapCached:            0 kB
Active:          2217072 kB
Inactive:         742532 kB
Active(anon):    1624124 kB
Inactive(anon):    15400 kB
Active(file):     592948 kB
Inactive(file):   727132 kB
Unevictable:          20 kB
Mlocked:              20 kB
SwapTotal:       3818492 kB
SwapFree:        3818492 kB
Dirty:               204 kB
Writeback:             0 kB
AnonPages:       1623780 kB
Mapped:           305804 kB
Shmem:             15868 kB
Slab:             105812 kB
SReclaimable:      75360 kB
SUnreclaim:        30452 kB
KernelStack:        4064 kB
PageTables:        33708 kB
NFS_Unstable:          0 kB
Bounce:                0 kB
WritebackTmp:          0 kB
CommitLimit:     7638316 kB
Committed_AS:    4180412 kB
VmallocTotal:   34359738367 kB
VmallocUsed:      116912 kB
VmallocChunk:   34359619344 kB
HardwareCorrupted:     0 kB
AnonHugePages:         0 kB
HugePages_Total:       0
HugePages_Free:        0
HugePages_Rsvd:        0
HugePages_Surp:        0
Hugepagesize:       2048 kB
DirectMap4k:      329728 kB
DirectMap2M:     5416960 kB
DirectMap1G:     2097152 kB


CPU:total 4 (4 cores per cpu, 1 threads per core) family 18 model 1 stepping 0, cmov, cx8, fxsr, mmx, sse, sse2, sse3, popcnt, mmxext, 3dnowpref, lzcnt, sse4a

Memory: 4k page, physical 7639648k(4202824k free), swap 3818492k(3818492k free)

vm_info: OpenJDK 64-Bit Server VM (20.0-b12) for linux-amd64 JRE (1.6.0_24-b24), built on Sep  2 2012 19:50:47 by "buildd" with gcc 4.6.3

time: Sat Oct 13 20:07:17 2012
elapsed time: 58 seconds

