#
# A fatal error has been detected by the Java Runtime Environment:
#
#  SIGSEGV (0xb) at pc=0x00007fd7677d3c58, pid=11953, tid=140563342849792
#
# JRE version: 6.0_24-b24
# Java VM: OpenJDK 64-Bit Server VM (20.0-b12 mixed mode linux-amd64 compressed oops)
# Derivative: IcedTea6 1.11.4
# Distribution: Ubuntu 12.04 LTS, package 6b24-1.11.4-1ubuntu0.12.04.1
# Problematic frame:
# C  [libX11.so.6+0x33c58]  XQueryExtension+0x28
#
# If you would like to submit a bug report, please include
# instructions how to reproduce the bug and visit:
#   https://bugs.launchpad.net/ubuntu/+source/openjdk-6/
#

---------------  T H R E A D  ---------------

Current thread (0x00007fd770070000):  VMThread [stack: 0x00007fd7740e7000,0x00007fd7741e8000] [id=11964]

siginfo:si_signo=SIGSEGV: si_errno=0, si_code=1 (SEGV_MAPERR), si_addr=0x0000000070200708

Registers:
RAX=0x00007fd7540008c0, RBX=0x00000000701ffda0, RCX=0x00007fd7741e6758, RDX=0x00007fd7741e6754
RSP=0x00007fd7741e66f0, RBP=0x00007fd765743932, RSI=0x00007fd765743932, RDI=0x00000000701ffda0
R8 =0x00007fd7741e675c, R9 =0x0000000000000000, R10=0x00007fd777dcdfa8, R11=0x00007fd777a4dca0
R12=0x0000000000000000, R13=0x00007fd765743932, R14=0x00007fd7540008c0, R15=0x0000000000000000
RIP=0x00007fd7677d3c58, EFLAGS=0x0000000000010206, CSGSFS=0x0000000000000033, ERR=0x0000000000000004
  TRAPNO=0x000000000000000e

Top of Stack: (sp=0x00007fd7741e66f0)
0x00007fd7741e66f0:   00007fd777a20790 00007fd7785fc9e8
0x00007fd7741e6700:   00007fd76d0a9dc0 00007fd76d0a9dd8
0x00007fd7741e6710:   00000000ffffffff 00000000701ffda0
0x00007fd7741e6720:   00007fd765743932 0000000000000000
0x00007fd7741e6730:   00007fd765743932 00007fd7540008c0
0x00007fd7741e6740:   0000000000000000 00007fd7677c7c55
0x00007fd7741e6750:   00007fd77861a048 00007fd76587c520
0x00007fd7741e6760:   00007fd76587c520 00000000701ffda0
0x00007fd7741e6770:   00007fd770176a60 00007fd76c01202b
0x00007fd7741e6780:   00007fd777a20790 000000110000002c
0x00007fd7741e6790:   00007fd7741e6810 0000000000000000
0x00007fd7741e67a0:   00007fd7741e6810 00000000701ffda0
0x00007fd7741e67b0:   0000000000000000 00007fd77861a048
0x00007fd7741e67c0:   00007fd765895d50 00007fd7656ea119
0x00007fd7741e67d0:   0000000000000000 000000000000002c
0x00007fd7741e67e0:   00007fd7741e6810 00007fd7741e6830
0x00007fd7741e67f0:   0000000000000000 00007fd77861a048
0x00007fd7741e6800:   00007fd7701ff900 00007fd7656e0b42
0x00007fd7741e6810:   00007fd7741e6a00 00007fd7657438b1
0x00007fd7741e6820:   00007fd7741e6a00 00007fd77840692d
0x00007fd7741e6830:   00007fd77861b2c8 00007fd77861b858
0x00007fd7741e6840:   00007fd7785fc000 00007fd770006a00
0x00007fd7741e6850:   00007fd770007510 00007fd770006eb0
0x00007fd7741e6860:   00007fd770007a10 00007fd77000c6f0
0x00007fd7741e6870:   00007fd77010b130 00007fd77010b610
0x00007fd7741e6880:   00007fd7785fb000 00007fd7701fc4b0
0x00007fd7741e6890:   00007fd7701f6800 00007fd7701f6ca0
0x00007fd7741e68a0:   00007fd7701fc980 00007fd7701fce20
0x00007fd7741e68b0:   00007fd7701fd2c0 00007fd7700f7eb0
0x00007fd7741e68c0:   00007fd7700bdc80 00007fd7700025e0
0x00007fd7741e68d0:   00007fd770001ec0 00000000020fa5f0
0x00007fd7741e68e0:   00000000020fab60 00000000020fb570 

Instructions: (pc=0x00007fd7677d3c58)
0x00007fd7677d3c38:   24 d8 48 89 fb 4c 89 64 24 e0 4c 89 6c 24 e8 48
0x00007fd7677d3c48:   89 f5 4c 89 74 24 f0 4c 89 7c 24 f8 48 83 ec 58
0x00007fd7677d3c58:   48 8b 87 68 09 00 00 49 89 d4 49 89 cd 4d 89 c6
0x00007fd7677d3c68:   48 85 c0 74 02 ff 10 ba 08 00 00 00 be 62 00 00 

Register to memory mapping:

RAX=0x00007fd7540008c0 is an unknown value
RBX=0x00000000701ffda0 is an unknown value
RCX=0x00007fd7741e6758 is an unknown value
RDX=0x00007fd7741e6754 is an unknown value
RSP=0x00007fd7741e66f0 is an unknown value
RBP=0x00007fd765743932: <offset 0x96932> in /usr/lib/fglrx/libGL.so.1 at 0x00007fd7656ad000
RSI=0x00007fd765743932: <offset 0x96932> in /usr/lib/fglrx/libGL.so.1 at 0x00007fd7656ad000
RDI=0x00000000701ffda0 is an unknown value
R8 =0x00007fd7741e675c is an unknown value
R9 =0x0000000000000000 is an unknown value
R10=0x00007fd777dcdfa8: <offset 0x3bbfa8> in /lib/x86_64-linux-gnu/libc.so.6 at 0x00007fd777a12000
R11=0x00007fd777a4dca0: __cxa_finalize+0 in /lib/x86_64-linux-gnu/libc.so.6 at 0x00007fd777a12000
R12=0x0000000000000000 is an unknown value
R13=0x00007fd765743932: <offset 0x96932> in /usr/lib/fglrx/libGL.so.1 at 0x00007fd7656ad000
R14=0x00007fd7540008c0 is an unknown value
R15=0x0000000000000000 is an unknown value


Stack: [0x00007fd7740e7000,0x00007fd7741e8000],  sp=0x00007fd7741e66f0,  free space=1021k
Native frames: (J=compiled Java code, j=interpreted, Vv=VM code, C=native code)
C  [libX11.so.6+0x33c58]  XQueryExtension+0x28

VM_Operation (0x00007fd7785f6680): Exit, mode: safepoint, requested by thread 0x00007fd770008800


---------------  P R O C E S S  ---------------

Java Threads: ( => current thread )
  0x00007fd770ac8000 JavaThread "Thread-2" daemon [_thread_blocked, id=11976, stack(0x00007fd7649a6000,0x00007fd764aa7000)]
  0x00007fd7701fb800 JavaThread "AWT-XAWT" daemon [_thread_blocked, id=11973, stack(0x00007fd766008000,0x00007fd766109000)]
  0x00007fd770139000 JavaThread "Java2D Disposer" daemon [_thread_blocked, id=11972, stack(0x00007fd766581000,0x00007fd766682000)]
  0x00007fd77009e800 JavaThread "Low Memory Detector" daemon [_thread_blocked, id=11970, stack(0x00007fd76c317000,0x00007fd76c418000)]
  0x00007fd77009c000 JavaThread "C2 CompilerThread1" daemon [_thread_blocked, id=11969, stack(0x00007fd76c418000,0x00007fd76c519000)]
  0x00007fd770099800 JavaThread "C2 CompilerThread0" daemon [_thread_blocked, id=11968, stack(0x00007fd76c519000,0x00007fd76c61a000)]
  0x00007fd770079000 JavaThread "Finalizer" daemon [_thread_blocked, id=11966, stack(0x00007fd76cdfe000,0x00007fd76ceff000)]
  0x00007fd770077000 JavaThread "Reference Handler" daemon [_thread_blocked, id=11965, stack(0x00007fd76ceff000,0x00007fd76d000000)]
  0x00007fd770008800 JavaThread "main" [_thread_blocked, id=11958, stack(0x00007fd7784f7000,0x00007fd7785f8000)]

Other Threads:
=>0x00007fd770070000 VMThread [stack: 0x00007fd7740e7000,0x00007fd7741e8000] [id=11964]

VM state:at safepoint (shutting down)

VM Mutex/Monitor currently owned by a thread:  ([mutex/lock_event])
[0x00007fd770004dd0] Threads_lock - owner thread: 0x00007fd770070000

Heap
 PSYoungGen      total 34880K, used 21729K [0x00000000d9200000, 0x00000000db8e0000, 0x0000000100000000)
  eden space 29952K, 72% used [0x00000000d9200000,0x00000000da7387d8,0x00000000daf40000)
  from space 4928K, 0% used [0x00000000db410000,0x00000000db410000,0x00000000db8e0000)
  to   space 4928K, 0% used [0x00000000daf40000,0x00000000daf40000,0x00000000db410000)
 PSOldGen        total 79616K, used 0K [0x000000008b600000, 0x00000000903c0000, 0x00000000d9200000)
  object space 79616K, 0% used [0x000000008b600000,0x000000008b600000,0x00000000903c0000)
 PSPermGen       total 21248K, used 11375K [0x0000000081000000, 0x00000000824c0000, 0x000000008b600000)
  object space 21248K, 53% used [0x0000000081000000,0x0000000081b1be40,0x00000000824c0000)

Code Cache  [0x00007fd76d000000, 0x00007fd76d270000, 0x00007fd770000000)
 total_blobs=612 nmethods=127 adapters=439 free_code_cache=49565632 largest_free_block=18112

Dynamic libraries:
00400000-00409000 r-xp 00000000 08:03 18618890                           /usr/lib/jvm/java-6-openjdk-amd64/jre/bin/java
00608000-00609000 r--p 00008000 08:03 18618890                           /usr/lib/jvm/java-6-openjdk-amd64/jre/bin/java
00609000-0060a000 rw-p 00009000 08:03 18618890                           /usr/lib/jvm/java-6-openjdk-amd64/jre/bin/java
020fa000-0211b000 rw-p 00000000 00:00 0                                  [heap]
81000000-824c0000 rw-p 00000000 00:00 0 
824c0000-8b600000 rw-p 00000000 00:00 0 
8b600000-903c0000 rw-p 00000000 00:00 0 
903c0000-d9200000 rw-p 00000000 00:00 0 
d9200000-db8e0000 rw-p 00000000 00:00 0 
db8e0000-100000000 rw-p 00000000 00:00 0 
7fd720000000-7fd720021000 rw-p 00000000 00:00 0 
7fd720021000-7fd724000000 ---p 00000000 00:00 0 
7fd724000000-7fd724021000 rw-p 00000000 00:00 0 
7fd724021000-7fd728000000 ---p 00000000 00:00 0 
7fd728000000-7fd728021000 rw-p 00000000 00:00 0 
7fd728021000-7fd72c000000 ---p 00000000 00:00 0 
7fd72c000000-7fd72c021000 rw-p 00000000 00:00 0 
7fd72c021000-7fd730000000 ---p 00000000 00:00 0 
7fd730000000-7fd730021000 rw-p 00000000 00:00 0 
7fd730021000-7fd734000000 ---p 00000000 00:00 0 
7fd734000000-7fd734021000 rw-p 00000000 00:00 0 
7fd734021000-7fd738000000 ---p 00000000 00:00 0 
7fd738000000-7fd73819c000 rw-p 00000000 00:00 0 
7fd73819c000-7fd73c000000 ---p 00000000 00:00 0 
7fd73c000000-7fd73c021000 rw-p 00000000 00:00 0 
7fd73c021000-7fd740000000 ---p 00000000 00:00 0 
7fd740000000-7fd740021000 rw-p 00000000 00:00 0 
7fd740021000-7fd744000000 ---p 00000000 00:00 0 
7fd744000000-7fd74461e000 rw-p 00000000 00:00 0 
7fd74461e000-7fd748000000 ---p 00000000 00:00 0 
7fd748000000-7fd748021000 rw-p 00000000 00:00 0 
7fd748021000-7fd74c000000 ---p 00000000 00:00 0 
7fd74c000000-7fd74c021000 rw-p 00000000 00:00 0 
7fd74c021000-7fd750000000 ---p 00000000 00:00 0 
7fd750000000-7fd750021000 rw-p 00000000 00:00 0 
7fd750021000-7fd754000000 ---p 00000000 00:00 0 
7fd754000000-7fd754021000 rw-p 00000000 00:00 0 
7fd754021000-7fd758000000 ---p 00000000 00:00 0 
7fd758000000-7fd758021000 rw-p 00000000 00:00 0 
7fd758021000-7fd75c000000 ---p 00000000 00:00 0 
7fd75dd32000-7fd75fc8c000 r-xp 00000000 08:03 19009510                   /usr/lib/fglrx/dri/fglrx_dri.so
7fd75fc8c000-7fd75fd8c000 ---p 01f5a000 08:03 19009510                   /usr/lib/fglrx/dri/fglrx_dri.so
7fd75fd8c000-7fd75feda000 rwxp 01f5a000 08:03 19009510                   /usr/lib/fglrx/dri/fglrx_dri.so
7fd75feda000-7fd760000000 rwxp 00000000 00:00 0 
7fd760000000-7fd760021000 rw-p 00000000 00:00 0 
7fd760021000-7fd764000000 ---p 00000000 00:00 0 
7fd76449f000-7fd7644a2000 ---p 00000000 00:00 0 
7fd7644a2000-7fd7645a0000 rw-p 00000000 00:00 0 
7fd7645a0000-7fd7645a3000 ---p 00000000 00:00 0 
7fd7645a3000-7fd7648a3000 rw-p 00000000 00:00 0 
7fd7648a3000-7fd7648a6000 r-xp 00000000 08:03 15602613                   /home/arwilczek90/workspace/Elements/lib/slick/libjinput-linux64.so
7fd7648a6000-7fd7649a5000 ---p 00003000 08:03 15602613                   /home/arwilczek90/workspace/Elements/lib/slick/libjinput-linux64.so
7fd7649a5000-7fd7649a6000 rw-p 00002000 08:03 15602613                   /home/arwilczek90/workspace/Elements/lib/slick/libjinput-linux64.so
7fd7649a6000-7fd7649a9000 ---p 00000000 00:00 0 
7fd7649a9000-7fd764aa7000 rw-p 00000000 00:00 0 
7fd764aa7000-7fd764aac000 r--s 0002f000 08:03 15598498                   /home/arwilczek90/workspace/Elements/lib/slick/lib/jinput.jar
7fd764aac000-7fd764aae000 r--s 00008000 08:03 15598497                   /home/arwilczek90/workspace/Elements/lib/slick/lib/ibxm.jar
7fd764aae000-7fd764ab1000 r--s 0005b000 08:03 15598496                   /home/arwilczek90/workspace/Elements/lib/slick/lib/hiero.jar
7fd764ab1000-7fd764ab2000 r--s 00007000 08:03 15597697                   /home/arwilczek90/workspace/Elements/lib/slick/applet/lwjgl_util_applet.jar
7fd764af2000-7fd7651f2000 rw-s 00006000 00:05 10225                      /dev/ati/card0
7fd7651f2000-7fd7651f4000 r-xp 00000000 08:03 18488267                   /usr/lib/x86_64-linux-gnu/libXinerama.so.1.0.0
7fd7651f4000-7fd7653f3000 ---p 00002000 08:03 18488267                   /usr/lib/x86_64-linux-gnu/libXinerama.so.1.0.0
7fd7653f3000-7fd7653f4000 r--p 00001000 08:03 18488267                   /usr/lib/x86_64-linux-gnu/libXinerama.so.1.0.0
7fd7653f4000-7fd7653f5000 rw-p 00002000 08:03 18488267                   /usr/lib/x86_64-linux-gnu/libXinerama.so.1.0.0
7fd7653f5000-7fd765430000 r-xp 00000000 08:03 19009508                   /usr/lib/fglrx/libatiadlxx.so
7fd765430000-7fd765530000 ---p 0003b000 08:03 19009508                   /usr/lib/fglrx/libatiadlxx.so
7fd765530000-7fd765539000 rw-p 0003b000 08:03 19009508                   /usr/lib/fglrx/libatiadlxx.so
7fd765539000-7fd76554a000 rw-p 00000000 00:00 0 
7fd765564000-7fd7655a4000 rw-s f0300000 00:05 10225                      /dev/ati/card0
7fd7655a4000-7fd7655ab000 r-xp 00000000 08:03 19009532                   /usr/lib/fglrx/libatiuki.so.1.0
7fd7655ab000-7fd7656ab000 ---p 00007000 08:03 19009532                   /usr/lib/fglrx/libatiuki.so.1.0
7fd7656ab000-7fd7656ac000 rw-p 00007000 08:03 19009532                   /usr/lib/fglrx/libatiuki.so.1.0
7fd7656ac000-7fd7656ad000 rw-p 00000000 00:00 0 
7fd7656ad000-7fd765770000 r-xp 00000000 08:03 19009512                   /usr/lib/fglrx/libGL.so.1.2
7fd765770000-7fd76586f000 ---p 000c3000 08:03 19009512                   /usr/lib/fglrx/libGL.so.1.2
7fd76586f000-7fd765896000 rwxp 000c2000 08:03 19009512                   /usr/lib/fglrx/libGL.so.1.2
7fd765896000-7fd7658b6000 rwxp 00000000 00:00 0 
7fd7658b6000-7fd7658b7000 r-xp 00000000 08:03 18618886                   /usr/lib/jvm/java-6-openjdk-amd64/jre/lib/amd64/libjawt.so
7fd7658b7000-7fd765ab6000 ---p 00001000 08:03 18618886                   /usr/lib/jvm/java-6-openjdk-amd64/jre/lib/amd64/libjawt.so
7fd765ab6000-7fd765ab7000 r--p 00000000 08:03 18618886                   /usr/lib/jvm/java-6-openjdk-amd64/jre/lib/amd64/libjawt.so
7fd765ab7000-7fd765ab8000 rw-p 00001000 08:03 18618886                   /usr/lib/jvm/java-6-openjdk-amd64/jre/lib/amd64/libjawt.so
7fd765ab8000-7fd765abc000 r-xp 00000000 08:03 18488287                   /usr/lib/x86_64-linux-gnu/libXxf86vm.so.1.0.0
7fd765abc000-7fd765cbb000 ---p 00004000 08:03 18488287                   /usr/lib/x86_64-linux-gnu/libXxf86vm.so.1.0.0
7fd765cbb000-7fd765cbc000 r--p 00003000 08:03 18488287                   /usr/lib/x86_64-linux-gnu/libXxf86vm.so.1.0.0
7fd765cbc000-7fd765cbd000 rw-p 00004000 08:03 18488287                   /usr/lib/x86_64-linux-gnu/libXxf86vm.so.1.0.0
7fd765cbd000-7fd765cc5000 r-xp 00000000 08:03 18488277                   /usr/lib/x86_64-linux-gnu/libXrandr.so.2.2.0
7fd765cc5000-7fd765ec4000 ---p 00008000 08:03 18488277                   /usr/lib/x86_64-linux-gnu/libXrandr.so.2.2.0
7fd765ec4000-7fd765ec5000 r--p 00007000 08:03 18488277                   /usr/lib/x86_64-linux-gnu/libXrandr.so.2.2.0
7fd765ec5000-7fd765ec6000 rw-p 00008000 08:03 18488277                   /usr/lib/x86_64-linux-gnu/libXrandr.so.2.2.0
7fd765ec6000-7fd765f06000 r-xp 00000000 08:03 15602617                   /home/arwilczek90/workspace/Elements/lib/slick/liblwjgl64.so
7fd765f06000-7fd766006000 ---p 00040000 08:03 15602617                   /home/arwilczek90/workspace/Elements/lib/slick/liblwjgl64.so
7fd766006000-7fd766008000 rw-p 00040000 08:03 15602617                   /home/arwilczek90/workspace/Elements/lib/slick/liblwjgl64.so
7fd766008000-7fd76600b000 ---p 00000000 00:00 0 
7fd76600b000-7fd766109000 rw-p 00000000 00:00 0 
7fd766109000-7fd76610a000 r--s 00000000 08:03 19927127                   /var/cache/fontconfig/c05880de57d1f5e948fdfacc138775d9-le64.cache-3
7fd76610a000-7fd766113000 r--s 00000000 08:03 19927122                   /var/cache/fontconfig/945677eb7aeaf62f1d50efc3fb3ec7d8-le64.cache-3
7fd766113000-7fd766115000 r--s 00000000 08:03 19927123                   /var/cache/fontconfig/99e8ed0e538f840c565b6ed5dad60d56-le64.cache-3
7fd766115000-7fd766119000 r--s 00000000 08:03 19927109                   /var/cache/fontconfig/2cd17615ca594fa2959ae173292e504c-le64.cache-3
7fd766119000-7fd76611a000 r--s 00000000 08:03 19927134                   /var/cache/fontconfig/e7071f4a29fa870f4323321c154eba04-le64.cache-3
7fd76611a000-7fd76611b000 r--s 00000000 08:03 19927107                   /var/cache/fontconfig/0d8c3b2ac0904cb8a57a757ad11a4a08-le64.cache-3
7fd76611b000-7fd766121000 r--s 00000000 08:03 19927124                   /var/cache/fontconfig/a755afe4a08bf5b97852ceb7400b47bc-le64.cache-3
7fd766133000-7fd766135000 r--s 00015000 08:03 15598514                   /home/arwilczek90/workspace/Elements/lib/slick/lib/tinylinepp.jar
7fd766135000-7fd766138000 r--s 00015000 08:03 15598512                   /home/arwilczek90/workspace/Elements/lib/slick/lib/slick-util.jar
7fd766138000-7fd766140000 r--s 00067000 08:03 15598510                   /home/arwilczek90/workspace/Elements/lib/slick/lib/slick-sources.jar
7fd766140000-7fd766141000 r--s 00000000 08:03 15598509                   /home/arwilczek90/workspace/Elements/lib/slick/lib/slick-examples.jar
7fd766141000-7fd766142000 r--s 00003000 08:03 15598508                   /home/arwilczek90/workspace/Elements/lib/slick/lib/scalar.jar
7fd766142000-7fd766145000 r--s 00017000 08:03 15598507                   /home/arwilczek90/workspace/Elements/lib/slick/lib/pedigree.jar
7fd766145000-7fd766150000 r--s 00093000 08:03 15598513                   /home/arwilczek90/workspace/Elements/lib/slick/lib/slick.jar
7fd766150000-7fd766155000 r-xp 00000000 08:03 18488261                   /usr/lib/x86_64-linux-gnu/libXfixes.so.3.1.0
7fd766155000-7fd766354000 ---p 00005000 08:03 18488261                   /usr/lib/x86_64-linux-gnu/libXfixes.so.3.1.0
7fd766354000-7fd766355000 r--p 00004000 08:03 18488261                   /usr/lib/x86_64-linux-gnu/libXfixes.so.3.1.0
7fd766355000-7fd766356000 rw-p 00005000 08:03 18488261                   /usr/lib/x86_64-linux-gnu/libXfixes.so.3.1.0
7fd766356000-7fd76635f000 r-xp 00000000 08:03 18488253                   /usr/lib/x86_64-linux-gnu/libXcursor.so.1.0.2
7fd76635f000-7fd76655e000 ---p 00009000 08:03 18488253                   /usr/lib/x86_64-linux-gnu/libXcursor.so.1.0.2
7fd76655e000-7fd76655f000 r--p 00008000 08:03 18488253                   /usr/lib/x86_64-linux-gnu/libXcursor.so.1.0.2
7fd76655f000-7fd766560000 rw-p 00009000 08:03 18488253                   /usr/lib/x86_64-linux-gnu/libXcursor.so.1.0.2
7fd766562000-7fd766564000 r--s 00004000 08:03 15598506                   /home/arwilczek90/workspace/Elements/lib/slick/lib/packulike.jar
7fd766564000-7fd766566000 r--s 00033000 08:03 15598504                   /home/arwilczek90/workspace/Elements/lib/slick/lib/natives-mac.jar
7fd766566000-7fd76656d000 r--s 00073000 08:03 15598502                   /home/arwilczek90/workspace/Elements/lib/slick/lib/lwjgl.jar
7fd76656d000-7fd76656f000 rw-s 00002000 00:05 10225                      /dev/ati/card0
7fd76656f000-7fd76657a000 r--s 00093000 08:03 15597692                   /home/arwilczek90/workspace/Elements/lib/slick.jar
7fd76657a000-7fd766581000 r--s 000fb000 08:03 18618812                   /usr/lib/jvm/java-6-openjdk-common/jre/lib/resources.jar
7fd766581000-7fd766584000 ---p 00000000 00:00 0 
7fd766584000-7fd766682000 rw-p 00000000 00:00 0 
7fd766682000-7fd766718000 r-xp 00000000 08:03 18488439                   /usr/lib/x86_64-linux-gnu/libfreetype.so.6.8.0
7fd766718000-7fd766917000 ---p 00096000 08:03 18488439                   /usr/lib/x86_64-linux-gnu/libfreetype.so.6.8.0
7fd766917000-7fd76691d000 r--p 00095000 08:03 18488439                   /usr/lib/x86_64-linux-gnu/libfreetype.so.6.8.0
7fd76691d000-7fd76691e000 rw-p 0009b000 08:03 18488439                   /usr/lib/x86_64-linux-gnu/libfreetype.so.6.8.0
7fd76691e000-7fd766958000 r-xp 00000000 08:03 18618871                   /usr/lib/jvm/java-6-openjdk-amd64/jre/lib/amd64/libfontmanager.so
7fd766958000-7fd766b57000 ---p 0003a000 08:03 18618871                   /usr/lib/jvm/java-6-openjdk-amd64/jre/lib/amd64/libfontmanager.so
7fd766b57000-7fd766b59000 r--p 00039000 08:03 18618871                   /usr/lib/jvm/java-6-openjdk-amd64/jre/lib/amd64/libfontmanager.so
7fd766b59000-7fd766b5a000 rw-p 0003b000 08:03 18618871                   /usr/lib/jvm/java-6-openjdk-amd64/jre/lib/amd64/libfontmanager.so
7fd766b5a000-7fd766b5f000 r-xp 00000000 08:03 18488257                   /usr/lib/x86_64-linux-gnu/libXdmcp.so.6.0.0
7fd766b5f000-7fd766d5e000 ---p 00005000 08:03 18488257                   /usr/lib/x86_64-linux-gnu/libXdmcp.so.6.0.0
7fd766d5e000-7fd766d5f000 r--p 00004000 08:03 18488257                   /usr/lib/x86_64-linux-gnu/libXdmcp.so.6.0.0
7fd766d5f000-7fd766d60000 rw-p 00005000 08:03 18488257                   /usr/lib/x86_64-linux-gnu/libXdmcp.so.6.0.0
7fd766d60000-7fd766d62000 r-xp 00000000 08:03 18488246                   /usr/lib/x86_64-linux-gnu/libXau.so.6.0.0
7fd766d62000-7fd766f61000 ---p 00002000 08:03 18488246                   /usr/lib/x86_64-linux-gnu/libXau.so.6.0.0
7fd766f61000-7fd766f62000 r--p 00001000 08:03 18488246                   /usr/lib/x86_64-linux-gnu/libXau.so.6.0.0
7fd766f62000-7fd766f63000 rw-p 00002000 08:03 18488246                   /usr/lib/x86_64-linux-gnu/libXau.so.6.0.0
7fd766f63000-7fd766f80000 r-xp 00000000 08:03 18488845                   /usr/lib/x86_64-linux-gnu/libxcb.so.1.1.0
7fd766f80000-7fd76717f000 ---p 0001d000 08:03 18488845                   /usr/lib/x86_64-linux-gnu/libxcb.so.1.1.0
7fd76717f000-7fd767180000 r--p 0001c000 08:03 18488845                   /usr/lib/x86_64-linux-gnu/libxcb.so.1.1.0
7fd767180000-7fd767181000 rw-p 0001d000 08:03 18488845                   /usr/lib/x86_64-linux-gnu/libxcb.so.1.1.0
7fd767181000-7fd76718f000 r-xp 00000000 08:03 18488265                   /usr/lib/x86_64-linux-gnu/libXi.so.6.1.0
7fd76718f000-7fd76738e000 ---p 0000e000 08:03 18488265                   /usr/lib/x86_64-linux-gnu/libXi.so.6.1.0
7fd76738e000-7fd76738f000 r--p 0000d000 08:03 18488265                   /usr/lib/x86_64-linux-gnu/libXi.so.6.1.0
7fd76738f000-7fd767390000 rw-p 0000e000 08:03 18488265                   /usr/lib/x86_64-linux-gnu/libXi.so.6.1.0
7fd767390000-7fd767395000 r-xp 00000000 08:03 18488283                   /usr/lib/x86_64-linux-gnu/libXtst.so.6.1.0
7fd767395000-7fd767594000 ---p 00005000 08:03 18488283                   /usr/lib/x86_64-linux-gnu/libXtst.so.6.1.0
7fd767594000-7fd767595000 r--p 00004000 08:03 18488283                   /usr/lib/x86_64-linux-gnu/libXtst.so.6.1.0
7fd767595000-7fd767596000 rw-p 00005000 08:03 18488283                   /usr/lib/x86_64-linux-gnu/libXtst.so.6.1.0
7fd767596000-7fd76759f000 r-xp 00000000 08:03 18488279                   /usr/lib/x86_64-linux-gnu/libXrender.so.1.3.0
7fd76759f000-7fd76779e000 ---p 00009000 08:03 18488279                   /usr/lib/x86_64-linux-gnu/libXrender.so.1.3.0
7fd76779e000-7fd76779f000 r--p 00008000 08:03 18488279                   /usr/lib/x86_64-linux-gnu/libXrender.so.1.3.0
7fd76779f000-7fd7677a0000 rw-p 00009000 08:03 18488279                   /usr/lib/x86_64-linux-gnu/libXrender.so.1.3.0
7fd7677a0000-7fd7678cf000 r-xp 00000000 08:03 18488244                   /usr/lib/x86_64-linux-gnu/libX11.so.6.3.0
7fd7678cf000-7fd767acf000 ---p 0012f000 08:03 18488244                   /usr/lib/x86_64-linux-gnu/libX11.so.6.3.0
7fd767acf000-7fd767ad0000 r--p 0012f000 08:03 18488244                   /usr/lib/x86_64-linux-gnu/libX11.so.6.3.0
7fd767ad0000-7fd767ad4000 rw-p 00130000 08:03 18488244                   /usr/lib/x86_64-linux-gnu/libX11.so.6.3.0
7fd767ad4000-7fd767b1f000 r-xp 00000000 08:03 18618972                   /usr/lib/jvm/java-6-openjdk-amd64/jre/lib/amd64/xawt/libmawt.so
7fd767b1f000-7fd767d1f000 ---p 0004b000 08:03 18618972                   /usr/lib/jvm/java-6-openjdk-amd64/jre/lib/amd64/xawt/libmawt.so
7fd767d1f000-7fd767d20000 r--p 0004b000 08:03 18618972                   /usr/lib/jvm/java-6-openjdk-amd64/jre/lib/amd64/xawt/libmawt.so
7fd767d20000-7fd767d23000 rw-p 0004c000 08:03 18618972                   /usr/lib/jvm/java-6-openjdk-amd64/jre/lib/amd64/xawt/libmawt.so
7fd767d23000-7fd767d24000 rw-p 00000000 00:00 0 
7fd767d24000-7fd767dd0000 r-xp 00000000 08:03 18618874                   /usr/lib/jvm/java-6-openjdk-amd64/jre/lib/amd64/libawt.so
7fd767dd0000-7fd767fcf000 ---p 000ac000 08:03 18618874                   /usr/lib/jvm/java-6-openjdk-amd64/jre/lib/amd64/libawt.so
7fd767fcf000-7fd767fd0000 r--p 000ab000 08:03 18618874                   /usr/lib/jvm/java-6-openjdk-amd64/jre/lib/amd64/libawt.so
7fd767fd0000-7fd767fdb000 rw-p 000ac000 08:03 18618874                   /usr/lib/jvm/java-6-openjdk-amd64/jre/lib/amd64/libawt.so
7fd767fdb000-7fd768000000 rw-p 00000000 00:00 0 
7fd768000000-7fd768021000 rw-p 00000000 00:00 0 
7fd768021000-7fd76c000000 ---p 00000000 00:00 0 
7fd76c000000-7fd76c001000 r--s 00043000 08:03 15598505                   /home/arwilczek90/workspace/Elements/lib/slick/lib/natives-win32.jar
7fd76c001000-7fd76c002000 r--s 0003d000 08:03 15598503                   /home/arwilczek90/workspace/Elements/lib/slick/lib/natives-linux.jar
7fd76c002000-7fd76c004000 r--s 0000d000 08:03 15598501                   /home/arwilczek90/workspace/Elements/lib/slick/lib/jorbis-0.0.15.jar
7fd76c004000-7fd76c005000 r--s 00001000 08:03 15598500                   /home/arwilczek90/workspace/Elements/lib/slick/lib/jogg-0.0.7.jar
7fd76c005000-7fd76c015000 r-xp 00000000 08:03 18488259                   /usr/lib/x86_64-linux-gnu/libXext.so.6.4.0
7fd76c015000-7fd76c214000 ---p 00010000 08:03 18488259                   /usr/lib/x86_64-linux-gnu/libXext.so.6.4.0
7fd76c214000-7fd76c215000 r--p 0000f000 08:03 18488259                   /usr/lib/x86_64-linux-gnu/libXext.so.6.4.0
7fd76c215000-7fd76c216000 rw-p 00010000 08:03 18488259                   /usr/lib/x86_64-linux-gnu/libXext.so.6.4.0
7fd76c216000-7fd76c217000 ---p 00000000 00:00 0 
7fd76c217000-7fd76c317000 rw-p 00000000 00:00 0 
7fd76c317000-7fd76c31a000 ---p 00000000 00:00 0 
7fd76c31a000-7fd76c418000 rw-p 00000000 00:00 0 
7fd76c418000-7fd76c41b000 ---p 00000000 00:00 0 
7fd76c41b000-7fd76c519000 rw-p 00000000 00:00 0 
7fd76c519000-7fd76c51c000 ---p 00000000 00:00 0 
7fd76c51c000-7fd76c61a000 rw-p 00000000 00:00 0 
7fd76c61a000-7fd76c61d000 ---p 00000000 00:00 0 
7fd76c61d000-7fd76c71b000 rw-p 00000000 00:00 0 
7fd76c71b000-7fd76cdfe000 r--p 00000000 08:03 18487587                   /usr/lib/locale/locale-archive
7fd76cdfe000-7fd76ce01000 ---p 00000000 00:00 0 
7fd76ce01000-7fd76ceff000 rw-p 00000000 00:00 0 
7fd76ceff000-7fd76cf02000 ---p 00000000 00:00 0 
7fd76cf02000-7fd76d000000 rw-p 00000000 00:00 0 
7fd76d000000-7fd76d270000 rwxp 00000000 00:00 0 
7fd76d270000-7fd770d40000 rw-p 00000000 00:00 0 
7fd770d40000-7fd774000000 ---p 00000000 00:00 0 
7fd774000000-7fd774009000 r--s 00000000 08:03 19927460                   /var/cache/fontconfig/6d41288fd70b0be22e8c3a91e032eec0-le64.cache-3
7fd774009000-7fd774019000 r--s 00000000 08:03 19927106                   /var/cache/fontconfig/04aabc0a78ac019cf9454389977116d2-le64.cache-3
7fd774019000-7fd77401c000 r--s 00000000 08:03 19927112                   /var/cache/fontconfig/385c0604a188198f04d133e54aba7fe7-le64.cache-3
7fd77401c000-7fd77401d000 r--s 00000000 08:03 19927113                   /var/cache/fontconfig/4794a0821666d79190d59a36cb4f44b5-le64.cache-3
7fd77401d000-7fd774020000 r--s 00000000 08:03 19927121                   /var/cache/fontconfig/8801497958630a81b71ace7c5f9b32a8-le64.cache-3
7fd774020000-7fd77404e000 r--s 00000000 08:03 19927454                   /var/cache/fontconfig/365b55f210c0a22e9a19e35191240f32-le64.cache-3
7fd77404e000-7fd774053000 r--s 00000000 08:03 19927110                   /var/cache/fontconfig/3047814df9a2f067bd2d96a2b9c36e5a-le64.cache-3
7fd774053000-7fd774054000 r--s 00000000 08:03 19927115                   /var/cache/fontconfig/56cf4f4769d0f4abc89a4895d7bd3ae1-le64.cache-3
7fd774054000-7fd774055000 r--s 00000000 08:03 19927126                   /var/cache/fontconfig/b9d506c9ac06c20b433354fa67a72993-le64.cache-3
7fd774055000-7fd77405a000 r--s 00000000 08:03 19927125                   /var/cache/fontconfig/b47c4e1ecd0709278f4910c18777a504-le64.cache-3
7fd77405a000-7fd77406a000 r--s 00000000 08:03 19927130                   /var/cache/fontconfig/d52a8644073d54c13679302ca1180695-le64.cache-3
7fd77406a000-7fd77406d000 r--s 00000000 08:03 19927196                   /var/cache/fontconfig/e13b20fdb08344e0e664864cc2ede53d-le64.cache-3
7fd77406d000-7fd774071000 r--s 00000000 08:03 19927452                   /var/cache/fontconfig/7ef2298fde41cc6eeb7af42e48b7d293-le64.cache-3
7fd774071000-7fd774072000 r--s 00000000 08:03 19927127                   /var/cache/fontconfig/c05880de57d1f5e948fdfacc138775d9-le64.cache-3
7fd774072000-7fd77407b000 r--s 00000000 08:03 19927122                   /var/cache/fontconfig/945677eb7aeaf62f1d50efc3fb3ec7d8-le64.cache-3
7fd77407b000-7fd77407d000 r--s 00000000 08:03 19927123                   /var/cache/fontconfig/99e8ed0e538f840c565b6ed5dad60d56-le64.cache-3
7fd77407d000-7fd774081000 r--s 00000000 08:03 19927109                   /var/cache/fontconfig/2cd17615ca594fa2959ae173292e504c-le64.cache-3
7fd774081000-7fd774082000 r--s 00000000 08:03 19927134                   /var/cache/fontconfig/e7071f4a29fa870f4323321c154eba04-le64.cache-3
7fd774082000-7fd774083000 r--s 00000000 08:03 19927107                   /var/cache/fontconfig/0d8c3b2ac0904cb8a57a757ad11a4a08-le64.cache-3
7fd774083000-7fd774089000 r--s 00000000 08:03 19927124                   /var/cache/fontconfig/a755afe4a08bf5b97852ceb7400b47bc-le64.cache-3
7fd774089000-7fd774092000 r--s 00000000 08:03 19927460                   /var/cache/fontconfig/6d41288fd70b0be22e8c3a91e032eec0-le64.cache-3
7fd774092000-7fd7740a2000 r--s 00000000 08:03 19927106                   /var/cache/fontconfig/04aabc0a78ac019cf9454389977116d2-le64.cache-3
7fd7740a2000-7fd7740a5000 r--s 00000000 08:03 19927112                   /var/cache/fontconfig/385c0604a188198f04d133e54aba7fe7-le64.cache-3
7fd7740a5000-7fd7740a6000 r--s 00000000 08:03 19927113                   /var/cache/fontconfig/4794a0821666d79190d59a36cb4f44b5-le64.cache-3
7fd7740a6000-7fd7740a9000 r--s 00000000 08:03 19927121                   /var/cache/fontconfig/8801497958630a81b71ace7c5f9b32a8-le64.cache-3
7fd7740a9000-7fd7740d7000 r--s 00000000 08:03 19927454                   /var/cache/fontconfig/365b55f210c0a22e9a19e35191240f32-le64.cache-3
7fd7740d7000-7fd7740e7000 r--s 00000000 08:03 19927130                   /var/cache/fontconfig/d52a8644073d54c13679302ca1180695-le64.cache-3
7fd7740e7000-7fd7740e8000 ---p 00000000 00:00 0 
7fd7740e8000-7fd774720000 rw-p 00000000 00:00 0 
7fd774720000-7fd7748b2000 r--s 037bf000 08:03 18618843                   /usr/lib/jvm/java-6-openjdk-amd64/jre/lib/rt.jar
7fd7748b2000-7fd7748da000 rw-p 00000000 00:00 0 
7fd7748da000-7fd7748db000 ---p 00000000 00:00 0 
7fd7748db000-7fd7749db000 rw-p 00000000 00:00 0 
7fd7749db000-7fd7749dc000 ---p 00000000 00:00 0 
7fd7749dc000-7fd774adc000 rw-p 00000000 00:00 0 
7fd774adc000-7fd774add000 ---p 00000000 00:00 0 
7fd774add000-7fd774bdd000 rw-p 00000000 00:00 0 
7fd774bdd000-7fd774bde000 ---p 00000000 00:00 0 
7fd774bde000-7fd774ce9000 rw-p 00000000 00:00 0 
7fd774ce9000-7fd774d31000 rw-p 00000000 00:00 0 
7fd774d31000-7fd774d58000 rw-p 00000000 00:00 0 
7fd774d58000-7fd774f9f000 rw-p 00000000 00:00 0 
7fd774f9f000-7fd774faa000 rw-p 00000000 00:00 0 
7fd774faa000-7fd774ff2000 rw-p 00000000 00:00 0 
7fd774ff2000-7fd775019000 rw-p 00000000 00:00 0 
7fd775019000-7fd775260000 rw-p 00000000 00:00 0 
7fd775260000-7fd775274000 rw-p 00000000 00:00 0 
7fd775274000-7fd775397000 rw-p 00000000 00:00 0 
7fd775397000-7fd775398000 rw-p 00000000 00:00 0 
7fd775398000-7fd77539f000 r-xp 00000000 08:03 18618888                   /usr/lib/jvm/java-6-openjdk-amd64/jre/lib/amd64/libzip.so
7fd77539f000-7fd77559e000 ---p 00007000 08:03 18618888                   /usr/lib/jvm/java-6-openjdk-amd64/jre/lib/amd64/libzip.so
7fd77559e000-7fd77559f000 r--p 00006000 08:03 18618888                   /usr/lib/jvm/java-6-openjdk-amd64/jre/lib/amd64/libzip.so
7fd77559f000-7fd7755a0000 rw-p 00007000 08:03 18618888                   /usr/lib/jvm/java-6-openjdk-amd64/jre/lib/amd64/libzip.so
7fd7755a0000-7fd7755ac000 r-xp 00000000 08:03 21758081                   /lib/x86_64-linux-gnu/libnss_files-2.15.so
7fd7755ac000-7fd7757ab000 ---p 0000c000 08:03 21758081                   /lib/x86_64-linux-gnu/libnss_files-2.15.so
7fd7757ab000-7fd7757ac000 r--p 0000b000 08:03 21758081                   /lib/x86_64-linux-gnu/libnss_files-2.15.so
7fd7757ac000-7fd7757ad000 rw-p 0000c000 08:03 21758081                   /lib/x86_64-linux-gnu/libnss_files-2.15.so
7fd7757ad000-7fd7757b7000 r-xp 00000000 08:03 21758077                   /lib/x86_64-linux-gnu/libnss_nis-2.15.so
7fd7757b7000-7fd7759b7000 ---p 0000a000 08:03 21758077                   /lib/x86_64-linux-gnu/libnss_nis-2.15.so
7fd7759b7000-7fd7759b8000 r--p 0000a000 08:03 21758077                   /lib/x86_64-linux-gnu/libnss_nis-2.15.so
7fd7759b8000-7fd7759b9000 rw-p 0000b000 08:03 21758077                   /lib/x86_64-linux-gnu/libnss_nis-2.15.so
7fd7759b9000-7fd7759d0000 r-xp 00000000 08:03 21761730                   /lib/x86_64-linux-gnu/libnsl-2.15.so
7fd7759d0000-7fd775bcf000 ---p 00017000 08:03 21761730                   /lib/x86_64-linux-gnu/libnsl-2.15.so
7fd775bcf000-7fd775bd0000 r--p 00016000 08:03 21761730                   /lib/x86_64-linux-gnu/libnsl-2.15.so
7fd775bd0000-7fd775bd1000 rw-p 00017000 08:03 21761730                   /lib/x86_64-linux-gnu/libnsl-2.15.so
7fd775bd1000-7fd775bd3000 rw-p 00000000 00:00 0 
7fd775bd3000-7fd775bdb000 r-xp 00000000 08:03 21758082                   /lib/x86_64-linux-gnu/libnss_compat-2.15.so
7fd775bdb000-7fd775dda000 ---p 00008000 08:03 21758082                   /lib/x86_64-linux-gnu/libnss_compat-2.15.so
7fd775dda000-7fd775ddb000 r--p 00007000 08:03 21758082                   /lib/x86_64-linux-gnu/libnss_compat-2.15.so
7fd775ddb000-7fd775ddc000 rw-p 00008000 08:03 21758082                   /lib/x86_64-linux-gnu/libnss_compat-2.15.so
7fd775ddc000-7fd775e08000 r-xp 00000000 08:03 18618873                   /usr/lib/jvm/java-6-openjdk-amd64/jre/lib/amd64/libjava.so
7fd775e08000-7fd776007000 ---p 0002c000 08:03 18618873                   /usr/lib/jvm/java-6-openjdk-amd64/jre/lib/amd64/libjava.so
7fd776007000-7fd776008000 r--p 0002b000 08:03 18618873                   /usr/lib/jvm/java-6-openjdk-amd64/jre/lib/amd64/libjava.so
7fd776008000-7fd77600b000 rw-p 0002c000 08:03 18618873                   /usr/lib/jvm/java-6-openjdk-amd64/jre/lib/amd64/libjava.so
7fd77600b000-7fd776019000 r-xp 00000000 08:03 18618872                   /usr/lib/jvm/java-6-openjdk-amd64/jre/lib/amd64/libverify.so
7fd776019000-7fd776218000 ---p 0000e000 08:03 18618872                   /usr/lib/jvm/java-6-openjdk-amd64/jre/lib/amd64/libverify.so
7fd776218000-7fd77621a000 r--p 0000d000 08:03 18618872                   /usr/lib/jvm/java-6-openjdk-amd64/jre/lib/amd64/libverify.so
7fd77621a000-7fd77621b000 rw-p 0000f000 08:03 18618872                   /usr/lib/jvm/java-6-openjdk-amd64/jre/lib/amd64/libverify.so
7fd77621b000-7fd776222000 r-xp 00000000 08:03 21758075                   /lib/x86_64-linux-gnu/librt-2.15.so
7fd776222000-7fd776421000 ---p 00007000 08:03 21758075                   /lib/x86_64-linux-gnu/librt-2.15.so
7fd776421000-7fd776422000 r--p 00006000 08:03 21758075                   /lib/x86_64-linux-gnu/librt-2.15.so
7fd776422000-7fd776423000 rw-p 00007000 08:03 21758075                   /lib/x86_64-linux-gnu/librt-2.15.so
7fd776423000-7fd776438000 r-xp 00000000 08:03 21761542                   /lib/x86_64-linux-gnu/libgcc_s.so.1
7fd776438000-7fd776637000 ---p 00015000 08:03 21761542                   /lib/x86_64-linux-gnu/libgcc_s.so.1
7fd776637000-7fd776638000 r--p 00014000 08:03 21761542                   /lib/x86_64-linux-gnu/libgcc_s.so.1
7fd776638000-7fd776639000 rw-p 00015000 08:03 21761542                   /lib/x86_64-linux-gnu/libgcc_s.so.1
7fd776639000-7fd776732000 r-xp 00000000 08:03 21758079                   /lib/x86_64-linux-gnu/libm-2.15.so
7fd776732000-7fd776931000 ---p 000f9000 08:03 21758079                   /lib/x86_64-linux-gnu/libm-2.15.so
7fd776931000-7fd776932000 r--p 000f8000 08:03 21758079                   /lib/x86_64-linux-gnu/libm-2.15.so
7fd776932000-7fd776933000 rw-p 000f9000 08:03 21758079                   /lib/x86_64-linux-gnu/libm-2.15.so
7fd776933000-7fd776a15000 r-xp 00000000 08:03 18488773                   /usr/lib/x86_64-linux-gnu/libstdc++.so.6.0.16
7fd776a15000-7fd776c14000 ---p 000e2000 08:03 18488773                   /usr/lib/x86_64-linux-gnu/libstdc++.so.6.0.16
7fd776c14000-7fd776c1c000 r--p 000e1000 08:03 18488773                   /usr/lib/x86_64-linux-gnu/libstdc++.so.6.0.16
7fd776c1c000-7fd776c1e000 rw-p 000e9000 08:03 18488773                   /usr/lib/x86_64-linux-gnu/libstdc++.so.6.0.16
7fd776c1e000-7fd776c33000 rw-p 00000000 00:00 0 
7fd776c33000-7fd777537000 r-xp 00000000 08:03 18618878                   /usr/lib/jvm/java-6-openjdk-amd64/jre/lib/amd64/server/libjvm.so
7fd777537000-7fd777737000 ---p 00904000 08:03 18618878                   /usr/lib/jvm/java-6-openjdk-amd64/jre/lib/amd64/server/libjvm.so
7fd777737000-7fd7777b7000 r--p 00904000 08:03 18618878                   /usr/lib/jvm/java-6-openjdk-amd64/jre/lib/amd64/server/libjvm.so
7fd7777b7000-7fd7777d2000 rw-p 00984000 08:03 18618878                   /usr/lib/jvm/java-6-openjdk-amd64/jre/lib/amd64/server/libjvm.so
7fd7777d2000-7fd7777fb000 rw-p 00000000 00:00 0 
7fd7777fb000-7fd777811000 r-xp 00000000 08:03 21761632                   /lib/x86_64-linux-gnu/libz.so.1.2.3.4
7fd777811000-7fd777a10000 ---p 00016000 08:03 21761632                   /lib/x86_64-linux-gnu/libz.so.1.2.3.4
7fd777a10000-7fd777a11000 r--p 00015000 08:03 21761632                   /lib/x86_64-linux-gnu/libz.so.1.2.3.4
7fd777a11000-7fd777a12000 rw-p 00016000 08:03 21761632                   /lib/x86_64-linux-gnu/libz.so.1.2.3.4
7fd777a12000-7fd777bc7000 r-xp 00000000 08:03 21757975                   /lib/x86_64-linux-gnu/libc-2.15.so
7fd777bc7000-7fd777dc6000 ---p 001b5000 08:03 21757975                   /lib/x86_64-linux-gnu/libc-2.15.so
7fd777dc6000-7fd777dca000 r--p 001b4000 08:03 21757975                   /lib/x86_64-linux-gnu/libc-2.15.so
7fd777dca000-7fd777dcc000 rw-p 001b8000 08:03 21757975                   /lib/x86_64-linux-gnu/libc-2.15.so
7fd777dcc000-7fd777dd1000 rw-p 00000000 00:00 0 
7fd777dd1000-7fd777dd3000 r-xp 00000000 08:03 21757964                   /lib/x86_64-linux-gnu/libdl-2.15.so
7fd777dd3000-7fd777fd3000 ---p 00002000 08:03 21757964                   /lib/x86_64-linux-gnu/libdl-2.15.so
7fd777fd3000-7fd777fd4000 r--p 00002000 08:03 21757964                   /lib/x86_64-linux-gnu/libdl-2.15.so
7fd777fd4000-7fd777fd5000 rw-p 00003000 08:03 21757964                   /lib/x86_64-linux-gnu/libdl-2.15.so
7fd777fd5000-7fd777fd9000 r-xp 00000000 08:03 18618855                   /usr/lib/jvm/java-6-openjdk-amd64/jre/lib/amd64/jli/libjli.so
7fd777fd9000-7fd7781d8000 ---p 00004000 08:03 18618855                   /usr/lib/jvm/java-6-openjdk-amd64/jre/lib/amd64/jli/libjli.so
7fd7781d8000-7fd7781d9000 r--p 00003000 08:03 18618855                   /usr/lib/jvm/java-6-openjdk-amd64/jre/lib/amd64/jli/libjli.so
7fd7781d9000-7fd7781da000 rw-p 00004000 08:03 18618855                   /usr/lib/jvm/java-6-openjdk-amd64/jre/lib/amd64/jli/libjli.so
7fd7781da000-7fd7781f2000 r-xp 00000000 08:03 21758073                   /lib/x86_64-linux-gnu/libpthread-2.15.so
7fd7781f2000-7fd7783f1000 ---p 00018000 08:03 21758073                   /lib/x86_64-linux-gnu/libpthread-2.15.so
7fd7783f1000-7fd7783f2000 r--p 00017000 08:03 21758073                   /lib/x86_64-linux-gnu/libpthread-2.15.so
7fd7783f2000-7fd7783f3000 rw-p 00018000 08:03 21758073                   /lib/x86_64-linux-gnu/libpthread-2.15.so
7fd7783f3000-7fd7783f7000 rw-p 00000000 00:00 0 
7fd7783f7000-7fd778419000 r-xp 00000000 08:03 21758085                   /lib/x86_64-linux-gnu/ld-2.15.so
7fd778419000-7fd77841a000 r--s 00001000 08:03 15598499                   /home/arwilczek90/workspace/Elements/lib/slick/lib/jnlp.jar
7fd77841a000-7fd77841b000 rw-s 00005000 00:05 10225                      /dev/ati/card0
7fd77841b000-7fd778420000 r--s 00000000 08:03 19927110                   /var/cache/fontconfig/3047814df9a2f067bd2d96a2b9c36e5a-le64.cache-3
7fd778420000-7fd778421000 r--s 00000000 08:03 19927115                   /var/cache/fontconfig/56cf4f4769d0f4abc89a4895d7bd3ae1-le64.cache-3
7fd778421000-7fd778426000 r--s 00000000 08:03 19927125                   /var/cache/fontconfig/b47c4e1ecd0709278f4910c18777a504-le64.cache-3
7fd778426000-7fd778429000 r--s 00000000 08:03 19927196                   /var/cache/fontconfig/e13b20fdb08344e0e664864cc2ede53d-le64.cache-3
7fd778429000-7fd77842d000 r--s 00000000 08:03 19927452                   /var/cache/fontconfig/7ef2298fde41cc6eeb7af42e48b7d293-le64.cache-3
7fd77842d000-7fd778430000 r--s 0007d000 08:03 18618443                   /usr/lib/jvm/java-6-openjdk-common/jre/lib/jsse.jar
7fd778430000-7fd778437000 r--s 00073000 08:03 15597691                   /home/arwilczek90/workspace/Elements/lib/lwjgl.jar
7fd778437000-7fd778441000 rw-p 00000000 00:00 0 
7fd778441000-7fd7784f7000 rw-p 00000000 00:00 0 
7fd7784f7000-7fd7784fa000 ---p 00000000 00:00 0 
7fd7784fa000-7fd7785fd000 rw-p 00000000 00:00 0 
7fd7785fd000-7fd7785fe000 r--s 00000000 08:03 19927126                   /var/cache/fontconfig/b9d506c9ac06c20b433354fa67a72993-le64.cache-3
7fd7785fe000-7fd778600000 r--s 0000f000 08:03 18618803                   /usr/lib/jvm/java-6-openjdk-common/jre/lib/ext/pulse-java.jar
7fd778600000-7fd778603000 r--s 00077000 08:03 18618797                   /usr/lib/jvm/java-6-openjdk-common/jre/lib/ext/localedata.jar
7fd778603000-7fd778604000 r--s 00007000 08:03 18748229                   /usr/share/java/java-atk-wrapper.jar
7fd778604000-7fd778606000 r--s 00001000 08:03 18618801                   /usr/lib/jvm/java-6-openjdk-common/jre/lib/ext/dnsns.jar
7fd778606000-7fd77860a000 r--s 00038000 08:03 18618795                   /usr/lib/jvm/java-6-openjdk-common/jre/lib/ext/sunpkcs11.jar
7fd77860a000-7fd77860d000 r--s 00031000 08:03 18618799                   /usr/lib/jvm/java-6-openjdk-common/jre/lib/ext/sunjce_provider.jar
7fd77860d000-7fd778615000 rw-s 00000000 08:03 8126514                    /tmp/hsperfdata_arwilczek90/11953 (deleted)
7fd778615000-7fd778616000 rw-p 00000000 00:00 0 
7fd778616000-7fd778617000 ---p 00000000 00:00 0 
7fd778617000-7fd778619000 rw-p 00000000 00:00 0 
7fd778619000-7fd77861a000 r--p 00022000 08:03 21758085                   /lib/x86_64-linux-gnu/ld-2.15.so
7fd77861a000-7fd77861c000 rw-p 00023000 08:03 21758085                   /lib/x86_64-linux-gnu/ld-2.15.so
7fff0ffb3000-7fff0ffd4000 rw-p 00000000 00:00 0                          [stack]
7fff0ffff000-7fff10000000 r-xp 00000000 00:00 0                          [vdso]
ffffffffff600000-ffffffffff601000 r-xp 00000000 00:00 0                  [vsyscall]

VM Arguments:
jvm_args: -Djava.library.path=/home/arwilczek90/workspace/Elements/lib/slick:/home/arwilczek90/workspace/Elements/lib/slick -Dfile.encoding=UTF-8 
java_command: com.hack.elements.view.Main
Launcher Type: SUN_STANDARD

Environment Variables:
PATH=/usr/lib/lightdm/lightdm:/usr/local/sbin:/usr/local/bin:/usr/sbin:/usr/bin:/sbin:/bin:/usr/games
LD_LIBRARY_PATH=/usr/lib/jvm/java-6-openjdk-amd64/jre/lib/amd64/server:/usr/lib/jvm/java-6-openjdk-amd64/jre/lib/amd64:/usr/lib/jvm/java-6-openjdk-amd64/jre/../lib/amd64
SHELL=/bin/bash
DISPLAY=:0.0

Signal Handlers:
SIGSEGV: [libjvm.so+0x784310], sa_mask[0]=0x7ffbfeff, sa_flags=0x10000004
SIGBUS: [libjvm.so+0x784310], sa_mask[0]=0x7ffbfeff, sa_flags=0x10000004
SIGFPE: [libjvm.so+0x648580], sa_mask[0]=0x7ffbfeff, sa_flags=0x10000004
SIGPIPE: [libjvm.so+0x648580], sa_mask[0]=0x7ffbfeff, sa_flags=0x10000004
SIGXFSZ: [libjvm.so+0x648580], sa_mask[0]=0x7ffbfeff, sa_flags=0x10000004
SIGILL: [libjvm.so+0x648580], sa_mask[0]=0x7ffbfeff, sa_flags=0x10000004
SIGUSR1: SIG_DFL, sa_mask[0]=0x00000000, sa_flags=0x00000000
SIGUSR2: [libjvm.so+0x648730], sa_mask[0]=0x00000004, sa_flags=0x10000004
SIGHUP: [libjvm.so+0x64b250], sa_mask[0]=0x7ffbfeff, sa_flags=0x10000004
SIGINT: [libjvm.so+0x64b250], sa_mask[0]=0x7ffbfeff, sa_flags=0x10000004
SIGTERM: [libjvm.so+0x64b250], sa_mask[0]=0x7ffbfeff, sa_flags=0x10000004
SIGQUIT: [libjvm.so+0x64b250], sa_mask[0]=0x7ffbfeff, sa_flags=0x10000004


---------------  S Y S T E M  ---------------

OS:Ubuntu 12.04 (precise)
uname:Linux 3.2.0-32-generic #51-Ubuntu SMP Wed Sep 26 21:33:09 UTC 2012 x86_64
libc:glibc 2.15 NPTL 2.15 
rlimit: STACK 8192k, CORE 0k, NPROC 59545, NOFILE 4096, AS infinity
load average:1.02 0.50 0.52

/proc/meminfo:
MemTotal:        7639648 kB
MemFree:         4309480 kB
Buffers:          112648 kB
Cached:          1131592 kB
SwapCached:            0 kB
Active:          2147292 kB
Inactive:         706192 kB
Active(anon):    1610076 kB
Inactive(anon):    18660 kB
Active(file):     537216 kB
Inactive(file):   687532 kB
Unevictable:          20 kB
Mlocked:              20 kB
SwapTotal:       3818492 kB
SwapFree:        3818492 kB
Dirty:               540 kB
Writeback:             0 kB
AnonPages:       1609388 kB
Mapped:           329624 kB
Shmem:             19492 kB
Slab:              92424 kB
SReclaimable:      61900 kB
SUnreclaim:        30524 kB
KernelStack:        4104 kB
PageTables:        35324 kB
NFS_Unstable:          0 kB
Bounce:                0 kB
WritebackTmp:          0 kB
CommitLimit:     7638316 kB
Committed_AS:    4425384 kB
VmallocTotal:   34359738367 kB
VmallocUsed:      116912 kB
VmallocChunk:   34359619344 kB
HardwareCorrupted:     0 kB
AnonHugePages:         0 kB
HugePages_Total:       0
HugePages_Free:        0
HugePages_Rsvd:        0
HugePages_Surp:        0
Hugepagesize:       2048 kB
DirectMap4k:      290816 kB
DirectMap2M:     5455872 kB
DirectMap1G:     2097152 kB


CPU:total 4 (4 cores per cpu, 1 threads per core) family 18 model 1 stepping 0, cmov, cx8, fxsr, mmx, sse, sse2, sse3, popcnt, mmxext, 3dnowpref, lzcnt, sse4a

Memory: 4k page, physical 7639648k(4309480k free), swap 3818492k(3818492k free)

vm_info: OpenJDK 64-Bit Server VM (20.0-b12) for linux-amd64 JRE (1.6.0_24-b24), built on Sep  2 2012 19:50:47 by "buildd" with gcc 4.6.3

time: Sat Oct 13 18:56:14 2012
elapsed time: 38 seconds

