#
# A fatal error has been detected by the Java Runtime Environment:
#
#  SIGSEGV (0xb) at pc=0x00007fef6e9dac58, pid=10747, tid=140666424227584
#
# JRE version: 6.0_24-b24
# Java VM: OpenJDK 64-Bit Server VM (20.0-b12 mixed mode linux-amd64 compressed oops)
# Derivative: IcedTea6 1.11.4
# Distribution: Ubuntu 12.04 LTS, package 6b24-1.11.4-1ubuntu0.12.04.1
# Problematic frame:
# C  [libX11.so.6+0x33c58]  XQueryExtension+0x28
#
# If you would like to submit a bug report, please include
# instructions how to reproduce the bug and visit:
#   https://bugs.launchpad.net/ubuntu/+source/openjdk-6/
#

---------------  T H R E A D  ---------------

Current thread (0x00007fef78070000):  VMThread [stack: 0x00007fef742f7000,0x00007fef743f8000] [id=10757]

siginfo:si_signo=SIGSEGV: si_errno=0, si_code=1 (SEGV_MAPERR), si_addr=0x0000000078228948

Registers:
RAX=0x00007fef5c000bd0, RBX=0x0000000078227fe0, RCX=0x00007fef743f6658, RDX=0x00007fef743f6654
RSP=0x00007fef743f65f0, RBP=0x00007fef6c998932, RSI=0x00007fef6c998932, RDI=0x0000000078227fe0
R8 =0x00007fef743f665c, R9 =0x0000000000000010, R10=0x00007fef7eff1fa8, R11=0x0000000000000000
R12=0x0000000000000000, R13=0x00007fef6c998932, R14=0x00007fef5c000bd0, R15=0x0000000000000000
RIP=0x00007fef6e9dac58, EFLAGS=0x0000000000010206, CSGSFS=0x0000000000000033, ERR=0x0000000000000004
  TRAPNO=0x000000000000000e

Top of Stack: (sp=0x00007fef743f65f0)
0x00007fef743f65f0:   0000000000000000 0000003000000003
0x00007fef743f6600:   0000006e0000005b 0000007c00000077
0x00007fef743f6610:   00000000ffffffff 0000000078227fe0
0x00007fef743f6620:   00007fef6c998932 0000000000000000
0x00007fef743f6630:   00007fef6c998932 00007fef5c000bd0
0x00007fef743f6640:   0000000000000000 00007fef6e9cec55
0x00007fef743f6650:   00007fef7f83e048 00007fef6cad1520
0x00007fef743f6660:   00007fef6cad1520 0000000078227fe0
0x00007fef743f6670:   00007fef78159b50 00007fef6ece802b
0x00007fef743f6680:   00007fef7ec44790 000000110000002c
0x00007fef743f6690:   00007fef743f6710 0000000000000000
0x00007fef743f66a0:   00007fef743f6710 0000000078227fe0
0x00007fef743f66b0:   0000000000000000 00007fef7f83e048
0x00007fef743f66c0:   00007fef6caead50 00007fef6c93f119
0x00007fef743f66d0:   0000000000000000 000000000000002c
0x00007fef743f66e0:   00007fef743f6710 00007fef743f6730
0x00007fef743f66f0:   0000000000000000 00007fef7f83e048
0x00007fef743f6700:   00007fef78227b40 00007fef6c935b42
0x00007fef743f6710:   00007fef743f6900 00007fef6c9988b1
0x00007fef743f6720:   00007fef743f6900 00007fef7f62a92d
0x00007fef743f6730:   00007fef7f83f2c8 00007fef7f83f858
0x00007fef743f6740:   00007fef7f820000 00007fef78006a00
0x00007fef743f6750:   00007fef78007510 00007fef78006eb0
0x00007fef743f6760:   00007fef78007a10 00007fef7800c6f0
0x00007fef743f6770:   00007fef7811b4e0 00007fef7811b9c0
0x00007fef743f6780:   00007fef7f81f000 00007fef782246f0
0x00007fef743f6790:   00007fef7821ec30 00007fef7821f0d0
0x00007fef743f67a0:   00007fef78224bc0 00007fef78225060
0x00007fef743f67b0:   00007fef78225500 00007fef780c6ff0
0x00007fef743f67c0:   00007fef780be000 00007fef780025e0
0x00007fef743f67d0:   00007fef78001ec0 00000000021ea5f0
0x00007fef743f67e0:   00000000021eab60 00000000021eb570 

Instructions: (pc=0x00007fef6e9dac58)
0x00007fef6e9dac38:   24 d8 48 89 fb 4c 89 64 24 e0 4c 89 6c 24 e8 48
0x00007fef6e9dac48:   89 f5 4c 89 74 24 f0 4c 89 7c 24 f8 48 83 ec 58
0x00007fef6e9dac58:   48 8b 87 68 09 00 00 49 89 d4 49 89 cd 4d 89 c6
0x00007fef6e9dac68:   48 85 c0 74 02 ff 10 ba 08 00 00 00 be 62 00 00 

Register to memory mapping:

RAX=0x00007fef5c000bd0 is an unknown value
RBX=0x0000000078227fe0 is an unknown value
RCX=0x00007fef743f6658 is an unknown value
RDX=0x00007fef743f6654 is an unknown value
RSP=0x00007fef743f65f0 is an unknown value
RBP=0x00007fef6c998932: <offset 0x96932> in /usr/lib/fglrx/libGL.so.1 at 0x00007fef6c902000
RSI=0x00007fef6c998932: <offset 0x96932> in /usr/lib/fglrx/libGL.so.1 at 0x00007fef6c902000
RDI=0x0000000078227fe0 is an unknown value
R8 =0x00007fef743f665c is an unknown value
R9 =0x0000000000000010 is an unknown value
R10=0x00007fef7eff1fa8: <offset 0x3bbfa8> in /lib/x86_64-linux-gnu/libc.so.6 at 0x00007fef7ec36000
R11=0x0000000000000000 is an unknown value
R12=0x0000000000000000 is an unknown value
R13=0x00007fef6c998932: <offset 0x96932> in /usr/lib/fglrx/libGL.so.1 at 0x00007fef6c902000
R14=0x00007fef5c000bd0 is an unknown value
R15=0x0000000000000000 is an unknown value


Stack: [0x00007fef742f7000,0x00007fef743f8000],  sp=0x00007fef743f65f0,  free space=1021k
Native frames: (J=compiled Java code, j=interpreted, Vv=VM code, C=native code)
C  [libX11.so.6+0x33c58]  XQueryExtension+0x28

VM_Operation (0x00007fef7f81a6a0): Exit, mode: safepoint, requested by thread 0x00007fef78008800


---------------  P R O C E S S  ---------------

Java Threads: ( => current thread )
  0x00007fef78af0800 JavaThread "Thread-2" daemon [_thread_blocked, id=10768, stack(0x00007fef6c2ec000,0x00007fef6c3ed000)]
  0x00007fef78223800 JavaThread "AWT-XAWT" daemon [_thread_in_native, id=10767, stack(0x00007fef6d25d000,0x00007fef6d35e000)]
  0x00007fef78149800 JavaThread "Java2D Disposer" daemon [_thread_blocked, id=10765, stack(0x00007fef6d788000,0x00007fef6d889000)]
  0x00007fef7809e800 JavaThread "Low Memory Detector" daemon [_thread_blocked, id=10763, stack(0x00007fef6f519000,0x00007fef6f61a000)]
  0x00007fef7809c000 JavaThread "C2 CompilerThread1" daemon [_thread_blocked, id=10762, stack(0x00007fef6f61a000,0x00007fef6f71b000)]
  0x00007fef78099800 JavaThread "C2 CompilerThread0" daemon [_thread_blocked, id=10761, stack(0x00007fef6f71b000,0x00007fef6f81c000)]
  0x00007fef78098000 JavaThread "Signal Dispatcher" daemon [_thread_blocked, id=10760, stack(0x00007fef6f81c000,0x00007fef6f91d000)]
  0x00007fef78079000 JavaThread "Finalizer" daemon [_thread_blocked, id=10759, stack(0x00007fef740f5000,0x00007fef741f6000)]
  0x00007fef78077000 JavaThread "Reference Handler" daemon [_thread_blocked, id=10758, stack(0x00007fef741f6000,0x00007fef742f7000)]
  0x00007fef78008800 JavaThread "main" [_thread_blocked, id=10752, stack(0x00007fef7f71b000,0x00007fef7f81c000)]

Other Threads:
=>0x00007fef78070000 VMThread [stack: 0x00007fef742f7000,0x00007fef743f8000] [id=10757]

VM state:at safepoint (shutting down)

VM Mutex/Monitor currently owned by a thread:  ([mutex/lock_event])
[0x00007fef78004dd0] Threads_lock - owner thread: 0x00007fef78070000

Heap
 PSYoungGen      total 34880K, used 19923K [0x00000000d9200000, 0x00000000db8e0000, 0x0000000100000000)
  eden space 29952K, 60% used [0x00000000d9200000,0x00000000da3bce08,0x00000000daf40000)
  from space 4928K, 35% used [0x00000000daf40000,0x00000000db0f8030,0x00000000db410000)
  to   space 4928K, 0% used [0x00000000db410000,0x00000000db410000,0x00000000db8e0000)
 PSOldGen        total 79616K, used 0K [0x000000008b600000, 0x00000000903c0000, 0x00000000d9200000)
  object space 79616K, 0% used [0x000000008b600000,0x000000008b600000,0x00000000903c0000)
 PSPermGen       total 21248K, used 11463K [0x0000000081000000, 0x00000000824c0000, 0x000000008b600000)
  object space 21248K, 53% used [0x0000000081000000,0x0000000081b31ef8,0x00000000824c0000)

Code Cache  [0x00007fef75000000, 0x00007fef75270000, 0x00007fef78000000)
 total_blobs=738 nmethods=253 adapters=439 free_code_cache=49278848 largest_free_block=17664

Dynamic libraries:
00400000-00409000 r-xp 00000000 08:03 18618890                           /usr/lib/jvm/java-6-openjdk-amd64/jre/bin/java
00608000-00609000 r--p 00008000 08:03 18618890                           /usr/lib/jvm/java-6-openjdk-amd64/jre/bin/java
00609000-0060a000 rw-p 00009000 08:03 18618890                           /usr/lib/jvm/java-6-openjdk-amd64/jre/bin/java
021ea000-0220b000 rw-p 00000000 00:00 0                                  [heap]
81000000-824c0000 rw-p 00000000 00:00 0 
824c0000-8b600000 rw-p 00000000 00:00 0 
8b600000-903c0000 rw-p 00000000 00:00 0 
903c0000-d9200000 rw-p 00000000 00:00 0 
d9200000-db8e0000 rw-p 00000000 00:00 0 
db8e0000-100000000 rw-p 00000000 00:00 0 
7fef28000000-7fef28021000 rw-p 00000000 00:00 0 
7fef28021000-7fef2c000000 ---p 00000000 00:00 0 
7fef2c000000-7fef2c021000 rw-p 00000000 00:00 0 
7fef2c021000-7fef30000000 ---p 00000000 00:00 0 
7fef30000000-7fef30021000 rw-p 00000000 00:00 0 
7fef30021000-7fef34000000 ---p 00000000 00:00 0 
7fef34000000-7fef34021000 rw-p 00000000 00:00 0 
7fef34021000-7fef38000000 ---p 00000000 00:00 0 
7fef38000000-7fef38021000 rw-p 00000000 00:00 0 
7fef38021000-7fef3c000000 ---p 00000000 00:00 0 
7fef3c000000-7fef3c021000 rw-p 00000000 00:00 0 
7fef3c021000-7fef40000000 ---p 00000000 00:00 0 
7fef40000000-7fef40656000 rw-p 00000000 00:00 0 
7fef40656000-7fef44000000 ---p 00000000 00:00 0 
7fef44000000-7fef44021000 rw-p 00000000 00:00 0 
7fef44021000-7fef48000000 ---p 00000000 00:00 0 
7fef48000000-7fef48021000 rw-p 00000000 00:00 0 
7fef48021000-7fef4c000000 ---p 00000000 00:00 0 
7fef4c000000-7fef4cda8000 rw-p 00000000 00:00 0 
7fef4cda8000-7fef50000000 ---p 00000000 00:00 0 
7fef50000000-7fef50021000 rw-p 00000000 00:00 0 
7fef50021000-7fef54000000 ---p 00000000 00:00 0 
7fef54000000-7fef54021000 rw-p 00000000 00:00 0 
7fef54021000-7fef58000000 ---p 00000000 00:00 0 
7fef58000000-7fef58021000 rw-p 00000000 00:00 0 
7fef58021000-7fef5c000000 ---p 00000000 00:00 0 
7fef5c000000-7fef5c021000 rw-p 00000000 00:00 0 
7fef5c021000-7fef60000000 ---p 00000000 00:00 0 
7fef60000000-7fef60021000 rw-p 00000000 00:00 0 
7fef60021000-7fef64000000 ---p 00000000 00:00 0 
7fef65531000-7fef65534000 ---p 00000000 00:00 0 
7fef65534000-7fef65632000 rw-p 00000000 00:00 0 
7fef65632000-7fef65d32000 rw-s 00006000 00:05 10225                      /dev/ati/card0
7fef65d32000-7fef67c8c000 r-xp 00000000 08:03 19009510                   /usr/lib/fglrx/dri/fglrx_dri.so
7fef67c8c000-7fef67d8c000 ---p 01f5a000 08:03 19009510                   /usr/lib/fglrx/dri/fglrx_dri.so
7fef67d8c000-7fef67eda000 rwxp 01f5a000 08:03 19009510                   /usr/lib/fglrx/dri/fglrx_dri.so
7fef67eda000-7fef68000000 rwxp 00000000 00:00 0 
7fef68000000-7fef68021000 rw-p 00000000 00:00 0 
7fef68021000-7fef6c000000 ---p 00000000 00:00 0 
7fef6c0e8000-7fef6c0eb000 ---p 00000000 00:00 0 
7fef6c0eb000-7fef6c1e9000 rw-p 00000000 00:00 0 
7fef6c1e9000-7fef6c1ec000 r-xp 00000000 08:03 15602613                   /home/arwilczek90/workspace/Elements/lib/slick/libjinput-linux64.so
7fef6c1ec000-7fef6c2eb000 ---p 00003000 08:03 15602613                   /home/arwilczek90/workspace/Elements/lib/slick/libjinput-linux64.so
7fef6c2eb000-7fef6c2ec000 rw-p 00002000 08:03 15602613                   /home/arwilczek90/workspace/Elements/lib/slick/libjinput-linux64.so
7fef6c2ec000-7fef6c2ef000 ---p 00000000 00:00 0 
7fef6c2ef000-7fef6c3ed000 rw-p 00000000 00:00 0 
7fef6c42d000-7fef6c42f000 r-xp 00000000 08:03 18488267                   /usr/lib/x86_64-linux-gnu/libXinerama.so.1.0.0
7fef6c42f000-7fef6c62e000 ---p 00002000 08:03 18488267                   /usr/lib/x86_64-linux-gnu/libXinerama.so.1.0.0
7fef6c62e000-7fef6c62f000 r--p 00001000 08:03 18488267                   /usr/lib/x86_64-linux-gnu/libXinerama.so.1.0.0
7fef6c62f000-7fef6c630000 rw-p 00002000 08:03 18488267                   /usr/lib/x86_64-linux-gnu/libXinerama.so.1.0.0
7fef6c630000-7fef6c66b000 r-xp 00000000 08:03 19009508                   /usr/lib/fglrx/libatiadlxx.so
7fef6c66b000-7fef6c76b000 ---p 0003b000 08:03 19009508                   /usr/lib/fglrx/libatiadlxx.so
7fef6c76b000-7fef6c774000 rw-p 0003b000 08:03 19009508                   /usr/lib/fglrx/libatiadlxx.so
7fef6c774000-7fef6c785000 rw-p 00000000 00:00 0 
7fef6c78d000-7fef6c78f000 r--s 00015000 08:03 15598514                   /home/arwilczek90/workspace/Elements/lib/slick/lib/tinylinepp.jar
7fef6c78f000-7fef6c792000 r--s 00015000 08:03 15598512                   /home/arwilczek90/workspace/Elements/lib/slick/lib/slick-util.jar
7fef6c792000-7fef6c79a000 r--s 00067000 08:03 15598510                   /home/arwilczek90/workspace/Elements/lib/slick/lib/slick-sources.jar
7fef6c79a000-7fef6c79b000 r--s 00000000 08:03 15598509                   /home/arwilczek90/workspace/Elements/lib/slick/lib/slick-examples.jar
7fef6c79b000-7fef6c79c000 r--s 00003000 08:03 15598508                   /home/arwilczek90/workspace/Elements/lib/slick/lib/scalar.jar
7fef6c79c000-7fef6c79f000 r--s 00017000 08:03 15598507                   /home/arwilczek90/workspace/Elements/lib/slick/lib/pedigree.jar
7fef6c79f000-7fef6c7df000 rw-s f0300000 00:05 10225                      /dev/ati/card0
7fef6c7df000-7fef6c7e6000 r-xp 00000000 08:03 19009532                   /usr/lib/fglrx/libatiuki.so.1.0
7fef6c7e6000-7fef6c8e6000 ---p 00007000 08:03 19009532                   /usr/lib/fglrx/libatiuki.so.1.0
7fef6c8e6000-7fef6c8e7000 rw-p 00007000 08:03 19009532                   /usr/lib/fglrx/libatiuki.so.1.0
7fef6c8e7000-7fef6c8e8000 rw-p 00000000 00:00 0 
7fef6c8ea000-7fef6c8f5000 r--s 00093000 08:03 15598513                   /home/arwilczek90/workspace/Elements/lib/slick/lib/slick.jar
7fef6c8f5000-7fef6c8f7000 r--s 00004000 08:03 15598506                   /home/arwilczek90/workspace/Elements/lib/slick/lib/packulike.jar
7fef6c8f7000-7fef6c8f8000 r--s 00043000 08:03 15598505                   /home/arwilczek90/workspace/Elements/lib/slick/lib/natives-win32.jar
7fef6c8f8000-7fef6c8fa000 r--s 00033000 08:03 15598504                   /home/arwilczek90/workspace/Elements/lib/slick/lib/natives-mac.jar
7fef6c8fa000-7fef6c8fb000 r--s 0003d000 08:03 15598503                   /home/arwilczek90/workspace/Elements/lib/slick/lib/natives-linux.jar
7fef6c8fb000-7fef6c902000 r--s 00073000 08:03 15598502                   /home/arwilczek90/workspace/Elements/lib/slick/lib/lwjgl.jar
7fef6c902000-7fef6c9c5000 r-xp 00000000 08:03 19009512                   /usr/lib/fglrx/libGL.so.1.2
7fef6c9c5000-7fef6cac4000 ---p 000c3000 08:03 19009512                   /usr/lib/fglrx/libGL.so.1.2
7fef6cac4000-7fef6caeb000 rwxp 000c2000 08:03 19009512                   /usr/lib/fglrx/libGL.so.1.2
7fef6caeb000-7fef6cb0b000 rwxp 00000000 00:00 0 
7fef6cb0b000-7fef6cb0c000 r-xp 00000000 08:03 18618886                   /usr/lib/jvm/java-6-openjdk-amd64/jre/lib/amd64/libjawt.so
7fef6cb0c000-7fef6cd0b000 ---p 00001000 08:03 18618886                   /usr/lib/jvm/java-6-openjdk-amd64/jre/lib/amd64/libjawt.so
7fef6cd0b000-7fef6cd0c000 r--p 00000000 08:03 18618886                   /usr/lib/jvm/java-6-openjdk-amd64/jre/lib/amd64/libjawt.so
7fef6cd0c000-7fef6cd0d000 rw-p 00001000 08:03 18618886                   /usr/lib/jvm/java-6-openjdk-amd64/jre/lib/amd64/libjawt.so
7fef6cd0d000-7fef6cd11000 r-xp 00000000 08:03 18488287                   /usr/lib/x86_64-linux-gnu/libXxf86vm.so.1.0.0
7fef6cd11000-7fef6cf10000 ---p 00004000 08:03 18488287                   /usr/lib/x86_64-linux-gnu/libXxf86vm.so.1.0.0
7fef6cf10000-7fef6cf11000 r--p 00003000 08:03 18488287                   /usr/lib/x86_64-linux-gnu/libXxf86vm.so.1.0.0
7fef6cf11000-7fef6cf12000 rw-p 00004000 08:03 18488287                   /usr/lib/x86_64-linux-gnu/libXxf86vm.so.1.0.0
7fef6cf12000-7fef6cf1a000 r-xp 00000000 08:03 18488277                   /usr/lib/x86_64-linux-gnu/libXrandr.so.2.2.0
7fef6cf1a000-7fef6d119000 ---p 00008000 08:03 18488277                   /usr/lib/x86_64-linux-gnu/libXrandr.so.2.2.0
7fef6d119000-7fef6d11a000 r--p 00007000 08:03 18488277                   /usr/lib/x86_64-linux-gnu/libXrandr.so.2.2.0
7fef6d11a000-7fef6d11b000 rw-p 00008000 08:03 18488277                   /usr/lib/x86_64-linux-gnu/libXrandr.so.2.2.0
7fef6d11b000-7fef6d15b000 r-xp 00000000 08:03 15602617                   /home/arwilczek90/workspace/Elements/lib/slick/liblwjgl64.so
7fef6d15b000-7fef6d25b000 ---p 00040000 08:03 15602617                   /home/arwilczek90/workspace/Elements/lib/slick/liblwjgl64.so
7fef6d25b000-7fef6d25d000 rw-p 00040000 08:03 15602617                   /home/arwilczek90/workspace/Elements/lib/slick/liblwjgl64.so
7fef6d25d000-7fef6d260000 ---p 00000000 00:00 0 
7fef6d260000-7fef6d35e000 rw-p 00000000 00:00 0 
7fef6d35e000-7fef6d363000 r-xp 00000000 08:03 18488261                   /usr/lib/x86_64-linux-gnu/libXfixes.so.3.1.0
7fef6d363000-7fef6d562000 ---p 00005000 08:03 18488261                   /usr/lib/x86_64-linux-gnu/libXfixes.so.3.1.0
7fef6d562000-7fef6d563000 r--p 00004000 08:03 18488261                   /usr/lib/x86_64-linux-gnu/libXfixes.so.3.1.0
7fef6d563000-7fef6d564000 rw-p 00005000 08:03 18488261                   /usr/lib/x86_64-linux-gnu/libXfixes.so.3.1.0
7fef6d564000-7fef6d56d000 r-xp 00000000 08:03 18488253                   /usr/lib/x86_64-linux-gnu/libXcursor.so.1.0.2
7fef6d56d000-7fef6d76c000 ---p 00009000 08:03 18488253                   /usr/lib/x86_64-linux-gnu/libXcursor.so.1.0.2
7fef6d76c000-7fef6d76d000 r--p 00008000 08:03 18488253                   /usr/lib/x86_64-linux-gnu/libXcursor.so.1.0.2
7fef6d76d000-7fef6d76e000 rw-p 00009000 08:03 18488253                   /usr/lib/x86_64-linux-gnu/libXcursor.so.1.0.2
7fef6d770000-7fef6d772000 r--s 0000d000 08:03 15598501                   /home/arwilczek90/workspace/Elements/lib/slick/lib/jorbis-0.0.15.jar
7fef6d772000-7fef6d773000 r--s 00001000 08:03 15598500                   /home/arwilczek90/workspace/Elements/lib/slick/lib/jogg-0.0.7.jar
7fef6d773000-7fef6d778000 r--s 0002f000 08:03 15598498                   /home/arwilczek90/workspace/Elements/lib/slick/lib/jinput.jar
7fef6d778000-7fef6d77a000 r--s 00008000 08:03 15598497                   /home/arwilczek90/workspace/Elements/lib/slick/lib/ibxm.jar
7fef6d77a000-7fef6d77d000 r--s 0005b000 08:03 15598496                   /home/arwilczek90/workspace/Elements/lib/slick/lib/hiero.jar
7fef6d77d000-7fef6d788000 r--s 00093000 08:03 15597692                   /home/arwilczek90/workspace/Elements/lib/slick.jar
7fef6d788000-7fef6d78b000 ---p 00000000 00:00 0 
7fef6d78b000-7fef6d889000 rw-p 00000000 00:00 0 
7fef6d889000-7fef6d91f000 r-xp 00000000 08:03 18488439                   /usr/lib/x86_64-linux-gnu/libfreetype.so.6.8.0
7fef6d91f000-7fef6db1e000 ---p 00096000 08:03 18488439                   /usr/lib/x86_64-linux-gnu/libfreetype.so.6.8.0
7fef6db1e000-7fef6db24000 r--p 00095000 08:03 18488439                   /usr/lib/x86_64-linux-gnu/libfreetype.so.6.8.0
7fef6db24000-7fef6db25000 rw-p 0009b000 08:03 18488439                   /usr/lib/x86_64-linux-gnu/libfreetype.so.6.8.0
7fef6db25000-7fef6db5f000 r-xp 00000000 08:03 18618871                   /usr/lib/jvm/java-6-openjdk-amd64/jre/lib/amd64/libfontmanager.so
7fef6db5f000-7fef6dd5e000 ---p 0003a000 08:03 18618871                   /usr/lib/jvm/java-6-openjdk-amd64/jre/lib/amd64/libfontmanager.so
7fef6dd5e000-7fef6dd60000 r--p 00039000 08:03 18618871                   /usr/lib/jvm/java-6-openjdk-amd64/jre/lib/amd64/libfontmanager.so
7fef6dd60000-7fef6dd61000 rw-p 0003b000 08:03 18618871                   /usr/lib/jvm/java-6-openjdk-amd64/jre/lib/amd64/libfontmanager.so
7fef6dd61000-7fef6dd66000 r-xp 00000000 08:03 18488257                   /usr/lib/x86_64-linux-gnu/libXdmcp.so.6.0.0
7fef6dd66000-7fef6df65000 ---p 00005000 08:03 18488257                   /usr/lib/x86_64-linux-gnu/libXdmcp.so.6.0.0
7fef6df65000-7fef6df66000 r--p 00004000 08:03 18488257                   /usr/lib/x86_64-linux-gnu/libXdmcp.so.6.0.0
7fef6df66000-7fef6df67000 rw-p 00005000 08:03 18488257                   /usr/lib/x86_64-linux-gnu/libXdmcp.so.6.0.0
7fef6df67000-7fef6df69000 r-xp 00000000 08:03 18488246                   /usr/lib/x86_64-linux-gnu/libXau.so.6.0.0
7fef6df69000-7fef6e168000 ---p 00002000 08:03 18488246                   /usr/lib/x86_64-linux-gnu/libXau.so.6.0.0
7fef6e168000-7fef6e169000 r--p 00001000 08:03 18488246                   /usr/lib/x86_64-linux-gnu/libXau.so.6.0.0
7fef6e169000-7fef6e16a000 rw-p 00002000 08:03 18488246                   /usr/lib/x86_64-linux-gnu/libXau.so.6.0.0
7fef6e16a000-7fef6e187000 r-xp 00000000 08:03 18488845                   /usr/lib/x86_64-linux-gnu/libxcb.so.1.1.0
7fef6e187000-7fef6e386000 ---p 0001d000 08:03 18488845                   /usr/lib/x86_64-linux-gnu/libxcb.so.1.1.0
7fef6e386000-7fef6e387000 r--p 0001c000 08:03 18488845                   /usr/lib/x86_64-linux-gnu/libxcb.so.1.1.0
7fef6e387000-7fef6e388000 rw-p 0001d000 08:03 18488845                   /usr/lib/x86_64-linux-gnu/libxcb.so.1.1.0
7fef6e388000-7fef6e396000 r-xp 00000000 08:03 18488265                   /usr/lib/x86_64-linux-gnu/libXi.so.6.1.0
7fef6e396000-7fef6e595000 ---p 0000e000 08:03 18488265                   /usr/lib/x86_64-linux-gnu/libXi.so.6.1.0
7fef6e595000-7fef6e596000 r--p 0000d000 08:03 18488265                   /usr/lib/x86_64-linux-gnu/libXi.so.6.1.0
7fef6e596000-7fef6e597000 rw-p 0000e000 08:03 18488265                   /usr/lib/x86_64-linux-gnu/libXi.so.6.1.0
7fef6e597000-7fef6e59c000 r-xp 00000000 08:03 18488283                   /usr/lib/x86_64-linux-gnu/libXtst.so.6.1.0
7fef6e59c000-7fef6e79b000 ---p 00005000 08:03 18488283                   /usr/lib/x86_64-linux-gnu/libXtst.so.6.1.0
7fef6e79b000-7fef6e79c000 r--p 00004000 08:03 18488283                   /usr/lib/x86_64-linux-gnu/libXtst.so.6.1.0
7fef6e79c000-7fef6e79d000 rw-p 00005000 08:03 18488283                   /usr/lib/x86_64-linux-gnu/libXtst.so.6.1.0
7fef6e79d000-7fef6e7a6000 r-xp 00000000 08:03 18488279                   /usr/lib/x86_64-linux-gnu/libXrender.so.1.3.0
7fef6e7a6000-7fef6e9a5000 ---p 00009000 08:03 18488279                   /usr/lib/x86_64-linux-gnu/libXrender.so.1.3.0
7fef6e9a5000-7fef6e9a6000 r--p 00008000 08:03 18488279                   /usr/lib/x86_64-linux-gnu/libXrender.so.1.3.0
7fef6e9a6000-7fef6e9a7000 rw-p 00009000 08:03 18488279                   /usr/lib/x86_64-linux-gnu/libXrender.so.1.3.0
7fef6e9a7000-7fef6ead6000 r-xp 00000000 08:03 18488244                   /usr/lib/x86_64-linux-gnu/libX11.so.6.3.0
7fef6ead6000-7fef6ecd6000 ---p 0012f000 08:03 18488244                   /usr/lib/x86_64-linux-gnu/libX11.so.6.3.0
7fef6ecd6000-7fef6ecd7000 r--p 0012f000 08:03 18488244                   /usr/lib/x86_64-linux-gnu/libX11.so.6.3.0
7fef6ecd7000-7fef6ecdb000 rw-p 00130000 08:03 18488244                   /usr/lib/x86_64-linux-gnu/libX11.so.6.3.0
7fef6ecdb000-7fef6eceb000 r-xp 00000000 08:03 18488259                   /usr/lib/x86_64-linux-gnu/libXext.so.6.4.0
7fef6eceb000-7fef6eeea000 ---p 00010000 08:03 18488259                   /usr/lib/x86_64-linux-gnu/libXext.so.6.4.0
7fef6eeea000-7fef6eeeb000 r--p 0000f000 08:03 18488259                   /usr/lib/x86_64-linux-gnu/libXext.so.6.4.0
7fef6eeeb000-7fef6eeec000 rw-p 00010000 08:03 18488259                   /usr/lib/x86_64-linux-gnu/libXext.so.6.4.0
7fef6eeec000-7fef6ef37000 r-xp 00000000 08:03 18618972                   /usr/lib/jvm/java-6-openjdk-amd64/jre/lib/amd64/xawt/libmawt.so
7fef6ef37000-7fef6f137000 ---p 0004b000 08:03 18618972                   /usr/lib/jvm/java-6-openjdk-amd64/jre/lib/amd64/xawt/libmawt.so
7fef6f137000-7fef6f138000 r--p 0004b000 08:03 18618972                   /usr/lib/jvm/java-6-openjdk-amd64/jre/lib/amd64/xawt/libmawt.so
7fef6f138000-7fef6f13b000 rw-p 0004c000 08:03 18618972                   /usr/lib/jvm/java-6-openjdk-amd64/jre/lib/amd64/xawt/libmawt.so
7fef6f13b000-7fef6f13c000 rw-p 00000000 00:00 0 
7fef6f13c000-7fef6f1e8000 r-xp 00000000 08:03 18618874                   /usr/lib/jvm/java-6-openjdk-amd64/jre/lib/amd64/libawt.so
7fef6f1e8000-7fef6f3e7000 ---p 000ac000 08:03 18618874                   /usr/lib/jvm/java-6-openjdk-amd64/jre/lib/amd64/libawt.so
7fef6f3e7000-7fef6f3e8000 r--p 000ab000 08:03 18618874                   /usr/lib/jvm/java-6-openjdk-amd64/jre/lib/amd64/libawt.so
7fef6f3e8000-7fef6f3f3000 rw-p 000ac000 08:03 18618874                   /usr/lib/jvm/java-6-openjdk-amd64/jre/lib/amd64/libawt.so
7fef6f3f3000-7fef6f418000 rw-p 00000000 00:00 0 
7fef6f418000-7fef6f419000 ---p 00000000 00:00 0 
7fef6f419000-7fef6f519000 rw-p 00000000 00:00 0 
7fef6f519000-7fef6f51c000 ---p 00000000 00:00 0 
7fef6f51c000-7fef6f61a000 rw-p 00000000 00:00 0 
7fef6f61a000-7fef6f61d000 ---p 00000000 00:00 0 
7fef6f61d000-7fef6f71b000 rw-p 00000000 00:00 0 
7fef6f71b000-7fef6f71e000 ---p 00000000 00:00 0 
7fef6f71e000-7fef6f81c000 rw-p 00000000 00:00 0 
7fef6f81c000-7fef6f81f000 ---p 00000000 00:00 0 
7fef6f81f000-7fef6f91d000 rw-p 00000000 00:00 0 
7fef6f91d000-7fef70000000 r--p 00000000 08:03 18487587                   /usr/lib/locale/locale-archive
7fef70000000-7fef70021000 rw-p 00000000 00:00 0 
7fef70021000-7fef74000000 ---p 00000000 00:00 0 
7fef74000000-7fef74001000 r--s 00001000 08:03 15598499                   /home/arwilczek90/workspace/Elements/lib/slick/lib/jnlp.jar
7fef74001000-7fef74002000 r--s 00007000 08:03 15597697                   /home/arwilczek90/workspace/Elements/lib/slick/applet/lwjgl_util_applet.jar
7fef74002000-7fef74003000 rw-s 00005000 00:05 10225                      /dev/ati/card0
7fef74003000-7fef7400a000 r--s 000fb000 08:03 18618812                   /usr/lib/jvm/java-6-openjdk-common/jre/lib/resources.jar
7fef7400a000-7fef7400b000 r--s 00000000 08:03 19927127                   /var/cache/fontconfig/c05880de57d1f5e948fdfacc138775d9-le64.cache-3
7fef7400b000-7fef74014000 r--s 00000000 08:03 19927122                   /var/cache/fontconfig/945677eb7aeaf62f1d50efc3fb3ec7d8-le64.cache-3
7fef74014000-7fef74016000 r--s 00000000 08:03 19927123                   /var/cache/fontconfig/99e8ed0e538f840c565b6ed5dad60d56-le64.cache-3
7fef74016000-7fef7401a000 r--s 00000000 08:03 19927109                   /var/cache/fontconfig/2cd17615ca594fa2959ae173292e504c-le64.cache-3
7fef7401a000-7fef7401b000 r--s 00000000 08:03 19927134                   /var/cache/fontconfig/e7071f4a29fa870f4323321c154eba04-le64.cache-3
7fef7401b000-7fef7401c000 r--s 00000000 08:03 19927107                   /var/cache/fontconfig/0d8c3b2ac0904cb8a57a757ad11a4a08-le64.cache-3
7fef7401c000-7fef74022000 r--s 00000000 08:03 19927124                   /var/cache/fontconfig/a755afe4a08bf5b97852ceb7400b47bc-le64.cache-3
7fef74022000-7fef7402b000 r--s 00000000 08:03 19927460                   /var/cache/fontconfig/6d41288fd70b0be22e8c3a91e032eec0-le64.cache-3
7fef7402b000-7fef7403b000 r--s 00000000 08:03 19927106                   /var/cache/fontconfig/04aabc0a78ac019cf9454389977116d2-le64.cache-3
7fef7403b000-7fef7403e000 r--s 00000000 08:03 19927112                   /var/cache/fontconfig/385c0604a188198f04d133e54aba7fe7-le64.cache-3
7fef7403e000-7fef7403f000 r--s 00000000 08:03 19927113                   /var/cache/fontconfig/4794a0821666d79190d59a36cb4f44b5-le64.cache-3
7fef7403f000-7fef74042000 r--s 00000000 08:03 19927121                   /var/cache/fontconfig/8801497958630a81b71ace7c5f9b32a8-le64.cache-3
7fef74042000-7fef74070000 r--s 00000000 08:03 19927454                   /var/cache/fontconfig/365b55f210c0a22e9a19e35191240f32-le64.cache-3
7fef74070000-7fef74075000 r--s 00000000 08:03 19927110                   /var/cache/fontconfig/3047814df9a2f067bd2d96a2b9c36e5a-le64.cache-3
7fef74075000-7fef74076000 r--s 00000000 08:03 19927115                   /var/cache/fontconfig/56cf4f4769d0f4abc89a4895d7bd3ae1-le64.cache-3
7fef74076000-7fef74077000 r--s 00000000 08:03 19927126                   /var/cache/fontconfig/b9d506c9ac06c20b433354fa67a72993-le64.cache-3
7fef74077000-7fef7407c000 r--s 00000000 08:03 19927125                   /var/cache/fontconfig/b47c4e1ecd0709278f4910c18777a504-le64.cache-3
7fef7407c000-7fef7408c000 r--s 00000000 08:03 19927130                   /var/cache/fontconfig/d52a8644073d54c13679302ca1180695-le64.cache-3
7fef7408c000-7fef7408f000 r--s 00000000 08:03 19927196                   /var/cache/fontconfig/e13b20fdb08344e0e664864cc2ede53d-le64.cache-3
7fef7408f000-7fef74093000 r--s 00000000 08:03 19927452                   /var/cache/fontconfig/7ef2298fde41cc6eeb7af42e48b7d293-le64.cache-3
7fef74093000-7fef74094000 r--s 00000000 08:03 19927127                   /var/cache/fontconfig/c05880de57d1f5e948fdfacc138775d9-le64.cache-3
7fef74094000-7fef7409d000 r--s 00000000 08:03 19927122                   /var/cache/fontconfig/945677eb7aeaf62f1d50efc3fb3ec7d8-le64.cache-3
7fef7409d000-7fef7409f000 r--s 00000000 08:03 19927123                   /var/cache/fontconfig/99e8ed0e538f840c565b6ed5dad60d56-le64.cache-3
7fef7409f000-7fef740a3000 r--s 00000000 08:03 19927109                   /var/cache/fontconfig/2cd17615ca594fa2959ae173292e504c-le64.cache-3
7fef740a3000-7fef740a4000 r--s 00000000 08:03 19927134                   /var/cache/fontconfig/e7071f4a29fa870f4323321c154eba04-le64.cache-3
7fef740a4000-7fef740a5000 r--s 00000000 08:03 19927107                   /var/cache/fontconfig/0d8c3b2ac0904cb8a57a757ad11a4a08-le64.cache-3
7fef740a5000-7fef740ab000 r--s 00000000 08:03 19927124                   /var/cache/fontconfig/a755afe4a08bf5b97852ceb7400b47bc-le64.cache-3
7fef740ab000-7fef740b4000 r--s 00000000 08:03 19927460                   /var/cache/fontconfig/6d41288fd70b0be22e8c3a91e032eec0-le64.cache-3
7fef740b4000-7fef740c4000 r--s 00000000 08:03 19927106                   /var/cache/fontconfig/04aabc0a78ac019cf9454389977116d2-le64.cache-3
7fef740c4000-7fef740c7000 r--s 00000000 08:03 19927112                   /var/cache/fontconfig/385c0604a188198f04d133e54aba7fe7-le64.cache-3
7fef740c7000-7fef740f5000 r--s 00000000 08:03 19927454                   /var/cache/fontconfig/365b55f210c0a22e9a19e35191240f32-le64.cache-3
7fef740f5000-7fef740f8000 ---p 00000000 00:00 0 
7fef740f8000-7fef741f6000 rw-p 00000000 00:00 0 
7fef741f6000-7fef741f9000 ---p 00000000 00:00 0 
7fef741f9000-7fef742f7000 rw-p 00000000 00:00 0 
7fef742f7000-7fef742f8000 ---p 00000000 00:00 0 
7fef742f8000-7fef748fd000 rw-p 00000000 00:00 0 
7fef748fd000-7fef74a8f000 r--s 037bf000 08:03 18618843                   /usr/lib/jvm/java-6-openjdk-amd64/jre/lib/rt.jar
7fef74a8f000-7fef74a90000 ---p 00000000 00:00 0 
7fef74a90000-7fef74b90000 rw-p 00000000 00:00 0 
7fef74b90000-7fef74b91000 ---p 00000000 00:00 0 
7fef74b91000-7fef74c91000 rw-p 00000000 00:00 0 
7fef74c91000-7fef74c92000 ---p 00000000 00:00 0 
7fef74c92000-7fef74db9000 rw-p 00000000 00:00 0 
7fef74db9000-7fef75000000 rw-p 00000000 00:00 0 
7fef75000000-7fef75270000 rwxp 00000000 00:00 0 
7fef75270000-7fef78d68000 rw-p 00000000 00:00 0 
7fef78d68000-7fef7c000000 ---p 00000000 00:00 0 
7fef7c000000-7fef7c001000 r--s 00000000 08:03 19927113                   /var/cache/fontconfig/4794a0821666d79190d59a36cb4f44b5-le64.cache-3
7fef7c001000-7fef7c004000 r--s 00000000 08:03 19927121                   /var/cache/fontconfig/8801497958630a81b71ace7c5f9b32a8-le64.cache-3
7fef7c004000-7fef7c014000 r--s 00000000 08:03 19927130                   /var/cache/fontconfig/d52a8644073d54c13679302ca1180695-le64.cache-3
7fef7c014000-7fef7c06f000 rw-p 00000000 00:00 0 
7fef7c06f000-7fef7c070000 ---p 00000000 00:00 0 
7fef7c070000-7fef7c17b000 rw-p 00000000 00:00 0 
7fef7c17b000-7fef7c1c3000 rw-p 00000000 00:00 0 
7fef7c1c3000-7fef7c1ce000 rw-p 00000000 00:00 0 
7fef7c1ce000-7fef7c216000 rw-p 00000000 00:00 0 
7fef7c216000-7fef7c23d000 rw-p 00000000 00:00 0 
7fef7c23d000-7fef7c484000 rw-p 00000000 00:00 0 
7fef7c484000-7fef7c498000 rw-p 00000000 00:00 0 
7fef7c498000-7fef7c5bb000 rw-p 00000000 00:00 0 
7fef7c5bb000-7fef7c5bc000 rw-p 00000000 00:00 0 
7fef7c5bc000-7fef7c5c3000 r-xp 00000000 08:03 18618888                   /usr/lib/jvm/java-6-openjdk-amd64/jre/lib/amd64/libzip.so
7fef7c5c3000-7fef7c7c2000 ---p 00007000 08:03 18618888                   /usr/lib/jvm/java-6-openjdk-amd64/jre/lib/amd64/libzip.so
7fef7c7c2000-7fef7c7c3000 r--p 00006000 08:03 18618888                   /usr/lib/jvm/java-6-openjdk-amd64/jre/lib/amd64/libzip.so
7fef7c7c3000-7fef7c7c4000 rw-p 00007000 08:03 18618888                   /usr/lib/jvm/java-6-openjdk-amd64/jre/lib/amd64/libzip.so
7fef7c7c4000-7fef7c7d0000 r-xp 00000000 08:03 21758081                   /lib/x86_64-linux-gnu/libnss_files-2.15.so
7fef7c7d0000-7fef7c9cf000 ---p 0000c000 08:03 21758081                   /lib/x86_64-linux-gnu/libnss_files-2.15.so
7fef7c9cf000-7fef7c9d0000 r--p 0000b000 08:03 21758081                   /lib/x86_64-linux-gnu/libnss_files-2.15.so
7fef7c9d0000-7fef7c9d1000 rw-p 0000c000 08:03 21758081                   /lib/x86_64-linux-gnu/libnss_files-2.15.so
7fef7c9d1000-7fef7c9db000 r-xp 00000000 08:03 21758077                   /lib/x86_64-linux-gnu/libnss_nis-2.15.so
7fef7c9db000-7fef7cbdb000 ---p 0000a000 08:03 21758077                   /lib/x86_64-linux-gnu/libnss_nis-2.15.so
7fef7cbdb000-7fef7cbdc000 r--p 0000a000 08:03 21758077                   /lib/x86_64-linux-gnu/libnss_nis-2.15.so
7fef7cbdc000-7fef7cbdd000 rw-p 0000b000 08:03 21758077                   /lib/x86_64-linux-gnu/libnss_nis-2.15.so
7fef7cbdd000-7fef7cbf4000 r-xp 00000000 08:03 21761730                   /lib/x86_64-linux-gnu/libnsl-2.15.so
7fef7cbf4000-7fef7cdf3000 ---p 00017000 08:03 21761730                   /lib/x86_64-linux-gnu/libnsl-2.15.so
7fef7cdf3000-7fef7cdf4000 r--p 00016000 08:03 21761730                   /lib/x86_64-linux-gnu/libnsl-2.15.so
7fef7cdf4000-7fef7cdf5000 rw-p 00017000 08:03 21761730                   /lib/x86_64-linux-gnu/libnsl-2.15.so
7fef7cdf5000-7fef7cdf7000 rw-p 00000000 00:00 0 
7fef7cdf7000-7fef7cdff000 r-xp 00000000 08:03 21758082                   /lib/x86_64-linux-gnu/libnss_compat-2.15.so
7fef7cdff000-7fef7cffe000 ---p 00008000 08:03 21758082                   /lib/x86_64-linux-gnu/libnss_compat-2.15.so
7fef7cffe000-7fef7cfff000 r--p 00007000 08:03 21758082                   /lib/x86_64-linux-gnu/libnss_compat-2.15.so
7fef7cfff000-7fef7d000000 rw-p 00008000 08:03 21758082                   /lib/x86_64-linux-gnu/libnss_compat-2.15.so
7fef7d000000-7fef7d02c000 r-xp 00000000 08:03 18618873                   /usr/lib/jvm/java-6-openjdk-amd64/jre/lib/amd64/libjava.so
7fef7d02c000-7fef7d22b000 ---p 0002c000 08:03 18618873                   /usr/lib/jvm/java-6-openjdk-amd64/jre/lib/amd64/libjava.so
7fef7d22b000-7fef7d22c000 r--p 0002b000 08:03 18618873                   /usr/lib/jvm/java-6-openjdk-amd64/jre/lib/amd64/libjava.so
7fef7d22c000-7fef7d22f000 rw-p 0002c000 08:03 18618873                   /usr/lib/jvm/java-6-openjdk-amd64/jre/lib/amd64/libjava.so
7fef7d22f000-7fef7d23d000 r-xp 00000000 08:03 18618872                   /usr/lib/jvm/java-6-openjdk-amd64/jre/lib/amd64/libverify.so
7fef7d23d000-7fef7d43c000 ---p 0000e000 08:03 18618872                   /usr/lib/jvm/java-6-openjdk-amd64/jre/lib/amd64/libverify.so
7fef7d43c000-7fef7d43e000 r--p 0000d000 08:03 18618872                   /usr/lib/jvm/java-6-openjdk-amd64/jre/lib/amd64/libverify.so
7fef7d43e000-7fef7d43f000 rw-p 0000f000 08:03 18618872                   /usr/lib/jvm/java-6-openjdk-amd64/jre/lib/amd64/libverify.so
7fef7d43f000-7fef7d446000 r-xp 00000000 08:03 21758075                   /lib/x86_64-linux-gnu/librt-2.15.so
7fef7d446000-7fef7d645000 ---p 00007000 08:03 21758075                   /lib/x86_64-linux-gnu/librt-2.15.so
7fef7d645000-7fef7d646000 r--p 00006000 08:03 21758075                   /lib/x86_64-linux-gnu/librt-2.15.so
7fef7d646000-7fef7d647000 rw-p 00007000 08:03 21758075                   /lib/x86_64-linux-gnu/librt-2.15.so
7fef7d647000-7fef7d65c000 r-xp 00000000 08:03 21761542                   /lib/x86_64-linux-gnu/libgcc_s.so.1
7fef7d65c000-7fef7d85b000 ---p 00015000 08:03 21761542                   /lib/x86_64-linux-gnu/libgcc_s.so.1
7fef7d85b000-7fef7d85c000 r--p 00014000 08:03 21761542                   /lib/x86_64-linux-gnu/libgcc_s.so.1
7fef7d85c000-7fef7d85d000 rw-p 00015000 08:03 21761542                   /lib/x86_64-linux-gnu/libgcc_s.so.1
7fef7d85d000-7fef7d956000 r-xp 00000000 08:03 21758079                   /lib/x86_64-linux-gnu/libm-2.15.so
7fef7d956000-7fef7db55000 ---p 000f9000 08:03 21758079                   /lib/x86_64-linux-gnu/libm-2.15.so
7fef7db55000-7fef7db56000 r--p 000f8000 08:03 21758079                   /lib/x86_64-linux-gnu/libm-2.15.so
7fef7db56000-7fef7db57000 rw-p 000f9000 08:03 21758079                   /lib/x86_64-linux-gnu/libm-2.15.so
7fef7db57000-7fef7dc39000 r-xp 00000000 08:03 18488773                   /usr/lib/x86_64-linux-gnu/libstdc++.so.6.0.16
7fef7dc39000-7fef7de38000 ---p 000e2000 08:03 18488773                   /usr/lib/x86_64-linux-gnu/libstdc++.so.6.0.16
7fef7de38000-7fef7de40000 r--p 000e1000 08:03 18488773                   /usr/lib/x86_64-linux-gnu/libstdc++.so.6.0.16
7fef7de40000-7fef7de42000 rw-p 000e9000 08:03 18488773                   /usr/lib/x86_64-linux-gnu/libstdc++.so.6.0.16
7fef7de42000-7fef7de57000 rw-p 00000000 00:00 0 
7fef7de57000-7fef7e75b000 r-xp 00000000 08:03 18618878                   /usr/lib/jvm/java-6-openjdk-amd64/jre/lib/amd64/server/libjvm.so
7fef7e75b000-7fef7e95b000 ---p 00904000 08:03 18618878                   /usr/lib/jvm/java-6-openjdk-amd64/jre/lib/amd64/server/libjvm.so
7fef7e95b000-7fef7e9db000 r--p 00904000 08:03 18618878                   /usr/lib/jvm/java-6-openjdk-amd64/jre/lib/amd64/server/libjvm.so
7fef7e9db000-7fef7e9f6000 rw-p 00984000 08:03 18618878                   /usr/lib/jvm/java-6-openjdk-amd64/jre/lib/amd64/server/libjvm.so
7fef7e9f6000-7fef7ea1f000 rw-p 00000000 00:00 0 
7fef7ea1f000-7fef7ea35000 r-xp 00000000 08:03 21761632                   /lib/x86_64-linux-gnu/libz.so.1.2.3.4
7fef7ea35000-7fef7ec34000 ---p 00016000 08:03 21761632                   /lib/x86_64-linux-gnu/libz.so.1.2.3.4
7fef7ec34000-7fef7ec35000 r--p 00015000 08:03 21761632                   /lib/x86_64-linux-gnu/libz.so.1.2.3.4
7fef7ec35000-7fef7ec36000 rw-p 00016000 08:03 21761632                   /lib/x86_64-linux-gnu/libz.so.1.2.3.4
7fef7ec36000-7fef7edeb000 r-xp 00000000 08:03 21757975                   /lib/x86_64-linux-gnu/libc-2.15.so
7fef7edeb000-7fef7efea000 ---p 001b5000 08:03 21757975                   /lib/x86_64-linux-gnu/libc-2.15.so
7fef7efea000-7fef7efee000 r--p 001b4000 08:03 21757975                   /lib/x86_64-linux-gnu/libc-2.15.so
7fef7efee000-7fef7eff0000 rw-p 001b8000 08:03 21757975                   /lib/x86_64-linux-gnu/libc-2.15.so
7fef7eff0000-7fef7eff5000 rw-p 00000000 00:00 0 
7fef7eff5000-7fef7eff7000 r-xp 00000000 08:03 21757964                   /lib/x86_64-linux-gnu/libdl-2.15.so
7fef7eff7000-7fef7f1f7000 ---p 00002000 08:03 21757964                   /lib/x86_64-linux-gnu/libdl-2.15.so
7fef7f1f7000-7fef7f1f8000 r--p 00002000 08:03 21757964                   /lib/x86_64-linux-gnu/libdl-2.15.so
7fef7f1f8000-7fef7f1f9000 rw-p 00003000 08:03 21757964                   /lib/x86_64-linux-gnu/libdl-2.15.so
7fef7f1f9000-7fef7f1fd000 r-xp 00000000 08:03 18618855                   /usr/lib/jvm/java-6-openjdk-amd64/jre/lib/amd64/jli/libjli.so
7fef7f1fd000-7fef7f3fc000 ---p 00004000 08:03 18618855                   /usr/lib/jvm/java-6-openjdk-amd64/jre/lib/amd64/jli/libjli.so
7fef7f3fc000-7fef7f3fd000 r--p 00003000 08:03 18618855                   /usr/lib/jvm/java-6-openjdk-amd64/jre/lib/amd64/jli/libjli.so
7fef7f3fd000-7fef7f3fe000 rw-p 00004000 08:03 18618855                   /usr/lib/jvm/java-6-openjdk-amd64/jre/lib/amd64/jli/libjli.so
7fef7f3fe000-7fef7f416000 r-xp 00000000 08:03 21758073                   /lib/x86_64-linux-gnu/libpthread-2.15.so
7fef7f416000-7fef7f615000 ---p 00018000 08:03 21758073                   /lib/x86_64-linux-gnu/libpthread-2.15.so
7fef7f615000-7fef7f616000 r--p 00017000 08:03 21758073                   /lib/x86_64-linux-gnu/libpthread-2.15.so
7fef7f616000-7fef7f617000 rw-p 00018000 08:03 21758073                   /lib/x86_64-linux-gnu/libpthread-2.15.so
7fef7f617000-7fef7f61b000 rw-p 00000000 00:00 0 
7fef7f61b000-7fef7f63d000 r-xp 00000000 08:03 21758085                   /lib/x86_64-linux-gnu/ld-2.15.so
7fef7f63d000-7fef7f63f000 rw-s 00002000 00:05 10225                      /dev/ati/card0
7fef7f63f000-7fef7f644000 r--s 00000000 08:03 19927110                   /var/cache/fontconfig/3047814df9a2f067bd2d96a2b9c36e5a-le64.cache-3
7fef7f644000-7fef7f645000 r--s 00000000 08:03 19927115                   /var/cache/fontconfig/56cf4f4769d0f4abc89a4895d7bd3ae1-le64.cache-3
7fef7f645000-7fef7f64a000 r--s 00000000 08:03 19927125                   /var/cache/fontconfig/b47c4e1ecd0709278f4910c18777a504-le64.cache-3
7fef7f64a000-7fef7f64d000 r--s 00000000 08:03 19927196                   /var/cache/fontconfig/e13b20fdb08344e0e664864cc2ede53d-le64.cache-3
7fef7f64d000-7fef7f651000 r--s 00000000 08:03 19927452                   /var/cache/fontconfig/7ef2298fde41cc6eeb7af42e48b7d293-le64.cache-3
7fef7f651000-7fef7f654000 r--s 0007d000 08:03 18618443                   /usr/lib/jvm/java-6-openjdk-common/jre/lib/jsse.jar
7fef7f654000-7fef7f65b000 r--s 00073000 08:03 15597691                   /home/arwilczek90/workspace/Elements/lib/lwjgl.jar
7fef7f65b000-7fef7f665000 rw-p 00000000 00:00 0 
7fef7f665000-7fef7f71b000 rw-p 00000000 00:00 0 
7fef7f71b000-7fef7f71e000 ---p 00000000 00:00 0 
7fef7f71e000-7fef7f821000 rw-p 00000000 00:00 0 
7fef7f821000-7fef7f822000 r--s 00000000 08:03 19927126                   /var/cache/fontconfig/b9d506c9ac06c20b433354fa67a72993-le64.cache-3
7fef7f822000-7fef7f824000 r--s 0000f000 08:03 18618803                   /usr/lib/jvm/java-6-openjdk-common/jre/lib/ext/pulse-java.jar
7fef7f824000-7fef7f827000 r--s 00077000 08:03 18618797                   /usr/lib/jvm/java-6-openjdk-common/jre/lib/ext/localedata.jar
7fef7f827000-7fef7f828000 r--s 00007000 08:03 18748229                   /usr/share/java/java-atk-wrapper.jar
7fef7f828000-7fef7f82a000 r--s 00001000 08:03 18618801                   /usr/lib/jvm/java-6-openjdk-common/jre/lib/ext/dnsns.jar
7fef7f82a000-7fef7f82e000 r--s 00038000 08:03 18618795                   /usr/lib/jvm/java-6-openjdk-common/jre/lib/ext/sunpkcs11.jar
7fef7f82e000-7fef7f831000 r--s 00031000 08:03 18618799                   /usr/lib/jvm/java-6-openjdk-common/jre/lib/ext/sunjce_provider.jar
7fef7f831000-7fef7f839000 rw-s 00000000 08:03 8126550                    /tmp/hsperfdata_arwilczek90/10747 (deleted)
7fef7f839000-7fef7f83a000 rw-p 00000000 00:00 0 
7fef7f83a000-7fef7f83b000 ---p 00000000 00:00 0 
7fef7f83b000-7fef7f83d000 rw-p 00000000 00:00 0 
7fef7f83d000-7fef7f83e000 r--p 00022000 08:03 21758085                   /lib/x86_64-linux-gnu/ld-2.15.so
7fef7f83e000-7fef7f840000 rw-p 00023000 08:03 21758085                   /lib/x86_64-linux-gnu/ld-2.15.so
7fffd0868000-7fffd0889000 rw-p 00000000 00:00 0                          [stack]
7fffd09ff000-7fffd0a00000 r-xp 00000000 00:00 0                          [vdso]
ffffffffff600000-ffffffffff601000 r-xp 00000000 00:00 0                  [vsyscall]

VM Arguments:
jvm_args: -Djava.library.path=/home/arwilczek90/workspace/Elements/lib/slick:/home/arwilczek90/workspace/Elements/lib/slick -Dfile.encoding=UTF-8 
java_command: com.hack.elements.view.Main
Launcher Type: SUN_STANDARD

Environment Variables:
PATH=/usr/lib/lightdm/lightdm:/usr/local/sbin:/usr/local/bin:/usr/sbin:/usr/bin:/sbin:/bin:/usr/games
LD_LIBRARY_PATH=/usr/lib/jvm/java-6-openjdk-amd64/jre/lib/amd64/server:/usr/lib/jvm/java-6-openjdk-amd64/jre/lib/amd64:/usr/lib/jvm/java-6-openjdk-amd64/jre/../lib/amd64
SHELL=/bin/bash
DISPLAY=:0.0

Signal Handlers:
SIGSEGV: [libjvm.so+0x784310], sa_mask[0]=0x7ffbfeff, sa_flags=0x10000004
SIGBUS: [libjvm.so+0x784310], sa_mask[0]=0x7ffbfeff, sa_flags=0x10000004
SIGFPE: [libjvm.so+0x648580], sa_mask[0]=0x7ffbfeff, sa_flags=0x10000004
SIGPIPE: [libjvm.so+0x648580], sa_mask[0]=0x7ffbfeff, sa_flags=0x10000004
SIGXFSZ: [libjvm.so+0x648580], sa_mask[0]=0x7ffbfeff, sa_flags=0x10000004
SIGILL: [libjvm.so+0x648580], sa_mask[0]=0x7ffbfeff, sa_flags=0x10000004
SIGUSR1: SIG_DFL, sa_mask[0]=0x00000000, sa_flags=0x00000000
SIGUSR2: [libjvm.so+0x648730], sa_mask[0]=0x00000004, sa_flags=0x10000004
SIGHUP: [libjvm.so+0x64b250], sa_mask[0]=0x7ffbfeff, sa_flags=0x10000004
SIGINT: [libjvm.so+0x64b250], sa_mask[0]=0x7ffbfeff, sa_flags=0x10000004
SIGTERM: [libjvm.so+0x64b250], sa_mask[0]=0x7ffbfeff, sa_flags=0x10000004
SIGQUIT: [libjvm.so+0x64b250], sa_mask[0]=0x7ffbfeff, sa_flags=0x10000004


---------------  S Y S T E M  ---------------

OS:Ubuntu 12.04 (precise)
uname:Linux 3.2.0-32-generic #51-Ubuntu SMP Wed Sep 26 21:33:09 UTC 2012 x86_64
libc:glibc 2.15 NPTL 2.15 
rlimit: STACK 8192k, CORE 0k, NPROC 59545, NOFILE 4096, AS infinity
load average:0.92 1.02 1.34

/proc/meminfo:
MemTotal:        7639648 kB
MemFree:         4182580 kB
Buffers:          109500 kB
Cached:          1118832 kB
SwapCached:            0 kB
Active:          2301584 kB
Inactive:         694608 kB
Active(anon):    1768692 kB
Inactive(anon):    15000 kB
Active(file):     532892 kB
Inactive(file):   679608 kB
Unevictable:          20 kB
Mlocked:              20 kB
SwapTotal:       3818492 kB
SwapFree:        3818492 kB
Dirty:               236 kB
Writeback:             0 kB
AnonPages:       1767928 kB
Mapped:           321152 kB
Shmem:             15832 kB
Slab:              92640 kB
SReclaimable:      61596 kB
SUnreclaim:        31044 kB
KernelStack:        4504 kB
PageTables:        36816 kB
NFS_Unstable:          0 kB
Bounce:                0 kB
WritebackTmp:          0 kB
CommitLimit:     7638316 kB
Committed_AS:    4668056 kB
VmallocTotal:   34359738367 kB
VmallocUsed:      116912 kB
VmallocChunk:   34359619344 kB
HardwareCorrupted:     0 kB
AnonHugePages:         0 kB
HugePages_Total:       0
HugePages_Free:        0
HugePages_Rsvd:        0
HugePages_Surp:        0
Hugepagesize:       2048 kB
DirectMap4k:      282624 kB
DirectMap2M:     5464064 kB
DirectMap1G:     2097152 kB


CPU:total 4 (4 cores per cpu, 1 threads per core) family 18 model 1 stepping 0, cmov, cx8, fxsr, mmx, sse, sse2, sse3, popcnt, mmxext, 3dnowpref, lzcnt, sse4a

Memory: 4k page, physical 7639648k(4182580k free), swap 3818492k(3818492k free)

vm_info: OpenJDK 64-Bit Server VM (20.0-b12) for linux-amd64 JRE (1.6.0_24-b24), built on Sep  2 2012 19:50:47 by "buildd" with gcc 4.6.3

time: Sat Oct 13 18:01:07 2012
elapsed time: 1122 seconds

