#
# A fatal error has been detected by the Java Runtime Environment:
#
#  SIGSEGV (0xb) at pc=0x00007f140db91c58, pid=26670, tid=139724132685568
#
# JRE version: 6.0_24-b24
# Java VM: OpenJDK 64-Bit Server VM (20.0-b12 mixed mode linux-amd64 compressed oops)
# Derivative: IcedTea6 1.11.4
# Distribution: Ubuntu 12.04 LTS, package 6b24-1.11.4-1ubuntu0.12.04.1
# Problematic frame:
# C  [libX11.so.6+0x33c58]  XQueryExtension+0x28
#
# If you would like to submit a bug report, please include
# instructions how to reproduce the bug and visit:
#   https://bugs.launchpad.net/ubuntu/+source/openjdk-6/
#

---------------  T H R E A D  ---------------

Current thread (0x00007f1414070000):  VMThread [stack: 0x00007f140f3b9000,0x00007f140f4ba000] [id=26680]

siginfo:si_signo=SIGSEGV: si_errno=0, si_code=1 (SEGV_MAPERR), si_addr=0x00000000142588b8

Registers:
RAX=0x00007f13f00008c0, RBX=0x0000000014257f50, RCX=0x00007f140f4b88d8, RDX=0x00007f140f4b88d4
RSP=0x00007f140f4b8870, RBP=0x00007f13ffa86932, RSI=0x00007f13ffa86932, RDI=0x0000000014257f50
R8 =0x00007f140f4b88dc, R9 =0x0000000000000000, R10=0x00007f141a121fa8, R11=0x00007f1419da1ca0
R12=0x0000000000000000, R13=0x00007f13ffa86932, R14=0x00007f13f00008c0, R15=0x0000000000000000
RIP=0x00007f140db91c58, EFLAGS=0x0000000000010202, CSGSFS=0x0000000000000033, ERR=0x0000000000000004
  TRAPNO=0x000000000000000e

Top of Stack: (sp=0x00007f140f4b8870)
0x00007f140f4b8870:   00007f1419d74790 00007f141a9539e8
0x00007f140f4b8880:   00007f141061f720 00007f141061f768
0x00007f140f4b8890:   00000000ffffffff 0000000014257f50
0x00007f140f4b88a0:   00007f13ffa86932 0000000000000000
0x00007f140f4b88b0:   00007f13ffa86932 00007f13f00008c0
0x00007f140f4b88c0:   0000000000000000 00007f140db85c55
0x00007f140f4b88d0:   00007f141a96e048 00007f13ffbbf520
0x00007f140f4b88e0:   00007f13ffbbf520 0000000014257f50
0x00007f140f4b88f0:   00007f14141792e0 00007f140de9f02b
0x00007f140f4b8900:   00007f1419d74790 000000110000002c
0x00007f140f4b8910:   00007f140f4b8990 0000000000000000
0x00007f140f4b8920:   00007f140f4b8990 0000000014257f50
0x00007f140f4b8930:   0000000000000000 00007f141a96e048
0x00007f140f4b8940:   00007f13ffbd8d50 00007f13ffa2d119
0x00007f140f4b8950:   0000000000000000 000000000000002c
0x00007f140f4b8960:   00007f140f4b8990 00007f140f4b89b0
0x00007f140f4b8970:   0000000000000000 00007f141a96e048
0x00007f140f4b8980:   00007f1414257ab0 00007f13ffa23b42
0x00007f140f4b8990:   00007f140f4b8b80 00007f13ffa868b1
0x00007f140f4b89a0:   00007f140f4b8b80 00007f141a75a92d
0x00007f140f4b89b0:   00007f141a96f2c8 00007f141a96f858
0x00007f140f4b89c0:   00007f141a953000 00007f1414006a00
0x00007f140f4b89d0:   00007f1414007510 00007f1414006eb0
0x00007f140f4b89e0:   00007f1414007a10 00007f141400c6f0
0x00007f140f4b89f0:   00007f1414123f40 00007f1414124420
0x00007f140f4b8a00:   00007f141a952000 00007f14142544b0
0x00007f140f4b8a10:   00007f141424ebe0 00007f141424f080
0x00007f140f4b8a20:   00007f1414254980 00007f1414254e20
0x00007f140f4b8a30:   00007f14142552c0 00007f14140e9840
0x00007f140f4b8a40:   00007f14140c6c00 00007f14140025e0
0x00007f140f4b8a50:   00007f1414001ec0 00000000009855f0
0x00007f140f4b8a60:   0000000000985b60 0000000000986570 

Instructions: (pc=0x00007f140db91c58)
0x00007f140db91c38:   24 d8 48 89 fb 4c 89 64 24 e0 4c 89 6c 24 e8 48
0x00007f140db91c48:   89 f5 4c 89 74 24 f0 4c 89 7c 24 f8 48 83 ec 58
0x00007f140db91c58:   48 8b 87 68 09 00 00 49 89 d4 49 89 cd 4d 89 c6
0x00007f140db91c68:   48 85 c0 74 02 ff 10 ba 08 00 00 00 be 62 00 00 

Register to memory mapping:

RAX=0x00007f13f00008c0 is an unknown value
RBX=0x0000000014257f50 is an unknown value
RCX=0x00007f140f4b88d8 is an unknown value
RDX=0x00007f140f4b88d4 is an unknown value
RSP=0x00007f140f4b8870 is an unknown value
RBP=0x00007f13ffa86932: <offset 0x96932> in /usr/lib/fglrx/libGL.so.1 at 0x00007f13ff9f0000
RSI=0x00007f13ffa86932: <offset 0x96932> in /usr/lib/fglrx/libGL.so.1 at 0x00007f13ff9f0000
RDI=0x0000000014257f50 is an unknown value
R8 =0x00007f140f4b88dc is an unknown value
R9 =0x0000000000000000 is an unknown value
R10=0x00007f141a121fa8: <offset 0x3bbfa8> in /lib/x86_64-linux-gnu/libc.so.6 at 0x00007f1419d66000
R11=0x00007f1419da1ca0: __cxa_finalize+0 in /lib/x86_64-linux-gnu/libc.so.6 at 0x00007f1419d66000
R12=0x0000000000000000 is an unknown value
R13=0x00007f13ffa86932: <offset 0x96932> in /usr/lib/fglrx/libGL.so.1 at 0x00007f13ff9f0000
R14=0x00007f13f00008c0 is an unknown value
R15=0x0000000000000000 is an unknown value


Stack: [0x00007f140f3b9000,0x00007f140f4ba000],  sp=0x00007f140f4b8870,  free space=1022k
Native frames: (J=compiled Java code, j=interpreted, Vv=VM code, C=native code)
C  [libX11.so.6+0x33c58]  XQueryExtension+0x28

VM_Operation (0x00007f141a94d680): Exit, mode: safepoint, requested by thread 0x00007f1414008800


---------------  P R O C E S S  ---------------

Java Threads: ( => current thread )
  0x00007f1414b1c800 JavaThread "Thread-2" daemon [_thread_blocked, id=26690, stack(0x00007f13fca1e000,0x00007f13fcb1f000)]
  0x00007f1414253800 JavaThread "AWT-XAWT" daemon [_thread_in_native, id=26689, stack(0x00007f140c361000,0x00007f140c462000)]
  0x00007f1414135000 JavaThread "Java2D Disposer" daemon [_thread_blocked, id=26688, stack(0x00007f140c93f000,0x00007f140ca40000)]
  0x00007f141409e800 JavaThread "Low Memory Detector" daemon [_thread_blocked, id=26686, stack(0x00007f140e6d0000,0x00007f140e7d1000)]
  0x00007f141409c000 JavaThread "C2 CompilerThread1" daemon [_thread_blocked, id=26685, stack(0x00007f140e7d1000,0x00007f140e8d2000)]
  0x00007f1414099800 JavaThread "C2 CompilerThread0" daemon [_thread_blocked, id=26684, stack(0x00007f140e8d2000,0x00007f140e9d3000)]
  0x00007f1414079000 JavaThread "Finalizer" daemon [_thread_blocked, id=26682, stack(0x00007f140f1b7000,0x00007f140f2b8000)]
  0x00007f1414077000 JavaThread "Reference Handler" daemon [_thread_blocked, id=26681, stack(0x00007f140f2b8000,0x00007f140f3b9000)]
  0x00007f1414008800 JavaThread "main" [_thread_blocked, id=26675, stack(0x00007f141a84e000,0x00007f141a94f000)]

Other Threads:
=>0x00007f1414070000 VMThread [stack: 0x00007f140f3b9000,0x00007f140f4ba000] [id=26680]

VM state:at safepoint (shutting down)

VM Mutex/Monitor currently owned by a thread:  ([mutex/lock_event])
[0x00007f1414004dd0] Threads_lock - owner thread: 0x00007f1414070000

Heap
 PSYoungGen      total 34880K, used 6604K [0x00000000d9200000, 0x00000000db8e0000, 0x0000000100000000)
  eden space 29952K, 22% used [0x00000000d9200000,0x00000000d98731b0,0x00000000daf40000)
  from space 4928K, 0% used [0x00000000db410000,0x00000000db410000,0x00000000db8e0000)
  to   space 4928K, 0% used [0x00000000daf40000,0x00000000daf40000,0x00000000db410000)
 PSOldGen        total 79616K, used 0K [0x000000008b600000, 0x00000000903c0000, 0x00000000d9200000)
  object space 79616K, 0% used [0x000000008b600000,0x000000008b600000,0x00000000903c0000)
 PSPermGen       total 21248K, used 9735K [0x0000000081000000, 0x00000000824c0000, 0x000000008b600000)
  object space 21248K, 45% used [0x0000000081000000,0x0000000081981e40,0x00000000824c0000)

Code Cache  [0x00007f14105bc000, 0x00007f141082c000, 0x00007f14135bc000)
 total_blobs=502 nmethods=26 adapters=430 free_code_cache=49720000 largest_free_block=18880

Dynamic libraries:
00400000-00409000 r-xp 00000000 08:03 18618890                           /usr/lib/jvm/java-6-openjdk-amd64/jre/bin/java
00608000-00609000 r--p 00008000 08:03 18618890                           /usr/lib/jvm/java-6-openjdk-amd64/jre/bin/java
00609000-0060a000 rw-p 00009000 08:03 18618890                           /usr/lib/jvm/java-6-openjdk-amd64/jre/bin/java
00985000-009a6000 rw-p 00000000 00:00 0                                  [heap]
81000000-824c0000 rw-p 00000000 00:00 0 
824c0000-8b600000 rw-p 00000000 00:00 0 
8b600000-903c0000 rw-p 00000000 00:00 0 
903c0000-d9200000 rw-p 00000000 00:00 0 
d9200000-db8e0000 rw-p 00000000 00:00 0 
db8e0000-100000000 rw-p 00000000 00:00 0 
7f13c0000000-7f13c0021000 rw-p 00000000 00:00 0 
7f13c0021000-7f13c4000000 ---p 00000000 00:00 0 
7f13c8000000-7f13c8021000 rw-p 00000000 00:00 0 
7f13c8021000-7f13cc000000 ---p 00000000 00:00 0 
7f13cc000000-7f13cc021000 rw-p 00000000 00:00 0 
7f13cc021000-7f13d0000000 ---p 00000000 00:00 0 
7f13d0000000-7f13d0021000 rw-p 00000000 00:00 0 
7f13d0021000-7f13d4000000 ---p 00000000 00:00 0 
7f13d4000000-7f13d4021000 rw-p 00000000 00:00 0 
7f13d4021000-7f13d8000000 ---p 00000000 00:00 0 
7f13d8000000-7f13d8021000 rw-p 00000000 00:00 0 
7f13d8021000-7f13dc000000 ---p 00000000 00:00 0 
7f13dc000000-7f13dc021000 rw-p 00000000 00:00 0 
7f13dc021000-7f13e0000000 ---p 00000000 00:00 0 
7f13e0000000-7f13e01bb000 rw-p 00000000 00:00 0 
7f13e01bb000-7f13e4000000 ---p 00000000 00:00 0 
7f13e4000000-7f13e4169000 rw-p 00000000 00:00 0 
7f13e4169000-7f13e8000000 ---p 00000000 00:00 0 
7f13e8000000-7f13e8021000 rw-p 00000000 00:00 0 
7f13e8021000-7f13ec000000 ---p 00000000 00:00 0 
7f13ec000000-7f13ec021000 rw-p 00000000 00:00 0 
7f13ec021000-7f13f0000000 ---p 00000000 00:00 0 
7f13f0000000-7f13f0021000 rw-p 00000000 00:00 0 
7f13f0021000-7f13f4000000 ---p 00000000 00:00 0 
7f13f4000000-7f13f4021000 rw-p 00000000 00:00 0 
7f13f4021000-7f13f8000000 ---p 00000000 00:00 0 
7f13f8000000-7f13f8021000 rw-p 00000000 00:00 0 
7f13f8021000-7f13fc000000 ---p 00000000 00:00 0 
7f13fc719000-7f13fc71c000 ---p 00000000 00:00 0 
7f13fc71c000-7f13fc81a000 rw-p 00000000 00:00 0 
7f13fc81a000-7f13fc81d000 ---p 00000000 00:00 0 
7f13fc81d000-7f13fc91b000 rw-p 00000000 00:00 0 
7f13fc91b000-7f13fc91e000 r-xp 00000000 08:03 15602669                   /home/arwilczek90/workspace/Elements/lib/slick/libjinput-linux64.so
7f13fc91e000-7f13fca1d000 ---p 00003000 08:03 15602669                   /home/arwilczek90/workspace/Elements/lib/slick/libjinput-linux64.so
7f13fca1d000-7f13fca1e000 rw-p 00002000 08:03 15602669                   /home/arwilczek90/workspace/Elements/lib/slick/libjinput-linux64.so
7f13fca1e000-7f13fca21000 ---p 00000000 00:00 0 
7f13fca21000-7f13fcb1f000 rw-p 00000000 00:00 0 
7f13fcb1f000-7f13fcb24000 r--s 0002f000 08:03 15598498                   /home/arwilczek90/workspace/Elements/lib/slick/lib/jinput.jar
7f13fcb24000-7f13fcb26000 r--s 00008000 08:03 15598497                   /home/arwilczek90/workspace/Elements/lib/slick/lib/ibxm.jar
7f13fcb26000-7f13fcb29000 r--s 0005b000 08:03 15598496                   /home/arwilczek90/workspace/Elements/lib/slick/lib/hiero.jar
7f13fcb29000-7f13fcb2a000 r--s 00007000 08:03 15597697                   /home/arwilczek90/workspace/Elements/lib/slick/applet/lwjgl_util_applet.jar
7f13fcb6a000-7f13fd26a000 rw-s 00006000 00:05 1762                       /dev/ati/card0
7f13fd26a000-7f13fd26c000 r-xp 00000000 08:03 18488267                   /usr/lib/x86_64-linux-gnu/libXinerama.so.1.0.0
7f13fd26c000-7f13fd46b000 ---p 00002000 08:03 18488267                   /usr/lib/x86_64-linux-gnu/libXinerama.so.1.0.0
7f13fd46b000-7f13fd46c000 r--p 00001000 08:03 18488267                   /usr/lib/x86_64-linux-gnu/libXinerama.so.1.0.0
7f13fd46c000-7f13fd46d000 rw-p 00002000 08:03 18488267                   /usr/lib/x86_64-linux-gnu/libXinerama.so.1.0.0
7f13fd46d000-7f13fd4a8000 r-xp 00000000 08:03 19009508                   /usr/lib/fglrx/libatiadlxx.so
7f13fd4a8000-7f13fd5a8000 ---p 0003b000 08:03 19009508                   /usr/lib/fglrx/libatiadlxx.so
7f13fd5a8000-7f13fd5b1000 rw-p 0003b000 08:03 19009508                   /usr/lib/fglrx/libatiadlxx.so
7f13fd5b1000-7f13fd5c2000 rw-p 00000000 00:00 0 
7f13fd5d9000-7f13fd619000 rw-s f0300000 00:05 1762                       /dev/ati/card0
7f13fd619000-7f13fd620000 r-xp 00000000 08:03 19009532                   /usr/lib/fglrx/libatiuki.so.1.0
7f13fd620000-7f13fd720000 ---p 00007000 08:03 19009532                   /usr/lib/fglrx/libatiuki.so.1.0
7f13fd720000-7f13fd721000 rw-p 00007000 08:03 19009532                   /usr/lib/fglrx/libatiuki.so.1.0
7f13fd721000-7f13fd722000 rw-p 00000000 00:00 0 
7f13fd722000-7f13ff67c000 r-xp 00000000 08:03 19009510                   /usr/lib/fglrx/dri/fglrx_dri.so
7f13ff67c000-7f13ff77c000 ---p 01f5a000 08:03 19009510                   /usr/lib/fglrx/dri/fglrx_dri.so
7f13ff77c000-7f13ff8ca000 rwxp 01f5a000 08:03 19009510                   /usr/lib/fglrx/dri/fglrx_dri.so
7f13ff8ca000-7f13ff9f0000 rwxp 00000000 00:00 0 
7f13ff9f0000-7f13ffab3000 r-xp 00000000 08:03 19009512                   /usr/lib/fglrx/libGL.so.1.2
7f13ffab3000-7f13ffbb2000 ---p 000c3000 08:03 19009512                   /usr/lib/fglrx/libGL.so.1.2
7f13ffbb2000-7f13ffbd9000 rwxp 000c2000 08:03 19009512                   /usr/lib/fglrx/libGL.so.1.2
7f13ffbd9000-7f13ffbf9000 rwxp 00000000 00:00 0 
7f13ffbf9000-7f13ffbfa000 r-xp 00000000 08:03 18618886                   /usr/lib/jvm/java-6-openjdk-amd64/jre/lib/amd64/libjawt.so
7f13ffbfa000-7f13ffdf9000 ---p 00001000 08:03 18618886                   /usr/lib/jvm/java-6-openjdk-amd64/jre/lib/amd64/libjawt.so
7f13ffdf9000-7f13ffdfa000 r--p 00000000 08:03 18618886                   /usr/lib/jvm/java-6-openjdk-amd64/jre/lib/amd64/libjawt.so
7f13ffdfa000-7f13ffdfb000 rw-p 00001000 08:03 18618886                   /usr/lib/jvm/java-6-openjdk-amd64/jre/lib/amd64/libjawt.so
7f13ffdfb000-7f13ffdff000 r-xp 00000000 08:03 18488287                   /usr/lib/x86_64-linux-gnu/libXxf86vm.so.1.0.0
7f13ffdff000-7f13ffffe000 ---p 00004000 08:03 18488287                   /usr/lib/x86_64-linux-gnu/libXxf86vm.so.1.0.0
7f13ffffe000-7f13fffff000 r--p 00003000 08:03 18488287                   /usr/lib/x86_64-linux-gnu/libXxf86vm.so.1.0.0
7f13fffff000-7f1400000000 rw-p 00004000 08:03 18488287                   /usr/lib/x86_64-linux-gnu/libXxf86vm.so.1.0.0
7f1400000000-7f1400021000 rw-p 00000000 00:00 0 
7f1400021000-7f1404000000 ---p 00000000 00:00 0 
7f1404000000-7f1404021000 rw-p 00000000 00:00 0 
7f1404021000-7f1408000000 ---p 00000000 00:00 0 
7f1408000000-7f1408021000 rw-p 00000000 00:00 0 
7f1408021000-7f140c000000 ---p 00000000 00:00 0 
7f140c016000-7f140c01e000 r-xp 00000000 08:03 18488277                   /usr/lib/x86_64-linux-gnu/libXrandr.so.2.2.0
7f140c01e000-7f140c21d000 ---p 00008000 08:03 18488277                   /usr/lib/x86_64-linux-gnu/libXrandr.so.2.2.0
7f140c21d000-7f140c21e000 r--p 00007000 08:03 18488277                   /usr/lib/x86_64-linux-gnu/libXrandr.so.2.2.0
7f140c21e000-7f140c21f000 rw-p 00008000 08:03 18488277                   /usr/lib/x86_64-linux-gnu/libXrandr.so.2.2.0
7f140c21f000-7f140c25f000 r-xp 00000000 08:03 15602671                   /home/arwilczek90/workspace/Elements/lib/slick/liblwjgl64.so
7f140c25f000-7f140c35f000 ---p 00040000 08:03 15602671                   /home/arwilczek90/workspace/Elements/lib/slick/liblwjgl64.so
7f140c35f000-7f140c361000 rw-p 00040000 08:03 15602671                   /home/arwilczek90/workspace/Elements/lib/slick/liblwjgl64.so
7f140c361000-7f140c364000 ---p 00000000 00:00 0 
7f140c364000-7f140c462000 rw-p 00000000 00:00 0 
7f140c462000-7f140c463000 r--s 00000000 08:03 19927127                   /var/cache/fontconfig/c05880de57d1f5e948fdfacc138775d9-le64.cache-3
7f140c463000-7f140c46c000 r--s 00000000 08:03 19927122                   /var/cache/fontconfig/945677eb7aeaf62f1d50efc3fb3ec7d8-le64.cache-3
7f140c46c000-7f140c46e000 r--s 00000000 08:03 19927123                   /var/cache/fontconfig/99e8ed0e538f840c565b6ed5dad60d56-le64.cache-3
7f140c46e000-7f140c472000 r--s 00000000 08:03 19927109                   /var/cache/fontconfig/2cd17615ca594fa2959ae173292e504c-le64.cache-3
7f140c472000-7f140c473000 r--s 00000000 08:03 19927134                   /var/cache/fontconfig/e7071f4a29fa870f4323321c154eba04-le64.cache-3
7f140c473000-7f140c474000 r--s 00000000 08:03 19927107                   /var/cache/fontconfig/0d8c3b2ac0904cb8a57a757ad11a4a08-le64.cache-3
7f140c474000-7f140c47a000 r--s 00000000 08:03 19927124                   /var/cache/fontconfig/a755afe4a08bf5b97852ceb7400b47bc-le64.cache-3
7f140c47a000-7f140c483000 r--s 00000000 08:03 19927460                   /var/cache/fontconfig/6d41288fd70b0be22e8c3a91e032eec0-le64.cache-3
7f140c483000-7f140c493000 r--s 00000000 08:03 19927106                   /var/cache/fontconfig/04aabc0a78ac019cf9454389977116d2-le64.cache-3
7f140c493000-7f140c496000 r--s 00000000 08:03 19927112                   /var/cache/fontconfig/385c0604a188198f04d133e54aba7fe7-le64.cache-3
7f140c496000-7f140c497000 r--s 00000000 08:03 19927113                   /var/cache/fontconfig/4794a0821666d79190d59a36cb4f44b5-le64.cache-3
7f140c497000-7f140c49a000 r--s 00000000 08:03 19927121                   /var/cache/fontconfig/8801497958630a81b71ace7c5f9b32a8-le64.cache-3
7f140c49a000-7f140c4c8000 r--s 00000000 08:03 19927454                   /var/cache/fontconfig/365b55f210c0a22e9a19e35191240f32-le64.cache-3
7f140c4d7000-7f140c4d9000 r--s 00015000 08:03 15598514                   /home/arwilczek90/workspace/Elements/lib/slick/lib/tinylinepp.jar
7f140c4d9000-7f140c4dc000 r--s 00015000 08:03 15598512                   /home/arwilczek90/workspace/Elements/lib/slick/lib/slick-util.jar
7f140c4dc000-7f140c4e4000 r--s 00067000 08:03 15598510                   /home/arwilczek90/workspace/Elements/lib/slick/lib/slick-sources.jar
7f140c4e4000-7f140c4e5000 r--s 00000000 08:03 15598509                   /home/arwilczek90/workspace/Elements/lib/slick/lib/slick-examples.jar
7f140c4e5000-7f140c4e8000 r--s 00017000 08:03 15598507                   /home/arwilczek90/workspace/Elements/lib/slick/lib/pedigree.jar
7f140c4e8000-7f140c4f3000 r--s 00093000 08:03 15598513                   /home/arwilczek90/workspace/Elements/lib/slick/lib/slick.jar
7f140c4f3000-7f140c4f5000 r--s 00004000 08:03 15598506                   /home/arwilczek90/workspace/Elements/lib/slick/lib/packulike.jar
7f140c4f5000-7f140c4fc000 r--s 00073000 08:03 15598502                   /home/arwilczek90/workspace/Elements/lib/slick/lib/lwjgl.jar
7f140c4fc000-7f140c501000 r-xp 00000000 08:03 18488261                   /usr/lib/x86_64-linux-gnu/libXfixes.so.3.1.0
7f140c501000-7f140c700000 ---p 00005000 08:03 18488261                   /usr/lib/x86_64-linux-gnu/libXfixes.so.3.1.0
7f140c700000-7f140c701000 r--p 00004000 08:03 18488261                   /usr/lib/x86_64-linux-gnu/libXfixes.so.3.1.0
7f140c701000-7f140c702000 rw-p 00005000 08:03 18488261                   /usr/lib/x86_64-linux-gnu/libXfixes.so.3.1.0
7f140c702000-7f140c70b000 r-xp 00000000 08:03 18488253                   /usr/lib/x86_64-linux-gnu/libXcursor.so.1.0.2
7f140c70b000-7f140c90a000 ---p 00009000 08:03 18488253                   /usr/lib/x86_64-linux-gnu/libXcursor.so.1.0.2
7f140c90a000-7f140c90b000 r--p 00008000 08:03 18488253                   /usr/lib/x86_64-linux-gnu/libXcursor.so.1.0.2
7f140c90b000-7f140c90c000 rw-p 00009000 08:03 18488253                   /usr/lib/x86_64-linux-gnu/libXcursor.so.1.0.2
7f140c90c000-7f140c90d000 r--s 00003000 08:03 15598508                   /home/arwilczek90/workspace/Elements/lib/slick/lib/scalar.jar
7f140c90d000-7f140c90e000 r--s 00043000 08:03 15598505                   /home/arwilczek90/workspace/Elements/lib/slick/lib/natives-win32.jar
7f140c90e000-7f140c910000 r--s 00033000 08:03 15598504                   /home/arwilczek90/workspace/Elements/lib/slick/lib/natives-mac.jar
7f140c910000-7f140c911000 r--s 0003d000 08:03 15598503                   /home/arwilczek90/workspace/Elements/lib/slick/lib/natives-linux.jar
7f140c911000-7f140c913000 r--s 0000d000 08:03 15598501                   /home/arwilczek90/workspace/Elements/lib/slick/lib/jorbis-0.0.15.jar
7f140c913000-7f140c914000 r--s 00001000 08:03 15598500                   /home/arwilczek90/workspace/Elements/lib/slick/lib/jogg-0.0.7.jar
7f140c914000-7f140c915000 r--s 00001000 08:03 15598499                   /home/arwilczek90/workspace/Elements/lib/slick/lib/jnlp.jar
7f140c915000-7f140c916000 rw-s 00005000 00:05 1762                       /dev/ati/card0
7f140c916000-7f140c918000 rw-s 00002000 00:05 1762                       /dev/ati/card0
7f140c918000-7f140c923000 r--s 00093000 08:03 15597692                   /home/arwilczek90/workspace/Elements/lib/slick.jar
7f140c923000-7f140c92a000 r--s 000fb000 08:03 18618812                   /usr/lib/jvm/java-6-openjdk-common/jre/lib/resources.jar
7f140c92a000-7f140c92f000 r--s 00000000 08:03 19927110                   /var/cache/fontconfig/3047814df9a2f067bd2d96a2b9c36e5a-le64.cache-3
7f140c92f000-7f140c93f000 r--s 00000000 08:03 19927130                   /var/cache/fontconfig/d52a8644073d54c13679302ca1180695-le64.cache-3
7f140c93f000-7f140c942000 ---p 00000000 00:00 0 
7f140c942000-7f140ca40000 rw-p 00000000 00:00 0 
7f140ca40000-7f140cad6000 r-xp 00000000 08:03 18488439                   /usr/lib/x86_64-linux-gnu/libfreetype.so.6.8.0
7f140cad6000-7f140ccd5000 ---p 00096000 08:03 18488439                   /usr/lib/x86_64-linux-gnu/libfreetype.so.6.8.0
7f140ccd5000-7f140ccdb000 r--p 00095000 08:03 18488439                   /usr/lib/x86_64-linux-gnu/libfreetype.so.6.8.0
7f140ccdb000-7f140ccdc000 rw-p 0009b000 08:03 18488439                   /usr/lib/x86_64-linux-gnu/libfreetype.so.6.8.0
7f140ccdc000-7f140cd16000 r-xp 00000000 08:03 18618871                   /usr/lib/jvm/java-6-openjdk-amd64/jre/lib/amd64/libfontmanager.so
7f140cd16000-7f140cf15000 ---p 0003a000 08:03 18618871                   /usr/lib/jvm/java-6-openjdk-amd64/jre/lib/amd64/libfontmanager.so
7f140cf15000-7f140cf17000 r--p 00039000 08:03 18618871                   /usr/lib/jvm/java-6-openjdk-amd64/jre/lib/amd64/libfontmanager.so
7f140cf17000-7f140cf18000 rw-p 0003b000 08:03 18618871                   /usr/lib/jvm/java-6-openjdk-amd64/jre/lib/amd64/libfontmanager.so
7f140cf18000-7f140cf1d000 r-xp 00000000 08:03 18488257                   /usr/lib/x86_64-linux-gnu/libXdmcp.so.6.0.0
7f140cf1d000-7f140d11c000 ---p 00005000 08:03 18488257                   /usr/lib/x86_64-linux-gnu/libXdmcp.so.6.0.0
7f140d11c000-7f140d11d000 r--p 00004000 08:03 18488257                   /usr/lib/x86_64-linux-gnu/libXdmcp.so.6.0.0
7f140d11d000-7f140d11e000 rw-p 00005000 08:03 18488257                   /usr/lib/x86_64-linux-gnu/libXdmcp.so.6.0.0
7f140d11e000-7f140d120000 r-xp 00000000 08:03 18488246                   /usr/lib/x86_64-linux-gnu/libXau.so.6.0.0
7f140d120000-7f140d31f000 ---p 00002000 08:03 18488246                   /usr/lib/x86_64-linux-gnu/libXau.so.6.0.0
7f140d31f000-7f140d320000 r--p 00001000 08:03 18488246                   /usr/lib/x86_64-linux-gnu/libXau.so.6.0.0
7f140d320000-7f140d321000 rw-p 00002000 08:03 18488246                   /usr/lib/x86_64-linux-gnu/libXau.so.6.0.0
7f140d321000-7f140d33e000 r-xp 00000000 08:03 18488845                   /usr/lib/x86_64-linux-gnu/libxcb.so.1.1.0
7f140d33e000-7f140d53d000 ---p 0001d000 08:03 18488845                   /usr/lib/x86_64-linux-gnu/libxcb.so.1.1.0
7f140d53d000-7f140d53e000 r--p 0001c000 08:03 18488845                   /usr/lib/x86_64-linux-gnu/libxcb.so.1.1.0
7f140d53e000-7f140d53f000 rw-p 0001d000 08:03 18488845                   /usr/lib/x86_64-linux-gnu/libxcb.so.1.1.0
7f140d53f000-7f140d54d000 r-xp 00000000 08:03 18488265                   /usr/lib/x86_64-linux-gnu/libXi.so.6.1.0
7f140d54d000-7f140d74c000 ---p 0000e000 08:03 18488265                   /usr/lib/x86_64-linux-gnu/libXi.so.6.1.0
7f140d74c000-7f140d74d000 r--p 0000d000 08:03 18488265                   /usr/lib/x86_64-linux-gnu/libXi.so.6.1.0
7f140d74d000-7f140d74e000 rw-p 0000e000 08:03 18488265                   /usr/lib/x86_64-linux-gnu/libXi.so.6.1.0
7f140d74e000-7f140d753000 r-xp 00000000 08:03 18488283                   /usr/lib/x86_64-linux-gnu/libXtst.so.6.1.0
7f140d753000-7f140d952000 ---p 00005000 08:03 18488283                   /usr/lib/x86_64-linux-gnu/libXtst.so.6.1.0
7f140d952000-7f140d953000 r--p 00004000 08:03 18488283                   /usr/lib/x86_64-linux-gnu/libXtst.so.6.1.0
7f140d953000-7f140d954000 rw-p 00005000 08:03 18488283                   /usr/lib/x86_64-linux-gnu/libXtst.so.6.1.0
7f140d954000-7f140d95d000 r-xp 00000000 08:03 18488279                   /usr/lib/x86_64-linux-gnu/libXrender.so.1.3.0
7f140d95d000-7f140db5c000 ---p 00009000 08:03 18488279                   /usr/lib/x86_64-linux-gnu/libXrender.so.1.3.0
7f140db5c000-7f140db5d000 r--p 00008000 08:03 18488279                   /usr/lib/x86_64-linux-gnu/libXrender.so.1.3.0
7f140db5d000-7f140db5e000 rw-p 00009000 08:03 18488279                   /usr/lib/x86_64-linux-gnu/libXrender.so.1.3.0
7f140db5e000-7f140dc8d000 r-xp 00000000 08:03 18488244                   /usr/lib/x86_64-linux-gnu/libX11.so.6.3.0
7f140dc8d000-7f140de8d000 ---p 0012f000 08:03 18488244                   /usr/lib/x86_64-linux-gnu/libX11.so.6.3.0
7f140de8d000-7f140de8e000 r--p 0012f000 08:03 18488244                   /usr/lib/x86_64-linux-gnu/libX11.so.6.3.0
7f140de8e000-7f140de92000 rw-p 00130000 08:03 18488244                   /usr/lib/x86_64-linux-gnu/libX11.so.6.3.0
7f140de92000-7f140dea2000 r-xp 00000000 08:03 18488259                   /usr/lib/x86_64-linux-gnu/libXext.so.6.4.0
7f140dea2000-7f140e0a1000 ---p 00010000 08:03 18488259                   /usr/lib/x86_64-linux-gnu/libXext.so.6.4.0
7f140e0a1000-7f140e0a2000 r--p 0000f000 08:03 18488259                   /usr/lib/x86_64-linux-gnu/libXext.so.6.4.0
7f140e0a2000-7f140e0a3000 rw-p 00010000 08:03 18488259                   /usr/lib/x86_64-linux-gnu/libXext.so.6.4.0
7f140e0a3000-7f140e0ee000 r-xp 00000000 08:03 18618972                   /usr/lib/jvm/java-6-openjdk-amd64/jre/lib/amd64/xawt/libmawt.so
7f140e0ee000-7f140e2ee000 ---p 0004b000 08:03 18618972                   /usr/lib/jvm/java-6-openjdk-amd64/jre/lib/amd64/xawt/libmawt.so
7f140e2ee000-7f140e2ef000 r--p 0004b000 08:03 18618972                   /usr/lib/jvm/java-6-openjdk-amd64/jre/lib/amd64/xawt/libmawt.so
7f140e2ef000-7f140e2f2000 rw-p 0004c000 08:03 18618972                   /usr/lib/jvm/java-6-openjdk-amd64/jre/lib/amd64/xawt/libmawt.so
7f140e2f2000-7f140e2f3000 rw-p 00000000 00:00 0 
7f140e2f3000-7f140e39f000 r-xp 00000000 08:03 18618874                   /usr/lib/jvm/java-6-openjdk-amd64/jre/lib/amd64/libawt.so
7f140e39f000-7f140e59e000 ---p 000ac000 08:03 18618874                   /usr/lib/jvm/java-6-openjdk-amd64/jre/lib/amd64/libawt.so
7f140e59e000-7f140e59f000 r--p 000ab000 08:03 18618874                   /usr/lib/jvm/java-6-openjdk-amd64/jre/lib/amd64/libawt.so
7f140e59f000-7f140e5aa000 rw-p 000ac000 08:03 18618874                   /usr/lib/jvm/java-6-openjdk-amd64/jre/lib/amd64/libawt.so
7f140e5aa000-7f140e5cf000 rw-p 00000000 00:00 0 
7f140e5cf000-7f140e5d0000 ---p 00000000 00:00 0 
7f140e5d0000-7f140e6d0000 rw-p 00000000 00:00 0 
7f140e6d0000-7f140e6d3000 ---p 00000000 00:00 0 
7f140e6d3000-7f140e7d1000 rw-p 00000000 00:00 0 
7f140e7d1000-7f140e7d4000 ---p 00000000 00:00 0 
7f140e7d4000-7f140e8d2000 rw-p 00000000 00:00 0 
7f140e8d2000-7f140e8d5000 ---p 00000000 00:00 0 
7f140e8d5000-7f140e9d3000 rw-p 00000000 00:00 0 
7f140e9d3000-7f140e9d6000 ---p 00000000 00:00 0 
7f140e9d6000-7f140ead4000 rw-p 00000000 00:00 0 
7f140ead4000-7f140f1b7000 r--p 00000000 08:03 18487587                   /usr/lib/locale/locale-archive
7f140f1b7000-7f140f1ba000 ---p 00000000 00:00 0 
7f140f1ba000-7f140f2b8000 rw-p 00000000 00:00 0 
7f140f2b8000-7f140f2bb000 ---p 00000000 00:00 0 
7f140f2bb000-7f140f3b9000 rw-p 00000000 00:00 0 
7f140f3b9000-7f140f3ba000 ---p 00000000 00:00 0 
7f140f3ba000-7f140f9bf000 rw-p 00000000 00:00 0 
7f140f9bf000-7f140fb51000 r--s 037bf000 08:03 18618843                   /usr/lib/jvm/java-6-openjdk-amd64/jre/lib/rt.jar
7f140fb51000-7f140fb52000 ---p 00000000 00:00 0 
7f140fb52000-7f140fc52000 rw-p 00000000 00:00 0 
7f140fc52000-7f140fc53000 ---p 00000000 00:00 0 
7f140fc53000-7f140fd53000 rw-p 00000000 00:00 0 
7f140fd53000-7f140fd54000 ---p 00000000 00:00 0 
7f140fd54000-7f140fe54000 rw-p 00000000 00:00 0 
7f140fe54000-7f140fe55000 ---p 00000000 00:00 0 
7f140fe55000-7f140ff7c000 rw-p 00000000 00:00 0 
7f140ff7c000-7f14101c3000 rw-p 00000000 00:00 0 
7f14101c3000-7f14101ce000 rw-p 00000000 00:00 0 
7f14101ce000-7f1410216000 rw-p 00000000 00:00 0 
7f1410216000-7f141023d000 rw-p 00000000 00:00 0 
7f141023d000-7f1410484000 rw-p 00000000 00:00 0 
7f1410484000-7f1410498000 rw-p 00000000 00:00 0 
7f1410498000-7f14105bb000 rw-p 00000000 00:00 0 
7f14105bb000-7f14105bc000 rw-p 00000000 00:00 0 
7f14105bc000-7f141082c000 rwxp 00000000 00:00 0 
7f141082c000-7f14135bc000 rw-p 00000000 00:00 0 
7f14135bc000-7f14135c3000 r-xp 00000000 08:03 18618888                   /usr/lib/jvm/java-6-openjdk-amd64/jre/lib/amd64/libzip.so
7f14135c3000-7f14137c2000 ---p 00007000 08:03 18618888                   /usr/lib/jvm/java-6-openjdk-amd64/jre/lib/amd64/libzip.so
7f14137c2000-7f14137c3000 r--p 00006000 08:03 18618888                   /usr/lib/jvm/java-6-openjdk-amd64/jre/lib/amd64/libzip.so
7f14137c3000-7f14137c4000 rw-p 00007000 08:03 18618888                   /usr/lib/jvm/java-6-openjdk-amd64/jre/lib/amd64/libzip.so
7f14137c4000-7f14137d0000 r-xp 00000000 08:03 21758081                   /lib/x86_64-linux-gnu/libnss_files-2.15.so
7f14137d0000-7f14139cf000 ---p 0000c000 08:03 21758081                   /lib/x86_64-linux-gnu/libnss_files-2.15.so
7f14139cf000-7f14139d0000 r--p 0000b000 08:03 21758081                   /lib/x86_64-linux-gnu/libnss_files-2.15.so
7f14139d0000-7f14139d1000 rw-p 0000c000 08:03 21758081                   /lib/x86_64-linux-gnu/libnss_files-2.15.so
7f14139d1000-7f14139db000 r-xp 00000000 08:03 21758077                   /lib/x86_64-linux-gnu/libnss_nis-2.15.so
7f14139db000-7f1413bdb000 ---p 0000a000 08:03 21758077                   /lib/x86_64-linux-gnu/libnss_nis-2.15.so
7f1413bdb000-7f1413bdc000 r--p 0000a000 08:03 21758077                   /lib/x86_64-linux-gnu/libnss_nis-2.15.so
7f1413bdc000-7f1413bdd000 rw-p 0000b000 08:03 21758077                   /lib/x86_64-linux-gnu/libnss_nis-2.15.so
7f1413bdd000-7f1413bf4000 r-xp 00000000 08:03 21761730                   /lib/x86_64-linux-gnu/libnsl-2.15.so
7f1413bf4000-7f1413df3000 ---p 00017000 08:03 21761730                   /lib/x86_64-linux-gnu/libnsl-2.15.so
7f1413df3000-7f1413df4000 r--p 00016000 08:03 21761730                   /lib/x86_64-linux-gnu/libnsl-2.15.so
7f1413df4000-7f1413df5000 rw-p 00017000 08:03 21761730                   /lib/x86_64-linux-gnu/libnsl-2.15.so
7f1413df5000-7f1413df7000 rw-p 00000000 00:00 0 
7f1413df7000-7f1413dff000 r-xp 00000000 08:03 21758082                   /lib/x86_64-linux-gnu/libnss_compat-2.15.so
7f1413dff000-7f1413ffe000 ---p 00008000 08:03 21758082                   /lib/x86_64-linux-gnu/libnss_compat-2.15.so
7f1413ffe000-7f1413fff000 r--p 00007000 08:03 21758082                   /lib/x86_64-linux-gnu/libnss_compat-2.15.so
7f1413fff000-7f1414000000 rw-p 00008000 08:03 21758082                   /lib/x86_64-linux-gnu/libnss_compat-2.15.so
7f1414000000-7f1414d4c000 rw-p 00000000 00:00 0 
7f1414d4c000-7f1418000000 ---p 00000000 00:00 0 
7f1418000000-7f1418005000 r--s 00000000 08:03 19927125                   /var/cache/fontconfig/b47c4e1ecd0709278f4910c18777a504-le64.cache-3
7f1418005000-7f1418008000 r--s 00000000 08:03 19927196                   /var/cache/fontconfig/e13b20fdb08344e0e664864cc2ede53d-le64.cache-3
7f1418008000-7f141800c000 r--s 00000000 08:03 19927452                   /var/cache/fontconfig/7ef2298fde41cc6eeb7af42e48b7d293-le64.cache-3
7f141800c000-7f141800d000 r--s 00000000 08:03 19927127                   /var/cache/fontconfig/c05880de57d1f5e948fdfacc138775d9-le64.cache-3
7f141800d000-7f1418016000 r--s 00000000 08:03 19927122                   /var/cache/fontconfig/945677eb7aeaf62f1d50efc3fb3ec7d8-le64.cache-3
7f1418016000-7f1418018000 r--s 00000000 08:03 19927123                   /var/cache/fontconfig/99e8ed0e538f840c565b6ed5dad60d56-le64.cache-3
7f1418018000-7f141801c000 r--s 00000000 08:03 19927109                   /var/cache/fontconfig/2cd17615ca594fa2959ae173292e504c-le64.cache-3
7f141801c000-7f141801d000 r--s 00000000 08:03 19927134                   /var/cache/fontconfig/e7071f4a29fa870f4323321c154eba04-le64.cache-3
7f141801d000-7f141801e000 r--s 00000000 08:03 19927107                   /var/cache/fontconfig/0d8c3b2ac0904cb8a57a757ad11a4a08-le64.cache-3
7f141801e000-7f1418024000 r--s 00000000 08:03 19927124                   /var/cache/fontconfig/a755afe4a08bf5b97852ceb7400b47bc-le64.cache-3
7f1418024000-7f141802d000 r--s 00000000 08:03 19927460                   /var/cache/fontconfig/6d41288fd70b0be22e8c3a91e032eec0-le64.cache-3
7f141802d000-7f141803d000 r--s 00000000 08:03 19927106                   /var/cache/fontconfig/04aabc0a78ac019cf9454389977116d2-le64.cache-3
7f141803d000-7f1418040000 r--s 00000000 08:03 19927112                   /var/cache/fontconfig/385c0604a188198f04d133e54aba7fe7-le64.cache-3
7f1418040000-7f1418041000 r--s 00000000 08:03 19927113                   /var/cache/fontconfig/4794a0821666d79190d59a36cb4f44b5-le64.cache-3
7f1418041000-7f1418044000 r--s 00000000 08:03 19927121                   /var/cache/fontconfig/8801497958630a81b71ace7c5f9b32a8-le64.cache-3
7f1418044000-7f1418072000 r--s 00000000 08:03 19927454                   /var/cache/fontconfig/365b55f210c0a22e9a19e35191240f32-le64.cache-3
7f1418072000-7f1418082000 r--s 00000000 08:03 19927130                   /var/cache/fontconfig/d52a8644073d54c13679302ca1180695-le64.cache-3
7f1418082000-7f14180e8000 rw-p 00000000 00:00 0 
7f14180e8000-7f1418130000 rw-p 00000000 00:00 0 
7f1418130000-7f141815c000 r-xp 00000000 08:03 18618873                   /usr/lib/jvm/java-6-openjdk-amd64/jre/lib/amd64/libjava.so
7f141815c000-7f141835b000 ---p 0002c000 08:03 18618873                   /usr/lib/jvm/java-6-openjdk-amd64/jre/lib/amd64/libjava.so
7f141835b000-7f141835c000 r--p 0002b000 08:03 18618873                   /usr/lib/jvm/java-6-openjdk-amd64/jre/lib/amd64/libjava.so
7f141835c000-7f141835f000 rw-p 0002c000 08:03 18618873                   /usr/lib/jvm/java-6-openjdk-amd64/jre/lib/amd64/libjava.so
7f141835f000-7f141836d000 r-xp 00000000 08:03 18618872                   /usr/lib/jvm/java-6-openjdk-amd64/jre/lib/amd64/libverify.so
7f141836d000-7f141856c000 ---p 0000e000 08:03 18618872                   /usr/lib/jvm/java-6-openjdk-amd64/jre/lib/amd64/libverify.so
7f141856c000-7f141856e000 r--p 0000d000 08:03 18618872                   /usr/lib/jvm/java-6-openjdk-amd64/jre/lib/amd64/libverify.so
7f141856e000-7f141856f000 rw-p 0000f000 08:03 18618872                   /usr/lib/jvm/java-6-openjdk-amd64/jre/lib/amd64/libverify.so
7f141856f000-7f1418576000 r-xp 00000000 08:03 21758075                   /lib/x86_64-linux-gnu/librt-2.15.so
7f1418576000-7f1418775000 ---p 00007000 08:03 21758075                   /lib/x86_64-linux-gnu/librt-2.15.so
7f1418775000-7f1418776000 r--p 00006000 08:03 21758075                   /lib/x86_64-linux-gnu/librt-2.15.so
7f1418776000-7f1418777000 rw-p 00007000 08:03 21758075                   /lib/x86_64-linux-gnu/librt-2.15.so
7f1418777000-7f141878c000 r-xp 00000000 08:03 21761542                   /lib/x86_64-linux-gnu/libgcc_s.so.1
7f141878c000-7f141898b000 ---p 00015000 08:03 21761542                   /lib/x86_64-linux-gnu/libgcc_s.so.1
7f141898b000-7f141898c000 r--p 00014000 08:03 21761542                   /lib/x86_64-linux-gnu/libgcc_s.so.1
7f141898c000-7f141898d000 rw-p 00015000 08:03 21761542                   /lib/x86_64-linux-gnu/libgcc_s.so.1
7f141898d000-7f1418a86000 r-xp 00000000 08:03 21758079                   /lib/x86_64-linux-gnu/libm-2.15.so
7f1418a86000-7f1418c85000 ---p 000f9000 08:03 21758079                   /lib/x86_64-linux-gnu/libm-2.15.so
7f1418c85000-7f1418c86000 r--p 000f8000 08:03 21758079                   /lib/x86_64-linux-gnu/libm-2.15.so
7f1418c86000-7f1418c87000 rw-p 000f9000 08:03 21758079                   /lib/x86_64-linux-gnu/libm-2.15.so
7f1418c87000-7f1418d69000 r-xp 00000000 08:03 18488773                   /usr/lib/x86_64-linux-gnu/libstdc++.so.6.0.16
7f1418d69000-7f1418f68000 ---p 000e2000 08:03 18488773                   /usr/lib/x86_64-linux-gnu/libstdc++.so.6.0.16
7f1418f68000-7f1418f70000 r--p 000e1000 08:03 18488773                   /usr/lib/x86_64-linux-gnu/libstdc++.so.6.0.16
7f1418f70000-7f1418f72000 rw-p 000e9000 08:03 18488773                   /usr/lib/x86_64-linux-gnu/libstdc++.so.6.0.16
7f1418f72000-7f1418f87000 rw-p 00000000 00:00 0 
7f1418f87000-7f141988b000 r-xp 00000000 08:03 18618878                   /usr/lib/jvm/java-6-openjdk-amd64/jre/lib/amd64/server/libjvm.so
7f141988b000-7f1419a8b000 ---p 00904000 08:03 18618878                   /usr/lib/jvm/java-6-openjdk-amd64/jre/lib/amd64/server/libjvm.so
7f1419a8b000-7f1419b0b000 r--p 00904000 08:03 18618878                   /usr/lib/jvm/java-6-openjdk-amd64/jre/lib/amd64/server/libjvm.so
7f1419b0b000-7f1419b26000 rw-p 00984000 08:03 18618878                   /usr/lib/jvm/java-6-openjdk-amd64/jre/lib/amd64/server/libjvm.so
7f1419b26000-7f1419b4f000 rw-p 00000000 00:00 0 
7f1419b4f000-7f1419b65000 r-xp 00000000 08:03 21761632                   /lib/x86_64-linux-gnu/libz.so.1.2.3.4
7f1419b65000-7f1419d64000 ---p 00016000 08:03 21761632                   /lib/x86_64-linux-gnu/libz.so.1.2.3.4
7f1419d64000-7f1419d65000 r--p 00015000 08:03 21761632                   /lib/x86_64-linux-gnu/libz.so.1.2.3.4
7f1419d65000-7f1419d66000 rw-p 00016000 08:03 21761632                   /lib/x86_64-linux-gnu/libz.so.1.2.3.4
7f1419d66000-7f1419f1b000 r-xp 00000000 08:03 21757975                   /lib/x86_64-linux-gnu/libc-2.15.so
7f1419f1b000-7f141a11a000 ---p 001b5000 08:03 21757975                   /lib/x86_64-linux-gnu/libc-2.15.so
7f141a11a000-7f141a11e000 r--p 001b4000 08:03 21757975                   /lib/x86_64-linux-gnu/libc-2.15.so
7f141a11e000-7f141a120000 rw-p 001b8000 08:03 21757975                   /lib/x86_64-linux-gnu/libc-2.15.so
7f141a120000-7f141a125000 rw-p 00000000 00:00 0 
7f141a125000-7f141a127000 r-xp 00000000 08:03 21757964                   /lib/x86_64-linux-gnu/libdl-2.15.so
7f141a127000-7f141a327000 ---p 00002000 08:03 21757964                   /lib/x86_64-linux-gnu/libdl-2.15.so
7f141a327000-7f141a328000 r--p 00002000 08:03 21757964                   /lib/x86_64-linux-gnu/libdl-2.15.so
7f141a328000-7f141a329000 rw-p 00003000 08:03 21757964                   /lib/x86_64-linux-gnu/libdl-2.15.so
7f141a329000-7f141a32d000 r-xp 00000000 08:03 18618855                   /usr/lib/jvm/java-6-openjdk-amd64/jre/lib/amd64/jli/libjli.so
7f141a32d000-7f141a52c000 ---p 00004000 08:03 18618855                   /usr/lib/jvm/java-6-openjdk-amd64/jre/lib/amd64/jli/libjli.so
7f141a52c000-7f141a52d000 r--p 00003000 08:03 18618855                   /usr/lib/jvm/java-6-openjdk-amd64/jre/lib/amd64/jli/libjli.so
7f141a52d000-7f141a52e000 rw-p 00004000 08:03 18618855                   /usr/lib/jvm/java-6-openjdk-amd64/jre/lib/amd64/jli/libjli.so
7f141a52e000-7f141a546000 r-xp 00000000 08:03 21758073                   /lib/x86_64-linux-gnu/libpthread-2.15.so
7f141a546000-7f141a745000 ---p 00018000 08:03 21758073                   /lib/x86_64-linux-gnu/libpthread-2.15.so
7f141a745000-7f141a746000 r--p 00017000 08:03 21758073                   /lib/x86_64-linux-gnu/libpthread-2.15.so
7f141a746000-7f141a747000 rw-p 00018000 08:03 21758073                   /lib/x86_64-linux-gnu/libpthread-2.15.so
7f141a747000-7f141a74b000 rw-p 00000000 00:00 0 
7f141a74b000-7f141a76d000 r-xp 00000000 08:03 21758085                   /lib/x86_64-linux-gnu/ld-2.15.so
7f141a76d000-7f141a76e000 r--s 00000000 08:03 19927115                   /var/cache/fontconfig/56cf4f4769d0f4abc89a4895d7bd3ae1-le64.cache-3
7f141a76e000-7f141a76f000 r--s 00000000 08:03 19927126                   /var/cache/fontconfig/b9d506c9ac06c20b433354fa67a72993-le64.cache-3
7f141a76f000-7f141a774000 r--s 00000000 08:03 19927110                   /var/cache/fontconfig/3047814df9a2f067bd2d96a2b9c36e5a-le64.cache-3
7f141a774000-7f141a775000 r--s 00000000 08:03 19927115                   /var/cache/fontconfig/56cf4f4769d0f4abc89a4895d7bd3ae1-le64.cache-3
7f141a775000-7f141a776000 r--s 00000000 08:03 19927126                   /var/cache/fontconfig/b9d506c9ac06c20b433354fa67a72993-le64.cache-3
7f141a776000-7f141a77b000 r--s 00000000 08:03 19927125                   /var/cache/fontconfig/b47c4e1ecd0709278f4910c18777a504-le64.cache-3
7f141a77b000-7f141a77e000 r--s 00000000 08:03 19927196                   /var/cache/fontconfig/e13b20fdb08344e0e664864cc2ede53d-le64.cache-3
7f141a77e000-7f141a782000 r--s 00000000 08:03 19927452                   /var/cache/fontconfig/7ef2298fde41cc6eeb7af42e48b7d293-le64.cache-3
7f141a782000-7f141a785000 r--s 0007d000 08:03 18618443                   /usr/lib/jvm/java-6-openjdk-common/jre/lib/jsse.jar
7f141a785000-7f141a78c000 r--s 00073000 08:03 15597691                   /home/arwilczek90/workspace/Elements/lib/lwjgl.jar
7f141a78c000-7f141a78e000 r--s 0000f000 08:03 18618803                   /usr/lib/jvm/java-6-openjdk-common/jre/lib/ext/pulse-java.jar
7f141a78e000-7f141a798000 rw-p 00000000 00:00 0 
7f141a798000-7f141a84e000 rw-p 00000000 00:00 0 
7f141a84e000-7f141a851000 ---p 00000000 00:00 0 
7f141a851000-7f141a954000 rw-p 00000000 00:00 0 
7f141a954000-7f141a957000 r--s 00077000 08:03 18618797                   /usr/lib/jvm/java-6-openjdk-common/jre/lib/ext/localedata.jar
7f141a957000-7f141a958000 r--s 00007000 08:03 18748229                   /usr/share/java/java-atk-wrapper.jar
7f141a958000-7f141a95a000 r--s 00001000 08:03 18618801                   /usr/lib/jvm/java-6-openjdk-common/jre/lib/ext/dnsns.jar
7f141a95a000-7f141a95e000 r--s 00038000 08:03 18618795                   /usr/lib/jvm/java-6-openjdk-common/jre/lib/ext/sunpkcs11.jar
7f141a95e000-7f141a961000 r--s 00031000 08:03 18618799                   /usr/lib/jvm/java-6-openjdk-common/jre/lib/ext/sunjce_provider.jar
7f141a961000-7f141a969000 rw-s 00000000 08:03 8126549                    /tmp/hsperfdata_arwilczek90/26670 (deleted)
7f141a969000-7f141a96a000 rw-p 00000000 00:00 0 
7f141a96a000-7f141a96b000 ---p 00000000 00:00 0 
7f141a96b000-7f141a96d000 rw-p 00000000 00:00 0 
7f141a96d000-7f141a96e000 r--p 00022000 08:03 21758085                   /lib/x86_64-linux-gnu/ld-2.15.so
7f141a96e000-7f141a970000 rw-p 00023000 08:03 21758085                   /lib/x86_64-linux-gnu/ld-2.15.so
7fff9337f000-7fff933a0000 rw-p 00000000 00:00 0                          [stack]
7fff933f5000-7fff933f6000 r-xp 00000000 00:00 0                          [vdso]
ffffffffff600000-ffffffffff601000 r-xp 00000000 00:00 0                  [vsyscall]

VM Arguments:
jvm_args: -Djava.library.path=/home/arwilczek90/workspace/Elements/lib/slick:/home/arwilczek90/workspace/Elements/lib/slick -Dfile.encoding=UTF-8 
java_command: com.hack.elements.view.Main
Launcher Type: SUN_STANDARD

Environment Variables:
PATH=/usr/lib/lightdm/lightdm:/usr/local/sbin:/usr/local/bin:/usr/sbin:/usr/bin:/sbin:/bin:/usr/games
LD_LIBRARY_PATH=/usr/lib/jvm/java-6-openjdk-amd64/jre/lib/amd64/server:/usr/lib/jvm/java-6-openjdk-amd64/jre/lib/amd64:/usr/lib/jvm/java-6-openjdk-amd64/jre/../lib/amd64
SHELL=/bin/bash
DISPLAY=:0.0

Signal Handlers:
SIGSEGV: [libjvm.so+0x784310], sa_mask[0]=0x7ffbfeff, sa_flags=0x10000004
SIGBUS: [libjvm.so+0x784310], sa_mask[0]=0x7ffbfeff, sa_flags=0x10000004
SIGFPE: [libjvm.so+0x648580], sa_mask[0]=0x7ffbfeff, sa_flags=0x10000004
SIGPIPE: [libjvm.so+0x648580], sa_mask[0]=0x7ffbfeff, sa_flags=0x10000004
SIGXFSZ: [libjvm.so+0x648580], sa_mask[0]=0x7ffbfeff, sa_flags=0x10000004
SIGILL: [libjvm.so+0x648580], sa_mask[0]=0x7ffbfeff, sa_flags=0x10000004
SIGUSR1: SIG_DFL, sa_mask[0]=0x00000000, sa_flags=0x00000000
SIGUSR2: [libjvm.so+0x648730], sa_mask[0]=0x00000004, sa_flags=0x10000004
SIGHUP: [libjvm.so+0x64b250], sa_mask[0]=0x7ffbfeff, sa_flags=0x10000004
SIGINT: [libjvm.so+0x64b250], sa_mask[0]=0x7ffbfeff, sa_flags=0x10000004
SIGTERM: [libjvm.so+0x64b250], sa_mask[0]=0x7ffbfeff, sa_flags=0x10000004
SIGQUIT: [libjvm.so+0x64b250], sa_mask[0]=0x7ffbfeff, sa_flags=0x10000004


---------------  S Y S T E M  ---------------

OS:Ubuntu 12.04 (precise)
uname:Linux 3.2.0-32-generic #51-Ubuntu SMP Wed Sep 26 21:33:09 UTC 2012 x86_64
libc:glibc 2.15 NPTL 2.15 
rlimit: STACK 8192k, CORE 0k, NPROC 59545, NOFILE 4096, AS infinity
load average:0.34 0.68 0.88

/proc/meminfo:
MemTotal:        7639648 kB
MemFree:         1274700 kB
Buffers:          141316 kB
Cached:          2823180 kB
SwapCached:            0 kB
Active:          4248460 kB
Inactive:        1520908 kB
Active(anon):    2805380 kB
Inactive(anon):     4596 kB
Active(file):    1443080 kB
Inactive(file):  1516312 kB
Unevictable:          20 kB
Mlocked:              20 kB
SwapTotal:       3818492 kB
SwapFree:        3818492 kB
Dirty:               480 kB
Writeback:             0 kB
AnonPages:       2804960 kB
Mapped:           346560 kB
Shmem:              5108 kB
Slab:             184804 kB
SReclaimable:     151840 kB
SUnreclaim:        32964 kB
KernelStack:        4784 kB
PageTables:        40716 kB
NFS_Unstable:          0 kB
Bounce:                0 kB
WritebackTmp:          0 kB
CommitLimit:     7638316 kB
Committed_AS:    5150916 kB
VmallocTotal:   34359738367 kB
VmallocUsed:      116952 kB
VmallocChunk:   34359618488 kB
HardwareCorrupted:     0 kB
AnonHugePages:         0 kB
HugePages_Total:       0
HugePages_Free:        0
HugePages_Rsvd:        0
HugePages_Surp:        0
Hugepagesize:       2048 kB
DirectMap4k:      229376 kB
DirectMap2M:     4468736 kB
DirectMap1G:     3145728 kB


CPU:total 4 (4 cores per cpu, 1 threads per core) family 18 model 1 stepping 0, cmov, cx8, fxsr, mmx, sse, sse2, sse3, popcnt, mmxext, 3dnowpref, lzcnt, sse4a

Memory: 4k page, physical 7639648k(1274700k free), swap 3818492k(3818492k free)

vm_info: OpenJDK 64-Bit Server VM (20.0-b12) for linux-amd64 JRE (1.6.0_24-b24), built on Sep  2 2012 19:50:47 by "buildd" with gcc 4.6.3

time: Sat Oct 13 04:08:27 2012
elapsed time: 1 seconds

