#
# A fatal error has been detected by the Java Runtime Environment:
#
#  SIGSEGV (0xb) at pc=0x00007ff52dd9ac58, pid=13242, tid=140691039332096
#
# JRE version: 6.0_24-b24
# Java VM: OpenJDK 64-Bit Server VM (20.0-b12 mixed mode linux-amd64 compressed oops)
# Derivative: IcedTea6 1.11.4
# Distribution: Ubuntu 12.04 LTS, package 6b24-1.11.4-1ubuntu0.12.04.1
# Problematic frame:
# C  [libX11.so.6+0x33c58]  XQueryExtension+0x28
#
# If you would like to submit a bug report, please include
# instructions how to reproduce the bug and visit:
#   https://bugs.launchpad.net/ubuntu/+source/openjdk-6/
#

---------------  T H R E A D  ---------------

Current thread (0x00007ff534070000):  VMThread [stack: 0x00007ff52f5c2000,0x00007ff52f6c3000] [id=13252]

siginfo:si_signo=SIGSEGV: si_errno=0, si_code=1 (SEGV_MAPERR), si_addr=0x0000000034200f28

Registers:
RAX=0x00007ff5140008c0, RBX=0x00000000342005c0, RCX=0x00007ff52f6c16d8, RDX=0x00007ff52f6c16d4
RSP=0x00007ff52f6c1670, RBP=0x00007ff4f3a86932, RSI=0x00007ff4f3a86932, RDI=0x00000000342005c0
R8 =0x00007ff52f6c16dc, R9 =0x0000000000000000, R10=0x00007ff53a2f6fa8, R11=0x00007ff539f76ca0
R12=0x0000000000000000, R13=0x00007ff4f3a86932, R14=0x00007ff5140008c0, R15=0x0000000000000000
RIP=0x00007ff52dd9ac58, EFLAGS=0x0000000000010202, CSGSFS=0x0000000000000033, ERR=0x0000000000000004
  TRAPNO=0x000000000000000e

Top of Stack: (sp=0x00007ff52f6c1670)
0x00007ff52f6c1670:   00007ff539f49790 00007ff53ab259e8
0x00007ff52f6c1680:   00007ff5308943c0 00007ff530894768
0x00007ff52f6c1690:   00000000ffffffff 00000000342005c0
0x00007ff52f6c16a0:   00007ff4f3a86932 0000000000000000
0x00007ff52f6c16b0:   00007ff4f3a86932 00007ff5140008c0
0x00007ff52f6c16c0:   0000000000000000 00007ff52dd8ec55
0x00007ff52f6c16d0:   00007ff53ab43048 00007ff4f3bbf520
0x00007ff52f6c16e0:   00007ff4f3bbf520 00000000342005c0
0x00007ff52f6c16f0:   00007ff53418ac10 00007ff52e0a802b
0x00007ff52f6c1700:   00007ff539f49790 000000110000002c
0x00007ff52f6c1710:   00007ff52f6c1790 0000000000000000
0x00007ff52f6c1720:   00007ff52f6c1790 00000000342005c0
0x00007ff52f6c1730:   0000000000000000 00007ff53ab43048
0x00007ff52f6c1740:   00007ff4f3bd8d50 00007ff4f3a2d119
0x00007ff52f6c1750:   0000000000000000 000000000000002c
0x00007ff52f6c1760:   00007ff52f6c1790 00007ff52f6c17b0
0x00007ff52f6c1770:   0000000000000000 00007ff53ab43048
0x00007ff52f6c1780:   00007ff534200120 00007ff4f3a23b42
0x00007ff52f6c1790:   00007ff52f6c1980 00007ff4f3a868b1
0x00007ff52f6c17a0:   00007ff52f6c1980 00007ff53a92f92d
0x00007ff52f6c17b0:   00007ff53ab442c8 00007ff53ab44858
0x00007ff52f6c17c0:   00007ff53ab25000 00007ff534006a00
0x00007ff52f6c17d0:   00007ff534007510 00007ff534006eb0
0x00007ff52f6c17e0:   00007ff534007a10 00007ff53400c6f0
0x00007ff52f6c17f0:   00007ff534135c70 00007ff534136150
0x00007ff52f6c1800:   00007ff53ab24000 00007ff5341fccd0
0x00007ff52f6c1810:   00007ff5341f7020 00007ff5341f74c0
0x00007ff52f6c1820:   00007ff5341fd1a0 00007ff5341fd640
0x00007ff52f6c1830:   00007ff5341fdae0 00007ff5340f49b0
0x00007ff52f6c1840:   00007ff5340f2a80 00007ff5340025e0
0x00007ff52f6c1850:   00007ff534001ec0 000000000242b5f0
0x00007ff52f6c1860:   000000000242bb60 000000000242c570 

Instructions: (pc=0x00007ff52dd9ac58)
0x00007ff52dd9ac38:   24 d8 48 89 fb 4c 89 64 24 e0 4c 89 6c 24 e8 48
0x00007ff52dd9ac48:   89 f5 4c 89 74 24 f0 4c 89 7c 24 f8 48 83 ec 58
0x00007ff52dd9ac58:   48 8b 87 68 09 00 00 49 89 d4 49 89 cd 4d 89 c6
0x00007ff52dd9ac68:   48 85 c0 74 02 ff 10 ba 08 00 00 00 be 62 00 00 

Register to memory mapping:

RAX=0x00007ff5140008c0 is an unknown value
RBX=0x00000000342005c0 is an unknown value
RCX=0x00007ff52f6c16d8 is an unknown value
RDX=0x00007ff52f6c16d4 is an unknown value
RSP=0x00007ff52f6c1670 is an unknown value
RBP=0x00007ff4f3a86932: <offset 0x96932> in /usr/lib/fglrx/libGL.so.1 at 0x00007ff4f39f0000
RSI=0x00007ff4f3a86932: <offset 0x96932> in /usr/lib/fglrx/libGL.so.1 at 0x00007ff4f39f0000
RDI=0x00000000342005c0 is an unknown value
R8 =0x00007ff52f6c16dc is an unknown value
R9 =0x0000000000000000 is an unknown value
R10=0x00007ff53a2f6fa8: <offset 0x3bbfa8> in /lib/x86_64-linux-gnu/libc.so.6 at 0x00007ff539f3b000
R11=0x00007ff539f76ca0: __cxa_finalize+0 in /lib/x86_64-linux-gnu/libc.so.6 at 0x00007ff539f3b000
R12=0x0000000000000000 is an unknown value
R13=0x00007ff4f3a86932: <offset 0x96932> in /usr/lib/fglrx/libGL.so.1 at 0x00007ff4f39f0000
R14=0x00007ff5140008c0 is an unknown value
R15=0x0000000000000000 is an unknown value


Stack: [0x00007ff52f5c2000,0x00007ff52f6c3000],  sp=0x00007ff52f6c1670,  free space=1021k
Native frames: (J=compiled Java code, j=interpreted, Vv=VM code, C=native code)
C  [libX11.so.6+0x33c58]  XQueryExtension+0x28

VM_Operation (0x00007ff53ab1f680): Exit, mode: safepoint, requested by thread 0x00007ff534008800


---------------  P R O C E S S  ---------------

Java Threads: ( => current thread )
  0x00007ff534ac8800 JavaThread "Thread-2" daemon [_thread_blocked, id=13263, stack(0x00007ff4f0bc9000,0x00007ff4f0cca000)]
  0x00007ff5341fc000 JavaThread "AWT-XAWT" daemon [_thread_in_native, id=13261, stack(0x00007ff52c787000,0x00007ff52c888000)]
  0x00007ff534147000 JavaThread "Java2D Disposer" daemon [_thread_blocked, id=13260, stack(0x00007ff52cb48000,0x00007ff52cc49000)]
  0x00007ff53409e800 JavaThread "Low Memory Detector" daemon [_thread_blocked, id=13258, stack(0x00007ff52e8d9000,0x00007ff52e9da000)]
  0x00007ff53409c000 JavaThread "C2 CompilerThread1" daemon [_thread_blocked, id=13257, stack(0x00007ff52e9da000,0x00007ff52eadb000)]
  0x00007ff534099800 JavaThread "C2 CompilerThread0" daemon [_thread_blocked, id=13256, stack(0x00007ff52eadb000,0x00007ff52ebdc000)]
  0x00007ff534079000 JavaThread "Finalizer" daemon [_thread_blocked, id=13254, stack(0x00007ff52f3c0000,0x00007ff52f4c1000)]
  0x00007ff534077000 JavaThread "Reference Handler" daemon [_thread_blocked, id=13253, stack(0x00007ff52f4c1000,0x00007ff52f5c2000)]
  0x00007ff534008800 JavaThread "main" [_thread_blocked, id=13246, stack(0x00007ff53aa20000,0x00007ff53ab21000)]

Other Threads:
=>0x00007ff534070000 VMThread [stack: 0x00007ff52f5c2000,0x00007ff52f6c3000] [id=13252]

VM state:at safepoint (shutting down)

VM Mutex/Monitor currently owned by a thread:  ([mutex/lock_event])
[0x00007ff534004dd0] Threads_lock - owner thread: 0x00007ff534070000

Heap
 PSYoungGen      total 34880K, used 29952K [0x00000000d9200000, 0x00000000db8e0000, 0x0000000100000000)
  eden space 29952K, 100% used [0x00000000d9200000,0x00000000daf40000,0x00000000daf40000)
  from space 4928K, 0% used [0x00000000db410000,0x00000000db410000,0x00000000db8e0000)
  to   space 4928K, 0% used [0x00000000daf40000,0x00000000daf40000,0x00000000db410000)
 PSOldGen        total 79616K, used 0K [0x000000008b600000, 0x00000000903c0000, 0x00000000d9200000)
  object space 79616K, 0% used [0x000000008b600000,0x000000008b600000,0x00000000903c0000)
 PSPermGen       total 21248K, used 11412K [0x0000000081000000, 0x00000000824c0000, 0x000000008b600000)
  object space 21248K, 53% used [0x0000000081000000,0x0000000081b252f8,0x00000000824c0000)

Code Cache  [0x00007ff5307c5000, 0x00007ff530a35000, 0x00007ff5337c5000)
 total_blobs=646 nmethods=161 adapters=439 free_code_cache=49495296 largest_free_block=13120

Dynamic libraries:
00400000-00409000 r-xp 00000000 08:03 18618890                           /usr/lib/jvm/java-6-openjdk-amd64/jre/bin/java
00608000-00609000 r--p 00008000 08:03 18618890                           /usr/lib/jvm/java-6-openjdk-amd64/jre/bin/java
00609000-0060a000 rw-p 00009000 08:03 18618890                           /usr/lib/jvm/java-6-openjdk-amd64/jre/bin/java
0242b000-0244c000 rw-p 00000000 00:00 0                                  [heap]
81000000-824c0000 rw-p 00000000 00:00 0 
824c0000-8b600000 rw-p 00000000 00:00 0 
8b600000-903c0000 rw-p 00000000 00:00 0 
903c0000-d9200000 rw-p 00000000 00:00 0 
d9200000-db8e0000 rw-p 00000000 00:00 0 
db8e0000-100000000 rw-p 00000000 00:00 0 
7ff4e4000000-7ff4e4021000 rw-p 00000000 00:00 0 
7ff4e4021000-7ff4e8000000 ---p 00000000 00:00 0 
7ff4ec000000-7ff4ec021000 rw-p 00000000 00:00 0 
7ff4ec021000-7ff4f0000000 ---p 00000000 00:00 0 
7ff4f06c2000-7ff4f06c5000 ---p 00000000 00:00 0 
7ff4f06c5000-7ff4f07c3000 rw-p 00000000 00:00 0 
7ff4f07c3000-7ff4f07c6000 ---p 00000000 00:00 0 
7ff4f07c6000-7ff4f0ac6000 rw-p 00000000 00:00 0 
7ff4f0ac6000-7ff4f0ac9000 r-xp 00000000 08:03 15602613                   /home/arwilczek90/workspace/Elements/lib/slick/libjinput-linux64.so
7ff4f0ac9000-7ff4f0bc8000 ---p 00003000 08:03 15602613                   /home/arwilczek90/workspace/Elements/lib/slick/libjinput-linux64.so
7ff4f0bc8000-7ff4f0bc9000 rw-p 00002000 08:03 15602613                   /home/arwilczek90/workspace/Elements/lib/slick/libjinput-linux64.so
7ff4f0bc9000-7ff4f0bcc000 ---p 00000000 00:00 0 
7ff4f0bcc000-7ff4f0cca000 rw-p 00000000 00:00 0 
7ff4f0cca000-7ff4f13ca000 rw-s 00006000 00:05 10225                      /dev/ati/card0
7ff4f13ca000-7ff4f13cc000 r-xp 00000000 08:03 18488267                   /usr/lib/x86_64-linux-gnu/libXinerama.so.1.0.0
7ff4f13cc000-7ff4f15cb000 ---p 00002000 08:03 18488267                   /usr/lib/x86_64-linux-gnu/libXinerama.so.1.0.0
7ff4f15cb000-7ff4f15cc000 r--p 00001000 08:03 18488267                   /usr/lib/x86_64-linux-gnu/libXinerama.so.1.0.0
7ff4f15cc000-7ff4f15cd000 rw-p 00002000 08:03 18488267                   /usr/lib/x86_64-linux-gnu/libXinerama.so.1.0.0
7ff4f15cd000-7ff4f1608000 r-xp 00000000 08:03 19009508                   /usr/lib/fglrx/libatiadlxx.so
7ff4f1608000-7ff4f1708000 ---p 0003b000 08:03 19009508                   /usr/lib/fglrx/libatiadlxx.so
7ff4f1708000-7ff4f1711000 rw-p 0003b000 08:03 19009508                   /usr/lib/fglrx/libatiadlxx.so
7ff4f1711000-7ff4f1722000 rw-p 00000000 00:00 0 
7ff4f1722000-7ff4f367c000 r-xp 00000000 08:03 19009510                   /usr/lib/fglrx/dri/fglrx_dri.so
7ff4f367c000-7ff4f377c000 ---p 01f5a000 08:03 19009510                   /usr/lib/fglrx/dri/fglrx_dri.so
7ff4f377c000-7ff4f38ca000 rwxp 01f5a000 08:03 19009510                   /usr/lib/fglrx/dri/fglrx_dri.so
7ff4f38ca000-7ff4f39f0000 rwxp 00000000 00:00 0 
7ff4f39f0000-7ff4f3ab3000 r-xp 00000000 08:03 19009512                   /usr/lib/fglrx/libGL.so.1.2
7ff4f3ab3000-7ff4f3bb2000 ---p 000c3000 08:03 19009512                   /usr/lib/fglrx/libGL.so.1.2
7ff4f3bb2000-7ff4f3bd9000 rwxp 000c2000 08:03 19009512                   /usr/lib/fglrx/libGL.so.1.2
7ff4f3bd9000-7ff4f3bf9000 rwxp 00000000 00:00 0 
7ff4f3bf9000-7ff4f3bfa000 r-xp 00000000 08:03 18618886                   /usr/lib/jvm/java-6-openjdk-amd64/jre/lib/amd64/libjawt.so
7ff4f3bfa000-7ff4f3df9000 ---p 00001000 08:03 18618886                   /usr/lib/jvm/java-6-openjdk-amd64/jre/lib/amd64/libjawt.so
7ff4f3df9000-7ff4f3dfa000 r--p 00000000 08:03 18618886                   /usr/lib/jvm/java-6-openjdk-amd64/jre/lib/amd64/libjawt.so
7ff4f3dfa000-7ff4f3dfb000 rw-p 00001000 08:03 18618886                   /usr/lib/jvm/java-6-openjdk-amd64/jre/lib/amd64/libjawt.so
7ff4f3dfb000-7ff4f3dff000 r-xp 00000000 08:03 18488287                   /usr/lib/x86_64-linux-gnu/libXxf86vm.so.1.0.0
7ff4f3dff000-7ff4f3ffe000 ---p 00004000 08:03 18488287                   /usr/lib/x86_64-linux-gnu/libXxf86vm.so.1.0.0
7ff4f3ffe000-7ff4f3fff000 r--p 00003000 08:03 18488287                   /usr/lib/x86_64-linux-gnu/libXxf86vm.so.1.0.0
7ff4f3fff000-7ff4f4000000 rw-p 00004000 08:03 18488287                   /usr/lib/x86_64-linux-gnu/libXxf86vm.so.1.0.0
7ff4f4000000-7ff4f4021000 rw-p 00000000 00:00 0 
7ff4f4021000-7ff4f8000000 ---p 00000000 00:00 0 
7ff4f8000000-7ff4f8021000 rw-p 00000000 00:00 0 
7ff4f8021000-7ff4fc000000 ---p 00000000 00:00 0 
7ff4fc000000-7ff4fc021000 rw-p 00000000 00:00 0 
7ff4fc021000-7ff500000000 ---p 00000000 00:00 0 
7ff500000000-7ff500021000 rw-p 00000000 00:00 0 
7ff500021000-7ff504000000 ---p 00000000 00:00 0 
7ff504000000-7ff504c4e000 rw-p 00000000 00:00 0 
7ff504c4e000-7ff508000000 ---p 00000000 00:00 0 
7ff508000000-7ff5085c7000 rw-p 00000000 00:00 0 
7ff5085c7000-7ff50c000000 ---p 00000000 00:00 0 
7ff50c000000-7ff50c021000 rw-p 00000000 00:00 0 
7ff50c021000-7ff510000000 ---p 00000000 00:00 0 
7ff510000000-7ff510021000 rw-p 00000000 00:00 0 
7ff510021000-7ff514000000 ---p 00000000 00:00 0 
7ff514000000-7ff514021000 rw-p 00000000 00:00 0 
7ff514021000-7ff518000000 ---p 00000000 00:00 0 
7ff518000000-7ff518021000 rw-p 00000000 00:00 0 
7ff518021000-7ff51c000000 ---p 00000000 00:00 0 
7ff51c000000-7ff51c021000 rw-p 00000000 00:00 0 
7ff51c021000-7ff520000000 ---p 00000000 00:00 0 
7ff520000000-7ff520021000 rw-p 00000000 00:00 0 
7ff520021000-7ff524000000 ---p 00000000 00:00 0 
7ff524000000-7ff524021000 rw-p 00000000 00:00 0 
7ff524021000-7ff528000000 ---p 00000000 00:00 0 
7ff528000000-7ff528021000 rw-p 00000000 00:00 0 
7ff528021000-7ff52c000000 ---p 00000000 00:00 0 
7ff52c060000-7ff52c068000 r--s 00067000 08:03 15598510                   /home/arwilczek90/workspace/Elements/lib/slick/lib/slick-sources.jar
7ff52c068000-7ff52c06f000 r-xp 00000000 08:03 19009532                   /usr/lib/fglrx/libatiuki.so.1.0
7ff52c06f000-7ff52c16f000 ---p 00007000 08:03 19009532                   /usr/lib/fglrx/libatiuki.so.1.0
7ff52c16f000-7ff52c170000 rw-p 00007000 08:03 19009532                   /usr/lib/fglrx/libatiuki.so.1.0
7ff52c170000-7ff52c171000 rw-p 00000000 00:00 0 
7ff52c171000-7ff52c179000 r-xp 00000000 08:03 18488277                   /usr/lib/x86_64-linux-gnu/libXrandr.so.2.2.0
7ff52c179000-7ff52c378000 ---p 00008000 08:03 18488277                   /usr/lib/x86_64-linux-gnu/libXrandr.so.2.2.0
7ff52c378000-7ff52c379000 r--p 00007000 08:03 18488277                   /usr/lib/x86_64-linux-gnu/libXrandr.so.2.2.0
7ff52c379000-7ff52c37a000 rw-p 00008000 08:03 18488277                   /usr/lib/x86_64-linux-gnu/libXrandr.so.2.2.0
7ff52c37a000-7ff52c3ba000 r-xp 00000000 08:03 15602617                   /home/arwilczek90/workspace/Elements/lib/slick/liblwjgl64.so
7ff52c3ba000-7ff52c4ba000 ---p 00040000 08:03 15602617                   /home/arwilczek90/workspace/Elements/lib/slick/liblwjgl64.so
7ff52c4ba000-7ff52c4bc000 rw-p 00040000 08:03 15602617                   /home/arwilczek90/workspace/Elements/lib/slick/liblwjgl64.so
7ff52c4bc000-7ff52c4c1000 r-xp 00000000 08:03 18488261                   /usr/lib/x86_64-linux-gnu/libXfixes.so.3.1.0
7ff52c4c1000-7ff52c6c0000 ---p 00005000 08:03 18488261                   /usr/lib/x86_64-linux-gnu/libXfixes.so.3.1.0
7ff52c6c0000-7ff52c6c1000 r--p 00004000 08:03 18488261                   /usr/lib/x86_64-linux-gnu/libXfixes.so.3.1.0
7ff52c6c1000-7ff52c6c2000 rw-p 00005000 08:03 18488261                   /usr/lib/x86_64-linux-gnu/libXfixes.so.3.1.0
7ff52c6c2000-7ff52c6c3000 r--s 00000000 08:03 19927127                   /var/cache/fontconfig/c05880de57d1f5e948fdfacc138775d9-le64.cache-3
7ff52c6c3000-7ff52c6cc000 r--s 00000000 08:03 19927122                   /var/cache/fontconfig/945677eb7aeaf62f1d50efc3fb3ec7d8-le64.cache-3
7ff52c6cc000-7ff52c6ce000 r--s 00000000 08:03 19927123                   /var/cache/fontconfig/99e8ed0e538f840c565b6ed5dad60d56-le64.cache-3
7ff52c6ce000-7ff52c6d2000 r--s 00000000 08:03 19927109                   /var/cache/fontconfig/2cd17615ca594fa2959ae173292e504c-le64.cache-3
7ff52c6d2000-7ff52c6d8000 r--s 00000000 08:03 19927124                   /var/cache/fontconfig/a755afe4a08bf5b97852ceb7400b47bc-le64.cache-3
7ff52c6d8000-7ff52c6e8000 r--s 00000000 08:03 19927106                   /var/cache/fontconfig/04aabc0a78ac019cf9454389977116d2-le64.cache-3
7ff52c6ec000-7ff52c6ed000 r--s 00000000 08:03 15598509                   /home/arwilczek90/workspace/Elements/lib/slick/lib/slick-examples.jar
7ff52c6ed000-7ff52c6ee000 r--s 00003000 08:03 15598508                   /home/arwilczek90/workspace/Elements/lib/slick/lib/scalar.jar
7ff52c6ee000-7ff52c6f1000 r--s 00017000 08:03 15598507                   /home/arwilczek90/workspace/Elements/lib/slick/lib/pedigree.jar
7ff52c6f1000-7ff52c6fc000 r--s 00093000 08:03 15598513                   /home/arwilczek90/workspace/Elements/lib/slick/lib/slick.jar
7ff52c6fc000-7ff52c701000 r--s 0002f000 08:03 15598498                   /home/arwilczek90/workspace/Elements/lib/slick/lib/jinput.jar
7ff52c701000-7ff52c703000 r--s 00008000 08:03 15598497                   /home/arwilczek90/workspace/Elements/lib/slick/lib/ibxm.jar
7ff52c703000-7ff52c706000 r--s 0005b000 08:03 15598496                   /home/arwilczek90/workspace/Elements/lib/slick/lib/hiero.jar
7ff52c706000-7ff52c707000 r--s 00007000 08:03 15597697                   /home/arwilczek90/workspace/Elements/lib/slick/applet/lwjgl_util_applet.jar
7ff52c747000-7ff52c787000 rw-s f0300000 00:05 10225                      /dev/ati/card0
7ff52c787000-7ff52c78a000 ---p 00000000 00:00 0 
7ff52c78a000-7ff52c888000 rw-p 00000000 00:00 0 
7ff52c888000-7ff52c889000 r--s 00000000 08:03 19927127                   /var/cache/fontconfig/c05880de57d1f5e948fdfacc138775d9-le64.cache-3
7ff52c889000-7ff52c892000 r--s 00000000 08:03 19927122                   /var/cache/fontconfig/945677eb7aeaf62f1d50efc3fb3ec7d8-le64.cache-3
7ff52c892000-7ff52c894000 r--s 00000000 08:03 19927123                   /var/cache/fontconfig/99e8ed0e538f840c565b6ed5dad60d56-le64.cache-3
7ff52c894000-7ff52c898000 r--s 00000000 08:03 19927109                   /var/cache/fontconfig/2cd17615ca594fa2959ae173292e504c-le64.cache-3
7ff52c898000-7ff52c899000 r--s 00000000 08:03 19927134                   /var/cache/fontconfig/e7071f4a29fa870f4323321c154eba04-le64.cache-3
7ff52c899000-7ff52c89a000 r--s 00000000 08:03 19927107                   /var/cache/fontconfig/0d8c3b2ac0904cb8a57a757ad11a4a08-le64.cache-3
7ff52c89a000-7ff52c8a0000 r--s 00000000 08:03 19927124                   /var/cache/fontconfig/a755afe4a08bf5b97852ceb7400b47bc-le64.cache-3
7ff52c8a0000-7ff52c8a9000 r--s 00000000 08:03 19927460                   /var/cache/fontconfig/6d41288fd70b0be22e8c3a91e032eec0-le64.cache-3
7ff52c8a9000-7ff52c8b9000 r--s 00000000 08:03 19927106                   /var/cache/fontconfig/04aabc0a78ac019cf9454389977116d2-le64.cache-3
7ff52c8b9000-7ff52c8bc000 r--s 00000000 08:03 19927112                   /var/cache/fontconfig/385c0604a188198f04d133e54aba7fe7-le64.cache-3
7ff52c8bc000-7ff52c8bd000 r--s 00000000 08:03 19927113                   /var/cache/fontconfig/4794a0821666d79190d59a36cb4f44b5-le64.cache-3
7ff52c8bd000-7ff52c8c0000 r--s 00000000 08:03 19927121                   /var/cache/fontconfig/8801497958630a81b71ace7c5f9b32a8-le64.cache-3
7ff52c8c0000-7ff52c8ee000 r--s 00000000 08:03 19927454                   /var/cache/fontconfig/365b55f210c0a22e9a19e35191240f32-le64.cache-3
7ff52c8ee000-7ff52c8f3000 r--s 00000000 08:03 19927110                   /var/cache/fontconfig/3047814df9a2f067bd2d96a2b9c36e5a-le64.cache-3
7ff52c8f3000-7ff52c8f8000 r--s 00000000 08:03 19927125                   /var/cache/fontconfig/b47c4e1ecd0709278f4910c18777a504-le64.cache-3
7ff52c8fa000-7ff52c8fc000 r--s 00015000 08:03 15598514                   /home/arwilczek90/workspace/Elements/lib/slick/lib/tinylinepp.jar
7ff52c8fc000-7ff52c8ff000 r--s 00015000 08:03 15598512                   /home/arwilczek90/workspace/Elements/lib/slick/lib/slick-util.jar
7ff52c8ff000-7ff52c901000 r--s 00004000 08:03 15598506                   /home/arwilczek90/workspace/Elements/lib/slick/lib/packulike.jar
7ff52c901000-7ff52c902000 r--s 00043000 08:03 15598505                   /home/arwilczek90/workspace/Elements/lib/slick/lib/natives-win32.jar
7ff52c902000-7ff52c904000 r--s 00033000 08:03 15598504                   /home/arwilczek90/workspace/Elements/lib/slick/lib/natives-mac.jar
7ff52c904000-7ff52c90d000 r-xp 00000000 08:03 18488253                   /usr/lib/x86_64-linux-gnu/libXcursor.so.1.0.2
7ff52c90d000-7ff52cb0c000 ---p 00009000 08:03 18488253                   /usr/lib/x86_64-linux-gnu/libXcursor.so.1.0.2
7ff52cb0c000-7ff52cb0d000 r--p 00008000 08:03 18488253                   /usr/lib/x86_64-linux-gnu/libXcursor.so.1.0.2
7ff52cb0d000-7ff52cb0e000 rw-p 00009000 08:03 18488253                   /usr/lib/x86_64-linux-gnu/libXcursor.so.1.0.2
7ff52cb0e000-7ff52cb0f000 r--s 0003d000 08:03 15598503                   /home/arwilczek90/workspace/Elements/lib/slick/lib/natives-linux.jar
7ff52cb0f000-7ff52cb16000 r--s 00073000 08:03 15598502                   /home/arwilczek90/workspace/Elements/lib/slick/lib/lwjgl.jar
7ff52cb16000-7ff52cb18000 r--s 0000d000 08:03 15598501                   /home/arwilczek90/workspace/Elements/lib/slick/lib/jorbis-0.0.15.jar
7ff52cb18000-7ff52cb19000 r--s 00001000 08:03 15598500                   /home/arwilczek90/workspace/Elements/lib/slick/lib/jogg-0.0.7.jar
7ff52cb19000-7ff52cb1a000 r--s 00001000 08:03 15598499                   /home/arwilczek90/workspace/Elements/lib/slick/lib/jnlp.jar
7ff52cb1a000-7ff52cb1b000 rw-s 00005000 00:05 10225                      /dev/ati/card0
7ff52cb1b000-7ff52cb1d000 rw-s 00002000 00:05 10225                      /dev/ati/card0
7ff52cb1d000-7ff52cb28000 r--s 00093000 08:03 15597692                   /home/arwilczek90/workspace/Elements/lib/slick.jar
7ff52cb28000-7ff52cb2f000 r--s 000fb000 08:03 18618812                   /usr/lib/jvm/java-6-openjdk-common/jre/lib/resources.jar
7ff52cb2f000-7ff52cb30000 r--s 00000000 08:03 19927115                   /var/cache/fontconfig/56cf4f4769d0f4abc89a4895d7bd3ae1-le64.cache-3
7ff52cb30000-7ff52cb31000 r--s 00000000 08:03 19927126                   /var/cache/fontconfig/b9d506c9ac06c20b433354fa67a72993-le64.cache-3
7ff52cb31000-7ff52cb41000 r--s 00000000 08:03 19927130                   /var/cache/fontconfig/d52a8644073d54c13679302ca1180695-le64.cache-3
7ff52cb41000-7ff52cb44000 r--s 00000000 08:03 19927196                   /var/cache/fontconfig/e13b20fdb08344e0e664864cc2ede53d-le64.cache-3
7ff52cb44000-7ff52cb48000 r--s 00000000 08:03 19927452                   /var/cache/fontconfig/7ef2298fde41cc6eeb7af42e48b7d293-le64.cache-3
7ff52cb48000-7ff52cb4b000 ---p 00000000 00:00 0 
7ff52cb4b000-7ff52cc49000 rw-p 00000000 00:00 0 
7ff52cc49000-7ff52ccdf000 r-xp 00000000 08:03 18488439                   /usr/lib/x86_64-linux-gnu/libfreetype.so.6.8.0
7ff52ccdf000-7ff52cede000 ---p 00096000 08:03 18488439                   /usr/lib/x86_64-linux-gnu/libfreetype.so.6.8.0
7ff52cede000-7ff52cee4000 r--p 00095000 08:03 18488439                   /usr/lib/x86_64-linux-gnu/libfreetype.so.6.8.0
7ff52cee4000-7ff52cee5000 rw-p 0009b000 08:03 18488439                   /usr/lib/x86_64-linux-gnu/libfreetype.so.6.8.0
7ff52cee5000-7ff52cf1f000 r-xp 00000000 08:03 18618871                   /usr/lib/jvm/java-6-openjdk-amd64/jre/lib/amd64/libfontmanager.so
7ff52cf1f000-7ff52d11e000 ---p 0003a000 08:03 18618871                   /usr/lib/jvm/java-6-openjdk-amd64/jre/lib/amd64/libfontmanager.so
7ff52d11e000-7ff52d120000 r--p 00039000 08:03 18618871                   /usr/lib/jvm/java-6-openjdk-amd64/jre/lib/amd64/libfontmanager.so
7ff52d120000-7ff52d121000 rw-p 0003b000 08:03 18618871                   /usr/lib/jvm/java-6-openjdk-amd64/jre/lib/amd64/libfontmanager.so
7ff52d121000-7ff52d126000 r-xp 00000000 08:03 18488257                   /usr/lib/x86_64-linux-gnu/libXdmcp.so.6.0.0
7ff52d126000-7ff52d325000 ---p 00005000 08:03 18488257                   /usr/lib/x86_64-linux-gnu/libXdmcp.so.6.0.0
7ff52d325000-7ff52d326000 r--p 00004000 08:03 18488257                   /usr/lib/x86_64-linux-gnu/libXdmcp.so.6.0.0
7ff52d326000-7ff52d327000 rw-p 00005000 08:03 18488257                   /usr/lib/x86_64-linux-gnu/libXdmcp.so.6.0.0
7ff52d327000-7ff52d329000 r-xp 00000000 08:03 18488246                   /usr/lib/x86_64-linux-gnu/libXau.so.6.0.0
7ff52d329000-7ff52d528000 ---p 00002000 08:03 18488246                   /usr/lib/x86_64-linux-gnu/libXau.so.6.0.0
7ff52d528000-7ff52d529000 r--p 00001000 08:03 18488246                   /usr/lib/x86_64-linux-gnu/libXau.so.6.0.0
7ff52d529000-7ff52d52a000 rw-p 00002000 08:03 18488246                   /usr/lib/x86_64-linux-gnu/libXau.so.6.0.0
7ff52d52a000-7ff52d547000 r-xp 00000000 08:03 18488845                   /usr/lib/x86_64-linux-gnu/libxcb.so.1.1.0
7ff52d547000-7ff52d746000 ---p 0001d000 08:03 18488845                   /usr/lib/x86_64-linux-gnu/libxcb.so.1.1.0
7ff52d746000-7ff52d747000 r--p 0001c000 08:03 18488845                   /usr/lib/x86_64-linux-gnu/libxcb.so.1.1.0
7ff52d747000-7ff52d748000 rw-p 0001d000 08:03 18488845                   /usr/lib/x86_64-linux-gnu/libxcb.so.1.1.0
7ff52d748000-7ff52d756000 r-xp 00000000 08:03 18488265                   /usr/lib/x86_64-linux-gnu/libXi.so.6.1.0
7ff52d756000-7ff52d955000 ---p 0000e000 08:03 18488265                   /usr/lib/x86_64-linux-gnu/libXi.so.6.1.0
7ff52d955000-7ff52d956000 r--p 0000d000 08:03 18488265                   /usr/lib/x86_64-linux-gnu/libXi.so.6.1.0
7ff52d956000-7ff52d957000 rw-p 0000e000 08:03 18488265                   /usr/lib/x86_64-linux-gnu/libXi.so.6.1.0
7ff52d957000-7ff52d95c000 r-xp 00000000 08:03 18488283                   /usr/lib/x86_64-linux-gnu/libXtst.so.6.1.0
7ff52d95c000-7ff52db5b000 ---p 00005000 08:03 18488283                   /usr/lib/x86_64-linux-gnu/libXtst.so.6.1.0
7ff52db5b000-7ff52db5c000 r--p 00004000 08:03 18488283                   /usr/lib/x86_64-linux-gnu/libXtst.so.6.1.0
7ff52db5c000-7ff52db5d000 rw-p 00005000 08:03 18488283                   /usr/lib/x86_64-linux-gnu/libXtst.so.6.1.0
7ff52db5d000-7ff52db66000 r-xp 00000000 08:03 18488279                   /usr/lib/x86_64-linux-gnu/libXrender.so.1.3.0
7ff52db66000-7ff52dd65000 ---p 00009000 08:03 18488279                   /usr/lib/x86_64-linux-gnu/libXrender.so.1.3.0
7ff52dd65000-7ff52dd66000 r--p 00008000 08:03 18488279                   /usr/lib/x86_64-linux-gnu/libXrender.so.1.3.0
7ff52dd66000-7ff52dd67000 rw-p 00009000 08:03 18488279                   /usr/lib/x86_64-linux-gnu/libXrender.so.1.3.0
7ff52dd67000-7ff52de96000 r-xp 00000000 08:03 18488244                   /usr/lib/x86_64-linux-gnu/libX11.so.6.3.0
7ff52de96000-7ff52e096000 ---p 0012f000 08:03 18488244                   /usr/lib/x86_64-linux-gnu/libX11.so.6.3.0
7ff52e096000-7ff52e097000 r--p 0012f000 08:03 18488244                   /usr/lib/x86_64-linux-gnu/libX11.so.6.3.0
7ff52e097000-7ff52e09b000 rw-p 00130000 08:03 18488244                   /usr/lib/x86_64-linux-gnu/libX11.so.6.3.0
7ff52e09b000-7ff52e0ab000 r-xp 00000000 08:03 18488259                   /usr/lib/x86_64-linux-gnu/libXext.so.6.4.0
7ff52e0ab000-7ff52e2aa000 ---p 00010000 08:03 18488259                   /usr/lib/x86_64-linux-gnu/libXext.so.6.4.0
7ff52e2aa000-7ff52e2ab000 r--p 0000f000 08:03 18488259                   /usr/lib/x86_64-linux-gnu/libXext.so.6.4.0
7ff52e2ab000-7ff52e2ac000 rw-p 00010000 08:03 18488259                   /usr/lib/x86_64-linux-gnu/libXext.so.6.4.0
7ff52e2ac000-7ff52e2f7000 r-xp 00000000 08:03 18618972                   /usr/lib/jvm/java-6-openjdk-amd64/jre/lib/amd64/xawt/libmawt.so
7ff52e2f7000-7ff52e4f7000 ---p 0004b000 08:03 18618972                   /usr/lib/jvm/java-6-openjdk-amd64/jre/lib/amd64/xawt/libmawt.so
7ff52e4f7000-7ff52e4f8000 r--p 0004b000 08:03 18618972                   /usr/lib/jvm/java-6-openjdk-amd64/jre/lib/amd64/xawt/libmawt.so
7ff52e4f8000-7ff52e4fb000 rw-p 0004c000 08:03 18618972                   /usr/lib/jvm/java-6-openjdk-amd64/jre/lib/amd64/xawt/libmawt.so
7ff52e4fb000-7ff52e4fc000 rw-p 00000000 00:00 0 
7ff52e4fc000-7ff52e5a8000 r-xp 00000000 08:03 18618874                   /usr/lib/jvm/java-6-openjdk-amd64/jre/lib/amd64/libawt.so
7ff52e5a8000-7ff52e7a7000 ---p 000ac000 08:03 18618874                   /usr/lib/jvm/java-6-openjdk-amd64/jre/lib/amd64/libawt.so
7ff52e7a7000-7ff52e7a8000 r--p 000ab000 08:03 18618874                   /usr/lib/jvm/java-6-openjdk-amd64/jre/lib/amd64/libawt.so
7ff52e7a8000-7ff52e7b3000 rw-p 000ac000 08:03 18618874                   /usr/lib/jvm/java-6-openjdk-amd64/jre/lib/amd64/libawt.so
7ff52e7b3000-7ff52e7d8000 rw-p 00000000 00:00 0 
7ff52e7d8000-7ff52e7d9000 ---p 00000000 00:00 0 
7ff52e7d9000-7ff52e8d9000 rw-p 00000000 00:00 0 
7ff52e8d9000-7ff52e8dc000 ---p 00000000 00:00 0 
7ff52e8dc000-7ff52e9da000 rw-p 00000000 00:00 0 
7ff52e9da000-7ff52e9dd000 ---p 00000000 00:00 0 
7ff52e9dd000-7ff52eadb000 rw-p 00000000 00:00 0 
7ff52eadb000-7ff52eade000 ---p 00000000 00:00 0 
7ff52eade000-7ff52ebdc000 rw-p 00000000 00:00 0 
7ff52ebdc000-7ff52ebdf000 ---p 00000000 00:00 0 
7ff52ebdf000-7ff52ecdd000 rw-p 00000000 00:00 0 
7ff52ecdd000-7ff52f3c0000 r--p 00000000 08:03 18487587                   /usr/lib/locale/locale-archive
7ff52f3c0000-7ff52f3c3000 ---p 00000000 00:00 0 
7ff52f3c3000-7ff52f4c1000 rw-p 00000000 00:00 0 
7ff52f4c1000-7ff52f4c4000 ---p 00000000 00:00 0 
7ff52f4c4000-7ff52f5c2000 rw-p 00000000 00:00 0 
7ff52f5c2000-7ff52f5c3000 ---p 00000000 00:00 0 
7ff52f5c3000-7ff52fbc8000 rw-p 00000000 00:00 0 
7ff52fbc8000-7ff52fd5a000 r--s 037bf000 08:03 18618843                   /usr/lib/jvm/java-6-openjdk-amd64/jre/lib/rt.jar
7ff52fd5a000-7ff52fd5b000 ---p 00000000 00:00 0 
7ff52fd5b000-7ff52fe5b000 rw-p 00000000 00:00 0 
7ff52fe5b000-7ff52fe5c000 ---p 00000000 00:00 0 
7ff52fe5c000-7ff52ff5c000 rw-p 00000000 00:00 0 
7ff52ff5c000-7ff52ff5d000 ---p 00000000 00:00 0 
7ff52ff5d000-7ff53005d000 rw-p 00000000 00:00 0 
7ff53005d000-7ff53005e000 ---p 00000000 00:00 0 
7ff53005e000-7ff530185000 rw-p 00000000 00:00 0 
7ff530185000-7ff5303cc000 rw-p 00000000 00:00 0 
7ff5303cc000-7ff5303d7000 rw-p 00000000 00:00 0 
7ff5303d7000-7ff53041f000 rw-p 00000000 00:00 0 
7ff53041f000-7ff530446000 rw-p 00000000 00:00 0 
7ff530446000-7ff53068d000 rw-p 00000000 00:00 0 
7ff53068d000-7ff5306a1000 rw-p 00000000 00:00 0 
7ff5306a1000-7ff5307c4000 rw-p 00000000 00:00 0 
7ff5307c4000-7ff5307c5000 rw-p 00000000 00:00 0 
7ff5307c5000-7ff530a35000 rwxp 00000000 00:00 0 
7ff530a35000-7ff5337c5000 rw-p 00000000 00:00 0 
7ff5337c5000-7ff5337cc000 r-xp 00000000 08:03 18618888                   /usr/lib/jvm/java-6-openjdk-amd64/jre/lib/amd64/libzip.so
7ff5337cc000-7ff5339cb000 ---p 00007000 08:03 18618888                   /usr/lib/jvm/java-6-openjdk-amd64/jre/lib/amd64/libzip.so
7ff5339cb000-7ff5339cc000 r--p 00006000 08:03 18618888                   /usr/lib/jvm/java-6-openjdk-amd64/jre/lib/amd64/libzip.so
7ff5339cc000-7ff5339cd000 rw-p 00007000 08:03 18618888                   /usr/lib/jvm/java-6-openjdk-amd64/jre/lib/amd64/libzip.so
7ff5339cd000-7ff5339d9000 r-xp 00000000 08:03 21758081                   /lib/x86_64-linux-gnu/libnss_files-2.15.so
7ff5339d9000-7ff533bd8000 ---p 0000c000 08:03 21758081                   /lib/x86_64-linux-gnu/libnss_files-2.15.so
7ff533bd8000-7ff533bd9000 r--p 0000b000 08:03 21758081                   /lib/x86_64-linux-gnu/libnss_files-2.15.so
7ff533bd9000-7ff533bda000 rw-p 0000c000 08:03 21758081                   /lib/x86_64-linux-gnu/libnss_files-2.15.so
7ff533bda000-7ff533be4000 r-xp 00000000 08:03 21758077                   /lib/x86_64-linux-gnu/libnss_nis-2.15.so
7ff533be4000-7ff533de4000 ---p 0000a000 08:03 21758077                   /lib/x86_64-linux-gnu/libnss_nis-2.15.so
7ff533de4000-7ff533de5000 r--p 0000a000 08:03 21758077                   /lib/x86_64-linux-gnu/libnss_nis-2.15.so
7ff533de5000-7ff533de6000 rw-p 0000b000 08:03 21758077                   /lib/x86_64-linux-gnu/libnss_nis-2.15.so
7ff533de6000-7ff533dfd000 r-xp 00000000 08:03 21761730                   /lib/x86_64-linux-gnu/libnsl-2.15.so
7ff533dfd000-7ff533ffc000 ---p 00017000 08:03 21761730                   /lib/x86_64-linux-gnu/libnsl-2.15.so
7ff533ffc000-7ff533ffd000 r--p 00016000 08:03 21761730                   /lib/x86_64-linux-gnu/libnsl-2.15.so
7ff533ffd000-7ff533ffe000 rw-p 00017000 08:03 21761730                   /lib/x86_64-linux-gnu/libnsl-2.15.so
7ff533ffe000-7ff534000000 rw-p 00000000 00:00 0 
7ff534000000-7ff534d40000 rw-p 00000000 00:00 0 
7ff534d40000-7ff538000000 ---p 00000000 00:00 0 
7ff538000000-7ff538009000 r--s 00000000 08:03 19927460                   /var/cache/fontconfig/6d41288fd70b0be22e8c3a91e032eec0-le64.cache-3
7ff538009000-7ff53800c000 r--s 00000000 08:03 19927112                   /var/cache/fontconfig/385c0604a188198f04d133e54aba7fe7-le64.cache-3
7ff53800c000-7ff53800d000 r--s 00000000 08:03 19927113                   /var/cache/fontconfig/4794a0821666d79190d59a36cb4f44b5-le64.cache-3
7ff53800d000-7ff538010000 r--s 00000000 08:03 19927121                   /var/cache/fontconfig/8801497958630a81b71ace7c5f9b32a8-le64.cache-3
7ff538010000-7ff53803e000 r--s 00000000 08:03 19927454                   /var/cache/fontconfig/365b55f210c0a22e9a19e35191240f32-le64.cache-3
7ff53803e000-7ff53804e000 r--s 00000000 08:03 19927130                   /var/cache/fontconfig/d52a8644073d54c13679302ca1180695-le64.cache-3
7ff53804e000-7ff5380b4000 rw-p 00000000 00:00 0 
7ff5380b4000-7ff5380fc000 rw-p 00000000 00:00 0 
7ff5380fc000-7ff538104000 r-xp 00000000 08:03 21758082                   /lib/x86_64-linux-gnu/libnss_compat-2.15.so
7ff538104000-7ff538303000 ---p 00008000 08:03 21758082                   /lib/x86_64-linux-gnu/libnss_compat-2.15.so
7ff538303000-7ff538304000 r--p 00007000 08:03 21758082                   /lib/x86_64-linux-gnu/libnss_compat-2.15.so
7ff538304000-7ff538305000 rw-p 00008000 08:03 21758082                   /lib/x86_64-linux-gnu/libnss_compat-2.15.so
7ff538305000-7ff538331000 r-xp 00000000 08:03 18618873                   /usr/lib/jvm/java-6-openjdk-amd64/jre/lib/amd64/libjava.so
7ff538331000-7ff538530000 ---p 0002c000 08:03 18618873                   /usr/lib/jvm/java-6-openjdk-amd64/jre/lib/amd64/libjava.so
7ff538530000-7ff538531000 r--p 0002b000 08:03 18618873                   /usr/lib/jvm/java-6-openjdk-amd64/jre/lib/amd64/libjava.so
7ff538531000-7ff538534000 rw-p 0002c000 08:03 18618873                   /usr/lib/jvm/java-6-openjdk-amd64/jre/lib/amd64/libjava.so
7ff538534000-7ff538542000 r-xp 00000000 08:03 18618872                   /usr/lib/jvm/java-6-openjdk-amd64/jre/lib/amd64/libverify.so
7ff538542000-7ff538741000 ---p 0000e000 08:03 18618872                   /usr/lib/jvm/java-6-openjdk-amd64/jre/lib/amd64/libverify.so
7ff538741000-7ff538743000 r--p 0000d000 08:03 18618872                   /usr/lib/jvm/java-6-openjdk-amd64/jre/lib/amd64/libverify.so
7ff538743000-7ff538744000 rw-p 0000f000 08:03 18618872                   /usr/lib/jvm/java-6-openjdk-amd64/jre/lib/amd64/libverify.so
7ff538744000-7ff53874b000 r-xp 00000000 08:03 21758075                   /lib/x86_64-linux-gnu/librt-2.15.so
7ff53874b000-7ff53894a000 ---p 00007000 08:03 21758075                   /lib/x86_64-linux-gnu/librt-2.15.so
7ff53894a000-7ff53894b000 r--p 00006000 08:03 21758075                   /lib/x86_64-linux-gnu/librt-2.15.so
7ff53894b000-7ff53894c000 rw-p 00007000 08:03 21758075                   /lib/x86_64-linux-gnu/librt-2.15.so
7ff53894c000-7ff538961000 r-xp 00000000 08:03 21761542                   /lib/x86_64-linux-gnu/libgcc_s.so.1
7ff538961000-7ff538b60000 ---p 00015000 08:03 21761542                   /lib/x86_64-linux-gnu/libgcc_s.so.1
7ff538b60000-7ff538b61000 r--p 00014000 08:03 21761542                   /lib/x86_64-linux-gnu/libgcc_s.so.1
7ff538b61000-7ff538b62000 rw-p 00015000 08:03 21761542                   /lib/x86_64-linux-gnu/libgcc_s.so.1
7ff538b62000-7ff538c5b000 r-xp 00000000 08:03 21758079                   /lib/x86_64-linux-gnu/libm-2.15.so
7ff538c5b000-7ff538e5a000 ---p 000f9000 08:03 21758079                   /lib/x86_64-linux-gnu/libm-2.15.so
7ff538e5a000-7ff538e5b000 r--p 000f8000 08:03 21758079                   /lib/x86_64-linux-gnu/libm-2.15.so
7ff538e5b000-7ff538e5c000 rw-p 000f9000 08:03 21758079                   /lib/x86_64-linux-gnu/libm-2.15.so
7ff538e5c000-7ff538f3e000 r-xp 00000000 08:03 18488773                   /usr/lib/x86_64-linux-gnu/libstdc++.so.6.0.16
7ff538f3e000-7ff53913d000 ---p 000e2000 08:03 18488773                   /usr/lib/x86_64-linux-gnu/libstdc++.so.6.0.16
7ff53913d000-7ff539145000 r--p 000e1000 08:03 18488773                   /usr/lib/x86_64-linux-gnu/libstdc++.so.6.0.16
7ff539145000-7ff539147000 rw-p 000e9000 08:03 18488773                   /usr/lib/x86_64-linux-gnu/libstdc++.so.6.0.16
7ff539147000-7ff53915c000 rw-p 00000000 00:00 0 
7ff53915c000-7ff539a60000 r-xp 00000000 08:03 18618878                   /usr/lib/jvm/java-6-openjdk-amd64/jre/lib/amd64/server/libjvm.so
7ff539a60000-7ff539c60000 ---p 00904000 08:03 18618878                   /usr/lib/jvm/java-6-openjdk-amd64/jre/lib/amd64/server/libjvm.so
7ff539c60000-7ff539ce0000 r--p 00904000 08:03 18618878                   /usr/lib/jvm/java-6-openjdk-amd64/jre/lib/amd64/server/libjvm.so
7ff539ce0000-7ff539cfb000 rw-p 00984000 08:03 18618878                   /usr/lib/jvm/java-6-openjdk-amd64/jre/lib/amd64/server/libjvm.so
7ff539cfb000-7ff539d24000 rw-p 00000000 00:00 0 
7ff539d24000-7ff539d3a000 r-xp 00000000 08:03 21761632                   /lib/x86_64-linux-gnu/libz.so.1.2.3.4
7ff539d3a000-7ff539f39000 ---p 00016000 08:03 21761632                   /lib/x86_64-linux-gnu/libz.so.1.2.3.4
7ff539f39000-7ff539f3a000 r--p 00015000 08:03 21761632                   /lib/x86_64-linux-gnu/libz.so.1.2.3.4
7ff539f3a000-7ff539f3b000 rw-p 00016000 08:03 21761632                   /lib/x86_64-linux-gnu/libz.so.1.2.3.4
7ff539f3b000-7ff53a0f0000 r-xp 00000000 08:03 21757975                   /lib/x86_64-linux-gnu/libc-2.15.so
7ff53a0f0000-7ff53a2ef000 ---p 001b5000 08:03 21757975                   /lib/x86_64-linux-gnu/libc-2.15.so
7ff53a2ef000-7ff53a2f3000 r--p 001b4000 08:03 21757975                   /lib/x86_64-linux-gnu/libc-2.15.so
7ff53a2f3000-7ff53a2f5000 rw-p 001b8000 08:03 21757975                   /lib/x86_64-linux-gnu/libc-2.15.so
7ff53a2f5000-7ff53a2fa000 rw-p 00000000 00:00 0 
7ff53a2fa000-7ff53a2fc000 r-xp 00000000 08:03 21757964                   /lib/x86_64-linux-gnu/libdl-2.15.so
7ff53a2fc000-7ff53a4fc000 ---p 00002000 08:03 21757964                   /lib/x86_64-linux-gnu/libdl-2.15.so
7ff53a4fc000-7ff53a4fd000 r--p 00002000 08:03 21757964                   /lib/x86_64-linux-gnu/libdl-2.15.so
7ff53a4fd000-7ff53a4fe000 rw-p 00003000 08:03 21757964                   /lib/x86_64-linux-gnu/libdl-2.15.so
7ff53a4fe000-7ff53a502000 r-xp 00000000 08:03 18618855                   /usr/lib/jvm/java-6-openjdk-amd64/jre/lib/amd64/jli/libjli.so
7ff53a502000-7ff53a701000 ---p 00004000 08:03 18618855                   /usr/lib/jvm/java-6-openjdk-amd64/jre/lib/amd64/jli/libjli.so
7ff53a701000-7ff53a702000 r--p 00003000 08:03 18618855                   /usr/lib/jvm/java-6-openjdk-amd64/jre/lib/amd64/jli/libjli.so
7ff53a702000-7ff53a703000 rw-p 00004000 08:03 18618855                   /usr/lib/jvm/java-6-openjdk-amd64/jre/lib/amd64/jli/libjli.so
7ff53a703000-7ff53a71b000 r-xp 00000000 08:03 21758073                   /lib/x86_64-linux-gnu/libpthread-2.15.so
7ff53a71b000-7ff53a91a000 ---p 00018000 08:03 21758073                   /lib/x86_64-linux-gnu/libpthread-2.15.so
7ff53a91a000-7ff53a91b000 r--p 00017000 08:03 21758073                   /lib/x86_64-linux-gnu/libpthread-2.15.so
7ff53a91b000-7ff53a91c000 rw-p 00018000 08:03 21758073                   /lib/x86_64-linux-gnu/libpthread-2.15.so
7ff53a91c000-7ff53a920000 rw-p 00000000 00:00 0 
7ff53a920000-7ff53a942000 r-xp 00000000 08:03 21758085                   /lib/x86_64-linux-gnu/ld-2.15.so
7ff53a942000-7ff53a943000 r--s 00000000 08:03 19927134                   /var/cache/fontconfig/e7071f4a29fa870f4323321c154eba04-le64.cache-3
7ff53a943000-7ff53a944000 r--s 00000000 08:03 19927107                   /var/cache/fontconfig/0d8c3b2ac0904cb8a57a757ad11a4a08-le64.cache-3
7ff53a944000-7ff53a949000 r--s 00000000 08:03 19927110                   /var/cache/fontconfig/3047814df9a2f067bd2d96a2b9c36e5a-le64.cache-3
7ff53a949000-7ff53a94a000 r--s 00000000 08:03 19927115                   /var/cache/fontconfig/56cf4f4769d0f4abc89a4895d7bd3ae1-le64.cache-3
7ff53a94a000-7ff53a94f000 r--s 00000000 08:03 19927125                   /var/cache/fontconfig/b47c4e1ecd0709278f4910c18777a504-le64.cache-3
7ff53a94f000-7ff53a952000 r--s 00000000 08:03 19927196                   /var/cache/fontconfig/e13b20fdb08344e0e664864cc2ede53d-le64.cache-3
7ff53a952000-7ff53a956000 r--s 00000000 08:03 19927452                   /var/cache/fontconfig/7ef2298fde41cc6eeb7af42e48b7d293-le64.cache-3
7ff53a956000-7ff53a959000 r--s 0007d000 08:03 18618443                   /usr/lib/jvm/java-6-openjdk-common/jre/lib/jsse.jar
7ff53a959000-7ff53a960000 r--s 00073000 08:03 15597691                   /home/arwilczek90/workspace/Elements/lib/lwjgl.jar
7ff53a960000-7ff53a96a000 rw-p 00000000 00:00 0 
7ff53a96a000-7ff53aa20000 rw-p 00000000 00:00 0 
7ff53aa20000-7ff53aa23000 ---p 00000000 00:00 0 
7ff53aa23000-7ff53ab26000 rw-p 00000000 00:00 0 
7ff53ab26000-7ff53ab27000 r--s 00000000 08:03 19927126                   /var/cache/fontconfig/b9d506c9ac06c20b433354fa67a72993-le64.cache-3
7ff53ab27000-7ff53ab29000 r--s 0000f000 08:03 18618803                   /usr/lib/jvm/java-6-openjdk-common/jre/lib/ext/pulse-java.jar
7ff53ab29000-7ff53ab2c000 r--s 00077000 08:03 18618797                   /usr/lib/jvm/java-6-openjdk-common/jre/lib/ext/localedata.jar
7ff53ab2c000-7ff53ab2d000 r--s 00007000 08:03 18748229                   /usr/share/java/java-atk-wrapper.jar
7ff53ab2d000-7ff53ab2f000 r--s 00001000 08:03 18618801                   /usr/lib/jvm/java-6-openjdk-common/jre/lib/ext/dnsns.jar
7ff53ab2f000-7ff53ab33000 r--s 00038000 08:03 18618795                   /usr/lib/jvm/java-6-openjdk-common/jre/lib/ext/sunpkcs11.jar
7ff53ab33000-7ff53ab36000 r--s 00031000 08:03 18618799                   /usr/lib/jvm/java-6-openjdk-common/jre/lib/ext/sunjce_provider.jar
7ff53ab36000-7ff53ab3e000 rw-s 00000000 08:03 8126514                    /tmp/hsperfdata_arwilczek90/13242 (deleted)
7ff53ab3e000-7ff53ab3f000 rw-p 00000000 00:00 0 
7ff53ab3f000-7ff53ab40000 ---p 00000000 00:00 0 
7ff53ab40000-7ff53ab42000 rw-p 00000000 00:00 0 
7ff53ab42000-7ff53ab43000 r--p 00022000 08:03 21758085                   /lib/x86_64-linux-gnu/ld-2.15.so
7ff53ab43000-7ff53ab45000 rw-p 00023000 08:03 21758085                   /lib/x86_64-linux-gnu/ld-2.15.so
7fff35b67000-7fff35b88000 rw-p 00000000 00:00 0                          [stack]
7fff35bff000-7fff35c00000 r-xp 00000000 00:00 0                          [vdso]
ffffffffff600000-ffffffffff601000 r-xp 00000000 00:00 0                  [vsyscall]

VM Arguments:
jvm_args: -Djava.library.path=/home/arwilczek90/workspace/Elements/lib/slick:/home/arwilczek90/workspace/Elements/lib/slick -Dfile.encoding=UTF-8 
java_command: com.hack.elements.view.Main
Launcher Type: SUN_STANDARD

Environment Variables:
PATH=/usr/lib/lightdm/lightdm:/usr/local/sbin:/usr/local/bin:/usr/sbin:/usr/bin:/sbin:/bin:/usr/games
LD_LIBRARY_PATH=/usr/lib/jvm/java-6-openjdk-amd64/jre/lib/amd64/server:/usr/lib/jvm/java-6-openjdk-amd64/jre/lib/amd64:/usr/lib/jvm/java-6-openjdk-amd64/jre/../lib/amd64
SHELL=/bin/bash
DISPLAY=:0.0

Signal Handlers:
SIGSEGV: [libjvm.so+0x784310], sa_mask[0]=0x7ffbfeff, sa_flags=0x10000004
SIGBUS: [libjvm.so+0x784310], sa_mask[0]=0x7ffbfeff, sa_flags=0x10000004
SIGFPE: [libjvm.so+0x648580], sa_mask[0]=0x7ffbfeff, sa_flags=0x10000004
SIGPIPE: [libjvm.so+0x648580], sa_mask[0]=0x7ffbfeff, sa_flags=0x10000004
SIGXFSZ: [libjvm.so+0x648580], sa_mask[0]=0x7ffbfeff, sa_flags=0x10000004
SIGILL: [libjvm.so+0x648580], sa_mask[0]=0x7ffbfeff, sa_flags=0x10000004
SIGUSR1: SIG_DFL, sa_mask[0]=0x00000000, sa_flags=0x00000000
SIGUSR2: [libjvm.so+0x648730], sa_mask[0]=0x00000004, sa_flags=0x10000004
SIGHUP: [libjvm.so+0x64b250], sa_mask[0]=0x7ffbfeff, sa_flags=0x10000004
SIGINT: [libjvm.so+0x64b250], sa_mask[0]=0x7ffbfeff, sa_flags=0x10000004
SIGTERM: [libjvm.so+0x64b250], sa_mask[0]=0x7ffbfeff, sa_flags=0x10000004
SIGQUIT: [libjvm.so+0x64b250], sa_mask[0]=0x7ffbfeff, sa_flags=0x10000004


---------------  S Y S T E M  ---------------

OS:Ubuntu 12.04 (precise)
uname:Linux 3.2.0-32-generic #51-Ubuntu SMP Wed Sep 26 21:33:09 UTC 2012 x86_64
libc:glibc 2.15 NPTL 2.15 
rlimit: STACK 8192k, CORE 0k, NPROC 59545, NOFILE 4096, AS infinity
load average:3.17 1.47 1.05

/proc/meminfo:
MemTotal:        7639648 kB
MemFree:         4022700 kB
Buffers:          114624 kB
Cached:          1301308 kB
SwapCached:            0 kB
Active:          2227328 kB
Inactive:         858952 kB
Active(anon):    1671412 kB
Inactive(anon):    15484 kB
Active(file):     555916 kB
Inactive(file):   843468 kB
Unevictable:          20 kB
Mlocked:              20 kB
SwapTotal:       3818492 kB
SwapFree:        3818492 kB
Dirty:            140604 kB
Writeback:             0 kB
AnonPages:       1670972 kB
Mapped:           315432 kB
Shmem:             16316 kB
Slab:              96904 kB
SReclaimable:      66500 kB
SUnreclaim:        30404 kB
KernelStack:        4320 kB
PageTables:        34892 kB
NFS_Unstable:          0 kB
Bounce:                0 kB
WritebackTmp:          0 kB
CommitLimit:     7638316 kB
Committed_AS:    4425712 kB
VmallocTotal:   34359738367 kB
VmallocUsed:      116912 kB
VmallocChunk:   34359619344 kB
HardwareCorrupted:     0 kB
AnonHugePages:         0 kB
HugePages_Total:       0
HugePages_Free:        0
HugePages_Rsvd:        0
HugePages_Surp:        0
Hugepagesize:       2048 kB
DirectMap4k:      329728 kB
DirectMap2M:     5416960 kB
DirectMap1G:     2097152 kB


CPU:total 4 (4 cores per cpu, 1 threads per core) family 18 model 1 stepping 0, cmov, cx8, fxsr, mmx, sse, sse2, sse3, popcnt, mmxext, 3dnowpref, lzcnt, sse4a

Memory: 4k page, physical 7639648k(4022700k free), swap 3818492k(3818492k free)

vm_info: OpenJDK 64-Bit Server VM (20.0-b12) for linux-amd64 JRE (1.6.0_24-b24), built on Sep  2 2012 19:50:47 by "buildd" with gcc 4.6.3

time: Sat Oct 13 19:27:48 2012
elapsed time: 120 seconds

