#
# A fatal error has been detected by the Java Runtime Environment:
#
#  SIGSEGV (0xb) at pc=0x00007f3ee9f14c58, pid=13083, tid=139908216088320
#
# JRE version: 6.0_24-b24
# Java VM: OpenJDK 64-Bit Server VM (20.0-b12 mixed mode linux-amd64 compressed oops)
# Derivative: IcedTea6 1.11.4
# Distribution: Ubuntu 12.04 LTS, package 6b24-1.11.4-1ubuntu0.12.04.1
# Problematic frame:
# C  [libX11.so.6+0x33c58]  XQueryExtension+0x28
#
# If you would like to submit a bug report, please include
# instructions how to reproduce the bug and visit:
#   https://bugs.launchpad.net/ubuntu/+source/openjdk-6/
#

---------------  T H R E A D  ---------------

Current thread (0x00007f3ef0070000):  VMThread [stack: 0x00007f3eeb756000,0x00007f3eeb857000] [id=13093]

siginfo:si_signo=SIGSEGV: si_errno=0, si_code=1 (SEGV_MAPERR), si_addr=0xfffffffff0228d78

Registers:
RAX=0x00007f3ec40008c0, RBX=0xfffffffff0228410, RCX=0x00007f3eeb855658, RDX=0x00007f3eeb855654
RSP=0x00007f3eeb8555f0, RBP=0x00007f3ee3c8b932, RSI=0x00007f3ee3c8b932, RDI=0xfffffffff0228410
R8 =0x00007f3eeb85565c, R9 =0x0000000000000000, R10=0x00007f3ef643dfa8, R11=0x00007f3ef60bdca0
R12=0x0000000000000000, R13=0x00007f3ee3c8b932, R14=0x00007f3ec40008c0, R15=0x0000000000000000
RIP=0x00007f3ee9f14c58, EFLAGS=0x0000000000010206, CSGSFS=0x0000000000000033, ERR=0x0000000000000005
  TRAPNO=0x000000000000000e

Top of Stack: (sp=0x00007f3eeb8555f0)
0x00007f3eeb8555f0:   00007f3ef6090790 00007f3ef6c6c9e8
0x00007f3eeb855600:   00007f3eeca7de00 00007f3eeca7de60
0x00007f3eeb855610:   00000000ffffffff fffffffff0228410
0x00007f3eeb855620:   00007f3ee3c8b932 0000000000000000
0x00007f3eeb855630:   00007f3ee3c8b932 00007f3ec40008c0
0x00007f3eeb855640:   0000000000000000 00007f3ee9f08c55
0x00007f3eeb855650:   00007f3ef6c8a048 00007f3ee3dc4520
0x00007f3eeb855660:   00007f3ee3dc4520 fffffffff0228410
0x00007f3eeb855670:   00007f3ef01718f0 00007f3eea22202b
0x00007f3eeb855680:   00007f3ef6090790 000000110000002c
0x00007f3eeb855690:   00007f3eeb855710 0000000000000000
0x00007f3eeb8556a0:   00007f3eeb855710 fffffffff0228410
0x00007f3eeb8556b0:   0000000000000000 00007f3ef6c8a048
0x00007f3eeb8556c0:   00007f3ee3dddd50 00007f3ee3c32119
0x00007f3eeb8556d0:   0000000000000000 000000000000002c
0x00007f3eeb8556e0:   00007f3eeb855710 00007f3eeb855730
0x00007f3eeb8556f0:   0000000000000000 00007f3ef6c8a048
0x00007f3eeb855700:   00007f3ef0227f70 00007f3ee3c28b42
0x00007f3eeb855710:   00007f3eeb855900 00007f3ee3c8b8b1
0x00007f3eeb855720:   00007f3eeb855900 00007f3ef6a7692d
0x00007f3eeb855730:   00007f3ef6c8b2c8 00007f3ef6c8b858
0x00007f3eeb855740:   00007f3ef6c6c000 00007f3ef0006a00
0x00007f3eeb855750:   00007f3ef0007510 00007f3ef0006eb0
0x00007f3eeb855760:   00007f3ef0007a10 00007f3ef000c6f0
0x00007f3eeb855770:   00007f3ef0156210 00007f3ef01566f0
0x00007f3eeb855780:   00007f3ef6c6b000 00007f3ef0224970
0x00007f3eeb855790:   00007f3ef021f480 00007f3ef021f920
0x00007f3eeb8557a0:   00007f3ef0224e40 00007f3ef02252e0
0x00007f3eeb8557b0:   00007f3ef0225780 00007f3ef0119d20
0x00007f3eeb8557c0:   00007f3ef0115510 00007f3ef00025e0
0x00007f3eeb8557d0:   00007f3ef0001ec0 0000000001cca5f0
0x00007f3eeb8557e0:   0000000001ccab60 0000000001ccb570 

Instructions: (pc=0x00007f3ee9f14c58)
0x00007f3ee9f14c38:   24 d8 48 89 fb 4c 89 64 24 e0 4c 89 6c 24 e8 48
0x00007f3ee9f14c48:   89 f5 4c 89 74 24 f0 4c 89 7c 24 f8 48 83 ec 58
0x00007f3ee9f14c58:   48 8b 87 68 09 00 00 49 89 d4 49 89 cd 4d 89 c6
0x00007f3ee9f14c68:   48 85 c0 74 02 ff 10 ba 08 00 00 00 be 62 00 00 

Register to memory mapping:

RAX=0x00007f3ec40008c0 is an unknown value
RBX=0xfffffffff0228410 is an unknown value
RCX=0x00007f3eeb855658 is an unknown value
RDX=0x00007f3eeb855654 is an unknown value
RSP=0x00007f3eeb8555f0 is an unknown value
RBP=0x00007f3ee3c8b932: <offset 0x96932> in /usr/lib/fglrx/libGL.so.1 at 0x00007f3ee3bf5000
RSI=0x00007f3ee3c8b932: <offset 0x96932> in /usr/lib/fglrx/libGL.so.1 at 0x00007f3ee3bf5000
RDI=0xfffffffff0228410 is an unknown value
R8 =0x00007f3eeb85565c is an unknown value
R9 =0x0000000000000000 is an unknown value
R10=0x00007f3ef643dfa8: <offset 0x3bbfa8> in /lib/x86_64-linux-gnu/libc.so.6 at 0x00007f3ef6082000
R11=0x00007f3ef60bdca0: __cxa_finalize+0 in /lib/x86_64-linux-gnu/libc.so.6 at 0x00007f3ef6082000
R12=0x0000000000000000 is an unknown value
R13=0x00007f3ee3c8b932: <offset 0x96932> in /usr/lib/fglrx/libGL.so.1 at 0x00007f3ee3bf5000
R14=0x00007f3ec40008c0 is an unknown value
R15=0x0000000000000000 is an unknown value


Stack: [0x00007f3eeb756000,0x00007f3eeb857000],  sp=0x00007f3eeb8555f0,  free space=1021k
Native frames: (J=compiled Java code, j=interpreted, Vv=VM code, C=native code)
C  [libX11.so.6+0x33c58]  XQueryExtension+0x28

VM_Operation (0x00007f3ef6c66680): Exit, mode: safepoint, requested by thread 0x00007f3ef0008800


---------------  P R O C E S S  ---------------

Java Threads: ( => current thread )
  0x00007f3ef0af0800 JavaThread "Thread-2" daemon [_thread_blocked, id=13105, stack(0x00007f3ee0cc5000,0x00007f3ee0dc6000)]
  0x00007f3ef0224000 JavaThread "AWT-XAWT" daemon [_thread_blocked, id=13102, stack(0x00007f3ee8901000,0x00007f3ee8a02000)]
  0x00007f3ef0167800 JavaThread "Java2D Disposer" daemon [_thread_blocked, id=13101, stack(0x00007f3ee8cc2000,0x00007f3ee8dc3000)]
  0x00007f3ef009e800 JavaThread "Low Memory Detector" daemon [_thread_blocked, id=13099, stack(0x00007f3eeaa6d000,0x00007f3eeab6e000)]
  0x00007f3ef009c000 JavaThread "C2 CompilerThread1" daemon [_thread_blocked, id=13098, stack(0x00007f3eeab6e000,0x00007f3eeac6f000)]
  0x00007f3ef0099800 JavaThread "C2 CompilerThread0" daemon [_thread_blocked, id=13097, stack(0x00007f3eeac6f000,0x00007f3eead70000)]
  0x00007f3ef0079000 JavaThread "Finalizer" daemon [_thread_blocked, id=13095, stack(0x00007f3eeb554000,0x00007f3eeb655000)]
  0x00007f3ef0077000 JavaThread "Reference Handler" daemon [_thread_blocked, id=13094, stack(0x00007f3eeb655000,0x00007f3eeb756000)]
  0x00007f3ef0008800 JavaThread "main" [_thread_blocked, id=13088, stack(0x00007f3ef6b67000,0x00007f3ef6c68000)]

Other Threads:
=>0x00007f3ef0070000 VMThread [stack: 0x00007f3eeb756000,0x00007f3eeb857000] [id=13093]

VM state:at safepoint (shutting down)

VM Mutex/Monitor currently owned by a thread:  ([mutex/lock_event])
[0x00007f3ef0004dd0] Threads_lock - owner thread: 0x00007f3ef0070000

Heap
 PSYoungGen      total 34880K, used 18718K [0x00000000d9200000, 0x00000000db8e0000, 0x0000000100000000)
  eden space 29952K, 62% used [0x00000000d9200000,0x00000000da4478d0,0x00000000daf40000)
  from space 4928K, 0% used [0x00000000db410000,0x00000000db410000,0x00000000db8e0000)
  to   space 4928K, 0% used [0x00000000daf40000,0x00000000daf40000,0x00000000db410000)
 PSOldGen        total 79616K, used 0K [0x000000008b600000, 0x00000000903c0000, 0x00000000d9200000)
  object space 79616K, 0% used [0x000000008b600000,0x000000008b600000,0x00000000903c0000)
 PSPermGen       total 21248K, used 11348K [0x0000000081000000, 0x00000000824c0000, 0x000000008b600000)
  object space 21248K, 53% used [0x0000000081000000,0x0000000081b150c0,0x00000000824c0000)

Code Cache  [0x00007f3eec9df000, 0x00007f3eecc4f000, 0x00007f3eef9df000)
 total_blobs=589 nmethods=104 adapters=439 free_code_cache=49587584 largest_free_block=21440

Dynamic libraries:
00400000-00409000 r-xp 00000000 08:03 18618890                           /usr/lib/jvm/java-6-openjdk-amd64/jre/bin/java
00608000-00609000 r--p 00008000 08:03 18618890                           /usr/lib/jvm/java-6-openjdk-amd64/jre/bin/java
00609000-0060a000 rw-p 00009000 08:03 18618890                           /usr/lib/jvm/java-6-openjdk-amd64/jre/bin/java
01cca000-01ceb000 rw-p 00000000 00:00 0                                  [heap]
81000000-824c0000 rw-p 00000000 00:00 0 
824c0000-8b600000 rw-p 00000000 00:00 0 
8b600000-903c0000 rw-p 00000000 00:00 0 
903c0000-d9200000 rw-p 00000000 00:00 0 
d9200000-db8e0000 rw-p 00000000 00:00 0 
db8e0000-100000000 rw-p 00000000 00:00 0 
7f3e9c000000-7f3e9c021000 rw-p 00000000 00:00 0 
7f3e9c021000-7f3ea0000000 ---p 00000000 00:00 0 
7f3ea0000000-7f3ea0021000 rw-p 00000000 00:00 0 
7f3ea0021000-7f3ea4000000 ---p 00000000 00:00 0 
7f3ea4000000-7f3ea4021000 rw-p 00000000 00:00 0 
7f3ea4021000-7f3ea8000000 ---p 00000000 00:00 0 
7f3ea8000000-7f3ea8021000 rw-p 00000000 00:00 0 
7f3ea8021000-7f3eac000000 ---p 00000000 00:00 0 
7f3eac000000-7f3eac021000 rw-p 00000000 00:00 0 
7f3eac021000-7f3eb0000000 ---p 00000000 00:00 0 
7f3eb0000000-7f3eb0618000 rw-p 00000000 00:00 0 
7f3eb0618000-7f3eb4000000 ---p 00000000 00:00 0 
7f3eb4000000-7f3eb41e8000 rw-p 00000000 00:00 0 
7f3eb41e8000-7f3eb8000000 ---p 00000000 00:00 0 
7f3eb8000000-7f3eb8021000 rw-p 00000000 00:00 0 
7f3eb8021000-7f3ebc000000 ---p 00000000 00:00 0 
7f3ebc000000-7f3ebc021000 rw-p 00000000 00:00 0 
7f3ebc021000-7f3ec0000000 ---p 00000000 00:00 0 
7f3ec0000000-7f3ec0021000 rw-p 00000000 00:00 0 
7f3ec0021000-7f3ec4000000 ---p 00000000 00:00 0 
7f3ec4000000-7f3ec4021000 rw-p 00000000 00:00 0 
7f3ec4021000-7f3ec8000000 ---p 00000000 00:00 0 
7f3ec8000000-7f3ec8021000 rw-p 00000000 00:00 0 
7f3ec8021000-7f3ecc000000 ---p 00000000 00:00 0 
7f3ecc000000-7f3ecc021000 rw-p 00000000 00:00 0 
7f3ecc021000-7f3ed0000000 ---p 00000000 00:00 0 
7f3ed4000000-7f3ed4021000 rw-p 00000000 00:00 0 
7f3ed4021000-7f3ed8000000 ---p 00000000 00:00 0 
7f3edc000000-7f3edc021000 rw-p 00000000 00:00 0 
7f3edc021000-7f3ee0000000 ---p 00000000 00:00 0 
7f3ee07be000-7f3ee07c1000 ---p 00000000 00:00 0 
7f3ee07c1000-7f3ee08bf000 rw-p 00000000 00:00 0 
7f3ee08bf000-7f3ee08c2000 ---p 00000000 00:00 0 
7f3ee08c2000-7f3ee0bc2000 rw-p 00000000 00:00 0 
7f3ee0bc2000-7f3ee0bc5000 r-xp 00000000 08:03 15602613                   /home/arwilczek90/workspace/Elements/lib/slick/libjinput-linux64.so
7f3ee0bc5000-7f3ee0cc4000 ---p 00003000 08:03 15602613                   /home/arwilczek90/workspace/Elements/lib/slick/libjinput-linux64.so
7f3ee0cc4000-7f3ee0cc5000 rw-p 00002000 08:03 15602613                   /home/arwilczek90/workspace/Elements/lib/slick/libjinput-linux64.so
7f3ee0cc5000-7f3ee0cc8000 ---p 00000000 00:00 0 
7f3ee0cc8000-7f3ee0dc6000 rw-p 00000000 00:00 0 
7f3ee0dc6000-7f3ee14c6000 rw-s 00006000 00:05 10225                      /dev/ati/card0
7f3ee14c6000-7f3ee14c8000 r-xp 00000000 08:03 18488267                   /usr/lib/x86_64-linux-gnu/libXinerama.so.1.0.0
7f3ee14c8000-7f3ee16c7000 ---p 00002000 08:03 18488267                   /usr/lib/x86_64-linux-gnu/libXinerama.so.1.0.0
7f3ee16c7000-7f3ee16c8000 r--p 00001000 08:03 18488267                   /usr/lib/x86_64-linux-gnu/libXinerama.so.1.0.0
7f3ee16c8000-7f3ee16c9000 rw-p 00002000 08:03 18488267                   /usr/lib/x86_64-linux-gnu/libXinerama.so.1.0.0
7f3ee16c9000-7f3ee1704000 r-xp 00000000 08:03 19009508                   /usr/lib/fglrx/libatiadlxx.so
7f3ee1704000-7f3ee1804000 ---p 0003b000 08:03 19009508                   /usr/lib/fglrx/libatiadlxx.so
7f3ee1804000-7f3ee180d000 rw-p 0003b000 08:03 19009508                   /usr/lib/fglrx/libatiadlxx.so
7f3ee180d000-7f3ee181e000 rw-p 00000000 00:00 0 
7f3ee181e000-7f3ee1825000 r-xp 00000000 08:03 19009532                   /usr/lib/fglrx/libatiuki.so.1.0
7f3ee1825000-7f3ee1925000 ---p 00007000 08:03 19009532                   /usr/lib/fglrx/libatiuki.so.1.0
7f3ee1925000-7f3ee1926000 rw-p 00007000 08:03 19009532                   /usr/lib/fglrx/libatiuki.so.1.0
7f3ee1926000-7f3ee1927000 rw-p 00000000 00:00 0 
7f3ee1927000-7f3ee3881000 r-xp 00000000 08:03 19009510                   /usr/lib/fglrx/dri/fglrx_dri.so
7f3ee3881000-7f3ee3981000 ---p 01f5a000 08:03 19009510                   /usr/lib/fglrx/dri/fglrx_dri.so
7f3ee3981000-7f3ee3acf000 rwxp 01f5a000 08:03 19009510                   /usr/lib/fglrx/dri/fglrx_dri.so
7f3ee3acf000-7f3ee3bf5000 rwxp 00000000 00:00 0 
7f3ee3bf5000-7f3ee3cb8000 r-xp 00000000 08:03 19009512                   /usr/lib/fglrx/libGL.so.1.2
7f3ee3cb8000-7f3ee3db7000 ---p 000c3000 08:03 19009512                   /usr/lib/fglrx/libGL.so.1.2
7f3ee3db7000-7f3ee3dde000 rwxp 000c2000 08:03 19009512                   /usr/lib/fglrx/libGL.so.1.2
7f3ee3dde000-7f3ee3dfe000 rwxp 00000000 00:00 0 
7f3ee3dfe000-7f3ee3dff000 r-xp 00000000 08:03 18618886                   /usr/lib/jvm/java-6-openjdk-amd64/jre/lib/amd64/libjawt.so
7f3ee3dff000-7f3ee3ffe000 ---p 00001000 08:03 18618886                   /usr/lib/jvm/java-6-openjdk-amd64/jre/lib/amd64/libjawt.so
7f3ee3ffe000-7f3ee3fff000 r--p 00000000 08:03 18618886                   /usr/lib/jvm/java-6-openjdk-amd64/jre/lib/amd64/libjawt.so
7f3ee3fff000-7f3ee4000000 rw-p 00001000 08:03 18618886                   /usr/lib/jvm/java-6-openjdk-amd64/jre/lib/amd64/libjawt.so
7f3ee4000000-7f3ee4021000 rw-p 00000000 00:00 0 
7f3ee4021000-7f3ee8000000 ---p 00000000 00:00 0 
7f3ee80ad000-7f3ee80b1000 r-xp 00000000 08:03 18488287                   /usr/lib/x86_64-linux-gnu/libXxf86vm.so.1.0.0
7f3ee80b1000-7f3ee82b0000 ---p 00004000 08:03 18488287                   /usr/lib/x86_64-linux-gnu/libXxf86vm.so.1.0.0
7f3ee82b0000-7f3ee82b1000 r--p 00003000 08:03 18488287                   /usr/lib/x86_64-linux-gnu/libXxf86vm.so.1.0.0
7f3ee82b1000-7f3ee82b2000 rw-p 00004000 08:03 18488287                   /usr/lib/x86_64-linux-gnu/libXxf86vm.so.1.0.0
7f3ee82b2000-7f3ee82ba000 r-xp 00000000 08:03 18488277                   /usr/lib/x86_64-linux-gnu/libXrandr.so.2.2.0
7f3ee82ba000-7f3ee84b9000 ---p 00008000 08:03 18488277                   /usr/lib/x86_64-linux-gnu/libXrandr.so.2.2.0
7f3ee84b9000-7f3ee84ba000 r--p 00007000 08:03 18488277                   /usr/lib/x86_64-linux-gnu/libXrandr.so.2.2.0
7f3ee84ba000-7f3ee84bb000 rw-p 00008000 08:03 18488277                   /usr/lib/x86_64-linux-gnu/libXrandr.so.2.2.0
7f3ee84bb000-7f3ee84fb000 r-xp 00000000 08:03 15602617                   /home/arwilczek90/workspace/Elements/lib/slick/liblwjgl64.so
7f3ee84fb000-7f3ee85fb000 ---p 00040000 08:03 15602617                   /home/arwilczek90/workspace/Elements/lib/slick/liblwjgl64.so
7f3ee85fb000-7f3ee85fd000 rw-p 00040000 08:03 15602617                   /home/arwilczek90/workspace/Elements/lib/slick/liblwjgl64.so
7f3ee85fd000-7f3ee8602000 r-xp 00000000 08:03 18488261                   /usr/lib/x86_64-linux-gnu/libXfixes.so.3.1.0
7f3ee8602000-7f3ee8801000 ---p 00005000 08:03 18488261                   /usr/lib/x86_64-linux-gnu/libXfixes.so.3.1.0
7f3ee8801000-7f3ee8802000 r--p 00004000 08:03 18488261                   /usr/lib/x86_64-linux-gnu/libXfixes.so.3.1.0
7f3ee8802000-7f3ee8803000 rw-p 00005000 08:03 18488261                   /usr/lib/x86_64-linux-gnu/libXfixes.so.3.1.0
7f3ee8803000-7f3ee8804000 r--s 00000000 08:03 19927127                   /var/cache/fontconfig/c05880de57d1f5e948fdfacc138775d9-le64.cache-3
7f3ee8804000-7f3ee880d000 r--s 00000000 08:03 19927122                   /var/cache/fontconfig/945677eb7aeaf62f1d50efc3fb3ec7d8-le64.cache-3
7f3ee880d000-7f3ee880f000 r--s 00000000 08:03 19927123                   /var/cache/fontconfig/99e8ed0e538f840c565b6ed5dad60d56-le64.cache-3
7f3ee880f000-7f3ee8813000 r--s 00000000 08:03 19927109                   /var/cache/fontconfig/2cd17615ca594fa2959ae173292e504c-le64.cache-3
7f3ee8813000-7f3ee8814000 r--s 00000000 08:03 19927134                   /var/cache/fontconfig/e7071f4a29fa870f4323321c154eba04-le64.cache-3
7f3ee8814000-7f3ee8815000 r--s 00000000 08:03 19927107                   /var/cache/fontconfig/0d8c3b2ac0904cb8a57a757ad11a4a08-le64.cache-3
7f3ee8815000-7f3ee881b000 r--s 00000000 08:03 19927124                   /var/cache/fontconfig/a755afe4a08bf5b97852ceb7400b47bc-le64.cache-3
7f3ee881b000-7f3ee8824000 r--s 00000000 08:03 19927460                   /var/cache/fontconfig/6d41288fd70b0be22e8c3a91e032eec0-le64.cache-3
7f3ee8824000-7f3ee8834000 r--s 00000000 08:03 19927106                   /var/cache/fontconfig/04aabc0a78ac019cf9454389977116d2-le64.cache-3
7f3ee8834000-7f3ee8862000 r--s 00000000 08:03 19927454                   /var/cache/fontconfig/365b55f210c0a22e9a19e35191240f32-le64.cache-3
7f3ee8866000-7f3ee8868000 r--s 00015000 08:03 15598514                   /home/arwilczek90/workspace/Elements/lib/slick/lib/tinylinepp.jar
7f3ee8868000-7f3ee886b000 r--s 00015000 08:03 15598512                   /home/arwilczek90/workspace/Elements/lib/slick/lib/slick-util.jar
7f3ee886b000-7f3ee8873000 r--s 00067000 08:03 15598510                   /home/arwilczek90/workspace/Elements/lib/slick/lib/slick-sources.jar
7f3ee8873000-7f3ee8876000 r--s 00017000 08:03 15598507                   /home/arwilczek90/workspace/Elements/lib/slick/lib/pedigree.jar
7f3ee8876000-7f3ee887b000 r--s 0002f000 08:03 15598498                   /home/arwilczek90/workspace/Elements/lib/slick/lib/jinput.jar
7f3ee887b000-7f3ee887d000 r--s 00008000 08:03 15598497                   /home/arwilczek90/workspace/Elements/lib/slick/lib/ibxm.jar
7f3ee887d000-7f3ee8880000 r--s 0005b000 08:03 15598496                   /home/arwilczek90/workspace/Elements/lib/slick/lib/hiero.jar
7f3ee8880000-7f3ee8881000 r--s 00007000 08:03 15597697                   /home/arwilczek90/workspace/Elements/lib/slick/applet/lwjgl_util_applet.jar
7f3ee88c1000-7f3ee8901000 rw-s f0300000 00:05 10225                      /dev/ati/card0
7f3ee8901000-7f3ee8904000 ---p 00000000 00:00 0 
7f3ee8904000-7f3ee8a02000 rw-p 00000000 00:00 0 
7f3ee8a02000-7f3ee8a03000 r--s 00000000 08:03 19927127                   /var/cache/fontconfig/c05880de57d1f5e948fdfacc138775d9-le64.cache-3
7f3ee8a03000-7f3ee8a0c000 r--s 00000000 08:03 19927122                   /var/cache/fontconfig/945677eb7aeaf62f1d50efc3fb3ec7d8-le64.cache-3
7f3ee8a0c000-7f3ee8a0e000 r--s 00000000 08:03 19927123                   /var/cache/fontconfig/99e8ed0e538f840c565b6ed5dad60d56-le64.cache-3
7f3ee8a0e000-7f3ee8a12000 r--s 00000000 08:03 19927109                   /var/cache/fontconfig/2cd17615ca594fa2959ae173292e504c-le64.cache-3
7f3ee8a12000-7f3ee8a13000 r--s 00000000 08:03 19927134                   /var/cache/fontconfig/e7071f4a29fa870f4323321c154eba04-le64.cache-3
7f3ee8a13000-7f3ee8a14000 r--s 00000000 08:03 19927107                   /var/cache/fontconfig/0d8c3b2ac0904cb8a57a757ad11a4a08-le64.cache-3
7f3ee8a14000-7f3ee8a1a000 r--s 00000000 08:03 19927124                   /var/cache/fontconfig/a755afe4a08bf5b97852ceb7400b47bc-le64.cache-3
7f3ee8a1a000-7f3ee8a23000 r--s 00000000 08:03 19927460                   /var/cache/fontconfig/6d41288fd70b0be22e8c3a91e032eec0-le64.cache-3
7f3ee8a23000-7f3ee8a33000 r--s 00000000 08:03 19927106                   /var/cache/fontconfig/04aabc0a78ac019cf9454389977116d2-le64.cache-3
7f3ee8a33000-7f3ee8a36000 r--s 00000000 08:03 19927112                   /var/cache/fontconfig/385c0604a188198f04d133e54aba7fe7-le64.cache-3
7f3ee8a36000-7f3ee8a37000 r--s 00000000 08:03 19927113                   /var/cache/fontconfig/4794a0821666d79190d59a36cb4f44b5-le64.cache-3
7f3ee8a37000-7f3ee8a3a000 r--s 00000000 08:03 19927121                   /var/cache/fontconfig/8801497958630a81b71ace7c5f9b32a8-le64.cache-3
7f3ee8a3a000-7f3ee8a68000 r--s 00000000 08:03 19927454                   /var/cache/fontconfig/365b55f210c0a22e9a19e35191240f32-le64.cache-3
7f3ee8a68000-7f3ee8a6d000 r--s 00000000 08:03 19927110                   /var/cache/fontconfig/3047814df9a2f067bd2d96a2b9c36e5a-le64.cache-3
7f3ee8a6d000-7f3ee8a72000 r--s 00000000 08:03 19927125                   /var/cache/fontconfig/b47c4e1ecd0709278f4910c18777a504-le64.cache-3
7f3ee8a72000-7f3ee8a73000 r--s 00000000 08:03 15598509                   /home/arwilczek90/workspace/Elements/lib/slick/lib/slick-examples.jar
7f3ee8a73000-7f3ee8a7e000 r--s 00093000 08:03 15598513                   /home/arwilczek90/workspace/Elements/lib/slick/lib/slick.jar
7f3ee8a7e000-7f3ee8a80000 r--s 00004000 08:03 15598506                   /home/arwilczek90/workspace/Elements/lib/slick/lib/packulike.jar
7f3ee8a80000-7f3ee8a89000 r-xp 00000000 08:03 18488253                   /usr/lib/x86_64-linux-gnu/libXcursor.so.1.0.2
7f3ee8a89000-7f3ee8c88000 ---p 00009000 08:03 18488253                   /usr/lib/x86_64-linux-gnu/libXcursor.so.1.0.2
7f3ee8c88000-7f3ee8c89000 r--p 00008000 08:03 18488253                   /usr/lib/x86_64-linux-gnu/libXcursor.so.1.0.2
7f3ee8c89000-7f3ee8c8a000 rw-p 00009000 08:03 18488253                   /usr/lib/x86_64-linux-gnu/libXcursor.so.1.0.2
7f3ee8c8a000-7f3ee8c8b000 r--s 00003000 08:03 15598508                   /home/arwilczek90/workspace/Elements/lib/slick/lib/scalar.jar
7f3ee8c8b000-7f3ee8c8c000 r--s 00043000 08:03 15598505                   /home/arwilczek90/workspace/Elements/lib/slick/lib/natives-win32.jar
7f3ee8c8c000-7f3ee8c8e000 r--s 00033000 08:03 15598504                   /home/arwilczek90/workspace/Elements/lib/slick/lib/natives-mac.jar
7f3ee8c8e000-7f3ee8c8f000 r--s 0003d000 08:03 15598503                   /home/arwilczek90/workspace/Elements/lib/slick/lib/natives-linux.jar
7f3ee8c8f000-7f3ee8c96000 r--s 00073000 08:03 15598502                   /home/arwilczek90/workspace/Elements/lib/slick/lib/lwjgl.jar
7f3ee8c96000-7f3ee8c98000 r--s 0000d000 08:03 15598501                   /home/arwilczek90/workspace/Elements/lib/slick/lib/jorbis-0.0.15.jar
7f3ee8c98000-7f3ee8c99000 r--s 00001000 08:03 15598500                   /home/arwilczek90/workspace/Elements/lib/slick/lib/jogg-0.0.7.jar
7f3ee8c99000-7f3ee8ca4000 r--s 00093000 08:03 15597692                   /home/arwilczek90/workspace/Elements/lib/slick.jar
7f3ee8ca4000-7f3ee8cab000 r--s 000fb000 08:03 18618812                   /usr/lib/jvm/java-6-openjdk-common/jre/lib/resources.jar
7f3ee8cab000-7f3ee8cbb000 r--s 00000000 08:03 19927130                   /var/cache/fontconfig/d52a8644073d54c13679302ca1180695-le64.cache-3
7f3ee8cbb000-7f3ee8cbe000 r--s 00000000 08:03 19927196                   /var/cache/fontconfig/e13b20fdb08344e0e664864cc2ede53d-le64.cache-3
7f3ee8cbe000-7f3ee8cc2000 r--s 00000000 08:03 19927452                   /var/cache/fontconfig/7ef2298fde41cc6eeb7af42e48b7d293-le64.cache-3
7f3ee8cc2000-7f3ee8cc5000 ---p 00000000 00:00 0 
7f3ee8cc5000-7f3ee8dc3000 rw-p 00000000 00:00 0 
7f3ee8dc3000-7f3ee8e59000 r-xp 00000000 08:03 18488439                   /usr/lib/x86_64-linux-gnu/libfreetype.so.6.8.0
7f3ee8e59000-7f3ee9058000 ---p 00096000 08:03 18488439                   /usr/lib/x86_64-linux-gnu/libfreetype.so.6.8.0
7f3ee9058000-7f3ee905e000 r--p 00095000 08:03 18488439                   /usr/lib/x86_64-linux-gnu/libfreetype.so.6.8.0
7f3ee905e000-7f3ee905f000 rw-p 0009b000 08:03 18488439                   /usr/lib/x86_64-linux-gnu/libfreetype.so.6.8.0
7f3ee905f000-7f3ee9099000 r-xp 00000000 08:03 18618871                   /usr/lib/jvm/java-6-openjdk-amd64/jre/lib/amd64/libfontmanager.so
7f3ee9099000-7f3ee9298000 ---p 0003a000 08:03 18618871                   /usr/lib/jvm/java-6-openjdk-amd64/jre/lib/amd64/libfontmanager.so
7f3ee9298000-7f3ee929a000 r--p 00039000 08:03 18618871                   /usr/lib/jvm/java-6-openjdk-amd64/jre/lib/amd64/libfontmanager.so
7f3ee929a000-7f3ee929b000 rw-p 0003b000 08:03 18618871                   /usr/lib/jvm/java-6-openjdk-amd64/jre/lib/amd64/libfontmanager.so
7f3ee929b000-7f3ee92a0000 r-xp 00000000 08:03 18488257                   /usr/lib/x86_64-linux-gnu/libXdmcp.so.6.0.0
7f3ee92a0000-7f3ee949f000 ---p 00005000 08:03 18488257                   /usr/lib/x86_64-linux-gnu/libXdmcp.so.6.0.0
7f3ee949f000-7f3ee94a0000 r--p 00004000 08:03 18488257                   /usr/lib/x86_64-linux-gnu/libXdmcp.so.6.0.0
7f3ee94a0000-7f3ee94a1000 rw-p 00005000 08:03 18488257                   /usr/lib/x86_64-linux-gnu/libXdmcp.so.6.0.0
7f3ee94a1000-7f3ee94a3000 r-xp 00000000 08:03 18488246                   /usr/lib/x86_64-linux-gnu/libXau.so.6.0.0
7f3ee94a3000-7f3ee96a2000 ---p 00002000 08:03 18488246                   /usr/lib/x86_64-linux-gnu/libXau.so.6.0.0
7f3ee96a2000-7f3ee96a3000 r--p 00001000 08:03 18488246                   /usr/lib/x86_64-linux-gnu/libXau.so.6.0.0
7f3ee96a3000-7f3ee96a4000 rw-p 00002000 08:03 18488246                   /usr/lib/x86_64-linux-gnu/libXau.so.6.0.0
7f3ee96a4000-7f3ee96c1000 r-xp 00000000 08:03 18488845                   /usr/lib/x86_64-linux-gnu/libxcb.so.1.1.0
7f3ee96c1000-7f3ee98c0000 ---p 0001d000 08:03 18488845                   /usr/lib/x86_64-linux-gnu/libxcb.so.1.1.0
7f3ee98c0000-7f3ee98c1000 r--p 0001c000 08:03 18488845                   /usr/lib/x86_64-linux-gnu/libxcb.so.1.1.0
7f3ee98c1000-7f3ee98c2000 rw-p 0001d000 08:03 18488845                   /usr/lib/x86_64-linux-gnu/libxcb.so.1.1.0
7f3ee98c2000-7f3ee98d0000 r-xp 00000000 08:03 18488265                   /usr/lib/x86_64-linux-gnu/libXi.so.6.1.0
7f3ee98d0000-7f3ee9acf000 ---p 0000e000 08:03 18488265                   /usr/lib/x86_64-linux-gnu/libXi.so.6.1.0
7f3ee9acf000-7f3ee9ad0000 r--p 0000d000 08:03 18488265                   /usr/lib/x86_64-linux-gnu/libXi.so.6.1.0
7f3ee9ad0000-7f3ee9ad1000 rw-p 0000e000 08:03 18488265                   /usr/lib/x86_64-linux-gnu/libXi.so.6.1.0
7f3ee9ad1000-7f3ee9ad6000 r-xp 00000000 08:03 18488283                   /usr/lib/x86_64-linux-gnu/libXtst.so.6.1.0
7f3ee9ad6000-7f3ee9cd5000 ---p 00005000 08:03 18488283                   /usr/lib/x86_64-linux-gnu/libXtst.so.6.1.0
7f3ee9cd5000-7f3ee9cd6000 r--p 00004000 08:03 18488283                   /usr/lib/x86_64-linux-gnu/libXtst.so.6.1.0
7f3ee9cd6000-7f3ee9cd7000 rw-p 00005000 08:03 18488283                   /usr/lib/x86_64-linux-gnu/libXtst.so.6.1.0
7f3ee9cd7000-7f3ee9ce0000 r-xp 00000000 08:03 18488279                   /usr/lib/x86_64-linux-gnu/libXrender.so.1.3.0
7f3ee9ce0000-7f3ee9edf000 ---p 00009000 08:03 18488279                   /usr/lib/x86_64-linux-gnu/libXrender.so.1.3.0
7f3ee9edf000-7f3ee9ee0000 r--p 00008000 08:03 18488279                   /usr/lib/x86_64-linux-gnu/libXrender.so.1.3.0
7f3ee9ee0000-7f3ee9ee1000 rw-p 00009000 08:03 18488279                   /usr/lib/x86_64-linux-gnu/libXrender.so.1.3.0
7f3ee9ee1000-7f3eea010000 r-xp 00000000 08:03 18488244                   /usr/lib/x86_64-linux-gnu/libX11.so.6.3.0
7f3eea010000-7f3eea210000 ---p 0012f000 08:03 18488244                   /usr/lib/x86_64-linux-gnu/libX11.so.6.3.0
7f3eea210000-7f3eea211000 r--p 0012f000 08:03 18488244                   /usr/lib/x86_64-linux-gnu/libX11.so.6.3.0
7f3eea211000-7f3eea215000 rw-p 00130000 08:03 18488244                   /usr/lib/x86_64-linux-gnu/libX11.so.6.3.0
7f3eea215000-7f3eea225000 r-xp 00000000 08:03 18488259                   /usr/lib/x86_64-linux-gnu/libXext.so.6.4.0
7f3eea225000-7f3eea424000 ---p 00010000 08:03 18488259                   /usr/lib/x86_64-linux-gnu/libXext.so.6.4.0
7f3eea424000-7f3eea425000 r--p 0000f000 08:03 18488259                   /usr/lib/x86_64-linux-gnu/libXext.so.6.4.0
7f3eea425000-7f3eea426000 rw-p 00010000 08:03 18488259                   /usr/lib/x86_64-linux-gnu/libXext.so.6.4.0
7f3eea426000-7f3eea427000 r--s 00001000 08:03 15598499                   /home/arwilczek90/workspace/Elements/lib/slick/lib/jnlp.jar
7f3eea427000-7f3eea429000 rw-s 00002000 00:05 10225                      /dev/ati/card0
7f3eea429000-7f3eea42c000 r--s 00000000 08:03 19927112                   /var/cache/fontconfig/385c0604a188198f04d133e54aba7fe7-le64.cache-3
7f3eea42c000-7f3eea42d000 r--s 00000000 08:03 19927113                   /var/cache/fontconfig/4794a0821666d79190d59a36cb4f44b5-le64.cache-3
7f3eea42d000-7f3eea430000 r--s 00000000 08:03 19927121                   /var/cache/fontconfig/8801497958630a81b71ace7c5f9b32a8-le64.cache-3
7f3eea430000-7f3eea440000 r--s 00000000 08:03 19927130                   /var/cache/fontconfig/d52a8644073d54c13679302ca1180695-le64.cache-3
7f3eea440000-7f3eea48b000 r-xp 00000000 08:03 18618972                   /usr/lib/jvm/java-6-openjdk-amd64/jre/lib/amd64/xawt/libmawt.so
7f3eea48b000-7f3eea68b000 ---p 0004b000 08:03 18618972                   /usr/lib/jvm/java-6-openjdk-amd64/jre/lib/amd64/xawt/libmawt.so
7f3eea68b000-7f3eea68c000 r--p 0004b000 08:03 18618972                   /usr/lib/jvm/java-6-openjdk-amd64/jre/lib/amd64/xawt/libmawt.so
7f3eea68c000-7f3eea68f000 rw-p 0004c000 08:03 18618972                   /usr/lib/jvm/java-6-openjdk-amd64/jre/lib/amd64/xawt/libmawt.so
7f3eea68f000-7f3eea690000 rw-p 00000000 00:00 0 
7f3eea690000-7f3eea73c000 r-xp 00000000 08:03 18618874                   /usr/lib/jvm/java-6-openjdk-amd64/jre/lib/amd64/libawt.so
7f3eea73c000-7f3eea93b000 ---p 000ac000 08:03 18618874                   /usr/lib/jvm/java-6-openjdk-amd64/jre/lib/amd64/libawt.so
7f3eea93b000-7f3eea93c000 r--p 000ab000 08:03 18618874                   /usr/lib/jvm/java-6-openjdk-amd64/jre/lib/amd64/libawt.so
7f3eea93c000-7f3eea947000 rw-p 000ac000 08:03 18618874                   /usr/lib/jvm/java-6-openjdk-amd64/jre/lib/amd64/libawt.so
7f3eea947000-7f3eea96c000 rw-p 00000000 00:00 0 
7f3eea96c000-7f3eea96d000 ---p 00000000 00:00 0 
7f3eea96d000-7f3eeaa6d000 rw-p 00000000 00:00 0 
7f3eeaa6d000-7f3eeaa70000 ---p 00000000 00:00 0 
7f3eeaa70000-7f3eeab6e000 rw-p 00000000 00:00 0 
7f3eeab6e000-7f3eeab71000 ---p 00000000 00:00 0 
7f3eeab71000-7f3eeac6f000 rw-p 00000000 00:00 0 
7f3eeac6f000-7f3eeac72000 ---p 00000000 00:00 0 
7f3eeac72000-7f3eead70000 rw-p 00000000 00:00 0 
7f3eead70000-7f3eead73000 ---p 00000000 00:00 0 
7f3eead73000-7f3eeae71000 rw-p 00000000 00:00 0 
7f3eeae71000-7f3eeb554000 r--p 00000000 08:03 18487587                   /usr/lib/locale/locale-archive
7f3eeb554000-7f3eeb557000 ---p 00000000 00:00 0 
7f3eeb557000-7f3eeb655000 rw-p 00000000 00:00 0 
7f3eeb655000-7f3eeb658000 ---p 00000000 00:00 0 
7f3eeb658000-7f3eeb756000 rw-p 00000000 00:00 0 
7f3eeb756000-7f3eeb757000 ---p 00000000 00:00 0 
7f3eeb757000-7f3eebd8f000 rw-p 00000000 00:00 0 
7f3eebd8f000-7f3eebf21000 r--s 037bf000 08:03 18618843                   /usr/lib/jvm/java-6-openjdk-amd64/jre/lib/rt.jar
7f3eebf21000-7f3eebf22000 ---p 00000000 00:00 0 
7f3eebf22000-7f3eec022000 rw-p 00000000 00:00 0 
7f3eec022000-7f3eec023000 ---p 00000000 00:00 0 
7f3eec023000-7f3eec123000 rw-p 00000000 00:00 0 
7f3eec123000-7f3eec124000 ---p 00000000 00:00 0 
7f3eec124000-7f3eec224000 rw-p 00000000 00:00 0 
7f3eec224000-7f3eec225000 ---p 00000000 00:00 0 
7f3eec225000-7f3eec330000 rw-p 00000000 00:00 0 
7f3eec330000-7f3eec378000 rw-p 00000000 00:00 0 
7f3eec378000-7f3eec39f000 rw-p 00000000 00:00 0 
7f3eec39f000-7f3eec5e6000 rw-p 00000000 00:00 0 
7f3eec5e6000-7f3eec5f1000 rw-p 00000000 00:00 0 
7f3eec5f1000-7f3eec639000 rw-p 00000000 00:00 0 
7f3eec639000-7f3eec660000 rw-p 00000000 00:00 0 
7f3eec660000-7f3eec8a7000 rw-p 00000000 00:00 0 
7f3eec8a7000-7f3eec8bb000 rw-p 00000000 00:00 0 
7f3eec8bb000-7f3eec9de000 rw-p 00000000 00:00 0 
7f3eec9de000-7f3eec9df000 rw-p 00000000 00:00 0 
7f3eec9df000-7f3eecc4f000 rwxp 00000000 00:00 0 
7f3eecc4f000-7f3eef9df000 rw-p 00000000 00:00 0 
7f3eef9df000-7f3eef9e6000 r-xp 00000000 08:03 18618888                   /usr/lib/jvm/java-6-openjdk-amd64/jre/lib/amd64/libzip.so
7f3eef9e6000-7f3eefbe5000 ---p 00007000 08:03 18618888                   /usr/lib/jvm/java-6-openjdk-amd64/jre/lib/amd64/libzip.so
7f3eefbe5000-7f3eefbe6000 r--p 00006000 08:03 18618888                   /usr/lib/jvm/java-6-openjdk-amd64/jre/lib/amd64/libzip.so
7f3eefbe6000-7f3eefbe7000 rw-p 00007000 08:03 18618888                   /usr/lib/jvm/java-6-openjdk-amd64/jre/lib/amd64/libzip.so
7f3eefbe7000-7f3eefbf3000 r-xp 00000000 08:03 21758081                   /lib/x86_64-linux-gnu/libnss_files-2.15.so
7f3eefbf3000-7f3eefdf2000 ---p 0000c000 08:03 21758081                   /lib/x86_64-linux-gnu/libnss_files-2.15.so
7f3eefdf2000-7f3eefdf3000 r--p 0000b000 08:03 21758081                   /lib/x86_64-linux-gnu/libnss_files-2.15.so
7f3eefdf3000-7f3eefdf4000 rw-p 0000c000 08:03 21758081                   /lib/x86_64-linux-gnu/libnss_files-2.15.so
7f3eefdf4000-7f3eefdfe000 r-xp 00000000 08:03 21758077                   /lib/x86_64-linux-gnu/libnss_nis-2.15.so
7f3eefdfe000-7f3eefffe000 ---p 0000a000 08:03 21758077                   /lib/x86_64-linux-gnu/libnss_nis-2.15.so
7f3eefffe000-7f3eeffff000 r--p 0000a000 08:03 21758077                   /lib/x86_64-linux-gnu/libnss_nis-2.15.so
7f3eeffff000-7f3ef0000000 rw-p 0000b000 08:03 21758077                   /lib/x86_64-linux-gnu/libnss_nis-2.15.so
7f3ef0000000-7f3ef0d68000 rw-p 00000000 00:00 0 
7f3ef0d68000-7f3ef4000000 ---p 00000000 00:00 0 
7f3ef4000000-7f3ef4001000 rw-s 00005000 00:05 10225                      /dev/ati/card0
7f3ef4001000-7f3ef4029000 rw-p 00000000 00:00 0 
7f3ef4029000-7f3ef4040000 r-xp 00000000 08:03 21761730                   /lib/x86_64-linux-gnu/libnsl-2.15.so
7f3ef4040000-7f3ef423f000 ---p 00017000 08:03 21761730                   /lib/x86_64-linux-gnu/libnsl-2.15.so
7f3ef423f000-7f3ef4240000 r--p 00016000 08:03 21761730                   /lib/x86_64-linux-gnu/libnsl-2.15.so
7f3ef4240000-7f3ef4241000 rw-p 00017000 08:03 21761730                   /lib/x86_64-linux-gnu/libnsl-2.15.so
7f3ef4241000-7f3ef4243000 rw-p 00000000 00:00 0 
7f3ef4243000-7f3ef424b000 r-xp 00000000 08:03 21758082                   /lib/x86_64-linux-gnu/libnss_compat-2.15.so
7f3ef424b000-7f3ef444a000 ---p 00008000 08:03 21758082                   /lib/x86_64-linux-gnu/libnss_compat-2.15.so
7f3ef444a000-7f3ef444b000 r--p 00007000 08:03 21758082                   /lib/x86_64-linux-gnu/libnss_compat-2.15.so
7f3ef444b000-7f3ef444c000 rw-p 00008000 08:03 21758082                   /lib/x86_64-linux-gnu/libnss_compat-2.15.so
7f3ef444c000-7f3ef4478000 r-xp 00000000 08:03 18618873                   /usr/lib/jvm/java-6-openjdk-amd64/jre/lib/amd64/libjava.so
7f3ef4478000-7f3ef4677000 ---p 0002c000 08:03 18618873                   /usr/lib/jvm/java-6-openjdk-amd64/jre/lib/amd64/libjava.so
7f3ef4677000-7f3ef4678000 r--p 0002b000 08:03 18618873                   /usr/lib/jvm/java-6-openjdk-amd64/jre/lib/amd64/libjava.so
7f3ef4678000-7f3ef467b000 rw-p 0002c000 08:03 18618873                   /usr/lib/jvm/java-6-openjdk-amd64/jre/lib/amd64/libjava.so
7f3ef467b000-7f3ef4689000 r-xp 00000000 08:03 18618872                   /usr/lib/jvm/java-6-openjdk-amd64/jre/lib/amd64/libverify.so
7f3ef4689000-7f3ef4888000 ---p 0000e000 08:03 18618872                   /usr/lib/jvm/java-6-openjdk-amd64/jre/lib/amd64/libverify.so
7f3ef4888000-7f3ef488a000 r--p 0000d000 08:03 18618872                   /usr/lib/jvm/java-6-openjdk-amd64/jre/lib/amd64/libverify.so
7f3ef488a000-7f3ef488b000 rw-p 0000f000 08:03 18618872                   /usr/lib/jvm/java-6-openjdk-amd64/jre/lib/amd64/libverify.so
7f3ef488b000-7f3ef4892000 r-xp 00000000 08:03 21758075                   /lib/x86_64-linux-gnu/librt-2.15.so
7f3ef4892000-7f3ef4a91000 ---p 00007000 08:03 21758075                   /lib/x86_64-linux-gnu/librt-2.15.so
7f3ef4a91000-7f3ef4a92000 r--p 00006000 08:03 21758075                   /lib/x86_64-linux-gnu/librt-2.15.so
7f3ef4a92000-7f3ef4a93000 rw-p 00007000 08:03 21758075                   /lib/x86_64-linux-gnu/librt-2.15.so
7f3ef4a93000-7f3ef4aa8000 r-xp 00000000 08:03 21761542                   /lib/x86_64-linux-gnu/libgcc_s.so.1
7f3ef4aa8000-7f3ef4ca7000 ---p 00015000 08:03 21761542                   /lib/x86_64-linux-gnu/libgcc_s.so.1
7f3ef4ca7000-7f3ef4ca8000 r--p 00014000 08:03 21761542                   /lib/x86_64-linux-gnu/libgcc_s.so.1
7f3ef4ca8000-7f3ef4ca9000 rw-p 00015000 08:03 21761542                   /lib/x86_64-linux-gnu/libgcc_s.so.1
7f3ef4ca9000-7f3ef4da2000 r-xp 00000000 08:03 21758079                   /lib/x86_64-linux-gnu/libm-2.15.so
7f3ef4da2000-7f3ef4fa1000 ---p 000f9000 08:03 21758079                   /lib/x86_64-linux-gnu/libm-2.15.so
7f3ef4fa1000-7f3ef4fa2000 r--p 000f8000 08:03 21758079                   /lib/x86_64-linux-gnu/libm-2.15.so
7f3ef4fa2000-7f3ef4fa3000 rw-p 000f9000 08:03 21758079                   /lib/x86_64-linux-gnu/libm-2.15.so
7f3ef4fa3000-7f3ef5085000 r-xp 00000000 08:03 18488773                   /usr/lib/x86_64-linux-gnu/libstdc++.so.6.0.16
7f3ef5085000-7f3ef5284000 ---p 000e2000 08:03 18488773                   /usr/lib/x86_64-linux-gnu/libstdc++.so.6.0.16
7f3ef5284000-7f3ef528c000 r--p 000e1000 08:03 18488773                   /usr/lib/x86_64-linux-gnu/libstdc++.so.6.0.16
7f3ef528c000-7f3ef528e000 rw-p 000e9000 08:03 18488773                   /usr/lib/x86_64-linux-gnu/libstdc++.so.6.0.16
7f3ef528e000-7f3ef52a3000 rw-p 00000000 00:00 0 
7f3ef52a3000-7f3ef5ba7000 r-xp 00000000 08:03 18618878                   /usr/lib/jvm/java-6-openjdk-amd64/jre/lib/amd64/server/libjvm.so
7f3ef5ba7000-7f3ef5da7000 ---p 00904000 08:03 18618878                   /usr/lib/jvm/java-6-openjdk-amd64/jre/lib/amd64/server/libjvm.so
7f3ef5da7000-7f3ef5e27000 r--p 00904000 08:03 18618878                   /usr/lib/jvm/java-6-openjdk-amd64/jre/lib/amd64/server/libjvm.so
7f3ef5e27000-7f3ef5e42000 rw-p 00984000 08:03 18618878                   /usr/lib/jvm/java-6-openjdk-amd64/jre/lib/amd64/server/libjvm.so
7f3ef5e42000-7f3ef5e6b000 rw-p 00000000 00:00 0 
7f3ef5e6b000-7f3ef5e81000 r-xp 00000000 08:03 21761632                   /lib/x86_64-linux-gnu/libz.so.1.2.3.4
7f3ef5e81000-7f3ef6080000 ---p 00016000 08:03 21761632                   /lib/x86_64-linux-gnu/libz.so.1.2.3.4
7f3ef6080000-7f3ef6081000 r--p 00015000 08:03 21761632                   /lib/x86_64-linux-gnu/libz.so.1.2.3.4
7f3ef6081000-7f3ef6082000 rw-p 00016000 08:03 21761632                   /lib/x86_64-linux-gnu/libz.so.1.2.3.4
7f3ef6082000-7f3ef6237000 r-xp 00000000 08:03 21757975                   /lib/x86_64-linux-gnu/libc-2.15.so
7f3ef6237000-7f3ef6436000 ---p 001b5000 08:03 21757975                   /lib/x86_64-linux-gnu/libc-2.15.so
7f3ef6436000-7f3ef643a000 r--p 001b4000 08:03 21757975                   /lib/x86_64-linux-gnu/libc-2.15.so
7f3ef643a000-7f3ef643c000 rw-p 001b8000 08:03 21757975                   /lib/x86_64-linux-gnu/libc-2.15.so
7f3ef643c000-7f3ef6441000 rw-p 00000000 00:00 0 
7f3ef6441000-7f3ef6443000 r-xp 00000000 08:03 21757964                   /lib/x86_64-linux-gnu/libdl-2.15.so
7f3ef6443000-7f3ef6643000 ---p 00002000 08:03 21757964                   /lib/x86_64-linux-gnu/libdl-2.15.so
7f3ef6643000-7f3ef6644000 r--p 00002000 08:03 21757964                   /lib/x86_64-linux-gnu/libdl-2.15.so
7f3ef6644000-7f3ef6645000 rw-p 00003000 08:03 21757964                   /lib/x86_64-linux-gnu/libdl-2.15.so
7f3ef6645000-7f3ef6649000 r-xp 00000000 08:03 18618855                   /usr/lib/jvm/java-6-openjdk-amd64/jre/lib/amd64/jli/libjli.so
7f3ef6649000-7f3ef6848000 ---p 00004000 08:03 18618855                   /usr/lib/jvm/java-6-openjdk-amd64/jre/lib/amd64/jli/libjli.so
7f3ef6848000-7f3ef6849000 r--p 00003000 08:03 18618855                   /usr/lib/jvm/java-6-openjdk-amd64/jre/lib/amd64/jli/libjli.so
7f3ef6849000-7f3ef684a000 rw-p 00004000 08:03 18618855                   /usr/lib/jvm/java-6-openjdk-amd64/jre/lib/amd64/jli/libjli.so
7f3ef684a000-7f3ef6862000 r-xp 00000000 08:03 21758073                   /lib/x86_64-linux-gnu/libpthread-2.15.so
7f3ef6862000-7f3ef6a61000 ---p 00018000 08:03 21758073                   /lib/x86_64-linux-gnu/libpthread-2.15.so
7f3ef6a61000-7f3ef6a62000 r--p 00017000 08:03 21758073                   /lib/x86_64-linux-gnu/libpthread-2.15.so
7f3ef6a62000-7f3ef6a63000 rw-p 00018000 08:03 21758073                   /lib/x86_64-linux-gnu/libpthread-2.15.so
7f3ef6a63000-7f3ef6a67000 rw-p 00000000 00:00 0 
7f3ef6a67000-7f3ef6a89000 r-xp 00000000 08:03 21758085                   /lib/x86_64-linux-gnu/ld-2.15.so
7f3ef6a89000-7f3ef6a8a000 r--s 00000000 08:03 19927115                   /var/cache/fontconfig/56cf4f4769d0f4abc89a4895d7bd3ae1-le64.cache-3
7f3ef6a8a000-7f3ef6a8b000 r--s 00000000 08:03 19927126                   /var/cache/fontconfig/b9d506c9ac06c20b433354fa67a72993-le64.cache-3
7f3ef6a8b000-7f3ef6a90000 r--s 00000000 08:03 19927110                   /var/cache/fontconfig/3047814df9a2f067bd2d96a2b9c36e5a-le64.cache-3
7f3ef6a90000-7f3ef6a91000 r--s 00000000 08:03 19927115                   /var/cache/fontconfig/56cf4f4769d0f4abc89a4895d7bd3ae1-le64.cache-3
7f3ef6a91000-7f3ef6a96000 r--s 00000000 08:03 19927125                   /var/cache/fontconfig/b47c4e1ecd0709278f4910c18777a504-le64.cache-3
7f3ef6a96000-7f3ef6a99000 r--s 00000000 08:03 19927196                   /var/cache/fontconfig/e13b20fdb08344e0e664864cc2ede53d-le64.cache-3
7f3ef6a99000-7f3ef6a9d000 r--s 00000000 08:03 19927452                   /var/cache/fontconfig/7ef2298fde41cc6eeb7af42e48b7d293-le64.cache-3
7f3ef6a9d000-7f3ef6aa0000 r--s 0007d000 08:03 18618443                   /usr/lib/jvm/java-6-openjdk-common/jre/lib/jsse.jar
7f3ef6aa0000-7f3ef6aa7000 r--s 00073000 08:03 15597691                   /home/arwilczek90/workspace/Elements/lib/lwjgl.jar
7f3ef6aa7000-7f3ef6ab1000 rw-p 00000000 00:00 0 
7f3ef6ab1000-7f3ef6b67000 rw-p 00000000 00:00 0 
7f3ef6b67000-7f3ef6b6a000 ---p 00000000 00:00 0 
7f3ef6b6a000-7f3ef6c6d000 rw-p 00000000 00:00 0 
7f3ef6c6d000-7f3ef6c6e000 r--s 00000000 08:03 19927126                   /var/cache/fontconfig/b9d506c9ac06c20b433354fa67a72993-le64.cache-3
7f3ef6c6e000-7f3ef6c70000 r--s 0000f000 08:03 18618803                   /usr/lib/jvm/java-6-openjdk-common/jre/lib/ext/pulse-java.jar
7f3ef6c70000-7f3ef6c73000 r--s 00077000 08:03 18618797                   /usr/lib/jvm/java-6-openjdk-common/jre/lib/ext/localedata.jar
7f3ef6c73000-7f3ef6c74000 r--s 00007000 08:03 18748229                   /usr/share/java/java-atk-wrapper.jar
7f3ef6c74000-7f3ef6c76000 r--s 00001000 08:03 18618801                   /usr/lib/jvm/java-6-openjdk-common/jre/lib/ext/dnsns.jar
7f3ef6c76000-7f3ef6c7a000 r--s 00038000 08:03 18618795                   /usr/lib/jvm/java-6-openjdk-common/jre/lib/ext/sunpkcs11.jar
7f3ef6c7a000-7f3ef6c7d000 r--s 00031000 08:03 18618799                   /usr/lib/jvm/java-6-openjdk-common/jre/lib/ext/sunjce_provider.jar
7f3ef6c7d000-7f3ef6c85000 rw-s 00000000 08:03 8126514                    /tmp/hsperfdata_arwilczek90/13083 (deleted)
7f3ef6c85000-7f3ef6c86000 rw-p 00000000 00:00 0 
7f3ef6c86000-7f3ef6c87000 ---p 00000000 00:00 0 
7f3ef6c87000-7f3ef6c89000 rw-p 00000000 00:00 0 
7f3ef6c89000-7f3ef6c8a000 r--p 00022000 08:03 21758085                   /lib/x86_64-linux-gnu/ld-2.15.so
7f3ef6c8a000-7f3ef6c8c000 rw-p 00023000 08:03 21758085                   /lib/x86_64-linux-gnu/ld-2.15.so
7fffefc16000-7fffefc37000 rw-p 00000000 00:00 0                          [stack]
7fffefde3000-7fffefde4000 r-xp 00000000 00:00 0                          [vdso]
ffffffffff600000-ffffffffff601000 r-xp 00000000 00:00 0                  [vsyscall]

VM Arguments:
jvm_args: -Djava.library.path=/home/arwilczek90/workspace/Elements/lib/slick:/home/arwilczek90/workspace/Elements/lib/slick -Dfile.encoding=UTF-8 
java_command: com.hack.elements.view.Main
Launcher Type: SUN_STANDARD

Environment Variables:
PATH=/usr/lib/lightdm/lightdm:/usr/local/sbin:/usr/local/bin:/usr/sbin:/usr/bin:/sbin:/bin:/usr/games
LD_LIBRARY_PATH=/usr/lib/jvm/java-6-openjdk-amd64/jre/lib/amd64/server:/usr/lib/jvm/java-6-openjdk-amd64/jre/lib/amd64:/usr/lib/jvm/java-6-openjdk-amd64/jre/../lib/amd64
SHELL=/bin/bash
DISPLAY=:0.0

Signal Handlers:
SIGSEGV: [libjvm.so+0x784310], sa_mask[0]=0x7ffbfeff, sa_flags=0x10000004
SIGBUS: [libjvm.so+0x784310], sa_mask[0]=0x7ffbfeff, sa_flags=0x10000004
SIGFPE: [libjvm.so+0x648580], sa_mask[0]=0x7ffbfeff, sa_flags=0x10000004
SIGPIPE: [libjvm.so+0x648580], sa_mask[0]=0x7ffbfeff, sa_flags=0x10000004
SIGXFSZ: [libjvm.so+0x648580], sa_mask[0]=0x7ffbfeff, sa_flags=0x10000004
SIGILL: [libjvm.so+0x648580], sa_mask[0]=0x7ffbfeff, sa_flags=0x10000004
SIGUSR1: SIG_DFL, sa_mask[0]=0x00000000, sa_flags=0x00000000
SIGUSR2: [libjvm.so+0x648730], sa_mask[0]=0x00000004, sa_flags=0x10000004
SIGHUP: [libjvm.so+0x64b250], sa_mask[0]=0x7ffbfeff, sa_flags=0x10000004
SIGINT: [libjvm.so+0x64b250], sa_mask[0]=0x7ffbfeff, sa_flags=0x10000004
SIGTERM: [libjvm.so+0x64b250], sa_mask[0]=0x7ffbfeff, sa_flags=0x10000004
SIGQUIT: [libjvm.so+0x64b250], sa_mask[0]=0x7ffbfeff, sa_flags=0x10000004


---------------  S Y S T E M  ---------------

OS:Ubuntu 12.04 (precise)
uname:Linux 3.2.0-32-generic #51-Ubuntu SMP Wed Sep 26 21:33:09 UTC 2012 x86_64
libc:glibc 2.15 NPTL 2.15 
rlimit: STACK 8192k, CORE 0k, NPROC 59545, NOFILE 4096, AS infinity
load average:1.01 1.02 0.90

/proc/meminfo:
MemTotal:        7639648 kB
MemFree:         4343628 kB
Buffers:          113984 kB
Cached:          1132308 kB
SwapCached:            0 kB
Active:          2129792 kB
Inactive:         705284 kB
Active(anon):    1589612 kB
Inactive(anon):    14536 kB
Active(file):     540180 kB
Inactive(file):   690748 kB
Unevictable:          20 kB
Mlocked:              20 kB
SwapTotal:       3818492 kB
SwapFree:        3818492 kB
Dirty:               608 kB
Writeback:             0 kB
AnonPages:       1588980 kB
Mapped:           312888 kB
Shmem:             15368 kB
Slab:              92692 kB
SReclaimable:      62136 kB
SUnreclaim:        30556 kB
KernelStack:        4104 kB
PageTables:        33812 kB
NFS_Unstable:          0 kB
Bounce:                0 kB
WritebackTmp:          0 kB
CommitLimit:     7638316 kB
Committed_AS:    4166868 kB
VmallocTotal:   34359738367 kB
VmallocUsed:      116912 kB
VmallocChunk:   34359619344 kB
HardwareCorrupted:     0 kB
AnonHugePages:         0 kB
HugePages_Total:       0
HugePages_Free:        0
HugePages_Rsvd:        0
HugePages_Surp:        0
Hugepagesize:       2048 kB
DirectMap4k:      301056 kB
DirectMap2M:     5445632 kB
DirectMap1G:     2097152 kB


CPU:total 4 (4 cores per cpu, 1 threads per core) family 18 model 1 stepping 0, cmov, cx8, fxsr, mmx, sse, sse2, sse3, popcnt, mmxext, 3dnowpref, lzcnt, sse4a

Memory: 4k page, physical 7639648k(4343628k free), swap 3818492k(3818492k free)

vm_info: OpenJDK 64-Bit Server VM (20.0-b12) for linux-amd64 JRE (1.6.0_24-b24), built on Sep  2 2012 19:50:47 by "buildd" with gcc 4.6.3

time: Sat Oct 13 19:20:38 2012
elapsed time: 16 seconds

