#
# A fatal error has been detected by the Java Runtime Environment:
#
#  SIGSEGV (0xb) at pc=0x00007f5eceab4c58, pid=5246, tid=140045464176384
#
# JRE version: 6.0_24-b24
# Java VM: OpenJDK 64-Bit Server VM (20.0-b12 mixed mode linux-amd64 compressed oops)
# Derivative: IcedTea6 1.11.4
# Distribution: Ubuntu 12.04 LTS, package 6b24-1.11.4-1ubuntu0.12.04.1
# Problematic frame:
# C  [libX11.so.6+0x33c58]  XQueryExtension+0x28
#
# If you would like to submit a bug report, please include
# instructions how to reproduce the bug and visit:
#   https://bugs.launchpad.net/ubuntu/+source/openjdk-6/
#

---------------  T H R E A D  ---------------

Current thread is native thread

siginfo:si_signo=SIGSEGV: si_errno=0, si_code=1 (SEGV_MAPERR), si_addr=0xffffffffd82338e8

Registers:
RAX=0x000000000080fdb0, RBX=0xffffffffd8232f80, RCX=0x00007ffffea34bc8, RDX=0x00007ffffea34bc4
RSP=0x00007ffffea34b60, RBP=0x00007f5ecca72932, RSI=0x00007f5ecca72932, RDI=0xffffffffd8232f80
R8 =0x00007ffffea34bcc, R9 =0x0000000000000010, R10=0x00007f5edfa24fa8, R11=0x0000000000000000
R12=0x0000000000000000, R13=0x00007f5ecca72932, R14=0x000000000080fdb0, R15=0x0000000000000000
RIP=0x00007f5eceab4c58, EFLAGS=0x0000000000010206, CSGSFS=0x0000000000000033, ERR=0x0000000000000005
  TRAPNO=0x000000000000000e

Top of Stack: (sp=0x00007ffffea34b60)
0x00007ffffea34b60:   0000000000000000 0000003000000003
0x00007ffffea34b70:   0000006e0000005b 0000007c00000077
0x00007ffffea34b80:   00000000ffffffff ffffffffd8232f80
0x00007ffffea34b90:   00007f5ecca72932 0000000000000000
0x00007ffffea34ba0:   00007f5ecca72932 000000000080fdb0
0x00007ffffea34bb0:   0000000000000000 00007f5eceaa8c55
0x00007ffffea34bc0:   00007f5ee0271048 00007f5eccbab520
0x00007ffffea34bd0:   00007f5eccbab520 ffffffffd8232f80
0x00007ffffea34be0:   00007f5ed81bea00 00007f5ecedc202b
0x00007ffffea34bf0:   00007f5edf677790 000000110000002f
0x00007ffffea34c00:   00007ffffea34c80 0000000000000000
0x00007ffffea34c10:   00007ffffea34c80 ffffffffd8232f80
0x00007ffffea34c20:   0000000000000000 00007f5ee0271048
0x00007ffffea34c30:   00007f5eccbc4d50 00007f5ecca19119
0x00007ffffea34c40:   0000000000000000 000000000000002f
0x00007ffffea34c50:   00007ffffea34c80 00007ffffea34ca0
0x00007ffffea34c60:   0000000000000000 00007f5ee0271048
0x00007ffffea34c70:   00007f5ed8232ae0 00007f5ecca0fb42
0x00007ffffea34c80:   00007ffffea34e90 00007f5ecca728b1
0x00007ffffea34c90:   00007ffffea34e90 00007f5ee005d92d
0x00007ffffea34ca0:   00007f5ee02722c8 00007f5ee0272858
0x00007ffffea34cb0:   00007f5ee0253000 00007f5ed8004060
0x00007ffffea34cc0:   00007f5ed8004780 00007f5ed8009040
0x00007ffffea34cd0:   00007f5ed8009b50 00007f5ed80094f0
0x00007ffffea34ce0:   00007f5ed800a050 00007f5ed800ed30
0x00007ffffea34cf0:   00007f5ed809d330 00007f5ed81676a0
0x00007ffffea34d00:   00007f5ed8167b80 00007f5ee0252000
0x00007ffffea34d10:   00007f5ed822f690 00007f5ed82299e0
0x00007ffffea34d20:   00007f5ed8229e80 00007f5ed822fb60
0x00007ffffea34d30:   00007f5ed8230000 00007f5ed82304a0
0x00007ffffea34d40:   00007f5ed8120e70 00007f5ed8121c90
0x00007ffffea34d50:   00007f5ed80025e0 00007f5ed8001ec0 

Instructions: (pc=0x00007f5eceab4c58)
0x00007f5eceab4c38:   24 d8 48 89 fb 4c 89 64 24 e0 4c 89 6c 24 e8 48
0x00007f5eceab4c48:   89 f5 4c 89 74 24 f0 4c 89 7c 24 f8 48 83 ec 58
0x00007f5eceab4c58:   48 8b 87 68 09 00 00 49 89 d4 49 89 cd 4d 89 c6
0x00007f5eceab4c68:   48 85 c0 74 02 ff 10 ba 08 00 00 00 be 62 00 00 

Register to memory mapping:

RAX=0x000000000080fdb0 is an unknown value
RBX=0xffffffffd8232f80 is an unknown value
RCX=0x00007ffffea34bc8 is an unknown value
RDX=0x00007ffffea34bc4 is an unknown value
RSP=0x00007ffffea34b60 is an unknown value
RBP=0x00007f5ecca72932: <offset 0x96932> in /usr/lib/fglrx/libGL.so.1 at 0x00007f5ecc9dc000
RSI=0x00007f5ecca72932: <offset 0x96932> in /usr/lib/fglrx/libGL.so.1 at 0x00007f5ecc9dc000
RDI=0xffffffffd8232f80 is an unknown value
R8 =0x00007ffffea34bcc is an unknown value
R9 =0x0000000000000010 is an unknown value
R10=0x00007f5edfa24fa8: <offset 0x3bbfa8> in /lib/x86_64-linux-gnu/libc.so.6 at 0x00007f5edf669000
R11=0x0000000000000000 is an unknown value
R12=0x0000000000000000 is an unknown value
R13=0x00007f5ecca72932: <offset 0x96932> in /usr/lib/fglrx/libGL.so.1 at 0x00007f5ecc9dc000
R14=0x000000000080fdb0 is an unknown value
R15=0x0000000000000000 is an unknown value


Stack: [0x00007ffffe937000,0x00007ffffea37000],  sp=0x00007ffffea34b60,  free space=1014k
Native frames: (J=compiled Java code, j=interpreted, Vv=VM code, C=native code)
C  [libX11.so.6+0x33c58]  XQueryExtension+0x28


---------------  P R O C E S S  ---------------

VM state:at safepoint (shutting down)

VM Mutex/Monitor currently owned by a thread:  ([mutex/lock_event])
[0x00007f5ed8007410] Threads_lock - owner thread: 0x00007f5ed8072800

Heap
 PSYoungGen      total 34880K, used 9597K [0x00000000d9200000, 0x00000000db8e0000, 0x0000000100000000)
  eden space 29952K, 32% used [0x00000000d9200000,0x00000000d9b5f410,0x00000000daf40000)
  from space 4928K, 0% used [0x00000000db410000,0x00000000db410000,0x00000000db8e0000)
  to   space 4928K, 0% used [0x00000000daf40000,0x00000000daf40000,0x00000000db410000)
 PSOldGen        total 79616K, used 0K [0x000000008b600000, 0x00000000903c0000, 0x00000000d9200000)
  object space 79616K, 0% used [0x000000008b600000,0x000000008b600000,0x00000000903c0000)
 PSPermGen       total 21248K, used 11356K [0x0000000081000000, 0x00000000824c0000, 0x000000008b600000)
  object space 21248K, 53% used [0x0000000081000000,0x0000000081b17180,0x00000000824c0000)

Code Cache  [0x00007f5ed5000000, 0x00007f5ed5270000, 0x00007f5ed8000000)
 total_blobs=525 nmethods=48 adapters=439 free_code_cache=49645760 largest_free_block=12224

Dynamic libraries:
00400000-00409000 r-xp 00000000 08:03 18618890                           /usr/lib/jvm/java-6-openjdk-amd64/jre/bin/java
00608000-00609000 r--p 00008000 08:03 18618890                           /usr/lib/jvm/java-6-openjdk-amd64/jre/bin/java
00609000-0060a000 rw-p 00009000 08:03 18618890                           /usr/lib/jvm/java-6-openjdk-amd64/jre/bin/java
0080d000-0082e000 rw-p 00000000 00:00 0                                  [heap]
81000000-824c0000 rw-p 00000000 00:00 0 
824c0000-8b600000 rw-p 00000000 00:00 0 
8b600000-903c0000 rw-p 00000000 00:00 0 
903c0000-d9200000 rw-p 00000000 00:00 0 
d9200000-db8e0000 rw-p 00000000 00:00 0 
db8e0000-100000000 rw-p 00000000 00:00 0 
7f5e80000000-7f5e80021000 rw-p 00000000 00:00 0 
7f5e80021000-7f5e84000000 ---p 00000000 00:00 0 
7f5e84000000-7f5e84021000 rw-p 00000000 00:00 0 
7f5e84021000-7f5e88000000 ---p 00000000 00:00 0 
7f5e88000000-7f5e88021000 rw-p 00000000 00:00 0 
7f5e88021000-7f5e8c000000 ---p 00000000 00:00 0 
7f5e8c000000-7f5e8c021000 rw-p 00000000 00:00 0 
7f5e8c021000-7f5e90000000 ---p 00000000 00:00 0 
7f5e90000000-7f5e90021000 rw-p 00000000 00:00 0 
7f5e90021000-7f5e94000000 ---p 00000000 00:00 0 
7f5e94000000-7f5e94021000 rw-p 00000000 00:00 0 
7f5e94021000-7f5e98000000 ---p 00000000 00:00 0 
7f5e98000000-7f5e98333000 rw-p 00000000 00:00 0 
7f5e98333000-7f5e9c000000 ---p 00000000 00:00 0 
7f5e9c000000-7f5e9c1de000 rw-p 00000000 00:00 0 
7f5e9c1de000-7f5ea0000000 ---p 00000000 00:00 0 
7f5ea0000000-7f5ea0021000 rw-p 00000000 00:00 0 
7f5ea0021000-7f5ea4000000 ---p 00000000 00:00 0 
7f5ea4000000-7f5ea4021000 rw-p 00000000 00:00 0 
7f5ea4021000-7f5ea8000000 ---p 00000000 00:00 0 
7f5ea8000000-7f5ea8021000 rw-p 00000000 00:00 0 
7f5ea8021000-7f5eac000000 ---p 00000000 00:00 0 
7f5eac000000-7f5eac021000 rw-p 00000000 00:00 0 
7f5eac021000-7f5eb0000000 ---p 00000000 00:00 0 
7f5eb0000000-7f5eb0021000 rw-p 00000000 00:00 0 
7f5eb0021000-7f5eb4000000 ---p 00000000 00:00 0 
7f5eb4000000-7f5eb4021000 rw-p 00000000 00:00 0 
7f5eb4021000-7f5eb8000000 ---p 00000000 00:00 0 
7f5eb8000000-7f5eb8021000 rw-p 00000000 00:00 0 
7f5eb8021000-7f5ebc000000 ---p 00000000 00:00 0 
7f5ebc000000-7f5ebc021000 rw-p 00000000 00:00 0 
7f5ebc021000-7f5ec0000000 ---p 00000000 00:00 0 
7f5ec0000000-7f5ec0021000 rw-p 00000000 00:00 0 
7f5ec0021000-7f5ec4000000 ---p 00000000 00:00 0 
7f5ec5430000-7f5ec5433000 ---p 00000000 00:00 0 
7f5ec5433000-7f5ec5531000 rw-p 00000000 00:00 0 
7f5ec5531000-7f5ec5534000 ---p 00000000 00:00 0 
7f5ec5534000-7f5ec5632000 rw-p 00000000 00:00 0 
7f5ec5632000-7f5ec5d32000 rw-s 00006000 00:05 10225                      /dev/ati/card0
7f5ec5d32000-7f5ec7c8c000 r-xp 00000000 08:03 19009510                   /usr/lib/fglrx/dri/fglrx_dri.so
7f5ec7c8c000-7f5ec7d8c000 ---p 01f5a000 08:03 19009510                   /usr/lib/fglrx/dri/fglrx_dri.so
7f5ec7d8c000-7f5ec7eda000 rwxp 01f5a000 08:03 19009510                   /usr/lib/fglrx/dri/fglrx_dri.so
7f5ec7eda000-7f5ec8000000 rwxp 00000000 00:00 0 
7f5ec8000000-7f5ec8021000 rw-p 00000000 00:00 0 
7f5ec8021000-7f5ecc000000 ---p 00000000 00:00 0 
7f5ecc0db000-7f5ecc2dd000 rw-p 00000000 00:00 0 
7f5ecc2dd000-7f5ecc2e0000 r-xp 00000000 08:03 15602613                   /home/arwilczek90/workspace/Elements/lib/slick/libjinput-linux64.so
7f5ecc2e0000-7f5ecc3df000 ---p 00003000 08:03 15602613                   /home/arwilczek90/workspace/Elements/lib/slick/libjinput-linux64.so
7f5ecc3df000-7f5ecc3e0000 rw-p 00002000 08:03 15602613                   /home/arwilczek90/workspace/Elements/lib/slick/libjinput-linux64.so
7f5ecc3e0000-7f5ecc3e3000 ---p 00000000 00:00 0 
7f5ecc3e3000-7f5ecc4e1000 rw-p 00000000 00:00 0 
7f5ecc521000-7f5ecc523000 r-xp 00000000 08:03 18488267                   /usr/lib/x86_64-linux-gnu/libXinerama.so.1.0.0
7f5ecc523000-7f5ecc722000 ---p 00002000 08:03 18488267                   /usr/lib/x86_64-linux-gnu/libXinerama.so.1.0.0
7f5ecc722000-7f5ecc723000 r--p 00001000 08:03 18488267                   /usr/lib/x86_64-linux-gnu/libXinerama.so.1.0.0
7f5ecc723000-7f5ecc724000 rw-p 00002000 08:03 18488267                   /usr/lib/x86_64-linux-gnu/libXinerama.so.1.0.0
7f5ecc724000-7f5ecc75f000 r-xp 00000000 08:03 19009508                   /usr/lib/fglrx/libatiadlxx.so
7f5ecc75f000-7f5ecc85f000 ---p 0003b000 08:03 19009508                   /usr/lib/fglrx/libatiadlxx.so
7f5ecc85f000-7f5ecc868000 rw-p 0003b000 08:03 19009508                   /usr/lib/fglrx/libatiadlxx.so
7f5ecc868000-7f5ecc879000 rw-p 00000000 00:00 0 
7f5ecc87b000-7f5ecc87d000 r--s 00015000 08:03 15598514                   /home/arwilczek90/workspace/Elements/lib/slick/lib/tinylinepp.jar
7f5ecc87d000-7f5ecc880000 r--s 00015000 08:03 15598512                   /home/arwilczek90/workspace/Elements/lib/slick/lib/slick-util.jar
7f5ecc880000-7f5ecc888000 r--s 00067000 08:03 15598510                   /home/arwilczek90/workspace/Elements/lib/slick/lib/slick-sources.jar
7f5ecc888000-7f5ecc893000 r--s 00093000 08:03 15598513                   /home/arwilczek90/workspace/Elements/lib/slick/lib/slick.jar
7f5ecc893000-7f5ecc8d3000 rw-s f0300000 00:05 10225                      /dev/ati/card0
7f5ecc8d3000-7f5ecc8da000 r-xp 00000000 08:03 19009532                   /usr/lib/fglrx/libatiuki.so.1.0
7f5ecc8da000-7f5ecc9da000 ---p 00007000 08:03 19009532                   /usr/lib/fglrx/libatiuki.so.1.0
7f5ecc9da000-7f5ecc9db000 rw-p 00007000 08:03 19009532                   /usr/lib/fglrx/libatiuki.so.1.0
7f5ecc9db000-7f5ecc9dc000 rw-p 00000000 00:00 0 
7f5ecc9dc000-7f5ecca9f000 r-xp 00000000 08:03 19009512                   /usr/lib/fglrx/libGL.so.1.2
7f5ecca9f000-7f5eccb9e000 ---p 000c3000 08:03 19009512                   /usr/lib/fglrx/libGL.so.1.2
7f5eccb9e000-7f5eccbc5000 rwxp 000c2000 08:03 19009512                   /usr/lib/fglrx/libGL.so.1.2
7f5eccbc5000-7f5eccbe5000 rwxp 00000000 00:00 0 
7f5eccbe5000-7f5eccbe6000 r-xp 00000000 08:03 18618886                   /usr/lib/jvm/java-6-openjdk-amd64/jre/lib/amd64/libjawt.so
7f5eccbe6000-7f5eccde5000 ---p 00001000 08:03 18618886                   /usr/lib/jvm/java-6-openjdk-amd64/jre/lib/amd64/libjawt.so
7f5eccde5000-7f5eccde6000 r--p 00000000 08:03 18618886                   /usr/lib/jvm/java-6-openjdk-amd64/jre/lib/amd64/libjawt.so
7f5eccde6000-7f5eccde7000 rw-p 00001000 08:03 18618886                   /usr/lib/jvm/java-6-openjdk-amd64/jre/lib/amd64/libjawt.so
7f5eccde7000-7f5eccdeb000 r-xp 00000000 08:03 18488287                   /usr/lib/x86_64-linux-gnu/libXxf86vm.so.1.0.0
7f5eccdeb000-7f5eccfea000 ---p 00004000 08:03 18488287                   /usr/lib/x86_64-linux-gnu/libXxf86vm.so.1.0.0
7f5eccfea000-7f5eccfeb000 r--p 00003000 08:03 18488287                   /usr/lib/x86_64-linux-gnu/libXxf86vm.so.1.0.0
7f5eccfeb000-7f5eccfec000 rw-p 00004000 08:03 18488287                   /usr/lib/x86_64-linux-gnu/libXxf86vm.so.1.0.0
7f5eccfec000-7f5eccff4000 r-xp 00000000 08:03 18488277                   /usr/lib/x86_64-linux-gnu/libXrandr.so.2.2.0
7f5eccff4000-7f5ecd1f3000 ---p 00008000 08:03 18488277                   /usr/lib/x86_64-linux-gnu/libXrandr.so.2.2.0
7f5ecd1f3000-7f5ecd1f4000 r--p 00007000 08:03 18488277                   /usr/lib/x86_64-linux-gnu/libXrandr.so.2.2.0
7f5ecd1f4000-7f5ecd1f5000 rw-p 00008000 08:03 18488277                   /usr/lib/x86_64-linux-gnu/libXrandr.so.2.2.0
7f5ecd1f5000-7f5ecd235000 r-xp 00000000 08:03 15602617                   /home/arwilczek90/workspace/Elements/lib/slick/liblwjgl64.so
7f5ecd235000-7f5ecd335000 ---p 00040000 08:03 15602617                   /home/arwilczek90/workspace/Elements/lib/slick/liblwjgl64.so
7f5ecd335000-7f5ecd337000 rw-p 00040000 08:03 15602617                   /home/arwilczek90/workspace/Elements/lib/slick/liblwjgl64.so
7f5ecd337000-7f5ecd33a000 ---p 00000000 00:00 0 
7f5ecd33a000-7f5ecd438000 rw-p 00000000 00:00 0 
7f5ecd438000-7f5ecd43d000 r-xp 00000000 08:03 18488261                   /usr/lib/x86_64-linux-gnu/libXfixes.so.3.1.0
7f5ecd43d000-7f5ecd63c000 ---p 00005000 08:03 18488261                   /usr/lib/x86_64-linux-gnu/libXfixes.so.3.1.0
7f5ecd63c000-7f5ecd63d000 r--p 00004000 08:03 18488261                   /usr/lib/x86_64-linux-gnu/libXfixes.so.3.1.0
7f5ecd63d000-7f5ecd63e000 rw-p 00005000 08:03 18488261                   /usr/lib/x86_64-linux-gnu/libXfixes.so.3.1.0
7f5ecd63e000-7f5ecd647000 r-xp 00000000 08:03 18488253                   /usr/lib/x86_64-linux-gnu/libXcursor.so.1.0.2
7f5ecd647000-7f5ecd846000 ---p 00009000 08:03 18488253                   /usr/lib/x86_64-linux-gnu/libXcursor.so.1.0.2
7f5ecd846000-7f5ecd847000 r--p 00008000 08:03 18488253                   /usr/lib/x86_64-linux-gnu/libXcursor.so.1.0.2
7f5ecd847000-7f5ecd848000 rw-p 00009000 08:03 18488253                   /usr/lib/x86_64-linux-gnu/libXcursor.so.1.0.2
7f5ecd849000-7f5ecd84a000 r--s 00000000 08:03 15598509                   /home/arwilczek90/workspace/Elements/lib/slick/lib/slick-examples.jar
7f5ecd84a000-7f5ecd84b000 r--s 00003000 08:03 15598508                   /home/arwilczek90/workspace/Elements/lib/slick/lib/scalar.jar
7f5ecd84b000-7f5ecd84e000 r--s 00017000 08:03 15598507                   /home/arwilczek90/workspace/Elements/lib/slick/lib/pedigree.jar
7f5ecd84e000-7f5ecd850000 r--s 00004000 08:03 15598506                   /home/arwilczek90/workspace/Elements/lib/slick/lib/packulike.jar
7f5ecd850000-7f5ecd851000 r--s 00043000 08:03 15598505                   /home/arwilczek90/workspace/Elements/lib/slick/lib/natives-win32.jar
7f5ecd851000-7f5ecd853000 r--s 00033000 08:03 15598504                   /home/arwilczek90/workspace/Elements/lib/slick/lib/natives-mac.jar
7f5ecd853000-7f5ecd854000 r--s 0003d000 08:03 15598503                   /home/arwilczek90/workspace/Elements/lib/slick/lib/natives-linux.jar
7f5ecd854000-7f5ecd85b000 r--s 00073000 08:03 15598502                   /home/arwilczek90/workspace/Elements/lib/slick/lib/lwjgl.jar
7f5ecd85b000-7f5ecd85d000 r--s 0000d000 08:03 15598501                   /home/arwilczek90/workspace/Elements/lib/slick/lib/jorbis-0.0.15.jar
7f5ecd85d000-7f5ecd862000 r--s 0002f000 08:03 15598498                   /home/arwilczek90/workspace/Elements/lib/slick/lib/jinput.jar
7f5ecd862000-7f5ecd865000 ---p 00000000 00:00 0 
7f5ecd865000-7f5ecd963000 rw-p 00000000 00:00 0 
7f5ecd963000-7f5ecd9f9000 r-xp 00000000 08:03 18488439                   /usr/lib/x86_64-linux-gnu/libfreetype.so.6.8.0
7f5ecd9f9000-7f5ecdbf8000 ---p 00096000 08:03 18488439                   /usr/lib/x86_64-linux-gnu/libfreetype.so.6.8.0
7f5ecdbf8000-7f5ecdbfe000 r--p 00095000 08:03 18488439                   /usr/lib/x86_64-linux-gnu/libfreetype.so.6.8.0
7f5ecdbfe000-7f5ecdbff000 rw-p 0009b000 08:03 18488439                   /usr/lib/x86_64-linux-gnu/libfreetype.so.6.8.0
7f5ecdbff000-7f5ecdc39000 r-xp 00000000 08:03 18618871                   /usr/lib/jvm/java-6-openjdk-amd64/jre/lib/amd64/libfontmanager.so
7f5ecdc39000-7f5ecde38000 ---p 0003a000 08:03 18618871                   /usr/lib/jvm/java-6-openjdk-amd64/jre/lib/amd64/libfontmanager.so
7f5ecde38000-7f5ecde3a000 r--p 00039000 08:03 18618871                   /usr/lib/jvm/java-6-openjdk-amd64/jre/lib/amd64/libfontmanager.so
7f5ecde3a000-7f5ecde3b000 rw-p 0003b000 08:03 18618871                   /usr/lib/jvm/java-6-openjdk-amd64/jre/lib/amd64/libfontmanager.so
7f5ecde3b000-7f5ecde40000 r-xp 00000000 08:03 18488257                   /usr/lib/x86_64-linux-gnu/libXdmcp.so.6.0.0
7f5ecde40000-7f5ece03f000 ---p 00005000 08:03 18488257                   /usr/lib/x86_64-linux-gnu/libXdmcp.so.6.0.0
7f5ece03f000-7f5ece040000 r--p 00004000 08:03 18488257                   /usr/lib/x86_64-linux-gnu/libXdmcp.so.6.0.0
7f5ece040000-7f5ece041000 rw-p 00005000 08:03 18488257                   /usr/lib/x86_64-linux-gnu/libXdmcp.so.6.0.0
7f5ece041000-7f5ece043000 r-xp 00000000 08:03 18488246                   /usr/lib/x86_64-linux-gnu/libXau.so.6.0.0
7f5ece043000-7f5ece242000 ---p 00002000 08:03 18488246                   /usr/lib/x86_64-linux-gnu/libXau.so.6.0.0
7f5ece242000-7f5ece243000 r--p 00001000 08:03 18488246                   /usr/lib/x86_64-linux-gnu/libXau.so.6.0.0
7f5ece243000-7f5ece244000 rw-p 00002000 08:03 18488246                   /usr/lib/x86_64-linux-gnu/libXau.so.6.0.0
7f5ece244000-7f5ece261000 r-xp 00000000 08:03 18488845                   /usr/lib/x86_64-linux-gnu/libxcb.so.1.1.0
7f5ece261000-7f5ece460000 ---p 0001d000 08:03 18488845                   /usr/lib/x86_64-linux-gnu/libxcb.so.1.1.0
7f5ece460000-7f5ece461000 r--p 0001c000 08:03 18488845                   /usr/lib/x86_64-linux-gnu/libxcb.so.1.1.0
7f5ece461000-7f5ece462000 rw-p 0001d000 08:03 18488845                   /usr/lib/x86_64-linux-gnu/libxcb.so.1.1.0
7f5ece462000-7f5ece470000 r-xp 00000000 08:03 18488265                   /usr/lib/x86_64-linux-gnu/libXi.so.6.1.0
7f5ece470000-7f5ece66f000 ---p 0000e000 08:03 18488265                   /usr/lib/x86_64-linux-gnu/libXi.so.6.1.0
7f5ece66f000-7f5ece670000 r--p 0000d000 08:03 18488265                   /usr/lib/x86_64-linux-gnu/libXi.so.6.1.0
7f5ece670000-7f5ece671000 rw-p 0000e000 08:03 18488265                   /usr/lib/x86_64-linux-gnu/libXi.so.6.1.0
7f5ece671000-7f5ece676000 r-xp 00000000 08:03 18488283                   /usr/lib/x86_64-linux-gnu/libXtst.so.6.1.0
7f5ece676000-7f5ece875000 ---p 00005000 08:03 18488283                   /usr/lib/x86_64-linux-gnu/libXtst.so.6.1.0
7f5ece875000-7f5ece876000 r--p 00004000 08:03 18488283                   /usr/lib/x86_64-linux-gnu/libXtst.so.6.1.0
7f5ece876000-7f5ece877000 rw-p 00005000 08:03 18488283                   /usr/lib/x86_64-linux-gnu/libXtst.so.6.1.0
7f5ece877000-7f5ece880000 r-xp 00000000 08:03 18488279                   /usr/lib/x86_64-linux-gnu/libXrender.so.1.3.0
7f5ece880000-7f5ecea7f000 ---p 00009000 08:03 18488279                   /usr/lib/x86_64-linux-gnu/libXrender.so.1.3.0
7f5ecea7f000-7f5ecea80000 r--p 00008000 08:03 18488279                   /usr/lib/x86_64-linux-gnu/libXrender.so.1.3.0
7f5ecea80000-7f5ecea81000 rw-p 00009000 08:03 18488279                   /usr/lib/x86_64-linux-gnu/libXrender.so.1.3.0
7f5ecea81000-7f5ecebb0000 r-xp 00000000 08:03 18488244                   /usr/lib/x86_64-linux-gnu/libX11.so.6.3.0
7f5ecebb0000-7f5ecedb0000 ---p 0012f000 08:03 18488244                   /usr/lib/x86_64-linux-gnu/libX11.so.6.3.0
7f5ecedb0000-7f5ecedb1000 r--p 0012f000 08:03 18488244                   /usr/lib/x86_64-linux-gnu/libX11.so.6.3.0
7f5ecedb1000-7f5ecedb5000 rw-p 00130000 08:03 18488244                   /usr/lib/x86_64-linux-gnu/libX11.so.6.3.0
7f5ecedb5000-7f5ecedc5000 r-xp 00000000 08:03 18488259                   /usr/lib/x86_64-linux-gnu/libXext.so.6.4.0
7f5ecedc5000-7f5ecefc4000 ---p 00010000 08:03 18488259                   /usr/lib/x86_64-linux-gnu/libXext.so.6.4.0
7f5ecefc4000-7f5ecefc5000 r--p 0000f000 08:03 18488259                   /usr/lib/x86_64-linux-gnu/libXext.so.6.4.0
7f5ecefc5000-7f5ecefc6000 rw-p 00010000 08:03 18488259                   /usr/lib/x86_64-linux-gnu/libXext.so.6.4.0
7f5ecefc6000-7f5ecf011000 r-xp 00000000 08:03 18618972                   /usr/lib/jvm/java-6-openjdk-amd64/jre/lib/amd64/xawt/libmawt.so
7f5ecf011000-7f5ecf211000 ---p 0004b000 08:03 18618972                   /usr/lib/jvm/java-6-openjdk-amd64/jre/lib/amd64/xawt/libmawt.so
7f5ecf211000-7f5ecf212000 r--p 0004b000 08:03 18618972                   /usr/lib/jvm/java-6-openjdk-amd64/jre/lib/amd64/xawt/libmawt.so
7f5ecf212000-7f5ecf215000 rw-p 0004c000 08:03 18618972                   /usr/lib/jvm/java-6-openjdk-amd64/jre/lib/amd64/xawt/libmawt.so
7f5ecf215000-7f5ecf216000 rw-p 00000000 00:00 0 
7f5ecf216000-7f5ecf2c2000 r-xp 00000000 08:03 18618874                   /usr/lib/jvm/java-6-openjdk-amd64/jre/lib/amd64/libawt.so
7f5ecf2c2000-7f5ecf4c1000 ---p 000ac000 08:03 18618874                   /usr/lib/jvm/java-6-openjdk-amd64/jre/lib/amd64/libawt.so
7f5ecf4c1000-7f5ecf4c2000 r--p 000ab000 08:03 18618874                   /usr/lib/jvm/java-6-openjdk-amd64/jre/lib/amd64/libawt.so
7f5ecf4c2000-7f5ecf4cd000 rw-p 000ac000 08:03 18618874                   /usr/lib/jvm/java-6-openjdk-amd64/jre/lib/amd64/libawt.so
7f5ecf4cd000-7f5ecf4f2000 rw-p 00000000 00:00 0 
7f5ecf4f2000-7f5ecf4f3000 ---p 00000000 00:00 0 
7f5ecf4f3000-7f5ecf5f3000 rw-p 00000000 00:00 0 
7f5ecf5f3000-7f5ecf5f6000 ---p 00000000 00:00 0 
7f5ecf5f6000-7f5ecf6f4000 rw-p 00000000 00:00 0 
7f5ecf6f4000-7f5ecf6f7000 ---p 00000000 00:00 0 
7f5ecf6f7000-7f5ecf7f5000 rw-p 00000000 00:00 0 
7f5ecf7f5000-7f5ecf7f8000 ---p 00000000 00:00 0 
7f5ecf7f8000-7f5ecf8f6000 rw-p 00000000 00:00 0 
7f5ecf8f6000-7f5ecf8f9000 ---p 00000000 00:00 0 
7f5ecf8f9000-7f5ecf9f7000 rw-p 00000000 00:00 0 
7f5ecf9f7000-7f5ecf9fa000 ---p 00000000 00:00 0 
7f5ecf9fa000-7f5ecfaf8000 rw-p 00000000 00:00 0 
7f5ecfaf8000-7f5ecfafb000 ---p 00000000 00:00 0 
7f5ecfafb000-7f5ecfbf9000 rw-p 00000000 00:00 0 
7f5ecfbf9000-7f5ecfbfd000 r-xp 00000000 08:03 18618885                   /usr/lib/jvm/java-6-openjdk-amd64/jre/lib/amd64/libdt_socket.so
7f5ecfbfd000-7f5ecfdfc000 ---p 00004000 08:03 18618885                   /usr/lib/jvm/java-6-openjdk-amd64/jre/lib/amd64/libdt_socket.so
7f5ecfdfc000-7f5ecfdfd000 r--p 00003000 08:03 18618885                   /usr/lib/jvm/java-6-openjdk-amd64/jre/lib/amd64/libdt_socket.so
7f5ecfdfd000-7f5ecfdfe000 rw-p 00004000 08:03 18618885                   /usr/lib/jvm/java-6-openjdk-amd64/jre/lib/amd64/libdt_socket.so
7f5ecfdfe000-7f5ecfe01000 ---p 00000000 00:00 0 
7f5ecfe01000-7f5ecfeff000 rw-p 00000000 00:00 0 
7f5ecfeff000-7f5ecff02000 ---p 00000000 00:00 0 
7f5ecff02000-7f5ed0000000 rw-p 00000000 00:00 0 
7f5ed0000000-7f5ed0021000 rw-p 00000000 00:00 0 
7f5ed0021000-7f5ed4000000 ---p 00000000 00:00 0 
7f5ed4001000-7f5ed4002000 r--s 00001000 08:03 15598500                   /home/arwilczek90/workspace/Elements/lib/slick/lib/jogg-0.0.7.jar
7f5ed4002000-7f5ed4003000 r--s 00001000 08:03 15598499                   /home/arwilczek90/workspace/Elements/lib/slick/lib/jnlp.jar
7f5ed4003000-7f5ed4005000 r--s 00008000 08:03 15598497                   /home/arwilczek90/workspace/Elements/lib/slick/lib/ibxm.jar
7f5ed4005000-7f5ed4008000 r--s 0005b000 08:03 15598496                   /home/arwilczek90/workspace/Elements/lib/slick/lib/hiero.jar
7f5ed4008000-7f5ed4009000 r--s 00007000 08:03 15597697                   /home/arwilczek90/workspace/Elements/lib/slick/applet/lwjgl_util_applet.jar
7f5ed4009000-7f5ed400a000 rw-s 00005000 00:05 10225                      /dev/ati/card0
7f5ed400a000-7f5ed400c000 rw-s 00002000 00:05 10225                      /dev/ati/card0
7f5ed400c000-7f5ed4017000 r--s 00093000 08:03 15597692                   /home/arwilczek90/workspace/Elements/lib/slick.jar
7f5ed4017000-7f5ed401e000 r--s 000fb000 08:03 18618812                   /usr/lib/jvm/java-6-openjdk-common/jre/lib/resources.jar
7f5ed401e000-7f5ed401f000 r--s 00000000 08:03 19927127                   /var/cache/fontconfig/c05880de57d1f5e948fdfacc138775d9-le64.cache-3
7f5ed401f000-7f5ed4028000 r--s 00000000 08:03 19927122                   /var/cache/fontconfig/945677eb7aeaf62f1d50efc3fb3ec7d8-le64.cache-3
7f5ed4028000-7f5ed402a000 r--s 00000000 08:03 19927123                   /var/cache/fontconfig/99e8ed0e538f840c565b6ed5dad60d56-le64.cache-3
7f5ed402a000-7f5ed402e000 r--s 00000000 08:03 19927109                   /var/cache/fontconfig/2cd17615ca594fa2959ae173292e504c-le64.cache-3
7f5ed402e000-7f5ed402f000 r--s 00000000 08:03 19927134                   /var/cache/fontconfig/e7071f4a29fa870f4323321c154eba04-le64.cache-3
7f5ed402f000-7f5ed4030000 r--s 00000000 08:03 19927107                   /var/cache/fontconfig/0d8c3b2ac0904cb8a57a757ad11a4a08-le64.cache-3
7f5ed4030000-7f5ed4036000 r--s 00000000 08:03 19927124                   /var/cache/fontconfig/a755afe4a08bf5b97852ceb7400b47bc-le64.cache-3
7f5ed4036000-7f5ed403f000 r--s 00000000 08:03 19927460                   /var/cache/fontconfig/6d41288fd70b0be22e8c3a91e032eec0-le64.cache-3
7f5ed403f000-7f5ed404f000 r--s 00000000 08:03 19927106                   /var/cache/fontconfig/04aabc0a78ac019cf9454389977116d2-le64.cache-3
7f5ed404f000-7f5ed4052000 r--s 00000000 08:03 19927112                   /var/cache/fontconfig/385c0604a188198f04d133e54aba7fe7-le64.cache-3
7f5ed4052000-7f5ed4053000 r--s 00000000 08:03 19927113                   /var/cache/fontconfig/4794a0821666d79190d59a36cb4f44b5-le64.cache-3
7f5ed4053000-7f5ed4056000 r--s 00000000 08:03 19927121                   /var/cache/fontconfig/8801497958630a81b71ace7c5f9b32a8-le64.cache-3
7f5ed4056000-7f5ed4084000 r--s 00000000 08:03 19927454                   /var/cache/fontconfig/365b55f210c0a22e9a19e35191240f32-le64.cache-3
7f5ed4084000-7f5ed4089000 r--s 00000000 08:03 19927110                   /var/cache/fontconfig/3047814df9a2f067bd2d96a2b9c36e5a-le64.cache-3
7f5ed4089000-7f5ed408a000 r--s 00000000 08:03 19927115                   /var/cache/fontconfig/56cf4f4769d0f4abc89a4895d7bd3ae1-le64.cache-3
7f5ed408a000-7f5ed408b000 r--s 00000000 08:03 19927126                   /var/cache/fontconfig/b9d506c9ac06c20b433354fa67a72993-le64.cache-3
7f5ed408b000-7f5ed4090000 r--s 00000000 08:03 19927125                   /var/cache/fontconfig/b47c4e1ecd0709278f4910c18777a504-le64.cache-3
7f5ed4090000-7f5ed40a0000 r--s 00000000 08:03 19927130                   /var/cache/fontconfig/d52a8644073d54c13679302ca1180695-le64.cache-3
7f5ed40a0000-7f5ed40a3000 r--s 00000000 08:03 19927196                   /var/cache/fontconfig/e13b20fdb08344e0e664864cc2ede53d-le64.cache-3
7f5ed40a3000-7f5ed40a7000 r--s 00000000 08:03 19927452                   /var/cache/fontconfig/7ef2298fde41cc6eeb7af42e48b7d293-le64.cache-3
7f5ed40a7000-7f5ed40a8000 r--s 00000000 08:03 19927127                   /var/cache/fontconfig/c05880de57d1f5e948fdfacc138775d9-le64.cache-3
7f5ed40a8000-7f5ed40b1000 r--s 00000000 08:03 19927122                   /var/cache/fontconfig/945677eb7aeaf62f1d50efc3fb3ec7d8-le64.cache-3
7f5ed40b1000-7f5ed40b3000 r--s 00000000 08:03 19927123                   /var/cache/fontconfig/99e8ed0e538f840c565b6ed5dad60d56-le64.cache-3
7f5ed40b3000-7f5ed40b7000 r--s 00000000 08:03 19927109                   /var/cache/fontconfig/2cd17615ca594fa2959ae173292e504c-le64.cache-3
7f5ed40b7000-7f5ed40c7000 r--s 00000000 08:03 19927106                   /var/cache/fontconfig/04aabc0a78ac019cf9454389977116d2-le64.cache-3
7f5ed40c7000-7f5ed40f5000 r--s 00000000 08:03 19927454                   /var/cache/fontconfig/365b55f210c0a22e9a19e35191240f32-le64.cache-3
7f5ed40f5000-7f5ed40f8000 ---p 00000000 00:00 0 
7f5ed40f8000-7f5ed41f6000 rw-p 00000000 00:00 0 
7f5ed41f6000-7f5ed41f7000 ---p 00000000 00:00 0 
7f5ed41f7000-7f5ed47fc000 rw-p 00000000 00:00 0 
7f5ed47fc000-7f5ed498e000 r--s 037bf000 08:03 18618843                   /usr/lib/jvm/java-6-openjdk-amd64/jre/lib/rt.jar
7f5ed498e000-7f5ed498f000 ---p 00000000 00:00 0 
7f5ed498f000-7f5ed4a8f000 rw-p 00000000 00:00 0 
7f5ed4a8f000-7f5ed4a90000 ---p 00000000 00:00 0 
7f5ed4a90000-7f5ed4b90000 rw-p 00000000 00:00 0 
7f5ed4b90000-7f5ed4b91000 ---p 00000000 00:00 0 
7f5ed4b91000-7f5ed4c91000 rw-p 00000000 00:00 0 
7f5ed4c91000-7f5ed4c92000 ---p 00000000 00:00 0 
7f5ed4c92000-7f5ed4db9000 rw-p 00000000 00:00 0 
7f5ed4db9000-7f5ed5000000 rw-p 00000000 00:00 0 
7f5ed5000000-7f5ed5270000 rwxp 00000000 00:00 0 
7f5ed5270000-7f5ed8c52000 rw-p 00000000 00:00 0 
7f5ed8c52000-7f5edc000000 ---p 00000000 00:00 0 
7f5edc000000-7f5edc006000 r--s 00000000 08:03 19927124                   /var/cache/fontconfig/a755afe4a08bf5b97852ceb7400b47bc-le64.cache-3
7f5edc006000-7f5edc00f000 r--s 00000000 08:03 19927460                   /var/cache/fontconfig/6d41288fd70b0be22e8c3a91e032eec0-le64.cache-3
7f5edc00f000-7f5edc012000 r--s 00000000 08:03 19927112                   /var/cache/fontconfig/385c0604a188198f04d133e54aba7fe7-le64.cache-3
7f5edc012000-7f5edc013000 r--s 00000000 08:03 19927113                   /var/cache/fontconfig/4794a0821666d79190d59a36cb4f44b5-le64.cache-3
7f5edc013000-7f5edc016000 r--s 00000000 08:03 19927121                   /var/cache/fontconfig/8801497958630a81b71ace7c5f9b32a8-le64.cache-3
7f5edc016000-7f5edc026000 r--s 00000000 08:03 19927130                   /var/cache/fontconfig/d52a8644073d54c13679302ca1180695-le64.cache-3
7f5edc026000-7f5edc08c000 rw-p 00000000 00:00 0 
7f5edc08c000-7f5edc0d4000 rw-p 00000000 00:00 0 
7f5edc0d4000-7f5edc0df000 rw-p 00000000 00:00 0 
7f5edc0df000-7f5edc127000 rw-p 00000000 00:00 0 
7f5edc127000-7f5edc14e000 rw-p 00000000 00:00 0 
7f5edc14e000-7f5edc395000 rw-p 00000000 00:00 0 
7f5edc395000-7f5edc3a9000 rw-p 00000000 00:00 0 
7f5edc3a9000-7f5edc4cc000 rw-p 00000000 00:00 0 
7f5edc4cc000-7f5edc4cd000 rw-p 00000000 00:00 0 
7f5edc4cd000-7f5edc4d4000 r-xp 00000000 08:03 18618888                   /usr/lib/jvm/java-6-openjdk-amd64/jre/lib/amd64/libzip.so
7f5edc4d4000-7f5edc6d3000 ---p 00007000 08:03 18618888                   /usr/lib/jvm/java-6-openjdk-amd64/jre/lib/amd64/libzip.so
7f5edc6d3000-7f5edc6d4000 r--p 00006000 08:03 18618888                   /usr/lib/jvm/java-6-openjdk-amd64/jre/lib/amd64/libzip.so
7f5edc6d4000-7f5edc6d5000 rw-p 00007000 08:03 18618888                   /usr/lib/jvm/java-6-openjdk-amd64/jre/lib/amd64/libzip.so
7f5edc6d5000-7f5edc6e1000 r-xp 00000000 08:03 21758081                   /lib/x86_64-linux-gnu/libnss_files-2.15.so
7f5edc6e1000-7f5edc8e0000 ---p 0000c000 08:03 21758081                   /lib/x86_64-linux-gnu/libnss_files-2.15.so
7f5edc8e0000-7f5edc8e1000 r--p 0000b000 08:03 21758081                   /lib/x86_64-linux-gnu/libnss_files-2.15.so
7f5edc8e1000-7f5edc8e2000 rw-p 0000c000 08:03 21758081                   /lib/x86_64-linux-gnu/libnss_files-2.15.so
7f5edc8e2000-7f5edc8ec000 r-xp 00000000 08:03 21758077                   /lib/x86_64-linux-gnu/libnss_nis-2.15.so
7f5edc8ec000-7f5edcaec000 ---p 0000a000 08:03 21758077                   /lib/x86_64-linux-gnu/libnss_nis-2.15.so
7f5edcaec000-7f5edcaed000 r--p 0000a000 08:03 21758077                   /lib/x86_64-linux-gnu/libnss_nis-2.15.so
7f5edcaed000-7f5edcaee000 rw-p 0000b000 08:03 21758077                   /lib/x86_64-linux-gnu/libnss_nis-2.15.so
7f5edcaee000-7f5edcb05000 r-xp 00000000 08:03 21761730                   /lib/x86_64-linux-gnu/libnsl-2.15.so
7f5edcb05000-7f5edcd04000 ---p 00017000 08:03 21761730                   /lib/x86_64-linux-gnu/libnsl-2.15.so
7f5edcd04000-7f5edcd05000 r--p 00016000 08:03 21761730                   /lib/x86_64-linux-gnu/libnsl-2.15.so
7f5edcd05000-7f5edcd06000 rw-p 00017000 08:03 21761730                   /lib/x86_64-linux-gnu/libnsl-2.15.so
7f5edcd06000-7f5edcd08000 rw-p 00000000 00:00 0 
7f5edcd08000-7f5edcd10000 r-xp 00000000 08:03 21758082                   /lib/x86_64-linux-gnu/libnss_compat-2.15.so
7f5edcd10000-7f5edcf0f000 ---p 00008000 08:03 21758082                   /lib/x86_64-linux-gnu/libnss_compat-2.15.so
7f5edcf0f000-7f5edcf10000 r--p 00007000 08:03 21758082                   /lib/x86_64-linux-gnu/libnss_compat-2.15.so
7f5edcf10000-7f5edcf11000 rw-p 00008000 08:03 21758082                   /lib/x86_64-linux-gnu/libnss_compat-2.15.so
7f5edcf11000-7f5edd5f4000 r--p 00000000 08:03 18487587                   /usr/lib/locale/locale-archive
7f5edd5f4000-7f5edd5f7000 r-xp 00000000 08:03 18618853                   /usr/lib/jvm/java-6-openjdk-amd64/jre/lib/amd64/libnpt.so
7f5edd5f7000-7f5edd7f6000 ---p 00003000 08:03 18618853                   /usr/lib/jvm/java-6-openjdk-amd64/jre/lib/amd64/libnpt.so
7f5edd7f6000-7f5edd7f7000 r--p 00002000 08:03 18618853                   /usr/lib/jvm/java-6-openjdk-amd64/jre/lib/amd64/libnpt.so
7f5edd7f7000-7f5edd7f8000 rw-p 00003000 08:03 18618853                   /usr/lib/jvm/java-6-openjdk-amd64/jre/lib/amd64/libnpt.so
7f5edd7f8000-7f5edd832000 r-xp 00000000 08:03 18618861                   /usr/lib/jvm/java-6-openjdk-amd64/jre/lib/amd64/libjdwp.so
7f5edd832000-7f5edda31000 ---p 0003a000 08:03 18618861                   /usr/lib/jvm/java-6-openjdk-amd64/jre/lib/amd64/libjdwp.so
7f5edda31000-7f5edda32000 r--p 00039000 08:03 18618861                   /usr/lib/jvm/java-6-openjdk-amd64/jre/lib/amd64/libjdwp.so
7f5edda32000-7f5edda33000 rw-p 0003a000 08:03 18618861                   /usr/lib/jvm/java-6-openjdk-amd64/jre/lib/amd64/libjdwp.so
7f5edda33000-7f5edda5f000 r-xp 00000000 08:03 18618873                   /usr/lib/jvm/java-6-openjdk-amd64/jre/lib/amd64/libjava.so
7f5edda5f000-7f5eddc5e000 ---p 0002c000 08:03 18618873                   /usr/lib/jvm/java-6-openjdk-amd64/jre/lib/amd64/libjava.so
7f5eddc5e000-7f5eddc5f000 r--p 0002b000 08:03 18618873                   /usr/lib/jvm/java-6-openjdk-amd64/jre/lib/amd64/libjava.so
7f5eddc5f000-7f5eddc62000 rw-p 0002c000 08:03 18618873                   /usr/lib/jvm/java-6-openjdk-amd64/jre/lib/amd64/libjava.so
7f5eddc62000-7f5eddc70000 r-xp 00000000 08:03 18618872                   /usr/lib/jvm/java-6-openjdk-amd64/jre/lib/amd64/libverify.so
7f5eddc70000-7f5edde6f000 ---p 0000e000 08:03 18618872                   /usr/lib/jvm/java-6-openjdk-amd64/jre/lib/amd64/libverify.so
7f5edde6f000-7f5edde71000 r--p 0000d000 08:03 18618872                   /usr/lib/jvm/java-6-openjdk-amd64/jre/lib/amd64/libverify.so
7f5edde71000-7f5edde72000 rw-p 0000f000 08:03 18618872                   /usr/lib/jvm/java-6-openjdk-amd64/jre/lib/amd64/libverify.so
7f5edde72000-7f5edde79000 r-xp 00000000 08:03 21758075                   /lib/x86_64-linux-gnu/librt-2.15.so
7f5edde79000-7f5ede078000 ---p 00007000 08:03 21758075                   /lib/x86_64-linux-gnu/librt-2.15.so
7f5ede078000-7f5ede079000 r--p 00006000 08:03 21758075                   /lib/x86_64-linux-gnu/librt-2.15.so
7f5ede079000-7f5ede07a000 rw-p 00007000 08:03 21758075                   /lib/x86_64-linux-gnu/librt-2.15.so
7f5ede07a000-7f5ede08f000 r-xp 00000000 08:03 21761542                   /lib/x86_64-linux-gnu/libgcc_s.so.1
7f5ede08f000-7f5ede28e000 ---p 00015000 08:03 21761542                   /lib/x86_64-linux-gnu/libgcc_s.so.1
7f5ede28e000-7f5ede28f000 r--p 00014000 08:03 21761542                   /lib/x86_64-linux-gnu/libgcc_s.so.1
7f5ede28f000-7f5ede290000 rw-p 00015000 08:03 21761542                   /lib/x86_64-linux-gnu/libgcc_s.so.1
7f5ede290000-7f5ede389000 r-xp 00000000 08:03 21758079                   /lib/x86_64-linux-gnu/libm-2.15.so
7f5ede389000-7f5ede588000 ---p 000f9000 08:03 21758079                   /lib/x86_64-linux-gnu/libm-2.15.so
7f5ede588000-7f5ede589000 r--p 000f8000 08:03 21758079                   /lib/x86_64-linux-gnu/libm-2.15.so
7f5ede589000-7f5ede58a000 rw-p 000f9000 08:03 21758079                   /lib/x86_64-linux-gnu/libm-2.15.so
7f5ede58a000-7f5ede66c000 r-xp 00000000 08:03 18488773                   /usr/lib/x86_64-linux-gnu/libstdc++.so.6.0.16
7f5ede66c000-7f5ede86b000 ---p 000e2000 08:03 18488773                   /usr/lib/x86_64-linux-gnu/libstdc++.so.6.0.16
7f5ede86b000-7f5ede873000 r--p 000e1000 08:03 18488773                   /usr/lib/x86_64-linux-gnu/libstdc++.so.6.0.16
7f5ede873000-7f5ede875000 rw-p 000e9000 08:03 18488773                   /usr/lib/x86_64-linux-gnu/libstdc++.so.6.0.16
7f5ede875000-7f5ede88a000 rw-p 00000000 00:00 0 
7f5ede88a000-7f5edf18e000 r-xp 00000000 08:03 18618878                   /usr/lib/jvm/java-6-openjdk-amd64/jre/lib/amd64/server/libjvm.so
7f5edf18e000-7f5edf38e000 ---p 00904000 08:03 18618878                   /usr/lib/jvm/java-6-openjdk-amd64/jre/lib/amd64/server/libjvm.so
7f5edf38e000-7f5edf40e000 r--p 00904000 08:03 18618878                   /usr/lib/jvm/java-6-openjdk-amd64/jre/lib/amd64/server/libjvm.so
7f5edf40e000-7f5edf429000 rw-p 00984000 08:03 18618878                   /usr/lib/jvm/java-6-openjdk-amd64/jre/lib/amd64/server/libjvm.so
7f5edf429000-7f5edf452000 rw-p 00000000 00:00 0 
7f5edf452000-7f5edf468000 r-xp 00000000 08:03 21761632                   /lib/x86_64-linux-gnu/libz.so.1.2.3.4
7f5edf468000-7f5edf667000 ---p 00016000 08:03 21761632                   /lib/x86_64-linux-gnu/libz.so.1.2.3.4
7f5edf667000-7f5edf668000 r--p 00015000 08:03 21761632                   /lib/x86_64-linux-gnu/libz.so.1.2.3.4
7f5edf668000-7f5edf669000 rw-p 00016000 08:03 21761632                   /lib/x86_64-linux-gnu/libz.so.1.2.3.4
7f5edf669000-7f5edf81e000 r-xp 00000000 08:03 21757975                   /lib/x86_64-linux-gnu/libc-2.15.so
7f5edf81e000-7f5edfa1d000 ---p 001b5000 08:03 21757975                   /lib/x86_64-linux-gnu/libc-2.15.so
7f5edfa1d000-7f5edfa21000 r--p 001b4000 08:03 21757975                   /lib/x86_64-linux-gnu/libc-2.15.so
7f5edfa21000-7f5edfa23000 rw-p 001b8000 08:03 21757975                   /lib/x86_64-linux-gnu/libc-2.15.so
7f5edfa23000-7f5edfa28000 rw-p 00000000 00:00 0 
7f5edfa28000-7f5edfa2a000 r-xp 00000000 08:03 21757964                   /lib/x86_64-linux-gnu/libdl-2.15.so
7f5edfa2a000-7f5edfc2a000 ---p 00002000 08:03 21757964                   /lib/x86_64-linux-gnu/libdl-2.15.so
7f5edfc2a000-7f5edfc2b000 r--p 00002000 08:03 21757964                   /lib/x86_64-linux-gnu/libdl-2.15.so
7f5edfc2b000-7f5edfc2c000 rw-p 00003000 08:03 21757964                   /lib/x86_64-linux-gnu/libdl-2.15.so
7f5edfc2c000-7f5edfc30000 r-xp 00000000 08:03 18618855                   /usr/lib/jvm/java-6-openjdk-amd64/jre/lib/amd64/jli/libjli.so
7f5edfc30000-7f5edfe2f000 ---p 00004000 08:03 18618855                   /usr/lib/jvm/java-6-openjdk-amd64/jre/lib/amd64/jli/libjli.so
7f5edfe2f000-7f5edfe30000 r--p 00003000 08:03 18618855                   /usr/lib/jvm/java-6-openjdk-amd64/jre/lib/amd64/jli/libjli.so
7f5edfe30000-7f5edfe31000 rw-p 00004000 08:03 18618855                   /usr/lib/jvm/java-6-openjdk-amd64/jre/lib/amd64/jli/libjli.so
7f5edfe31000-7f5edfe49000 r-xp 00000000 08:03 21758073                   /lib/x86_64-linux-gnu/libpthread-2.15.so
7f5edfe49000-7f5ee0048000 ---p 00018000 08:03 21758073                   /lib/x86_64-linux-gnu/libpthread-2.15.so
7f5ee0048000-7f5ee0049000 r--p 00017000 08:03 21758073                   /lib/x86_64-linux-gnu/libpthread-2.15.so
7f5ee0049000-7f5ee004a000 rw-p 00018000 08:03 21758073                   /lib/x86_64-linux-gnu/libpthread-2.15.so
7f5ee004a000-7f5ee004e000 rw-p 00000000 00:00 0 
7f5ee004e000-7f5ee0070000 r-xp 00000000 08:03 21758085                   /lib/x86_64-linux-gnu/ld-2.15.so
7f5ee0070000-7f5ee0071000 r--s 00000000 08:03 19927134                   /var/cache/fontconfig/e7071f4a29fa870f4323321c154eba04-le64.cache-3
7f5ee0071000-7f5ee0072000 r--s 00000000 08:03 19927107                   /var/cache/fontconfig/0d8c3b2ac0904cb8a57a757ad11a4a08-le64.cache-3
7f5ee0072000-7f5ee0077000 r--s 00000000 08:03 19927110                   /var/cache/fontconfig/3047814df9a2f067bd2d96a2b9c36e5a-le64.cache-3
7f5ee0077000-7f5ee0078000 r--s 00000000 08:03 19927115                   /var/cache/fontconfig/56cf4f4769d0f4abc89a4895d7bd3ae1-le64.cache-3
7f5ee0078000-7f5ee007d000 r--s 00000000 08:03 19927125                   /var/cache/fontconfig/b47c4e1ecd0709278f4910c18777a504-le64.cache-3
7f5ee007d000-7f5ee0080000 r--s 00000000 08:03 19927196                   /var/cache/fontconfig/e13b20fdb08344e0e664864cc2ede53d-le64.cache-3
7f5ee0080000-7f5ee0084000 r--s 00000000 08:03 19927452                   /var/cache/fontconfig/7ef2298fde41cc6eeb7af42e48b7d293-le64.cache-3
7f5ee0084000-7f5ee0087000 r--s 0007d000 08:03 18618443                   /usr/lib/jvm/java-6-openjdk-common/jre/lib/jsse.jar
7f5ee0087000-7f5ee008e000 r--s 00073000 08:03 15597691                   /home/arwilczek90/workspace/Elements/lib/lwjgl.jar
7f5ee008e000-7f5ee0098000 rw-p 00000000 00:00 0 
7f5ee0098000-7f5ee014e000 rw-p 00000000 00:00 0 
7f5ee014e000-7f5ee0151000 ---p 00000000 00:00 0 
7f5ee0151000-7f5ee0254000 rw-p 00000000 00:00 0 
7f5ee0254000-7f5ee0255000 r--s 00000000 08:03 19927126                   /var/cache/fontconfig/b9d506c9ac06c20b433354fa67a72993-le64.cache-3
7f5ee0255000-7f5ee0257000 r--s 0000f000 08:03 18618803                   /usr/lib/jvm/java-6-openjdk-common/jre/lib/ext/pulse-java.jar
7f5ee0257000-7f5ee025a000 r--s 00077000 08:03 18618797                   /usr/lib/jvm/java-6-openjdk-common/jre/lib/ext/localedata.jar
7f5ee025a000-7f5ee025b000 r--s 00007000 08:03 18748229                   /usr/share/java/java-atk-wrapper.jar
7f5ee025b000-7f5ee025d000 r--s 00001000 08:03 18618801                   /usr/lib/jvm/java-6-openjdk-common/jre/lib/ext/dnsns.jar
7f5ee025d000-7f5ee0261000 r--s 00038000 08:03 18618795                   /usr/lib/jvm/java-6-openjdk-common/jre/lib/ext/sunpkcs11.jar
7f5ee0261000-7f5ee0264000 r--s 00031000 08:03 18618799                   /usr/lib/jvm/java-6-openjdk-common/jre/lib/ext/sunjce_provider.jar
7f5ee0264000-7f5ee026c000 rw-s 00000000 08:03 8126512                    /tmp/hsperfdata_arwilczek90/5246 (deleted)
7f5ee026c000-7f5ee026d000 rw-p 00000000 00:00 0 
7f5ee026d000-7f5ee026e000 ---p 00000000 00:00 0 
7f5ee026e000-7f5ee0270000 rw-p 00000000 00:00 0 
7f5ee0270000-7f5ee0271000 r--p 00022000 08:03 21758085                   /lib/x86_64-linux-gnu/ld-2.15.so
7f5ee0271000-7f5ee0273000 rw-p 00023000 08:03 21758085                   /lib/x86_64-linux-gnu/ld-2.15.so
7ffffea16000-7ffffea37000 rw-p 00000000 00:00 0                          [stack]
7ffffeb02000-7ffffeb03000 r-xp 00000000 00:00 0                          [vdso]
ffffffffff600000-ffffffffff601000 r-xp 00000000 00:00 0                  [vsyscall]

VM Arguments:
jvm_args: -agentlib:jdwp=transport=dt_socket,suspend=y,address=localhost:40191 -Djava.library.path=/home/arwilczek90/workspace/Elements/lib/slick:/home/arwilczek90/workspace/Elements/lib/slick -Dfile.encoding=UTF-8 
java_command: com.hack.elements.view.Main
Launcher Type: SUN_STANDARD

Environment Variables:
PATH=/usr/lib/lightdm/lightdm:/usr/local/sbin:/usr/local/bin:/usr/sbin:/usr/bin:/sbin:/bin:/usr/games
LD_LIBRARY_PATH=/usr/lib/jvm/java-6-openjdk-amd64/jre/lib/amd64/server:/usr/lib/jvm/java-6-openjdk-amd64/jre/lib/amd64:/usr/lib/jvm/java-6-openjdk-amd64/jre/../lib/amd64
SHELL=/bin/bash
DISPLAY=:0.0

Signal Handlers:
SIGSEGV: [libjvm.so+0x784310], sa_mask[0]=0x7ffbfeff, sa_flags=0x10000004
SIGBUS: [libjvm.so+0x784310], sa_mask[0]=0x7ffbfeff, sa_flags=0x10000004
SIGFPE: [libjvm.so+0x648580], sa_mask[0]=0x7ffbfeff, sa_flags=0x10000004
SIGPIPE: [libjvm.so+0x648580], sa_mask[0]=0x7ffbfeff, sa_flags=0x10000004
SIGXFSZ: [libjvm.so+0x648580], sa_mask[0]=0x7ffbfeff, sa_flags=0x10000004
SIGILL: [libjvm.so+0x648580], sa_mask[0]=0x7ffbfeff, sa_flags=0x10000004
SIGUSR1: SIG_DFL, sa_mask[0]=0x00000000, sa_flags=0x00000000
SIGUSR2: [libjvm.so+0x648730], sa_mask[0]=0x00000004, sa_flags=0x10000004
SIGHUP: [libjvm.so+0x64b250], sa_mask[0]=0x7ffbfeff, sa_flags=0x10000004
SIGINT: [libjvm.so+0x64b250], sa_mask[0]=0x7ffbfeff, sa_flags=0x10000004
SIGTERM: [libjvm.so+0x64b250], sa_mask[0]=0x7ffbfeff, sa_flags=0x10000004
SIGQUIT: [libjvm.so+0x64b250], sa_mask[0]=0x7ffbfeff, sa_flags=0x10000004


---------------  S Y S T E M  ---------------

OS:Ubuntu 12.04 (precise)
uname:Linux 3.2.0-32-generic #51-Ubuntu SMP Wed Sep 26 21:33:09 UTC 2012 x86_64
libc:glibc 2.15 NPTL 2.15 
rlimit: STACK 8192k, CORE 0k, NPROC 59545, NOFILE 4096, AS infinity
load average:0.30 0.38 0.35

/proc/meminfo:
MemTotal:        7639648 kB
MemFree:         4425100 kB
Buffers:           92948 kB
Cached:          1025064 kB
SwapCached:            0 kB
Active:          2157056 kB
Inactive:         643804 kB
Active(anon):    1683304 kB
Inactive(anon):     9940 kB
Active(file):     473752 kB
Inactive(file):   633864 kB
Unevictable:          20 kB
Mlocked:              20 kB
SwapTotal:       3818492 kB
SwapFree:        3818492 kB
Dirty:               228 kB
Writeback:             0 kB
AnonPages:       1682868 kB
Mapped:           304004 kB
Shmem:             10400 kB
Slab:              86668 kB
SReclaimable:      58192 kB
SUnreclaim:        28476 kB
KernelStack:        4128 kB
PageTables:        33672 kB
NFS_Unstable:          0 kB
Bounce:                0 kB
WritebackTmp:          0 kB
CommitLimit:     7638316 kB
Committed_AS:    4240988 kB
VmallocTotal:   34359738367 kB
VmallocUsed:      116912 kB
VmallocChunk:   34359619344 kB
HardwareCorrupted:     0 kB
AnonHugePages:         0 kB
HugePages_Total:       0
HugePages_Free:        0
HugePages_Rsvd:        0
HugePages_Surp:        0
Hugepagesize:       2048 kB
DirectMap4k:      147456 kB
DirectMap2M:     2453504 kB
DirectMap1G:     5242880 kB


CPU:total 4 (4 cores per cpu, 1 threads per core) family 18 model 1 stepping 0, cmov, cx8, fxsr, mmx, sse, sse2, sse3, popcnt, mmxext, 3dnowpref, lzcnt, sse4a

Memory: 4k page, physical 7639648k(4425100k free), swap 3818492k(3818492k free)

vm_info: OpenJDK 64-Bit Server VM (20.0-b12) for linux-amd64 JRE (1.6.0_24-b24), built on Sep  2 2012 19:50:47 by "buildd" with gcc 4.6.3

time: Sat Oct 13 14:13:50 2012
elapsed time: 290 seconds

