#
# A fatal error has been detected by the Java Runtime Environment:
#
#  SIGSEGV (0xb) at pc=0x00007f83ba2bac58, pid=17789, tid=140203767346944
#
# JRE version: 6.0_24-b24
# Java VM: OpenJDK 64-Bit Server VM (20.0-b12 mixed mode linux-amd64 compressed oops)
# Derivative: IcedTea6 1.11.4
# Distribution: Ubuntu 12.04 LTS, package 6b24-1.11.4-1ubuntu0.12.04.1
# Problematic frame:
# C  [libX11.so.6+0x33c58]  XQueryExtension+0x28
#
# If you would like to submit a bug report, please include
# instructions how to reproduce the bug and visit:
#   https://bugs.launchpad.net/ubuntu/+source/openjdk-6/
#

---------------  T H R E A D  ---------------

Current thread (0x00007f83c4070000):  VMThread [stack: 0x00007f83bbafb000,0x00007f83bbbfc000] [id=17800]

siginfo:si_signo=SIGSEGV: si_errno=0, si_code=1 (SEGV_MAPERR), si_addr=0xffffffffc4293288

Registers:
RAX=0x00007f839c000bd0, RBX=0xffffffffc4292920, RCX=0x00007f83bbbfa958, RDX=0x00007f83bbbfa954
RSP=0x00007f83bbbfa8f0, RBP=0x00007f83b8271932, RSI=0x00007f83b8271932, RDI=0xffffffffc4292920
R8 =0x00007f83bbbfa95c, R9 =0x0000000000000010, R10=0x00007f83ca8ccfa8, R11=0x0000000000000000
R12=0x0000000000000000, R13=0x00007f83b8271932, R14=0x00007f839c000bd0, R15=0x0000000000000000
RIP=0x00007f83ba2bac58, EFLAGS=0x0000000000010206, CSGSFS=0x0000000000000033, ERR=0x0000000000000005
  TRAPNO=0x000000000000000e

Top of Stack: (sp=0x00007f83bbbfa8f0)
0x00007f83bbbfa8f0:   0000000000000000 0000003000000003
0x00007f83bbbfa900:   0000006e0000005b 0000007c00000077
0x00007f83bbbfa910:   00000000ffffffff ffffffffc4292920
0x00007f83bbbfa920:   00007f83b8271932 0000000000000000
0x00007f83bbbfa930:   00007f83b8271932 00007f839c000bd0
0x00007f83bbbfa940:   0000000000000000 00007f83ba2aec55
0x00007f83bbbfa950:   00007f83cb119048 00007f83b83aa520
0x00007f83bbbfa960:   00007f83b83aa520 ffffffffc4292920
0x00007f83bbbfa970:   00007f83c41a2d50 00007f83ba5c802b
0x00007f83bbbfa980:   00007f83ca51f790 000000110000002c
0x00007f83bbbfa990:   00007f83bbbfaa10 0000000000000000
0x00007f83bbbfa9a0:   00007f83bbbfaa10 ffffffffc4292920
0x00007f83bbbfa9b0:   0000000000000000 00007f83cb119048
0x00007f83bbbfa9c0:   00007f83b83c3d50 00007f83b8218119
0x00007f83bbbfa9d0:   0000000000000000 000000000000002c
0x00007f83bbbfa9e0:   00007f83bbbfaa10 00007f83bbbfaa30
0x00007f83bbbfa9f0:   0000000000000000 00007f83cb119048
0x00007f83bbbfaa00:   00007f83c4292480 00007f83b820eb42
0x00007f83bbbfaa10:   00007f83bbbfac00 00007f83b82718b1
0x00007f83bbbfaa20:   00007f83bbbfac00 00007f83caf0592d
0x00007f83bbbfaa30:   00007f83cb11a2c8 00007f83cb11a858
0x00007f83bbbfaa40:   00007f83cb0fb000 00007f83c4006a00
0x00007f83bbbfaa50:   00007f83c4007510 00007f83c4006eb0
0x00007f83bbbfaa60:   00007f83c4007a10 00007f83c400c6f0
0x00007f83bbbfaa70:   00007f83c414e250 00007f83c414e730
0x00007f83bbbfaa80:   00007f83cb0fa000 00007f83c428f030
0x00007f83bbbfaa90:   00007f83c4287370 00007f83c4287810
0x00007f83bbbfaaa0:   00007f83c428f500 00007f83c428f9a0
0x00007f83bbbfaab0:   00007f83c428fe40 00007f83c40f9d50
0x00007f83bbbfaac0:   00007f83c40f5540 00007f83c40025e0
0x00007f83bbbfaad0:   00007f83c4001ec0 0000000001dab5f0
0x00007f83bbbfaae0:   0000000001dabb60 0000000001dac570 

Instructions: (pc=0x00007f83ba2bac58)
0x00007f83ba2bac38:   24 d8 48 89 fb 4c 89 64 24 e0 4c 89 6c 24 e8 48
0x00007f83ba2bac48:   89 f5 4c 89 74 24 f0 4c 89 7c 24 f8 48 83 ec 58
0x00007f83ba2bac58:   48 8b 87 68 09 00 00 49 89 d4 49 89 cd 4d 89 c6
0x00007f83ba2bac68:   48 85 c0 74 02 ff 10 ba 08 00 00 00 be 62 00 00 

Register to memory mapping:

RAX=0x00007f839c000bd0 is an unknown value
RBX=0xffffffffc4292920 is an unknown value
RCX=0x00007f83bbbfa958 is an unknown value
RDX=0x00007f83bbbfa954 is an unknown value
RSP=0x00007f83bbbfa8f0 is an unknown value
RBP=0x00007f83b8271932: <offset 0x96932> in /usr/lib/fglrx/libGL.so.1 at 0x00007f83b81db000
RSI=0x00007f83b8271932: <offset 0x96932> in /usr/lib/fglrx/libGL.so.1 at 0x00007f83b81db000
RDI=0xffffffffc4292920 is an unknown value
R8 =0x00007f83bbbfa95c is an unknown value
R9 =0x0000000000000010 is an unknown value
R10=0x00007f83ca8ccfa8: <offset 0x3bbfa8> in /lib/x86_64-linux-gnu/libc.so.6 at 0x00007f83ca511000
R11=0x0000000000000000 is an unknown value
R12=0x0000000000000000 is an unknown value
R13=0x00007f83b8271932: <offset 0x96932> in /usr/lib/fglrx/libGL.so.1 at 0x00007f83b81db000
R14=0x00007f839c000bd0 is an unknown value
R15=0x0000000000000000 is an unknown value


Stack: [0x00007f83bbafb000,0x00007f83bbbfc000],  sp=0x00007f83bbbfa8f0,  free space=1022k
Native frames: (J=compiled Java code, j=interpreted, Vv=VM code, C=native code)
C  [libX11.so.6+0x33c58]  XQueryExtension+0x28

VM_Operation (0x00007f83b07d16e0): Exit, mode: safepoint, requested by thread 0x00007f8398002000


---------------  P R O C E S S  ---------------

Java Threads: ( => current thread )
  0x00007f8398002000 JavaThread "SIGTERM handler" daemon [_thread_blocked, id=17820, stack(0x00007f83b06d2000,0x00007f83b07d3000)]
  0x00007f83c4b5a800 JavaThread "Thread-2" daemon [_thread_blocked, id=17811, stack(0x00007f83b11d9000,0x00007f83b12da000)]
  0x00007f83c428e000 JavaThread "AWT-XAWT" daemon [_thread_blocked, id=17810, stack(0x00007f83b8b36000,0x00007f83b8c37000)]
  0x00007f83c415f800 JavaThread "Java2D Disposer" daemon [_thread_blocked, id=17808, stack(0x00007f83b9068000,0x00007f83b9169000)]
  0x00007f83c409e800 JavaThread "Low Memory Detector" daemon [_thread_blocked, id=17806, stack(0x00007f83bae12000,0x00007f83baf13000)]
  0x00007f83c409c000 JavaThread "C2 CompilerThread1" daemon [_thread_blocked, id=17805, stack(0x00007f83baf13000,0x00007f83bb014000)]
  0x00007f83c4099800 JavaThread "C2 CompilerThread0" daemon [_thread_blocked, id=17804, stack(0x00007f83bb014000,0x00007f83bb115000)]
  0x00007f83c4079000 JavaThread "Finalizer" daemon [_thread_blocked, id=17802, stack(0x00007f83bb8f9000,0x00007f83bb9fa000)]
  0x00007f83c4077000 JavaThread "Reference Handler" daemon [_thread_blocked, id=17801, stack(0x00007f83bb9fa000,0x00007f83bbafb000)]
  0x00007f83c4008800 JavaThread "main" [_thread_blocked, id=17794, stack(0x00007f83caff6000,0x00007f83cb0f7000)]

Other Threads:
=>0x00007f83c4070000 VMThread [stack: 0x00007f83bbafb000,0x00007f83bbbfc000] [id=17800]

VM state:at safepoint (shutting down)

VM Mutex/Monitor currently owned by a thread:  ([mutex/lock_event])
[0x00007f83c4004dd0] Threads_lock - owner thread: 0x00007f83c4070000

Heap
 PSYoungGen      total 34880K, used 4771K [0x00000000d9200000, 0x00000000db8e0000, 0x0000000100000000)
  eden space 29952K, 10% used [0x00000000d9200000,0x00000000d9534c98,0x00000000daf40000)
  from space 4928K, 30% used [0x00000000daf40000,0x00000000db0b4040,0x00000000db410000)
  to   space 4928K, 0% used [0x00000000db410000,0x00000000db410000,0x00000000db8e0000)
 PSOldGen        total 79616K, used 0K [0x000000008b600000, 0x00000000903c0000, 0x00000000d9200000)
  object space 79616K, 0% used [0x000000008b600000,0x000000008b600000,0x00000000903c0000)
 PSPermGen       total 21248K, used 11344K [0x0000000081000000, 0x00000000824c0000, 0x000000008b600000)
  object space 21248K, 53% used [0x0000000081000000,0x0000000081b14028,0x00000000824c0000)

Code Cache  [0x00007f83c0df8000, 0x00007f83c1068000, 0x00007f83c3df8000)
 total_blobs=622 nmethods=142 adapters=434 free_code_cache=49511808 largest_free_block=35008

Dynamic libraries:
00400000-00409000 r-xp 00000000 08:03 18618890                           /usr/lib/jvm/java-6-openjdk-amd64/jre/bin/java
00608000-00609000 r--p 00008000 08:03 18618890                           /usr/lib/jvm/java-6-openjdk-amd64/jre/bin/java
00609000-0060a000 rw-p 00009000 08:03 18618890                           /usr/lib/jvm/java-6-openjdk-amd64/jre/bin/java
01dab000-01dcc000 rw-p 00000000 00:00 0                                  [heap]
81000000-824c0000 rw-p 00000000 00:00 0 
824c0000-8b600000 rw-p 00000000 00:00 0 
8b600000-903c0000 rw-p 00000000 00:00 0 
903c0000-d9200000 rw-p 00000000 00:00 0 
d9200000-db8e0000 rw-p 00000000 00:00 0 
db8e0000-100000000 rw-p 00000000 00:00 0 
7f8364000000-7f8364021000 rw-p 00000000 00:00 0 
7f8364021000-7f8368000000 ---p 00000000 00:00 0 
7f836c000000-7f836c021000 rw-p 00000000 00:00 0 
7f836c021000-7f8370000000 ---p 00000000 00:00 0 
7f8370000000-7f8370021000 rw-p 00000000 00:00 0 
7f8370021000-7f8374000000 ---p 00000000 00:00 0 
7f8374000000-7f8374021000 rw-p 00000000 00:00 0 
7f8374021000-7f8378000000 ---p 00000000 00:00 0 
7f8378000000-7f8378021000 rw-p 00000000 00:00 0 
7f8378021000-7f837c000000 ---p 00000000 00:00 0 
7f837c000000-7f837c021000 rw-p 00000000 00:00 0 
7f837c021000-7f8380000000 ---p 00000000 00:00 0 
7f8380000000-7f8380021000 rw-p 00000000 00:00 0 
7f8380021000-7f8384000000 ---p 00000000 00:00 0 
7f8384000000-7f8384021000 rw-p 00000000 00:00 0 
7f8384021000-7f8388000000 ---p 00000000 00:00 0 
7f8388000000-7f8388021000 rw-p 00000000 00:00 0 
7f8388021000-7f838c000000 ---p 00000000 00:00 0 
7f838c000000-7f838c183000 rw-p 00000000 00:00 0 
7f838c183000-7f8390000000 ---p 00000000 00:00 0 
7f8390000000-7f8390d49000 rw-p 00000000 00:00 0 
7f8390d49000-7f8394000000 ---p 00000000 00:00 0 
7f8394000000-7f8394021000 rw-p 00000000 00:00 0 
7f8394021000-7f8398000000 ---p 00000000 00:00 0 
7f8398000000-7f8398021000 rw-p 00000000 00:00 0 
7f8398021000-7f839c000000 ---p 00000000 00:00 0 
7f839c000000-7f839c021000 rw-p 00000000 00:00 0 
7f839c021000-7f83a0000000 ---p 00000000 00:00 0 
7f83a0000000-7f83a0021000 rw-p 00000000 00:00 0 
7f83a0021000-7f83a4000000 ---p 00000000 00:00 0 
7f83a4000000-7f83a4021000 rw-p 00000000 00:00 0 
7f83a4021000-7f83a8000000 ---p 00000000 00:00 0 
7f83ac000000-7f83ac021000 rw-p 00000000 00:00 0 
7f83ac021000-7f83b0000000 ---p 00000000 00:00 0 
7f83b03cf000-7f83b03d2000 ---p 00000000 00:00 0 
7f83b03d2000-7f83b04d0000 rw-p 00000000 00:00 0 
7f83b04d0000-7f83b04d3000 ---p 00000000 00:00 0 
7f83b04d3000-7f83b05d1000 rw-p 00000000 00:00 0 
7f83b05d1000-7f83b05d4000 ---p 00000000 00:00 0 
7f83b05d4000-7f83b06d2000 rw-p 00000000 00:00 0 
7f83b06d2000-7f83b06d5000 ---p 00000000 00:00 0 
7f83b06d5000-7f83b07d3000 rw-p 00000000 00:00 0 
7f83b07d3000-7f83b08d3000 rw-s 3b7f2000 00:05 10225                      /dev/ati/card0
7f83b08d3000-7f83b09d3000 rw-s 3b7f1000 00:05 10225                      /dev/ati/card0
7f83b09d3000-7f83b0bd3000 rw-s 3b7ed000 00:05 10225                      /dev/ati/card0
7f83b0bd3000-7f83b0cd3000 rw-s 3b7eb000 00:05 10225                      /dev/ati/card0
7f83b0cd4000-7f83b0dd4000 rw-s 3b7f0000 00:05 10225                      /dev/ati/card0
7f83b0dd4000-7f83b0ed4000 rw-s 3b7ef000 00:05 10225                      /dev/ati/card0
7f83b10d6000-7f83b10d9000 r-xp 00000000 08:03 15602613                   /home/arwilczek90/workspace/Elements/lib/slick/libjinput-linux64.so
7f83b10d9000-7f83b11d8000 ---p 00003000 08:03 15602613                   /home/arwilczek90/workspace/Elements/lib/slick/libjinput-linux64.so
7f83b11d8000-7f83b11d9000 rw-p 00002000 08:03 15602613                   /home/arwilczek90/workspace/Elements/lib/slick/libjinput-linux64.so
7f83b11d9000-7f83b11dc000 ---p 00000000 00:00 0 
7f83b11dc000-7f83b12da000 rw-p 00000000 00:00 0 
7f83b12da000-7f83b19da000 rw-s 00006000 00:05 10225                      /dev/ati/card0
7f83b19da000-7f83b19dc000 r-xp 00000000 08:03 18488267                   /usr/lib/x86_64-linux-gnu/libXinerama.so.1.0.0
7f83b19dc000-7f83b1bdb000 ---p 00002000 08:03 18488267                   /usr/lib/x86_64-linux-gnu/libXinerama.so.1.0.0
7f83b1bdb000-7f83b1bdc000 r--p 00001000 08:03 18488267                   /usr/lib/x86_64-linux-gnu/libXinerama.so.1.0.0
7f83b1bdc000-7f83b1bdd000 rw-p 00002000 08:03 18488267                   /usr/lib/x86_64-linux-gnu/libXinerama.so.1.0.0
7f83b1bdd000-7f83b1c18000 r-xp 00000000 08:03 19009508                   /usr/lib/fglrx/libatiadlxx.so
7f83b1c18000-7f83b1d18000 ---p 0003b000 08:03 19009508                   /usr/lib/fglrx/libatiadlxx.so
7f83b1d18000-7f83b1d21000 rw-p 0003b000 08:03 19009508                   /usr/lib/fglrx/libatiadlxx.so
7f83b1d21000-7f83b1d32000 rw-p 00000000 00:00 0 
7f83b1d32000-7f83b3c8c000 r-xp 00000000 08:03 19009510                   /usr/lib/fglrx/dri/fglrx_dri.so
7f83b3c8c000-7f83b3d8c000 ---p 01f5a000 08:03 19009510                   /usr/lib/fglrx/dri/fglrx_dri.so
7f83b3d8c000-7f83b3eda000 rwxp 01f5a000 08:03 19009510                   /usr/lib/fglrx/dri/fglrx_dri.so
7f83b3eda000-7f83b4000000 rwxp 00000000 00:00 0 
7f83b4000000-7f83b4021000 rw-p 00000000 00:00 0 
7f83b4021000-7f83b8000000 ---p 00000000 00:00 0 
7f83b8028000-7f83b802a000 r--s 00015000 08:03 15598514                   /home/arwilczek90/workspace/Elements/lib/slick/lib/tinylinepp.jar
7f83b802a000-7f83b802d000 r--s 00015000 08:03 15598512                   /home/arwilczek90/workspace/Elements/lib/slick/lib/slick-util.jar
7f83b802d000-7f83b8032000 r--s 0002f000 08:03 15598498                   /home/arwilczek90/workspace/Elements/lib/slick/lib/jinput.jar
7f83b8032000-7f83b8034000 r--s 00008000 08:03 15598497                   /home/arwilczek90/workspace/Elements/lib/slick/lib/ibxm.jar
7f83b8034000-7f83b8037000 r--s 0005b000 08:03 15598496                   /home/arwilczek90/workspace/Elements/lib/slick/lib/hiero.jar
7f83b8037000-7f83b8038000 r--s 00007000 08:03 15597697                   /home/arwilczek90/workspace/Elements/lib/slick/applet/lwjgl_util_applet.jar
7f83b8038000-7f83b8078000 rw-s 0002a000 00:05 10225                      /dev/ati/card0
7f83b8078000-7f83b80b8000 rw-s f0300000 00:05 10225                      /dev/ati/card0
7f83b80b8000-7f83b80bf000 r-xp 00000000 08:03 19009532                   /usr/lib/fglrx/libatiuki.so.1.0
7f83b80bf000-7f83b81bf000 ---p 00007000 08:03 19009532                   /usr/lib/fglrx/libatiuki.so.1.0
7f83b81bf000-7f83b81c0000 rw-p 00007000 08:03 19009532                   /usr/lib/fglrx/libatiuki.so.1.0
7f83b81c0000-7f83b81c1000 rw-p 00000000 00:00 0 
7f83b81c3000-7f83b81cb000 r--s 00067000 08:03 15598510                   /home/arwilczek90/workspace/Elements/lib/slick/lib/slick-sources.jar
7f83b81cb000-7f83b81cc000 r--s 00000000 08:03 15598509                   /home/arwilczek90/workspace/Elements/lib/slick/lib/slick-examples.jar
7f83b81cc000-7f83b81cd000 r--s 00003000 08:03 15598508                   /home/arwilczek90/workspace/Elements/lib/slick/lib/scalar.jar
7f83b81cd000-7f83b81d0000 r--s 00017000 08:03 15598507                   /home/arwilczek90/workspace/Elements/lib/slick/lib/pedigree.jar
7f83b81d0000-7f83b81db000 r--s 00093000 08:03 15598513                   /home/arwilczek90/workspace/Elements/lib/slick/lib/slick.jar
7f83b81db000-7f83b829e000 r-xp 00000000 08:03 19009512                   /usr/lib/fglrx/libGL.so.1.2
7f83b829e000-7f83b839d000 ---p 000c3000 08:03 19009512                   /usr/lib/fglrx/libGL.so.1.2
7f83b839d000-7f83b83c4000 rwxp 000c2000 08:03 19009512                   /usr/lib/fglrx/libGL.so.1.2
7f83b83c4000-7f83b83e4000 rwxp 00000000 00:00 0 
7f83b83e4000-7f83b83e5000 r-xp 00000000 08:03 18618886                   /usr/lib/jvm/java-6-openjdk-amd64/jre/lib/amd64/libjawt.so
7f83b83e5000-7f83b85e4000 ---p 00001000 08:03 18618886                   /usr/lib/jvm/java-6-openjdk-amd64/jre/lib/amd64/libjawt.so
7f83b85e4000-7f83b85e5000 r--p 00000000 08:03 18618886                   /usr/lib/jvm/java-6-openjdk-amd64/jre/lib/amd64/libjawt.so
7f83b85e5000-7f83b85e6000 rw-p 00001000 08:03 18618886                   /usr/lib/jvm/java-6-openjdk-amd64/jre/lib/amd64/libjawt.so
7f83b85e6000-7f83b85ea000 r-xp 00000000 08:03 18488287                   /usr/lib/x86_64-linux-gnu/libXxf86vm.so.1.0.0
7f83b85ea000-7f83b87e9000 ---p 00004000 08:03 18488287                   /usr/lib/x86_64-linux-gnu/libXxf86vm.so.1.0.0
7f83b87e9000-7f83b87ea000 r--p 00003000 08:03 18488287                   /usr/lib/x86_64-linux-gnu/libXxf86vm.so.1.0.0
7f83b87ea000-7f83b87eb000 rw-p 00004000 08:03 18488287                   /usr/lib/x86_64-linux-gnu/libXxf86vm.so.1.0.0
7f83b87eb000-7f83b87f3000 r-xp 00000000 08:03 18488277                   /usr/lib/x86_64-linux-gnu/libXrandr.so.2.2.0
7f83b87f3000-7f83b89f2000 ---p 00008000 08:03 18488277                   /usr/lib/x86_64-linux-gnu/libXrandr.so.2.2.0
7f83b89f2000-7f83b89f3000 r--p 00007000 08:03 18488277                   /usr/lib/x86_64-linux-gnu/libXrandr.so.2.2.0
7f83b89f3000-7f83b89f4000 rw-p 00008000 08:03 18488277                   /usr/lib/x86_64-linux-gnu/libXrandr.so.2.2.0
7f83b89f4000-7f83b8a34000 r-xp 00000000 08:03 15602617                   /home/arwilczek90/workspace/Elements/lib/slick/liblwjgl64.so
7f83b8a34000-7f83b8b34000 ---p 00040000 08:03 15602617                   /home/arwilczek90/workspace/Elements/lib/slick/liblwjgl64.so
7f83b8b34000-7f83b8b36000 rw-p 00040000 08:03 15602617                   /home/arwilczek90/workspace/Elements/lib/slick/liblwjgl64.so
7f83b8b36000-7f83b8b39000 ---p 00000000 00:00 0 
7f83b8b39000-7f83b8c37000 rw-p 00000000 00:00 0 
7f83b8c37000-7f83b8c3c000 r-xp 00000000 08:03 18488261                   /usr/lib/x86_64-linux-gnu/libXfixes.so.3.1.0
7f83b8c3c000-7f83b8e3b000 ---p 00005000 08:03 18488261                   /usr/lib/x86_64-linux-gnu/libXfixes.so.3.1.0
7f83b8e3b000-7f83b8e3c000 r--p 00004000 08:03 18488261                   /usr/lib/x86_64-linux-gnu/libXfixes.so.3.1.0
7f83b8e3c000-7f83b8e3d000 rw-p 00005000 08:03 18488261                   /usr/lib/x86_64-linux-gnu/libXfixes.so.3.1.0
7f83b8e3d000-7f83b8e46000 r-xp 00000000 08:03 18488253                   /usr/lib/x86_64-linux-gnu/libXcursor.so.1.0.2
7f83b8e46000-7f83b9045000 ---p 00009000 08:03 18488253                   /usr/lib/x86_64-linux-gnu/libXcursor.so.1.0.2
7f83b9045000-7f83b9046000 r--p 00008000 08:03 18488253                   /usr/lib/x86_64-linux-gnu/libXcursor.so.1.0.2
7f83b9046000-7f83b9047000 rw-p 00009000 08:03 18488253                   /usr/lib/x86_64-linux-gnu/libXcursor.so.1.0.2
7f83b9049000-7f83b904b000 r--s 00004000 08:03 15598506                   /home/arwilczek90/workspace/Elements/lib/slick/lib/packulike.jar
7f83b904b000-7f83b904c000 r--s 00043000 08:03 15598505                   /home/arwilczek90/workspace/Elements/lib/slick/lib/natives-win32.jar
7f83b904c000-7f83b904e000 r--s 00033000 08:03 15598504                   /home/arwilczek90/workspace/Elements/lib/slick/lib/natives-mac.jar
7f83b904e000-7f83b904f000 r--s 0003d000 08:03 15598503                   /home/arwilczek90/workspace/Elements/lib/slick/lib/natives-linux.jar
7f83b904f000-7f83b9056000 r--s 00073000 08:03 15598502                   /home/arwilczek90/workspace/Elements/lib/slick/lib/lwjgl.jar
7f83b9056000-7f83b9061000 r--s 00093000 08:03 15597692                   /home/arwilczek90/workspace/Elements/lib/slick.jar
7f83b9061000-7f83b9068000 r--s 000fb000 08:03 18618812                   /usr/lib/jvm/java-6-openjdk-common/jre/lib/resources.jar
7f83b9068000-7f83b906b000 ---p 00000000 00:00 0 
7f83b906b000-7f83b9169000 rw-p 00000000 00:00 0 
7f83b9169000-7f83b91ff000 r-xp 00000000 08:03 18488439                   /usr/lib/x86_64-linux-gnu/libfreetype.so.6.8.0
7f83b91ff000-7f83b93fe000 ---p 00096000 08:03 18488439                   /usr/lib/x86_64-linux-gnu/libfreetype.so.6.8.0
7f83b93fe000-7f83b9404000 r--p 00095000 08:03 18488439                   /usr/lib/x86_64-linux-gnu/libfreetype.so.6.8.0
7f83b9404000-7f83b9405000 rw-p 0009b000 08:03 18488439                   /usr/lib/x86_64-linux-gnu/libfreetype.so.6.8.0
7f83b9405000-7f83b943f000 r-xp 00000000 08:03 18618871                   /usr/lib/jvm/java-6-openjdk-amd64/jre/lib/amd64/libfontmanager.so
7f83b943f000-7f83b963e000 ---p 0003a000 08:03 18618871                   /usr/lib/jvm/java-6-openjdk-amd64/jre/lib/amd64/libfontmanager.so
7f83b963e000-7f83b9640000 r--p 00039000 08:03 18618871                   /usr/lib/jvm/java-6-openjdk-amd64/jre/lib/amd64/libfontmanager.so
7f83b9640000-7f83b9641000 rw-p 0003b000 08:03 18618871                   /usr/lib/jvm/java-6-openjdk-amd64/jre/lib/amd64/libfontmanager.so
7f83b9641000-7f83b9646000 r-xp 00000000 08:03 18488257                   /usr/lib/x86_64-linux-gnu/libXdmcp.so.6.0.0
7f83b9646000-7f83b9845000 ---p 00005000 08:03 18488257                   /usr/lib/x86_64-linux-gnu/libXdmcp.so.6.0.0
7f83b9845000-7f83b9846000 r--p 00004000 08:03 18488257                   /usr/lib/x86_64-linux-gnu/libXdmcp.so.6.0.0
7f83b9846000-7f83b9847000 rw-p 00005000 08:03 18488257                   /usr/lib/x86_64-linux-gnu/libXdmcp.so.6.0.0
7f83b9847000-7f83b9849000 r-xp 00000000 08:03 18488246                   /usr/lib/x86_64-linux-gnu/libXau.so.6.0.0
7f83b9849000-7f83b9a48000 ---p 00002000 08:03 18488246                   /usr/lib/x86_64-linux-gnu/libXau.so.6.0.0
7f83b9a48000-7f83b9a49000 r--p 00001000 08:03 18488246                   /usr/lib/x86_64-linux-gnu/libXau.so.6.0.0
7f83b9a49000-7f83b9a4a000 rw-p 00002000 08:03 18488246                   /usr/lib/x86_64-linux-gnu/libXau.so.6.0.0
7f83b9a4a000-7f83b9a67000 r-xp 00000000 08:03 18488845                   /usr/lib/x86_64-linux-gnu/libxcb.so.1.1.0
7f83b9a67000-7f83b9c66000 ---p 0001d000 08:03 18488845                   /usr/lib/x86_64-linux-gnu/libxcb.so.1.1.0
7f83b9c66000-7f83b9c67000 r--p 0001c000 08:03 18488845                   /usr/lib/x86_64-linux-gnu/libxcb.so.1.1.0
7f83b9c67000-7f83b9c68000 rw-p 0001d000 08:03 18488845                   /usr/lib/x86_64-linux-gnu/libxcb.so.1.1.0
7f83b9c68000-7f83b9c76000 r-xp 00000000 08:03 18488265                   /usr/lib/x86_64-linux-gnu/libXi.so.6.1.0
7f83b9c76000-7f83b9e75000 ---p 0000e000 08:03 18488265                   /usr/lib/x86_64-linux-gnu/libXi.so.6.1.0
7f83b9e75000-7f83b9e76000 r--p 0000d000 08:03 18488265                   /usr/lib/x86_64-linux-gnu/libXi.so.6.1.0
7f83b9e76000-7f83b9e77000 rw-p 0000e000 08:03 18488265                   /usr/lib/x86_64-linux-gnu/libXi.so.6.1.0
7f83b9e77000-7f83b9e7c000 r-xp 00000000 08:03 18488283                   /usr/lib/x86_64-linux-gnu/libXtst.so.6.1.0
7f83b9e7c000-7f83ba07b000 ---p 00005000 08:03 18488283                   /usr/lib/x86_64-linux-gnu/libXtst.so.6.1.0
7f83ba07b000-7f83ba07c000 r--p 00004000 08:03 18488283                   /usr/lib/x86_64-linux-gnu/libXtst.so.6.1.0
7f83ba07c000-7f83ba07d000 rw-p 00005000 08:03 18488283                   /usr/lib/x86_64-linux-gnu/libXtst.so.6.1.0
7f83ba07d000-7f83ba086000 r-xp 00000000 08:03 18488279                   /usr/lib/x86_64-linux-gnu/libXrender.so.1.3.0
7f83ba086000-7f83ba285000 ---p 00009000 08:03 18488279                   /usr/lib/x86_64-linux-gnu/libXrender.so.1.3.0
7f83ba285000-7f83ba286000 r--p 00008000 08:03 18488279                   /usr/lib/x86_64-linux-gnu/libXrender.so.1.3.0
7f83ba286000-7f83ba287000 rw-p 00009000 08:03 18488279                   /usr/lib/x86_64-linux-gnu/libXrender.so.1.3.0
7f83ba287000-7f83ba3b6000 r-xp 00000000 08:03 18488244                   /usr/lib/x86_64-linux-gnu/libX11.so.6.3.0
7f83ba3b6000-7f83ba5b6000 ---p 0012f000 08:03 18488244                   /usr/lib/x86_64-linux-gnu/libX11.so.6.3.0
7f83ba5b6000-7f83ba5b7000 r--p 0012f000 08:03 18488244                   /usr/lib/x86_64-linux-gnu/libX11.so.6.3.0
7f83ba5b7000-7f83ba5bb000 rw-p 00130000 08:03 18488244                   /usr/lib/x86_64-linux-gnu/libX11.so.6.3.0
7f83ba5bb000-7f83ba5cb000 r-xp 00000000 08:03 18488259                   /usr/lib/x86_64-linux-gnu/libXext.so.6.4.0
7f83ba5cb000-7f83ba7ca000 ---p 00010000 08:03 18488259                   /usr/lib/x86_64-linux-gnu/libXext.so.6.4.0
7f83ba7ca000-7f83ba7cb000 r--p 0000f000 08:03 18488259                   /usr/lib/x86_64-linux-gnu/libXext.so.6.4.0
7f83ba7cb000-7f83ba7cc000 rw-p 00010000 08:03 18488259                   /usr/lib/x86_64-linux-gnu/libXext.so.6.4.0
7f83ba7cc000-7f83ba817000 r-xp 00000000 08:03 18618972                   /usr/lib/jvm/java-6-openjdk-amd64/jre/lib/amd64/xawt/libmawt.so
7f83ba817000-7f83baa17000 ---p 0004b000 08:03 18618972                   /usr/lib/jvm/java-6-openjdk-amd64/jre/lib/amd64/xawt/libmawt.so
7f83baa17000-7f83baa18000 r--p 0004b000 08:03 18618972                   /usr/lib/jvm/java-6-openjdk-amd64/jre/lib/amd64/xawt/libmawt.so
7f83baa18000-7f83baa1b000 rw-p 0004c000 08:03 18618972                   /usr/lib/jvm/java-6-openjdk-amd64/jre/lib/amd64/xawt/libmawt.so
7f83baa1b000-7f83baa1c000 rw-p 00000000 00:00 0 
7f83baa1c000-7f83baac8000 r-xp 00000000 08:03 18618874                   /usr/lib/jvm/java-6-openjdk-amd64/jre/lib/amd64/libawt.so
7f83baac8000-7f83bacc7000 ---p 000ac000 08:03 18618874                   /usr/lib/jvm/java-6-openjdk-amd64/jre/lib/amd64/libawt.so
7f83bacc7000-7f83bacc8000 r--p 000ab000 08:03 18618874                   /usr/lib/jvm/java-6-openjdk-amd64/jre/lib/amd64/libawt.so
7f83bacc8000-7f83bacd3000 rw-p 000ac000 08:03 18618874                   /usr/lib/jvm/java-6-openjdk-amd64/jre/lib/amd64/libawt.so
7f83bacd3000-7f83bacf8000 rw-p 00000000 00:00 0 
7f83bacf8000-7f83bacfb000 r--s 0007d000 08:03 18618443                   /usr/lib/jvm/java-6-openjdk-common/jre/lib/jsse.jar
7f83bacfb000-7f83bad02000 r--s 00073000 08:03 15597691                   /home/arwilczek90/workspace/Elements/lib/lwjgl.jar
7f83bad02000-7f83bad04000 r--s 0000f000 08:03 18618803                   /usr/lib/jvm/java-6-openjdk-common/jre/lib/ext/pulse-java.jar
7f83bad04000-7f83bad07000 r--s 00077000 08:03 18618797                   /usr/lib/jvm/java-6-openjdk-common/jre/lib/ext/localedata.jar
7f83bad07000-7f83bad08000 r--s 00007000 08:03 18748229                   /usr/share/java/java-atk-wrapper.jar
7f83bad08000-7f83bad0a000 r--s 00001000 08:03 18618801                   /usr/lib/jvm/java-6-openjdk-common/jre/lib/ext/dnsns.jar
7f83bad0a000-7f83bad0e000 r--s 00038000 08:03 18618795                   /usr/lib/jvm/java-6-openjdk-common/jre/lib/ext/sunpkcs11.jar
7f83bad0e000-7f83bad11000 r--s 00031000 08:03 18618799                   /usr/lib/jvm/java-6-openjdk-common/jre/lib/ext/sunjce_provider.jar
7f83bad11000-7f83bad12000 ---p 00000000 00:00 0 
7f83bad12000-7f83bae12000 rw-p 00000000 00:00 0 
7f83bae12000-7f83bae15000 ---p 00000000 00:00 0 
7f83bae15000-7f83baf13000 rw-p 00000000 00:00 0 
7f83baf13000-7f83baf16000 ---p 00000000 00:00 0 
7f83baf16000-7f83bb014000 rw-p 00000000 00:00 0 
7f83bb014000-7f83bb017000 ---p 00000000 00:00 0 
7f83bb017000-7f83bb115000 rw-p 00000000 00:00 0 
7f83bb115000-7f83bb118000 ---p 00000000 00:00 0 
7f83bb118000-7f83bb216000 rw-p 00000000 00:00 0 
7f83bb216000-7f83bb8f9000 r--p 00000000 08:03 18487587                   /usr/lib/locale/locale-archive
7f83bb8f9000-7f83bb8fc000 ---p 00000000 00:00 0 
7f83bb8fc000-7f83bb9fa000 rw-p 00000000 00:00 0 
7f83bb9fa000-7f83bb9fd000 ---p 00000000 00:00 0 
7f83bb9fd000-7f83bbafb000 rw-p 00000000 00:00 0 
7f83bbafb000-7f83bbafc000 ---p 00000000 00:00 0 
7f83bbafc000-7f83bc000000 rw-p 00000000 00:00 0 
7f83bc000000-7f83bc021000 rw-p 00000000 00:00 0 
7f83bc021000-7f83c0000000 ---p 00000000 00:00 0 
7f83c0000000-7f83c0002000 r--s 0000d000 08:03 15598501                   /home/arwilczek90/workspace/Elements/lib/slick/lib/jorbis-0.0.15.jar
7f83c0002000-7f83c0003000 r--s 00000000 08:03 19927127                   /var/cache/fontconfig/c05880de57d1f5e948fdfacc138775d9-le64.cache-3
7f83c0003000-7f83c000c000 r--s 00000000 08:03 19927122                   /var/cache/fontconfig/945677eb7aeaf62f1d50efc3fb3ec7d8-le64.cache-3
7f83c000c000-7f83c000e000 r--s 00000000 08:03 19927123                   /var/cache/fontconfig/99e8ed0e538f840c565b6ed5dad60d56-le64.cache-3
7f83c000e000-7f83c0012000 r--s 00000000 08:03 19927109                   /var/cache/fontconfig/2cd17615ca594fa2959ae173292e504c-le64.cache-3
7f83c0012000-7f83c0013000 r--s 00000000 08:03 19927134                   /var/cache/fontconfig/e7071f4a29fa870f4323321c154eba04-le64.cache-3
7f83c0013000-7f83c0014000 r--s 00000000 08:03 19927107                   /var/cache/fontconfig/0d8c3b2ac0904cb8a57a757ad11a4a08-le64.cache-3
7f83c0014000-7f83c001a000 r--s 00000000 08:03 19927124                   /var/cache/fontconfig/a755afe4a08bf5b97852ceb7400b47bc-le64.cache-3
7f83c001a000-7f83c0023000 r--s 00000000 08:03 19927460                   /var/cache/fontconfig/6d41288fd70b0be22e8c3a91e032eec0-le64.cache-3
7f83c0023000-7f83c0033000 r--s 00000000 08:03 19927106                   /var/cache/fontconfig/04aabc0a78ac019cf9454389977116d2-le64.cache-3
7f83c0033000-7f83c0061000 r--s 00000000 08:03 19927454                   /var/cache/fontconfig/365b55f210c0a22e9a19e35191240f32-le64.cache-3
7f83c0061000-7f83c0062000 r--s 00000000 08:03 19927127                   /var/cache/fontconfig/c05880de57d1f5e948fdfacc138775d9-le64.cache-3
7f83c0062000-7f83c006b000 r--s 00000000 08:03 19927122                   /var/cache/fontconfig/945677eb7aeaf62f1d50efc3fb3ec7d8-le64.cache-3
7f83c006b000-7f83c006d000 r--s 00000000 08:03 19927123                   /var/cache/fontconfig/99e8ed0e538f840c565b6ed5dad60d56-le64.cache-3
7f83c006d000-7f83c0071000 r--s 00000000 08:03 19927109                   /var/cache/fontconfig/2cd17615ca594fa2959ae173292e504c-le64.cache-3
7f83c0071000-7f83c0072000 r--s 00000000 08:03 19927134                   /var/cache/fontconfig/e7071f4a29fa870f4323321c154eba04-le64.cache-3
7f83c0072000-7f83c0073000 r--s 00000000 08:03 19927107                   /var/cache/fontconfig/0d8c3b2ac0904cb8a57a757ad11a4a08-le64.cache-3
7f83c0073000-7f83c0079000 r--s 00000000 08:03 19927124                   /var/cache/fontconfig/a755afe4a08bf5b97852ceb7400b47bc-le64.cache-3
7f83c0079000-7f83c0082000 r--s 00000000 08:03 19927460                   /var/cache/fontconfig/6d41288fd70b0be22e8c3a91e032eec0-le64.cache-3
7f83c0082000-7f83c0092000 r--s 00000000 08:03 19927106                   /var/cache/fontconfig/04aabc0a78ac019cf9454389977116d2-le64.cache-3
7f83c0092000-7f83c0095000 r--s 00000000 08:03 19927112                   /var/cache/fontconfig/385c0604a188198f04d133e54aba7fe7-le64.cache-3
7f83c0095000-7f83c0096000 r--s 00000000 08:03 19927113                   /var/cache/fontconfig/4794a0821666d79190d59a36cb4f44b5-le64.cache-3
7f83c0096000-7f83c0099000 r--s 00000000 08:03 19927121                   /var/cache/fontconfig/8801497958630a81b71ace7c5f9b32a8-le64.cache-3
7f83c0099000-7f83c00c7000 r--s 00000000 08:03 19927454                   /var/cache/fontconfig/365b55f210c0a22e9a19e35191240f32-le64.cache-3
7f83c00c7000-7f83c01fb000 rw-p 00000000 00:00 0 
7f83c01fb000-7f83c038d000 r--s 037bf000 08:03 18618843                   /usr/lib/jvm/java-6-openjdk-amd64/jre/lib/rt.jar
7f83c038d000-7f83c038e000 ---p 00000000 00:00 0 
7f83c038e000-7f83c048e000 rw-p 00000000 00:00 0 
7f83c048e000-7f83c048f000 ---p 00000000 00:00 0 
7f83c048f000-7f83c058f000 rw-p 00000000 00:00 0 
7f83c058f000-7f83c0590000 ---p 00000000 00:00 0 
7f83c0590000-7f83c0690000 rw-p 00000000 00:00 0 
7f83c0690000-7f83c0691000 ---p 00000000 00:00 0 
7f83c0691000-7f83c07b8000 rw-p 00000000 00:00 0 
7f83c07b8000-7f83c09ff000 rw-p 00000000 00:00 0 
7f83c09ff000-7f83c0a0a000 rw-p 00000000 00:00 0 
7f83c0a0a000-7f83c0a52000 rw-p 00000000 00:00 0 
7f83c0a52000-7f83c0a79000 rw-p 00000000 00:00 0 
7f83c0a79000-7f83c0cc0000 rw-p 00000000 00:00 0 
7f83c0cc0000-7f83c0cd4000 rw-p 00000000 00:00 0 
7f83c0cd4000-7f83c0df7000 rw-p 00000000 00:00 0 
7f83c0df7000-7f83c0df8000 rw-p 00000000 00:00 0 
7f83c0df8000-7f83c1068000 rwxp 00000000 00:00 0 
7f83c1068000-7f83c3df8000 rw-p 00000000 00:00 0 
7f83c3df8000-7f83c3dff000 r-xp 00000000 08:03 18618888                   /usr/lib/jvm/java-6-openjdk-amd64/jre/lib/amd64/libzip.so
7f83c3dff000-7f83c3ffe000 ---p 00007000 08:03 18618888                   /usr/lib/jvm/java-6-openjdk-amd64/jre/lib/amd64/libzip.so
7f83c3ffe000-7f83c3fff000 r--p 00006000 08:03 18618888                   /usr/lib/jvm/java-6-openjdk-amd64/jre/lib/amd64/libzip.so
7f83c3fff000-7f83c4000000 rw-p 00007000 08:03 18618888                   /usr/lib/jvm/java-6-openjdk-amd64/jre/lib/amd64/libzip.so
7f83c4000000-7f83c4dc9000 rw-p 00000000 00:00 0 
7f83c4dc9000-7f83c8000000 ---p 00000000 00:00 0 
7f83c8000000-7f83c8001000 r--s 00001000 08:03 15598500                   /home/arwilczek90/workspace/Elements/lib/slick/lib/jogg-0.0.7.jar
7f83c8001000-7f83c8002000 r--s 00001000 08:03 15598499                   /home/arwilczek90/workspace/Elements/lib/slick/lib/jnlp.jar
7f83c8002000-7f83c8003000 rw-s 00005000 00:05 10225                      /dev/ati/card0
7f83c8003000-7f83c8006000 r--s 00000000 08:03 19927112                   /var/cache/fontconfig/385c0604a188198f04d133e54aba7fe7-le64.cache-3
7f83c8006000-7f83c8007000 r--s 00000000 08:03 19927113                   /var/cache/fontconfig/4794a0821666d79190d59a36cb4f44b5-le64.cache-3
7f83c8007000-7f83c800a000 r--s 00000000 08:03 19927121                   /var/cache/fontconfig/8801497958630a81b71ace7c5f9b32a8-le64.cache-3
7f83c800a000-7f83c800f000 r--s 00000000 08:03 19927110                   /var/cache/fontconfig/3047814df9a2f067bd2d96a2b9c36e5a-le64.cache-3
7f83c800f000-7f83c8014000 r--s 00000000 08:03 19927125                   /var/cache/fontconfig/b47c4e1ecd0709278f4910c18777a504-le64.cache-3
7f83c8014000-7f83c8024000 r--s 00000000 08:03 19927130                   /var/cache/fontconfig/d52a8644073d54c13679302ca1180695-le64.cache-3
7f83c8024000-7f83c8057000 rw-p 00000000 00:00 0 
7f83c8057000-7f83c809f000 rw-p 00000000 00:00 0 
7f83c809f000-7f83c80ab000 r-xp 00000000 08:03 21758081                   /lib/x86_64-linux-gnu/libnss_files-2.15.so
7f83c80ab000-7f83c82aa000 ---p 0000c000 08:03 21758081                   /lib/x86_64-linux-gnu/libnss_files-2.15.so
7f83c82aa000-7f83c82ab000 r--p 0000b000 08:03 21758081                   /lib/x86_64-linux-gnu/libnss_files-2.15.so
7f83c82ab000-7f83c82ac000 rw-p 0000c000 08:03 21758081                   /lib/x86_64-linux-gnu/libnss_files-2.15.so
7f83c82ac000-7f83c82b6000 r-xp 00000000 08:03 21758077                   /lib/x86_64-linux-gnu/libnss_nis-2.15.so
7f83c82b6000-7f83c84b6000 ---p 0000a000 08:03 21758077                   /lib/x86_64-linux-gnu/libnss_nis-2.15.so
7f83c84b6000-7f83c84b7000 r--p 0000a000 08:03 21758077                   /lib/x86_64-linux-gnu/libnss_nis-2.15.so
7f83c84b7000-7f83c84b8000 rw-p 0000b000 08:03 21758077                   /lib/x86_64-linux-gnu/libnss_nis-2.15.so
7f83c84b8000-7f83c84cf000 r-xp 00000000 08:03 21761730                   /lib/x86_64-linux-gnu/libnsl-2.15.so
7f83c84cf000-7f83c86ce000 ---p 00017000 08:03 21761730                   /lib/x86_64-linux-gnu/libnsl-2.15.so
7f83c86ce000-7f83c86cf000 r--p 00016000 08:03 21761730                   /lib/x86_64-linux-gnu/libnsl-2.15.so
7f83c86cf000-7f83c86d0000 rw-p 00017000 08:03 21761730                   /lib/x86_64-linux-gnu/libnsl-2.15.so
7f83c86d0000-7f83c86d2000 rw-p 00000000 00:00 0 
7f83c86d2000-7f83c86da000 r-xp 00000000 08:03 21758082                   /lib/x86_64-linux-gnu/libnss_compat-2.15.so
7f83c86da000-7f83c88d9000 ---p 00008000 08:03 21758082                   /lib/x86_64-linux-gnu/libnss_compat-2.15.so
7f83c88d9000-7f83c88da000 r--p 00007000 08:03 21758082                   /lib/x86_64-linux-gnu/libnss_compat-2.15.so
7f83c88da000-7f83c88db000 rw-p 00008000 08:03 21758082                   /lib/x86_64-linux-gnu/libnss_compat-2.15.so
7f83c88db000-7f83c8907000 r-xp 00000000 08:03 18618873                   /usr/lib/jvm/java-6-openjdk-amd64/jre/lib/amd64/libjava.so
7f83c8907000-7f83c8b06000 ---p 0002c000 08:03 18618873                   /usr/lib/jvm/java-6-openjdk-amd64/jre/lib/amd64/libjava.so
7f83c8b06000-7f83c8b07000 r--p 0002b000 08:03 18618873                   /usr/lib/jvm/java-6-openjdk-amd64/jre/lib/amd64/libjava.so
7f83c8b07000-7f83c8b0a000 rw-p 0002c000 08:03 18618873                   /usr/lib/jvm/java-6-openjdk-amd64/jre/lib/amd64/libjava.so
7f83c8b0a000-7f83c8b18000 r-xp 00000000 08:03 18618872                   /usr/lib/jvm/java-6-openjdk-amd64/jre/lib/amd64/libverify.so
7f83c8b18000-7f83c8d17000 ---p 0000e000 08:03 18618872                   /usr/lib/jvm/java-6-openjdk-amd64/jre/lib/amd64/libverify.so
7f83c8d17000-7f83c8d19000 r--p 0000d000 08:03 18618872                   /usr/lib/jvm/java-6-openjdk-amd64/jre/lib/amd64/libverify.so
7f83c8d19000-7f83c8d1a000 rw-p 0000f000 08:03 18618872                   /usr/lib/jvm/java-6-openjdk-amd64/jre/lib/amd64/libverify.so
7f83c8d1a000-7f83c8d21000 r-xp 00000000 08:03 21758075                   /lib/x86_64-linux-gnu/librt-2.15.so
7f83c8d21000-7f83c8f20000 ---p 00007000 08:03 21758075                   /lib/x86_64-linux-gnu/librt-2.15.so
7f83c8f20000-7f83c8f21000 r--p 00006000 08:03 21758075                   /lib/x86_64-linux-gnu/librt-2.15.so
7f83c8f21000-7f83c8f22000 rw-p 00007000 08:03 21758075                   /lib/x86_64-linux-gnu/librt-2.15.so
7f83c8f22000-7f83c8f37000 r-xp 00000000 08:03 21761542                   /lib/x86_64-linux-gnu/libgcc_s.so.1
7f83c8f37000-7f83c9136000 ---p 00015000 08:03 21761542                   /lib/x86_64-linux-gnu/libgcc_s.so.1
7f83c9136000-7f83c9137000 r--p 00014000 08:03 21761542                   /lib/x86_64-linux-gnu/libgcc_s.so.1
7f83c9137000-7f83c9138000 rw-p 00015000 08:03 21761542                   /lib/x86_64-linux-gnu/libgcc_s.so.1
7f83c9138000-7f83c9231000 r-xp 00000000 08:03 21758079                   /lib/x86_64-linux-gnu/libm-2.15.so
7f83c9231000-7f83c9430000 ---p 000f9000 08:03 21758079                   /lib/x86_64-linux-gnu/libm-2.15.so
7f83c9430000-7f83c9431000 r--p 000f8000 08:03 21758079                   /lib/x86_64-linux-gnu/libm-2.15.so
7f83c9431000-7f83c9432000 rw-p 000f9000 08:03 21758079                   /lib/x86_64-linux-gnu/libm-2.15.so
7f83c9432000-7f83c9514000 r-xp 00000000 08:03 18488773                   /usr/lib/x86_64-linux-gnu/libstdc++.so.6.0.16
7f83c9514000-7f83c9713000 ---p 000e2000 08:03 18488773                   /usr/lib/x86_64-linux-gnu/libstdc++.so.6.0.16
7f83c9713000-7f83c971b000 r--p 000e1000 08:03 18488773                   /usr/lib/x86_64-linux-gnu/libstdc++.so.6.0.16
7f83c971b000-7f83c971d000 rw-p 000e9000 08:03 18488773                   /usr/lib/x86_64-linux-gnu/libstdc++.so.6.0.16
7f83c971d000-7f83c9732000 rw-p 00000000 00:00 0 
7f83c9732000-7f83ca036000 r-xp 00000000 08:03 18618878                   /usr/lib/jvm/java-6-openjdk-amd64/jre/lib/amd64/server/libjvm.so
7f83ca036000-7f83ca236000 ---p 00904000 08:03 18618878                   /usr/lib/jvm/java-6-openjdk-amd64/jre/lib/amd64/server/libjvm.so
7f83ca236000-7f83ca2b6000 r--p 00904000 08:03 18618878                   /usr/lib/jvm/java-6-openjdk-amd64/jre/lib/amd64/server/libjvm.so
7f83ca2b6000-7f83ca2d1000 rw-p 00984000 08:03 18618878                   /usr/lib/jvm/java-6-openjdk-amd64/jre/lib/amd64/server/libjvm.so
7f83ca2d1000-7f83ca2fa000 rw-p 00000000 00:00 0 
7f83ca2fa000-7f83ca310000 r-xp 00000000 08:03 21761632                   /lib/x86_64-linux-gnu/libz.so.1.2.3.4
7f83ca310000-7f83ca50f000 ---p 00016000 08:03 21761632                   /lib/x86_64-linux-gnu/libz.so.1.2.3.4
7f83ca50f000-7f83ca510000 r--p 00015000 08:03 21761632                   /lib/x86_64-linux-gnu/libz.so.1.2.3.4
7f83ca510000-7f83ca511000 rw-p 00016000 08:03 21761632                   /lib/x86_64-linux-gnu/libz.so.1.2.3.4
7f83ca511000-7f83ca6c6000 r-xp 00000000 08:03 21757975                   /lib/x86_64-linux-gnu/libc-2.15.so
7f83ca6c6000-7f83ca8c5000 ---p 001b5000 08:03 21757975                   /lib/x86_64-linux-gnu/libc-2.15.so
7f83ca8c5000-7f83ca8c9000 r--p 001b4000 08:03 21757975                   /lib/x86_64-linux-gnu/libc-2.15.so
7f83ca8c9000-7f83ca8cb000 rw-p 001b8000 08:03 21757975                   /lib/x86_64-linux-gnu/libc-2.15.so
7f83ca8cb000-7f83ca8d0000 rw-p 00000000 00:00 0 
7f83ca8d0000-7f83ca8d2000 r-xp 00000000 08:03 21757964                   /lib/x86_64-linux-gnu/libdl-2.15.so
7f83ca8d2000-7f83caad2000 ---p 00002000 08:03 21757964                   /lib/x86_64-linux-gnu/libdl-2.15.so
7f83caad2000-7f83caad3000 r--p 00002000 08:03 21757964                   /lib/x86_64-linux-gnu/libdl-2.15.so
7f83caad3000-7f83caad4000 rw-p 00003000 08:03 21757964                   /lib/x86_64-linux-gnu/libdl-2.15.so
7f83caad4000-7f83caad8000 r-xp 00000000 08:03 18618855                   /usr/lib/jvm/java-6-openjdk-amd64/jre/lib/amd64/jli/libjli.so
7f83caad8000-7f83cacd7000 ---p 00004000 08:03 18618855                   /usr/lib/jvm/java-6-openjdk-amd64/jre/lib/amd64/jli/libjli.so
7f83cacd7000-7f83cacd8000 r--p 00003000 08:03 18618855                   /usr/lib/jvm/java-6-openjdk-amd64/jre/lib/amd64/jli/libjli.so
7f83cacd8000-7f83cacd9000 rw-p 00004000 08:03 18618855                   /usr/lib/jvm/java-6-openjdk-amd64/jre/lib/amd64/jli/libjli.so
7f83cacd9000-7f83cacf1000 r-xp 00000000 08:03 21758073                   /lib/x86_64-linux-gnu/libpthread-2.15.so
7f83cacf1000-7f83caef0000 ---p 00018000 08:03 21758073                   /lib/x86_64-linux-gnu/libpthread-2.15.so
7f83caef0000-7f83caef1000 r--p 00017000 08:03 21758073                   /lib/x86_64-linux-gnu/libpthread-2.15.so
7f83caef1000-7f83caef2000 rw-p 00018000 08:03 21758073                   /lib/x86_64-linux-gnu/libpthread-2.15.so
7f83caef2000-7f83caef6000 rw-p 00000000 00:00 0 
7f83caef6000-7f83caf18000 r-xp 00000000 08:03 21758085                   /lib/x86_64-linux-gnu/ld-2.15.so
7f83caf18000-7f83caf1a000 rw-s 00002000 00:05 10225                      /dev/ati/card0
7f83caf1a000-7f83caf1d000 r--s 00000000 08:03 19927196                   /var/cache/fontconfig/e13b20fdb08344e0e664864cc2ede53d-le64.cache-3
7f83caf1d000-7f83caf21000 r--s 00000000 08:03 19927452                   /var/cache/fontconfig/7ef2298fde41cc6eeb7af42e48b7d293-le64.cache-3
7f83caf21000-7f83caf26000 r--s 00000000 08:03 19927110                   /var/cache/fontconfig/3047814df9a2f067bd2d96a2b9c36e5a-le64.cache-3
7f83caf26000-7f83caf36000 r--s 00000000 08:03 19927130                   /var/cache/fontconfig/d52a8644073d54c13679302ca1180695-le64.cache-3
7f83caf36000-7f83caf40000 rw-p 00000000 00:00 0 
7f83caf40000-7f83caff6000 rw-p 00000000 00:00 0 
7f83caff6000-7f83caff9000 ---p 00000000 00:00 0 
7f83caff9000-7f83cb0fc000 rw-p 00000000 00:00 0 
7f83cb0fc000-7f83cb0fd000 r--s 00000000 08:03 19927115                   /var/cache/fontconfig/56cf4f4769d0f4abc89a4895d7bd3ae1-le64.cache-3
7f83cb0fd000-7f83cb0fe000 r--s 00000000 08:03 19927126                   /var/cache/fontconfig/b9d506c9ac06c20b433354fa67a72993-le64.cache-3
7f83cb0fe000-7f83cb0ff000 r--s 00000000 08:03 19927115                   /var/cache/fontconfig/56cf4f4769d0f4abc89a4895d7bd3ae1-le64.cache-3
7f83cb0ff000-7f83cb100000 r--s 00000000 08:03 19927126                   /var/cache/fontconfig/b9d506c9ac06c20b433354fa67a72993-le64.cache-3
7f83cb100000-7f83cb105000 r--s 00000000 08:03 19927125                   /var/cache/fontconfig/b47c4e1ecd0709278f4910c18777a504-le64.cache-3
7f83cb105000-7f83cb108000 r--s 00000000 08:03 19927196                   /var/cache/fontconfig/e13b20fdb08344e0e664864cc2ede53d-le64.cache-3
7f83cb108000-7f83cb10c000 r--s 00000000 08:03 19927452                   /var/cache/fontconfig/7ef2298fde41cc6eeb7af42e48b7d293-le64.cache-3
7f83cb10c000-7f83cb114000 rw-s 00000000 08:03 8126514                    /tmp/hsperfdata_arwilczek90/17789 (deleted)
7f83cb114000-7f83cb115000 rw-p 00000000 00:00 0 
7f83cb115000-7f83cb116000 ---p 00000000 00:00 0 
7f83cb116000-7f83cb118000 rw-p 00000000 00:00 0 
7f83cb118000-7f83cb119000 r--p 00022000 08:03 21758085                   /lib/x86_64-linux-gnu/ld-2.15.so
7f83cb119000-7f83cb11b000 rw-p 00023000 08:03 21758085                   /lib/x86_64-linux-gnu/ld-2.15.so
7fff4d5f3000-7fff4d614000 rw-p 00000000 00:00 0                          [stack]
7fff4d7f6000-7fff4d7f7000 r-xp 00000000 00:00 0                          [vdso]
ffffffffff600000-ffffffffff601000 r-xp 00000000 00:00 0                  [vsyscall]

VM Arguments:
jvm_args: -Djava.library.path=/home/arwilczek90/workspace/Elements/lib/slick:/home/arwilczek90/workspace/Elements/lib/slick -Dfile.encoding=UTF-8 
java_command: com.hack.elements.view.Main
Launcher Type: SUN_STANDARD

Environment Variables:
PATH=/usr/lib/lightdm/lightdm:/usr/local/sbin:/usr/local/bin:/usr/sbin:/usr/bin:/sbin:/bin:/usr/games
LD_LIBRARY_PATH=/usr/lib/jvm/java-6-openjdk-amd64/jre/lib/amd64/server:/usr/lib/jvm/java-6-openjdk-amd64/jre/lib/amd64:/usr/lib/jvm/java-6-openjdk-amd64/jre/../lib/amd64
SHELL=/bin/bash
DISPLAY=:0.0

Signal Handlers:
SIGSEGV: [libjvm.so+0x784310], sa_mask[0]=0x7ffbfeff, sa_flags=0x10000004
SIGBUS: [libjvm.so+0x784310], sa_mask[0]=0x7ffbfeff, sa_flags=0x10000004
SIGFPE: [libjvm.so+0x648580], sa_mask[0]=0x7ffbfeff, sa_flags=0x10000004
SIGPIPE: [libjvm.so+0x648580], sa_mask[0]=0x7ffbfeff, sa_flags=0x10000004
SIGXFSZ: [libjvm.so+0x648580], sa_mask[0]=0x7ffbfeff, sa_flags=0x10000004
SIGILL: [libjvm.so+0x648580], sa_mask[0]=0x7ffbfeff, sa_flags=0x10000004
SIGUSR1: SIG_DFL, sa_mask[0]=0x00000000, sa_flags=0x00000000
SIGUSR2: [libjvm.so+0x648730], sa_mask[0]=0x00000004, sa_flags=0x10000004
SIGHUP: [libjvm.so+0x64b250], sa_mask[0]=0x7ffbfeff, sa_flags=0x10000004
SIGINT: [libjvm.so+0x64b250], sa_mask[0]=0x7ffbfeff, sa_flags=0x10000004
SIGTERM: [libjvm.so+0x64b250], sa_mask[0]=0x7ffbfeff, sa_flags=0x10000004
SIGQUIT: [libjvm.so+0x64b250], sa_mask[0]=0x7ffbfeff, sa_flags=0x10000004


---------------  S Y S T E M  ---------------

OS:Ubuntu 12.04 (precise)
uname:Linux 3.2.0-32-generic #51-Ubuntu SMP Wed Sep 26 21:33:09 UTC 2012 x86_64
libc:glibc 2.15 NPTL 2.15 
rlimit: STACK 8192k, CORE 0k, NPROC 59545, NOFILE 4096, AS infinity
load average:0.82 0.54 0.52

/proc/meminfo:
MemTotal:        7639648 kB
MemFree:         3943964 kB
Buffers:          128052 kB
Cached:          1220364 kB
SwapCached:            0 kB
Active:          2451008 kB
Inactive:         747292 kB
Active(anon):    1850348 kB
Inactive(anon):    15488 kB
Active(file):     600660 kB
Inactive(file):   731804 kB
Unevictable:          20 kB
Mlocked:              20 kB
SwapTotal:       3818492 kB
SwapFree:        3818492 kB
Dirty:               188 kB
Writeback:             0 kB
AnonPages:       1849984 kB
Mapped:           314276 kB
Shmem:             15956 kB
Slab:             106488 kB
SReclaimable:      75968 kB
SUnreclaim:        30520 kB
KernelStack:        4160 kB
PageTables:        34304 kB
NFS_Unstable:          0 kB
Bounce:                0 kB
WritebackTmp:          0 kB
CommitLimit:     7638316 kB
Committed_AS:    4343032 kB
VmallocTotal:   34359738367 kB
VmallocUsed:      116912 kB
VmallocChunk:   34359619344 kB
HardwareCorrupted:     0 kB
AnonHugePages:         0 kB
HugePages_Total:       0
HugePages_Free:        0
HugePages_Rsvd:        0
HugePages_Surp:        0
Hugepagesize:       2048 kB
DirectMap4k:      329728 kB
DirectMap2M:     5416960 kB
DirectMap1G:     2097152 kB


CPU:total 4 (4 cores per cpu, 1 threads per core) family 18 model 1 stepping 0, cmov, cx8, fxsr, mmx, sse, sse2, sse3, popcnt, mmxext, 3dnowpref, lzcnt, sse4a

Memory: 4k page, physical 7639648k(3943964k free), swap 3818492k(3818492k free)

vm_info: OpenJDK 64-Bit Server VM (20.0-b12) for linux-amd64 JRE (1.6.0_24-b24), built on Sep  2 2012 19:50:47 by "buildd" with gcc 4.6.3

time: Sat Oct 13 22:55:16 2012
elapsed time: 59 seconds

