#
# A fatal error has been detected by the Java Runtime Environment:
#
#  SIGSEGV (0xb) at pc=0x00007f3c99aa4c58, pid=5761, tid=139898468275968
#
# JRE version: 6.0_24-b24
# Java VM: OpenJDK 64-Bit Server VM (20.0-b12 mixed mode linux-amd64 compressed oops)
# Derivative: IcedTea6 1.11.4
# Distribution: Ubuntu 12.04 LTS, package 6b24-1.11.4-1ubuntu0.12.04.1
# Problematic frame:
# C  [libX11.so.6+0x33c58]  XQueryExtension+0x28
#
# If you would like to submit a bug report, please include
# instructions how to reproduce the bug and visit:
#   https://bugs.launchpad.net/ubuntu/+source/openjdk-6/
#

---------------  T H R E A D  ---------------

Current thread is native thread

siginfo:si_signo=SIGSEGV: si_errno=0, si_code=1 (SEGV_MAPERR), si_addr=0xffffffffa02005b8

Registers:
RAX=0x0000000000f09d90, RBX=0xffffffffa01ffc50, RCX=0x00007fffd539cd38, RDX=0x00007fffd539cd34
RSP=0x00007fffd539ccd0, RBP=0x00007f3c9387d932, RSI=0x00007f3c9387d932, RDI=0xffffffffa01ffc50
R8 =0x00007fffd539cd3c, R9 =0x0000000000000010, R10=0x00007f3ca5fedfa8, R11=0x0000000000000000
R12=0x0000000000000000, R13=0x00007f3c9387d932, R14=0x0000000000f09d90, R15=0x0000000000000000
RIP=0x00007f3c99aa4c58, EFLAGS=0x0000000000010202, CSGSFS=0x0000000000000033, ERR=0x0000000000000005
  TRAPNO=0x000000000000000e

Top of Stack: (sp=0x00007fffd539ccd0)
0x00007fffd539ccd0:   0000000000000000 0000003000000003
0x00007fffd539cce0:   0000006e0000005b 0000007c00000077
0x00007fffd539ccf0:   00000000ffffffff ffffffffa01ffc50
0x00007fffd539cd00:   00007f3c9387d932 0000000000000000
0x00007fffd539cd10:   00007f3c9387d932 0000000000f09d90
0x00007fffd539cd20:   0000000000000000 00007f3c99a98c55
0x00007fffd539cd30:   00007f3ca683a048 00007f3c939b6520
0x00007fffd539cd40:   00007f3c939b6520 ffffffffa01ffc50
0x00007fffd539cd50:   00007f3ca017e820 00007f3c99db202b
0x00007fffd539cd60:   00007f3ca5c40790 000000110000002c
0x00007fffd539cd70:   00007fffd539cdf0 0000000000000000
0x00007fffd539cd80:   00007fffd539cdf0 ffffffffa01ffc50
0x00007fffd539cd90:   0000000000000000 00007f3ca683a048
0x00007fffd539cda0:   00007f3c939cfd50 00007f3c93824119
0x00007fffd539cdb0:   0000000000000000 000000000000002c
0x00007fffd539cdc0:   00007fffd539cdf0 00007fffd539ce10
0x00007fffd539cdd0:   0000000000000000 00007f3ca683a048
0x00007fffd539cde0:   00007f3ca01ff7b0 00007f3c9381ab42
0x00007fffd539cdf0:   00007fffd539cfe0 00007f3c9387d8b1
0x00007fffd539ce00:   00007fffd539cfe0 00007f3ca662692d
0x00007fffd539ce10:   00007f3ca683b2c8 00007f3ca683b858
0x00007fffd539ce20:   00007f3ca681c000 00007f3ca0006a00
0x00007fffd539ce30:   00007f3ca0007510 00007f3ca0006eb0
0x00007fffd539ce40:   00007f3ca0007a10 00007f3ca000c6f0
0x00007fffd539ce50:   00007f3ca013dd20 00007f3ca013e200
0x00007fffd539ce60:   00007f3ca681b000 00007f3ca01fc1b0
0x00007fffd539ce70:   00007f3ca01f6cc0 00007f3ca01f7160
0x00007fffd539ce80:   00007f3ca01fc680 00007f3ca01fcb20
0x00007fffd539ce90:   00007f3ca01fcfc0 00007f3ca00ede90
0x00007fffd539cea0:   00007f3ca00c1fc0 00007f3ca00025e0
0x00007fffd539ceb0:   00007f3ca0001ec0 0000000000f075f0
0x00007fffd539cec0:   0000000000f07b60 0000000000f08570 

Instructions: (pc=0x00007f3c99aa4c58)
0x00007f3c99aa4c38:   24 d8 48 89 fb 4c 89 64 24 e0 4c 89 6c 24 e8 48
0x00007f3c99aa4c48:   89 f5 4c 89 74 24 f0 4c 89 7c 24 f8 48 83 ec 58
0x00007f3c99aa4c58:   48 8b 87 68 09 00 00 49 89 d4 49 89 cd 4d 89 c6
0x00007f3c99aa4c68:   48 85 c0 74 02 ff 10 ba 08 00 00 00 be 62 00 00 

Register to memory mapping:

RAX=0x0000000000f09d90 is an unknown value
RBX=0xffffffffa01ffc50 is an unknown value
RCX=0x00007fffd539cd38 is an unknown value
RDX=0x00007fffd539cd34 is an unknown value
RSP=0x00007fffd539ccd0 is an unknown value
RBP=0x00007f3c9387d932: <offset 0x96932> in /usr/lib/fglrx/libGL.so.1 at 0x00007f3c937e7000
RSI=0x00007f3c9387d932: <offset 0x96932> in /usr/lib/fglrx/libGL.so.1 at 0x00007f3c937e7000
RDI=0xffffffffa01ffc50 is an unknown value
R8 =0x00007fffd539cd3c is an unknown value
R9 =0x0000000000000010 is an unknown value
R10=0x00007f3ca5fedfa8: <offset 0x3bbfa8> in /lib/x86_64-linux-gnu/libc.so.6 at 0x00007f3ca5c32000
R11=0x0000000000000000 is an unknown value
R12=0x0000000000000000 is an unknown value
R13=0x00007f3c9387d932: <offset 0x96932> in /usr/lib/fglrx/libGL.so.1 at 0x00007f3c937e7000
R14=0x0000000000f09d90 is an unknown value
R15=0x0000000000000000 is an unknown value


Stack: [0x00007fffd529f000,0x00007fffd539f000],  sp=0x00007fffd539ccd0,  free space=1015k
Native frames: (J=compiled Java code, j=interpreted, Vv=VM code, C=native code)
C  [libX11.so.6+0x33c58]  XQueryExtension+0x28


---------------  P R O C E S S  ---------------

VM state:at safepoint (shutting down)

VM Mutex/Monitor currently owned by a thread:  ([mutex/lock_event])
[0x00007f3ca0004dd0] Threads_lock - owner thread: 0x00007f3ca0070000

Heap
 PSYoungGen      total 34880K, used 8414K [0x00000000d9200000, 0x00000000db8e0000, 0x0000000100000000)
  eden space 29952K, 28% used [0x00000000d9200000,0x00000000d9a37bf0,0x00000000daf40000)
  from space 4928K, 0% used [0x00000000db410000,0x00000000db410000,0x00000000db8e0000)
  to   space 4928K, 0% used [0x00000000daf40000,0x00000000daf40000,0x00000000db410000)
 PSOldGen        total 79616K, used 0K [0x000000008b600000, 0x00000000903c0000, 0x00000000d9200000)
  object space 79616K, 0% used [0x000000008b600000,0x000000008b600000,0x00000000903c0000)
 PSPermGen       total 21248K, used 11262K [0x0000000081000000, 0x00000000824c0000, 0x000000008b600000)
  object space 21248K, 53% used [0x0000000081000000,0x0000000081aff840,0x00000000824c0000)

Code Cache  [0x00007f3c9c596000, 0x00007f3c9c806000, 0x00007f3c9f596000)
 total_blobs=534 nmethods=49 adapters=439 free_code_cache=49678720 largest_free_block=7616

Dynamic libraries:
00400000-00409000 r-xp 00000000 08:03 18618890                           /usr/lib/jvm/java-6-openjdk-amd64/jre/bin/java
00608000-00609000 r--p 00008000 08:03 18618890                           /usr/lib/jvm/java-6-openjdk-amd64/jre/bin/java
00609000-0060a000 rw-p 00009000 08:03 18618890                           /usr/lib/jvm/java-6-openjdk-amd64/jre/bin/java
00f07000-00f28000 rw-p 00000000 00:00 0                                  [heap]
81000000-824c0000 rw-p 00000000 00:00 0 
824c0000-8b600000 rw-p 00000000 00:00 0 
8b600000-903c0000 rw-p 00000000 00:00 0 
903c0000-d9200000 rw-p 00000000 00:00 0 
d9200000-db8e0000 rw-p 00000000 00:00 0 
db8e0000-100000000 rw-p 00000000 00:00 0 
7f3c44000000-7f3c44021000 rw-p 00000000 00:00 0 
7f3c44021000-7f3c48000000 ---p 00000000 00:00 0 
7f3c4c000000-7f3c4c021000 rw-p 00000000 00:00 0 
7f3c4c021000-7f3c50000000 ---p 00000000 00:00 0 
7f3c50000000-7f3c50021000 rw-p 00000000 00:00 0 
7f3c50021000-7f3c54000000 ---p 00000000 00:00 0 
7f3c54000000-7f3c54021000 rw-p 00000000 00:00 0 
7f3c54021000-7f3c58000000 ---p 00000000 00:00 0 
7f3c58000000-7f3c58021000 rw-p 00000000 00:00 0 
7f3c58021000-7f3c5c000000 ---p 00000000 00:00 0 
7f3c5c000000-7f3c5c021000 rw-p 00000000 00:00 0 
7f3c5c021000-7f3c60000000 ---p 00000000 00:00 0 
7f3c60000000-7f3c60021000 rw-p 00000000 00:00 0 
7f3c60021000-7f3c64000000 ---p 00000000 00:00 0 
7f3c64000000-7f3c641b2000 rw-p 00000000 00:00 0 
7f3c641b2000-7f3c68000000 ---p 00000000 00:00 0 
7f3c68000000-7f3c681b4000 rw-p 00000000 00:00 0 
7f3c681b4000-7f3c6c000000 ---p 00000000 00:00 0 
7f3c6c000000-7f3c6c021000 rw-p 00000000 00:00 0 
7f3c6c021000-7f3c70000000 ---p 00000000 00:00 0 
7f3c70000000-7f3c70021000 rw-p 00000000 00:00 0 
7f3c70021000-7f3c74000000 ---p 00000000 00:00 0 
7f3c74000000-7f3c74021000 rw-p 00000000 00:00 0 
7f3c74021000-7f3c78000000 ---p 00000000 00:00 0 
7f3c78000000-7f3c78021000 rw-p 00000000 00:00 0 
7f3c78021000-7f3c7c000000 ---p 00000000 00:00 0 
7f3c7c000000-7f3c7c021000 rw-p 00000000 00:00 0 
7f3c7c021000-7f3c80000000 ---p 00000000 00:00 0 
7f3c84000000-7f3c84021000 rw-p 00000000 00:00 0 
7f3c84021000-7f3c88000000 ---p 00000000 00:00 0 
7f3c8c000000-7f3c8c021000 rw-p 00000000 00:00 0 
7f3c8c021000-7f3c90000000 ---p 00000000 00:00 0 
7f3c903b0000-7f3c903b3000 ---p 00000000 00:00 0 
7f3c903b3000-7f3c904b1000 rw-p 00000000 00:00 0 
7f3c904b1000-7f3c904b4000 ---p 00000000 00:00 0 
7f3c904b4000-7f3c907b4000 rw-p 00000000 00:00 0 
7f3c907b4000-7f3c907b7000 r-xp 00000000 08:03 15602613                   /home/arwilczek90/workspace/Elements/lib/slick/libjinput-linux64.so
7f3c907b7000-7f3c908b6000 ---p 00003000 08:03 15602613                   /home/arwilczek90/workspace/Elements/lib/slick/libjinput-linux64.so
7f3c908b6000-7f3c908b7000 rw-p 00002000 08:03 15602613                   /home/arwilczek90/workspace/Elements/lib/slick/libjinput-linux64.so
7f3c908b7000-7f3c908ba000 ---p 00000000 00:00 0 
7f3c908ba000-7f3c909b8000 rw-p 00000000 00:00 0 
7f3c909b8000-7f3c910b8000 rw-s 00006000 00:05 10225                      /dev/ati/card0
7f3c910b8000-7f3c910ba000 r-xp 00000000 08:03 18488267                   /usr/lib/x86_64-linux-gnu/libXinerama.so.1.0.0
7f3c910ba000-7f3c912b9000 ---p 00002000 08:03 18488267                   /usr/lib/x86_64-linux-gnu/libXinerama.so.1.0.0
7f3c912b9000-7f3c912ba000 r--p 00001000 08:03 18488267                   /usr/lib/x86_64-linux-gnu/libXinerama.so.1.0.0
7f3c912ba000-7f3c912bb000 rw-p 00002000 08:03 18488267                   /usr/lib/x86_64-linux-gnu/libXinerama.so.1.0.0
7f3c912bb000-7f3c912f6000 r-xp 00000000 08:03 19009508                   /usr/lib/fglrx/libatiadlxx.so
7f3c912f6000-7f3c913f6000 ---p 0003b000 08:03 19009508                   /usr/lib/fglrx/libatiadlxx.so
7f3c913f6000-7f3c913ff000 rw-p 0003b000 08:03 19009508                   /usr/lib/fglrx/libatiadlxx.so
7f3c913ff000-7f3c91410000 rw-p 00000000 00:00 0 
7f3c91410000-7f3c91417000 r-xp 00000000 08:03 19009532                   /usr/lib/fglrx/libatiuki.so.1.0
7f3c91417000-7f3c91517000 ---p 00007000 08:03 19009532                   /usr/lib/fglrx/libatiuki.so.1.0
7f3c91517000-7f3c91518000 rw-p 00007000 08:03 19009532                   /usr/lib/fglrx/libatiuki.so.1.0
7f3c91518000-7f3c91519000 rw-p 00000000 00:00 0 
7f3c91519000-7f3c93473000 r-xp 00000000 08:03 19009510                   /usr/lib/fglrx/dri/fglrx_dri.so
7f3c93473000-7f3c93573000 ---p 01f5a000 08:03 19009510                   /usr/lib/fglrx/dri/fglrx_dri.so
7f3c93573000-7f3c936c1000 rwxp 01f5a000 08:03 19009510                   /usr/lib/fglrx/dri/fglrx_dri.so
7f3c936c1000-7f3c937e7000 rwxp 00000000 00:00 0 
7f3c937e7000-7f3c938aa000 r-xp 00000000 08:03 19009512                   /usr/lib/fglrx/libGL.so.1.2
7f3c938aa000-7f3c939a9000 ---p 000c3000 08:03 19009512                   /usr/lib/fglrx/libGL.so.1.2
7f3c939a9000-7f3c939d0000 rwxp 000c2000 08:03 19009512                   /usr/lib/fglrx/libGL.so.1.2
7f3c939d0000-7f3c939f0000 rwxp 00000000 00:00 0 
7f3c939f0000-7f3c939f1000 r-xp 00000000 08:03 18618886                   /usr/lib/jvm/java-6-openjdk-amd64/jre/lib/amd64/libjawt.so
7f3c939f1000-7f3c93bf0000 ---p 00001000 08:03 18618886                   /usr/lib/jvm/java-6-openjdk-amd64/jre/lib/amd64/libjawt.so
7f3c93bf0000-7f3c93bf1000 r--p 00000000 08:03 18618886                   /usr/lib/jvm/java-6-openjdk-amd64/jre/lib/amd64/libjawt.so
7f3c93bf1000-7f3c93bf2000 rw-p 00001000 08:03 18618886                   /usr/lib/jvm/java-6-openjdk-amd64/jre/lib/amd64/libjawt.so
7f3c93bf2000-7f3c93bf6000 r-xp 00000000 08:03 18488287                   /usr/lib/x86_64-linux-gnu/libXxf86vm.so.1.0.0
7f3c93bf6000-7f3c93df5000 ---p 00004000 08:03 18488287                   /usr/lib/x86_64-linux-gnu/libXxf86vm.so.1.0.0
7f3c93df5000-7f3c93df6000 r--p 00003000 08:03 18488287                   /usr/lib/x86_64-linux-gnu/libXxf86vm.so.1.0.0
7f3c93df6000-7f3c93df7000 rw-p 00004000 08:03 18488287                   /usr/lib/x86_64-linux-gnu/libXxf86vm.so.1.0.0
7f3c93df7000-7f3c93dff000 r-xp 00000000 08:03 18488277                   /usr/lib/x86_64-linux-gnu/libXrandr.so.2.2.0
7f3c93dff000-7f3c93ffe000 ---p 00008000 08:03 18488277                   /usr/lib/x86_64-linux-gnu/libXrandr.so.2.2.0
7f3c93ffe000-7f3c93fff000 r--p 00007000 08:03 18488277                   /usr/lib/x86_64-linux-gnu/libXrandr.so.2.2.0
7f3c93fff000-7f3c94000000 rw-p 00008000 08:03 18488277                   /usr/lib/x86_64-linux-gnu/libXrandr.so.2.2.0
7f3c94000000-7f3c94021000 rw-p 00000000 00:00 0 
7f3c94021000-7f3c98000000 ---p 00000000 00:00 0 
7f3c9806c000-7f3c980ac000 r-xp 00000000 08:03 15602617                   /home/arwilczek90/workspace/Elements/lib/slick/liblwjgl64.so
7f3c980ac000-7f3c981ac000 ---p 00040000 08:03 15602617                   /home/arwilczek90/workspace/Elements/lib/slick/liblwjgl64.so
7f3c981ac000-7f3c981ae000 rw-p 00040000 08:03 15602617                   /home/arwilczek90/workspace/Elements/lib/slick/liblwjgl64.so
7f3c981ae000-7f3c981b3000 r-xp 00000000 08:03 18488261                   /usr/lib/x86_64-linux-gnu/libXfixes.so.3.1.0
7f3c981b3000-7f3c983b2000 ---p 00005000 08:03 18488261                   /usr/lib/x86_64-linux-gnu/libXfixes.so.3.1.0
7f3c983b2000-7f3c983b3000 r--p 00004000 08:03 18488261                   /usr/lib/x86_64-linux-gnu/libXfixes.so.3.1.0
7f3c983b3000-7f3c983b4000 rw-p 00005000 08:03 18488261                   /usr/lib/x86_64-linux-gnu/libXfixes.so.3.1.0
7f3c983b4000-7f3c983b5000 r--s 00000000 08:03 19927127                   /var/cache/fontconfig/c05880de57d1f5e948fdfacc138775d9-le64.cache-3
7f3c983b5000-7f3c983be000 r--s 00000000 08:03 19927122                   /var/cache/fontconfig/945677eb7aeaf62f1d50efc3fb3ec7d8-le64.cache-3
7f3c983be000-7f3c983c0000 r--s 00000000 08:03 19927123                   /var/cache/fontconfig/99e8ed0e538f840c565b6ed5dad60d56-le64.cache-3
7f3c983c0000-7f3c983c4000 r--s 00000000 08:03 19927109                   /var/cache/fontconfig/2cd17615ca594fa2959ae173292e504c-le64.cache-3
7f3c983c4000-7f3c983f2000 r--s 00000000 08:03 19927454                   /var/cache/fontconfig/365b55f210c0a22e9a19e35191240f32-le64.cache-3
7f3c983f4000-7f3c983f6000 r--s 00015000 08:03 15598514                   /home/arwilczek90/workspace/Elements/lib/slick/lib/tinylinepp.jar
7f3c983f6000-7f3c983f9000 r--s 00015000 08:03 15598512                   /home/arwilczek90/workspace/Elements/lib/slick/lib/slick-util.jar
7f3c983f9000-7f3c98401000 r--s 00067000 08:03 15598510                   /home/arwilczek90/workspace/Elements/lib/slick/lib/slick-sources.jar
7f3c98401000-7f3c98402000 r--s 00000000 08:03 15598509                   /home/arwilczek90/workspace/Elements/lib/slick/lib/slick-examples.jar
7f3c98402000-7f3c98403000 r--s 00003000 08:03 15598508                   /home/arwilczek90/workspace/Elements/lib/slick/lib/scalar.jar
7f3c98403000-7f3c98406000 r--s 00017000 08:03 15598507                   /home/arwilczek90/workspace/Elements/lib/slick/lib/pedigree.jar
7f3c98406000-7f3c9840b000 r--s 0002f000 08:03 15598498                   /home/arwilczek90/workspace/Elements/lib/slick/lib/jinput.jar
7f3c9840b000-7f3c9840d000 r--s 00008000 08:03 15598497                   /home/arwilczek90/workspace/Elements/lib/slick/lib/ibxm.jar
7f3c9840d000-7f3c98410000 r--s 0005b000 08:03 15598496                   /home/arwilczek90/workspace/Elements/lib/slick/lib/hiero.jar
7f3c98410000-7f3c98411000 r--s 00007000 08:03 15597697                   /home/arwilczek90/workspace/Elements/lib/slick/applet/lwjgl_util_applet.jar
7f3c98451000-7f3c98491000 rw-s f0300000 00:05 10225                      /dev/ati/card0
7f3c98491000-7f3c98494000 ---p 00000000 00:00 0 
7f3c98494000-7f3c98592000 rw-p 00000000 00:00 0 
7f3c98592000-7f3c98593000 r--s 00000000 08:03 19927127                   /var/cache/fontconfig/c05880de57d1f5e948fdfacc138775d9-le64.cache-3
7f3c98593000-7f3c9859c000 r--s 00000000 08:03 19927122                   /var/cache/fontconfig/945677eb7aeaf62f1d50efc3fb3ec7d8-le64.cache-3
7f3c9859c000-7f3c9859e000 r--s 00000000 08:03 19927123                   /var/cache/fontconfig/99e8ed0e538f840c565b6ed5dad60d56-le64.cache-3
7f3c9859e000-7f3c985a2000 r--s 00000000 08:03 19927109                   /var/cache/fontconfig/2cd17615ca594fa2959ae173292e504c-le64.cache-3
7f3c985a2000-7f3c985a3000 r--s 00000000 08:03 19927134                   /var/cache/fontconfig/e7071f4a29fa870f4323321c154eba04-le64.cache-3
7f3c985a3000-7f3c985a4000 r--s 00000000 08:03 19927107                   /var/cache/fontconfig/0d8c3b2ac0904cb8a57a757ad11a4a08-le64.cache-3
7f3c985a4000-7f3c985aa000 r--s 00000000 08:03 19927124                   /var/cache/fontconfig/a755afe4a08bf5b97852ceb7400b47bc-le64.cache-3
7f3c985aa000-7f3c985b3000 r--s 00000000 08:03 19927460                   /var/cache/fontconfig/6d41288fd70b0be22e8c3a91e032eec0-le64.cache-3
7f3c985b3000-7f3c985c3000 r--s 00000000 08:03 19927106                   /var/cache/fontconfig/04aabc0a78ac019cf9454389977116d2-le64.cache-3
7f3c985c3000-7f3c985c6000 r--s 00000000 08:03 19927112                   /var/cache/fontconfig/385c0604a188198f04d133e54aba7fe7-le64.cache-3
7f3c985c6000-7f3c985c7000 r--s 00000000 08:03 19927113                   /var/cache/fontconfig/4794a0821666d79190d59a36cb4f44b5-le64.cache-3
7f3c985c7000-7f3c985ca000 r--s 00000000 08:03 19927121                   /var/cache/fontconfig/8801497958630a81b71ace7c5f9b32a8-le64.cache-3
7f3c985ca000-7f3c985f8000 r--s 00000000 08:03 19927454                   /var/cache/fontconfig/365b55f210c0a22e9a19e35191240f32-le64.cache-3
7f3c985f8000-7f3c985fd000 r--s 00000000 08:03 19927110                   /var/cache/fontconfig/3047814df9a2f067bd2d96a2b9c36e5a-le64.cache-3
7f3c985fd000-7f3c98602000 r--s 00000000 08:03 19927125                   /var/cache/fontconfig/b47c4e1ecd0709278f4910c18777a504-le64.cache-3
7f3c98603000-7f3c9860e000 r--s 00093000 08:03 15598513                   /home/arwilczek90/workspace/Elements/lib/slick/lib/slick.jar
7f3c9860e000-7f3c98610000 r--s 00004000 08:03 15598506                   /home/arwilczek90/workspace/Elements/lib/slick/lib/packulike.jar
7f3c98610000-7f3c98619000 r-xp 00000000 08:03 18488253                   /usr/lib/x86_64-linux-gnu/libXcursor.so.1.0.2
7f3c98619000-7f3c98818000 ---p 00009000 08:03 18488253                   /usr/lib/x86_64-linux-gnu/libXcursor.so.1.0.2
7f3c98818000-7f3c98819000 r--p 00008000 08:03 18488253                   /usr/lib/x86_64-linux-gnu/libXcursor.so.1.0.2
7f3c98819000-7f3c9881a000 rw-p 00009000 08:03 18488253                   /usr/lib/x86_64-linux-gnu/libXcursor.so.1.0.2
7f3c9881a000-7f3c9881b000 r--s 00043000 08:03 15598505                   /home/arwilczek90/workspace/Elements/lib/slick/lib/natives-win32.jar
7f3c9881b000-7f3c9881d000 r--s 00033000 08:03 15598504                   /home/arwilczek90/workspace/Elements/lib/slick/lib/natives-mac.jar
7f3c9881d000-7f3c9881e000 r--s 0003d000 08:03 15598503                   /home/arwilczek90/workspace/Elements/lib/slick/lib/natives-linux.jar
7f3c9881e000-7f3c98825000 r--s 00073000 08:03 15598502                   /home/arwilczek90/workspace/Elements/lib/slick/lib/lwjgl.jar
7f3c98825000-7f3c98827000 r--s 0000d000 08:03 15598501                   /home/arwilczek90/workspace/Elements/lib/slick/lib/jorbis-0.0.15.jar
7f3c98827000-7f3c98828000 r--s 00001000 08:03 15598500                   /home/arwilczek90/workspace/Elements/lib/slick/lib/jogg-0.0.7.jar
7f3c98828000-7f3c98829000 r--s 00001000 08:03 15598499                   /home/arwilczek90/workspace/Elements/lib/slick/lib/jnlp.jar
7f3c98829000-7f3c98834000 r--s 00093000 08:03 15597692                   /home/arwilczek90/workspace/Elements/lib/slick.jar
7f3c98834000-7f3c9883b000 r--s 000fb000 08:03 18618812                   /usr/lib/jvm/java-6-openjdk-common/jre/lib/resources.jar
7f3c9883b000-7f3c9884b000 r--s 00000000 08:03 19927130                   /var/cache/fontconfig/d52a8644073d54c13679302ca1180695-le64.cache-3
7f3c9884b000-7f3c9884e000 r--s 00000000 08:03 19927196                   /var/cache/fontconfig/e13b20fdb08344e0e664864cc2ede53d-le64.cache-3
7f3c9884e000-7f3c98852000 r--s 00000000 08:03 19927452                   /var/cache/fontconfig/7ef2298fde41cc6eeb7af42e48b7d293-le64.cache-3
7f3c98852000-7f3c98855000 ---p 00000000 00:00 0 
7f3c98855000-7f3c98953000 rw-p 00000000 00:00 0 
7f3c98953000-7f3c989e9000 r-xp 00000000 08:03 18488439                   /usr/lib/x86_64-linux-gnu/libfreetype.so.6.8.0
7f3c989e9000-7f3c98be8000 ---p 00096000 08:03 18488439                   /usr/lib/x86_64-linux-gnu/libfreetype.so.6.8.0
7f3c98be8000-7f3c98bee000 r--p 00095000 08:03 18488439                   /usr/lib/x86_64-linux-gnu/libfreetype.so.6.8.0
7f3c98bee000-7f3c98bef000 rw-p 0009b000 08:03 18488439                   /usr/lib/x86_64-linux-gnu/libfreetype.so.6.8.0
7f3c98bef000-7f3c98c29000 r-xp 00000000 08:03 18618871                   /usr/lib/jvm/java-6-openjdk-amd64/jre/lib/amd64/libfontmanager.so
7f3c98c29000-7f3c98e28000 ---p 0003a000 08:03 18618871                   /usr/lib/jvm/java-6-openjdk-amd64/jre/lib/amd64/libfontmanager.so
7f3c98e28000-7f3c98e2a000 r--p 00039000 08:03 18618871                   /usr/lib/jvm/java-6-openjdk-amd64/jre/lib/amd64/libfontmanager.so
7f3c98e2a000-7f3c98e2b000 rw-p 0003b000 08:03 18618871                   /usr/lib/jvm/java-6-openjdk-amd64/jre/lib/amd64/libfontmanager.so
7f3c98e2b000-7f3c98e30000 r-xp 00000000 08:03 18488257                   /usr/lib/x86_64-linux-gnu/libXdmcp.so.6.0.0
7f3c98e30000-7f3c9902f000 ---p 00005000 08:03 18488257                   /usr/lib/x86_64-linux-gnu/libXdmcp.so.6.0.0
7f3c9902f000-7f3c99030000 r--p 00004000 08:03 18488257                   /usr/lib/x86_64-linux-gnu/libXdmcp.so.6.0.0
7f3c99030000-7f3c99031000 rw-p 00005000 08:03 18488257                   /usr/lib/x86_64-linux-gnu/libXdmcp.so.6.0.0
7f3c99031000-7f3c99033000 r-xp 00000000 08:03 18488246                   /usr/lib/x86_64-linux-gnu/libXau.so.6.0.0
7f3c99033000-7f3c99232000 ---p 00002000 08:03 18488246                   /usr/lib/x86_64-linux-gnu/libXau.so.6.0.0
7f3c99232000-7f3c99233000 r--p 00001000 08:03 18488246                   /usr/lib/x86_64-linux-gnu/libXau.so.6.0.0
7f3c99233000-7f3c99234000 rw-p 00002000 08:03 18488246                   /usr/lib/x86_64-linux-gnu/libXau.so.6.0.0
7f3c99234000-7f3c99251000 r-xp 00000000 08:03 18488845                   /usr/lib/x86_64-linux-gnu/libxcb.so.1.1.0
7f3c99251000-7f3c99450000 ---p 0001d000 08:03 18488845                   /usr/lib/x86_64-linux-gnu/libxcb.so.1.1.0
7f3c99450000-7f3c99451000 r--p 0001c000 08:03 18488845                   /usr/lib/x86_64-linux-gnu/libxcb.so.1.1.0
7f3c99451000-7f3c99452000 rw-p 0001d000 08:03 18488845                   /usr/lib/x86_64-linux-gnu/libxcb.so.1.1.0
7f3c99452000-7f3c99460000 r-xp 00000000 08:03 18488265                   /usr/lib/x86_64-linux-gnu/libXi.so.6.1.0
7f3c99460000-7f3c9965f000 ---p 0000e000 08:03 18488265                   /usr/lib/x86_64-linux-gnu/libXi.so.6.1.0
7f3c9965f000-7f3c99660000 r--p 0000d000 08:03 18488265                   /usr/lib/x86_64-linux-gnu/libXi.so.6.1.0
7f3c99660000-7f3c99661000 rw-p 0000e000 08:03 18488265                   /usr/lib/x86_64-linux-gnu/libXi.so.6.1.0
7f3c99661000-7f3c99666000 r-xp 00000000 08:03 18488283                   /usr/lib/x86_64-linux-gnu/libXtst.so.6.1.0
7f3c99666000-7f3c99865000 ---p 00005000 08:03 18488283                   /usr/lib/x86_64-linux-gnu/libXtst.so.6.1.0
7f3c99865000-7f3c99866000 r--p 00004000 08:03 18488283                   /usr/lib/x86_64-linux-gnu/libXtst.so.6.1.0
7f3c99866000-7f3c99867000 rw-p 00005000 08:03 18488283                   /usr/lib/x86_64-linux-gnu/libXtst.so.6.1.0
7f3c99867000-7f3c99870000 r-xp 00000000 08:03 18488279                   /usr/lib/x86_64-linux-gnu/libXrender.so.1.3.0
7f3c99870000-7f3c99a6f000 ---p 00009000 08:03 18488279                   /usr/lib/x86_64-linux-gnu/libXrender.so.1.3.0
7f3c99a6f000-7f3c99a70000 r--p 00008000 08:03 18488279                   /usr/lib/x86_64-linux-gnu/libXrender.so.1.3.0
7f3c99a70000-7f3c99a71000 rw-p 00009000 08:03 18488279                   /usr/lib/x86_64-linux-gnu/libXrender.so.1.3.0
7f3c99a71000-7f3c99ba0000 r-xp 00000000 08:03 18488244                   /usr/lib/x86_64-linux-gnu/libX11.so.6.3.0
7f3c99ba0000-7f3c99da0000 ---p 0012f000 08:03 18488244                   /usr/lib/x86_64-linux-gnu/libX11.so.6.3.0
7f3c99da0000-7f3c99da1000 r--p 0012f000 08:03 18488244                   /usr/lib/x86_64-linux-gnu/libX11.so.6.3.0
7f3c99da1000-7f3c99da5000 rw-p 00130000 08:03 18488244                   /usr/lib/x86_64-linux-gnu/libX11.so.6.3.0
7f3c99da5000-7f3c99db5000 r-xp 00000000 08:03 18488259                   /usr/lib/x86_64-linux-gnu/libXext.so.6.4.0
7f3c99db5000-7f3c99fb4000 ---p 00010000 08:03 18488259                   /usr/lib/x86_64-linux-gnu/libXext.so.6.4.0
7f3c99fb4000-7f3c99fb5000 r--p 0000f000 08:03 18488259                   /usr/lib/x86_64-linux-gnu/libXext.so.6.4.0
7f3c99fb5000-7f3c99fb6000 rw-p 00010000 08:03 18488259                   /usr/lib/x86_64-linux-gnu/libXext.so.6.4.0
7f3c99fb6000-7f3c9a001000 r-xp 00000000 08:03 18618972                   /usr/lib/jvm/java-6-openjdk-amd64/jre/lib/amd64/xawt/libmawt.so
7f3c9a001000-7f3c9a201000 ---p 0004b000 08:03 18618972                   /usr/lib/jvm/java-6-openjdk-amd64/jre/lib/amd64/xawt/libmawt.so
7f3c9a201000-7f3c9a202000 r--p 0004b000 08:03 18618972                   /usr/lib/jvm/java-6-openjdk-amd64/jre/lib/amd64/xawt/libmawt.so
7f3c9a202000-7f3c9a205000 rw-p 0004c000 08:03 18618972                   /usr/lib/jvm/java-6-openjdk-amd64/jre/lib/amd64/xawt/libmawt.so
7f3c9a205000-7f3c9a206000 rw-p 00000000 00:00 0 
7f3c9a206000-7f3c9a2b2000 r-xp 00000000 08:03 18618874                   /usr/lib/jvm/java-6-openjdk-amd64/jre/lib/amd64/libawt.so
7f3c9a2b2000-7f3c9a4b1000 ---p 000ac000 08:03 18618874                   /usr/lib/jvm/java-6-openjdk-amd64/jre/lib/amd64/libawt.so
7f3c9a4b1000-7f3c9a4b2000 r--p 000ab000 08:03 18618874                   /usr/lib/jvm/java-6-openjdk-amd64/jre/lib/amd64/libawt.so
7f3c9a4b2000-7f3c9a4bd000 rw-p 000ac000 08:03 18618874                   /usr/lib/jvm/java-6-openjdk-amd64/jre/lib/amd64/libawt.so
7f3c9a4bd000-7f3c9a4e2000 rw-p 00000000 00:00 0 
7f3c9a4e2000-7f3c9a4e5000 r--s 0007d000 08:03 18618443                   /usr/lib/jvm/java-6-openjdk-common/jre/lib/jsse.jar
7f3c9a4e5000-7f3c9a4ec000 r--s 00073000 08:03 15597691                   /home/arwilczek90/workspace/Elements/lib/lwjgl.jar
7f3c9a4ec000-7f3c9a4ee000 r--s 0000f000 08:03 18618803                   /usr/lib/jvm/java-6-openjdk-common/jre/lib/ext/pulse-java.jar
7f3c9a4ee000-7f3c9a4f1000 r--s 00077000 08:03 18618797                   /usr/lib/jvm/java-6-openjdk-common/jre/lib/ext/localedata.jar
7f3c9a4f1000-7f3c9a4f2000 r--s 00007000 08:03 18748229                   /usr/share/java/java-atk-wrapper.jar
7f3c9a4f2000-7f3c9a4f4000 r--s 00001000 08:03 18618801                   /usr/lib/jvm/java-6-openjdk-common/jre/lib/ext/dnsns.jar
7f3c9a4f4000-7f3c9a4f8000 r--s 00038000 08:03 18618795                   /usr/lib/jvm/java-6-openjdk-common/jre/lib/ext/sunpkcs11.jar
7f3c9a4f8000-7f3c9a4fb000 r--s 00031000 08:03 18618799                   /usr/lib/jvm/java-6-openjdk-common/jre/lib/ext/sunjce_provider.jar
7f3c9a4fb000-7f3c9a4fc000 ---p 00000000 00:00 0 
7f3c9a4fc000-7f3c9a5fc000 rw-p 00000000 00:00 0 
7f3c9a5fc000-7f3c9a5ff000 ---p 00000000 00:00 0 
7f3c9a5ff000-7f3c9a6fd000 rw-p 00000000 00:00 0 
7f3c9a6fd000-7f3c9a700000 ---p 00000000 00:00 0 
7f3c9a700000-7f3c9a7fe000 rw-p 00000000 00:00 0 
7f3c9a7fe000-7f3c9a801000 ---p 00000000 00:00 0 
7f3c9a801000-7f3c9a8ff000 rw-p 00000000 00:00 0 
7f3c9a8ff000-7f3c9a902000 ---p 00000000 00:00 0 
7f3c9a902000-7f3c9aa00000 rw-p 00000000 00:00 0 
7f3c9aa00000-7f3c9b0e3000 r--p 00000000 08:03 18487587                   /usr/lib/locale/locale-archive
7f3c9b0e3000-7f3c9b0e6000 ---p 00000000 00:00 0 
7f3c9b0e6000-7f3c9b1e4000 rw-p 00000000 00:00 0 
7f3c9b1e4000-7f3c9b1e7000 ---p 00000000 00:00 0 
7f3c9b1e7000-7f3c9b2e5000 rw-p 00000000 00:00 0 
7f3c9b2e5000-7f3c9b2e6000 ---p 00000000 00:00 0 
7f3c9b2e6000-7f3c9b91e000 rw-p 00000000 00:00 0 
7f3c9b91e000-7f3c9bab0000 r--s 037bf000 08:03 18618843                   /usr/lib/jvm/java-6-openjdk-amd64/jre/lib/rt.jar
7f3c9bab0000-7f3c9bad8000 rw-p 00000000 00:00 0 
7f3c9bad8000-7f3c9bad9000 ---p 00000000 00:00 0 
7f3c9bad9000-7f3c9bbd9000 rw-p 00000000 00:00 0 
7f3c9bbd9000-7f3c9bbda000 ---p 00000000 00:00 0 
7f3c9bbda000-7f3c9bcda000 rw-p 00000000 00:00 0 
7f3c9bcda000-7f3c9bcdb000 ---p 00000000 00:00 0 
7f3c9bcdb000-7f3c9bddb000 rw-p 00000000 00:00 0 
7f3c9bddb000-7f3c9bddc000 ---p 00000000 00:00 0 
7f3c9bddc000-7f3c9bee7000 rw-p 00000000 00:00 0 
7f3c9bee7000-7f3c9bf2f000 rw-p 00000000 00:00 0 
7f3c9bf2f000-7f3c9bf56000 rw-p 00000000 00:00 0 
7f3c9bf56000-7f3c9c19d000 rw-p 00000000 00:00 0 
7f3c9c19d000-7f3c9c1a8000 rw-p 00000000 00:00 0 
7f3c9c1a8000-7f3c9c1f0000 rw-p 00000000 00:00 0 
7f3c9c1f0000-7f3c9c217000 rw-p 00000000 00:00 0 
7f3c9c217000-7f3c9c45e000 rw-p 00000000 00:00 0 
7f3c9c45e000-7f3c9c472000 rw-p 00000000 00:00 0 
7f3c9c472000-7f3c9c595000 rw-p 00000000 00:00 0 
7f3c9c595000-7f3c9c596000 rw-p 00000000 00:00 0 
7f3c9c596000-7f3c9c806000 rwxp 00000000 00:00 0 
7f3c9c806000-7f3c9f596000 rw-p 00000000 00:00 0 
7f3c9f596000-7f3c9f59d000 r-xp 00000000 08:03 18618888                   /usr/lib/jvm/java-6-openjdk-amd64/jre/lib/amd64/libzip.so
7f3c9f59d000-7f3c9f79c000 ---p 00007000 08:03 18618888                   /usr/lib/jvm/java-6-openjdk-amd64/jre/lib/amd64/libzip.so
7f3c9f79c000-7f3c9f79d000 r--p 00006000 08:03 18618888                   /usr/lib/jvm/java-6-openjdk-amd64/jre/lib/amd64/libzip.so
7f3c9f79d000-7f3c9f79e000 rw-p 00007000 08:03 18618888                   /usr/lib/jvm/java-6-openjdk-amd64/jre/lib/amd64/libzip.so
7f3c9f79e000-7f3c9f7aa000 r-xp 00000000 08:03 21758081                   /lib/x86_64-linux-gnu/libnss_files-2.15.so
7f3c9f7aa000-7f3c9f9a9000 ---p 0000c000 08:03 21758081                   /lib/x86_64-linux-gnu/libnss_files-2.15.so
7f3c9f9a9000-7f3c9f9aa000 r--p 0000b000 08:03 21758081                   /lib/x86_64-linux-gnu/libnss_files-2.15.so
7f3c9f9aa000-7f3c9f9ab000 rw-p 0000c000 08:03 21758081                   /lib/x86_64-linux-gnu/libnss_files-2.15.so
7f3c9f9ab000-7f3c9f9b5000 r-xp 00000000 08:03 21758077                   /lib/x86_64-linux-gnu/libnss_nis-2.15.so
7f3c9f9b5000-7f3c9fbb5000 ---p 0000a000 08:03 21758077                   /lib/x86_64-linux-gnu/libnss_nis-2.15.so
7f3c9fbb5000-7f3c9fbb6000 r--p 0000a000 08:03 21758077                   /lib/x86_64-linux-gnu/libnss_nis-2.15.so
7f3c9fbb6000-7f3c9fbb7000 rw-p 0000b000 08:03 21758077                   /lib/x86_64-linux-gnu/libnss_nis-2.15.so
7f3c9fbb7000-7f3c9fbce000 r-xp 00000000 08:03 21761730                   /lib/x86_64-linux-gnu/libnsl-2.15.so
7f3c9fbce000-7f3c9fdcd000 ---p 00017000 08:03 21761730                   /lib/x86_64-linux-gnu/libnsl-2.15.so
7f3c9fdcd000-7f3c9fdce000 r--p 00016000 08:03 21761730                   /lib/x86_64-linux-gnu/libnsl-2.15.so
7f3c9fdce000-7f3c9fdcf000 rw-p 00017000 08:03 21761730                   /lib/x86_64-linux-gnu/libnsl-2.15.so
7f3c9fdcf000-7f3c9fdd1000 rw-p 00000000 00:00 0 
7f3c9fdd1000-7f3c9fdfd000 r-xp 00000000 08:03 18618873                   /usr/lib/jvm/java-6-openjdk-amd64/jre/lib/amd64/libjava.so
7f3c9fdfd000-7f3c9fffc000 ---p 0002c000 08:03 18618873                   /usr/lib/jvm/java-6-openjdk-amd64/jre/lib/amd64/libjava.so
7f3c9fffc000-7f3c9fffd000 r--p 0002b000 08:03 18618873                   /usr/lib/jvm/java-6-openjdk-amd64/jre/lib/amd64/libjava.so
7f3c9fffd000-7f3ca0000000 rw-p 0002c000 08:03 18618873                   /usr/lib/jvm/java-6-openjdk-amd64/jre/lib/amd64/libjava.so
7f3ca0000000-7f3ca0c19000 rw-p 00000000 00:00 0 
7f3ca0c19000-7f3ca4000000 ---p 00000000 00:00 0 
7f3ca4000000-7f3ca4001000 rw-s 00005000 00:05 10225                      /dev/ati/card0
7f3ca4001000-7f3ca4003000 rw-s 00002000 00:05 10225                      /dev/ati/card0
7f3ca4003000-7f3ca4009000 r--s 00000000 08:03 19927124                   /var/cache/fontconfig/a755afe4a08bf5b97852ceb7400b47bc-le64.cache-3
7f3ca4009000-7f3ca4012000 r--s 00000000 08:03 19927460                   /var/cache/fontconfig/6d41288fd70b0be22e8c3a91e032eec0-le64.cache-3
7f3ca4012000-7f3ca4022000 r--s 00000000 08:03 19927106                   /var/cache/fontconfig/04aabc0a78ac019cf9454389977116d2-le64.cache-3
7f3ca4022000-7f3ca402a000 r-xp 00000000 08:03 21758082                   /lib/x86_64-linux-gnu/libnss_compat-2.15.so
7f3ca402a000-7f3ca4229000 ---p 00008000 08:03 21758082                   /lib/x86_64-linux-gnu/libnss_compat-2.15.so
7f3ca4229000-7f3ca422a000 r--p 00007000 08:03 21758082                   /lib/x86_64-linux-gnu/libnss_compat-2.15.so
7f3ca422a000-7f3ca422b000 rw-p 00008000 08:03 21758082                   /lib/x86_64-linux-gnu/libnss_compat-2.15.so
7f3ca422b000-7f3ca4239000 r-xp 00000000 08:03 18618872                   /usr/lib/jvm/java-6-openjdk-amd64/jre/lib/amd64/libverify.so
7f3ca4239000-7f3ca4438000 ---p 0000e000 08:03 18618872                   /usr/lib/jvm/java-6-openjdk-amd64/jre/lib/amd64/libverify.so
7f3ca4438000-7f3ca443a000 r--p 0000d000 08:03 18618872                   /usr/lib/jvm/java-6-openjdk-amd64/jre/lib/amd64/libverify.so
7f3ca443a000-7f3ca443b000 rw-p 0000f000 08:03 18618872                   /usr/lib/jvm/java-6-openjdk-amd64/jre/lib/amd64/libverify.so
7f3ca443b000-7f3ca4442000 r-xp 00000000 08:03 21758075                   /lib/x86_64-linux-gnu/librt-2.15.so
7f3ca4442000-7f3ca4641000 ---p 00007000 08:03 21758075                   /lib/x86_64-linux-gnu/librt-2.15.so
7f3ca4641000-7f3ca4642000 r--p 00006000 08:03 21758075                   /lib/x86_64-linux-gnu/librt-2.15.so
7f3ca4642000-7f3ca4643000 rw-p 00007000 08:03 21758075                   /lib/x86_64-linux-gnu/librt-2.15.so
7f3ca4643000-7f3ca4658000 r-xp 00000000 08:03 21761542                   /lib/x86_64-linux-gnu/libgcc_s.so.1
7f3ca4658000-7f3ca4857000 ---p 00015000 08:03 21761542                   /lib/x86_64-linux-gnu/libgcc_s.so.1
7f3ca4857000-7f3ca4858000 r--p 00014000 08:03 21761542                   /lib/x86_64-linux-gnu/libgcc_s.so.1
7f3ca4858000-7f3ca4859000 rw-p 00015000 08:03 21761542                   /lib/x86_64-linux-gnu/libgcc_s.so.1
7f3ca4859000-7f3ca4952000 r-xp 00000000 08:03 21758079                   /lib/x86_64-linux-gnu/libm-2.15.so
7f3ca4952000-7f3ca4b51000 ---p 000f9000 08:03 21758079                   /lib/x86_64-linux-gnu/libm-2.15.so
7f3ca4b51000-7f3ca4b52000 r--p 000f8000 08:03 21758079                   /lib/x86_64-linux-gnu/libm-2.15.so
7f3ca4b52000-7f3ca4b53000 rw-p 000f9000 08:03 21758079                   /lib/x86_64-linux-gnu/libm-2.15.so
7f3ca4b53000-7f3ca4c35000 r-xp 00000000 08:03 18488773                   /usr/lib/x86_64-linux-gnu/libstdc++.so.6.0.16
7f3ca4c35000-7f3ca4e34000 ---p 000e2000 08:03 18488773                   /usr/lib/x86_64-linux-gnu/libstdc++.so.6.0.16
7f3ca4e34000-7f3ca4e3c000 r--p 000e1000 08:03 18488773                   /usr/lib/x86_64-linux-gnu/libstdc++.so.6.0.16
7f3ca4e3c000-7f3ca4e3e000 rw-p 000e9000 08:03 18488773                   /usr/lib/x86_64-linux-gnu/libstdc++.so.6.0.16
7f3ca4e3e000-7f3ca4e53000 rw-p 00000000 00:00 0 
7f3ca4e53000-7f3ca5757000 r-xp 00000000 08:03 18618878                   /usr/lib/jvm/java-6-openjdk-amd64/jre/lib/amd64/server/libjvm.so
7f3ca5757000-7f3ca5957000 ---p 00904000 08:03 18618878                   /usr/lib/jvm/java-6-openjdk-amd64/jre/lib/amd64/server/libjvm.so
7f3ca5957000-7f3ca59d7000 r--p 00904000 08:03 18618878                   /usr/lib/jvm/java-6-openjdk-amd64/jre/lib/amd64/server/libjvm.so
7f3ca59d7000-7f3ca59f2000 rw-p 00984000 08:03 18618878                   /usr/lib/jvm/java-6-openjdk-amd64/jre/lib/amd64/server/libjvm.so
7f3ca59f2000-7f3ca5a1b000 rw-p 00000000 00:00 0 
7f3ca5a1b000-7f3ca5a31000 r-xp 00000000 08:03 21761632                   /lib/x86_64-linux-gnu/libz.so.1.2.3.4
7f3ca5a31000-7f3ca5c30000 ---p 00016000 08:03 21761632                   /lib/x86_64-linux-gnu/libz.so.1.2.3.4
7f3ca5c30000-7f3ca5c31000 r--p 00015000 08:03 21761632                   /lib/x86_64-linux-gnu/libz.so.1.2.3.4
7f3ca5c31000-7f3ca5c32000 rw-p 00016000 08:03 21761632                   /lib/x86_64-linux-gnu/libz.so.1.2.3.4
7f3ca5c32000-7f3ca5de7000 r-xp 00000000 08:03 21757975                   /lib/x86_64-linux-gnu/libc-2.15.so
7f3ca5de7000-7f3ca5fe6000 ---p 001b5000 08:03 21757975                   /lib/x86_64-linux-gnu/libc-2.15.so
7f3ca5fe6000-7f3ca5fea000 r--p 001b4000 08:03 21757975                   /lib/x86_64-linux-gnu/libc-2.15.so
7f3ca5fea000-7f3ca5fec000 rw-p 001b8000 08:03 21757975                   /lib/x86_64-linux-gnu/libc-2.15.so
7f3ca5fec000-7f3ca5ff1000 rw-p 00000000 00:00 0 
7f3ca5ff1000-7f3ca5ff3000 r-xp 00000000 08:03 21757964                   /lib/x86_64-linux-gnu/libdl-2.15.so
7f3ca5ff3000-7f3ca61f3000 ---p 00002000 08:03 21757964                   /lib/x86_64-linux-gnu/libdl-2.15.so
7f3ca61f3000-7f3ca61f4000 r--p 00002000 08:03 21757964                   /lib/x86_64-linux-gnu/libdl-2.15.so
7f3ca61f4000-7f3ca61f5000 rw-p 00003000 08:03 21757964                   /lib/x86_64-linux-gnu/libdl-2.15.so
7f3ca61f5000-7f3ca61f9000 r-xp 00000000 08:03 18618855                   /usr/lib/jvm/java-6-openjdk-amd64/jre/lib/amd64/jli/libjli.so
7f3ca61f9000-7f3ca63f8000 ---p 00004000 08:03 18618855                   /usr/lib/jvm/java-6-openjdk-amd64/jre/lib/amd64/jli/libjli.so
7f3ca63f8000-7f3ca63f9000 r--p 00003000 08:03 18618855                   /usr/lib/jvm/java-6-openjdk-amd64/jre/lib/amd64/jli/libjli.so
7f3ca63f9000-7f3ca63fa000 rw-p 00004000 08:03 18618855                   /usr/lib/jvm/java-6-openjdk-amd64/jre/lib/amd64/jli/libjli.so
7f3ca63fa000-7f3ca6412000 r-xp 00000000 08:03 21758073                   /lib/x86_64-linux-gnu/libpthread-2.15.so
7f3ca6412000-7f3ca6611000 ---p 00018000 08:03 21758073                   /lib/x86_64-linux-gnu/libpthread-2.15.so
7f3ca6611000-7f3ca6612000 r--p 00017000 08:03 21758073                   /lib/x86_64-linux-gnu/libpthread-2.15.so
7f3ca6612000-7f3ca6613000 rw-p 00018000 08:03 21758073                   /lib/x86_64-linux-gnu/libpthread-2.15.so
7f3ca6613000-7f3ca6617000 rw-p 00000000 00:00 0 
7f3ca6617000-7f3ca6639000 r-xp 00000000 08:03 21758085                   /lib/x86_64-linux-gnu/ld-2.15.so
7f3ca6639000-7f3ca663a000 r--s 00000000 08:03 19927115                   /var/cache/fontconfig/56cf4f4769d0f4abc89a4895d7bd3ae1-le64.cache-3
7f3ca663a000-7f3ca663b000 r--s 00000000 08:03 19927126                   /var/cache/fontconfig/b9d506c9ac06c20b433354fa67a72993-le64.cache-3
7f3ca663b000-7f3ca663c000 r--s 00000000 08:03 19927134                   /var/cache/fontconfig/e7071f4a29fa870f4323321c154eba04-le64.cache-3
7f3ca663c000-7f3ca663f000 r--s 00000000 08:03 19927112                   /var/cache/fontconfig/385c0604a188198f04d133e54aba7fe7-le64.cache-3
7f3ca663f000-7f3ca6642000 r--s 00000000 08:03 19927121                   /var/cache/fontconfig/8801497958630a81b71ace7c5f9b32a8-le64.cache-3
7f3ca6642000-7f3ca6647000 r--s 00000000 08:03 19927110                   /var/cache/fontconfig/3047814df9a2f067bd2d96a2b9c36e5a-le64.cache-3
7f3ca6647000-7f3ca6657000 r--s 00000000 08:03 19927130                   /var/cache/fontconfig/d52a8644073d54c13679302ca1180695-le64.cache-3
7f3ca6657000-7f3ca6661000 rw-p 00000000 00:00 0 
7f3ca6661000-7f3ca6717000 rw-p 00000000 00:00 0 
7f3ca6717000-7f3ca671a000 ---p 00000000 00:00 0 
7f3ca671a000-7f3ca681d000 rw-p 00000000 00:00 0 
7f3ca681d000-7f3ca681e000 r--s 00000000 08:03 19927107                   /var/cache/fontconfig/0d8c3b2ac0904cb8a57a757ad11a4a08-le64.cache-3
7f3ca681e000-7f3ca681f000 r--s 00000000 08:03 19927113                   /var/cache/fontconfig/4794a0821666d79190d59a36cb4f44b5-le64.cache-3
7f3ca681f000-7f3ca6820000 r--s 00000000 08:03 19927115                   /var/cache/fontconfig/56cf4f4769d0f4abc89a4895d7bd3ae1-le64.cache-3
7f3ca6820000-7f3ca6821000 r--s 00000000 08:03 19927126                   /var/cache/fontconfig/b9d506c9ac06c20b433354fa67a72993-le64.cache-3
7f3ca6821000-7f3ca6826000 r--s 00000000 08:03 19927125                   /var/cache/fontconfig/b47c4e1ecd0709278f4910c18777a504-le64.cache-3
7f3ca6826000-7f3ca6829000 r--s 00000000 08:03 19927196                   /var/cache/fontconfig/e13b20fdb08344e0e664864cc2ede53d-le64.cache-3
7f3ca6829000-7f3ca682d000 r--s 00000000 08:03 19927452                   /var/cache/fontconfig/7ef2298fde41cc6eeb7af42e48b7d293-le64.cache-3
7f3ca682d000-7f3ca6835000 rw-s 00000000 08:03 8126512                    /tmp/hsperfdata_arwilczek90/5761 (deleted)
7f3ca6835000-7f3ca6836000 rw-p 00000000 00:00 0 
7f3ca6836000-7f3ca6837000 ---p 00000000 00:00 0 
7f3ca6837000-7f3ca6839000 rw-p 00000000 00:00 0 
7f3ca6839000-7f3ca683a000 r--p 00022000 08:03 21758085                   /lib/x86_64-linux-gnu/ld-2.15.so
7f3ca683a000-7f3ca683c000 rw-p 00023000 08:03 21758085                   /lib/x86_64-linux-gnu/ld-2.15.so
7fffd537e000-7fffd539f000 rw-p 00000000 00:00 0                          [stack]
7fffd53ff000-7fffd5400000 r-xp 00000000 00:00 0                          [vdso]
ffffffffff600000-ffffffffff601000 r-xp 00000000 00:00 0                  [vsyscall]

VM Arguments:
jvm_args: -Djava.library.path=/home/arwilczek90/workspace/Elements/lib/slick:/home/arwilczek90/workspace/Elements/lib/slick -Dfile.encoding=UTF-8 
java_command: com.hack.elements.view.Main
Launcher Type: SUN_STANDARD

Environment Variables:
PATH=/usr/lib/lightdm/lightdm:/usr/local/sbin:/usr/local/bin:/usr/sbin:/usr/bin:/sbin:/bin:/usr/games
LD_LIBRARY_PATH=/usr/lib/jvm/java-6-openjdk-amd64/jre/lib/amd64/server:/usr/lib/jvm/java-6-openjdk-amd64/jre/lib/amd64:/usr/lib/jvm/java-6-openjdk-amd64/jre/../lib/amd64
SHELL=/bin/bash
DISPLAY=:0.0

Signal Handlers:
SIGSEGV: [libjvm.so+0x784310], sa_mask[0]=0x7ffbfeff, sa_flags=0x10000004
SIGBUS: [libjvm.so+0x784310], sa_mask[0]=0x7ffbfeff, sa_flags=0x10000004
SIGFPE: [libjvm.so+0x648580], sa_mask[0]=0x7ffbfeff, sa_flags=0x10000004
SIGPIPE: [libjvm.so+0x648580], sa_mask[0]=0x7ffbfeff, sa_flags=0x10000004
SIGXFSZ: [libjvm.so+0x648580], sa_mask[0]=0x7ffbfeff, sa_flags=0x10000004
SIGILL: [libjvm.so+0x648580], sa_mask[0]=0x7ffbfeff, sa_flags=0x10000004
SIGUSR1: SIG_DFL, sa_mask[0]=0x00000000, sa_flags=0x00000000
SIGUSR2: [libjvm.so+0x648730], sa_mask[0]=0x00000004, sa_flags=0x10000004
SIGHUP: [libjvm.so+0x64b250], sa_mask[0]=0x7ffbfeff, sa_flags=0x10000004
SIGINT: [libjvm.so+0x64b250], sa_mask[0]=0x7ffbfeff, sa_flags=0x10000004
SIGTERM: [libjvm.so+0x64b250], sa_mask[0]=0x7ffbfeff, sa_flags=0x10000004
SIGQUIT: [libjvm.so+0x64b250], sa_mask[0]=0x7ffbfeff, sa_flags=0x10000004


---------------  S Y S T E M  ---------------

OS:Ubuntu 12.04 (precise)
uname:Linux 3.2.0-32-generic #51-Ubuntu SMP Wed Sep 26 21:33:09 UTC 2012 x86_64
libc:glibc 2.15 NPTL 2.15 
rlimit: STACK 8192k, CORE 0k, NPROC 59545, NOFILE 4096, AS infinity
load average:0.87 0.48 0.39

/proc/meminfo:
MemTotal:        7639648 kB
MemFree:         4423840 kB
Buffers:           93268 kB
Cached:          1025556 kB
SwapCached:            0 kB
Active:          2154344 kB
Inactive:         643808 kB
Active(anon):    1679784 kB
Inactive(anon):     9940 kB
Active(file):     474560 kB
Inactive(file):   633868 kB
Unevictable:          20 kB
Mlocked:              20 kB
SwapTotal:       3818492 kB
SwapFree:        3818492 kB
Dirty:               592 kB
Writeback:             0 kB
AnonPages:       1679052 kB
Mapped:           303744 kB
Shmem:             10400 kB
Slab:              86660 kB
SReclaimable:      58236 kB
SUnreclaim:        28424 kB
KernelStack:        4064 kB
PageTables:        33600 kB
NFS_Unstable:          0 kB
Bounce:                0 kB
WritebackTmp:          0 kB
CommitLimit:     7638316 kB
Committed_AS:    4231012 kB
VmallocTotal:   34359738367 kB
VmallocUsed:      116912 kB
VmallocChunk:   34359619344 kB
HardwareCorrupted:     0 kB
AnonHugePages:         0 kB
HugePages_Total:       0
HugePages_Free:        0
HugePages_Rsvd:        0
HugePages_Surp:        0
Hugepagesize:       2048 kB
DirectMap4k:      147456 kB
DirectMap2M:     2453504 kB
DirectMap1G:     5242880 kB


CPU:total 4 (4 cores per cpu, 1 threads per core) family 18 model 1 stepping 0, cmov, cx8, fxsr, mmx, sse, sse2, sse3, popcnt, mmxext, 3dnowpref, lzcnt, sse4a

Memory: 4k page, physical 7639648k(4423840k free), swap 3818492k(3818492k free)

vm_info: OpenJDK 64-Bit Server VM (20.0-b12) for linux-amd64 JRE (1.6.0_24-b24), built on Sep  2 2012 19:50:47 by "buildd" with gcc 4.6.3

time: Sat Oct 13 14:16:42 2012
elapsed time: 1 seconds

