#
# A fatal error has been detected by the Java Runtime Environment:
#
#  SIGSEGV (0xb) at pc=0x00007f0fde9b3c58, pid=16256, tid=139706227930880
#
# JRE version: 6.0_24-b24
# Java VM: OpenJDK 64-Bit Server VM (20.0-b12 mixed mode linux-amd64 compressed oops)
# Derivative: IcedTea6 1.11.4
# Distribution: Ubuntu 12.04 LTS, package 6b24-1.11.4-1ubuntu0.12.04.1
# Problematic frame:
# C  [libX11.so.6+0x33c58]  XQueryExtension+0x28
#
# If you would like to submit a bug report, please include
# instructions how to reproduce the bug and visit:
#   https://bugs.launchpad.net/ubuntu/+source/openjdk-6/
#

---------------  T H R E A D  ---------------

Current thread (0x00007f0fe8072800):  VMThread [stack: 0x00007f0fe406b000,0x00007f0fe416c000] [id=16267]

siginfo:si_signo=SIGSEGV: si_errno=0, si_code=1 (SEGV_MAPERR), si_addr=0xffffffffe82247b8

Registers:
RAX=0x00007f0fcc0008c0, RBX=0xffffffffe8223e50, RCX=0x00007f0fe416a7b8, RDX=0x00007f0fe416a7b4
RSP=0x00007f0fe416a750, RBP=0x00007f0fdc8b6932, RSI=0x00007f0fdc8b6932, RDI=0xffffffffe8223e50
R8 =0x00007f0fe416a7bc, R9 =0x0000000000000000, R10=0x00007f0fef884fa8, R11=0x00007f0fef504ca0
R12=0x0000000000000000, R13=0x00007f0fdc8b6932, R14=0x00007f0fcc0008c0, R15=0x0000000000000000
RIP=0x00007f0fde9b3c58, EFLAGS=0x0000000000010206, CSGSFS=0x0000000000000033, ERR=0x0000000000000005
  TRAPNO=0x000000000000000e

Top of Stack: (sp=0x00007f0fe416a750)
0x00007f0fe416a750:   00007f0fef4d7790 00007f0ff00b39e8
0x00007f0fe416a760:   000000000000001e 00007f0fe801f560
0x00007f0fe416a770:   00000000ffffffff ffffffffe8223e50
0x00007f0fe416a780:   00007f0fdc8b6932 0000000000000000
0x00007f0fe416a790:   00007f0fdc8b6932 00007f0fcc0008c0
0x00007f0fe416a7a0:   0000000000000000 00007f0fde9a7c55
0x00007f0fe416a7b0:   00007f0ff00d1048 00007f0fdc9ef520
0x00007f0fe416a7c0:   00007f0fdc9ef520 ffffffffe8223e50
0x00007f0fe416a7d0:   00007f0fe81d78d0 00007f0fdecc102b
0x00007f0fe416a7e0:   00007f0fef4d7790 000000110000002f
0x00007f0fe416a7f0:   00007f0fe416a870 0000000000000000
0x00007f0fe416a800:   00007f0fe416a870 ffffffffe8223e50
0x00007f0fe416a810:   0000000000000000 00007f0ff00d1048
0x00007f0fe416a820:   00007f0fdca08d50 00007f0fdc85d119
0x00007f0fe416a830:   0000000000000000 000000000000002f
0x00007f0fe416a840:   00007f0fe416a870 00007f0fe416a890
0x00007f0fe416a850:   0000000000000000 00007f0ff00d1048
0x00007f0fe416a860:   00007f0fe82239b0 00007f0fdc853b42
0x00007f0fe416a870:   00007f0fe416aa80 00007f0fdc8b68b1
0x00007f0fe416a880:   00007f0fe416aa80 00007f0fefebd92d
0x00007f0fe416a890:   00007f0ff00d22c8 00007f0ff00d2858
0x00007f0fe416a8a0:   00007f0ff00b3000 00007f0fe8004060
0x00007f0fe416a8b0:   00007f0fe8004780 00007f0fe8009040
0x00007f0fe416a8c0:   00007f0fe8009b50 00007f0fe80094f0
0x00007f0fe416a8d0:   00007f0fe800a050 00007f0fe800ed30
0x00007f0fe416a8e0:   00007f0fe809d330 00007f0fe818f200
0x00007f0fe416a8f0:   00007f0fe818f6e0 00007f0ff00b2000
0x00007f0fe416a900:   00007f0fe82203b0 00007f0fe8218cc0
0x00007f0fe416a910:   00007f0fe8219160 00007f0fe8220880
0x00007f0fe416a920:   00007f0fe8220d20 00007f0fe82211c0
0x00007f0fe416a930:   00007f0fe8138a70 00007f0fe81399d0
0x00007f0fe416a940:   00007f0fe80025e0 00007f0fe8001ec0 

Instructions: (pc=0x00007f0fde9b3c58)
0x00007f0fde9b3c38:   24 d8 48 89 fb 4c 89 64 24 e0 4c 89 6c 24 e8 48
0x00007f0fde9b3c48:   89 f5 4c 89 74 24 f0 4c 89 7c 24 f8 48 83 ec 58
0x00007f0fde9b3c58:   48 8b 87 68 09 00 00 49 89 d4 49 89 cd 4d 89 c6
0x00007f0fde9b3c68:   48 85 c0 74 02 ff 10 ba 08 00 00 00 be 62 00 00 

Register to memory mapping:

RAX=0x00007f0fcc0008c0 is an unknown value
RBX=0xffffffffe8223e50 is an unknown value
RCX=0x00007f0fe416a7b8 is an unknown value
RDX=0x00007f0fe416a7b4 is an unknown value
RSP=0x00007f0fe416a750 is an unknown value
RBP=0x00007f0fdc8b6932: <offset 0x96932> in /usr/lib/fglrx/libGL.so.1 at 0x00007f0fdc820000
RSI=0x00007f0fdc8b6932: <offset 0x96932> in /usr/lib/fglrx/libGL.so.1 at 0x00007f0fdc820000
RDI=0xffffffffe8223e50 is an unknown value
R8 =0x00007f0fe416a7bc is an unknown value
R9 =0x0000000000000000 is an unknown value
R10=0x00007f0fef884fa8: <offset 0x3bbfa8> in /lib/x86_64-linux-gnu/libc.so.6 at 0x00007f0fef4c9000
R11=0x00007f0fef504ca0: __cxa_finalize+0 in /lib/x86_64-linux-gnu/libc.so.6 at 0x00007f0fef4c9000
R12=0x0000000000000000 is an unknown value
R13=0x00007f0fdc8b6932: <offset 0x96932> in /usr/lib/fglrx/libGL.so.1 at 0x00007f0fdc820000
R14=0x00007f0fcc0008c0 is an unknown value
R15=0x0000000000000000 is an unknown value


Stack: [0x00007f0fe406b000,0x00007f0fe416c000],  sp=0x00007f0fe416a750,  free space=1021k
Native frames: (J=compiled Java code, j=interpreted, Vv=VM code, C=native code)
C  [libX11.so.6+0x33c58]  XQueryExtension+0x28

VM_Operation (0x00007f0ff00ad680): Exit, mode: safepoint, requested by thread 0x00007f0fe800b000


---------------  P R O C E S S  ---------------

Java Threads: ( => current thread )
  0x00007f0fe885b800 JavaThread "Thread-3" [_thread_blocked, id=16358, stack(0x00007f0fd532f000,0x00007f0fd5430000)]
  0x00007f0fe8af4000 JavaThread "Thread-2" daemon [_thread_blocked, id=16297, stack(0x00007f0fdc224000,0x00007f0fdc325000)]
  0x00007f0fe821f800 JavaThread "AWT-XAWT" daemon [_thread_in_native, id=16290, stack(0x00007f0fdd17b000,0x00007f0fdd27c000)]
  0x00007f0fe81a1800 JavaThread "Java2D Disposer" daemon [_thread_blocked, id=16289, stack(0x00007f0fdd761000,0x00007f0fdd862000)]
  0x00007f0fe80b0000 JavaThread "Low Memory Detector" daemon [_thread_blocked, id=16280, stack(0x00007f0fdf4f2000,0x00007f0fdf5f3000)]
  0x00007f0fe80ad800 JavaThread "C2 CompilerThread1" daemon [_thread_blocked, id=16279, stack(0x00007f0fdf5f3000,0x00007f0fdf6f4000)]
  0x00007f0fe80ab000 JavaThread "C2 CompilerThread0" daemon [_thread_blocked, id=16278, stack(0x00007f0fdf6f4000,0x00007f0fdf7f5000)]
  0x00007f0fbc001000 JavaThread "JDWP Command Reader" daemon [_thread_blocked, id=16276, stack(0x00007f0fdf7f5000,0x00007f0fdf8f6000)]
  0x00007f0fe80a8800 JavaThread "JDWP Event Helper Thread" daemon [_thread_blocked, id=16273, stack(0x00007f0fdf8f6000,0x00007f0fdf9f7000)]
  0x00007f0fe80a5000 JavaThread "JDWP Transport Listener: dt_socket" daemon [_thread_blocked, id=16272, stack(0x00007f0fdf9f7000,0x00007f0fdfaf8000)]
  0x00007f0fe808c800 JavaThread "Signal Dispatcher" daemon [_thread_blocked, id=16270, stack(0x00007f0fdfcfd000,0x00007f0fdfdfe000)]
  0x00007f0fe807b000 JavaThread "Finalizer" daemon [_thread_blocked, id=16269, stack(0x00007f0fdfdfe000,0x00007f0fdfeff000)]
  0x00007f0fe8079000 JavaThread "Reference Handler" daemon [_thread_blocked, id=16268, stack(0x00007f0fdfeff000,0x00007f0fe0000000)]
  0x00007f0fe800b000 JavaThread "main" [_thread_blocked, id=16261, stack(0x00007f0feffae000,0x00007f0ff00af000)]

Other Threads:
=>0x00007f0fe8072800 VMThread [stack: 0x00007f0fe406b000,0x00007f0fe416c000] [id=16267]

VM state:at safepoint (shutting down)

VM Mutex/Monitor currently owned by a thread:  ([mutex/lock_event])
[0x00007f0fe8007410] Threads_lock - owner thread: 0x00007f0fe8072800

Heap
 PSYoungGen      total 34880K, used 9055K [0x00000000d9200000, 0x00000000db8e0000, 0x0000000100000000)
  eden space 29952K, 30% used [0x00000000d9200000,0x00000000d9ad7d78,0x00000000daf40000)
  from space 4928K, 0% used [0x00000000db410000,0x00000000db410000,0x00000000db8e0000)
  to   space 4928K, 0% used [0x00000000daf40000,0x00000000daf40000,0x00000000db410000)
 PSOldGen        total 79616K, used 0K [0x000000008b600000, 0x00000000903c0000, 0x00000000d9200000)
  object space 79616K, 0% used [0x000000008b600000,0x000000008b600000,0x00000000903c0000)
 PSPermGen       total 21248K, used 11416K [0x0000000081000000, 0x00000000824c0000, 0x000000008b600000)
  object space 21248K, 53% used [0x0000000081000000,0x0000000081b26190,0x00000000824c0000)

Code Cache  [0x00007f0fe5000000, 0x00007f0fe5270000, 0x00007f0fe8000000)
 total_blobs=561 nmethods=84 adapters=439 free_code_cache=49587328 largest_free_block=12352

Dynamic libraries:
00400000-00409000 r-xp 00000000 08:03 18618890                           /usr/lib/jvm/java-6-openjdk-amd64/jre/bin/java
00608000-00609000 r--p 00008000 08:03 18618890                           /usr/lib/jvm/java-6-openjdk-amd64/jre/bin/java
00609000-0060a000 rw-p 00009000 08:03 18618890                           /usr/lib/jvm/java-6-openjdk-amd64/jre/bin/java
00dd0000-00df1000 rw-p 00000000 00:00 0                                  [heap]
81000000-824c0000 rw-p 00000000 00:00 0 
824c0000-8b600000 rw-p 00000000 00:00 0 
8b600000-903c0000 rw-p 00000000 00:00 0 
903c0000-d9200000 rw-p 00000000 00:00 0 
d9200000-db8e0000 rw-p 00000000 00:00 0 
db8e0000-100000000 rw-p 00000000 00:00 0 
7f0f90000000-7f0f90021000 rw-p 00000000 00:00 0 
7f0f90021000-7f0f94000000 ---p 00000000 00:00 0 
7f0f94000000-7f0f94021000 rw-p 00000000 00:00 0 
7f0f94021000-7f0f98000000 ---p 00000000 00:00 0 
7f0f98000000-7f0f98021000 rw-p 00000000 00:00 0 
7f0f98021000-7f0f9c000000 ---p 00000000 00:00 0 
7f0f9c000000-7f0f9c021000 rw-p 00000000 00:00 0 
7f0f9c021000-7f0fa0000000 ---p 00000000 00:00 0 
7f0fa0000000-7f0fa0021000 rw-p 00000000 00:00 0 
7f0fa0021000-7f0fa4000000 ---p 00000000 00:00 0 
7f0fa4000000-7f0fa4021000 rw-p 00000000 00:00 0 
7f0fa4021000-7f0fa8000000 ---p 00000000 00:00 0 
7f0fa8000000-7f0fa829b000 rw-p 00000000 00:00 0 
7f0fa829b000-7f0fac000000 ---p 00000000 00:00 0 
7f0fac000000-7f0fac1b0000 rw-p 00000000 00:00 0 
7f0fac1b0000-7f0fb0000000 ---p 00000000 00:00 0 
7f0fb0000000-7f0fb0021000 rw-p 00000000 00:00 0 
7f0fb0021000-7f0fb4000000 ---p 00000000 00:00 0 
7f0fb4000000-7f0fb4021000 rw-p 00000000 00:00 0 
7f0fb4021000-7f0fb8000000 ---p 00000000 00:00 0 
7f0fb8000000-7f0fb8021000 rw-p 00000000 00:00 0 
7f0fb8021000-7f0fbc000000 ---p 00000000 00:00 0 
7f0fbc000000-7f0fbc021000 rw-p 00000000 00:00 0 
7f0fbc021000-7f0fc0000000 ---p 00000000 00:00 0 
7f0fc0000000-7f0fc0021000 rw-p 00000000 00:00 0 
7f0fc0021000-7f0fc4000000 ---p 00000000 00:00 0 
7f0fc4000000-7f0fc4021000 rw-p 00000000 00:00 0 
7f0fc4021000-7f0fc8000000 ---p 00000000 00:00 0 
7f0fc8000000-7f0fc8021000 rw-p 00000000 00:00 0 
7f0fc8021000-7f0fcc000000 ---p 00000000 00:00 0 
7f0fcc000000-7f0fcc021000 rw-p 00000000 00:00 0 
7f0fcc021000-7f0fd0000000 ---p 00000000 00:00 0 
7f0fd0000000-7f0fd0021000 rw-p 00000000 00:00 0 
7f0fd0021000-7f0fd4000000 ---p 00000000 00:00 0 
7f0fd532f000-7f0fd5332000 ---p 00000000 00:00 0 
7f0fd5332000-7f0fd5632000 rw-p 00000000 00:00 0 
7f0fd5632000-7f0fd5d32000 rw-s 00006000 00:05 10225                      /dev/ati/card0
7f0fd5d32000-7f0fd7c8c000 r-xp 00000000 08:03 19009510                   /usr/lib/fglrx/dri/fglrx_dri.so
7f0fd7c8c000-7f0fd7d8c000 ---p 01f5a000 08:03 19009510                   /usr/lib/fglrx/dri/fglrx_dri.so
7f0fd7d8c000-7f0fd7eda000 rwxp 01f5a000 08:03 19009510                   /usr/lib/fglrx/dri/fglrx_dri.so
7f0fd7eda000-7f0fd8000000 rwxp 00000000 00:00 0 
7f0fd8000000-7f0fd8021000 rw-p 00000000 00:00 0 
7f0fd8021000-7f0fdc000000 ---p 00000000 00:00 0 
7f0fdc020000-7f0fdc023000 ---p 00000000 00:00 0 
7f0fdc023000-7f0fdc121000 rw-p 00000000 00:00 0 
7f0fdc121000-7f0fdc124000 r-xp 00000000 08:03 15602613                   /home/arwilczek90/workspace/Elements/lib/slick/libjinput-linux64.so
7f0fdc124000-7f0fdc223000 ---p 00003000 08:03 15602613                   /home/arwilczek90/workspace/Elements/lib/slick/libjinput-linux64.so
7f0fdc223000-7f0fdc224000 rw-p 00002000 08:03 15602613                   /home/arwilczek90/workspace/Elements/lib/slick/libjinput-linux64.so
7f0fdc224000-7f0fdc227000 ---p 00000000 00:00 0 
7f0fdc227000-7f0fdc325000 rw-p 00000000 00:00 0 
7f0fdc365000-7f0fdc367000 r-xp 00000000 08:03 18488267                   /usr/lib/x86_64-linux-gnu/libXinerama.so.1.0.0
7f0fdc367000-7f0fdc566000 ---p 00002000 08:03 18488267                   /usr/lib/x86_64-linux-gnu/libXinerama.so.1.0.0
7f0fdc566000-7f0fdc567000 r--p 00001000 08:03 18488267                   /usr/lib/x86_64-linux-gnu/libXinerama.so.1.0.0
7f0fdc567000-7f0fdc568000 rw-p 00002000 08:03 18488267                   /usr/lib/x86_64-linux-gnu/libXinerama.so.1.0.0
7f0fdc568000-7f0fdc5a3000 r-xp 00000000 08:03 19009508                   /usr/lib/fglrx/libatiadlxx.so
7f0fdc5a3000-7f0fdc6a3000 ---p 0003b000 08:03 19009508                   /usr/lib/fglrx/libatiadlxx.so
7f0fdc6a3000-7f0fdc6ac000 rw-p 0003b000 08:03 19009508                   /usr/lib/fglrx/libatiadlxx.so
7f0fdc6ac000-7f0fdc6bd000 rw-p 00000000 00:00 0 
7f0fdc6d7000-7f0fdc717000 rw-s f0300000 00:05 10225                      /dev/ati/card0
7f0fdc717000-7f0fdc71e000 r-xp 00000000 08:03 19009532                   /usr/lib/fglrx/libatiuki.so.1.0
7f0fdc71e000-7f0fdc81e000 ---p 00007000 08:03 19009532                   /usr/lib/fglrx/libatiuki.so.1.0
7f0fdc81e000-7f0fdc81f000 rw-p 00007000 08:03 19009532                   /usr/lib/fglrx/libatiuki.so.1.0
7f0fdc81f000-7f0fdc820000 rw-p 00000000 00:00 0 
7f0fdc820000-7f0fdc8e3000 r-xp 00000000 08:03 19009512                   /usr/lib/fglrx/libGL.so.1.2
7f0fdc8e3000-7f0fdc9e2000 ---p 000c3000 08:03 19009512                   /usr/lib/fglrx/libGL.so.1.2
7f0fdc9e2000-7f0fdca09000 rwxp 000c2000 08:03 19009512                   /usr/lib/fglrx/libGL.so.1.2
7f0fdca09000-7f0fdca29000 rwxp 00000000 00:00 0 
7f0fdca29000-7f0fdca2a000 r-xp 00000000 08:03 18618886                   /usr/lib/jvm/java-6-openjdk-amd64/jre/lib/amd64/libjawt.so
7f0fdca2a000-7f0fdcc29000 ---p 00001000 08:03 18618886                   /usr/lib/jvm/java-6-openjdk-amd64/jre/lib/amd64/libjawt.so
7f0fdcc29000-7f0fdcc2a000 r--p 00000000 08:03 18618886                   /usr/lib/jvm/java-6-openjdk-amd64/jre/lib/amd64/libjawt.so
7f0fdcc2a000-7f0fdcc2b000 rw-p 00001000 08:03 18618886                   /usr/lib/jvm/java-6-openjdk-amd64/jre/lib/amd64/libjawt.so
7f0fdcc2b000-7f0fdcc2f000 r-xp 00000000 08:03 18488287                   /usr/lib/x86_64-linux-gnu/libXxf86vm.so.1.0.0
7f0fdcc2f000-7f0fdce2e000 ---p 00004000 08:03 18488287                   /usr/lib/x86_64-linux-gnu/libXxf86vm.so.1.0.0
7f0fdce2e000-7f0fdce2f000 r--p 00003000 08:03 18488287                   /usr/lib/x86_64-linux-gnu/libXxf86vm.so.1.0.0
7f0fdce2f000-7f0fdce30000 rw-p 00004000 08:03 18488287                   /usr/lib/x86_64-linux-gnu/libXxf86vm.so.1.0.0
7f0fdce30000-7f0fdce38000 r-xp 00000000 08:03 18488277                   /usr/lib/x86_64-linux-gnu/libXrandr.so.2.2.0
7f0fdce38000-7f0fdd037000 ---p 00008000 08:03 18488277                   /usr/lib/x86_64-linux-gnu/libXrandr.so.2.2.0
7f0fdd037000-7f0fdd038000 r--p 00007000 08:03 18488277                   /usr/lib/x86_64-linux-gnu/libXrandr.so.2.2.0
7f0fdd038000-7f0fdd039000 rw-p 00008000 08:03 18488277                   /usr/lib/x86_64-linux-gnu/libXrandr.so.2.2.0
7f0fdd039000-7f0fdd079000 r-xp 00000000 08:03 15602617                   /home/arwilczek90/workspace/Elements/lib/slick/liblwjgl64.so
7f0fdd079000-7f0fdd179000 ---p 00040000 08:03 15602617                   /home/arwilczek90/workspace/Elements/lib/slick/liblwjgl64.so
7f0fdd179000-7f0fdd17b000 rw-p 00040000 08:03 15602617                   /home/arwilczek90/workspace/Elements/lib/slick/liblwjgl64.so
7f0fdd17b000-7f0fdd17e000 ---p 00000000 00:00 0 
7f0fdd17e000-7f0fdd27c000 rw-p 00000000 00:00 0 
7f0fdd27c000-7f0fdd27d000 r--s 00000000 08:03 19927127                   /var/cache/fontconfig/c05880de57d1f5e948fdfacc138775d9-le64.cache-3
7f0fdd27d000-7f0fdd286000 r--s 00000000 08:03 19927122                   /var/cache/fontconfig/945677eb7aeaf62f1d50efc3fb3ec7d8-le64.cache-3
7f0fdd286000-7f0fdd288000 r--s 00000000 08:03 19927123                   /var/cache/fontconfig/99e8ed0e538f840c565b6ed5dad60d56-le64.cache-3
7f0fdd288000-7f0fdd28c000 r--s 00000000 08:03 19927109                   /var/cache/fontconfig/2cd17615ca594fa2959ae173292e504c-le64.cache-3
7f0fdd28c000-7f0fdd28d000 r--s 00000000 08:03 19927134                   /var/cache/fontconfig/e7071f4a29fa870f4323321c154eba04-le64.cache-3
7f0fdd28d000-7f0fdd28e000 r--s 00000000 08:03 19927107                   /var/cache/fontconfig/0d8c3b2ac0904cb8a57a757ad11a4a08-le64.cache-3
7f0fdd28e000-7f0fdd294000 r--s 00000000 08:03 19927124                   /var/cache/fontconfig/a755afe4a08bf5b97852ceb7400b47bc-le64.cache-3
7f0fdd294000-7f0fdd29d000 r--s 00000000 08:03 19927460                   /var/cache/fontconfig/6d41288fd70b0be22e8c3a91e032eec0-le64.cache-3
7f0fdd29d000-7f0fdd2ad000 r--s 00000000 08:03 19927106                   /var/cache/fontconfig/04aabc0a78ac019cf9454389977116d2-le64.cache-3
7f0fdd2ad000-7f0fdd2b0000 r--s 00000000 08:03 19927112                   /var/cache/fontconfig/385c0604a188198f04d133e54aba7fe7-le64.cache-3
7f0fdd2b0000-7f0fdd2b1000 r--s 00000000 08:03 19927113                   /var/cache/fontconfig/4794a0821666d79190d59a36cb4f44b5-le64.cache-3
7f0fdd2b1000-7f0fdd2b4000 r--s 00000000 08:03 19927121                   /var/cache/fontconfig/8801497958630a81b71ace7c5f9b32a8-le64.cache-3
7f0fdd2b4000-7f0fdd2e2000 r--s 00000000 08:03 19927454                   /var/cache/fontconfig/365b55f210c0a22e9a19e35191240f32-le64.cache-3
7f0fdd2e2000-7f0fdd2e7000 r--s 00000000 08:03 19927110                   /var/cache/fontconfig/3047814df9a2f067bd2d96a2b9c36e5a-le64.cache-3
7f0fdd2ed000-7f0fdd2ef000 r--s 00015000 08:03 15598514                   /home/arwilczek90/workspace/Elements/lib/slick/lib/tinylinepp.jar
7f0fdd2ef000-7f0fdd2f2000 r--s 00015000 08:03 15598512                   /home/arwilczek90/workspace/Elements/lib/slick/lib/slick-util.jar
7f0fdd2f2000-7f0fdd2fa000 r--s 00067000 08:03 15598510                   /home/arwilczek90/workspace/Elements/lib/slick/lib/slick-sources.jar
7f0fdd2fa000-7f0fdd2fb000 r--s 00000000 08:03 15598509                   /home/arwilczek90/workspace/Elements/lib/slick/lib/slick-examples.jar
7f0fdd2fb000-7f0fdd2fc000 r--s 00003000 08:03 15598508                   /home/arwilczek90/workspace/Elements/lib/slick/lib/scalar.jar
7f0fdd2fc000-7f0fdd2ff000 r--s 00017000 08:03 15598507                   /home/arwilczek90/workspace/Elements/lib/slick/lib/pedigree.jar
7f0fdd2ff000-7f0fdd30a000 r--s 00093000 08:03 15598513                   /home/arwilczek90/workspace/Elements/lib/slick/lib/slick.jar
7f0fdd30a000-7f0fdd30c000 r--s 00004000 08:03 15598506                   /home/arwilczek90/workspace/Elements/lib/slick/lib/packulike.jar
7f0fdd30c000-7f0fdd30d000 r--s 00043000 08:03 15598505                   /home/arwilczek90/workspace/Elements/lib/slick/lib/natives-win32.jar
7f0fdd30d000-7f0fdd30f000 r--s 00033000 08:03 15598504                   /home/arwilczek90/workspace/Elements/lib/slick/lib/natives-mac.jar
7f0fdd30f000-7f0fdd316000 r--s 00073000 08:03 15598502                   /home/arwilczek90/workspace/Elements/lib/slick/lib/lwjgl.jar
7f0fdd316000-7f0fdd31b000 r-xp 00000000 08:03 18488261                   /usr/lib/x86_64-linux-gnu/libXfixes.so.3.1.0
7f0fdd31b000-7f0fdd51a000 ---p 00005000 08:03 18488261                   /usr/lib/x86_64-linux-gnu/libXfixes.so.3.1.0
7f0fdd51a000-7f0fdd51b000 r--p 00004000 08:03 18488261                   /usr/lib/x86_64-linux-gnu/libXfixes.so.3.1.0
7f0fdd51b000-7f0fdd51c000 rw-p 00005000 08:03 18488261                   /usr/lib/x86_64-linux-gnu/libXfixes.so.3.1.0
7f0fdd51c000-7f0fdd525000 r-xp 00000000 08:03 18488253                   /usr/lib/x86_64-linux-gnu/libXcursor.so.1.0.2
7f0fdd525000-7f0fdd724000 ---p 00009000 08:03 18488253                   /usr/lib/x86_64-linux-gnu/libXcursor.so.1.0.2
7f0fdd724000-7f0fdd725000 r--p 00008000 08:03 18488253                   /usr/lib/x86_64-linux-gnu/libXcursor.so.1.0.2
7f0fdd725000-7f0fdd726000 rw-p 00009000 08:03 18488253                   /usr/lib/x86_64-linux-gnu/libXcursor.so.1.0.2
7f0fdd726000-7f0fdd727000 r--s 0003d000 08:03 15598503                   /home/arwilczek90/workspace/Elements/lib/slick/lib/natives-linux.jar
7f0fdd727000-7f0fdd729000 r--s 0000d000 08:03 15598501                   /home/arwilczek90/workspace/Elements/lib/slick/lib/jorbis-0.0.15.jar
7f0fdd729000-7f0fdd72e000 r--s 0002f000 08:03 15598498                   /home/arwilczek90/workspace/Elements/lib/slick/lib/jinput.jar
7f0fdd72e000-7f0fdd730000 r--s 00008000 08:03 15598497                   /home/arwilczek90/workspace/Elements/lib/slick/lib/ibxm.jar
7f0fdd730000-7f0fdd733000 r--s 0005b000 08:03 15598496                   /home/arwilczek90/workspace/Elements/lib/slick/lib/hiero.jar
7f0fdd733000-7f0fdd735000 rw-s 00002000 00:05 10225                      /dev/ati/card0
7f0fdd735000-7f0fdd740000 r--s 00093000 08:03 15597692                   /home/arwilczek90/workspace/Elements/lib/slick.jar
7f0fdd740000-7f0fdd747000 r--s 000fb000 08:03 18618812                   /usr/lib/jvm/java-6-openjdk-common/jre/lib/resources.jar
7f0fdd747000-7f0fdd748000 r--s 00000000 08:03 19927115                   /var/cache/fontconfig/56cf4f4769d0f4abc89a4895d7bd3ae1-le64.cache-3
7f0fdd748000-7f0fdd749000 r--s 00000000 08:03 19927126                   /var/cache/fontconfig/b9d506c9ac06c20b433354fa67a72993-le64.cache-3
7f0fdd749000-7f0fdd74e000 r--s 00000000 08:03 19927125                   /var/cache/fontconfig/b47c4e1ecd0709278f4910c18777a504-le64.cache-3
7f0fdd74e000-7f0fdd75e000 r--s 00000000 08:03 19927130                   /var/cache/fontconfig/d52a8644073d54c13679302ca1180695-le64.cache-3
7f0fdd75e000-7f0fdd761000 r--s 00000000 08:03 19927196                   /var/cache/fontconfig/e13b20fdb08344e0e664864cc2ede53d-le64.cache-3
7f0fdd761000-7f0fdd764000 ---p 00000000 00:00 0 
7f0fdd764000-7f0fdd862000 rw-p 00000000 00:00 0 
7f0fdd862000-7f0fdd8f8000 r-xp 00000000 08:03 18488439                   /usr/lib/x86_64-linux-gnu/libfreetype.so.6.8.0
7f0fdd8f8000-7f0fddaf7000 ---p 00096000 08:03 18488439                   /usr/lib/x86_64-linux-gnu/libfreetype.so.6.8.0
7f0fddaf7000-7f0fddafd000 r--p 00095000 08:03 18488439                   /usr/lib/x86_64-linux-gnu/libfreetype.so.6.8.0
7f0fddafd000-7f0fddafe000 rw-p 0009b000 08:03 18488439                   /usr/lib/x86_64-linux-gnu/libfreetype.so.6.8.0
7f0fddafe000-7f0fddb38000 r-xp 00000000 08:03 18618871                   /usr/lib/jvm/java-6-openjdk-amd64/jre/lib/amd64/libfontmanager.so
7f0fddb38000-7f0fddd37000 ---p 0003a000 08:03 18618871                   /usr/lib/jvm/java-6-openjdk-amd64/jre/lib/amd64/libfontmanager.so
7f0fddd37000-7f0fddd39000 r--p 00039000 08:03 18618871                   /usr/lib/jvm/java-6-openjdk-amd64/jre/lib/amd64/libfontmanager.so
7f0fddd39000-7f0fddd3a000 rw-p 0003b000 08:03 18618871                   /usr/lib/jvm/java-6-openjdk-amd64/jre/lib/amd64/libfontmanager.so
7f0fddd3a000-7f0fddd3f000 r-xp 00000000 08:03 18488257                   /usr/lib/x86_64-linux-gnu/libXdmcp.so.6.0.0
7f0fddd3f000-7f0fddf3e000 ---p 00005000 08:03 18488257                   /usr/lib/x86_64-linux-gnu/libXdmcp.so.6.0.0
7f0fddf3e000-7f0fddf3f000 r--p 00004000 08:03 18488257                   /usr/lib/x86_64-linux-gnu/libXdmcp.so.6.0.0
7f0fddf3f000-7f0fddf40000 rw-p 00005000 08:03 18488257                   /usr/lib/x86_64-linux-gnu/libXdmcp.so.6.0.0
7f0fddf40000-7f0fddf42000 r-xp 00000000 08:03 18488246                   /usr/lib/x86_64-linux-gnu/libXau.so.6.0.0
7f0fddf42000-7f0fde141000 ---p 00002000 08:03 18488246                   /usr/lib/x86_64-linux-gnu/libXau.so.6.0.0
7f0fde141000-7f0fde142000 r--p 00001000 08:03 18488246                   /usr/lib/x86_64-linux-gnu/libXau.so.6.0.0
7f0fde142000-7f0fde143000 rw-p 00002000 08:03 18488246                   /usr/lib/x86_64-linux-gnu/libXau.so.6.0.0
7f0fde143000-7f0fde160000 r-xp 00000000 08:03 18488845                   /usr/lib/x86_64-linux-gnu/libxcb.so.1.1.0
7f0fde160000-7f0fde35f000 ---p 0001d000 08:03 18488845                   /usr/lib/x86_64-linux-gnu/libxcb.so.1.1.0
7f0fde35f000-7f0fde360000 r--p 0001c000 08:03 18488845                   /usr/lib/x86_64-linux-gnu/libxcb.so.1.1.0
7f0fde360000-7f0fde361000 rw-p 0001d000 08:03 18488845                   /usr/lib/x86_64-linux-gnu/libxcb.so.1.1.0
7f0fde361000-7f0fde36f000 r-xp 00000000 08:03 18488265                   /usr/lib/x86_64-linux-gnu/libXi.so.6.1.0
7f0fde36f000-7f0fde56e000 ---p 0000e000 08:03 18488265                   /usr/lib/x86_64-linux-gnu/libXi.so.6.1.0
7f0fde56e000-7f0fde56f000 r--p 0000d000 08:03 18488265                   /usr/lib/x86_64-linux-gnu/libXi.so.6.1.0
7f0fde56f000-7f0fde570000 rw-p 0000e000 08:03 18488265                   /usr/lib/x86_64-linux-gnu/libXi.so.6.1.0
7f0fde570000-7f0fde575000 r-xp 00000000 08:03 18488283                   /usr/lib/x86_64-linux-gnu/libXtst.so.6.1.0
7f0fde575000-7f0fde774000 ---p 00005000 08:03 18488283                   /usr/lib/x86_64-linux-gnu/libXtst.so.6.1.0
7f0fde774000-7f0fde775000 r--p 00004000 08:03 18488283                   /usr/lib/x86_64-linux-gnu/libXtst.so.6.1.0
7f0fde775000-7f0fde776000 rw-p 00005000 08:03 18488283                   /usr/lib/x86_64-linux-gnu/libXtst.so.6.1.0
7f0fde776000-7f0fde77f000 r-xp 00000000 08:03 18488279                   /usr/lib/x86_64-linux-gnu/libXrender.so.1.3.0
7f0fde77f000-7f0fde97e000 ---p 00009000 08:03 18488279                   /usr/lib/x86_64-linux-gnu/libXrender.so.1.3.0
7f0fde97e000-7f0fde97f000 r--p 00008000 08:03 18488279                   /usr/lib/x86_64-linux-gnu/libXrender.so.1.3.0
7f0fde97f000-7f0fde980000 rw-p 00009000 08:03 18488279                   /usr/lib/x86_64-linux-gnu/libXrender.so.1.3.0
7f0fde980000-7f0fdeaaf000 r-xp 00000000 08:03 18488244                   /usr/lib/x86_64-linux-gnu/libX11.so.6.3.0
7f0fdeaaf000-7f0fdecaf000 ---p 0012f000 08:03 18488244                   /usr/lib/x86_64-linux-gnu/libX11.so.6.3.0
7f0fdecaf000-7f0fdecb0000 r--p 0012f000 08:03 18488244                   /usr/lib/x86_64-linux-gnu/libX11.so.6.3.0
7f0fdecb0000-7f0fdecb4000 rw-p 00130000 08:03 18488244                   /usr/lib/x86_64-linux-gnu/libX11.so.6.3.0
7f0fdecb4000-7f0fdecc4000 r-xp 00000000 08:03 18488259                   /usr/lib/x86_64-linux-gnu/libXext.so.6.4.0
7f0fdecc4000-7f0fdeec3000 ---p 00010000 08:03 18488259                   /usr/lib/x86_64-linux-gnu/libXext.so.6.4.0
7f0fdeec3000-7f0fdeec4000 r--p 0000f000 08:03 18488259                   /usr/lib/x86_64-linux-gnu/libXext.so.6.4.0
7f0fdeec4000-7f0fdeec5000 rw-p 00010000 08:03 18488259                   /usr/lib/x86_64-linux-gnu/libXext.so.6.4.0
7f0fdeec5000-7f0fdef10000 r-xp 00000000 08:03 18618972                   /usr/lib/jvm/java-6-openjdk-amd64/jre/lib/amd64/xawt/libmawt.so
7f0fdef10000-7f0fdf110000 ---p 0004b000 08:03 18618972                   /usr/lib/jvm/java-6-openjdk-amd64/jre/lib/amd64/xawt/libmawt.so
7f0fdf110000-7f0fdf111000 r--p 0004b000 08:03 18618972                   /usr/lib/jvm/java-6-openjdk-amd64/jre/lib/amd64/xawt/libmawt.so
7f0fdf111000-7f0fdf114000 rw-p 0004c000 08:03 18618972                   /usr/lib/jvm/java-6-openjdk-amd64/jre/lib/amd64/xawt/libmawt.so
7f0fdf114000-7f0fdf115000 rw-p 00000000 00:00 0 
7f0fdf115000-7f0fdf1c1000 r-xp 00000000 08:03 18618874                   /usr/lib/jvm/java-6-openjdk-amd64/jre/lib/amd64/libawt.so
7f0fdf1c1000-7f0fdf3c0000 ---p 000ac000 08:03 18618874                   /usr/lib/jvm/java-6-openjdk-amd64/jre/lib/amd64/libawt.so
7f0fdf3c0000-7f0fdf3c1000 r--p 000ab000 08:03 18618874                   /usr/lib/jvm/java-6-openjdk-amd64/jre/lib/amd64/libawt.so
7f0fdf3c1000-7f0fdf3cc000 rw-p 000ac000 08:03 18618874                   /usr/lib/jvm/java-6-openjdk-amd64/jre/lib/amd64/libawt.so
7f0fdf3cc000-7f0fdf3f1000 rw-p 00000000 00:00 0 
7f0fdf3f1000-7f0fdf3f2000 ---p 00000000 00:00 0 
7f0fdf3f2000-7f0fdf4f2000 rw-p 00000000 00:00 0 
7f0fdf4f2000-7f0fdf4f5000 ---p 00000000 00:00 0 
7f0fdf4f5000-7f0fdf5f3000 rw-p 00000000 00:00 0 
7f0fdf5f3000-7f0fdf5f6000 ---p 00000000 00:00 0 
7f0fdf5f6000-7f0fdf6f4000 rw-p 00000000 00:00 0 
7f0fdf6f4000-7f0fdf6f7000 ---p 00000000 00:00 0 
7f0fdf6f7000-7f0fdf7f5000 rw-p 00000000 00:00 0 
7f0fdf7f5000-7f0fdf7f8000 ---p 00000000 00:00 0 
7f0fdf7f8000-7f0fdf8f6000 rw-p 00000000 00:00 0 
7f0fdf8f6000-7f0fdf8f9000 ---p 00000000 00:00 0 
7f0fdf8f9000-7f0fdf9f7000 rw-p 00000000 00:00 0 
7f0fdf9f7000-7f0fdf9fa000 ---p 00000000 00:00 0 
7f0fdf9fa000-7f0fdfaf8000 rw-p 00000000 00:00 0 
7f0fdfaf8000-7f0fdfafc000 r-xp 00000000 08:03 18618885                   /usr/lib/jvm/java-6-openjdk-amd64/jre/lib/amd64/libdt_socket.so
7f0fdfafc000-7f0fdfcfb000 ---p 00004000 08:03 18618885                   /usr/lib/jvm/java-6-openjdk-amd64/jre/lib/amd64/libdt_socket.so
7f0fdfcfb000-7f0fdfcfc000 r--p 00003000 08:03 18618885                   /usr/lib/jvm/java-6-openjdk-amd64/jre/lib/amd64/libdt_socket.so
7f0fdfcfc000-7f0fdfcfd000 rw-p 00004000 08:03 18618885                   /usr/lib/jvm/java-6-openjdk-amd64/jre/lib/amd64/libdt_socket.so
7f0fdfcfd000-7f0fdfd00000 ---p 00000000 00:00 0 
7f0fdfd00000-7f0fdfdfe000 rw-p 00000000 00:00 0 
7f0fdfdfe000-7f0fdfe01000 ---p 00000000 00:00 0 
7f0fdfe01000-7f0fdfeff000 rw-p 00000000 00:00 0 
7f0fdfeff000-7f0fdff02000 ---p 00000000 00:00 0 
7f0fdff02000-7f0fe0000000 rw-p 00000000 00:00 0 
7f0fe0000000-7f0fe0021000 rw-p 00000000 00:00 0 
7f0fe0021000-7f0fe4000000 ---p 00000000 00:00 0 
7f0fe4000000-7f0fe4001000 r--s 00001000 08:03 15598500                   /home/arwilczek90/workspace/Elements/lib/slick/lib/jogg-0.0.7.jar
7f0fe4001000-7f0fe4005000 r--s 00000000 08:03 19927452                   /var/cache/fontconfig/7ef2298fde41cc6eeb7af42e48b7d293-le64.cache-3
7f0fe4005000-7f0fe4006000 r--s 00000000 08:03 19927127                   /var/cache/fontconfig/c05880de57d1f5e948fdfacc138775d9-le64.cache-3
7f0fe4006000-7f0fe400f000 r--s 00000000 08:03 19927122                   /var/cache/fontconfig/945677eb7aeaf62f1d50efc3fb3ec7d8-le64.cache-3
7f0fe400f000-7f0fe4011000 r--s 00000000 08:03 19927123                   /var/cache/fontconfig/99e8ed0e538f840c565b6ed5dad60d56-le64.cache-3
7f0fe4011000-7f0fe4015000 r--s 00000000 08:03 19927109                   /var/cache/fontconfig/2cd17615ca594fa2959ae173292e504c-le64.cache-3
7f0fe4015000-7f0fe4016000 r--s 00000000 08:03 19927134                   /var/cache/fontconfig/e7071f4a29fa870f4323321c154eba04-le64.cache-3
7f0fe4016000-7f0fe4017000 r--s 00000000 08:03 19927107                   /var/cache/fontconfig/0d8c3b2ac0904cb8a57a757ad11a4a08-le64.cache-3
7f0fe4017000-7f0fe401d000 r--s 00000000 08:03 19927124                   /var/cache/fontconfig/a755afe4a08bf5b97852ceb7400b47bc-le64.cache-3
7f0fe401d000-7f0fe4026000 r--s 00000000 08:03 19927460                   /var/cache/fontconfig/6d41288fd70b0be22e8c3a91e032eec0-le64.cache-3
7f0fe4026000-7f0fe4036000 r--s 00000000 08:03 19927106                   /var/cache/fontconfig/04aabc0a78ac019cf9454389977116d2-le64.cache-3
7f0fe4036000-7f0fe4039000 r--s 00000000 08:03 19927112                   /var/cache/fontconfig/385c0604a188198f04d133e54aba7fe7-le64.cache-3
7f0fe4039000-7f0fe403a000 r--s 00000000 08:03 19927113                   /var/cache/fontconfig/4794a0821666d79190d59a36cb4f44b5-le64.cache-3
7f0fe403a000-7f0fe403d000 r--s 00000000 08:03 19927121                   /var/cache/fontconfig/8801497958630a81b71ace7c5f9b32a8-le64.cache-3
7f0fe403d000-7f0fe406b000 r--s 00000000 08:03 19927454                   /var/cache/fontconfig/365b55f210c0a22e9a19e35191240f32-le64.cache-3
7f0fe406b000-7f0fe406c000 ---p 00000000 00:00 0 
7f0fe406c000-7f0fe4671000 rw-p 00000000 00:00 0 
7f0fe4671000-7f0fe4803000 r--s 037bf000 08:03 18618843                   /usr/lib/jvm/java-6-openjdk-amd64/jre/lib/rt.jar
7f0fe4803000-7f0fe4804000 ---p 00000000 00:00 0 
7f0fe4804000-7f0fe4904000 rw-p 00000000 00:00 0 
7f0fe4904000-7f0fe4905000 ---p 00000000 00:00 0 
7f0fe4905000-7f0fe4a05000 rw-p 00000000 00:00 0 
7f0fe4a05000-7f0fe4a06000 ---p 00000000 00:00 0 
7f0fe4a06000-7f0fe4b06000 rw-p 00000000 00:00 0 
7f0fe4b06000-7f0fe4b07000 ---p 00000000 00:00 0 
7f0fe4b07000-7f0fe4c12000 rw-p 00000000 00:00 0 
7f0fe4c12000-7f0fe4c5a000 rw-p 00000000 00:00 0 
7f0fe4c5a000-7f0fe4c81000 rw-p 00000000 00:00 0 
7f0fe4c81000-7f0fe4ec8000 rw-p 00000000 00:00 0 
7f0fe4ec8000-7f0fe4edc000 rw-p 00000000 00:00 0 
7f0fe4edc000-7f0fe4fff000 rw-p 00000000 00:00 0 
7f0fe4fff000-7f0fe5000000 rw-p 00000000 00:00 0 
7f0fe5000000-7f0fe5270000 rwxp 00000000 00:00 0 
7f0fe5270000-7f0fe8d72000 rw-p 00000000 00:00 0 
7f0fe8d72000-7f0fec000000 ---p 00000000 00:00 0 
7f0fec000000-7f0fec001000 r--s 00001000 08:03 15598499                   /home/arwilczek90/workspace/Elements/lib/slick/lib/jnlp.jar
7f0fec001000-7f0fec011000 r--s 00000000 08:03 19927130                   /var/cache/fontconfig/d52a8644073d54c13679302ca1180695-le64.cache-3
7f0fec011000-7f0fec077000 rw-p 00000000 00:00 0 
7f0fec077000-7f0fec0bf000 rw-p 00000000 00:00 0 
7f0fec0bf000-7f0fec0e6000 rw-p 00000000 00:00 0 
7f0fec0e6000-7f0fec32d000 rw-p 00000000 00:00 0 
7f0fec32d000-7f0fec334000 r-xp 00000000 08:03 18618888                   /usr/lib/jvm/java-6-openjdk-amd64/jre/lib/amd64/libzip.so
7f0fec334000-7f0fec533000 ---p 00007000 08:03 18618888                   /usr/lib/jvm/java-6-openjdk-amd64/jre/lib/amd64/libzip.so
7f0fec533000-7f0fec534000 r--p 00006000 08:03 18618888                   /usr/lib/jvm/java-6-openjdk-amd64/jre/lib/amd64/libzip.so
7f0fec534000-7f0fec535000 rw-p 00007000 08:03 18618888                   /usr/lib/jvm/java-6-openjdk-amd64/jre/lib/amd64/libzip.so
7f0fec535000-7f0fec541000 r-xp 00000000 08:03 21758081                   /lib/x86_64-linux-gnu/libnss_files-2.15.so
7f0fec541000-7f0fec740000 ---p 0000c000 08:03 21758081                   /lib/x86_64-linux-gnu/libnss_files-2.15.so
7f0fec740000-7f0fec741000 r--p 0000b000 08:03 21758081                   /lib/x86_64-linux-gnu/libnss_files-2.15.so
7f0fec741000-7f0fec742000 rw-p 0000c000 08:03 21758081                   /lib/x86_64-linux-gnu/libnss_files-2.15.so
7f0fec742000-7f0fec74c000 r-xp 00000000 08:03 21758077                   /lib/x86_64-linux-gnu/libnss_nis-2.15.so
7f0fec74c000-7f0fec94c000 ---p 0000a000 08:03 21758077                   /lib/x86_64-linux-gnu/libnss_nis-2.15.so
7f0fec94c000-7f0fec94d000 r--p 0000a000 08:03 21758077                   /lib/x86_64-linux-gnu/libnss_nis-2.15.so
7f0fec94d000-7f0fec94e000 rw-p 0000b000 08:03 21758077                   /lib/x86_64-linux-gnu/libnss_nis-2.15.so
7f0fec94e000-7f0fec965000 r-xp 00000000 08:03 21761730                   /lib/x86_64-linux-gnu/libnsl-2.15.so
7f0fec965000-7f0fecb64000 ---p 00017000 08:03 21761730                   /lib/x86_64-linux-gnu/libnsl-2.15.so
7f0fecb64000-7f0fecb65000 r--p 00016000 08:03 21761730                   /lib/x86_64-linux-gnu/libnsl-2.15.so
7f0fecb65000-7f0fecb66000 rw-p 00017000 08:03 21761730                   /lib/x86_64-linux-gnu/libnsl-2.15.so
7f0fecb66000-7f0fecb68000 rw-p 00000000 00:00 0 
7f0fecb68000-7f0fecb70000 r-xp 00000000 08:03 21758082                   /lib/x86_64-linux-gnu/libnss_compat-2.15.so
7f0fecb70000-7f0fecd6f000 ---p 00008000 08:03 21758082                   /lib/x86_64-linux-gnu/libnss_compat-2.15.so
7f0fecd6f000-7f0fecd70000 r--p 00007000 08:03 21758082                   /lib/x86_64-linux-gnu/libnss_compat-2.15.so
7f0fecd70000-7f0fecd71000 rw-p 00008000 08:03 21758082                   /lib/x86_64-linux-gnu/libnss_compat-2.15.so
7f0fecd71000-7f0fed454000 r--p 00000000 08:03 18487587                   /usr/lib/locale/locale-archive
7f0fed454000-7f0fed457000 r-xp 00000000 08:03 18618853                   /usr/lib/jvm/java-6-openjdk-amd64/jre/lib/amd64/libnpt.so
7f0fed457000-7f0fed656000 ---p 00003000 08:03 18618853                   /usr/lib/jvm/java-6-openjdk-amd64/jre/lib/amd64/libnpt.so
7f0fed656000-7f0fed657000 r--p 00002000 08:03 18618853                   /usr/lib/jvm/java-6-openjdk-amd64/jre/lib/amd64/libnpt.so
7f0fed657000-7f0fed658000 rw-p 00003000 08:03 18618853                   /usr/lib/jvm/java-6-openjdk-amd64/jre/lib/amd64/libnpt.so
7f0fed658000-7f0fed692000 r-xp 00000000 08:03 18618861                   /usr/lib/jvm/java-6-openjdk-amd64/jre/lib/amd64/libjdwp.so
7f0fed692000-7f0fed891000 ---p 0003a000 08:03 18618861                   /usr/lib/jvm/java-6-openjdk-amd64/jre/lib/amd64/libjdwp.so
7f0fed891000-7f0fed892000 r--p 00039000 08:03 18618861                   /usr/lib/jvm/java-6-openjdk-amd64/jre/lib/amd64/libjdwp.so
7f0fed892000-7f0fed893000 rw-p 0003a000 08:03 18618861                   /usr/lib/jvm/java-6-openjdk-amd64/jre/lib/amd64/libjdwp.so
7f0fed893000-7f0fed8bf000 r-xp 00000000 08:03 18618873                   /usr/lib/jvm/java-6-openjdk-amd64/jre/lib/amd64/libjava.so
7f0fed8bf000-7f0fedabe000 ---p 0002c000 08:03 18618873                   /usr/lib/jvm/java-6-openjdk-amd64/jre/lib/amd64/libjava.so
7f0fedabe000-7f0fedabf000 r--p 0002b000 08:03 18618873                   /usr/lib/jvm/java-6-openjdk-amd64/jre/lib/amd64/libjava.so
7f0fedabf000-7f0fedac2000 rw-p 0002c000 08:03 18618873                   /usr/lib/jvm/java-6-openjdk-amd64/jre/lib/amd64/libjava.so
7f0fedac2000-7f0fedad0000 r-xp 00000000 08:03 18618872                   /usr/lib/jvm/java-6-openjdk-amd64/jre/lib/amd64/libverify.so
7f0fedad0000-7f0fedccf000 ---p 0000e000 08:03 18618872                   /usr/lib/jvm/java-6-openjdk-amd64/jre/lib/amd64/libverify.so
7f0fedccf000-7f0fedcd1000 r--p 0000d000 08:03 18618872                   /usr/lib/jvm/java-6-openjdk-amd64/jre/lib/amd64/libverify.so
7f0fedcd1000-7f0fedcd2000 rw-p 0000f000 08:03 18618872                   /usr/lib/jvm/java-6-openjdk-amd64/jre/lib/amd64/libverify.so
7f0fedcd2000-7f0fedcd9000 r-xp 00000000 08:03 21758075                   /lib/x86_64-linux-gnu/librt-2.15.so
7f0fedcd9000-7f0feded8000 ---p 00007000 08:03 21758075                   /lib/x86_64-linux-gnu/librt-2.15.so
7f0feded8000-7f0feded9000 r--p 00006000 08:03 21758075                   /lib/x86_64-linux-gnu/librt-2.15.so
7f0feded9000-7f0fededa000 rw-p 00007000 08:03 21758075                   /lib/x86_64-linux-gnu/librt-2.15.so
7f0fededa000-7f0fedeef000 r-xp 00000000 08:03 21761542                   /lib/x86_64-linux-gnu/libgcc_s.so.1
7f0fedeef000-7f0fee0ee000 ---p 00015000 08:03 21761542                   /lib/x86_64-linux-gnu/libgcc_s.so.1
7f0fee0ee000-7f0fee0ef000 r--p 00014000 08:03 21761542                   /lib/x86_64-linux-gnu/libgcc_s.so.1
7f0fee0ef000-7f0fee0f0000 rw-p 00015000 08:03 21761542                   /lib/x86_64-linux-gnu/libgcc_s.so.1
7f0fee0f0000-7f0fee1e9000 r-xp 00000000 08:03 21758079                   /lib/x86_64-linux-gnu/libm-2.15.so
7f0fee1e9000-7f0fee3e8000 ---p 000f9000 08:03 21758079                   /lib/x86_64-linux-gnu/libm-2.15.so
7f0fee3e8000-7f0fee3e9000 r--p 000f8000 08:03 21758079                   /lib/x86_64-linux-gnu/libm-2.15.so
7f0fee3e9000-7f0fee3ea000 rw-p 000f9000 08:03 21758079                   /lib/x86_64-linux-gnu/libm-2.15.so
7f0fee3ea000-7f0fee4cc000 r-xp 00000000 08:03 18488773                   /usr/lib/x86_64-linux-gnu/libstdc++.so.6.0.16
7f0fee4cc000-7f0fee6cb000 ---p 000e2000 08:03 18488773                   /usr/lib/x86_64-linux-gnu/libstdc++.so.6.0.16
7f0fee6cb000-7f0fee6d3000 r--p 000e1000 08:03 18488773                   /usr/lib/x86_64-linux-gnu/libstdc++.so.6.0.16
7f0fee6d3000-7f0fee6d5000 rw-p 000e9000 08:03 18488773                   /usr/lib/x86_64-linux-gnu/libstdc++.so.6.0.16
7f0fee6d5000-7f0fee6ea000 rw-p 00000000 00:00 0 
7f0fee6ea000-7f0feefee000 r-xp 00000000 08:03 18618878                   /usr/lib/jvm/java-6-openjdk-amd64/jre/lib/amd64/server/libjvm.so
7f0feefee000-7f0fef1ee000 ---p 00904000 08:03 18618878                   /usr/lib/jvm/java-6-openjdk-amd64/jre/lib/amd64/server/libjvm.so
7f0fef1ee000-7f0fef26e000 r--p 00904000 08:03 18618878                   /usr/lib/jvm/java-6-openjdk-amd64/jre/lib/amd64/server/libjvm.so
7f0fef26e000-7f0fef289000 rw-p 00984000 08:03 18618878                   /usr/lib/jvm/java-6-openjdk-amd64/jre/lib/amd64/server/libjvm.so
7f0fef289000-7f0fef2b2000 rw-p 00000000 00:00 0 
7f0fef2b2000-7f0fef2c8000 r-xp 00000000 08:03 21761632                   /lib/x86_64-linux-gnu/libz.so.1.2.3.4
7f0fef2c8000-7f0fef4c7000 ---p 00016000 08:03 21761632                   /lib/x86_64-linux-gnu/libz.so.1.2.3.4
7f0fef4c7000-7f0fef4c8000 r--p 00015000 08:03 21761632                   /lib/x86_64-linux-gnu/libz.so.1.2.3.4
7f0fef4c8000-7f0fef4c9000 rw-p 00016000 08:03 21761632                   /lib/x86_64-linux-gnu/libz.so.1.2.3.4
7f0fef4c9000-7f0fef67e000 r-xp 00000000 08:03 21757975                   /lib/x86_64-linux-gnu/libc-2.15.so
7f0fef67e000-7f0fef87d000 ---p 001b5000 08:03 21757975                   /lib/x86_64-linux-gnu/libc-2.15.so
7f0fef87d000-7f0fef881000 r--p 001b4000 08:03 21757975                   /lib/x86_64-linux-gnu/libc-2.15.so
7f0fef881000-7f0fef883000 rw-p 001b8000 08:03 21757975                   /lib/x86_64-linux-gnu/libc-2.15.so
7f0fef883000-7f0fef888000 rw-p 00000000 00:00 0 
7f0fef888000-7f0fef88a000 r-xp 00000000 08:03 21757964                   /lib/x86_64-linux-gnu/libdl-2.15.so
7f0fef88a000-7f0fefa8a000 ---p 00002000 08:03 21757964                   /lib/x86_64-linux-gnu/libdl-2.15.so
7f0fefa8a000-7f0fefa8b000 r--p 00002000 08:03 21757964                   /lib/x86_64-linux-gnu/libdl-2.15.so
7f0fefa8b000-7f0fefa8c000 rw-p 00003000 08:03 21757964                   /lib/x86_64-linux-gnu/libdl-2.15.so
7f0fefa8c000-7f0fefa90000 r-xp 00000000 08:03 18618855                   /usr/lib/jvm/java-6-openjdk-amd64/jre/lib/amd64/jli/libjli.so
7f0fefa90000-7f0fefc8f000 ---p 00004000 08:03 18618855                   /usr/lib/jvm/java-6-openjdk-amd64/jre/lib/amd64/jli/libjli.so
7f0fefc8f000-7f0fefc90000 r--p 00003000 08:03 18618855                   /usr/lib/jvm/java-6-openjdk-amd64/jre/lib/amd64/jli/libjli.so
7f0fefc90000-7f0fefc91000 rw-p 00004000 08:03 18618855                   /usr/lib/jvm/java-6-openjdk-amd64/jre/lib/amd64/jli/libjli.so
7f0fefc91000-7f0fefca9000 r-xp 00000000 08:03 21758073                   /lib/x86_64-linux-gnu/libpthread-2.15.so
7f0fefca9000-7f0fefea8000 ---p 00018000 08:03 21758073                   /lib/x86_64-linux-gnu/libpthread-2.15.so
7f0fefea8000-7f0fefea9000 r--p 00017000 08:03 21758073                   /lib/x86_64-linux-gnu/libpthread-2.15.so
7f0fefea9000-7f0fefeaa000 rw-p 00018000 08:03 21758073                   /lib/x86_64-linux-gnu/libpthread-2.15.so
7f0fefeaa000-7f0fefeae000 rw-p 00000000 00:00 0 
7f0fefeae000-7f0fefed0000 r-xp 00000000 08:03 21758085                   /lib/x86_64-linux-gnu/ld-2.15.so
7f0fefed0000-7f0fefed1000 r--s 00007000 08:03 15597697                   /home/arwilczek90/workspace/Elements/lib/slick/applet/lwjgl_util_applet.jar
7f0fefed1000-7f0fefed2000 rw-s 00005000 00:05 10225                      /dev/ati/card0
7f0fefed2000-7f0fefed7000 r--s 00000000 08:03 19927110                   /var/cache/fontconfig/3047814df9a2f067bd2d96a2b9c36e5a-le64.cache-3
7f0fefed7000-7f0fefed8000 r--s 00000000 08:03 19927115                   /var/cache/fontconfig/56cf4f4769d0f4abc89a4895d7bd3ae1-le64.cache-3
7f0fefed8000-7f0fefedd000 r--s 00000000 08:03 19927125                   /var/cache/fontconfig/b47c4e1ecd0709278f4910c18777a504-le64.cache-3
7f0fefedd000-7f0fefee0000 r--s 00000000 08:03 19927196                   /var/cache/fontconfig/e13b20fdb08344e0e664864cc2ede53d-le64.cache-3
7f0fefee0000-7f0fefee4000 r--s 00000000 08:03 19927452                   /var/cache/fontconfig/7ef2298fde41cc6eeb7af42e48b7d293-le64.cache-3
7f0fefee4000-7f0fefee7000 r--s 0007d000 08:03 18618443                   /usr/lib/jvm/java-6-openjdk-common/jre/lib/jsse.jar
7f0fefee7000-7f0fefeee000 r--s 00073000 08:03 15597691                   /home/arwilczek90/workspace/Elements/lib/lwjgl.jar
7f0fefeee000-7f0fefef8000 rw-p 00000000 00:00 0 
7f0fefef8000-7f0feffae000 rw-p 00000000 00:00 0 
7f0feffae000-7f0feffb1000 ---p 00000000 00:00 0 
7f0feffb1000-7f0ff00b4000 rw-p 00000000 00:00 0 
7f0ff00b4000-7f0ff00b5000 r--s 00000000 08:03 19927126                   /var/cache/fontconfig/b9d506c9ac06c20b433354fa67a72993-le64.cache-3
7f0ff00b5000-7f0ff00b7000 r--s 0000f000 08:03 18618803                   /usr/lib/jvm/java-6-openjdk-common/jre/lib/ext/pulse-java.jar
7f0ff00b7000-7f0ff00ba000 r--s 00077000 08:03 18618797                   /usr/lib/jvm/java-6-openjdk-common/jre/lib/ext/localedata.jar
7f0ff00ba000-7f0ff00bb000 r--s 00007000 08:03 18748229                   /usr/share/java/java-atk-wrapper.jar
7f0ff00bb000-7f0ff00bd000 r--s 00001000 08:03 18618801                   /usr/lib/jvm/java-6-openjdk-common/jre/lib/ext/dnsns.jar
7f0ff00bd000-7f0ff00c1000 r--s 00038000 08:03 18618795                   /usr/lib/jvm/java-6-openjdk-common/jre/lib/ext/sunpkcs11.jar
7f0ff00c1000-7f0ff00c4000 r--s 00031000 08:03 18618799                   /usr/lib/jvm/java-6-openjdk-common/jre/lib/ext/sunjce_provider.jar
7f0ff00c4000-7f0ff00cc000 rw-s 00000000 08:03 8126514                    /tmp/hsperfdata_arwilczek90/16256 (deleted)
7f0ff00cc000-7f0ff00cd000 rw-p 00000000 00:00 0 
7f0ff00cd000-7f0ff00ce000 ---p 00000000 00:00 0 
7f0ff00ce000-7f0ff00d0000 rw-p 00000000 00:00 0 
7f0ff00d0000-7f0ff00d1000 r--p 00022000 08:03 21758085                   /lib/x86_64-linux-gnu/ld-2.15.so
7f0ff00d1000-7f0ff00d3000 rw-p 00023000 08:03 21758085                   /lib/x86_64-linux-gnu/ld-2.15.so
7fff19278000-7fff19299000 rw-p 00000000 00:00 0                          [stack]
7fff193a9000-7fff193aa000 r-xp 00000000 00:00 0                          [vdso]
ffffffffff600000-ffffffffff601000 r-xp 00000000 00:00 0                  [vsyscall]

VM Arguments:
jvm_args: -agentlib:jdwp=transport=dt_socket,suspend=y,address=localhost:38423 -Djava.library.path=/home/arwilczek90/workspace/Elements/lib/slick:/home/arwilczek90/workspace/Elements/lib/slick -Dfile.encoding=UTF-8 
java_command: com.hack.elements.view.Main
Launcher Type: SUN_STANDARD

Environment Variables:
PATH=/usr/lib/lightdm/lightdm:/usr/local/sbin:/usr/local/bin:/usr/sbin:/usr/bin:/sbin:/bin:/usr/games
LD_LIBRARY_PATH=/usr/lib/jvm/java-6-openjdk-amd64/jre/lib/amd64/server:/usr/lib/jvm/java-6-openjdk-amd64/jre/lib/amd64:/usr/lib/jvm/java-6-openjdk-amd64/jre/../lib/amd64
SHELL=/bin/bash
DISPLAY=:0.0

Signal Handlers:
SIGSEGV: [libjvm.so+0x784310], sa_mask[0]=0x7ffbfeff, sa_flags=0x10000004
SIGBUS: [libjvm.so+0x784310], sa_mask[0]=0x7ffbfeff, sa_flags=0x10000004
SIGFPE: [libjvm.so+0x648580], sa_mask[0]=0x7ffbfeff, sa_flags=0x10000004
SIGPIPE: [libjvm.so+0x648580], sa_mask[0]=0x7ffbfeff, sa_flags=0x10000004
SIGXFSZ: [libjvm.so+0x648580], sa_mask[0]=0x7ffbfeff, sa_flags=0x10000004
SIGILL: [libjvm.so+0x648580], sa_mask[0]=0x7ffbfeff, sa_flags=0x10000004
SIGUSR1: SIG_DFL, sa_mask[0]=0x00000000, sa_flags=0x00000000
SIGUSR2: [libjvm.so+0x648730], sa_mask[0]=0x00000004, sa_flags=0x10000004
SIGHUP: [libjvm.so+0x64b250], sa_mask[0]=0x7ffbfeff, sa_flags=0x10000004
SIGINT: [libjvm.so+0x64b250], sa_mask[0]=0x7ffbfeff, sa_flags=0x10000004
SIGTERM: [libjvm.so+0x64b250], sa_mask[0]=0x7ffbfeff, sa_flags=0x10000004
SIGQUIT: [libjvm.so+0x64b250], sa_mask[0]=0x7ffbfeff, sa_flags=0x10000004


---------------  S Y S T E M  ---------------

OS:Ubuntu 12.04 (precise)
uname:Linux 3.2.0-32-generic #51-Ubuntu SMP Wed Sep 26 21:33:09 UTC 2012 x86_64
libc:glibc 2.15 NPTL 2.15 
rlimit: STACK 8192k, CORE 0k, NPROC 59545, NOFILE 4096, AS infinity
load average:0.53 0.59 0.75

/proc/meminfo:
MemTotal:        7639648 kB
MemFree:         4079420 kB
Buffers:          123388 kB
Cached:          1217612 kB
SwapCached:            0 kB
Active:          2339172 kB
Inactive:         744560 kB
Active(anon):    1743196 kB
Inactive(anon):    15400 kB
Active(file):     595976 kB
Inactive(file):   729160 kB
Unevictable:          20 kB
Mlocked:              20 kB
SwapTotal:       3818492 kB
SwapFree:        3818492 kB
Dirty:                56 kB
Writeback:             0 kB
AnonPages:       1742768 kB
Mapped:           302884 kB
Shmem:             15868 kB
Slab:             106248 kB
SReclaimable:      75560 kB
SUnreclaim:        30688 kB
KernelStack:        4128 kB
PageTables:        34112 kB
NFS_Unstable:          0 kB
Bounce:                0 kB
WritebackTmp:          0 kB
CommitLimit:     7638316 kB
Committed_AS:    4178616 kB
VmallocTotal:   34359738367 kB
VmallocUsed:      116912 kB
VmallocChunk:   34359619344 kB
HardwareCorrupted:     0 kB
AnonHugePages:         0 kB
HugePages_Total:       0
HugePages_Free:        0
HugePages_Rsvd:        0
HugePages_Surp:        0
Hugepagesize:       2048 kB
DirectMap4k:      329728 kB
DirectMap2M:     5416960 kB
DirectMap1G:     2097152 kB


CPU:total 4 (4 cores per cpu, 1 threads per core) family 18 model 1 stepping 0, cmov, cx8, fxsr, mmx, sse, sse2, sse3, popcnt, mmxext, 3dnowpref, lzcnt, sse4a

Memory: 4k page, physical 7639648k(4079420k free), swap 3818492k(3818492k free)

vm_info: OpenJDK 64-Bit Server VM (20.0-b12) for linux-amd64 JRE (1.6.0_24-b24), built on Sep  2 2012 19:50:47 by "buildd" with gcc 4.6.3

time: Sat Oct 13 21:16:06 2012
elapsed time: 158 seconds

