#
# A fatal error has been detected by the Java Runtime Environment:
#
#  SIGSEGV (0xb) at pc=0x00007fded3cffc58, pid=17909, tid=140595225351936
#
# JRE version: 6.0_24-b24
# Java VM: OpenJDK 64-Bit Server VM (20.0-b12 mixed mode linux-amd64 compressed oops)
# Derivative: IcedTea6 1.11.4
# Distribution: Ubuntu 12.04 LTS, package 6b24-1.11.4-1ubuntu0.12.04.1
# Problematic frame:
# C  [libX11.so.6+0x33c58]  XQueryExtension+0x28
#
# If you would like to submit a bug report, please include
# instructions how to reproduce the bug and visit:
#   https://bugs.launchpad.net/ubuntu/+source/openjdk-6/
#

---------------  T H R E A D  ---------------

Current thread (0x00007fdedc070000):  VMThread [stack: 0x00007fdee066d000,0x00007fdee076e000] [id=17919]

siginfo:si_signo=SIGSEGV: si_errno=0, si_code=1 (SEGV_MAPERR), si_addr=0xffffffffdc26a9d8

Registers:
RAX=0x00007fdec00008c0, RBX=0xffffffffdc26a070, RCX=0x00007fdee076c958, RDX=0x00007fdee076c954
RSP=0x00007fdee076c8f0, RBP=0x00007fded1cd7932, RSI=0x00007fded1cd7932, RDI=0xffffffffdc26a070
R8 =0x00007fdee076c95c, R9 =0x0000000000000000, R10=0x00007fdee4353fa8, R11=0x00007fdee3fd3ca0
R12=0x0000000000000000, R13=0x00007fded1cd7932, R14=0x00007fdec00008c0, R15=0x0000000000000000
RIP=0x00007fded3cffc58, EFLAGS=0x0000000000010206, CSGSFS=0x0000000000000033, ERR=0x0000000000000005
  TRAPNO=0x000000000000000e

Top of Stack: (sp=0x00007fdee076c8f0)
0x00007fdee076c8f0:   00007fdee3fa6790 00007fdee4b829e8
0x00007fdee076c900:   00007fded90a05e0 00007fded90a05f8
0x00007fdee076c910:   00000000ffffffff ffffffffdc26a070
0x00007fdee076c920:   00007fded1cd7932 0000000000000000
0x00007fdee076c930:   00007fded1cd7932 00007fdec00008c0
0x00007fdee076c940:   0000000000000000 00007fded3cf3c55
0x00007fdee076c950:   00007fdee4ba0048 00007fded1e10520
0x00007fdee076c960:   00007fded1e10520 ffffffffdc26a070
0x00007fdee076c970:   00007fdedc1a3de0 00007fded80ec02b
0x00007fdee076c980:   00007fdee3fa6790 000000110000002c
0x00007fdee076c990:   00007fdee076ca10 0000000000000000
0x00007fdee076c9a0:   00007fdee076ca10 ffffffffdc26a070
0x00007fdee076c9b0:   0000000000000000 00007fdee4ba0048
0x00007fdee076c9c0:   00007fded1e29d50 00007fded1c7e119
0x00007fdee076c9d0:   0000000000000000 000000000000002c
0x00007fdee076c9e0:   00007fdee076ca10 00007fdee076ca30
0x00007fdee076c9f0:   0000000000000000 00007fdee4ba0048
0x00007fdee076ca00:   00007fdedc269bd0 00007fded1c74b42
0x00007fdee076ca10:   00007fdee076cc00 00007fded1cd78b1
0x00007fdee076ca20:   00007fdee076cc00 00007fdee498c92d
0x00007fdee076ca30:   00007fdee4ba12c8 00007fdee4ba1858
0x00007fdee076ca40:   00007fdee4b82000 00007fdedc006a00
0x00007fdee076ca50:   00007fdedc007510 00007fdedc006eb0
0x00007fdee076ca60:   00007fdedc007a10 00007fdedc00c6f0
0x00007fdee076ca70:   00007fdedc147c70 00007fdedc148150
0x00007fdee076ca80:   00007fdee4b81000 00007fdedc2665d0
0x00007fdee076ca90:   00007fdedc25eee0 00007fdedc25f380
0x00007fdee076caa0:   00007fdedc266aa0 00007fdedc266f40
0x00007fdee076cab0:   00007fdedc2673e0 00007fdedc0f3210
0x00007fdee076cac0:   00007fdedc0f2980 00007fdedc0025e0
0x00007fdee076cad0:   00007fdedc001ec0 00000000025d25f0
0x00007fdee076cae0:   00000000025d2b60 00000000025d3570 

Instructions: (pc=0x00007fded3cffc58)
0x00007fded3cffc38:   24 d8 48 89 fb 4c 89 64 24 e0 4c 89 6c 24 e8 48
0x00007fded3cffc48:   89 f5 4c 89 74 24 f0 4c 89 7c 24 f8 48 83 ec 58
0x00007fded3cffc58:   48 8b 87 68 09 00 00 49 89 d4 49 89 cd 4d 89 c6
0x00007fded3cffc68:   48 85 c0 74 02 ff 10 ba 08 00 00 00 be 62 00 00 

Register to memory mapping:

RAX=0x00007fdec00008c0 is an unknown value
RBX=0xffffffffdc26a070 is an unknown value
RCX=0x00007fdee076c958 is an unknown value
RDX=0x00007fdee076c954 is an unknown value
RSP=0x00007fdee076c8f0 is an unknown value
RBP=0x00007fded1cd7932: <offset 0x96932> in /usr/lib/fglrx/libGL.so.1 at 0x00007fded1c41000
RSI=0x00007fded1cd7932: <offset 0x96932> in /usr/lib/fglrx/libGL.so.1 at 0x00007fded1c41000
RDI=0xffffffffdc26a070 is an unknown value
R8 =0x00007fdee076c95c is an unknown value
R9 =0x0000000000000000 is an unknown value
R10=0x00007fdee4353fa8: <offset 0x3bbfa8> in /lib/x86_64-linux-gnu/libc.so.6 at 0x00007fdee3f98000
R11=0x00007fdee3fd3ca0: __cxa_finalize+0 in /lib/x86_64-linux-gnu/libc.so.6 at 0x00007fdee3f98000
R12=0x0000000000000000 is an unknown value
R13=0x00007fded1cd7932: <offset 0x96932> in /usr/lib/fglrx/libGL.so.1 at 0x00007fded1c41000
R14=0x00007fdec00008c0 is an unknown value
R15=0x0000000000000000 is an unknown value


Stack: [0x00007fdee066d000,0x00007fdee076e000],  sp=0x00007fdee076c8f0,  free space=1022k
Native frames: (J=compiled Java code, j=interpreted, Vv=VM code, C=native code)
C  [libX11.so.6+0x33c58]  XQueryExtension+0x28

VM_Operation (0x00007fded053d6e0): Exit, mode: safepoint, requested by thread 0x00007fdeac002000


---------------  P R O C E S S  ---------------

Java Threads: ( => current thread )
  0x00007fdeac002000 JavaThread "SIGTERM handler" daemon [_thread_blocked, id=19588, stack(0x00007fded043e000,0x00007fded053f000)]
  0x00007fdedcb32000 JavaThread "Thread-2" daemon [_thread_blocked, id=17930, stack(0x00007fded0f45000,0x00007fded1046000)]
  0x00007fdedc266000 JavaThread "AWT-XAWT" daemon [_thread_blocked, id=17929, stack(0x00007fded259c000,0x00007fded269d000)]
  0x00007fdedc157000 JavaThread "Java2D Disposer" daemon [_thread_blocked, id=17928, stack(0x00007fded2aad000,0x00007fded2bae000)]
  0x00007fdedc09e800 JavaThread "Low Memory Detector" daemon [_thread_blocked, id=17925, stack(0x00007fdee0067000,0x00007fdee0168000)]
  0x00007fdedc09c000 JavaThread "C2 CompilerThread1" daemon [_thread_blocked, id=17924, stack(0x00007fdee0168000,0x00007fdee0269000)]
  0x00007fdedc099800 JavaThread "C2 CompilerThread0" daemon [_thread_blocked, id=17923, stack(0x00007fdee0269000,0x00007fdee036a000)]
  0x00007fdedc098000 JavaThread "Signal Dispatcher" daemon [_thread_blocked, id=17922, stack(0x00007fdee036a000,0x00007fdee046b000)]
  0x00007fdedc079000 JavaThread "Finalizer" daemon [_thread_blocked, id=17921, stack(0x00007fdee046b000,0x00007fdee056c000)]
  0x00007fdedc077000 JavaThread "Reference Handler" daemon [_thread_blocked, id=17920, stack(0x00007fdee056c000,0x00007fdee066d000)]
  0x00007fdedc008800 JavaThread "main" [_thread_blocked, id=17914, stack(0x00007fdee4a7d000,0x00007fdee4b7e000)]

Other Threads:
=>0x00007fdedc070000 VMThread [stack: 0x00007fdee066d000,0x00007fdee076e000] [id=17919]

VM state:at safepoint (shutting down)

VM Mutex/Monitor currently owned by a thread:  ([mutex/lock_event])
[0x00007fdedc004dd0] Threads_lock - owner thread: 0x00007fdedc070000

Heap
 PSYoungGen      total 34880K, used 23462K [0x00000000d9200000, 0x00000000db8e0000, 0x0000000100000000)
  eden space 29952K, 78% used [0x00000000d9200000,0x00000000da8e9a18,0x00000000daf40000)
  from space 4928K, 0% used [0x00000000db410000,0x00000000db410000,0x00000000db8e0000)
  to   space 4928K, 0% used [0x00000000daf40000,0x00000000daf40000,0x00000000db410000)
 PSOldGen        total 79616K, used 0K [0x000000008b600000, 0x00000000903c0000, 0x00000000d9200000)
  object space 79616K, 0% used [0x000000008b600000,0x000000008b600000,0x00000000903c0000)
 PSPermGen       total 21248K, used 11351K [0x0000000081000000, 0x00000000824c0000, 0x000000008b600000)
  object space 21248K, 53% used [0x0000000081000000,0x0000000081b15c10,0x00000000824c0000)

Code Cache  [0x00007fded9000000, 0x00007fded9270000, 0x00007fdedc000000)
 total_blobs=707 nmethods=227 adapters=434 free_code_cache=49327936 largest_free_block=8064

Dynamic libraries:
00400000-00409000 r-xp 00000000 08:03 18618890                           /usr/lib/jvm/java-6-openjdk-amd64/jre/bin/java
00608000-00609000 r--p 00008000 08:03 18618890                           /usr/lib/jvm/java-6-openjdk-amd64/jre/bin/java
00609000-0060a000 rw-p 00009000 08:03 18618890                           /usr/lib/jvm/java-6-openjdk-amd64/jre/bin/java
025d2000-025f3000 rw-p 00000000 00:00 0                                  [heap]
81000000-824c0000 rw-p 00000000 00:00 0 
824c0000-8b600000 rw-p 00000000 00:00 0 
8b600000-903c0000 rw-p 00000000 00:00 0 
903c0000-d9200000 rw-p 00000000 00:00 0 
d9200000-db8e0000 rw-p 00000000 00:00 0 
db8e0000-100000000 rw-p 00000000 00:00 0 
7fde84000000-7fde84021000 rw-p 00000000 00:00 0 
7fde84021000-7fde88000000 ---p 00000000 00:00 0 
7fde88000000-7fde88021000 rw-p 00000000 00:00 0 
7fde88021000-7fde8c000000 ---p 00000000 00:00 0 
7fde8c000000-7fde8c021000 rw-p 00000000 00:00 0 
7fde8c021000-7fde90000000 ---p 00000000 00:00 0 
7fde90000000-7fde90021000 rw-p 00000000 00:00 0 
7fde90021000-7fde94000000 ---p 00000000 00:00 0 
7fde94000000-7fde94021000 rw-p 00000000 00:00 0 
7fde94021000-7fde98000000 ---p 00000000 00:00 0 
7fde98000000-7fde98021000 rw-p 00000000 00:00 0 
7fde98021000-7fde9c000000 ---p 00000000 00:00 0 
7fde9c000000-7fde9c021000 rw-p 00000000 00:00 0 
7fde9c021000-7fdea0000000 ---p 00000000 00:00 0 
7fdea0000000-7fdea0021000 rw-p 00000000 00:00 0 
7fdea0021000-7fdea4000000 ---p 00000000 00:00 0 
7fdea4000000-7fdea4c88000 rw-p 00000000 00:00 0 
7fdea4c88000-7fdea8000000 ---p 00000000 00:00 0 
7fdea8000000-7fdea8021000 rw-p 00000000 00:00 0 
7fdea8021000-7fdeac000000 ---p 00000000 00:00 0 
7fdeac000000-7fdeac021000 rw-p 00000000 00:00 0 
7fdeac021000-7fdeb0000000 ---p 00000000 00:00 0 
7fdeb0000000-7fdeb037e000 rw-p 00000000 00:00 0 
7fdeb037e000-7fdeb4000000 ---p 00000000 00:00 0 
7fdeb4000000-7fdeb4021000 rw-p 00000000 00:00 0 
7fdeb4021000-7fdeb8000000 ---p 00000000 00:00 0 
7fdeb8000000-7fdeb8021000 rw-p 00000000 00:00 0 
7fdeb8021000-7fdebc000000 ---p 00000000 00:00 0 
7fdebc000000-7fdebc021000 rw-p 00000000 00:00 0 
7fdebc021000-7fdec0000000 ---p 00000000 00:00 0 
7fdec0000000-7fdec0021000 rw-p 00000000 00:00 0 
7fdec0021000-7fdec4000000 ---p 00000000 00:00 0 
7fdec4000000-7fdec4021000 rw-p 00000000 00:00 0 
7fdec4021000-7fdec8000000 ---p 00000000 00:00 0 
7fdec9d32000-7fdecbc8c000 r-xp 00000000 08:03 19009510                   /usr/lib/fglrx/dri/fglrx_dri.so
7fdecbc8c000-7fdecbd8c000 ---p 01f5a000 08:03 19009510                   /usr/lib/fglrx/dri/fglrx_dri.so
7fdecbd8c000-7fdecbeda000 rwxp 01f5a000 08:03 19009510                   /usr/lib/fglrx/dri/fglrx_dri.so
7fdecbeda000-7fdecc000000 rwxp 00000000 00:00 0 
7fdecc000000-7fdecc021000 rw-p 00000000 00:00 0 
7fdecc021000-7fded0000000 ---p 00000000 00:00 0 
7fded013b000-7fded013e000 ---p 00000000 00:00 0 
7fded013e000-7fded023c000 rw-p 00000000 00:00 0 
7fded023c000-7fded023f000 ---p 00000000 00:00 0 
7fded023f000-7fded033d000 rw-p 00000000 00:00 0 
7fded033d000-7fded0340000 ---p 00000000 00:00 0 
7fded0340000-7fded043e000 rw-p 00000000 00:00 0 
7fded043e000-7fded0441000 ---p 00000000 00:00 0 
7fded0441000-7fded053f000 rw-p 00000000 00:00 0 
7fded053f000-7fded063f000 rw-s 3c113000 00:05 10225                      /dev/ati/card0
7fded063f000-7fded073f000 rw-s 3c112000 00:05 10225                      /dev/ati/card0
7fded073f000-7fded093f000 rw-s 3c10e000 00:05 10225                      /dev/ati/card0
7fded093f000-7fded0a3f000 rw-s 3c10c000 00:05 10225                      /dev/ati/card0
7fded0a40000-7fded0b40000 rw-s 3c111000 00:05 10225                      /dev/ati/card0
7fded0b40000-7fded0c40000 rw-s 3c110000 00:05 10225                      /dev/ati/card0
7fded0c40000-7fded0e42000 rw-p 00000000 00:00 0 
7fded0e42000-7fded0e45000 r-xp 00000000 08:03 15602613                   /home/arwilczek90/workspace/Elements/lib/slick/libjinput-linux64.so
7fded0e45000-7fded0f44000 ---p 00003000 08:03 15602613                   /home/arwilczek90/workspace/Elements/lib/slick/libjinput-linux64.so
7fded0f44000-7fded0f45000 rw-p 00002000 08:03 15602613                   /home/arwilczek90/workspace/Elements/lib/slick/libjinput-linux64.so
7fded0f45000-7fded0f48000 ---p 00000000 00:00 0 
7fded0f48000-7fded1046000 rw-p 00000000 00:00 0 
7fded1046000-7fded1086000 rw-s 0002a000 00:05 10225                      /dev/ati/card0
7fded1086000-7fded1786000 rw-s 00006000 00:05 10225                      /dev/ati/card0
7fded1786000-7fded1788000 r-xp 00000000 08:03 18488267                   /usr/lib/x86_64-linux-gnu/libXinerama.so.1.0.0
7fded1788000-7fded1987000 ---p 00002000 08:03 18488267                   /usr/lib/x86_64-linux-gnu/libXinerama.so.1.0.0
7fded1987000-7fded1988000 r--p 00001000 08:03 18488267                   /usr/lib/x86_64-linux-gnu/libXinerama.so.1.0.0
7fded1988000-7fded1989000 rw-p 00002000 08:03 18488267                   /usr/lib/x86_64-linux-gnu/libXinerama.so.1.0.0
7fded1989000-7fded19c4000 r-xp 00000000 08:03 19009508                   /usr/lib/fglrx/libatiadlxx.so
7fded19c4000-7fded1ac4000 ---p 0003b000 08:03 19009508                   /usr/lib/fglrx/libatiadlxx.so
7fded1ac4000-7fded1acd000 rw-p 0003b000 08:03 19009508                   /usr/lib/fglrx/libatiadlxx.so
7fded1acd000-7fded1ade000 rw-p 00000000 00:00 0 
7fded1af3000-7fded1af5000 r--s 00015000 08:03 15598514                   /home/arwilczek90/workspace/Elements/lib/slick/lib/tinylinepp.jar
7fded1af5000-7fded1af8000 r--s 00015000 08:03 15598512                   /home/arwilczek90/workspace/Elements/lib/slick/lib/slick-util.jar
7fded1af8000-7fded1b38000 rw-s f0300000 00:05 10225                      /dev/ati/card0
7fded1b38000-7fded1b3f000 r-xp 00000000 08:03 19009532                   /usr/lib/fglrx/libatiuki.so.1.0
7fded1b3f000-7fded1c3f000 ---p 00007000 08:03 19009532                   /usr/lib/fglrx/libatiuki.so.1.0
7fded1c3f000-7fded1c40000 rw-p 00007000 08:03 19009532                   /usr/lib/fglrx/libatiuki.so.1.0
7fded1c40000-7fded1c41000 rw-p 00000000 00:00 0 
7fded1c41000-7fded1d04000 r-xp 00000000 08:03 19009512                   /usr/lib/fglrx/libGL.so.1.2
7fded1d04000-7fded1e03000 ---p 000c3000 08:03 19009512                   /usr/lib/fglrx/libGL.so.1.2
7fded1e03000-7fded1e2a000 rwxp 000c2000 08:03 19009512                   /usr/lib/fglrx/libGL.so.1.2
7fded1e2a000-7fded1e4a000 rwxp 00000000 00:00 0 
7fded1e4a000-7fded1e4b000 r-xp 00000000 08:03 18618886                   /usr/lib/jvm/java-6-openjdk-amd64/jre/lib/amd64/libjawt.so
7fded1e4b000-7fded204a000 ---p 00001000 08:03 18618886                   /usr/lib/jvm/java-6-openjdk-amd64/jre/lib/amd64/libjawt.so
7fded204a000-7fded204b000 r--p 00000000 08:03 18618886                   /usr/lib/jvm/java-6-openjdk-amd64/jre/lib/amd64/libjawt.so
7fded204b000-7fded204c000 rw-p 00001000 08:03 18618886                   /usr/lib/jvm/java-6-openjdk-amd64/jre/lib/amd64/libjawt.so
7fded204c000-7fded2050000 r-xp 00000000 08:03 18488287                   /usr/lib/x86_64-linux-gnu/libXxf86vm.so.1.0.0
7fded2050000-7fded224f000 ---p 00004000 08:03 18488287                   /usr/lib/x86_64-linux-gnu/libXxf86vm.so.1.0.0
7fded224f000-7fded2250000 r--p 00003000 08:03 18488287                   /usr/lib/x86_64-linux-gnu/libXxf86vm.so.1.0.0
7fded2250000-7fded2251000 rw-p 00004000 08:03 18488287                   /usr/lib/x86_64-linux-gnu/libXxf86vm.so.1.0.0
7fded2251000-7fded2259000 r-xp 00000000 08:03 18488277                   /usr/lib/x86_64-linux-gnu/libXrandr.so.2.2.0
7fded2259000-7fded2458000 ---p 00008000 08:03 18488277                   /usr/lib/x86_64-linux-gnu/libXrandr.so.2.2.0
7fded2458000-7fded2459000 r--p 00007000 08:03 18488277                   /usr/lib/x86_64-linux-gnu/libXrandr.so.2.2.0
7fded2459000-7fded245a000 rw-p 00008000 08:03 18488277                   /usr/lib/x86_64-linux-gnu/libXrandr.so.2.2.0
7fded245a000-7fded249a000 r-xp 00000000 08:03 15602617                   /home/arwilczek90/workspace/Elements/lib/slick/liblwjgl64.so
7fded249a000-7fded259a000 ---p 00040000 08:03 15602617                   /home/arwilczek90/workspace/Elements/lib/slick/liblwjgl64.so
7fded259a000-7fded259c000 rw-p 00040000 08:03 15602617                   /home/arwilczek90/workspace/Elements/lib/slick/liblwjgl64.so
7fded259c000-7fded259f000 ---p 00000000 00:00 0 
7fded259f000-7fded269d000 rw-p 00000000 00:00 0 
7fded269d000-7fded26a2000 r-xp 00000000 08:03 18488261                   /usr/lib/x86_64-linux-gnu/libXfixes.so.3.1.0
7fded26a2000-7fded28a1000 ---p 00005000 08:03 18488261                   /usr/lib/x86_64-linux-gnu/libXfixes.so.3.1.0
7fded28a1000-7fded28a2000 r--p 00004000 08:03 18488261                   /usr/lib/x86_64-linux-gnu/libXfixes.so.3.1.0
7fded28a2000-7fded28a3000 rw-p 00005000 08:03 18488261                   /usr/lib/x86_64-linux-gnu/libXfixes.so.3.1.0
7fded28a3000-7fded28ac000 r-xp 00000000 08:03 18488253                   /usr/lib/x86_64-linux-gnu/libXcursor.so.1.0.2
7fded28ac000-7fded2aab000 ---p 00009000 08:03 18488253                   /usr/lib/x86_64-linux-gnu/libXcursor.so.1.0.2
7fded2aab000-7fded2aac000 r--p 00008000 08:03 18488253                   /usr/lib/x86_64-linux-gnu/libXcursor.so.1.0.2
7fded2aac000-7fded2aad000 rw-p 00009000 08:03 18488253                   /usr/lib/x86_64-linux-gnu/libXcursor.so.1.0.2
7fded2aad000-7fded2ab0000 ---p 00000000 00:00 0 
7fded2ab0000-7fded2bae000 rw-p 00000000 00:00 0 
7fded2bae000-7fded2c44000 r-xp 00000000 08:03 18488439                   /usr/lib/x86_64-linux-gnu/libfreetype.so.6.8.0
7fded2c44000-7fded2e43000 ---p 00096000 08:03 18488439                   /usr/lib/x86_64-linux-gnu/libfreetype.so.6.8.0
7fded2e43000-7fded2e49000 r--p 00095000 08:03 18488439                   /usr/lib/x86_64-linux-gnu/libfreetype.so.6.8.0
7fded2e49000-7fded2e4a000 rw-p 0009b000 08:03 18488439                   /usr/lib/x86_64-linux-gnu/libfreetype.so.6.8.0
7fded2e4a000-7fded2e84000 r-xp 00000000 08:03 18618871                   /usr/lib/jvm/java-6-openjdk-amd64/jre/lib/amd64/libfontmanager.so
7fded2e84000-7fded3083000 ---p 0003a000 08:03 18618871                   /usr/lib/jvm/java-6-openjdk-amd64/jre/lib/amd64/libfontmanager.so
7fded3083000-7fded3085000 r--p 00039000 08:03 18618871                   /usr/lib/jvm/java-6-openjdk-amd64/jre/lib/amd64/libfontmanager.so
7fded3085000-7fded3086000 rw-p 0003b000 08:03 18618871                   /usr/lib/jvm/java-6-openjdk-amd64/jre/lib/amd64/libfontmanager.so
7fded3086000-7fded308b000 r-xp 00000000 08:03 18488257                   /usr/lib/x86_64-linux-gnu/libXdmcp.so.6.0.0
7fded308b000-7fded328a000 ---p 00005000 08:03 18488257                   /usr/lib/x86_64-linux-gnu/libXdmcp.so.6.0.0
7fded328a000-7fded328b000 r--p 00004000 08:03 18488257                   /usr/lib/x86_64-linux-gnu/libXdmcp.so.6.0.0
7fded328b000-7fded328c000 rw-p 00005000 08:03 18488257                   /usr/lib/x86_64-linux-gnu/libXdmcp.so.6.0.0
7fded328c000-7fded328e000 r-xp 00000000 08:03 18488246                   /usr/lib/x86_64-linux-gnu/libXau.so.6.0.0
7fded328e000-7fded348d000 ---p 00002000 08:03 18488246                   /usr/lib/x86_64-linux-gnu/libXau.so.6.0.0
7fded348d000-7fded348e000 r--p 00001000 08:03 18488246                   /usr/lib/x86_64-linux-gnu/libXau.so.6.0.0
7fded348e000-7fded348f000 rw-p 00002000 08:03 18488246                   /usr/lib/x86_64-linux-gnu/libXau.so.6.0.0
7fded348f000-7fded34ac000 r-xp 00000000 08:03 18488845                   /usr/lib/x86_64-linux-gnu/libxcb.so.1.1.0
7fded34ac000-7fded36ab000 ---p 0001d000 08:03 18488845                   /usr/lib/x86_64-linux-gnu/libxcb.so.1.1.0
7fded36ab000-7fded36ac000 r--p 0001c000 08:03 18488845                   /usr/lib/x86_64-linux-gnu/libxcb.so.1.1.0
7fded36ac000-7fded36ad000 rw-p 0001d000 08:03 18488845                   /usr/lib/x86_64-linux-gnu/libxcb.so.1.1.0
7fded36ad000-7fded36bb000 r-xp 00000000 08:03 18488265                   /usr/lib/x86_64-linux-gnu/libXi.so.6.1.0
7fded36bb000-7fded38ba000 ---p 0000e000 08:03 18488265                   /usr/lib/x86_64-linux-gnu/libXi.so.6.1.0
7fded38ba000-7fded38bb000 r--p 0000d000 08:03 18488265                   /usr/lib/x86_64-linux-gnu/libXi.so.6.1.0
7fded38bb000-7fded38bc000 rw-p 0000e000 08:03 18488265                   /usr/lib/x86_64-linux-gnu/libXi.so.6.1.0
7fded38bc000-7fded38c1000 r-xp 00000000 08:03 18488283                   /usr/lib/x86_64-linux-gnu/libXtst.so.6.1.0
7fded38c1000-7fded3ac0000 ---p 00005000 08:03 18488283                   /usr/lib/x86_64-linux-gnu/libXtst.so.6.1.0
7fded3ac0000-7fded3ac1000 r--p 00004000 08:03 18488283                   /usr/lib/x86_64-linux-gnu/libXtst.so.6.1.0
7fded3ac1000-7fded3ac2000 rw-p 00005000 08:03 18488283                   /usr/lib/x86_64-linux-gnu/libXtst.so.6.1.0
7fded3ac2000-7fded3acb000 r-xp 00000000 08:03 18488279                   /usr/lib/x86_64-linux-gnu/libXrender.so.1.3.0
7fded3acb000-7fded3cca000 ---p 00009000 08:03 18488279                   /usr/lib/x86_64-linux-gnu/libXrender.so.1.3.0
7fded3cca000-7fded3ccb000 r--p 00008000 08:03 18488279                   /usr/lib/x86_64-linux-gnu/libXrender.so.1.3.0
7fded3ccb000-7fded3ccc000 rw-p 00009000 08:03 18488279                   /usr/lib/x86_64-linux-gnu/libXrender.so.1.3.0
7fded3ccc000-7fded3dfb000 r-xp 00000000 08:03 18488244                   /usr/lib/x86_64-linux-gnu/libX11.so.6.3.0
7fded3dfb000-7fded3ffb000 ---p 0012f000 08:03 18488244                   /usr/lib/x86_64-linux-gnu/libX11.so.6.3.0
7fded3ffb000-7fded3ffc000 r--p 0012f000 08:03 18488244                   /usr/lib/x86_64-linux-gnu/libX11.so.6.3.0
7fded3ffc000-7fded4000000 rw-p 00130000 08:03 18488244                   /usr/lib/x86_64-linux-gnu/libX11.so.6.3.0
7fded4000000-7fded4021000 rw-p 00000000 00:00 0 
7fded4021000-7fded8000000 ---p 00000000 00:00 0 
7fded8000000-7fded8008000 r--s 00067000 08:03 15598510                   /home/arwilczek90/workspace/Elements/lib/slick/lib/slick-sources.jar
7fded8008000-7fded8009000 r--s 00000000 08:03 15598509                   /home/arwilczek90/workspace/Elements/lib/slick/lib/slick-examples.jar
7fded8009000-7fded800a000 r--s 00003000 08:03 15598508                   /home/arwilczek90/workspace/Elements/lib/slick/lib/scalar.jar
7fded800a000-7fded800d000 r--s 00017000 08:03 15598507                   /home/arwilczek90/workspace/Elements/lib/slick/lib/pedigree.jar
7fded800d000-7fded8018000 r--s 00093000 08:03 15598513                   /home/arwilczek90/workspace/Elements/lib/slick/lib/slick.jar
7fded8018000-7fded801a000 r--s 00004000 08:03 15598506                   /home/arwilczek90/workspace/Elements/lib/slick/lib/packulike.jar
7fded801a000-7fded801b000 r--s 00043000 08:03 15598505                   /home/arwilczek90/workspace/Elements/lib/slick/lib/natives-win32.jar
7fded801b000-7fded801d000 r--s 00033000 08:03 15598504                   /home/arwilczek90/workspace/Elements/lib/slick/lib/natives-mac.jar
7fded801d000-7fded801e000 r--s 0003d000 08:03 15598503                   /home/arwilczek90/workspace/Elements/lib/slick/lib/natives-linux.jar
7fded801e000-7fded8025000 r--s 00073000 08:03 15598502                   /home/arwilczek90/workspace/Elements/lib/slick/lib/lwjgl.jar
7fded8025000-7fded8027000 r--s 0000d000 08:03 15598501                   /home/arwilczek90/workspace/Elements/lib/slick/lib/jorbis-0.0.15.jar
7fded8027000-7fded8028000 r--s 00001000 08:03 15598500                   /home/arwilczek90/workspace/Elements/lib/slick/lib/jogg-0.0.7.jar
7fded8028000-7fded8029000 r--s 00001000 08:03 15598499                   /home/arwilczek90/workspace/Elements/lib/slick/lib/jnlp.jar
7fded8029000-7fded802e000 r--s 0002f000 08:03 15598498                   /home/arwilczek90/workspace/Elements/lib/slick/lib/jinput.jar
7fded802e000-7fded8030000 r--s 00008000 08:03 15598497                   /home/arwilczek90/workspace/Elements/lib/slick/lib/ibxm.jar
7fded8030000-7fded8033000 r--s 0005b000 08:03 15598496                   /home/arwilczek90/workspace/Elements/lib/slick/lib/hiero.jar
7fded8033000-7fded8034000 r--s 00007000 08:03 15597697                   /home/arwilczek90/workspace/Elements/lib/slick/applet/lwjgl_util_applet.jar
7fded8034000-7fded8036000 rw-s 00002000 00:05 10225                      /dev/ati/card0
7fded8036000-7fded8041000 r--s 00093000 08:03 15597692                   /home/arwilczek90/workspace/Elements/lib/slick.jar
7fded8041000-7fded8048000 r--s 000fb000 08:03 18618812                   /usr/lib/jvm/java-6-openjdk-common/jre/lib/resources.jar
7fded8048000-7fded8049000 r--s 00000000 08:03 19927127                   /var/cache/fontconfig/c05880de57d1f5e948fdfacc138775d9-le64.cache-3
7fded8049000-7fded8052000 r--s 00000000 08:03 19927122                   /var/cache/fontconfig/945677eb7aeaf62f1d50efc3fb3ec7d8-le64.cache-3
7fded8052000-7fded8054000 r--s 00000000 08:03 19927123                   /var/cache/fontconfig/99e8ed0e538f840c565b6ed5dad60d56-le64.cache-3
7fded8054000-7fded8058000 r--s 00000000 08:03 19927109                   /var/cache/fontconfig/2cd17615ca594fa2959ae173292e504c-le64.cache-3
7fded8058000-7fded8059000 r--s 00000000 08:03 19927134                   /var/cache/fontconfig/e7071f4a29fa870f4323321c154eba04-le64.cache-3
7fded8059000-7fded805a000 r--s 00000000 08:03 19927107                   /var/cache/fontconfig/0d8c3b2ac0904cb8a57a757ad11a4a08-le64.cache-3
7fded805a000-7fded8060000 r--s 00000000 08:03 19927124                   /var/cache/fontconfig/a755afe4a08bf5b97852ceb7400b47bc-le64.cache-3
7fded8060000-7fded8069000 r--s 00000000 08:03 19927460                   /var/cache/fontconfig/6d41288fd70b0be22e8c3a91e032eec0-le64.cache-3
7fded8069000-7fded8079000 r--s 00000000 08:03 19927106                   /var/cache/fontconfig/04aabc0a78ac019cf9454389977116d2-le64.cache-3
7fded8079000-7fded807c000 r--s 00000000 08:03 19927112                   /var/cache/fontconfig/385c0604a188198f04d133e54aba7fe7-le64.cache-3
7fded807c000-7fded807d000 r--s 00000000 08:03 19927113                   /var/cache/fontconfig/4794a0821666d79190d59a36cb4f44b5-le64.cache-3
7fded807d000-7fded8080000 r--s 00000000 08:03 19927121                   /var/cache/fontconfig/8801497958630a81b71ace7c5f9b32a8-le64.cache-3
7fded8080000-7fded80ae000 r--s 00000000 08:03 19927454                   /var/cache/fontconfig/365b55f210c0a22e9a19e35191240f32-le64.cache-3
7fded80ae000-7fded80b3000 r--s 00000000 08:03 19927110                   /var/cache/fontconfig/3047814df9a2f067bd2d96a2b9c36e5a-le64.cache-3
7fded80b3000-7fded80b8000 r--s 00000000 08:03 19927125                   /var/cache/fontconfig/b47c4e1ecd0709278f4910c18777a504-le64.cache-3
7fded80b8000-7fded80c8000 r--s 00000000 08:03 19927130                   /var/cache/fontconfig/d52a8644073d54c13679302ca1180695-le64.cache-3
7fded80c8000-7fded80cb000 r--s 00000000 08:03 19927196                   /var/cache/fontconfig/e13b20fdb08344e0e664864cc2ede53d-le64.cache-3
7fded80cb000-7fded80cf000 r--s 00000000 08:03 19927452                   /var/cache/fontconfig/7ef2298fde41cc6eeb7af42e48b7d293-le64.cache-3
7fded80cf000-7fded80d0000 r--s 00000000 08:03 19927127                   /var/cache/fontconfig/c05880de57d1f5e948fdfacc138775d9-le64.cache-3
7fded80d0000-7fded80d9000 r--s 00000000 08:03 19927122                   /var/cache/fontconfig/945677eb7aeaf62f1d50efc3fb3ec7d8-le64.cache-3
7fded80d9000-7fded80db000 r--s 00000000 08:03 19927123                   /var/cache/fontconfig/99e8ed0e538f840c565b6ed5dad60d56-le64.cache-3
7fded80db000-7fded80df000 r--s 00000000 08:03 19927109                   /var/cache/fontconfig/2cd17615ca594fa2959ae173292e504c-le64.cache-3
7fded80df000-7fded80ef000 r-xp 00000000 08:03 18488259                   /usr/lib/x86_64-linux-gnu/libXext.so.6.4.0
7fded80ef000-7fded82ee000 ---p 00010000 08:03 18488259                   /usr/lib/x86_64-linux-gnu/libXext.so.6.4.0
7fded82ee000-7fded82ef000 r--p 0000f000 08:03 18488259                   /usr/lib/x86_64-linux-gnu/libXext.so.6.4.0
7fded82ef000-7fded82f0000 rw-p 00010000 08:03 18488259                   /usr/lib/x86_64-linux-gnu/libXext.so.6.4.0
7fded82f0000-7fded833b000 r-xp 00000000 08:03 18618972                   /usr/lib/jvm/java-6-openjdk-amd64/jre/lib/amd64/xawt/libmawt.so
7fded833b000-7fded853b000 ---p 0004b000 08:03 18618972                   /usr/lib/jvm/java-6-openjdk-amd64/jre/lib/amd64/xawt/libmawt.so
7fded853b000-7fded853c000 r--p 0004b000 08:03 18618972                   /usr/lib/jvm/java-6-openjdk-amd64/jre/lib/amd64/xawt/libmawt.so
7fded853c000-7fded853f000 rw-p 0004c000 08:03 18618972                   /usr/lib/jvm/java-6-openjdk-amd64/jre/lib/amd64/xawt/libmawt.so
7fded853f000-7fded8540000 rw-p 00000000 00:00 0 
7fded8540000-7fded85ec000 r-xp 00000000 08:03 18618874                   /usr/lib/jvm/java-6-openjdk-amd64/jre/lib/amd64/libawt.so
7fded85ec000-7fded87eb000 ---p 000ac000 08:03 18618874                   /usr/lib/jvm/java-6-openjdk-amd64/jre/lib/amd64/libawt.so
7fded87eb000-7fded87ec000 r--p 000ab000 08:03 18618874                   /usr/lib/jvm/java-6-openjdk-amd64/jre/lib/amd64/libawt.so
7fded87ec000-7fded87f7000 rw-p 000ac000 08:03 18618874                   /usr/lib/jvm/java-6-openjdk-amd64/jre/lib/amd64/libawt.so
7fded87f7000-7fded881c000 rw-p 00000000 00:00 0 
7fded881c000-7fded881d000 ---p 00000000 00:00 0 
7fded881d000-7fded891d000 rw-p 00000000 00:00 0 
7fded891d000-7fded9000000 r--p 00000000 08:03 18487587                   /usr/lib/locale/locale-archive
7fded9000000-7fded9270000 rwxp 00000000 00:00 0 
7fded9270000-7fdedcda0000 rw-p 00000000 00:00 0 
7fdedcda0000-7fdee0000000 ---p 00000000 00:00 0 
7fdee0000000-7fdee0001000 rw-s 00005000 00:05 10225                      /dev/ati/card0
7fdee0001000-7fdee0002000 r--s 00000000 08:03 19927134                   /var/cache/fontconfig/e7071f4a29fa870f4323321c154eba04-le64.cache-3
7fdee0002000-7fdee0003000 r--s 00000000 08:03 19927107                   /var/cache/fontconfig/0d8c3b2ac0904cb8a57a757ad11a4a08-le64.cache-3
7fdee0003000-7fdee0009000 r--s 00000000 08:03 19927124                   /var/cache/fontconfig/a755afe4a08bf5b97852ceb7400b47bc-le64.cache-3
7fdee0009000-7fdee0012000 r--s 00000000 08:03 19927460                   /var/cache/fontconfig/6d41288fd70b0be22e8c3a91e032eec0-le64.cache-3
7fdee0012000-7fdee0022000 r--s 00000000 08:03 19927106                   /var/cache/fontconfig/04aabc0a78ac019cf9454389977116d2-le64.cache-3
7fdee0022000-7fdee0025000 r--s 00000000 08:03 19927112                   /var/cache/fontconfig/385c0604a188198f04d133e54aba7fe7-le64.cache-3
7fdee0025000-7fdee0026000 r--s 00000000 08:03 19927113                   /var/cache/fontconfig/4794a0821666d79190d59a36cb4f44b5-le64.cache-3
7fdee0026000-7fdee0029000 r--s 00000000 08:03 19927121                   /var/cache/fontconfig/8801497958630a81b71ace7c5f9b32a8-le64.cache-3
7fdee0029000-7fdee0057000 r--s 00000000 08:03 19927454                   /var/cache/fontconfig/365b55f210c0a22e9a19e35191240f32-le64.cache-3
7fdee0057000-7fdee0067000 r--s 00000000 08:03 19927130                   /var/cache/fontconfig/d52a8644073d54c13679302ca1180695-le64.cache-3
7fdee0067000-7fdee006a000 ---p 00000000 00:00 0 
7fdee006a000-7fdee0168000 rw-p 00000000 00:00 0 
7fdee0168000-7fdee016b000 ---p 00000000 00:00 0 
7fdee016b000-7fdee0269000 rw-p 00000000 00:00 0 
7fdee0269000-7fdee026c000 ---p 00000000 00:00 0 
7fdee026c000-7fdee036a000 rw-p 00000000 00:00 0 
7fdee036a000-7fdee036d000 ---p 00000000 00:00 0 
7fdee036d000-7fdee046b000 rw-p 00000000 00:00 0 
7fdee046b000-7fdee046e000 ---p 00000000 00:00 0 
7fdee046e000-7fdee056c000 rw-p 00000000 00:00 0 
7fdee056c000-7fdee056f000 ---p 00000000 00:00 0 
7fdee056f000-7fdee066d000 rw-p 00000000 00:00 0 
7fdee066d000-7fdee066e000 ---p 00000000 00:00 0 
7fdee066e000-7fdee0ca6000 rw-p 00000000 00:00 0 
7fdee0ca6000-7fdee0e38000 r--s 037bf000 08:03 18618843                   /usr/lib/jvm/java-6-openjdk-amd64/jre/lib/rt.jar
7fdee0e38000-7fdee0e60000 rw-p 00000000 00:00 0 
7fdee0e60000-7fdee0e61000 ---p 00000000 00:00 0 
7fdee0e61000-7fdee0f61000 rw-p 00000000 00:00 0 
7fdee0f61000-7fdee0f62000 ---p 00000000 00:00 0 
7fdee0f62000-7fdee1062000 rw-p 00000000 00:00 0 
7fdee1062000-7fdee1063000 ---p 00000000 00:00 0 
7fdee1063000-7fdee1163000 rw-p 00000000 00:00 0 
7fdee1163000-7fdee1164000 ---p 00000000 00:00 0 
7fdee1164000-7fdee126f000 rw-p 00000000 00:00 0 
7fdee126f000-7fdee12b7000 rw-p 00000000 00:00 0 
7fdee12b7000-7fdee12de000 rw-p 00000000 00:00 0 
7fdee12de000-7fdee1525000 rw-p 00000000 00:00 0 
7fdee1525000-7fdee1530000 rw-p 00000000 00:00 0 
7fdee1530000-7fdee1578000 rw-p 00000000 00:00 0 
7fdee1578000-7fdee159f000 rw-p 00000000 00:00 0 
7fdee159f000-7fdee17e6000 rw-p 00000000 00:00 0 
7fdee17e6000-7fdee17fa000 rw-p 00000000 00:00 0 
7fdee17fa000-7fdee191d000 rw-p 00000000 00:00 0 
7fdee191d000-7fdee191e000 rw-p 00000000 00:00 0 
7fdee191e000-7fdee1925000 r-xp 00000000 08:03 18618888                   /usr/lib/jvm/java-6-openjdk-amd64/jre/lib/amd64/libzip.so
7fdee1925000-7fdee1b24000 ---p 00007000 08:03 18618888                   /usr/lib/jvm/java-6-openjdk-amd64/jre/lib/amd64/libzip.so
7fdee1b24000-7fdee1b25000 r--p 00006000 08:03 18618888                   /usr/lib/jvm/java-6-openjdk-amd64/jre/lib/amd64/libzip.so
7fdee1b25000-7fdee1b26000 rw-p 00007000 08:03 18618888                   /usr/lib/jvm/java-6-openjdk-amd64/jre/lib/amd64/libzip.so
7fdee1b26000-7fdee1b32000 r-xp 00000000 08:03 21758081                   /lib/x86_64-linux-gnu/libnss_files-2.15.so
7fdee1b32000-7fdee1d31000 ---p 0000c000 08:03 21758081                   /lib/x86_64-linux-gnu/libnss_files-2.15.so
7fdee1d31000-7fdee1d32000 r--p 0000b000 08:03 21758081                   /lib/x86_64-linux-gnu/libnss_files-2.15.so
7fdee1d32000-7fdee1d33000 rw-p 0000c000 08:03 21758081                   /lib/x86_64-linux-gnu/libnss_files-2.15.so
7fdee1d33000-7fdee1d3d000 r-xp 00000000 08:03 21758077                   /lib/x86_64-linux-gnu/libnss_nis-2.15.so
7fdee1d3d000-7fdee1f3d000 ---p 0000a000 08:03 21758077                   /lib/x86_64-linux-gnu/libnss_nis-2.15.so
7fdee1f3d000-7fdee1f3e000 r--p 0000a000 08:03 21758077                   /lib/x86_64-linux-gnu/libnss_nis-2.15.so
7fdee1f3e000-7fdee1f3f000 rw-p 0000b000 08:03 21758077                   /lib/x86_64-linux-gnu/libnss_nis-2.15.so
7fdee1f3f000-7fdee1f56000 r-xp 00000000 08:03 21761730                   /lib/x86_64-linux-gnu/libnsl-2.15.so
7fdee1f56000-7fdee2155000 ---p 00017000 08:03 21761730                   /lib/x86_64-linux-gnu/libnsl-2.15.so
7fdee2155000-7fdee2156000 r--p 00016000 08:03 21761730                   /lib/x86_64-linux-gnu/libnsl-2.15.so
7fdee2156000-7fdee2157000 rw-p 00017000 08:03 21761730                   /lib/x86_64-linux-gnu/libnsl-2.15.so
7fdee2157000-7fdee2159000 rw-p 00000000 00:00 0 
7fdee2159000-7fdee2161000 r-xp 00000000 08:03 21758082                   /lib/x86_64-linux-gnu/libnss_compat-2.15.so
7fdee2161000-7fdee2360000 ---p 00008000 08:03 21758082                   /lib/x86_64-linux-gnu/libnss_compat-2.15.so
7fdee2360000-7fdee2361000 r--p 00007000 08:03 21758082                   /lib/x86_64-linux-gnu/libnss_compat-2.15.so
7fdee2361000-7fdee2362000 rw-p 00008000 08:03 21758082                   /lib/x86_64-linux-gnu/libnss_compat-2.15.so
7fdee2362000-7fdee238e000 r-xp 00000000 08:03 18618873                   /usr/lib/jvm/java-6-openjdk-amd64/jre/lib/amd64/libjava.so
7fdee238e000-7fdee258d000 ---p 0002c000 08:03 18618873                   /usr/lib/jvm/java-6-openjdk-amd64/jre/lib/amd64/libjava.so
7fdee258d000-7fdee258e000 r--p 0002b000 08:03 18618873                   /usr/lib/jvm/java-6-openjdk-amd64/jre/lib/amd64/libjava.so
7fdee258e000-7fdee2591000 rw-p 0002c000 08:03 18618873                   /usr/lib/jvm/java-6-openjdk-amd64/jre/lib/amd64/libjava.so
7fdee2591000-7fdee259f000 r-xp 00000000 08:03 18618872                   /usr/lib/jvm/java-6-openjdk-amd64/jre/lib/amd64/libverify.so
7fdee259f000-7fdee279e000 ---p 0000e000 08:03 18618872                   /usr/lib/jvm/java-6-openjdk-amd64/jre/lib/amd64/libverify.so
7fdee279e000-7fdee27a0000 r--p 0000d000 08:03 18618872                   /usr/lib/jvm/java-6-openjdk-amd64/jre/lib/amd64/libverify.so
7fdee27a0000-7fdee27a1000 rw-p 0000f000 08:03 18618872                   /usr/lib/jvm/java-6-openjdk-amd64/jre/lib/amd64/libverify.so
7fdee27a1000-7fdee27a8000 r-xp 00000000 08:03 21758075                   /lib/x86_64-linux-gnu/librt-2.15.so
7fdee27a8000-7fdee29a7000 ---p 00007000 08:03 21758075                   /lib/x86_64-linux-gnu/librt-2.15.so
7fdee29a7000-7fdee29a8000 r--p 00006000 08:03 21758075                   /lib/x86_64-linux-gnu/librt-2.15.so
7fdee29a8000-7fdee29a9000 rw-p 00007000 08:03 21758075                   /lib/x86_64-linux-gnu/librt-2.15.so
7fdee29a9000-7fdee29be000 r-xp 00000000 08:03 21761542                   /lib/x86_64-linux-gnu/libgcc_s.so.1
7fdee29be000-7fdee2bbd000 ---p 00015000 08:03 21761542                   /lib/x86_64-linux-gnu/libgcc_s.so.1
7fdee2bbd000-7fdee2bbe000 r--p 00014000 08:03 21761542                   /lib/x86_64-linux-gnu/libgcc_s.so.1
7fdee2bbe000-7fdee2bbf000 rw-p 00015000 08:03 21761542                   /lib/x86_64-linux-gnu/libgcc_s.so.1
7fdee2bbf000-7fdee2cb8000 r-xp 00000000 08:03 21758079                   /lib/x86_64-linux-gnu/libm-2.15.so
7fdee2cb8000-7fdee2eb7000 ---p 000f9000 08:03 21758079                   /lib/x86_64-linux-gnu/libm-2.15.so
7fdee2eb7000-7fdee2eb8000 r--p 000f8000 08:03 21758079                   /lib/x86_64-linux-gnu/libm-2.15.so
7fdee2eb8000-7fdee2eb9000 rw-p 000f9000 08:03 21758079                   /lib/x86_64-linux-gnu/libm-2.15.so
7fdee2eb9000-7fdee2f9b000 r-xp 00000000 08:03 18488773                   /usr/lib/x86_64-linux-gnu/libstdc++.so.6.0.16
7fdee2f9b000-7fdee319a000 ---p 000e2000 08:03 18488773                   /usr/lib/x86_64-linux-gnu/libstdc++.so.6.0.16
7fdee319a000-7fdee31a2000 r--p 000e1000 08:03 18488773                   /usr/lib/x86_64-linux-gnu/libstdc++.so.6.0.16
7fdee31a2000-7fdee31a4000 rw-p 000e9000 08:03 18488773                   /usr/lib/x86_64-linux-gnu/libstdc++.so.6.0.16
7fdee31a4000-7fdee31b9000 rw-p 00000000 00:00 0 
7fdee31b9000-7fdee3abd000 r-xp 00000000 08:03 18618878                   /usr/lib/jvm/java-6-openjdk-amd64/jre/lib/amd64/server/libjvm.so
7fdee3abd000-7fdee3cbd000 ---p 00904000 08:03 18618878                   /usr/lib/jvm/java-6-openjdk-amd64/jre/lib/amd64/server/libjvm.so
7fdee3cbd000-7fdee3d3d000 r--p 00904000 08:03 18618878                   /usr/lib/jvm/java-6-openjdk-amd64/jre/lib/amd64/server/libjvm.so
7fdee3d3d000-7fdee3d58000 rw-p 00984000 08:03 18618878                   /usr/lib/jvm/java-6-openjdk-amd64/jre/lib/amd64/server/libjvm.so
7fdee3d58000-7fdee3d81000 rw-p 00000000 00:00 0 
7fdee3d81000-7fdee3d97000 r-xp 00000000 08:03 21761632                   /lib/x86_64-linux-gnu/libz.so.1.2.3.4
7fdee3d97000-7fdee3f96000 ---p 00016000 08:03 21761632                   /lib/x86_64-linux-gnu/libz.so.1.2.3.4
7fdee3f96000-7fdee3f97000 r--p 00015000 08:03 21761632                   /lib/x86_64-linux-gnu/libz.so.1.2.3.4
7fdee3f97000-7fdee3f98000 rw-p 00016000 08:03 21761632                   /lib/x86_64-linux-gnu/libz.so.1.2.3.4
7fdee3f98000-7fdee414d000 r-xp 00000000 08:03 21757975                   /lib/x86_64-linux-gnu/libc-2.15.so
7fdee414d000-7fdee434c000 ---p 001b5000 08:03 21757975                   /lib/x86_64-linux-gnu/libc-2.15.so
7fdee434c000-7fdee4350000 r--p 001b4000 08:03 21757975                   /lib/x86_64-linux-gnu/libc-2.15.so
7fdee4350000-7fdee4352000 rw-p 001b8000 08:03 21757975                   /lib/x86_64-linux-gnu/libc-2.15.so
7fdee4352000-7fdee4357000 rw-p 00000000 00:00 0 
7fdee4357000-7fdee4359000 r-xp 00000000 08:03 21757964                   /lib/x86_64-linux-gnu/libdl-2.15.so
7fdee4359000-7fdee4559000 ---p 00002000 08:03 21757964                   /lib/x86_64-linux-gnu/libdl-2.15.so
7fdee4559000-7fdee455a000 r--p 00002000 08:03 21757964                   /lib/x86_64-linux-gnu/libdl-2.15.so
7fdee455a000-7fdee455b000 rw-p 00003000 08:03 21757964                   /lib/x86_64-linux-gnu/libdl-2.15.so
7fdee455b000-7fdee455f000 r-xp 00000000 08:03 18618855                   /usr/lib/jvm/java-6-openjdk-amd64/jre/lib/amd64/jli/libjli.so
7fdee455f000-7fdee475e000 ---p 00004000 08:03 18618855                   /usr/lib/jvm/java-6-openjdk-amd64/jre/lib/amd64/jli/libjli.so
7fdee475e000-7fdee475f000 r--p 00003000 08:03 18618855                   /usr/lib/jvm/java-6-openjdk-amd64/jre/lib/amd64/jli/libjli.so
7fdee475f000-7fdee4760000 rw-p 00004000 08:03 18618855                   /usr/lib/jvm/java-6-openjdk-amd64/jre/lib/amd64/jli/libjli.so
7fdee4760000-7fdee4778000 r-xp 00000000 08:03 21758073                   /lib/x86_64-linux-gnu/libpthread-2.15.so
7fdee4778000-7fdee4977000 ---p 00018000 08:03 21758073                   /lib/x86_64-linux-gnu/libpthread-2.15.so
7fdee4977000-7fdee4978000 r--p 00017000 08:03 21758073                   /lib/x86_64-linux-gnu/libpthread-2.15.so
7fdee4978000-7fdee4979000 rw-p 00018000 08:03 21758073                   /lib/x86_64-linux-gnu/libpthread-2.15.so
7fdee4979000-7fdee497d000 rw-p 00000000 00:00 0 
7fdee497d000-7fdee499f000 r-xp 00000000 08:03 21758085                   /lib/x86_64-linux-gnu/ld-2.15.so
7fdee499f000-7fdee49a0000 r--s 00000000 08:03 19927115                   /var/cache/fontconfig/56cf4f4769d0f4abc89a4895d7bd3ae1-le64.cache-3
7fdee49a0000-7fdee49a1000 r--s 00000000 08:03 19927126                   /var/cache/fontconfig/b9d506c9ac06c20b433354fa67a72993-le64.cache-3
7fdee49a1000-7fdee49a6000 r--s 00000000 08:03 19927110                   /var/cache/fontconfig/3047814df9a2f067bd2d96a2b9c36e5a-le64.cache-3
7fdee49a6000-7fdee49a7000 r--s 00000000 08:03 19927115                   /var/cache/fontconfig/56cf4f4769d0f4abc89a4895d7bd3ae1-le64.cache-3
7fdee49a7000-7fdee49ac000 r--s 00000000 08:03 19927125                   /var/cache/fontconfig/b47c4e1ecd0709278f4910c18777a504-le64.cache-3
7fdee49ac000-7fdee49af000 r--s 00000000 08:03 19927196                   /var/cache/fontconfig/e13b20fdb08344e0e664864cc2ede53d-le64.cache-3
7fdee49af000-7fdee49b3000 r--s 00000000 08:03 19927452                   /var/cache/fontconfig/7ef2298fde41cc6eeb7af42e48b7d293-le64.cache-3
7fdee49b3000-7fdee49b6000 r--s 0007d000 08:03 18618443                   /usr/lib/jvm/java-6-openjdk-common/jre/lib/jsse.jar
7fdee49b6000-7fdee49bd000 r--s 00073000 08:03 15597691                   /home/arwilczek90/workspace/Elements/lib/lwjgl.jar
7fdee49bd000-7fdee49c7000 rw-p 00000000 00:00 0 
7fdee49c7000-7fdee4a7d000 rw-p 00000000 00:00 0 
7fdee4a7d000-7fdee4a80000 ---p 00000000 00:00 0 
7fdee4a80000-7fdee4b83000 rw-p 00000000 00:00 0 
7fdee4b83000-7fdee4b84000 r--s 00000000 08:03 19927126                   /var/cache/fontconfig/b9d506c9ac06c20b433354fa67a72993-le64.cache-3
7fdee4b84000-7fdee4b86000 r--s 0000f000 08:03 18618803                   /usr/lib/jvm/java-6-openjdk-common/jre/lib/ext/pulse-java.jar
7fdee4b86000-7fdee4b89000 r--s 00077000 08:03 18618797                   /usr/lib/jvm/java-6-openjdk-common/jre/lib/ext/localedata.jar
7fdee4b89000-7fdee4b8a000 r--s 00007000 08:03 18748229                   /usr/share/java/java-atk-wrapper.jar
7fdee4b8a000-7fdee4b8c000 r--s 00001000 08:03 18618801                   /usr/lib/jvm/java-6-openjdk-common/jre/lib/ext/dnsns.jar
7fdee4b8c000-7fdee4b90000 r--s 00038000 08:03 18618795                   /usr/lib/jvm/java-6-openjdk-common/jre/lib/ext/sunpkcs11.jar
7fdee4b90000-7fdee4b93000 r--s 00031000 08:03 18618799                   /usr/lib/jvm/java-6-openjdk-common/jre/lib/ext/sunjce_provider.jar
7fdee4b93000-7fdee4b9b000 rw-s 00000000 08:03 8126514                    /tmp/hsperfdata_arwilczek90/17909 (deleted)
7fdee4b9b000-7fdee4b9c000 rw-p 00000000 00:00 0 
7fdee4b9c000-7fdee4b9d000 ---p 00000000 00:00 0 
7fdee4b9d000-7fdee4b9f000 rw-p 00000000 00:00 0 
7fdee4b9f000-7fdee4ba0000 r--p 00022000 08:03 21758085                   /lib/x86_64-linux-gnu/ld-2.15.so
7fdee4ba0000-7fdee4ba2000 rw-p 00023000 08:03 21758085                   /lib/x86_64-linux-gnu/ld-2.15.so
7fff0e52d000-7fff0e54e000 rw-p 00000000 00:00 0                          [stack]
7fff0e5ff000-7fff0e600000 r-xp 00000000 00:00 0                          [vdso]
ffffffffff600000-ffffffffff601000 r-xp 00000000 00:00 0                  [vsyscall]

VM Arguments:
jvm_args: -Djava.library.path=/home/arwilczek90/workspace/Elements/lib/slick:/home/arwilczek90/workspace/Elements/lib/slick -Dfile.encoding=UTF-8 
java_command: com.hack.elements.view.Main
Launcher Type: SUN_STANDARD

Environment Variables:
PATH=/usr/lib/lightdm/lightdm:/usr/local/sbin:/usr/local/bin:/usr/sbin:/usr/bin:/sbin:/bin:/usr/games
LD_LIBRARY_PATH=/usr/lib/jvm/java-6-openjdk-amd64/jre/lib/amd64/server:/usr/lib/jvm/java-6-openjdk-amd64/jre/lib/amd64:/usr/lib/jvm/java-6-openjdk-amd64/jre/../lib/amd64
SHELL=/bin/bash
DISPLAY=:0.0

Signal Handlers:
SIGSEGV: [libjvm.so+0x784310], sa_mask[0]=0x7ffbfeff, sa_flags=0x10000004
SIGBUS: [libjvm.so+0x784310], sa_mask[0]=0x7ffbfeff, sa_flags=0x10000004
SIGFPE: [libjvm.so+0x648580], sa_mask[0]=0x7ffbfeff, sa_flags=0x10000004
SIGPIPE: [libjvm.so+0x648580], sa_mask[0]=0x7ffbfeff, sa_flags=0x10000004
SIGXFSZ: [libjvm.so+0x648580], sa_mask[0]=0x7ffbfeff, sa_flags=0x10000004
SIGILL: [libjvm.so+0x648580], sa_mask[0]=0x7ffbfeff, sa_flags=0x10000004
SIGUSR1: SIG_DFL, sa_mask[0]=0x00000000, sa_flags=0x00000000
SIGUSR2: [libjvm.so+0x648730], sa_mask[0]=0x00000004, sa_flags=0x10000004
SIGHUP: [libjvm.so+0x64b250], sa_mask[0]=0x7ffbfeff, sa_flags=0x10000004
SIGINT: [libjvm.so+0x64b250], sa_mask[0]=0x7ffbfeff, sa_flags=0x10000004
SIGTERM: [libjvm.so+0x64b250], sa_mask[0]=0x7ffbfeff, sa_flags=0x10000004
SIGQUIT: [libjvm.so+0x64b250], sa_mask[0]=0x7ffbfeff, sa_flags=0x10000004


---------------  S Y S T E M  ---------------

OS:Ubuntu 12.04 (precise)
uname:Linux 3.2.0-32-generic #51-Ubuntu SMP Wed Sep 26 21:33:09 UTC 2012 x86_64
libc:glibc 2.15 NPTL 2.15 
rlimit: STACK 8192k, CORE 0k, NPROC 59545, NOFILE 4096, AS infinity
load average:1.02 0.80 0.72

/proc/meminfo:
MemTotal:        7639648 kB
MemFree:         3888112 kB
Buffers:          131136 kB
Cached:          1224812 kB
SwapCached:            0 kB
Active:          2508608 kB
Inactive:         751228 kB
Active(anon):    1904352 kB
Inactive(anon):    16676 kB
Active(file):     604256 kB
Inactive(file):   734552 kB
Unevictable:          20 kB
Mlocked:              20 kB
SwapTotal:       3818492 kB
SwapFree:        3818492 kB
Dirty:               604 kB
Writeback:             0 kB
AnonPages:       1903988 kB
Mapped:           318164 kB
Shmem:             17144 kB
Slab:             106816 kB
SReclaimable:      76164 kB
SUnreclaim:        30652 kB
KernelStack:        4176 kB
PageTables:        34936 kB
NFS_Unstable:          0 kB
Bounce:                0 kB
WritebackTmp:          0 kB
CommitLimit:     7638316 kB
Committed_AS:    4423388 kB
VmallocTotal:   34359738367 kB
VmallocUsed:      116912 kB
VmallocChunk:   34359619344 kB
HardwareCorrupted:     0 kB
AnonHugePages:         0 kB
HugePages_Total:       0
HugePages_Free:        0
HugePages_Rsvd:        0
HugePages_Surp:        0
Hugepagesize:       2048 kB
DirectMap4k:      342016 kB
DirectMap2M:     5404672 kB
DirectMap1G:     2097152 kB


CPU:total 4 (4 cores per cpu, 1 threads per core) family 18 model 1 stepping 0, cmov, cx8, fxsr, mmx, sse, sse2, sse3, popcnt, mmxext, 3dnowpref, lzcnt, sse4a

Memory: 4k page, physical 7639648k(3888112k free), swap 3818492k(3818492k free)

vm_info: OpenJDK 64-Bit Server VM (20.0-b12) for linux-amd64 JRE (1.6.0_24-b24), built on Sep  2 2012 19:50:47 by "buildd" with gcc 4.6.3

time: Sat Oct 13 23:39:06 2012
elapsed time: 2286 seconds

