#
# A fatal error has been detected by the Java Runtime Environment:
#
#  SIGSEGV (0xb) at pc=0x00007f814f5c2c58, pid=5013, tid=140193642305280
#
# JRE version: 6.0_24-b24
# Java VM: OpenJDK 64-Bit Server VM (20.0-b12 mixed mode linux-amd64 compressed oops)
# Derivative: IcedTea6 1.11.4
# Distribution: Ubuntu 12.04 LTS, package 6b24-1.11.4-1ubuntu0.12.04.1
# Problematic frame:
# C  [libX11.so.6+0x33c58]  XQueryExtension+0x28
#
# If you would like to submit a bug report, please include
# instructions how to reproduce the bug and visit:
#   https://bugs.launchpad.net/ubuntu/+source/openjdk-6/
#

---------------  T H R E A D  ---------------

Current thread is native thread

siginfo:si_signo=SIGSEGV: si_errno=0, si_code=1 (SEGV_MAPERR), si_addr=0x00000000582005a8

Registers:
RAX=0x0000000001f1ad90, RBX=0x00000000581ffc40, RCX=0x00007fffc025d458, RDX=0x00007fffc025d454
RSP=0x00007fffc025d3f0, RBP=0x00007f814d541932, RSI=0x00007f814d541932, RDI=0x00000000581ffc40
R8 =0x00007fffc025d45c, R9 =0x0000000000000010, R10=0x00007f815fbd1fa8, R11=0x0000000000000000
R12=0x0000000000000000, R13=0x00007f814d541932, R14=0x0000000001f1ad90, R15=0x0000000000000000
RIP=0x00007f814f5c2c58, EFLAGS=0x0000000000010206, CSGSFS=0x0000000000000033, ERR=0x0000000000000004
  TRAPNO=0x000000000000000e

Top of Stack: (sp=0x00007fffc025d3f0)
0x00007fffc025d3f0:   0000000000000000 0000003000000003
0x00007fffc025d400:   0000006e0000005b 0000007c00000077
0x00007fffc025d410:   00000000ffffffff 00000000581ffc40
0x00007fffc025d420:   00007f814d541932 0000000000000000
0x00007fffc025d430:   00007f814d541932 0000000001f1ad90
0x00007fffc025d440:   0000000000000000 00007f814f5b6c55
0x00007fffc025d450:   00007f816041e048 00007f814d67a520
0x00007fffc025d460:   00007f814d67a520 00000000581ffc40
0x00007fffc025d470:   00007f8158168df0 00007f814f8d002b
0x00007fffc025d480:   00007f815f824790 000000110000002c
0x00007fffc025d490:   00007fffc025d510 0000000000000000
0x00007fffc025d4a0:   00007fffc025d510 00000000581ffc40
0x00007fffc025d4b0:   0000000000000000 00007f816041e048
0x00007fffc025d4c0:   00007f814d693d50 00007f814d4e8119
0x00007fffc025d4d0:   0000000000000000 000000000000002c
0x00007fffc025d4e0:   00007fffc025d510 00007fffc025d530
0x00007fffc025d4f0:   0000000000000000 00007f816041e048
0x00007fffc025d500:   00007f81581ff7a0 00007f814d4deb42
0x00007fffc025d510:   00007fffc025d700 00007f814d5418b1
0x00007fffc025d520:   00007fffc025d700 00007f816020a92d
0x00007fffc025d530:   00007f816041f2c8 00007f816041f858
0x00007fffc025d540:   00007f8160400000 00007f8158006a00
0x00007fffc025d550:   00007f8158007510 00007f8158006eb0
0x00007fffc025d560:   00007f8158007a10 00007f815800c6f0
0x00007fffc025d570:   00007f815814dd80 00007f815814e260
0x00007fffc025d580:   00007f81603ff000 00007f81581fc350
0x00007fffc025d590:   00007f81581f6890 00007f81581f6d30
0x00007fffc025d5a0:   00007f81581fc820 00007f81581fccc0
0x00007fffc025d5b0:   00007f81581fd160 00007f81580f9880
0x00007fffc025d5c0:   00007f81580f5070 00007f81580025e0
0x00007fffc025d5d0:   00007f8158001ec0 0000000001f185f0
0x00007fffc025d5e0:   0000000001f18b60 0000000001f19570 

Instructions: (pc=0x00007f814f5c2c58)
0x00007f814f5c2c38:   24 d8 48 89 fb 4c 89 64 24 e0 4c 89 6c 24 e8 48
0x00007f814f5c2c48:   89 f5 4c 89 74 24 f0 4c 89 7c 24 f8 48 83 ec 58
0x00007f814f5c2c58:   48 8b 87 68 09 00 00 49 89 d4 49 89 cd 4d 89 c6
0x00007f814f5c2c68:   48 85 c0 74 02 ff 10 ba 08 00 00 00 be 62 00 00 

Register to memory mapping:

RAX=0x0000000001f1ad90 is an unknown value
RBX=0x00000000581ffc40 is an unknown value
RCX=0x00007fffc025d458 is an unknown value
RDX=0x00007fffc025d454 is an unknown value
RSP=0x00007fffc025d3f0 is an unknown value
RBP=0x00007f814d541932: <offset 0x96932> in /usr/lib/fglrx/libGL.so.1 at 0x00007f814d4ab000
RSI=0x00007f814d541932: <offset 0x96932> in /usr/lib/fglrx/libGL.so.1 at 0x00007f814d4ab000
RDI=0x00000000581ffc40 is an unknown value
R8 =0x00007fffc025d45c is an unknown value
R9 =0x0000000000000010 is an unknown value
R10=0x00007f815fbd1fa8: <offset 0x3bbfa8> in /lib/x86_64-linux-gnu/libc.so.6 at 0x00007f815f816000
R11=0x0000000000000000 is an unknown value
R12=0x0000000000000000 is an unknown value
R13=0x00007f814d541932: <offset 0x96932> in /usr/lib/fglrx/libGL.so.1 at 0x00007f814d4ab000
R14=0x0000000001f1ad90 is an unknown value
R15=0x0000000000000000 is an unknown value


Stack: [0x00007fffc015f000,0x00007fffc025f000],  sp=0x00007fffc025d3f0,  free space=1016k
Native frames: (J=compiled Java code, j=interpreted, Vv=VM code, C=native code)
C  [libX11.so.6+0x33c58]  XQueryExtension+0x28


---------------  P R O C E S S  ---------------

VM state:at safepoint (shutting down)

VM Mutex/Monitor currently owned by a thread:  ([mutex/lock_event])
[0x00007f8158004dd0] Threads_lock - owner thread: 0x00007f8158070000

Heap
 PSYoungGen      total 34880K, used 8414K [0x00000000d9200000, 0x00000000db8e0000, 0x0000000100000000)
  eden space 29952K, 28% used [0x00000000d9200000,0x00000000d9a37bf0,0x00000000daf40000)
  from space 4928K, 0% used [0x00000000db410000,0x00000000db410000,0x00000000db8e0000)
  to   space 4928K, 0% used [0x00000000daf40000,0x00000000daf40000,0x00000000db410000)
 PSOldGen        total 79616K, used 0K [0x000000008b600000, 0x00000000903c0000, 0x00000000d9200000)
  object space 79616K, 0% used [0x000000008b600000,0x000000008b600000,0x00000000903c0000)
 PSPermGen       total 21248K, used 11262K [0x0000000081000000, 0x00000000824c0000, 0x000000008b600000)
  object space 21248K, 53% used [0x0000000081000000,0x0000000081aff840,0x00000000824c0000)

Code Cache  [0x00007f8155000000, 0x00007f8155270000, 0x00007f8158000000)
 total_blobs=533 nmethods=48 adapters=439 free_code_cache=49680832 largest_free_block=14336

Dynamic libraries:
00400000-00409000 r-xp 00000000 08:03 18618890                           /usr/lib/jvm/java-6-openjdk-amd64/jre/bin/java
00608000-00609000 r--p 00008000 08:03 18618890                           /usr/lib/jvm/java-6-openjdk-amd64/jre/bin/java
00609000-0060a000 rw-p 00009000 08:03 18618890                           /usr/lib/jvm/java-6-openjdk-amd64/jre/bin/java
01f18000-01f39000 rw-p 00000000 00:00 0                                  [heap]
81000000-824c0000 rw-p 00000000 00:00 0 
824c0000-8b600000 rw-p 00000000 00:00 0 
8b600000-903c0000 rw-p 00000000 00:00 0 
903c0000-d9200000 rw-p 00000000 00:00 0 
d9200000-db8e0000 rw-p 00000000 00:00 0 
db8e0000-100000000 rw-p 00000000 00:00 0 
7f8100000000-7f8100021000 rw-p 00000000 00:00 0 
7f8100021000-7f8104000000 ---p 00000000 00:00 0 
7f8108000000-7f8108021000 rw-p 00000000 00:00 0 
7f8108021000-7f810c000000 ---p 00000000 00:00 0 
7f810c000000-7f810c021000 rw-p 00000000 00:00 0 
7f810c021000-7f8110000000 ---p 00000000 00:00 0 
7f8110000000-7f8110021000 rw-p 00000000 00:00 0 
7f8110021000-7f8114000000 ---p 00000000 00:00 0 
7f8114000000-7f8114021000 rw-p 00000000 00:00 0 
7f8114021000-7f8118000000 ---p 00000000 00:00 0 
7f8118000000-7f8118021000 rw-p 00000000 00:00 0 
7f8118021000-7f811c000000 ---p 00000000 00:00 0 
7f811c000000-7f811c021000 rw-p 00000000 00:00 0 
7f811c021000-7f8120000000 ---p 00000000 00:00 0 
7f8120000000-7f81201fa000 rw-p 00000000 00:00 0 
7f81201fa000-7f8124000000 ---p 00000000 00:00 0 
7f8124000000-7f8124176000 rw-p 00000000 00:00 0 
7f8124176000-7f8128000000 ---p 00000000 00:00 0 
7f8128000000-7f8128021000 rw-p 00000000 00:00 0 
7f8128021000-7f812c000000 ---p 00000000 00:00 0 
7f812c000000-7f812c021000 rw-p 00000000 00:00 0 
7f812c021000-7f8130000000 ---p 00000000 00:00 0 
7f8130000000-7f8130021000 rw-p 00000000 00:00 0 
7f8130021000-7f8134000000 ---p 00000000 00:00 0 
7f8134000000-7f8134021000 rw-p 00000000 00:00 0 
7f8134021000-7f8138000000 ---p 00000000 00:00 0 
7f8138000000-7f8138021000 rw-p 00000000 00:00 0 
7f8138021000-7f813c000000 ---p 00000000 00:00 0 
7f8140000000-7f8140021000 rw-p 00000000 00:00 0 
7f8140021000-7f8144000000 ---p 00000000 00:00 0 
7f8145d32000-7f8147c8c000 r-xp 00000000 08:03 19009510                   /usr/lib/fglrx/dri/fglrx_dri.so
7f8147c8c000-7f8147d8c000 ---p 01f5a000 08:03 19009510                   /usr/lib/fglrx/dri/fglrx_dri.so
7f8147d8c000-7f8147eda000 rwxp 01f5a000 08:03 19009510                   /usr/lib/fglrx/dri/fglrx_dri.so
7f8147eda000-7f8148000000 rwxp 00000000 00:00 0 
7f8148000000-7f8148021000 rw-p 00000000 00:00 0 
7f8148021000-7f814c000000 ---p 00000000 00:00 0 
7f814c29d000-7f814c2a0000 ---p 00000000 00:00 0 
7f814c2a0000-7f814c39e000 rw-p 00000000 00:00 0 
7f814c39e000-7f814c3a1000 ---p 00000000 00:00 0 
7f814c3a1000-7f814c6a1000 rw-p 00000000 00:00 0 
7f814c6a1000-7f814c6a4000 r-xp 00000000 08:03 15602613                   /home/arwilczek90/workspace/Elements/lib/slick/libjinput-linux64.so
7f814c6a4000-7f814c7a3000 ---p 00003000 08:03 15602613                   /home/arwilczek90/workspace/Elements/lib/slick/libjinput-linux64.so
7f814c7a3000-7f814c7a4000 rw-p 00002000 08:03 15602613                   /home/arwilczek90/workspace/Elements/lib/slick/libjinput-linux64.so
7f814c7a4000-7f814c7a7000 ---p 00000000 00:00 0 
7f814c7a7000-7f814c8a5000 rw-p 00000000 00:00 0 
7f814c8a5000-7f814c8aa000 r--s 0002f000 08:03 15598498                   /home/arwilczek90/workspace/Elements/lib/slick/lib/jinput.jar
7f814c8aa000-7f814c8ac000 r--s 00008000 08:03 15598497                   /home/arwilczek90/workspace/Elements/lib/slick/lib/ibxm.jar
7f814c8ac000-7f814c8af000 r--s 0005b000 08:03 15598496                   /home/arwilczek90/workspace/Elements/lib/slick/lib/hiero.jar
7f814c8af000-7f814c8b0000 r--s 00007000 08:03 15597697                   /home/arwilczek90/workspace/Elements/lib/slick/applet/lwjgl_util_applet.jar
7f814c8f0000-7f814cff0000 rw-s 00006000 00:05 10225                      /dev/ati/card0
7f814cff0000-7f814cff2000 r-xp 00000000 08:03 18488267                   /usr/lib/x86_64-linux-gnu/libXinerama.so.1.0.0
7f814cff2000-7f814d1f1000 ---p 00002000 08:03 18488267                   /usr/lib/x86_64-linux-gnu/libXinerama.so.1.0.0
7f814d1f1000-7f814d1f2000 r--p 00001000 08:03 18488267                   /usr/lib/x86_64-linux-gnu/libXinerama.so.1.0.0
7f814d1f2000-7f814d1f3000 rw-p 00002000 08:03 18488267                   /usr/lib/x86_64-linux-gnu/libXinerama.so.1.0.0
7f814d1f3000-7f814d22e000 r-xp 00000000 08:03 19009508                   /usr/lib/fglrx/libatiadlxx.so
7f814d22e000-7f814d32e000 ---p 0003b000 08:03 19009508                   /usr/lib/fglrx/libatiadlxx.so
7f814d32e000-7f814d337000 rw-p 0003b000 08:03 19009508                   /usr/lib/fglrx/libatiadlxx.so
7f814d337000-7f814d348000 rw-p 00000000 00:00 0 
7f814d362000-7f814d3a2000 rw-s f0300000 00:05 10225                      /dev/ati/card0
7f814d3a2000-7f814d3a9000 r-xp 00000000 08:03 19009532                   /usr/lib/fglrx/libatiuki.so.1.0
7f814d3a9000-7f814d4a9000 ---p 00007000 08:03 19009532                   /usr/lib/fglrx/libatiuki.so.1.0
7f814d4a9000-7f814d4aa000 rw-p 00007000 08:03 19009532                   /usr/lib/fglrx/libatiuki.so.1.0
7f814d4aa000-7f814d4ab000 rw-p 00000000 00:00 0 
7f814d4ab000-7f814d56e000 r-xp 00000000 08:03 19009512                   /usr/lib/fglrx/libGL.so.1.2
7f814d56e000-7f814d66d000 ---p 000c3000 08:03 19009512                   /usr/lib/fglrx/libGL.so.1.2
7f814d66d000-7f814d694000 rwxp 000c2000 08:03 19009512                   /usr/lib/fglrx/libGL.so.1.2
7f814d694000-7f814d6b4000 rwxp 00000000 00:00 0 
7f814d6b4000-7f814d6b5000 r-xp 00000000 08:03 18618886                   /usr/lib/jvm/java-6-openjdk-amd64/jre/lib/amd64/libjawt.so
7f814d6b5000-7f814d8b4000 ---p 00001000 08:03 18618886                   /usr/lib/jvm/java-6-openjdk-amd64/jre/lib/amd64/libjawt.so
7f814d8b4000-7f814d8b5000 r--p 00000000 08:03 18618886                   /usr/lib/jvm/java-6-openjdk-amd64/jre/lib/amd64/libjawt.so
7f814d8b5000-7f814d8b6000 rw-p 00001000 08:03 18618886                   /usr/lib/jvm/java-6-openjdk-amd64/jre/lib/amd64/libjawt.so
7f814d8b6000-7f814d8ba000 r-xp 00000000 08:03 18488287                   /usr/lib/x86_64-linux-gnu/libXxf86vm.so.1.0.0
7f814d8ba000-7f814dab9000 ---p 00004000 08:03 18488287                   /usr/lib/x86_64-linux-gnu/libXxf86vm.so.1.0.0
7f814dab9000-7f814daba000 r--p 00003000 08:03 18488287                   /usr/lib/x86_64-linux-gnu/libXxf86vm.so.1.0.0
7f814daba000-7f814dabb000 rw-p 00004000 08:03 18488287                   /usr/lib/x86_64-linux-gnu/libXxf86vm.so.1.0.0
7f814dabb000-7f814dac3000 r-xp 00000000 08:03 18488277                   /usr/lib/x86_64-linux-gnu/libXrandr.so.2.2.0
7f814dac3000-7f814dcc2000 ---p 00008000 08:03 18488277                   /usr/lib/x86_64-linux-gnu/libXrandr.so.2.2.0
7f814dcc2000-7f814dcc3000 r--p 00007000 08:03 18488277                   /usr/lib/x86_64-linux-gnu/libXrandr.so.2.2.0
7f814dcc3000-7f814dcc4000 rw-p 00008000 08:03 18488277                   /usr/lib/x86_64-linux-gnu/libXrandr.so.2.2.0
7f814dcc4000-7f814dd04000 r-xp 00000000 08:03 15602617                   /home/arwilczek90/workspace/Elements/lib/slick/liblwjgl64.so
7f814dd04000-7f814de04000 ---p 00040000 08:03 15602617                   /home/arwilczek90/workspace/Elements/lib/slick/liblwjgl64.so
7f814de04000-7f814de06000 rw-p 00040000 08:03 15602617                   /home/arwilczek90/workspace/Elements/lib/slick/liblwjgl64.so
7f814de06000-7f814de09000 ---p 00000000 00:00 0 
7f814de09000-7f814df07000 rw-p 00000000 00:00 0 
7f814df07000-7f814df10000 r--s 00000000 08:03 19927122                   /var/cache/fontconfig/945677eb7aeaf62f1d50efc3fb3ec7d8-le64.cache-3
7f814df2a000-7f814df2c000 r--s 00015000 08:03 15598514                   /home/arwilczek90/workspace/Elements/lib/slick/lib/tinylinepp.jar
7f814df2c000-7f814df2f000 r--s 00015000 08:03 15598512                   /home/arwilczek90/workspace/Elements/lib/slick/lib/slick-util.jar
7f814df2f000-7f814df37000 r--s 00067000 08:03 15598510                   /home/arwilczek90/workspace/Elements/lib/slick/lib/slick-sources.jar
7f814df37000-7f814df38000 r--s 00000000 08:03 15598509                   /home/arwilczek90/workspace/Elements/lib/slick/lib/slick-examples.jar
7f814df38000-7f814df3b000 r--s 00017000 08:03 15598507                   /home/arwilczek90/workspace/Elements/lib/slick/lib/pedigree.jar
7f814df3b000-7f814df46000 r--s 00093000 08:03 15598513                   /home/arwilczek90/workspace/Elements/lib/slick/lib/slick.jar
7f814df46000-7f814df4b000 r-xp 00000000 08:03 18488261                   /usr/lib/x86_64-linux-gnu/libXfixes.so.3.1.0
7f814df4b000-7f814e14a000 ---p 00005000 08:03 18488261                   /usr/lib/x86_64-linux-gnu/libXfixes.so.3.1.0
7f814e14a000-7f814e14b000 r--p 00004000 08:03 18488261                   /usr/lib/x86_64-linux-gnu/libXfixes.so.3.1.0
7f814e14b000-7f814e14c000 rw-p 00005000 08:03 18488261                   /usr/lib/x86_64-linux-gnu/libXfixes.so.3.1.0
7f814e14c000-7f814e155000 r-xp 00000000 08:03 18488253                   /usr/lib/x86_64-linux-gnu/libXcursor.so.1.0.2
7f814e155000-7f814e354000 ---p 00009000 08:03 18488253                   /usr/lib/x86_64-linux-gnu/libXcursor.so.1.0.2
7f814e354000-7f814e355000 r--p 00008000 08:03 18488253                   /usr/lib/x86_64-linux-gnu/libXcursor.so.1.0.2
7f814e355000-7f814e356000 rw-p 00009000 08:03 18488253                   /usr/lib/x86_64-linux-gnu/libXcursor.so.1.0.2
7f814e356000-7f814e358000 r--s 00004000 08:03 15598506                   /home/arwilczek90/workspace/Elements/lib/slick/lib/packulike.jar
7f814e358000-7f814e359000 r--s 00043000 08:03 15598505                   /home/arwilczek90/workspace/Elements/lib/slick/lib/natives-win32.jar
7f814e359000-7f814e35b000 r--s 00033000 08:03 15598504                   /home/arwilczek90/workspace/Elements/lib/slick/lib/natives-mac.jar
7f814e35b000-7f814e35c000 r--s 0003d000 08:03 15598503                   /home/arwilczek90/workspace/Elements/lib/slick/lib/natives-linux.jar
7f814e35c000-7f814e363000 r--s 00073000 08:03 15598502                   /home/arwilczek90/workspace/Elements/lib/slick/lib/lwjgl.jar
7f814e363000-7f814e365000 r--s 0000d000 08:03 15598501                   /home/arwilczek90/workspace/Elements/lib/slick/lib/jorbis-0.0.15.jar
7f814e365000-7f814e370000 r--s 00093000 08:03 15597692                   /home/arwilczek90/workspace/Elements/lib/slick.jar
7f814e370000-7f814e373000 ---p 00000000 00:00 0 
7f814e373000-7f814e471000 rw-p 00000000 00:00 0 
7f814e471000-7f814e507000 r-xp 00000000 08:03 18488439                   /usr/lib/x86_64-linux-gnu/libfreetype.so.6.8.0
7f814e507000-7f814e706000 ---p 00096000 08:03 18488439                   /usr/lib/x86_64-linux-gnu/libfreetype.so.6.8.0
7f814e706000-7f814e70c000 r--p 00095000 08:03 18488439                   /usr/lib/x86_64-linux-gnu/libfreetype.so.6.8.0
7f814e70c000-7f814e70d000 rw-p 0009b000 08:03 18488439                   /usr/lib/x86_64-linux-gnu/libfreetype.so.6.8.0
7f814e70d000-7f814e747000 r-xp 00000000 08:03 18618871                   /usr/lib/jvm/java-6-openjdk-amd64/jre/lib/amd64/libfontmanager.so
7f814e747000-7f814e946000 ---p 0003a000 08:03 18618871                   /usr/lib/jvm/java-6-openjdk-amd64/jre/lib/amd64/libfontmanager.so
7f814e946000-7f814e948000 r--p 00039000 08:03 18618871                   /usr/lib/jvm/java-6-openjdk-amd64/jre/lib/amd64/libfontmanager.so
7f814e948000-7f814e949000 rw-p 0003b000 08:03 18618871                   /usr/lib/jvm/java-6-openjdk-amd64/jre/lib/amd64/libfontmanager.so
7f814e949000-7f814e94e000 r-xp 00000000 08:03 18488257                   /usr/lib/x86_64-linux-gnu/libXdmcp.so.6.0.0
7f814e94e000-7f814eb4d000 ---p 00005000 08:03 18488257                   /usr/lib/x86_64-linux-gnu/libXdmcp.so.6.0.0
7f814eb4d000-7f814eb4e000 r--p 00004000 08:03 18488257                   /usr/lib/x86_64-linux-gnu/libXdmcp.so.6.0.0
7f814eb4e000-7f814eb4f000 rw-p 00005000 08:03 18488257                   /usr/lib/x86_64-linux-gnu/libXdmcp.so.6.0.0
7f814eb4f000-7f814eb51000 r-xp 00000000 08:03 18488246                   /usr/lib/x86_64-linux-gnu/libXau.so.6.0.0
7f814eb51000-7f814ed50000 ---p 00002000 08:03 18488246                   /usr/lib/x86_64-linux-gnu/libXau.so.6.0.0
7f814ed50000-7f814ed51000 r--p 00001000 08:03 18488246                   /usr/lib/x86_64-linux-gnu/libXau.so.6.0.0
7f814ed51000-7f814ed52000 rw-p 00002000 08:03 18488246                   /usr/lib/x86_64-linux-gnu/libXau.so.6.0.0
7f814ed52000-7f814ed6f000 r-xp 00000000 08:03 18488845                   /usr/lib/x86_64-linux-gnu/libxcb.so.1.1.0
7f814ed6f000-7f814ef6e000 ---p 0001d000 08:03 18488845                   /usr/lib/x86_64-linux-gnu/libxcb.so.1.1.0
7f814ef6e000-7f814ef6f000 r--p 0001c000 08:03 18488845                   /usr/lib/x86_64-linux-gnu/libxcb.so.1.1.0
7f814ef6f000-7f814ef70000 rw-p 0001d000 08:03 18488845                   /usr/lib/x86_64-linux-gnu/libxcb.so.1.1.0
7f814ef70000-7f814ef7e000 r-xp 00000000 08:03 18488265                   /usr/lib/x86_64-linux-gnu/libXi.so.6.1.0
7f814ef7e000-7f814f17d000 ---p 0000e000 08:03 18488265                   /usr/lib/x86_64-linux-gnu/libXi.so.6.1.0
7f814f17d000-7f814f17e000 r--p 0000d000 08:03 18488265                   /usr/lib/x86_64-linux-gnu/libXi.so.6.1.0
7f814f17e000-7f814f17f000 rw-p 0000e000 08:03 18488265                   /usr/lib/x86_64-linux-gnu/libXi.so.6.1.0
7f814f17f000-7f814f184000 r-xp 00000000 08:03 18488283                   /usr/lib/x86_64-linux-gnu/libXtst.so.6.1.0
7f814f184000-7f814f383000 ---p 00005000 08:03 18488283                   /usr/lib/x86_64-linux-gnu/libXtst.so.6.1.0
7f814f383000-7f814f384000 r--p 00004000 08:03 18488283                   /usr/lib/x86_64-linux-gnu/libXtst.so.6.1.0
7f814f384000-7f814f385000 rw-p 00005000 08:03 18488283                   /usr/lib/x86_64-linux-gnu/libXtst.so.6.1.0
7f814f385000-7f814f38e000 r-xp 00000000 08:03 18488279                   /usr/lib/x86_64-linux-gnu/libXrender.so.1.3.0
7f814f38e000-7f814f58d000 ---p 00009000 08:03 18488279                   /usr/lib/x86_64-linux-gnu/libXrender.so.1.3.0
7f814f58d000-7f814f58e000 r--p 00008000 08:03 18488279                   /usr/lib/x86_64-linux-gnu/libXrender.so.1.3.0
7f814f58e000-7f814f58f000 rw-p 00009000 08:03 18488279                   /usr/lib/x86_64-linux-gnu/libXrender.so.1.3.0
7f814f58f000-7f814f6be000 r-xp 00000000 08:03 18488244                   /usr/lib/x86_64-linux-gnu/libX11.so.6.3.0
7f814f6be000-7f814f8be000 ---p 0012f000 08:03 18488244                   /usr/lib/x86_64-linux-gnu/libX11.so.6.3.0
7f814f8be000-7f814f8bf000 r--p 0012f000 08:03 18488244                   /usr/lib/x86_64-linux-gnu/libX11.so.6.3.0
7f814f8bf000-7f814f8c3000 rw-p 00130000 08:03 18488244                   /usr/lib/x86_64-linux-gnu/libX11.so.6.3.0
7f814f8c3000-7f814f8d3000 r-xp 00000000 08:03 18488259                   /usr/lib/x86_64-linux-gnu/libXext.so.6.4.0
7f814f8d3000-7f814fad2000 ---p 00010000 08:03 18488259                   /usr/lib/x86_64-linux-gnu/libXext.so.6.4.0
7f814fad2000-7f814fad3000 r--p 0000f000 08:03 18488259                   /usr/lib/x86_64-linux-gnu/libXext.so.6.4.0
7f814fad3000-7f814fad4000 rw-p 00010000 08:03 18488259                   /usr/lib/x86_64-linux-gnu/libXext.so.6.4.0
7f814fad4000-7f814fb1f000 r-xp 00000000 08:03 18618972                   /usr/lib/jvm/java-6-openjdk-amd64/jre/lib/amd64/xawt/libmawt.so
7f814fb1f000-7f814fd1f000 ---p 0004b000 08:03 18618972                   /usr/lib/jvm/java-6-openjdk-amd64/jre/lib/amd64/xawt/libmawt.so
7f814fd1f000-7f814fd20000 r--p 0004b000 08:03 18618972                   /usr/lib/jvm/java-6-openjdk-amd64/jre/lib/amd64/xawt/libmawt.so
7f814fd20000-7f814fd23000 rw-p 0004c000 08:03 18618972                   /usr/lib/jvm/java-6-openjdk-amd64/jre/lib/amd64/xawt/libmawt.so
7f814fd23000-7f814fd24000 rw-p 00000000 00:00 0 
7f814fd24000-7f814fdd0000 r-xp 00000000 08:03 18618874                   /usr/lib/jvm/java-6-openjdk-amd64/jre/lib/amd64/libawt.so
7f814fdd0000-7f814ffcf000 ---p 000ac000 08:03 18618874                   /usr/lib/jvm/java-6-openjdk-amd64/jre/lib/amd64/libawt.so
7f814ffcf000-7f814ffd0000 r--p 000ab000 08:03 18618874                   /usr/lib/jvm/java-6-openjdk-amd64/jre/lib/amd64/libawt.so
7f814ffd0000-7f814ffdb000 rw-p 000ac000 08:03 18618874                   /usr/lib/jvm/java-6-openjdk-amd64/jre/lib/amd64/libawt.so
7f814ffdb000-7f8150000000 rw-p 00000000 00:00 0 
7f8150000000-7f8150021000 rw-p 00000000 00:00 0 
7f8150021000-7f8154000000 ---p 00000000 00:00 0 
7f8154000000-7f8154001000 r--s 00003000 08:03 15598508                   /home/arwilczek90/workspace/Elements/lib/slick/lib/scalar.jar
7f8154001000-7f8154002000 r--s 00001000 08:03 15598500                   /home/arwilczek90/workspace/Elements/lib/slick/lib/jogg-0.0.7.jar
7f8154002000-7f8154003000 r--s 00001000 08:03 15598499                   /home/arwilczek90/workspace/Elements/lib/slick/lib/jnlp.jar
7f8154003000-7f8154005000 rw-s 00002000 00:05 10225                      /dev/ati/card0
7f8154005000-7f8154007000 r--s 0000f000 08:03 18618803                   /usr/lib/jvm/java-6-openjdk-common/jre/lib/ext/pulse-java.jar
7f8154007000-7f815400a000 r--s 00077000 08:03 18618797                   /usr/lib/jvm/java-6-openjdk-common/jre/lib/ext/localedata.jar
7f815400a000-7f815400b000 r--s 00007000 08:03 18748229                   /usr/share/java/java-atk-wrapper.jar
7f815400b000-7f815400d000 r--s 00001000 08:03 18618801                   /usr/lib/jvm/java-6-openjdk-common/jre/lib/ext/dnsns.jar
7f815400d000-7f8154011000 r--s 00038000 08:03 18618795                   /usr/lib/jvm/java-6-openjdk-common/jre/lib/ext/sunpkcs11.jar
7f8154011000-7f8154014000 r--s 00031000 08:03 18618799                   /usr/lib/jvm/java-6-openjdk-common/jre/lib/ext/sunjce_provider.jar
7f8154014000-7f8154015000 ---p 00000000 00:00 0 
7f8154015000-7f8154115000 rw-p 00000000 00:00 0 
7f8154115000-7f8154118000 ---p 00000000 00:00 0 
7f8154118000-7f8154216000 rw-p 00000000 00:00 0 
7f8154216000-7f8154219000 ---p 00000000 00:00 0 
7f8154219000-7f8154317000 rw-p 00000000 00:00 0 
7f8154317000-7f815431a000 ---p 00000000 00:00 0 
7f815431a000-7f8154418000 rw-p 00000000 00:00 0 
7f8154418000-7f815441b000 ---p 00000000 00:00 0 
7f815441b000-7f8154519000 rw-p 00000000 00:00 0 
7f8154519000-7f8154bfc000 r--p 00000000 08:03 18487587                   /usr/lib/locale/locale-archive
7f8154bfc000-7f8154bff000 ---p 00000000 00:00 0 
7f8154bff000-7f8154cfd000 rw-p 00000000 00:00 0 
7f8154cfd000-7f8154d00000 ---p 00000000 00:00 0 
7f8154d00000-7f8154dfe000 rw-p 00000000 00:00 0 
7f8154dfe000-7f8154dff000 ---p 00000000 00:00 0 
7f8154dff000-7f8155000000 rw-p 00000000 00:00 0 
7f8155000000-7f8155270000 rwxp 00000000 00:00 0 
7f8155270000-7f8158c19000 rw-p 00000000 00:00 0 
7f8158c19000-7f815c000000 ---p 00000000 00:00 0 
7f815c000000-7f815c001000 rw-s 00005000 00:05 10225                      /dev/ati/card0
7f815c001000-7f815c008000 r--s 000fb000 08:03 18618812                   /usr/lib/jvm/java-6-openjdk-common/jre/lib/resources.jar
7f815c008000-7f815c00a000 r--s 00000000 08:03 19927123                   /var/cache/fontconfig/99e8ed0e538f840c565b6ed5dad60d56-le64.cache-3
7f815c00a000-7f815c00e000 r--s 00000000 08:03 19927109                   /var/cache/fontconfig/2cd17615ca594fa2959ae173292e504c-le64.cache-3
7f815c00e000-7f815c00f000 r--s 00000000 08:03 19927134                   /var/cache/fontconfig/e7071f4a29fa870f4323321c154eba04-le64.cache-3
7f815c00f000-7f815c010000 r--s 00000000 08:03 19927107                   /var/cache/fontconfig/0d8c3b2ac0904cb8a57a757ad11a4a08-le64.cache-3
7f815c010000-7f815c016000 r--s 00000000 08:03 19927124                   /var/cache/fontconfig/a755afe4a08bf5b97852ceb7400b47bc-le64.cache-3
7f815c016000-7f815c01f000 r--s 00000000 08:03 19927460                   /var/cache/fontconfig/6d41288fd70b0be22e8c3a91e032eec0-le64.cache-3
7f815c01f000-7f815c02f000 r--s 00000000 08:03 19927106                   /var/cache/fontconfig/04aabc0a78ac019cf9454389977116d2-le64.cache-3
7f815c02f000-7f815c032000 r--s 00000000 08:03 19927112                   /var/cache/fontconfig/385c0604a188198f04d133e54aba7fe7-le64.cache-3
7f815c032000-7f815c033000 r--s 00000000 08:03 19927113                   /var/cache/fontconfig/4794a0821666d79190d59a36cb4f44b5-le64.cache-3
7f815c033000-7f815c036000 r--s 00000000 08:03 19927121                   /var/cache/fontconfig/8801497958630a81b71ace7c5f9b32a8-le64.cache-3
7f815c036000-7f815c064000 r--s 00000000 08:03 19927454                   /var/cache/fontconfig/365b55f210c0a22e9a19e35191240f32-le64.cache-3
7f815c064000-7f815c069000 r--s 00000000 08:03 19927110                   /var/cache/fontconfig/3047814df9a2f067bd2d96a2b9c36e5a-le64.cache-3
7f815c069000-7f815c06a000 r--s 00000000 08:03 19927115                   /var/cache/fontconfig/56cf4f4769d0f4abc89a4895d7bd3ae1-le64.cache-3
7f815c06a000-7f815c06b000 r--s 00000000 08:03 19927126                   /var/cache/fontconfig/b9d506c9ac06c20b433354fa67a72993-le64.cache-3
7f815c06b000-7f815c070000 r--s 00000000 08:03 19927125                   /var/cache/fontconfig/b47c4e1ecd0709278f4910c18777a504-le64.cache-3
7f815c070000-7f815c080000 r--s 00000000 08:03 19927130                   /var/cache/fontconfig/d52a8644073d54c13679302ca1180695-le64.cache-3
7f815c080000-7f815c083000 r--s 00000000 08:03 19927196                   /var/cache/fontconfig/e13b20fdb08344e0e664864cc2ede53d-le64.cache-3
7f815c083000-7f815c087000 r--s 00000000 08:03 19927452                   /var/cache/fontconfig/7ef2298fde41cc6eeb7af42e48b7d293-le64.cache-3
7f815c087000-7f815c088000 r--s 00000000 08:03 19927127                   /var/cache/fontconfig/c05880de57d1f5e948fdfacc138775d9-le64.cache-3
7f815c088000-7f815c091000 r--s 00000000 08:03 19927122                   /var/cache/fontconfig/945677eb7aeaf62f1d50efc3fb3ec7d8-le64.cache-3
7f815c091000-7f815c093000 r--s 00000000 08:03 19927123                   /var/cache/fontconfig/99e8ed0e538f840c565b6ed5dad60d56-le64.cache-3
7f815c093000-7f815c097000 r--s 00000000 08:03 19927109                   /var/cache/fontconfig/2cd17615ca594fa2959ae173292e504c-le64.cache-3
7f815c097000-7f815c098000 r--s 00000000 08:03 19927134                   /var/cache/fontconfig/e7071f4a29fa870f4323321c154eba04-le64.cache-3
7f815c098000-7f815c099000 r--s 00000000 08:03 19927107                   /var/cache/fontconfig/0d8c3b2ac0904cb8a57a757ad11a4a08-le64.cache-3
7f815c099000-7f815c09f000 r--s 00000000 08:03 19927124                   /var/cache/fontconfig/a755afe4a08bf5b97852ceb7400b47bc-le64.cache-3
7f815c09f000-7f815c0a8000 r--s 00000000 08:03 19927460                   /var/cache/fontconfig/6d41288fd70b0be22e8c3a91e032eec0-le64.cache-3
7f815c0a8000-7f815c0b8000 r--s 00000000 08:03 19927106                   /var/cache/fontconfig/04aabc0a78ac019cf9454389977116d2-le64.cache-3
7f815c0b8000-7f815c0bb000 r--s 00000000 08:03 19927112                   /var/cache/fontconfig/385c0604a188198f04d133e54aba7fe7-le64.cache-3
7f815c0bb000-7f815c0bc000 r--s 00000000 08:03 19927113                   /var/cache/fontconfig/4794a0821666d79190d59a36cb4f44b5-le64.cache-3
7f815c0bc000-7f815c0bf000 r--s 00000000 08:03 19927121                   /var/cache/fontconfig/8801497958630a81b71ace7c5f9b32a8-le64.cache-3
7f815c0bf000-7f815c0ed000 r--s 00000000 08:03 19927454                   /var/cache/fontconfig/365b55f210c0a22e9a19e35191240f32-le64.cache-3
7f815c0ed000-7f815c524000 rw-p 00000000 00:00 0 
7f815c524000-7f815c6b6000 r--s 037bf000 08:03 18618843                   /usr/lib/jvm/java-6-openjdk-amd64/jre/lib/rt.jar
7f815c6b6000-7f815c6de000 rw-p 00000000 00:00 0 
7f815c6de000-7f815c6df000 ---p 00000000 00:00 0 
7f815c6df000-7f815c7df000 rw-p 00000000 00:00 0 
7f815c7df000-7f815c7e0000 ---p 00000000 00:00 0 
7f815c7e0000-7f815c8e0000 rw-p 00000000 00:00 0 
7f815c8e0000-7f815c8e1000 ---p 00000000 00:00 0 
7f815c8e1000-7f815c9e1000 rw-p 00000000 00:00 0 
7f815c9e1000-7f815c9e2000 ---p 00000000 00:00 0 
7f815c9e2000-7f815caed000 rw-p 00000000 00:00 0 
7f815caed000-7f815cb35000 rw-p 00000000 00:00 0 
7f815cb35000-7f815cb5c000 rw-p 00000000 00:00 0 
7f815cb5c000-7f815cda3000 rw-p 00000000 00:00 0 
7f815cda3000-7f815cdae000 rw-p 00000000 00:00 0 
7f815cdae000-7f815cdf6000 rw-p 00000000 00:00 0 
7f815cdf6000-7f815ce1d000 rw-p 00000000 00:00 0 
7f815ce1d000-7f815d064000 rw-p 00000000 00:00 0 
7f815d064000-7f815d078000 rw-p 00000000 00:00 0 
7f815d078000-7f815d19b000 rw-p 00000000 00:00 0 
7f815d19b000-7f815d19c000 rw-p 00000000 00:00 0 
7f815d19c000-7f815d1a3000 r-xp 00000000 08:03 18618888                   /usr/lib/jvm/java-6-openjdk-amd64/jre/lib/amd64/libzip.so
7f815d1a3000-7f815d3a2000 ---p 00007000 08:03 18618888                   /usr/lib/jvm/java-6-openjdk-amd64/jre/lib/amd64/libzip.so
7f815d3a2000-7f815d3a3000 r--p 00006000 08:03 18618888                   /usr/lib/jvm/java-6-openjdk-amd64/jre/lib/amd64/libzip.so
7f815d3a3000-7f815d3a4000 rw-p 00007000 08:03 18618888                   /usr/lib/jvm/java-6-openjdk-amd64/jre/lib/amd64/libzip.so
7f815d3a4000-7f815d3b0000 r-xp 00000000 08:03 21758081                   /lib/x86_64-linux-gnu/libnss_files-2.15.so
7f815d3b0000-7f815d5af000 ---p 0000c000 08:03 21758081                   /lib/x86_64-linux-gnu/libnss_files-2.15.so
7f815d5af000-7f815d5b0000 r--p 0000b000 08:03 21758081                   /lib/x86_64-linux-gnu/libnss_files-2.15.so
7f815d5b0000-7f815d5b1000 rw-p 0000c000 08:03 21758081                   /lib/x86_64-linux-gnu/libnss_files-2.15.so
7f815d5b1000-7f815d5bb000 r-xp 00000000 08:03 21758077                   /lib/x86_64-linux-gnu/libnss_nis-2.15.so
7f815d5bb000-7f815d7bb000 ---p 0000a000 08:03 21758077                   /lib/x86_64-linux-gnu/libnss_nis-2.15.so
7f815d7bb000-7f815d7bc000 r--p 0000a000 08:03 21758077                   /lib/x86_64-linux-gnu/libnss_nis-2.15.so
7f815d7bc000-7f815d7bd000 rw-p 0000b000 08:03 21758077                   /lib/x86_64-linux-gnu/libnss_nis-2.15.so
7f815d7bd000-7f815d7d4000 r-xp 00000000 08:03 21761730                   /lib/x86_64-linux-gnu/libnsl-2.15.so
7f815d7d4000-7f815d9d3000 ---p 00017000 08:03 21761730                   /lib/x86_64-linux-gnu/libnsl-2.15.so
7f815d9d3000-7f815d9d4000 r--p 00016000 08:03 21761730                   /lib/x86_64-linux-gnu/libnsl-2.15.so
7f815d9d4000-7f815d9d5000 rw-p 00017000 08:03 21761730                   /lib/x86_64-linux-gnu/libnsl-2.15.so
7f815d9d5000-7f815d9d7000 rw-p 00000000 00:00 0 
7f815d9d7000-7f815d9df000 r-xp 00000000 08:03 21758082                   /lib/x86_64-linux-gnu/libnss_compat-2.15.so
7f815d9df000-7f815dbde000 ---p 00008000 08:03 21758082                   /lib/x86_64-linux-gnu/libnss_compat-2.15.so
7f815dbde000-7f815dbdf000 r--p 00007000 08:03 21758082                   /lib/x86_64-linux-gnu/libnss_compat-2.15.so
7f815dbdf000-7f815dbe0000 rw-p 00008000 08:03 21758082                   /lib/x86_64-linux-gnu/libnss_compat-2.15.so
7f815dbe0000-7f815dc0c000 r-xp 00000000 08:03 18618873                   /usr/lib/jvm/java-6-openjdk-amd64/jre/lib/amd64/libjava.so
7f815dc0c000-7f815de0b000 ---p 0002c000 08:03 18618873                   /usr/lib/jvm/java-6-openjdk-amd64/jre/lib/amd64/libjava.so
7f815de0b000-7f815de0c000 r--p 0002b000 08:03 18618873                   /usr/lib/jvm/java-6-openjdk-amd64/jre/lib/amd64/libjava.so
7f815de0c000-7f815de0f000 rw-p 0002c000 08:03 18618873                   /usr/lib/jvm/java-6-openjdk-amd64/jre/lib/amd64/libjava.so
7f815de0f000-7f815de1d000 r-xp 00000000 08:03 18618872                   /usr/lib/jvm/java-6-openjdk-amd64/jre/lib/amd64/libverify.so
7f815de1d000-7f815e01c000 ---p 0000e000 08:03 18618872                   /usr/lib/jvm/java-6-openjdk-amd64/jre/lib/amd64/libverify.so
7f815e01c000-7f815e01e000 r--p 0000d000 08:03 18618872                   /usr/lib/jvm/java-6-openjdk-amd64/jre/lib/amd64/libverify.so
7f815e01e000-7f815e01f000 rw-p 0000f000 08:03 18618872                   /usr/lib/jvm/java-6-openjdk-amd64/jre/lib/amd64/libverify.so
7f815e01f000-7f815e026000 r-xp 00000000 08:03 21758075                   /lib/x86_64-linux-gnu/librt-2.15.so
7f815e026000-7f815e225000 ---p 00007000 08:03 21758075                   /lib/x86_64-linux-gnu/librt-2.15.so
7f815e225000-7f815e226000 r--p 00006000 08:03 21758075                   /lib/x86_64-linux-gnu/librt-2.15.so
7f815e226000-7f815e227000 rw-p 00007000 08:03 21758075                   /lib/x86_64-linux-gnu/librt-2.15.so
7f815e227000-7f815e23c000 r-xp 00000000 08:03 21761542                   /lib/x86_64-linux-gnu/libgcc_s.so.1
7f815e23c000-7f815e43b000 ---p 00015000 08:03 21761542                   /lib/x86_64-linux-gnu/libgcc_s.so.1
7f815e43b000-7f815e43c000 r--p 00014000 08:03 21761542                   /lib/x86_64-linux-gnu/libgcc_s.so.1
7f815e43c000-7f815e43d000 rw-p 00015000 08:03 21761542                   /lib/x86_64-linux-gnu/libgcc_s.so.1
7f815e43d000-7f815e536000 r-xp 00000000 08:03 21758079                   /lib/x86_64-linux-gnu/libm-2.15.so
7f815e536000-7f815e735000 ---p 000f9000 08:03 21758079                   /lib/x86_64-linux-gnu/libm-2.15.so
7f815e735000-7f815e736000 r--p 000f8000 08:03 21758079                   /lib/x86_64-linux-gnu/libm-2.15.so
7f815e736000-7f815e737000 rw-p 000f9000 08:03 21758079                   /lib/x86_64-linux-gnu/libm-2.15.so
7f815e737000-7f815e819000 r-xp 00000000 08:03 18488773                   /usr/lib/x86_64-linux-gnu/libstdc++.so.6.0.16
7f815e819000-7f815ea18000 ---p 000e2000 08:03 18488773                   /usr/lib/x86_64-linux-gnu/libstdc++.so.6.0.16
7f815ea18000-7f815ea20000 r--p 000e1000 08:03 18488773                   /usr/lib/x86_64-linux-gnu/libstdc++.so.6.0.16
7f815ea20000-7f815ea22000 rw-p 000e9000 08:03 18488773                   /usr/lib/x86_64-linux-gnu/libstdc++.so.6.0.16
7f815ea22000-7f815ea37000 rw-p 00000000 00:00 0 
7f815ea37000-7f815f33b000 r-xp 00000000 08:03 18618878                   /usr/lib/jvm/java-6-openjdk-amd64/jre/lib/amd64/server/libjvm.so
7f815f33b000-7f815f53b000 ---p 00904000 08:03 18618878                   /usr/lib/jvm/java-6-openjdk-amd64/jre/lib/amd64/server/libjvm.so
7f815f53b000-7f815f5bb000 r--p 00904000 08:03 18618878                   /usr/lib/jvm/java-6-openjdk-amd64/jre/lib/amd64/server/libjvm.so
7f815f5bb000-7f815f5d6000 rw-p 00984000 08:03 18618878                   /usr/lib/jvm/java-6-openjdk-amd64/jre/lib/amd64/server/libjvm.so
7f815f5d6000-7f815f5ff000 rw-p 00000000 00:00 0 
7f815f5ff000-7f815f615000 r-xp 00000000 08:03 21761632                   /lib/x86_64-linux-gnu/libz.so.1.2.3.4
7f815f615000-7f815f814000 ---p 00016000 08:03 21761632                   /lib/x86_64-linux-gnu/libz.so.1.2.3.4
7f815f814000-7f815f815000 r--p 00015000 08:03 21761632                   /lib/x86_64-linux-gnu/libz.so.1.2.3.4
7f815f815000-7f815f816000 rw-p 00016000 08:03 21761632                   /lib/x86_64-linux-gnu/libz.so.1.2.3.4
7f815f816000-7f815f9cb000 r-xp 00000000 08:03 21757975                   /lib/x86_64-linux-gnu/libc-2.15.so
7f815f9cb000-7f815fbca000 ---p 001b5000 08:03 21757975                   /lib/x86_64-linux-gnu/libc-2.15.so
7f815fbca000-7f815fbce000 r--p 001b4000 08:03 21757975                   /lib/x86_64-linux-gnu/libc-2.15.so
7f815fbce000-7f815fbd0000 rw-p 001b8000 08:03 21757975                   /lib/x86_64-linux-gnu/libc-2.15.so
7f815fbd0000-7f815fbd5000 rw-p 00000000 00:00 0 
7f815fbd5000-7f815fbd7000 r-xp 00000000 08:03 21757964                   /lib/x86_64-linux-gnu/libdl-2.15.so
7f815fbd7000-7f815fdd7000 ---p 00002000 08:03 21757964                   /lib/x86_64-linux-gnu/libdl-2.15.so
7f815fdd7000-7f815fdd8000 r--p 00002000 08:03 21757964                   /lib/x86_64-linux-gnu/libdl-2.15.so
7f815fdd8000-7f815fdd9000 rw-p 00003000 08:03 21757964                   /lib/x86_64-linux-gnu/libdl-2.15.so
7f815fdd9000-7f815fddd000 r-xp 00000000 08:03 18618855                   /usr/lib/jvm/java-6-openjdk-amd64/jre/lib/amd64/jli/libjli.so
7f815fddd000-7f815ffdc000 ---p 00004000 08:03 18618855                   /usr/lib/jvm/java-6-openjdk-amd64/jre/lib/amd64/jli/libjli.so
7f815ffdc000-7f815ffdd000 r--p 00003000 08:03 18618855                   /usr/lib/jvm/java-6-openjdk-amd64/jre/lib/amd64/jli/libjli.so
7f815ffdd000-7f815ffde000 rw-p 00004000 08:03 18618855                   /usr/lib/jvm/java-6-openjdk-amd64/jre/lib/amd64/jli/libjli.so
7f815ffde000-7f815fff6000 r-xp 00000000 08:03 21758073                   /lib/x86_64-linux-gnu/libpthread-2.15.so
7f815fff6000-7f81601f5000 ---p 00018000 08:03 21758073                   /lib/x86_64-linux-gnu/libpthread-2.15.so
7f81601f5000-7f81601f6000 r--p 00017000 08:03 21758073                   /lib/x86_64-linux-gnu/libpthread-2.15.so
7f81601f6000-7f81601f7000 rw-p 00018000 08:03 21758073                   /lib/x86_64-linux-gnu/libpthread-2.15.so
7f81601f7000-7f81601fb000 rw-p 00000000 00:00 0 
7f81601fb000-7f816021d000 r-xp 00000000 08:03 21758085                   /lib/x86_64-linux-gnu/ld-2.15.so
7f816021d000-7f816021e000 r--s 00000000 08:03 19927127                   /var/cache/fontconfig/c05880de57d1f5e948fdfacc138775d9-le64.cache-3
7f816021e000-7f8160223000 r--s 00000000 08:03 19927110                   /var/cache/fontconfig/3047814df9a2f067bd2d96a2b9c36e5a-le64.cache-3
7f8160223000-7f8160228000 r--s 00000000 08:03 19927125                   /var/cache/fontconfig/b47c4e1ecd0709278f4910c18777a504-le64.cache-3
7f8160228000-7f8160238000 r--s 00000000 08:03 19927130                   /var/cache/fontconfig/d52a8644073d54c13679302ca1180695-le64.cache-3
7f8160238000-7f816023b000 r--s 00000000 08:03 19927196                   /var/cache/fontconfig/e13b20fdb08344e0e664864cc2ede53d-le64.cache-3
7f816023b000-7f8160245000 rw-p 00000000 00:00 0 
7f8160245000-7f81602fb000 rw-p 00000000 00:00 0 
7f81602fb000-7f81602fe000 ---p 00000000 00:00 0 
7f81602fe000-7f8160401000 rw-p 00000000 00:00 0 
7f8160401000-7f8160402000 r--s 00000000 08:03 19927115                   /var/cache/fontconfig/56cf4f4769d0f4abc89a4895d7bd3ae1-le64.cache-3
7f8160402000-7f8160403000 r--s 00000000 08:03 19927126                   /var/cache/fontconfig/b9d506c9ac06c20b433354fa67a72993-le64.cache-3
7f8160403000-7f8160407000 r--s 00000000 08:03 19927452                   /var/cache/fontconfig/7ef2298fde41cc6eeb7af42e48b7d293-le64.cache-3
7f8160407000-7f816040a000 r--s 0007d000 08:03 18618443                   /usr/lib/jvm/java-6-openjdk-common/jre/lib/jsse.jar
7f816040a000-7f8160411000 r--s 00073000 08:03 15597691                   /home/arwilczek90/workspace/Elements/lib/lwjgl.jar
7f8160411000-7f8160419000 rw-s 00000000 08:03 8126512                    /tmp/hsperfdata_arwilczek90/5013 (deleted)
7f8160419000-7f816041a000 rw-p 00000000 00:00 0 
7f816041a000-7f816041b000 ---p 00000000 00:00 0 
7f816041b000-7f816041d000 rw-p 00000000 00:00 0 
7f816041d000-7f816041e000 r--p 00022000 08:03 21758085                   /lib/x86_64-linux-gnu/ld-2.15.so
7f816041e000-7f8160420000 rw-p 00023000 08:03 21758085                   /lib/x86_64-linux-gnu/ld-2.15.so
7fffc023e000-7fffc025f000 rw-p 00000000 00:00 0                          [stack]
7fffc02c3000-7fffc02c4000 r-xp 00000000 00:00 0                          [vdso]
ffffffffff600000-ffffffffff601000 r-xp 00000000 00:00 0                  [vsyscall]

VM Arguments:
jvm_args: -Djava.library.path=/home/arwilczek90/workspace/Elements/lib/slick:/home/arwilczek90/workspace/Elements/lib/slick -Dfile.encoding=UTF-8 
java_command: com.hack.elements.view.Main
Launcher Type: SUN_STANDARD

Environment Variables:
PATH=/usr/lib/lightdm/lightdm:/usr/local/sbin:/usr/local/bin:/usr/sbin:/usr/bin:/sbin:/bin:/usr/games
LD_LIBRARY_PATH=/usr/lib/jvm/java-6-openjdk-amd64/jre/lib/amd64/server:/usr/lib/jvm/java-6-openjdk-amd64/jre/lib/amd64:/usr/lib/jvm/java-6-openjdk-amd64/jre/../lib/amd64
SHELL=/bin/bash
DISPLAY=:0.0

Signal Handlers:
SIGSEGV: [libjvm.so+0x784310], sa_mask[0]=0x7ffbfeff, sa_flags=0x10000004
SIGBUS: [libjvm.so+0x784310], sa_mask[0]=0x7ffbfeff, sa_flags=0x10000004
SIGFPE: [libjvm.so+0x648580], sa_mask[0]=0x7ffbfeff, sa_flags=0x10000004
SIGPIPE: [libjvm.so+0x648580], sa_mask[0]=0x7ffbfeff, sa_flags=0x10000004
SIGXFSZ: [libjvm.so+0x648580], sa_mask[0]=0x7ffbfeff, sa_flags=0x10000004
SIGILL: [libjvm.so+0x648580], sa_mask[0]=0x7ffbfeff, sa_flags=0x10000004
SIGUSR1: SIG_DFL, sa_mask[0]=0x00000000, sa_flags=0x00000000
SIGUSR2: [libjvm.so+0x648730], sa_mask[0]=0x00000004, sa_flags=0x10000004
SIGHUP: [libjvm.so+0x64b250], sa_mask[0]=0x7ffbfeff, sa_flags=0x10000004
SIGINT: [libjvm.so+0x64b250], sa_mask[0]=0x7ffbfeff, sa_flags=0x10000004
SIGTERM: [libjvm.so+0x64b250], sa_mask[0]=0x7ffbfeff, sa_flags=0x10000004
SIGQUIT: [libjvm.so+0x64b250], sa_mask[0]=0x7ffbfeff, sa_flags=0x10000004


---------------  S Y S T E M  ---------------

OS:Ubuntu 12.04 (precise)
uname:Linux 3.2.0-32-generic #51-Ubuntu SMP Wed Sep 26 21:33:09 UTC 2012 x86_64
libc:glibc 2.15 NPTL 2.15 
rlimit: STACK 8192k, CORE 0k, NPROC 59545, NOFILE 4096, AS infinity
load average:0.30 0.19 0.30

/proc/meminfo:
MemTotal:        7639648 kB
MemFree:         4421276 kB
Buffers:           91532 kB
Cached:          1021368 kB
SwapCached:            0 kB
Active:          2156592 kB
Inactive:         639552 kB
Active(anon):    1684028 kB
Inactive(anon):     9508 kB
Active(file):     472564 kB
Inactive(file):   630044 kB
Unevictable:          20 kB
Mlocked:              20 kB
SwapTotal:       3818492 kB
SwapFree:        3818492 kB
Dirty:               380 kB
Writeback:             0 kB
AnonPages:       1682888 kB
Mapped:           303652 kB
Shmem:             10296 kB
Slab:              86384 kB
SReclaimable:      58052 kB
SUnreclaim:        28332 kB
KernelStack:        4000 kB
PageTables:        33552 kB
NFS_Unstable:          0 kB
Bounce:                0 kB
WritebackTmp:          0 kB
CommitLimit:     7638316 kB
Committed_AS:    4206768 kB
VmallocTotal:   34359738367 kB
VmallocUsed:      116912 kB
VmallocChunk:   34359619344 kB
HardwareCorrupted:     0 kB
AnonHugePages:         0 kB
HugePages_Total:       0
HugePages_Free:        0
HugePages_Rsvd:        0
HugePages_Surp:        0
Hugepagesize:       2048 kB
DirectMap4k:      147456 kB
DirectMap2M:     2453504 kB
DirectMap1G:     5242880 kB


CPU:total 4 (4 cores per cpu, 1 threads per core) family 18 model 1 stepping 0, cmov, cx8, fxsr, mmx, sse, sse2, sse3, popcnt, mmxext, 3dnowpref, lzcnt, sse4a

Memory: 4k page, physical 7639648k(4421276k free), swap 3818492k(3818492k free)

vm_info: OpenJDK 64-Bit Server VM (20.0-b12) for linux-amd64 JRE (1.6.0_24-b24), built on Sep  2 2012 19:50:47 by "buildd" with gcc 4.6.3

time: Sat Oct 13 13:58:15 2012
elapsed time: 1 seconds

