#
# A fatal error has been detected by the Java Runtime Environment:
#
#  SIGSEGV (0xb) at pc=0x00007f64beedfc58, pid=15320, tid=140071106148096
#
# JRE version: 6.0_24-b24
# Java VM: OpenJDK 64-Bit Server VM (20.0-b12 mixed mode linux-amd64 compressed oops)
# Derivative: IcedTea6 1.11.4
# Distribution: Ubuntu 12.04 LTS, package 6b24-1.11.4-1ubuntu0.12.04.1
# Problematic frame:
# C  [libX11.so.6+0x33c58]  XQueryExtension+0x28
#
# If you would like to submit a bug report, please include
# instructions how to reproduce the bug and visit:
#   https://bugs.launchpad.net/ubuntu/+source/openjdk-6/
#

---------------  T H R E A D  ---------------

Current thread (0x00007f64dc070000):  VMThread [stack: 0x00007f64d8767000,0x00007f64d8868000] [id=15330]

siginfo:si_signo=SIGSEGV: si_errno=0, si_code=1 (SEGV_MAPERR), si_addr=0xffffffffdc250498

Registers:
RAX=0x00007f64c00008c0, RBX=0xffffffffdc24fb30, RCX=0x00007f64d88667d8, RDX=0x00007f64d88667d4
RSP=0x00007f64d8866770, RBP=0x00007f64bce36932, RSI=0x00007f64bce36932, RDI=0xffffffffdc24fb30
R8 =0x00007f64d88667dc, R9 =0x0000000000000000, R10=0x00007f64e34c3fa8, R11=0x00007f64e3143ca0
R12=0x0000000000000000, R13=0x00007f64bce36932, R14=0x00007f64c00008c0, R15=0x0000000000000000
RIP=0x00007f64beedfc58, EFLAGS=0x0000000000010202, CSGSFS=0x0000000000000033, ERR=0x0000000000000005
  TRAPNO=0x000000000000000e

Top of Stack: (sp=0x00007f64d8866770)
0x00007f64d8866770:   00007f64e3116790 00007f64e3cf29e8
0x00007f64d8866780:   00007f64d90a1b40 00007f64d90a1b58
0x00007f64d8866790:   00000000ffffffff ffffffffdc24fb30
0x00007f64d88667a0:   00007f64bce36932 0000000000000000
0x00007f64d88667b0:   00007f64bce36932 00007f64c00008c0
0x00007f64d88667c0:   0000000000000000 00007f64beed3c55
0x00007f64d88667d0:   00007f64e3d10048 00007f64bcf6f520
0x00007f64d88667e0:   00007f64bcf6f520 ffffffffdc24fb30
0x00007f64d88667f0:   00007f64dc177060 00007f64bf1ed02b
0x00007f64d8866800:   00007f64e3116790 000000110000002c
0x00007f64d8866810:   00007f64d8866890 0000000000000000
0x00007f64d8866820:   00007f64d8866890 ffffffffdc24fb30
0x00007f64d8866830:   0000000000000000 00007f64e3d10048
0x00007f64d8866840:   00007f64bcf88d50 00007f64bcddd119
0x00007f64d8866850:   0000000000000000 000000000000002c
0x00007f64d8866860:   00007f64d8866890 00007f64d88668b0
0x00007f64d8866870:   0000000000000000 00007f64e3d10048
0x00007f64d8866880:   00007f64dc24f690 00007f64bcdd3b42
0x00007f64d8866890:   00007f64d8866a80 00007f64bce368b1
0x00007f64d88668a0:   00007f64d8866a80 00007f64e3afc92d
0x00007f64d88668b0:   00007f64e3d112c8 00007f64e3d11858
0x00007f64d88668c0:   00007f64e3cf2000 00007f64dc006a00
0x00007f64d88668d0:   00007f64dc007510 00007f64dc006eb0
0x00007f64d88668e0:   00007f64dc007a10 00007f64dc00c6f0
0x00007f64d88668f0:   00007f64dc127630 00007f64dc146780
0x00007f64d8866900:   00007f64e3cf1000 00007f64dc24c090
0x00007f64d8866910:   00007f64dc246ba0 00007f64dc247040
0x00007f64d8866920:   00007f64dc24c560 00007f64dc24ca00
0x00007f64d8866930:   00007f64dc24cea0 00007f64dc0eb480
0x00007f64d8866940:   00007f64dc0ead70 00007f64dc0025e0
0x00007f64d8866950:   00007f64dc001ec0 00000000025735f0
0x00007f64d8866960:   0000000002573b60 0000000002574570 

Instructions: (pc=0x00007f64beedfc58)
0x00007f64beedfc38:   24 d8 48 89 fb 4c 89 64 24 e0 4c 89 6c 24 e8 48
0x00007f64beedfc48:   89 f5 4c 89 74 24 f0 4c 89 7c 24 f8 48 83 ec 58
0x00007f64beedfc58:   48 8b 87 68 09 00 00 49 89 d4 49 89 cd 4d 89 c6
0x00007f64beedfc68:   48 85 c0 74 02 ff 10 ba 08 00 00 00 be 62 00 00 

Register to memory mapping:

RAX=0x00007f64c00008c0 is an unknown value
RBX=0xffffffffdc24fb30 is an unknown value
RCX=0x00007f64d88667d8 is an unknown value
RDX=0x00007f64d88667d4 is an unknown value
RSP=0x00007f64d8866770 is an unknown value
RBP=0x00007f64bce36932: <offset 0x96932> in /usr/lib/fglrx/libGL.so.1 at 0x00007f64bcda0000
RSI=0x00007f64bce36932: <offset 0x96932> in /usr/lib/fglrx/libGL.so.1 at 0x00007f64bcda0000
RDI=0xffffffffdc24fb30 is an unknown value
R8 =0x00007f64d88667dc is an unknown value
R9 =0x0000000000000000 is an unknown value
R10=0x00007f64e34c3fa8: <offset 0x3bbfa8> in /lib/x86_64-linux-gnu/libc.so.6 at 0x00007f64e3108000
R11=0x00007f64e3143ca0: __cxa_finalize+0 in /lib/x86_64-linux-gnu/libc.so.6 at 0x00007f64e3108000
R12=0x0000000000000000 is an unknown value
R13=0x00007f64bce36932: <offset 0x96932> in /usr/lib/fglrx/libGL.so.1 at 0x00007f64bcda0000
R14=0x00007f64c00008c0 is an unknown value
R15=0x0000000000000000 is an unknown value


Stack: [0x00007f64d8767000,0x00007f64d8868000],  sp=0x00007f64d8866770,  free space=1021k
Native frames: (J=compiled Java code, j=interpreted, Vv=VM code, C=native code)
C  [libX11.so.6+0x33c58]  XQueryExtension+0x28

VM_Operation (0x00007f64e3cec680): Exit, mode: safepoint, requested by thread 0x00007f64dc008800


---------------  P R O C E S S  ---------------

Java Threads: ( => current thread )
  0x00007f64dcb16000 JavaThread "Thread-2" daemon [_thread_blocked, id=15342, stack(0x00007f64bc099000,0x00007f64bc19a000)]
  0x00007f64dc24b800 JavaThread "AWT-XAWT" daemon [_thread_in_native, id=15340, stack(0x00007f64bd6fb000,0x00007f64bd7fc000)]
  0x00007f64dc157800 JavaThread "Java2D Disposer" daemon [_thread_blocked, id=15338, stack(0x00007f64bdc8d000,0x00007f64bdd8e000)]
  0x00007f64dc09e800 JavaThread "Low Memory Detector" daemon [_thread_blocked, id=15336, stack(0x00007f64d8161000,0x00007f64d8262000)]
  0x00007f64dc09c000 JavaThread "C2 CompilerThread1" daemon [_thread_blocked, id=15335, stack(0x00007f64d8262000,0x00007f64d8363000)]
  0x00007f64dc099800 JavaThread "C2 CompilerThread0" daemon [_thread_blocked, id=15334, stack(0x00007f64d8363000,0x00007f64d8464000)]
  0x00007f64dc098000 JavaThread "Signal Dispatcher" daemon [_thread_blocked, id=15333, stack(0x00007f64d8464000,0x00007f64d8565000)]
  0x00007f64dc079000 JavaThread "Finalizer" daemon [_thread_blocked, id=15332, stack(0x00007f64d8565000,0x00007f64d8666000)]
  0x00007f64dc077000 JavaThread "Reference Handler" daemon [_thread_blocked, id=15331, stack(0x00007f64d8666000,0x00007f64d8767000)]
  0x00007f64dc008800 JavaThread "main" [_thread_blocked, id=15325, stack(0x00007f64e3bed000,0x00007f64e3cee000)]

Other Threads:
=>0x00007f64dc070000 VMThread [stack: 0x00007f64d8767000,0x00007f64d8868000] [id=15330]

VM state:at safepoint (shutting down)

VM Mutex/Monitor currently owned by a thread:  ([mutex/lock_event])
[0x00007f64dc004dd0] Threads_lock - owner thread: 0x00007f64dc070000

Heap
 PSYoungGen      total 34880K, used 11488K [0x00000000d9200000, 0x00000000db8e0000, 0x0000000100000000)
  eden space 29952K, 38% used [0x00000000d9200000,0x00000000d9d38390,0x00000000daf40000)
  from space 4928K, 0% used [0x00000000db410000,0x00000000db410000,0x00000000db8e0000)
  to   space 4928K, 0% used [0x00000000daf40000,0x00000000daf40000,0x00000000db410000)
 PSOldGen        total 79616K, used 0K [0x000000008b600000, 0x00000000903c0000, 0x00000000d9200000)
  object space 79616K, 0% used [0x000000008b600000,0x000000008b600000,0x00000000903c0000)
 PSPermGen       total 21248K, used 11337K [0x0000000081000000, 0x00000000824c0000, 0x000000008b600000)
  object space 21248K, 53% used [0x0000000081000000,0x0000000081b12780,0x00000000824c0000)

Code Cache  [0x00007f64d9000000, 0x00007f64d9270000, 0x00007f64dc000000)
 total_blobs=580 nmethods=95 adapters=439 free_code_cache=49618048 largest_free_block=11968

Dynamic libraries:
00400000-00409000 r-xp 00000000 08:03 18618890                           /usr/lib/jvm/java-6-openjdk-amd64/jre/bin/java
00608000-00609000 r--p 00008000 08:03 18618890                           /usr/lib/jvm/java-6-openjdk-amd64/jre/bin/java
00609000-0060a000 rw-p 00009000 08:03 18618890                           /usr/lib/jvm/java-6-openjdk-amd64/jre/bin/java
02573000-02594000 rw-p 00000000 00:00 0                                  [heap]
81000000-824c0000 rw-p 00000000 00:00 0 
824c0000-8b600000 rw-p 00000000 00:00 0 
8b600000-903c0000 rw-p 00000000 00:00 0 
903c0000-d9200000 rw-p 00000000 00:00 0 
d9200000-db8e0000 rw-p 00000000 00:00 0 
db8e0000-100000000 rw-p 00000000 00:00 0 
7f648c000000-7f648c021000 rw-p 00000000 00:00 0 
7f648c021000-7f6490000000 ---p 00000000 00:00 0 
7f6490000000-7f6490021000 rw-p 00000000 00:00 0 
7f6490021000-7f6494000000 ---p 00000000 00:00 0 
7f6494000000-7f6494021000 rw-p 00000000 00:00 0 
7f6494021000-7f6498000000 ---p 00000000 00:00 0 
7f649982b000-7f649982e000 ---p 00000000 00:00 0 
7f649982e000-7f649992c000 rw-p 00000000 00:00 0 
7f649992c000-7f649992f000 ---p 00000000 00:00 0 
7f649992f000-7f6499c2f000 rw-p 00000000 00:00 0 
7f6499c2f000-7f6499c32000 r-xp 00000000 08:03 15602613                   /home/arwilczek90/workspace/Elements/lib/slick/libjinput-linux64.so
7f6499c32000-7f6499d31000 ---p 00003000 08:03 15602613                   /home/arwilczek90/workspace/Elements/lib/slick/libjinput-linux64.so
7f6499d31000-7f6499d32000 rw-p 00002000 08:03 15602613                   /home/arwilczek90/workspace/Elements/lib/slick/libjinput-linux64.so
7f6499d32000-7f649bc8c000 r-xp 00000000 08:03 19009510                   /usr/lib/fglrx/dri/fglrx_dri.so
7f649bc8c000-7f649bd8c000 ---p 01f5a000 08:03 19009510                   /usr/lib/fglrx/dri/fglrx_dri.so
7f649bd8c000-7f649beda000 rwxp 01f5a000 08:03 19009510                   /usr/lib/fglrx/dri/fglrx_dri.so
7f649beda000-7f649c000000 rwxp 00000000 00:00 0 
7f649c000000-7f649c021000 rw-p 00000000 00:00 0 
7f649c021000-7f64a0000000 ---p 00000000 00:00 0 
7f64a0000000-7f64a0021000 rw-p 00000000 00:00 0 
7f64a0021000-7f64a4000000 ---p 00000000 00:00 0 
7f64a4000000-7f64a4021000 rw-p 00000000 00:00 0 
7f64a4021000-7f64a8000000 ---p 00000000 00:00 0 
7f64a8000000-7f64a8021000 rw-p 00000000 00:00 0 
7f64a8021000-7f64ac000000 ---p 00000000 00:00 0 
7f64ac000000-7f64ac1db000 rw-p 00000000 00:00 0 
7f64ac1db000-7f64b0000000 ---p 00000000 00:00 0 
7f64b0000000-7f64b016c000 rw-p 00000000 00:00 0 
7f64b016c000-7f64b4000000 ---p 00000000 00:00 0 
7f64b4000000-7f64b4021000 rw-p 00000000 00:00 0 
7f64b4021000-7f64b8000000 ---p 00000000 00:00 0 
7f64b8000000-7f64b8021000 rw-p 00000000 00:00 0 
7f64b8021000-7f64bc000000 ---p 00000000 00:00 0 
7f64bc099000-7f64bc09c000 ---p 00000000 00:00 0 
7f64bc09c000-7f64bc19a000 rw-p 00000000 00:00 0 
7f64bc19a000-7f64bc19f000 r--s 0002f000 08:03 15598498                   /home/arwilczek90/workspace/Elements/lib/slick/lib/jinput.jar
7f64bc19f000-7f64bc1a1000 r--s 00008000 08:03 15598497                   /home/arwilczek90/workspace/Elements/lib/slick/lib/ibxm.jar
7f64bc1a1000-7f64bc1a4000 r--s 0005b000 08:03 15598496                   /home/arwilczek90/workspace/Elements/lib/slick/lib/hiero.jar
7f64bc1a4000-7f64bc1a5000 r--s 00007000 08:03 15597697                   /home/arwilczek90/workspace/Elements/lib/slick/applet/lwjgl_util_applet.jar
7f64bc1e5000-7f64bc8e5000 rw-s 00006000 00:05 10225                      /dev/ati/card0
7f64bc8e5000-7f64bc8e7000 r-xp 00000000 08:03 18488267                   /usr/lib/x86_64-linux-gnu/libXinerama.so.1.0.0
7f64bc8e7000-7f64bcae6000 ---p 00002000 08:03 18488267                   /usr/lib/x86_64-linux-gnu/libXinerama.so.1.0.0
7f64bcae6000-7f64bcae7000 r--p 00001000 08:03 18488267                   /usr/lib/x86_64-linux-gnu/libXinerama.so.1.0.0
7f64bcae7000-7f64bcae8000 rw-p 00002000 08:03 18488267                   /usr/lib/x86_64-linux-gnu/libXinerama.so.1.0.0
7f64bcae8000-7f64bcb23000 r-xp 00000000 08:03 19009508                   /usr/lib/fglrx/libatiadlxx.so
7f64bcb23000-7f64bcc23000 ---p 0003b000 08:03 19009508                   /usr/lib/fglrx/libatiadlxx.so
7f64bcc23000-7f64bcc2c000 rw-p 0003b000 08:03 19009508                   /usr/lib/fglrx/libatiadlxx.so
7f64bcc2c000-7f64bcc3d000 rw-p 00000000 00:00 0 
7f64bcc57000-7f64bcc97000 rw-s f0300000 00:05 10225                      /dev/ati/card0
7f64bcc97000-7f64bcc9e000 r-xp 00000000 08:03 19009532                   /usr/lib/fglrx/libatiuki.so.1.0
7f64bcc9e000-7f64bcd9e000 ---p 00007000 08:03 19009532                   /usr/lib/fglrx/libatiuki.so.1.0
7f64bcd9e000-7f64bcd9f000 rw-p 00007000 08:03 19009532                   /usr/lib/fglrx/libatiuki.so.1.0
7f64bcd9f000-7f64bcda0000 rw-p 00000000 00:00 0 
7f64bcda0000-7f64bce63000 r-xp 00000000 08:03 19009512                   /usr/lib/fglrx/libGL.so.1.2
7f64bce63000-7f64bcf62000 ---p 000c3000 08:03 19009512                   /usr/lib/fglrx/libGL.so.1.2
7f64bcf62000-7f64bcf89000 rwxp 000c2000 08:03 19009512                   /usr/lib/fglrx/libGL.so.1.2
7f64bcf89000-7f64bcfa9000 rwxp 00000000 00:00 0 
7f64bcfa9000-7f64bcfaa000 r-xp 00000000 08:03 18618886                   /usr/lib/jvm/java-6-openjdk-amd64/jre/lib/amd64/libjawt.so
7f64bcfaa000-7f64bd1a9000 ---p 00001000 08:03 18618886                   /usr/lib/jvm/java-6-openjdk-amd64/jre/lib/amd64/libjawt.so
7f64bd1a9000-7f64bd1aa000 r--p 00000000 08:03 18618886                   /usr/lib/jvm/java-6-openjdk-amd64/jre/lib/amd64/libjawt.so
7f64bd1aa000-7f64bd1ab000 rw-p 00001000 08:03 18618886                   /usr/lib/jvm/java-6-openjdk-amd64/jre/lib/amd64/libjawt.so
7f64bd1ab000-7f64bd1af000 r-xp 00000000 08:03 18488287                   /usr/lib/x86_64-linux-gnu/libXxf86vm.so.1.0.0
7f64bd1af000-7f64bd3ae000 ---p 00004000 08:03 18488287                   /usr/lib/x86_64-linux-gnu/libXxf86vm.so.1.0.0
7f64bd3ae000-7f64bd3af000 r--p 00003000 08:03 18488287                   /usr/lib/x86_64-linux-gnu/libXxf86vm.so.1.0.0
7f64bd3af000-7f64bd3b0000 rw-p 00004000 08:03 18488287                   /usr/lib/x86_64-linux-gnu/libXxf86vm.so.1.0.0
7f64bd3b0000-7f64bd3b8000 r-xp 00000000 08:03 18488277                   /usr/lib/x86_64-linux-gnu/libXrandr.so.2.2.0
7f64bd3b8000-7f64bd5b7000 ---p 00008000 08:03 18488277                   /usr/lib/x86_64-linux-gnu/libXrandr.so.2.2.0
7f64bd5b7000-7f64bd5b8000 r--p 00007000 08:03 18488277                   /usr/lib/x86_64-linux-gnu/libXrandr.so.2.2.0
7f64bd5b8000-7f64bd5b9000 rw-p 00008000 08:03 18488277                   /usr/lib/x86_64-linux-gnu/libXrandr.so.2.2.0
7f64bd5b9000-7f64bd5f9000 r-xp 00000000 08:03 15602617                   /home/arwilczek90/workspace/Elements/lib/slick/liblwjgl64.so
7f64bd5f9000-7f64bd6f9000 ---p 00040000 08:03 15602617                   /home/arwilczek90/workspace/Elements/lib/slick/liblwjgl64.so
7f64bd6f9000-7f64bd6fb000 rw-p 00040000 08:03 15602617                   /home/arwilczek90/workspace/Elements/lib/slick/liblwjgl64.so
7f64bd6fb000-7f64bd6fe000 ---p 00000000 00:00 0 
7f64bd6fe000-7f64bd7fc000 rw-p 00000000 00:00 0 
7f64bd7fc000-7f64bd7fd000 r--s 00000000 08:03 19927127                   /var/cache/fontconfig/c05880de57d1f5e948fdfacc138775d9-le64.cache-3
7f64bd7fd000-7f64bd806000 r--s 00000000 08:03 19927122                   /var/cache/fontconfig/945677eb7aeaf62f1d50efc3fb3ec7d8-le64.cache-3
7f64bd806000-7f64bd808000 r--s 00000000 08:03 19927123                   /var/cache/fontconfig/99e8ed0e538f840c565b6ed5dad60d56-le64.cache-3
7f64bd808000-7f64bd80c000 r--s 00000000 08:03 19927109                   /var/cache/fontconfig/2cd17615ca594fa2959ae173292e504c-le64.cache-3
7f64bd80c000-7f64bd80d000 r--s 00000000 08:03 19927134                   /var/cache/fontconfig/e7071f4a29fa870f4323321c154eba04-le64.cache-3
7f64bd80d000-7f64bd80e000 r--s 00000000 08:03 19927107                   /var/cache/fontconfig/0d8c3b2ac0904cb8a57a757ad11a4a08-le64.cache-3
7f64bd80e000-7f64bd814000 r--s 00000000 08:03 19927124                   /var/cache/fontconfig/a755afe4a08bf5b97852ceb7400b47bc-le64.cache-3
7f64bd814000-7f64bd81d000 r--s 00000000 08:03 19927460                   /var/cache/fontconfig/6d41288fd70b0be22e8c3a91e032eec0-le64.cache-3
7f64bd81d000-7f64bd82d000 r--s 00000000 08:03 19927106                   /var/cache/fontconfig/04aabc0a78ac019cf9454389977116d2-le64.cache-3
7f64bd844000-7f64bd846000 r--s 00015000 08:03 15598514                   /home/arwilczek90/workspace/Elements/lib/slick/lib/tinylinepp.jar
7f64bd846000-7f64bd849000 r--s 00015000 08:03 15598512                   /home/arwilczek90/workspace/Elements/lib/slick/lib/slick-util.jar
7f64bd849000-7f64bd851000 r--s 00067000 08:03 15598510                   /home/arwilczek90/workspace/Elements/lib/slick/lib/slick-sources.jar
7f64bd851000-7f64bd85c000 r--s 00093000 08:03 15598513                   /home/arwilczek90/workspace/Elements/lib/slick/lib/slick.jar
7f64bd85c000-7f64bd861000 r-xp 00000000 08:03 18488261                   /usr/lib/x86_64-linux-gnu/libXfixes.so.3.1.0
7f64bd861000-7f64bda60000 ---p 00005000 08:03 18488261                   /usr/lib/x86_64-linux-gnu/libXfixes.so.3.1.0
7f64bda60000-7f64bda61000 r--p 00004000 08:03 18488261                   /usr/lib/x86_64-linux-gnu/libXfixes.so.3.1.0
7f64bda61000-7f64bda62000 rw-p 00005000 08:03 18488261                   /usr/lib/x86_64-linux-gnu/libXfixes.so.3.1.0
7f64bda62000-7f64bda6b000 r-xp 00000000 08:03 18488253                   /usr/lib/x86_64-linux-gnu/libXcursor.so.1.0.2
7f64bda6b000-7f64bdc6a000 ---p 00009000 08:03 18488253                   /usr/lib/x86_64-linux-gnu/libXcursor.so.1.0.2
7f64bdc6a000-7f64bdc6b000 r--p 00008000 08:03 18488253                   /usr/lib/x86_64-linux-gnu/libXcursor.so.1.0.2
7f64bdc6b000-7f64bdc6c000 rw-p 00009000 08:03 18488253                   /usr/lib/x86_64-linux-gnu/libXcursor.so.1.0.2
7f64bdc6c000-7f64bdc6d000 r--s 00000000 08:03 15598509                   /home/arwilczek90/workspace/Elements/lib/slick/lib/slick-examples.jar
7f64bdc6d000-7f64bdc6e000 r--s 00003000 08:03 15598508                   /home/arwilczek90/workspace/Elements/lib/slick/lib/scalar.jar
7f64bdc6e000-7f64bdc71000 r--s 00017000 08:03 15598507                   /home/arwilczek90/workspace/Elements/lib/slick/lib/pedigree.jar
7f64bdc71000-7f64bdc73000 r--s 00004000 08:03 15598506                   /home/arwilczek90/workspace/Elements/lib/slick/lib/packulike.jar
7f64bdc73000-7f64bdc74000 r--s 00043000 08:03 15598505                   /home/arwilczek90/workspace/Elements/lib/slick/lib/natives-win32.jar
7f64bdc74000-7f64bdc7b000 r--s 00073000 08:03 15598502                   /home/arwilczek90/workspace/Elements/lib/slick/lib/lwjgl.jar
7f64bdc7b000-7f64bdc86000 r--s 00093000 08:03 15597692                   /home/arwilczek90/workspace/Elements/lib/slick.jar
7f64bdc86000-7f64bdc8d000 r--s 000fb000 08:03 18618812                   /usr/lib/jvm/java-6-openjdk-common/jre/lib/resources.jar
7f64bdc8d000-7f64bdc90000 ---p 00000000 00:00 0 
7f64bdc90000-7f64bdd8e000 rw-p 00000000 00:00 0 
7f64bdd8e000-7f64bde24000 r-xp 00000000 08:03 18488439                   /usr/lib/x86_64-linux-gnu/libfreetype.so.6.8.0
7f64bde24000-7f64be023000 ---p 00096000 08:03 18488439                   /usr/lib/x86_64-linux-gnu/libfreetype.so.6.8.0
7f64be023000-7f64be029000 r--p 00095000 08:03 18488439                   /usr/lib/x86_64-linux-gnu/libfreetype.so.6.8.0
7f64be029000-7f64be02a000 rw-p 0009b000 08:03 18488439                   /usr/lib/x86_64-linux-gnu/libfreetype.so.6.8.0
7f64be02a000-7f64be064000 r-xp 00000000 08:03 18618871                   /usr/lib/jvm/java-6-openjdk-amd64/jre/lib/amd64/libfontmanager.so
7f64be064000-7f64be263000 ---p 0003a000 08:03 18618871                   /usr/lib/jvm/java-6-openjdk-amd64/jre/lib/amd64/libfontmanager.so
7f64be263000-7f64be265000 r--p 00039000 08:03 18618871                   /usr/lib/jvm/java-6-openjdk-amd64/jre/lib/amd64/libfontmanager.so
7f64be265000-7f64be266000 rw-p 0003b000 08:03 18618871                   /usr/lib/jvm/java-6-openjdk-amd64/jre/lib/amd64/libfontmanager.so
7f64be266000-7f64be26b000 r-xp 00000000 08:03 18488257                   /usr/lib/x86_64-linux-gnu/libXdmcp.so.6.0.0
7f64be26b000-7f64be46a000 ---p 00005000 08:03 18488257                   /usr/lib/x86_64-linux-gnu/libXdmcp.so.6.0.0
7f64be46a000-7f64be46b000 r--p 00004000 08:03 18488257                   /usr/lib/x86_64-linux-gnu/libXdmcp.so.6.0.0
7f64be46b000-7f64be46c000 rw-p 00005000 08:03 18488257                   /usr/lib/x86_64-linux-gnu/libXdmcp.so.6.0.0
7f64be46c000-7f64be46e000 r-xp 00000000 08:03 18488246                   /usr/lib/x86_64-linux-gnu/libXau.so.6.0.0
7f64be46e000-7f64be66d000 ---p 00002000 08:03 18488246                   /usr/lib/x86_64-linux-gnu/libXau.so.6.0.0
7f64be66d000-7f64be66e000 r--p 00001000 08:03 18488246                   /usr/lib/x86_64-linux-gnu/libXau.so.6.0.0
7f64be66e000-7f64be66f000 rw-p 00002000 08:03 18488246                   /usr/lib/x86_64-linux-gnu/libXau.so.6.0.0
7f64be66f000-7f64be68c000 r-xp 00000000 08:03 18488845                   /usr/lib/x86_64-linux-gnu/libxcb.so.1.1.0
7f64be68c000-7f64be88b000 ---p 0001d000 08:03 18488845                   /usr/lib/x86_64-linux-gnu/libxcb.so.1.1.0
7f64be88b000-7f64be88c000 r--p 0001c000 08:03 18488845                   /usr/lib/x86_64-linux-gnu/libxcb.so.1.1.0
7f64be88c000-7f64be88d000 rw-p 0001d000 08:03 18488845                   /usr/lib/x86_64-linux-gnu/libxcb.so.1.1.0
7f64be88d000-7f64be89b000 r-xp 00000000 08:03 18488265                   /usr/lib/x86_64-linux-gnu/libXi.so.6.1.0
7f64be89b000-7f64bea9a000 ---p 0000e000 08:03 18488265                   /usr/lib/x86_64-linux-gnu/libXi.so.6.1.0
7f64bea9a000-7f64bea9b000 r--p 0000d000 08:03 18488265                   /usr/lib/x86_64-linux-gnu/libXi.so.6.1.0
7f64bea9b000-7f64bea9c000 rw-p 0000e000 08:03 18488265                   /usr/lib/x86_64-linux-gnu/libXi.so.6.1.0
7f64bea9c000-7f64beaa1000 r-xp 00000000 08:03 18488283                   /usr/lib/x86_64-linux-gnu/libXtst.so.6.1.0
7f64beaa1000-7f64beca0000 ---p 00005000 08:03 18488283                   /usr/lib/x86_64-linux-gnu/libXtst.so.6.1.0
7f64beca0000-7f64beca1000 r--p 00004000 08:03 18488283                   /usr/lib/x86_64-linux-gnu/libXtst.so.6.1.0
7f64beca1000-7f64beca2000 rw-p 00005000 08:03 18488283                   /usr/lib/x86_64-linux-gnu/libXtst.so.6.1.0
7f64beca2000-7f64becab000 r-xp 00000000 08:03 18488279                   /usr/lib/x86_64-linux-gnu/libXrender.so.1.3.0
7f64becab000-7f64beeaa000 ---p 00009000 08:03 18488279                   /usr/lib/x86_64-linux-gnu/libXrender.so.1.3.0
7f64beeaa000-7f64beeab000 r--p 00008000 08:03 18488279                   /usr/lib/x86_64-linux-gnu/libXrender.so.1.3.0
7f64beeab000-7f64beeac000 rw-p 00009000 08:03 18488279                   /usr/lib/x86_64-linux-gnu/libXrender.so.1.3.0
7f64beeac000-7f64befdb000 r-xp 00000000 08:03 18488244                   /usr/lib/x86_64-linux-gnu/libX11.so.6.3.0
7f64befdb000-7f64bf1db000 ---p 0012f000 08:03 18488244                   /usr/lib/x86_64-linux-gnu/libX11.so.6.3.0
7f64bf1db000-7f64bf1dc000 r--p 0012f000 08:03 18488244                   /usr/lib/x86_64-linux-gnu/libX11.so.6.3.0
7f64bf1dc000-7f64bf1e0000 rw-p 00130000 08:03 18488244                   /usr/lib/x86_64-linux-gnu/libX11.so.6.3.0
7f64bf1e0000-7f64bf1f0000 r-xp 00000000 08:03 18488259                   /usr/lib/x86_64-linux-gnu/libXext.so.6.4.0
7f64bf1f0000-7f64bf3ef000 ---p 00010000 08:03 18488259                   /usr/lib/x86_64-linux-gnu/libXext.so.6.4.0
7f64bf3ef000-7f64bf3f0000 r--p 0000f000 08:03 18488259                   /usr/lib/x86_64-linux-gnu/libXext.so.6.4.0
7f64bf3f0000-7f64bf3f1000 rw-p 00010000 08:03 18488259                   /usr/lib/x86_64-linux-gnu/libXext.so.6.4.0
7f64bf3f1000-7f64bf43c000 r-xp 00000000 08:03 18618972                   /usr/lib/jvm/java-6-openjdk-amd64/jre/lib/amd64/xawt/libmawt.so
7f64bf43c000-7f64bf63c000 ---p 0004b000 08:03 18618972                   /usr/lib/jvm/java-6-openjdk-amd64/jre/lib/amd64/xawt/libmawt.so
7f64bf63c000-7f64bf63d000 r--p 0004b000 08:03 18618972                   /usr/lib/jvm/java-6-openjdk-amd64/jre/lib/amd64/xawt/libmawt.so
7f64bf63d000-7f64bf640000 rw-p 0004c000 08:03 18618972                   /usr/lib/jvm/java-6-openjdk-amd64/jre/lib/amd64/xawt/libmawt.so
7f64bf640000-7f64bf641000 rw-p 00000000 00:00 0 
7f64bf641000-7f64bf6ed000 r-xp 00000000 08:03 18618874                   /usr/lib/jvm/java-6-openjdk-amd64/jre/lib/amd64/libawt.so
7f64bf6ed000-7f64bf8ec000 ---p 000ac000 08:03 18618874                   /usr/lib/jvm/java-6-openjdk-amd64/jre/lib/amd64/libawt.so
7f64bf8ec000-7f64bf8ed000 r--p 000ab000 08:03 18618874                   /usr/lib/jvm/java-6-openjdk-amd64/jre/lib/amd64/libawt.so
7f64bf8ed000-7f64bf8f8000 rw-p 000ac000 08:03 18618874                   /usr/lib/jvm/java-6-openjdk-amd64/jre/lib/amd64/libawt.so
7f64bf8f8000-7f64bf91d000 rw-p 00000000 00:00 0 
7f64bf91d000-7f64c0000000 r--p 00000000 08:03 18487587                   /usr/lib/locale/locale-archive
7f64c0000000-7f64c0021000 rw-p 00000000 00:00 0 
7f64c0021000-7f64c4000000 ---p 00000000 00:00 0 
7f64c4000000-7f64c4021000 rw-p 00000000 00:00 0 
7f64c4021000-7f64c8000000 ---p 00000000 00:00 0 
7f64c8000000-7f64c8021000 rw-p 00000000 00:00 0 
7f64c8021000-7f64cc000000 ---p 00000000 00:00 0 
7f64cc000000-7f64cc021000 rw-p 00000000 00:00 0 
7f64cc021000-7f64d0000000 ---p 00000000 00:00 0 
7f64d0000000-7f64d0021000 rw-p 00000000 00:00 0 
7f64d0021000-7f64d4000000 ---p 00000000 00:00 0 
7f64d4000000-7f64d4021000 rw-p 00000000 00:00 0 
7f64d4021000-7f64d8000000 ---p 00000000 00:00 0 
7f64d8000000-7f64d8002000 r--s 00033000 08:03 15598504                   /home/arwilczek90/workspace/Elements/lib/slick/lib/natives-mac.jar
7f64d8002000-7f64d8003000 r--s 0003d000 08:03 15598503                   /home/arwilczek90/workspace/Elements/lib/slick/lib/natives-linux.jar
7f64d8003000-7f64d8005000 r--s 0000d000 08:03 15598501                   /home/arwilczek90/workspace/Elements/lib/slick/lib/jorbis-0.0.15.jar
7f64d8005000-7f64d8006000 r--s 00001000 08:03 15598500                   /home/arwilczek90/workspace/Elements/lib/slick/lib/jogg-0.0.7.jar
7f64d8006000-7f64d8007000 r--s 00001000 08:03 15598499                   /home/arwilczek90/workspace/Elements/lib/slick/lib/jnlp.jar
7f64d8007000-7f64d8008000 rw-s 00005000 00:05 10225                      /dev/ati/card0
7f64d8008000-7f64d800b000 r--s 00000000 08:03 19927112                   /var/cache/fontconfig/385c0604a188198f04d133e54aba7fe7-le64.cache-3
7f64d800b000-7f64d800c000 r--s 00000000 08:03 19927113                   /var/cache/fontconfig/4794a0821666d79190d59a36cb4f44b5-le64.cache-3
7f64d800c000-7f64d800f000 r--s 00000000 08:03 19927121                   /var/cache/fontconfig/8801497958630a81b71ace7c5f9b32a8-le64.cache-3
7f64d800f000-7f64d803d000 r--s 00000000 08:03 19927454                   /var/cache/fontconfig/365b55f210c0a22e9a19e35191240f32-le64.cache-3
7f64d803d000-7f64d8042000 r--s 00000000 08:03 19927110                   /var/cache/fontconfig/3047814df9a2f067bd2d96a2b9c36e5a-le64.cache-3
7f64d8042000-7f64d8047000 r--s 00000000 08:03 19927125                   /var/cache/fontconfig/b47c4e1ecd0709278f4910c18777a504-le64.cache-3
7f64d8047000-7f64d804a000 r--s 0007d000 08:03 18618443                   /usr/lib/jvm/java-6-openjdk-common/jre/lib/jsse.jar
7f64d804a000-7f64d8051000 r--s 00073000 08:03 15597691                   /home/arwilczek90/workspace/Elements/lib/lwjgl.jar
7f64d8051000-7f64d8053000 r--s 0000f000 08:03 18618803                   /usr/lib/jvm/java-6-openjdk-common/jre/lib/ext/pulse-java.jar
7f64d8053000-7f64d8056000 r--s 00077000 08:03 18618797                   /usr/lib/jvm/java-6-openjdk-common/jre/lib/ext/localedata.jar
7f64d8056000-7f64d8057000 r--s 00007000 08:03 18748229                   /usr/share/java/java-atk-wrapper.jar
7f64d8057000-7f64d8059000 r--s 00001000 08:03 18618801                   /usr/lib/jvm/java-6-openjdk-common/jre/lib/ext/dnsns.jar
7f64d8059000-7f64d805d000 r--s 00038000 08:03 18618795                   /usr/lib/jvm/java-6-openjdk-common/jre/lib/ext/sunpkcs11.jar
7f64d805d000-7f64d8060000 r--s 00031000 08:03 18618799                   /usr/lib/jvm/java-6-openjdk-common/jre/lib/ext/sunjce_provider.jar
7f64d8060000-7f64d8061000 ---p 00000000 00:00 0 
7f64d8061000-7f64d8161000 rw-p 00000000 00:00 0 
7f64d8161000-7f64d8164000 ---p 00000000 00:00 0 
7f64d8164000-7f64d8262000 rw-p 00000000 00:00 0 
7f64d8262000-7f64d8265000 ---p 00000000 00:00 0 
7f64d8265000-7f64d8363000 rw-p 00000000 00:00 0 
7f64d8363000-7f64d8366000 ---p 00000000 00:00 0 
7f64d8366000-7f64d8464000 rw-p 00000000 00:00 0 
7f64d8464000-7f64d8467000 ---p 00000000 00:00 0 
7f64d8467000-7f64d8565000 rw-p 00000000 00:00 0 
7f64d8565000-7f64d8568000 ---p 00000000 00:00 0 
7f64d8568000-7f64d8666000 rw-p 00000000 00:00 0 
7f64d8666000-7f64d8669000 ---p 00000000 00:00 0 
7f64d8669000-7f64d8767000 rw-p 00000000 00:00 0 
7f64d8767000-7f64d8768000 ---p 00000000 00:00 0 
7f64d8768000-7f64d8d6d000 rw-p 00000000 00:00 0 
7f64d8d6d000-7f64d8eff000 r--s 037bf000 08:03 18618843                   /usr/lib/jvm/java-6-openjdk-amd64/jre/lib/rt.jar
7f64d8eff000-7f64d8f00000 ---p 00000000 00:00 0 
7f64d8f00000-7f64d9000000 rw-p 00000000 00:00 0 
7f64d9000000-7f64d9270000 rwxp 00000000 00:00 0 
7f64d9270000-7f64dcd91000 rw-p 00000000 00:00 0 
7f64dcd91000-7f64e0000000 ---p 00000000 00:00 0 
7f64e0000000-7f64e0010000 r--s 00000000 08:03 19927130                   /var/cache/fontconfig/d52a8644073d54c13679302ca1180695-le64.cache-3
7f64e0010000-7f64e0011000 r--s 00000000 08:03 19927127                   /var/cache/fontconfig/c05880de57d1f5e948fdfacc138775d9-le64.cache-3
7f64e0011000-7f64e001a000 r--s 00000000 08:03 19927122                   /var/cache/fontconfig/945677eb7aeaf62f1d50efc3fb3ec7d8-le64.cache-3
7f64e001a000-7f64e001c000 r--s 00000000 08:03 19927123                   /var/cache/fontconfig/99e8ed0e538f840c565b6ed5dad60d56-le64.cache-3
7f64e001c000-7f64e0020000 r--s 00000000 08:03 19927109                   /var/cache/fontconfig/2cd17615ca594fa2959ae173292e504c-le64.cache-3
7f64e0020000-7f64e0021000 r--s 00000000 08:03 19927134                   /var/cache/fontconfig/e7071f4a29fa870f4323321c154eba04-le64.cache-3
7f64e0021000-7f64e0022000 r--s 00000000 08:03 19927107                   /var/cache/fontconfig/0d8c3b2ac0904cb8a57a757ad11a4a08-le64.cache-3
7f64e0022000-7f64e0028000 r--s 00000000 08:03 19927124                   /var/cache/fontconfig/a755afe4a08bf5b97852ceb7400b47bc-le64.cache-3
7f64e0028000-7f64e0031000 r--s 00000000 08:03 19927460                   /var/cache/fontconfig/6d41288fd70b0be22e8c3a91e032eec0-le64.cache-3
7f64e0031000-7f64e0041000 r--s 00000000 08:03 19927106                   /var/cache/fontconfig/04aabc0a78ac019cf9454389977116d2-le64.cache-3
7f64e0041000-7f64e0044000 r--s 00000000 08:03 19927112                   /var/cache/fontconfig/385c0604a188198f04d133e54aba7fe7-le64.cache-3
7f64e0044000-7f64e0045000 r--s 00000000 08:03 19927113                   /var/cache/fontconfig/4794a0821666d79190d59a36cb4f44b5-le64.cache-3
7f64e0045000-7f64e0048000 r--s 00000000 08:03 19927121                   /var/cache/fontconfig/8801497958630a81b71ace7c5f9b32a8-le64.cache-3
7f64e0048000-7f64e0076000 r--s 00000000 08:03 19927454                   /var/cache/fontconfig/365b55f210c0a22e9a19e35191240f32-le64.cache-3
7f64e0076000-7f64e00d1000 rw-p 00000000 00:00 0 
7f64e00d1000-7f64e00d2000 ---p 00000000 00:00 0 
7f64e00d2000-7f64e01d2000 rw-p 00000000 00:00 0 
7f64e01d2000-7f64e01d3000 ---p 00000000 00:00 0 
7f64e01d3000-7f64e02d3000 rw-p 00000000 00:00 0 
7f64e02d3000-7f64e02d4000 ---p 00000000 00:00 0 
7f64e02d4000-7f64e03df000 rw-p 00000000 00:00 0 
7f64e03df000-7f64e0427000 rw-p 00000000 00:00 0 
7f64e0427000-7f64e044e000 rw-p 00000000 00:00 0 
7f64e044e000-7f64e0695000 rw-p 00000000 00:00 0 
7f64e0695000-7f64e06a0000 rw-p 00000000 00:00 0 
7f64e06a0000-7f64e06e8000 rw-p 00000000 00:00 0 
7f64e06e8000-7f64e070f000 rw-p 00000000 00:00 0 
7f64e070f000-7f64e0956000 rw-p 00000000 00:00 0 
7f64e0956000-7f64e096a000 rw-p 00000000 00:00 0 
7f64e096a000-7f64e0a8d000 rw-p 00000000 00:00 0 
7f64e0a8d000-7f64e0a8e000 rw-p 00000000 00:00 0 
7f64e0a8e000-7f64e0a95000 r-xp 00000000 08:03 18618888                   /usr/lib/jvm/java-6-openjdk-amd64/jre/lib/amd64/libzip.so
7f64e0a95000-7f64e0c94000 ---p 00007000 08:03 18618888                   /usr/lib/jvm/java-6-openjdk-amd64/jre/lib/amd64/libzip.so
7f64e0c94000-7f64e0c95000 r--p 00006000 08:03 18618888                   /usr/lib/jvm/java-6-openjdk-amd64/jre/lib/amd64/libzip.so
7f64e0c95000-7f64e0c96000 rw-p 00007000 08:03 18618888                   /usr/lib/jvm/java-6-openjdk-amd64/jre/lib/amd64/libzip.so
7f64e0c96000-7f64e0ca2000 r-xp 00000000 08:03 21758081                   /lib/x86_64-linux-gnu/libnss_files-2.15.so
7f64e0ca2000-7f64e0ea1000 ---p 0000c000 08:03 21758081                   /lib/x86_64-linux-gnu/libnss_files-2.15.so
7f64e0ea1000-7f64e0ea2000 r--p 0000b000 08:03 21758081                   /lib/x86_64-linux-gnu/libnss_files-2.15.so
7f64e0ea2000-7f64e0ea3000 rw-p 0000c000 08:03 21758081                   /lib/x86_64-linux-gnu/libnss_files-2.15.so
7f64e0ea3000-7f64e0ead000 r-xp 00000000 08:03 21758077                   /lib/x86_64-linux-gnu/libnss_nis-2.15.so
7f64e0ead000-7f64e10ad000 ---p 0000a000 08:03 21758077                   /lib/x86_64-linux-gnu/libnss_nis-2.15.so
7f64e10ad000-7f64e10ae000 r--p 0000a000 08:03 21758077                   /lib/x86_64-linux-gnu/libnss_nis-2.15.so
7f64e10ae000-7f64e10af000 rw-p 0000b000 08:03 21758077                   /lib/x86_64-linux-gnu/libnss_nis-2.15.so
7f64e10af000-7f64e10c6000 r-xp 00000000 08:03 21761730                   /lib/x86_64-linux-gnu/libnsl-2.15.so
7f64e10c6000-7f64e12c5000 ---p 00017000 08:03 21761730                   /lib/x86_64-linux-gnu/libnsl-2.15.so
7f64e12c5000-7f64e12c6000 r--p 00016000 08:03 21761730                   /lib/x86_64-linux-gnu/libnsl-2.15.so
7f64e12c6000-7f64e12c7000 rw-p 00017000 08:03 21761730                   /lib/x86_64-linux-gnu/libnsl-2.15.so
7f64e12c7000-7f64e12c9000 rw-p 00000000 00:00 0 
7f64e12c9000-7f64e12d1000 r-xp 00000000 08:03 21758082                   /lib/x86_64-linux-gnu/libnss_compat-2.15.so
7f64e12d1000-7f64e14d0000 ---p 00008000 08:03 21758082                   /lib/x86_64-linux-gnu/libnss_compat-2.15.so
7f64e14d0000-7f64e14d1000 r--p 00007000 08:03 21758082                   /lib/x86_64-linux-gnu/libnss_compat-2.15.so
7f64e14d1000-7f64e14d2000 rw-p 00008000 08:03 21758082                   /lib/x86_64-linux-gnu/libnss_compat-2.15.so
7f64e14d2000-7f64e14fe000 r-xp 00000000 08:03 18618873                   /usr/lib/jvm/java-6-openjdk-amd64/jre/lib/amd64/libjava.so
7f64e14fe000-7f64e16fd000 ---p 0002c000 08:03 18618873                   /usr/lib/jvm/java-6-openjdk-amd64/jre/lib/amd64/libjava.so
7f64e16fd000-7f64e16fe000 r--p 0002b000 08:03 18618873                   /usr/lib/jvm/java-6-openjdk-amd64/jre/lib/amd64/libjava.so
7f64e16fe000-7f64e1701000 rw-p 0002c000 08:03 18618873                   /usr/lib/jvm/java-6-openjdk-amd64/jre/lib/amd64/libjava.so
7f64e1701000-7f64e170f000 r-xp 00000000 08:03 18618872                   /usr/lib/jvm/java-6-openjdk-amd64/jre/lib/amd64/libverify.so
7f64e170f000-7f64e190e000 ---p 0000e000 08:03 18618872                   /usr/lib/jvm/java-6-openjdk-amd64/jre/lib/amd64/libverify.so
7f64e190e000-7f64e1910000 r--p 0000d000 08:03 18618872                   /usr/lib/jvm/java-6-openjdk-amd64/jre/lib/amd64/libverify.so
7f64e1910000-7f64e1911000 rw-p 0000f000 08:03 18618872                   /usr/lib/jvm/java-6-openjdk-amd64/jre/lib/amd64/libverify.so
7f64e1911000-7f64e1918000 r-xp 00000000 08:03 21758075                   /lib/x86_64-linux-gnu/librt-2.15.so
7f64e1918000-7f64e1b17000 ---p 00007000 08:03 21758075                   /lib/x86_64-linux-gnu/librt-2.15.so
7f64e1b17000-7f64e1b18000 r--p 00006000 08:03 21758075                   /lib/x86_64-linux-gnu/librt-2.15.so
7f64e1b18000-7f64e1b19000 rw-p 00007000 08:03 21758075                   /lib/x86_64-linux-gnu/librt-2.15.so
7f64e1b19000-7f64e1b2e000 r-xp 00000000 08:03 21761542                   /lib/x86_64-linux-gnu/libgcc_s.so.1
7f64e1b2e000-7f64e1d2d000 ---p 00015000 08:03 21761542                   /lib/x86_64-linux-gnu/libgcc_s.so.1
7f64e1d2d000-7f64e1d2e000 r--p 00014000 08:03 21761542                   /lib/x86_64-linux-gnu/libgcc_s.so.1
7f64e1d2e000-7f64e1d2f000 rw-p 00015000 08:03 21761542                   /lib/x86_64-linux-gnu/libgcc_s.so.1
7f64e1d2f000-7f64e1e28000 r-xp 00000000 08:03 21758079                   /lib/x86_64-linux-gnu/libm-2.15.so
7f64e1e28000-7f64e2027000 ---p 000f9000 08:03 21758079                   /lib/x86_64-linux-gnu/libm-2.15.so
7f64e2027000-7f64e2028000 r--p 000f8000 08:03 21758079                   /lib/x86_64-linux-gnu/libm-2.15.so
7f64e2028000-7f64e2029000 rw-p 000f9000 08:03 21758079                   /lib/x86_64-linux-gnu/libm-2.15.so
7f64e2029000-7f64e210b000 r-xp 00000000 08:03 18488773                   /usr/lib/x86_64-linux-gnu/libstdc++.so.6.0.16
7f64e210b000-7f64e230a000 ---p 000e2000 08:03 18488773                   /usr/lib/x86_64-linux-gnu/libstdc++.so.6.0.16
7f64e230a000-7f64e2312000 r--p 000e1000 08:03 18488773                   /usr/lib/x86_64-linux-gnu/libstdc++.so.6.0.16
7f64e2312000-7f64e2314000 rw-p 000e9000 08:03 18488773                   /usr/lib/x86_64-linux-gnu/libstdc++.so.6.0.16
7f64e2314000-7f64e2329000 rw-p 00000000 00:00 0 
7f64e2329000-7f64e2c2d000 r-xp 00000000 08:03 18618878                   /usr/lib/jvm/java-6-openjdk-amd64/jre/lib/amd64/server/libjvm.so
7f64e2c2d000-7f64e2e2d000 ---p 00904000 08:03 18618878                   /usr/lib/jvm/java-6-openjdk-amd64/jre/lib/amd64/server/libjvm.so
7f64e2e2d000-7f64e2ead000 r--p 00904000 08:03 18618878                   /usr/lib/jvm/java-6-openjdk-amd64/jre/lib/amd64/server/libjvm.so
7f64e2ead000-7f64e2ec8000 rw-p 00984000 08:03 18618878                   /usr/lib/jvm/java-6-openjdk-amd64/jre/lib/amd64/server/libjvm.so
7f64e2ec8000-7f64e2ef1000 rw-p 00000000 00:00 0 
7f64e2ef1000-7f64e2f07000 r-xp 00000000 08:03 21761632                   /lib/x86_64-linux-gnu/libz.so.1.2.3.4
7f64e2f07000-7f64e3106000 ---p 00016000 08:03 21761632                   /lib/x86_64-linux-gnu/libz.so.1.2.3.4
7f64e3106000-7f64e3107000 r--p 00015000 08:03 21761632                   /lib/x86_64-linux-gnu/libz.so.1.2.3.4
7f64e3107000-7f64e3108000 rw-p 00016000 08:03 21761632                   /lib/x86_64-linux-gnu/libz.so.1.2.3.4
7f64e3108000-7f64e32bd000 r-xp 00000000 08:03 21757975                   /lib/x86_64-linux-gnu/libc-2.15.so
7f64e32bd000-7f64e34bc000 ---p 001b5000 08:03 21757975                   /lib/x86_64-linux-gnu/libc-2.15.so
7f64e34bc000-7f64e34c0000 r--p 001b4000 08:03 21757975                   /lib/x86_64-linux-gnu/libc-2.15.so
7f64e34c0000-7f64e34c2000 rw-p 001b8000 08:03 21757975                   /lib/x86_64-linux-gnu/libc-2.15.so
7f64e34c2000-7f64e34c7000 rw-p 00000000 00:00 0 
7f64e34c7000-7f64e34c9000 r-xp 00000000 08:03 21757964                   /lib/x86_64-linux-gnu/libdl-2.15.so
7f64e34c9000-7f64e36c9000 ---p 00002000 08:03 21757964                   /lib/x86_64-linux-gnu/libdl-2.15.so
7f64e36c9000-7f64e36ca000 r--p 00002000 08:03 21757964                   /lib/x86_64-linux-gnu/libdl-2.15.so
7f64e36ca000-7f64e36cb000 rw-p 00003000 08:03 21757964                   /lib/x86_64-linux-gnu/libdl-2.15.so
7f64e36cb000-7f64e36cf000 r-xp 00000000 08:03 18618855                   /usr/lib/jvm/java-6-openjdk-amd64/jre/lib/amd64/jli/libjli.so
7f64e36cf000-7f64e38ce000 ---p 00004000 08:03 18618855                   /usr/lib/jvm/java-6-openjdk-amd64/jre/lib/amd64/jli/libjli.so
7f64e38ce000-7f64e38cf000 r--p 00003000 08:03 18618855                   /usr/lib/jvm/java-6-openjdk-amd64/jre/lib/amd64/jli/libjli.so
7f64e38cf000-7f64e38d0000 rw-p 00004000 08:03 18618855                   /usr/lib/jvm/java-6-openjdk-amd64/jre/lib/amd64/jli/libjli.so
7f64e38d0000-7f64e38e8000 r-xp 00000000 08:03 21758073                   /lib/x86_64-linux-gnu/libpthread-2.15.so
7f64e38e8000-7f64e3ae7000 ---p 00018000 08:03 21758073                   /lib/x86_64-linux-gnu/libpthread-2.15.so
7f64e3ae7000-7f64e3ae8000 r--p 00017000 08:03 21758073                   /lib/x86_64-linux-gnu/libpthread-2.15.so
7f64e3ae8000-7f64e3ae9000 rw-p 00018000 08:03 21758073                   /lib/x86_64-linux-gnu/libpthread-2.15.so
7f64e3ae9000-7f64e3aed000 rw-p 00000000 00:00 0 
7f64e3aed000-7f64e3b0f000 r-xp 00000000 08:03 21758085                   /lib/x86_64-linux-gnu/ld-2.15.so
7f64e3b0f000-7f64e3b11000 rw-s 00002000 00:05 10225                      /dev/ati/card0
7f64e3b11000-7f64e3b14000 r--s 00000000 08:03 19927196                   /var/cache/fontconfig/e13b20fdb08344e0e664864cc2ede53d-le64.cache-3
7f64e3b14000-7f64e3b18000 r--s 00000000 08:03 19927452                   /var/cache/fontconfig/7ef2298fde41cc6eeb7af42e48b7d293-le64.cache-3
7f64e3b18000-7f64e3b1d000 r--s 00000000 08:03 19927110                   /var/cache/fontconfig/3047814df9a2f067bd2d96a2b9c36e5a-le64.cache-3
7f64e3b1d000-7f64e3b2d000 r--s 00000000 08:03 19927130                   /var/cache/fontconfig/d52a8644073d54c13679302ca1180695-le64.cache-3
7f64e3b2d000-7f64e3b37000 rw-p 00000000 00:00 0 
7f64e3b37000-7f64e3bed000 rw-p 00000000 00:00 0 
7f64e3bed000-7f64e3bf0000 ---p 00000000 00:00 0 
7f64e3bf0000-7f64e3cf3000 rw-p 00000000 00:00 0 
7f64e3cf3000-7f64e3cf4000 r--s 00000000 08:03 19927115                   /var/cache/fontconfig/56cf4f4769d0f4abc89a4895d7bd3ae1-le64.cache-3
7f64e3cf4000-7f64e3cf5000 r--s 00000000 08:03 19927126                   /var/cache/fontconfig/b9d506c9ac06c20b433354fa67a72993-le64.cache-3
7f64e3cf5000-7f64e3cf6000 r--s 00000000 08:03 19927115                   /var/cache/fontconfig/56cf4f4769d0f4abc89a4895d7bd3ae1-le64.cache-3
7f64e3cf6000-7f64e3cf7000 r--s 00000000 08:03 19927126                   /var/cache/fontconfig/b9d506c9ac06c20b433354fa67a72993-le64.cache-3
7f64e3cf7000-7f64e3cfc000 r--s 00000000 08:03 19927125                   /var/cache/fontconfig/b47c4e1ecd0709278f4910c18777a504-le64.cache-3
7f64e3cfc000-7f64e3cff000 r--s 00000000 08:03 19927196                   /var/cache/fontconfig/e13b20fdb08344e0e664864cc2ede53d-le64.cache-3
7f64e3cff000-7f64e3d03000 r--s 00000000 08:03 19927452                   /var/cache/fontconfig/7ef2298fde41cc6eeb7af42e48b7d293-le64.cache-3
7f64e3d03000-7f64e3d0b000 rw-s 00000000 08:03 8126542                    /tmp/hsperfdata_arwilczek90/15320 (deleted)
7f64e3d0b000-7f64e3d0c000 rw-p 00000000 00:00 0 
7f64e3d0c000-7f64e3d0d000 ---p 00000000 00:00 0 
7f64e3d0d000-7f64e3d0f000 rw-p 00000000 00:00 0 
7f64e3d0f000-7f64e3d10000 r--p 00022000 08:03 21758085                   /lib/x86_64-linux-gnu/ld-2.15.so
7f64e3d10000-7f64e3d12000 rw-p 00023000 08:03 21758085                   /lib/x86_64-linux-gnu/ld-2.15.so
7fff48e69000-7fff48e8a000 rw-p 00000000 00:00 0                          [stack]
7fff48fff000-7fff49000000 r-xp 00000000 00:00 0                          [vdso]
ffffffffff600000-ffffffffff601000 r-xp 00000000 00:00 0                  [vsyscall]

VM Arguments:
jvm_args: -Djava.library.path=/home/arwilczek90/workspace/Elements/lib/slick:/home/arwilczek90/workspace/Elements/lib/slick -Dfile.encoding=UTF-8 
java_command: com.hack.elements.view.Main
Launcher Type: SUN_STANDARD

Environment Variables:
PATH=/usr/lib/lightdm/lightdm:/usr/local/sbin:/usr/local/bin:/usr/sbin:/usr/bin:/sbin:/bin:/usr/games
LD_LIBRARY_PATH=/usr/lib/jvm/java-6-openjdk-amd64/jre/lib/amd64/server:/usr/lib/jvm/java-6-openjdk-amd64/jre/lib/amd64:/usr/lib/jvm/java-6-openjdk-amd64/jre/../lib/amd64
SHELL=/bin/bash
DISPLAY=:0.0

Signal Handlers:
SIGSEGV: [libjvm.so+0x784310], sa_mask[0]=0x7ffbfeff, sa_flags=0x10000004
SIGBUS: [libjvm.so+0x784310], sa_mask[0]=0x7ffbfeff, sa_flags=0x10000004
SIGFPE: [libjvm.so+0x648580], sa_mask[0]=0x7ffbfeff, sa_flags=0x10000004
SIGPIPE: [libjvm.so+0x648580], sa_mask[0]=0x7ffbfeff, sa_flags=0x10000004
SIGXFSZ: [libjvm.so+0x648580], sa_mask[0]=0x7ffbfeff, sa_flags=0x10000004
SIGILL: [libjvm.so+0x648580], sa_mask[0]=0x7ffbfeff, sa_flags=0x10000004
SIGUSR1: SIG_DFL, sa_mask[0]=0x00000000, sa_flags=0x00000000
SIGUSR2: [libjvm.so+0x648730], sa_mask[0]=0x00000004, sa_flags=0x10000004
SIGHUP: [libjvm.so+0x64b250], sa_mask[0]=0x7ffbfeff, sa_flags=0x10000004
SIGINT: [libjvm.so+0x64b250], sa_mask[0]=0x7ffbfeff, sa_flags=0x10000004
SIGTERM: [libjvm.so+0x64b250], sa_mask[0]=0x7ffbfeff, sa_flags=0x10000004
SIGQUIT: [libjvm.so+0x64b250], sa_mask[0]=0x7ffbfeff, sa_flags=0x10000004


---------------  S Y S T E M  ---------------

OS:Ubuntu 12.04 (precise)
uname:Linux 3.2.0-32-generic #51-Ubuntu SMP Wed Sep 26 21:33:09 UTC 2012 x86_64
libc:glibc 2.15 NPTL 2.15 
rlimit: STACK 8192k, CORE 0k, NPROC 59545, NOFILE 4096, AS infinity
load average:1.45 1.02 0.86

/proc/meminfo:
MemTotal:        7639648 kB
MemFree:         4195264 kB
Buffers:          120360 kB
Cached:          1216260 kB
SwapCached:            0 kB
Active:          2222604 kB
Inactive:         743032 kB
Active(anon):    1629480 kB
Inactive(anon):    15400 kB
Active(file):     593124 kB
Inactive(file):   727632 kB
Unevictable:          20 kB
Mlocked:              20 kB
SwapTotal:       3818492 kB
SwapFree:        3818492 kB
Dirty:               432 kB
Writeback:             0 kB
AnonPages:       1629032 kB
Mapped:           307924 kB
Shmem:             15868 kB
Slab:             105984 kB
SReclaimable:      75484 kB
SUnreclaim:        30500 kB
KernelStack:        4344 kB
PageTables:        34244 kB
NFS_Unstable:          0 kB
Bounce:                0 kB
WritebackTmp:          0 kB
CommitLimit:     7638316 kB
Committed_AS:    4358096 kB
VmallocTotal:   34359738367 kB
VmallocUsed:      116912 kB
VmallocChunk:   34359619344 kB
HardwareCorrupted:     0 kB
AnonHugePages:         0 kB
HugePages_Total:       0
HugePages_Free:        0
HugePages_Rsvd:        0
HugePages_Surp:        0
Hugepagesize:       2048 kB
DirectMap4k:      329728 kB
DirectMap2M:     5416960 kB
DirectMap1G:     2097152 kB


CPU:total 4 (4 cores per cpu, 1 threads per core) family 18 model 1 stepping 0, cmov, cx8, fxsr, mmx, sse, sse2, sse3, popcnt, mmxext, 3dnowpref, lzcnt, sse4a

Memory: 4k page, physical 7639648k(4195264k free), swap 3818492k(3818492k free)

vm_info: OpenJDK 64-Bit Server VM (20.0-b12) for linux-amd64 JRE (1.6.0_24-b24), built on Sep  2 2012 19:50:47 by "buildd" with gcc 4.6.3

time: Sat Oct 13 20:17:50 2012
elapsed time: 24 seconds

