#
# A fatal error has been detected by the Java Runtime Environment:
#
#  SIGSEGV (0xb) at pc=0x00007f902eedfc58, pid=12081, tid=140257333245696
#
# JRE version: 6.0_24-b24
# Java VM: OpenJDK 64-Bit Server VM (20.0-b12 mixed mode linux-amd64 compressed oops)
# Derivative: IcedTea6 1.11.4
# Distribution: Ubuntu 12.04 LTS, package 6b24-1.11.4-1ubuntu0.12.04.1
# Problematic frame:
# C  [libX11.so.6+0x33c58]  XQueryExtension+0x28
#
# If you would like to submit a bug report, please include
# instructions how to reproduce the bug and visit:
#   https://bugs.launchpad.net/ubuntu/+source/openjdk-6/
#

---------------  T H R E A D  ---------------

Current thread (0x00007f9038070000):  VMThread [stack: 0x00007f9034767000,0x00007f9034868000] [id=12091]

siginfo:si_signo=SIGSEGV: si_errno=0, si_code=1 (SEGV_MAPERR), si_addr=0x0000000038271468

Registers:
RAX=0x00007f90100008c0, RBX=0x0000000038270b00, RCX=0x00007f9034866758, RDX=0x00007f9034866754
RSP=0x00007f90348666f0, RBP=0x00007f902ce48932, RSI=0x00007f902ce48932, RDI=0x0000000038270b00
R8 =0x00007f903486675c, R9 =0x0000000000000000, R10=0x00007f903f4cbfa8, R11=0x00007f903f14bca0
R12=0x0000000000000000, R13=0x00007f902ce48932, R14=0x00007f90100008c0, R15=0x0000000000000000
RIP=0x00007f902eedfc58, EFLAGS=0x0000000000010206, CSGSFS=0x0000000000000033, ERR=0x0000000000000004
  TRAPNO=0x000000000000000e

Top of Stack: (sp=0x00007f90348666f0)
0x00007f90348666f0:   00007f903f11e790 00007f903fcfa9e8
0x00007f9034866700:   00007f903509f440 00007f903509f4a0
0x00007f9034866710:   00000000ffffffff 0000000038270b00
0x00007f9034866720:   00007f902ce48932 0000000000000000
0x00007f9034866730:   00007f902ce48932 00007f90100008c0
0x00007f9034866740:   0000000000000000 00007f902eed3c55
0x00007f9034866750:   00007f903fd18048 00007f902cf81520
0x00007f9034866760:   00007f902cf81520 0000000038270b00
0x00007f9034866770:   00007f90381a9730 00007f902f1ed02b
0x00007f9034866780:   00007f903f11e790 000000110000002c
0x00007f9034866790:   00007f9034866810 0000000000000000
0x00007f90348667a0:   00007f9034866810 0000000038270b00
0x00007f90348667b0:   0000000000000000 00007f903fd18048
0x00007f90348667c0:   00007f902cf9ad50 00007f902cdef119
0x00007f90348667d0:   0000000000000000 000000000000002c
0x00007f90348667e0:   00007f9034866810 00007f9034866830
0x00007f90348667f0:   0000000000000000 00007f903fd18048
0x00007f9034866800:   00007f9038270660 00007f902cde5b42
0x00007f9034866810:   00007f9034866a00 00007f902ce488b1
0x00007f9034866820:   00007f9034866a00 00007f903fb0492d
0x00007f9034866830:   00007f903fd192c8 00007f903fd19858
0x00007f9034866840:   00007f903fcfa000 00007f9038006a00
0x00007f9034866850:   00007f9038007510 00007f9038006eb0
0x00007f9034866860:   00007f9038007a10 00007f903800c6f0
0x00007f9034866870:   00007f90381560b0 00007f9038156590
0x00007f9034866880:   00007f903fcf9000 00007f903826d210
0x00007f9034866890:   00007f9038267560 00007f9038267a00
0x00007f90348668a0:   00007f903826d6e0 00007f903826db80
0x00007f90348668b0:   00007f903826e020 00007f9038119d00
0x00007f90348668c0:   00007f90381154f0 00007f90380025e0
0x00007f90348668d0:   00007f9038001ec0 0000000000bd95f0
0x00007f90348668e0:   0000000000bd9b60 0000000000bda570 

Instructions: (pc=0x00007f902eedfc58)
0x00007f902eedfc38:   24 d8 48 89 fb 4c 89 64 24 e0 4c 89 6c 24 e8 48
0x00007f902eedfc48:   89 f5 4c 89 74 24 f0 4c 89 7c 24 f8 48 83 ec 58
0x00007f902eedfc58:   48 8b 87 68 09 00 00 49 89 d4 49 89 cd 4d 89 c6
0x00007f902eedfc68:   48 85 c0 74 02 ff 10 ba 08 00 00 00 be 62 00 00 

Register to memory mapping:

RAX=0x00007f90100008c0 is an unknown value
RBX=0x0000000038270b00 is an unknown value
RCX=0x00007f9034866758 is an unknown value
RDX=0x00007f9034866754 is an unknown value
RSP=0x00007f90348666f0 is an unknown value
RBP=0x00007f902ce48932: <offset 0x96932> in /usr/lib/fglrx/libGL.so.1 at 0x00007f902cdb2000
RSI=0x00007f902ce48932: <offset 0x96932> in /usr/lib/fglrx/libGL.so.1 at 0x00007f902cdb2000
RDI=0x0000000038270b00 is an unknown value
R8 =0x00007f903486675c is an unknown value
R9 =0x0000000000000000 is an unknown value
R10=0x00007f903f4cbfa8: <offset 0x3bbfa8> in /lib/x86_64-linux-gnu/libc.so.6 at 0x00007f903f110000
R11=0x00007f903f14bca0: __cxa_finalize+0 in /lib/x86_64-linux-gnu/libc.so.6 at 0x00007f903f110000
R12=0x0000000000000000 is an unknown value
R13=0x00007f902ce48932: <offset 0x96932> in /usr/lib/fglrx/libGL.so.1 at 0x00007f902cdb2000
R14=0x00007f90100008c0 is an unknown value
R15=0x0000000000000000 is an unknown value


Stack: [0x00007f9034767000,0x00007f9034868000],  sp=0x00007f90348666f0,  free space=1021k
Native frames: (J=compiled Java code, j=interpreted, Vv=VM code, C=native code)
C  [libX11.so.6+0x33c58]  XQueryExtension+0x28

VM_Operation (0x00007f903fcf4680): Exit, mode: safepoint, requested by thread 0x00007f9038008800


---------------  P R O C E S S  ---------------

Java Threads: ( => current thread )
  0x00007f9038b38000 JavaThread "Thread-2" daemon [_thread_blocked, id=12105, stack(0x00007f902c0ab000,0x00007f902c1ac000)]
  0x00007f903826c000 JavaThread "AWT-XAWT" daemon [_thread_in_native, id=12100, stack(0x00007f902d70d000,0x00007f902d80e000)]
  0x00007f9038167800 JavaThread "Java2D Disposer" daemon [_thread_blocked, id=12099, stack(0x00007f902dc8d000,0x00007f902dd8e000)]
  0x00007f903809e800 JavaThread "Low Memory Detector" daemon [_thread_blocked, id=12097, stack(0x00007f9034161000,0x00007f9034262000)]
  0x00007f903809c000 JavaThread "C2 CompilerThread1" daemon [_thread_blocked, id=12096, stack(0x00007f9034262000,0x00007f9034363000)]
  0x00007f9038099800 JavaThread "C2 CompilerThread0" daemon [_thread_blocked, id=12095, stack(0x00007f9034363000,0x00007f9034464000)]
  0x00007f9038098000 JavaThread "Signal Dispatcher" daemon [_thread_blocked, id=12094, stack(0x00007f9034464000,0x00007f9034565000)]
  0x00007f9038079000 JavaThread "Finalizer" daemon [_thread_blocked, id=12093, stack(0x00007f9034565000,0x00007f9034666000)]
  0x00007f9038077000 JavaThread "Reference Handler" daemon [_thread_blocked, id=12092, stack(0x00007f9034666000,0x00007f9034767000)]
  0x00007f9038008800 JavaThread "main" [_thread_blocked, id=12086, stack(0x00007f903fbf5000,0x00007f903fcf6000)]

Other Threads:
=>0x00007f9038070000 VMThread [stack: 0x00007f9034767000,0x00007f9034868000] [id=12091]

VM state:at safepoint (shutting down)

VM Mutex/Monitor currently owned by a thread:  ([mutex/lock_event])
[0x00007f9038004dd0] Threads_lock - owner thread: 0x00007f9038070000

Heap
 PSYoungGen      total 34880K, used 18726K [0x00000000d9200000, 0x00000000db8e0000, 0x0000000100000000)
  eden space 29952K, 62% used [0x00000000d9200000,0x00000000da449880,0x00000000daf40000)
  from space 4928K, 0% used [0x00000000db410000,0x00000000db410000,0x00000000db8e0000)
  to   space 4928K, 0% used [0x00000000daf40000,0x00000000daf40000,0x00000000db410000)
 PSOldGen        total 79616K, used 0K [0x000000008b600000, 0x00000000903c0000, 0x00000000d9200000)
  object space 79616K, 0% used [0x000000008b600000,0x000000008b600000,0x00000000903c0000)
 PSPermGen       total 21248K, used 11374K [0x0000000081000000, 0x00000000824c0000, 0x000000008b600000)
  object space 21248K, 53% used [0x0000000081000000,0x0000000081b1bb60,0x00000000824c0000)

Code Cache  [0x00007f9035000000, 0x00007f9035270000, 0x00007f9038000000)
 total_blobs=610 nmethods=125 adapters=439 free_code_cache=49563840 largest_free_block=18560

Dynamic libraries:
00400000-00409000 r-xp 00000000 08:03 18618890                           /usr/lib/jvm/java-6-openjdk-amd64/jre/bin/java
00608000-00609000 r--p 00008000 08:03 18618890                           /usr/lib/jvm/java-6-openjdk-amd64/jre/bin/java
00609000-0060a000 rw-p 00009000 08:03 18618890                           /usr/lib/jvm/java-6-openjdk-amd64/jre/bin/java
00bd9000-00bfa000 rw-p 00000000 00:00 0                                  [heap]
81000000-824c0000 rw-p 00000000 00:00 0 
824c0000-8b600000 rw-p 00000000 00:00 0 
8b600000-903c0000 rw-p 00000000 00:00 0 
903c0000-d9200000 rw-p 00000000 00:00 0 
d9200000-db8e0000 rw-p 00000000 00:00 0 
db8e0000-100000000 rw-p 00000000 00:00 0 
7f8fdc000000-7f8fdc021000 rw-p 00000000 00:00 0 
7f8fdc021000-7f8fe0000000 ---p 00000000 00:00 0 
7f8fe4000000-7f8fe4021000 rw-p 00000000 00:00 0 
7f8fe4021000-7f8fe8000000 ---p 00000000 00:00 0 
7f8fe8000000-7f8fe8021000 rw-p 00000000 00:00 0 
7f8fe8021000-7f8fec000000 ---p 00000000 00:00 0 
7f8fec000000-7f8fec021000 rw-p 00000000 00:00 0 
7f8fec021000-7f8ff0000000 ---p 00000000 00:00 0 
7f8ff0000000-7f8ff0021000 rw-p 00000000 00:00 0 
7f8ff0021000-7f8ff4000000 ---p 00000000 00:00 0 
7f8ff4000000-7f8ff4021000 rw-p 00000000 00:00 0 
7f8ff4021000-7f8ff8000000 ---p 00000000 00:00 0 
7f8ff8000000-7f8ff8021000 rw-p 00000000 00:00 0 
7f8ff8021000-7f8ffc000000 ---p 00000000 00:00 0 
7f9000000000-7f9000173000 rw-p 00000000 00:00 0 
7f9000173000-7f9004000000 ---p 00000000 00:00 0 
7f9004000000-7f9004621000 rw-p 00000000 00:00 0 
7f9004621000-7f9008000000 ---p 00000000 00:00 0 
7f9008000000-7f9008021000 rw-p 00000000 00:00 0 
7f9008021000-7f900c000000 ---p 00000000 00:00 0 
7f900c000000-7f900c021000 rw-p 00000000 00:00 0 
7f900c021000-7f9010000000 ---p 00000000 00:00 0 
7f9010000000-7f9010021000 rw-p 00000000 00:00 0 
7f9010021000-7f9014000000 ---p 00000000 00:00 0 
7f9014000000-7f9014021000 rw-p 00000000 00:00 0 
7f9014021000-7f9018000000 ---p 00000000 00:00 0 
7f9018000000-7f9018021000 rw-p 00000000 00:00 0 
7f9018021000-7f901c000000 ---p 00000000 00:00 0 
7f9020000000-7f9020021000 rw-p 00000000 00:00 0 
7f9020021000-7f9024000000 ---p 00000000 00:00 0 
7f902582b000-7f902582e000 ---p 00000000 00:00 0 
7f902582e000-7f902592c000 rw-p 00000000 00:00 0 
7f902592c000-7f902592f000 ---p 00000000 00:00 0 
7f902592f000-7f9025c2f000 rw-p 00000000 00:00 0 
7f9025c2f000-7f9025c32000 r-xp 00000000 08:03 15602613                   /home/arwilczek90/workspace/Elements/lib/slick/libjinput-linux64.so
7f9025c32000-7f9025d31000 ---p 00003000 08:03 15602613                   /home/arwilczek90/workspace/Elements/lib/slick/libjinput-linux64.so
7f9025d31000-7f9025d32000 rw-p 00002000 08:03 15602613                   /home/arwilczek90/workspace/Elements/lib/slick/libjinput-linux64.so
7f9025d32000-7f9027c8c000 r-xp 00000000 08:03 19009510                   /usr/lib/fglrx/dri/fglrx_dri.so
7f9027c8c000-7f9027d8c000 ---p 01f5a000 08:03 19009510                   /usr/lib/fglrx/dri/fglrx_dri.so
7f9027d8c000-7f9027eda000 rwxp 01f5a000 08:03 19009510                   /usr/lib/fglrx/dri/fglrx_dri.so
7f9027eda000-7f9028000000 rwxp 00000000 00:00 0 
7f9028000000-7f9028021000 rw-p 00000000 00:00 0 
7f9028021000-7f902c000000 ---p 00000000 00:00 0 
7f902c0ab000-7f902c0ae000 ---p 00000000 00:00 0 
7f902c0ae000-7f902c1ac000 rw-p 00000000 00:00 0 
7f902c1ac000-7f902c1b1000 r--s 0002f000 08:03 15598498                   /home/arwilczek90/workspace/Elements/lib/slick/lib/jinput.jar
7f902c1b1000-7f902c1b3000 r--s 00008000 08:03 15598497                   /home/arwilczek90/workspace/Elements/lib/slick/lib/ibxm.jar
7f902c1b3000-7f902c1b6000 r--s 0005b000 08:03 15598496                   /home/arwilczek90/workspace/Elements/lib/slick/lib/hiero.jar
7f902c1b6000-7f902c1b7000 r--s 00007000 08:03 15597697                   /home/arwilczek90/workspace/Elements/lib/slick/applet/lwjgl_util_applet.jar
7f902c1f7000-7f902c8f7000 rw-s 00006000 00:05 10225                      /dev/ati/card0
7f902c8f7000-7f902c8f9000 r-xp 00000000 08:03 18488267                   /usr/lib/x86_64-linux-gnu/libXinerama.so.1.0.0
7f902c8f9000-7f902caf8000 ---p 00002000 08:03 18488267                   /usr/lib/x86_64-linux-gnu/libXinerama.so.1.0.0
7f902caf8000-7f902caf9000 r--p 00001000 08:03 18488267                   /usr/lib/x86_64-linux-gnu/libXinerama.so.1.0.0
7f902caf9000-7f902cafa000 rw-p 00002000 08:03 18488267                   /usr/lib/x86_64-linux-gnu/libXinerama.so.1.0.0
7f902cafa000-7f902cb35000 r-xp 00000000 08:03 19009508                   /usr/lib/fglrx/libatiadlxx.so
7f902cb35000-7f902cc35000 ---p 0003b000 08:03 19009508                   /usr/lib/fglrx/libatiadlxx.so
7f902cc35000-7f902cc3e000 rw-p 0003b000 08:03 19009508                   /usr/lib/fglrx/libatiadlxx.so
7f902cc3e000-7f902cc4f000 rw-p 00000000 00:00 0 
7f902cc69000-7f902cca9000 rw-s f0300000 00:05 10225                      /dev/ati/card0
7f902cca9000-7f902ccb0000 r-xp 00000000 08:03 19009532                   /usr/lib/fglrx/libatiuki.so.1.0
7f902ccb0000-7f902cdb0000 ---p 00007000 08:03 19009532                   /usr/lib/fglrx/libatiuki.so.1.0
7f902cdb0000-7f902cdb1000 rw-p 00007000 08:03 19009532                   /usr/lib/fglrx/libatiuki.so.1.0
7f902cdb1000-7f902cdb2000 rw-p 00000000 00:00 0 
7f902cdb2000-7f902ce75000 r-xp 00000000 08:03 19009512                   /usr/lib/fglrx/libGL.so.1.2
7f902ce75000-7f902cf74000 ---p 000c3000 08:03 19009512                   /usr/lib/fglrx/libGL.so.1.2
7f902cf74000-7f902cf9b000 rwxp 000c2000 08:03 19009512                   /usr/lib/fglrx/libGL.so.1.2
7f902cf9b000-7f902cfbb000 rwxp 00000000 00:00 0 
7f902cfbb000-7f902cfbc000 r-xp 00000000 08:03 18618886                   /usr/lib/jvm/java-6-openjdk-amd64/jre/lib/amd64/libjawt.so
7f902cfbc000-7f902d1bb000 ---p 00001000 08:03 18618886                   /usr/lib/jvm/java-6-openjdk-amd64/jre/lib/amd64/libjawt.so
7f902d1bb000-7f902d1bc000 r--p 00000000 08:03 18618886                   /usr/lib/jvm/java-6-openjdk-amd64/jre/lib/amd64/libjawt.so
7f902d1bc000-7f902d1bd000 rw-p 00001000 08:03 18618886                   /usr/lib/jvm/java-6-openjdk-amd64/jre/lib/amd64/libjawt.so
7f902d1bd000-7f902d1c1000 r-xp 00000000 08:03 18488287                   /usr/lib/x86_64-linux-gnu/libXxf86vm.so.1.0.0
7f902d1c1000-7f902d3c0000 ---p 00004000 08:03 18488287                   /usr/lib/x86_64-linux-gnu/libXxf86vm.so.1.0.0
7f902d3c0000-7f902d3c1000 r--p 00003000 08:03 18488287                   /usr/lib/x86_64-linux-gnu/libXxf86vm.so.1.0.0
7f902d3c1000-7f902d3c2000 rw-p 00004000 08:03 18488287                   /usr/lib/x86_64-linux-gnu/libXxf86vm.so.1.0.0
7f902d3c2000-7f902d3ca000 r-xp 00000000 08:03 18488277                   /usr/lib/x86_64-linux-gnu/libXrandr.so.2.2.0
7f902d3ca000-7f902d5c9000 ---p 00008000 08:03 18488277                   /usr/lib/x86_64-linux-gnu/libXrandr.so.2.2.0
7f902d5c9000-7f902d5ca000 r--p 00007000 08:03 18488277                   /usr/lib/x86_64-linux-gnu/libXrandr.so.2.2.0
7f902d5ca000-7f902d5cb000 rw-p 00008000 08:03 18488277                   /usr/lib/x86_64-linux-gnu/libXrandr.so.2.2.0
7f902d5cb000-7f902d60b000 r-xp 00000000 08:03 15602617                   /home/arwilczek90/workspace/Elements/lib/slick/liblwjgl64.so
7f902d60b000-7f902d70b000 ---p 00040000 08:03 15602617                   /home/arwilczek90/workspace/Elements/lib/slick/liblwjgl64.so
7f902d70b000-7f902d70d000 rw-p 00040000 08:03 15602617                   /home/arwilczek90/workspace/Elements/lib/slick/liblwjgl64.so
7f902d70d000-7f902d710000 ---p 00000000 00:00 0 
7f902d710000-7f902d80e000 rw-p 00000000 00:00 0 
7f902d80e000-7f902d817000 r--s 00000000 08:03 19927122                   /var/cache/fontconfig/945677eb7aeaf62f1d50efc3fb3ec7d8-le64.cache-3
7f902d817000-7f902d819000 r--s 00000000 08:03 19927123                   /var/cache/fontconfig/99e8ed0e538f840c565b6ed5dad60d56-le64.cache-3
7f902d819000-7f902d81d000 r--s 00000000 08:03 19927109                   /var/cache/fontconfig/2cd17615ca594fa2959ae173292e504c-le64.cache-3
7f902d81d000-7f902d82d000 r--s 00000000 08:03 19927106                   /var/cache/fontconfig/04aabc0a78ac019cf9454389977116d2-le64.cache-3
7f902d83a000-7f902d83c000 r--s 00015000 08:03 15598514                   /home/arwilczek90/workspace/Elements/lib/slick/lib/tinylinepp.jar
7f902d83c000-7f902d83f000 r--s 00015000 08:03 15598512                   /home/arwilczek90/workspace/Elements/lib/slick/lib/slick-util.jar
7f902d83f000-7f902d847000 r--s 00067000 08:03 15598510                   /home/arwilczek90/workspace/Elements/lib/slick/lib/slick-sources.jar
7f902d847000-7f902d848000 r--s 00000000 08:03 15598509                   /home/arwilczek90/workspace/Elements/lib/slick/lib/slick-examples.jar
7f902d848000-7f902d849000 r--s 00003000 08:03 15598508                   /home/arwilczek90/workspace/Elements/lib/slick/lib/scalar.jar
7f902d849000-7f902d84c000 r--s 00017000 08:03 15598507                   /home/arwilczek90/workspace/Elements/lib/slick/lib/pedigree.jar
7f902d84c000-7f902d857000 r--s 00093000 08:03 15598513                   /home/arwilczek90/workspace/Elements/lib/slick/lib/slick.jar
7f902d857000-7f902d859000 r--s 00004000 08:03 15598506                   /home/arwilczek90/workspace/Elements/lib/slick/lib/packulike.jar
7f902d859000-7f902d85a000 r--s 00043000 08:03 15598505                   /home/arwilczek90/workspace/Elements/lib/slick/lib/natives-win32.jar
7f902d85a000-7f902d85c000 r--s 00033000 08:03 15598504                   /home/arwilczek90/workspace/Elements/lib/slick/lib/natives-mac.jar
7f902d85c000-7f902d861000 r-xp 00000000 08:03 18488261                   /usr/lib/x86_64-linux-gnu/libXfixes.so.3.1.0
7f902d861000-7f902da60000 ---p 00005000 08:03 18488261                   /usr/lib/x86_64-linux-gnu/libXfixes.so.3.1.0
7f902da60000-7f902da61000 r--p 00004000 08:03 18488261                   /usr/lib/x86_64-linux-gnu/libXfixes.so.3.1.0
7f902da61000-7f902da62000 rw-p 00005000 08:03 18488261                   /usr/lib/x86_64-linux-gnu/libXfixes.so.3.1.0
7f902da62000-7f902da6b000 r-xp 00000000 08:03 18488253                   /usr/lib/x86_64-linux-gnu/libXcursor.so.1.0.2
7f902da6b000-7f902dc6a000 ---p 00009000 08:03 18488253                   /usr/lib/x86_64-linux-gnu/libXcursor.so.1.0.2
7f902dc6a000-7f902dc6b000 r--p 00008000 08:03 18488253                   /usr/lib/x86_64-linux-gnu/libXcursor.so.1.0.2
7f902dc6b000-7f902dc6c000 rw-p 00009000 08:03 18488253                   /usr/lib/x86_64-linux-gnu/libXcursor.so.1.0.2
7f902dc6c000-7f902dc6d000 r--s 0003d000 08:03 15598503                   /home/arwilczek90/workspace/Elements/lib/slick/lib/natives-linux.jar
7f902dc6d000-7f902dc74000 r--s 00073000 08:03 15598502                   /home/arwilczek90/workspace/Elements/lib/slick/lib/lwjgl.jar
7f902dc74000-7f902dc76000 r--s 0000d000 08:03 15598501                   /home/arwilczek90/workspace/Elements/lib/slick/lib/jorbis-0.0.15.jar
7f902dc76000-7f902dc77000 r--s 00001000 08:03 15598500                   /home/arwilczek90/workspace/Elements/lib/slick/lib/jogg-0.0.7.jar
7f902dc77000-7f902dc78000 r--s 00001000 08:03 15598499                   /home/arwilczek90/workspace/Elements/lib/slick/lib/jnlp.jar
7f902dc78000-7f902dc79000 rw-s 00005000 00:05 10225                      /dev/ati/card0
7f902dc79000-7f902dc7b000 rw-s 00002000 00:05 10225                      /dev/ati/card0
7f902dc7b000-7f902dc86000 r--s 00093000 08:03 15597692                   /home/arwilczek90/workspace/Elements/lib/slick.jar
7f902dc86000-7f902dc8d000 r--s 000fb000 08:03 18618812                   /usr/lib/jvm/java-6-openjdk-common/jre/lib/resources.jar
7f902dc8d000-7f902dc90000 ---p 00000000 00:00 0 
7f902dc90000-7f902dd8e000 rw-p 00000000 00:00 0 
7f902dd8e000-7f902de24000 r-xp 00000000 08:03 18488439                   /usr/lib/x86_64-linux-gnu/libfreetype.so.6.8.0
7f902de24000-7f902e023000 ---p 00096000 08:03 18488439                   /usr/lib/x86_64-linux-gnu/libfreetype.so.6.8.0
7f902e023000-7f902e029000 r--p 00095000 08:03 18488439                   /usr/lib/x86_64-linux-gnu/libfreetype.so.6.8.0
7f902e029000-7f902e02a000 rw-p 0009b000 08:03 18488439                   /usr/lib/x86_64-linux-gnu/libfreetype.so.6.8.0
7f902e02a000-7f902e064000 r-xp 00000000 08:03 18618871                   /usr/lib/jvm/java-6-openjdk-amd64/jre/lib/amd64/libfontmanager.so
7f902e064000-7f902e263000 ---p 0003a000 08:03 18618871                   /usr/lib/jvm/java-6-openjdk-amd64/jre/lib/amd64/libfontmanager.so
7f902e263000-7f902e265000 r--p 00039000 08:03 18618871                   /usr/lib/jvm/java-6-openjdk-amd64/jre/lib/amd64/libfontmanager.so
7f902e265000-7f902e266000 rw-p 0003b000 08:03 18618871                   /usr/lib/jvm/java-6-openjdk-amd64/jre/lib/amd64/libfontmanager.so
7f902e266000-7f902e26b000 r-xp 00000000 08:03 18488257                   /usr/lib/x86_64-linux-gnu/libXdmcp.so.6.0.0
7f902e26b000-7f902e46a000 ---p 00005000 08:03 18488257                   /usr/lib/x86_64-linux-gnu/libXdmcp.so.6.0.0
7f902e46a000-7f902e46b000 r--p 00004000 08:03 18488257                   /usr/lib/x86_64-linux-gnu/libXdmcp.so.6.0.0
7f902e46b000-7f902e46c000 rw-p 00005000 08:03 18488257                   /usr/lib/x86_64-linux-gnu/libXdmcp.so.6.0.0
7f902e46c000-7f902e46e000 r-xp 00000000 08:03 18488246                   /usr/lib/x86_64-linux-gnu/libXau.so.6.0.0
7f902e46e000-7f902e66d000 ---p 00002000 08:03 18488246                   /usr/lib/x86_64-linux-gnu/libXau.so.6.0.0
7f902e66d000-7f902e66e000 r--p 00001000 08:03 18488246                   /usr/lib/x86_64-linux-gnu/libXau.so.6.0.0
7f902e66e000-7f902e66f000 rw-p 00002000 08:03 18488246                   /usr/lib/x86_64-linux-gnu/libXau.so.6.0.0
7f902e66f000-7f902e68c000 r-xp 00000000 08:03 18488845                   /usr/lib/x86_64-linux-gnu/libxcb.so.1.1.0
7f902e68c000-7f902e88b000 ---p 0001d000 08:03 18488845                   /usr/lib/x86_64-linux-gnu/libxcb.so.1.1.0
7f902e88b000-7f902e88c000 r--p 0001c000 08:03 18488845                   /usr/lib/x86_64-linux-gnu/libxcb.so.1.1.0
7f902e88c000-7f902e88d000 rw-p 0001d000 08:03 18488845                   /usr/lib/x86_64-linux-gnu/libxcb.so.1.1.0
7f902e88d000-7f902e89b000 r-xp 00000000 08:03 18488265                   /usr/lib/x86_64-linux-gnu/libXi.so.6.1.0
7f902e89b000-7f902ea9a000 ---p 0000e000 08:03 18488265                   /usr/lib/x86_64-linux-gnu/libXi.so.6.1.0
7f902ea9a000-7f902ea9b000 r--p 0000d000 08:03 18488265                   /usr/lib/x86_64-linux-gnu/libXi.so.6.1.0
7f902ea9b000-7f902ea9c000 rw-p 0000e000 08:03 18488265                   /usr/lib/x86_64-linux-gnu/libXi.so.6.1.0
7f902ea9c000-7f902eaa1000 r-xp 00000000 08:03 18488283                   /usr/lib/x86_64-linux-gnu/libXtst.so.6.1.0
7f902eaa1000-7f902eca0000 ---p 00005000 08:03 18488283                   /usr/lib/x86_64-linux-gnu/libXtst.so.6.1.0
7f902eca0000-7f902eca1000 r--p 00004000 08:03 18488283                   /usr/lib/x86_64-linux-gnu/libXtst.so.6.1.0
7f902eca1000-7f902eca2000 rw-p 00005000 08:03 18488283                   /usr/lib/x86_64-linux-gnu/libXtst.so.6.1.0
7f902eca2000-7f902ecab000 r-xp 00000000 08:03 18488279                   /usr/lib/x86_64-linux-gnu/libXrender.so.1.3.0
7f902ecab000-7f902eeaa000 ---p 00009000 08:03 18488279                   /usr/lib/x86_64-linux-gnu/libXrender.so.1.3.0
7f902eeaa000-7f902eeab000 r--p 00008000 08:03 18488279                   /usr/lib/x86_64-linux-gnu/libXrender.so.1.3.0
7f902eeab000-7f902eeac000 rw-p 00009000 08:03 18488279                   /usr/lib/x86_64-linux-gnu/libXrender.so.1.3.0
7f902eeac000-7f902efdb000 r-xp 00000000 08:03 18488244                   /usr/lib/x86_64-linux-gnu/libX11.so.6.3.0
7f902efdb000-7f902f1db000 ---p 0012f000 08:03 18488244                   /usr/lib/x86_64-linux-gnu/libX11.so.6.3.0
7f902f1db000-7f902f1dc000 r--p 0012f000 08:03 18488244                   /usr/lib/x86_64-linux-gnu/libX11.so.6.3.0
7f902f1dc000-7f902f1e0000 rw-p 00130000 08:03 18488244                   /usr/lib/x86_64-linux-gnu/libX11.so.6.3.0
7f902f1e0000-7f902f1f0000 r-xp 00000000 08:03 18488259                   /usr/lib/x86_64-linux-gnu/libXext.so.6.4.0
7f902f1f0000-7f902f3ef000 ---p 00010000 08:03 18488259                   /usr/lib/x86_64-linux-gnu/libXext.so.6.4.0
7f902f3ef000-7f902f3f0000 r--p 0000f000 08:03 18488259                   /usr/lib/x86_64-linux-gnu/libXext.so.6.4.0
7f902f3f0000-7f902f3f1000 rw-p 00010000 08:03 18488259                   /usr/lib/x86_64-linux-gnu/libXext.so.6.4.0
7f902f3f1000-7f902f43c000 r-xp 00000000 08:03 18618972                   /usr/lib/jvm/java-6-openjdk-amd64/jre/lib/amd64/xawt/libmawt.so
7f902f43c000-7f902f63c000 ---p 0004b000 08:03 18618972                   /usr/lib/jvm/java-6-openjdk-amd64/jre/lib/amd64/xawt/libmawt.so
7f902f63c000-7f902f63d000 r--p 0004b000 08:03 18618972                   /usr/lib/jvm/java-6-openjdk-amd64/jre/lib/amd64/xawt/libmawt.so
7f902f63d000-7f902f640000 rw-p 0004c000 08:03 18618972                   /usr/lib/jvm/java-6-openjdk-amd64/jre/lib/amd64/xawt/libmawt.so
7f902f640000-7f902f641000 rw-p 00000000 00:00 0 
7f902f641000-7f902f6ed000 r-xp 00000000 08:03 18618874                   /usr/lib/jvm/java-6-openjdk-amd64/jre/lib/amd64/libawt.so
7f902f6ed000-7f902f8ec000 ---p 000ac000 08:03 18618874                   /usr/lib/jvm/java-6-openjdk-amd64/jre/lib/amd64/libawt.so
7f902f8ec000-7f902f8ed000 r--p 000ab000 08:03 18618874                   /usr/lib/jvm/java-6-openjdk-amd64/jre/lib/amd64/libawt.so
7f902f8ed000-7f902f8f8000 rw-p 000ac000 08:03 18618874                   /usr/lib/jvm/java-6-openjdk-amd64/jre/lib/amd64/libawt.so
7f902f8f8000-7f902f91d000 rw-p 00000000 00:00 0 
7f902f91d000-7f9030000000 r--p 00000000 08:03 18487587                   /usr/lib/locale/locale-archive
7f9030000000-7f9030021000 rw-p 00000000 00:00 0 
7f9030021000-7f9034000000 ---p 00000000 00:00 0 
7f9034000000-7f9034006000 r--s 00000000 08:03 19927124                   /var/cache/fontconfig/a755afe4a08bf5b97852ceb7400b47bc-le64.cache-3
7f9034006000-7f903400f000 r--s 00000000 08:03 19927460                   /var/cache/fontconfig/6d41288fd70b0be22e8c3a91e032eec0-le64.cache-3
7f903400f000-7f9034012000 r--s 00000000 08:03 19927112                   /var/cache/fontconfig/385c0604a188198f04d133e54aba7fe7-le64.cache-3
7f9034012000-7f9034013000 r--s 00000000 08:03 19927113                   /var/cache/fontconfig/4794a0821666d79190d59a36cb4f44b5-le64.cache-3
7f9034013000-7f9034016000 r--s 00000000 08:03 19927121                   /var/cache/fontconfig/8801497958630a81b71ace7c5f9b32a8-le64.cache-3
7f9034016000-7f9034044000 r--s 00000000 08:03 19927454                   /var/cache/fontconfig/365b55f210c0a22e9a19e35191240f32-le64.cache-3
7f9034044000-7f9034049000 r--s 00000000 08:03 19927110                   /var/cache/fontconfig/3047814df9a2f067bd2d96a2b9c36e5a-le64.cache-3
7f9034049000-7f903404a000 r--s 00000000 08:03 19927115                   /var/cache/fontconfig/56cf4f4769d0f4abc89a4895d7bd3ae1-le64.cache-3
7f903404a000-7f903404b000 r--s 00000000 08:03 19927126                   /var/cache/fontconfig/b9d506c9ac06c20b433354fa67a72993-le64.cache-3
7f903404b000-7f9034050000 r--s 00000000 08:03 19927125                   /var/cache/fontconfig/b47c4e1ecd0709278f4910c18777a504-le64.cache-3
7f9034050000-7f9034060000 r--s 00000000 08:03 19927130                   /var/cache/fontconfig/d52a8644073d54c13679302ca1180695-le64.cache-3
7f9034060000-7f9034061000 ---p 00000000 00:00 0 
7f9034061000-7f9034161000 rw-p 00000000 00:00 0 
7f9034161000-7f9034164000 ---p 00000000 00:00 0 
7f9034164000-7f9034262000 rw-p 00000000 00:00 0 
7f9034262000-7f9034265000 ---p 00000000 00:00 0 
7f9034265000-7f9034363000 rw-p 00000000 00:00 0 
7f9034363000-7f9034366000 ---p 00000000 00:00 0 
7f9034366000-7f9034464000 rw-p 00000000 00:00 0 
7f9034464000-7f9034467000 ---p 00000000 00:00 0 
7f9034467000-7f9034565000 rw-p 00000000 00:00 0 
7f9034565000-7f9034568000 ---p 00000000 00:00 0 
7f9034568000-7f9034666000 rw-p 00000000 00:00 0 
7f9034666000-7f9034669000 ---p 00000000 00:00 0 
7f9034669000-7f9034767000 rw-p 00000000 00:00 0 
7f9034767000-7f9034768000 ---p 00000000 00:00 0 
7f9034768000-7f9034d6d000 rw-p 00000000 00:00 0 
7f9034d6d000-7f9034eff000 r--s 037bf000 08:03 18618843                   /usr/lib/jvm/java-6-openjdk-amd64/jre/lib/rt.jar
7f9034eff000-7f9034f00000 ---p 00000000 00:00 0 
7f9034f00000-7f9035000000 rw-p 00000000 00:00 0 
7f9035000000-7f9035270000 rwxp 00000000 00:00 0 
7f9035270000-7f9038db0000 rw-p 00000000 00:00 0 
7f9038db0000-7f903c000000 ---p 00000000 00:00 0 
7f903c000000-7f903c001000 r--s 00000000 08:03 19927127                   /var/cache/fontconfig/c05880de57d1f5e948fdfacc138775d9-le64.cache-3
7f903c001000-7f903c004000 r--s 00000000 08:03 19927196                   /var/cache/fontconfig/e13b20fdb08344e0e664864cc2ede53d-le64.cache-3
7f903c004000-7f903c008000 r--s 00000000 08:03 19927452                   /var/cache/fontconfig/7ef2298fde41cc6eeb7af42e48b7d293-le64.cache-3
7f903c008000-7f903c009000 r--s 00000000 08:03 19927127                   /var/cache/fontconfig/c05880de57d1f5e948fdfacc138775d9-le64.cache-3
7f903c009000-7f903c012000 r--s 00000000 08:03 19927122                   /var/cache/fontconfig/945677eb7aeaf62f1d50efc3fb3ec7d8-le64.cache-3
7f903c012000-7f903c014000 r--s 00000000 08:03 19927123                   /var/cache/fontconfig/99e8ed0e538f840c565b6ed5dad60d56-le64.cache-3
7f903c014000-7f903c018000 r--s 00000000 08:03 19927109                   /var/cache/fontconfig/2cd17615ca594fa2959ae173292e504c-le64.cache-3
7f903c018000-7f903c019000 r--s 00000000 08:03 19927134                   /var/cache/fontconfig/e7071f4a29fa870f4323321c154eba04-le64.cache-3
7f903c019000-7f903c01a000 r--s 00000000 08:03 19927107                   /var/cache/fontconfig/0d8c3b2ac0904cb8a57a757ad11a4a08-le64.cache-3
7f903c01a000-7f903c020000 r--s 00000000 08:03 19927124                   /var/cache/fontconfig/a755afe4a08bf5b97852ceb7400b47bc-le64.cache-3
7f903c020000-7f903c029000 r--s 00000000 08:03 19927460                   /var/cache/fontconfig/6d41288fd70b0be22e8c3a91e032eec0-le64.cache-3
7f903c029000-7f903c039000 r--s 00000000 08:03 19927106                   /var/cache/fontconfig/04aabc0a78ac019cf9454389977116d2-le64.cache-3
7f903c039000-7f903c03c000 r--s 00000000 08:03 19927112                   /var/cache/fontconfig/385c0604a188198f04d133e54aba7fe7-le64.cache-3
7f903c03c000-7f903c03d000 r--s 00000000 08:03 19927113                   /var/cache/fontconfig/4794a0821666d79190d59a36cb4f44b5-le64.cache-3
7f903c03d000-7f903c040000 r--s 00000000 08:03 19927121                   /var/cache/fontconfig/8801497958630a81b71ace7c5f9b32a8-le64.cache-3
7f903c040000-7f903c06e000 r--s 00000000 08:03 19927454                   /var/cache/fontconfig/365b55f210c0a22e9a19e35191240f32-le64.cache-3
7f903c06e000-7f903c07e000 r--s 00000000 08:03 19927130                   /var/cache/fontconfig/d52a8644073d54c13679302ca1180695-le64.cache-3
7f903c07e000-7f903c0d9000 rw-p 00000000 00:00 0 
7f903c0d9000-7f903c0da000 ---p 00000000 00:00 0 
7f903c0da000-7f903c1da000 rw-p 00000000 00:00 0 
7f903c1da000-7f903c1db000 ---p 00000000 00:00 0 
7f903c1db000-7f903c2db000 rw-p 00000000 00:00 0 
7f903c2db000-7f903c2dc000 ---p 00000000 00:00 0 
7f903c2dc000-7f903c3e7000 rw-p 00000000 00:00 0 
7f903c3e7000-7f903c42f000 rw-p 00000000 00:00 0 
7f903c42f000-7f903c456000 rw-p 00000000 00:00 0 
7f903c456000-7f903c69d000 rw-p 00000000 00:00 0 
7f903c69d000-7f903c6a8000 rw-p 00000000 00:00 0 
7f903c6a8000-7f903c6f0000 rw-p 00000000 00:00 0 
7f903c6f0000-7f903c717000 rw-p 00000000 00:00 0 
7f903c717000-7f903c95e000 rw-p 00000000 00:00 0 
7f903c95e000-7f903c972000 rw-p 00000000 00:00 0 
7f903c972000-7f903ca95000 rw-p 00000000 00:00 0 
7f903ca95000-7f903ca96000 rw-p 00000000 00:00 0 
7f903ca96000-7f903ca9d000 r-xp 00000000 08:03 18618888                   /usr/lib/jvm/java-6-openjdk-amd64/jre/lib/amd64/libzip.so
7f903ca9d000-7f903cc9c000 ---p 00007000 08:03 18618888                   /usr/lib/jvm/java-6-openjdk-amd64/jre/lib/amd64/libzip.so
7f903cc9c000-7f903cc9d000 r--p 00006000 08:03 18618888                   /usr/lib/jvm/java-6-openjdk-amd64/jre/lib/amd64/libzip.so
7f903cc9d000-7f903cc9e000 rw-p 00007000 08:03 18618888                   /usr/lib/jvm/java-6-openjdk-amd64/jre/lib/amd64/libzip.so
7f903cc9e000-7f903ccaa000 r-xp 00000000 08:03 21758081                   /lib/x86_64-linux-gnu/libnss_files-2.15.so
7f903ccaa000-7f903cea9000 ---p 0000c000 08:03 21758081                   /lib/x86_64-linux-gnu/libnss_files-2.15.so
7f903cea9000-7f903ceaa000 r--p 0000b000 08:03 21758081                   /lib/x86_64-linux-gnu/libnss_files-2.15.so
7f903ceaa000-7f903ceab000 rw-p 0000c000 08:03 21758081                   /lib/x86_64-linux-gnu/libnss_files-2.15.so
7f903ceab000-7f903ceb5000 r-xp 00000000 08:03 21758077                   /lib/x86_64-linux-gnu/libnss_nis-2.15.so
7f903ceb5000-7f903d0b5000 ---p 0000a000 08:03 21758077                   /lib/x86_64-linux-gnu/libnss_nis-2.15.so
7f903d0b5000-7f903d0b6000 r--p 0000a000 08:03 21758077                   /lib/x86_64-linux-gnu/libnss_nis-2.15.so
7f903d0b6000-7f903d0b7000 rw-p 0000b000 08:03 21758077                   /lib/x86_64-linux-gnu/libnss_nis-2.15.so
7f903d0b7000-7f903d0ce000 r-xp 00000000 08:03 21761730                   /lib/x86_64-linux-gnu/libnsl-2.15.so
7f903d0ce000-7f903d2cd000 ---p 00017000 08:03 21761730                   /lib/x86_64-linux-gnu/libnsl-2.15.so
7f903d2cd000-7f903d2ce000 r--p 00016000 08:03 21761730                   /lib/x86_64-linux-gnu/libnsl-2.15.so
7f903d2ce000-7f903d2cf000 rw-p 00017000 08:03 21761730                   /lib/x86_64-linux-gnu/libnsl-2.15.so
7f903d2cf000-7f903d2d1000 rw-p 00000000 00:00 0 
7f903d2d1000-7f903d2d9000 r-xp 00000000 08:03 21758082                   /lib/x86_64-linux-gnu/libnss_compat-2.15.so
7f903d2d9000-7f903d4d8000 ---p 00008000 08:03 21758082                   /lib/x86_64-linux-gnu/libnss_compat-2.15.so
7f903d4d8000-7f903d4d9000 r--p 00007000 08:03 21758082                   /lib/x86_64-linux-gnu/libnss_compat-2.15.so
7f903d4d9000-7f903d4da000 rw-p 00008000 08:03 21758082                   /lib/x86_64-linux-gnu/libnss_compat-2.15.so
7f903d4da000-7f903d506000 r-xp 00000000 08:03 18618873                   /usr/lib/jvm/java-6-openjdk-amd64/jre/lib/amd64/libjava.so
7f903d506000-7f903d705000 ---p 0002c000 08:03 18618873                   /usr/lib/jvm/java-6-openjdk-amd64/jre/lib/amd64/libjava.so
7f903d705000-7f903d706000 r--p 0002b000 08:03 18618873                   /usr/lib/jvm/java-6-openjdk-amd64/jre/lib/amd64/libjava.so
7f903d706000-7f903d709000 rw-p 0002c000 08:03 18618873                   /usr/lib/jvm/java-6-openjdk-amd64/jre/lib/amd64/libjava.so
7f903d709000-7f903d717000 r-xp 00000000 08:03 18618872                   /usr/lib/jvm/java-6-openjdk-amd64/jre/lib/amd64/libverify.so
7f903d717000-7f903d916000 ---p 0000e000 08:03 18618872                   /usr/lib/jvm/java-6-openjdk-amd64/jre/lib/amd64/libverify.so
7f903d916000-7f903d918000 r--p 0000d000 08:03 18618872                   /usr/lib/jvm/java-6-openjdk-amd64/jre/lib/amd64/libverify.so
7f903d918000-7f903d919000 rw-p 0000f000 08:03 18618872                   /usr/lib/jvm/java-6-openjdk-amd64/jre/lib/amd64/libverify.so
7f903d919000-7f903d920000 r-xp 00000000 08:03 21758075                   /lib/x86_64-linux-gnu/librt-2.15.so
7f903d920000-7f903db1f000 ---p 00007000 08:03 21758075                   /lib/x86_64-linux-gnu/librt-2.15.so
7f903db1f000-7f903db20000 r--p 00006000 08:03 21758075                   /lib/x86_64-linux-gnu/librt-2.15.so
7f903db20000-7f903db21000 rw-p 00007000 08:03 21758075                   /lib/x86_64-linux-gnu/librt-2.15.so
7f903db21000-7f903db36000 r-xp 00000000 08:03 21761542                   /lib/x86_64-linux-gnu/libgcc_s.so.1
7f903db36000-7f903dd35000 ---p 00015000 08:03 21761542                   /lib/x86_64-linux-gnu/libgcc_s.so.1
7f903dd35000-7f903dd36000 r--p 00014000 08:03 21761542                   /lib/x86_64-linux-gnu/libgcc_s.so.1
7f903dd36000-7f903dd37000 rw-p 00015000 08:03 21761542                   /lib/x86_64-linux-gnu/libgcc_s.so.1
7f903dd37000-7f903de30000 r-xp 00000000 08:03 21758079                   /lib/x86_64-linux-gnu/libm-2.15.so
7f903de30000-7f903e02f000 ---p 000f9000 08:03 21758079                   /lib/x86_64-linux-gnu/libm-2.15.so
7f903e02f000-7f903e030000 r--p 000f8000 08:03 21758079                   /lib/x86_64-linux-gnu/libm-2.15.so
7f903e030000-7f903e031000 rw-p 000f9000 08:03 21758079                   /lib/x86_64-linux-gnu/libm-2.15.so
7f903e031000-7f903e113000 r-xp 00000000 08:03 18488773                   /usr/lib/x86_64-linux-gnu/libstdc++.so.6.0.16
7f903e113000-7f903e312000 ---p 000e2000 08:03 18488773                   /usr/lib/x86_64-linux-gnu/libstdc++.so.6.0.16
7f903e312000-7f903e31a000 r--p 000e1000 08:03 18488773                   /usr/lib/x86_64-linux-gnu/libstdc++.so.6.0.16
7f903e31a000-7f903e31c000 rw-p 000e9000 08:03 18488773                   /usr/lib/x86_64-linux-gnu/libstdc++.so.6.0.16
7f903e31c000-7f903e331000 rw-p 00000000 00:00 0 
7f903e331000-7f903ec35000 r-xp 00000000 08:03 18618878                   /usr/lib/jvm/java-6-openjdk-amd64/jre/lib/amd64/server/libjvm.so
7f903ec35000-7f903ee35000 ---p 00904000 08:03 18618878                   /usr/lib/jvm/java-6-openjdk-amd64/jre/lib/amd64/server/libjvm.so
7f903ee35000-7f903eeb5000 r--p 00904000 08:03 18618878                   /usr/lib/jvm/java-6-openjdk-amd64/jre/lib/amd64/server/libjvm.so
7f903eeb5000-7f903eed0000 rw-p 00984000 08:03 18618878                   /usr/lib/jvm/java-6-openjdk-amd64/jre/lib/amd64/server/libjvm.so
7f903eed0000-7f903eef9000 rw-p 00000000 00:00 0 
7f903eef9000-7f903ef0f000 r-xp 00000000 08:03 21761632                   /lib/x86_64-linux-gnu/libz.so.1.2.3.4
7f903ef0f000-7f903f10e000 ---p 00016000 08:03 21761632                   /lib/x86_64-linux-gnu/libz.so.1.2.3.4
7f903f10e000-7f903f10f000 r--p 00015000 08:03 21761632                   /lib/x86_64-linux-gnu/libz.so.1.2.3.4
7f903f10f000-7f903f110000 rw-p 00016000 08:03 21761632                   /lib/x86_64-linux-gnu/libz.so.1.2.3.4
7f903f110000-7f903f2c5000 r-xp 00000000 08:03 21757975                   /lib/x86_64-linux-gnu/libc-2.15.so
7f903f2c5000-7f903f4c4000 ---p 001b5000 08:03 21757975                   /lib/x86_64-linux-gnu/libc-2.15.so
7f903f4c4000-7f903f4c8000 r--p 001b4000 08:03 21757975                   /lib/x86_64-linux-gnu/libc-2.15.so
7f903f4c8000-7f903f4ca000 rw-p 001b8000 08:03 21757975                   /lib/x86_64-linux-gnu/libc-2.15.so
7f903f4ca000-7f903f4cf000 rw-p 00000000 00:00 0 
7f903f4cf000-7f903f4d1000 r-xp 00000000 08:03 21757964                   /lib/x86_64-linux-gnu/libdl-2.15.so
7f903f4d1000-7f903f6d1000 ---p 00002000 08:03 21757964                   /lib/x86_64-linux-gnu/libdl-2.15.so
7f903f6d1000-7f903f6d2000 r--p 00002000 08:03 21757964                   /lib/x86_64-linux-gnu/libdl-2.15.so
7f903f6d2000-7f903f6d3000 rw-p 00003000 08:03 21757964                   /lib/x86_64-linux-gnu/libdl-2.15.so
7f903f6d3000-7f903f6d7000 r-xp 00000000 08:03 18618855                   /usr/lib/jvm/java-6-openjdk-amd64/jre/lib/amd64/jli/libjli.so
7f903f6d7000-7f903f8d6000 ---p 00004000 08:03 18618855                   /usr/lib/jvm/java-6-openjdk-amd64/jre/lib/amd64/jli/libjli.so
7f903f8d6000-7f903f8d7000 r--p 00003000 08:03 18618855                   /usr/lib/jvm/java-6-openjdk-amd64/jre/lib/amd64/jli/libjli.so
7f903f8d7000-7f903f8d8000 rw-p 00004000 08:03 18618855                   /usr/lib/jvm/java-6-openjdk-amd64/jre/lib/amd64/jli/libjli.so
7f903f8d8000-7f903f8f0000 r-xp 00000000 08:03 21758073                   /lib/x86_64-linux-gnu/libpthread-2.15.so
7f903f8f0000-7f903faef000 ---p 00018000 08:03 21758073                   /lib/x86_64-linux-gnu/libpthread-2.15.so
7f903faef000-7f903faf0000 r--p 00017000 08:03 21758073                   /lib/x86_64-linux-gnu/libpthread-2.15.so
7f903faf0000-7f903faf1000 rw-p 00018000 08:03 21758073                   /lib/x86_64-linux-gnu/libpthread-2.15.so
7f903faf1000-7f903faf5000 rw-p 00000000 00:00 0 
7f903faf5000-7f903fb17000 r-xp 00000000 08:03 21758085                   /lib/x86_64-linux-gnu/ld-2.15.so
7f903fb17000-7f903fb18000 r--s 00000000 08:03 19927134                   /var/cache/fontconfig/e7071f4a29fa870f4323321c154eba04-le64.cache-3
7f903fb18000-7f903fb19000 r--s 00000000 08:03 19927107                   /var/cache/fontconfig/0d8c3b2ac0904cb8a57a757ad11a4a08-le64.cache-3
7f903fb19000-7f903fb1e000 r--s 00000000 08:03 19927110                   /var/cache/fontconfig/3047814df9a2f067bd2d96a2b9c36e5a-le64.cache-3
7f903fb1e000-7f903fb1f000 r--s 00000000 08:03 19927115                   /var/cache/fontconfig/56cf4f4769d0f4abc89a4895d7bd3ae1-le64.cache-3
7f903fb1f000-7f903fb24000 r--s 00000000 08:03 19927125                   /var/cache/fontconfig/b47c4e1ecd0709278f4910c18777a504-le64.cache-3
7f903fb24000-7f903fb27000 r--s 00000000 08:03 19927196                   /var/cache/fontconfig/e13b20fdb08344e0e664864cc2ede53d-le64.cache-3
7f903fb27000-7f903fb2b000 r--s 00000000 08:03 19927452                   /var/cache/fontconfig/7ef2298fde41cc6eeb7af42e48b7d293-le64.cache-3
7f903fb2b000-7f903fb2e000 r--s 0007d000 08:03 18618443                   /usr/lib/jvm/java-6-openjdk-common/jre/lib/jsse.jar
7f903fb2e000-7f903fb35000 r--s 00073000 08:03 15597691                   /home/arwilczek90/workspace/Elements/lib/lwjgl.jar
7f903fb35000-7f903fb3f000 rw-p 00000000 00:00 0 
7f903fb3f000-7f903fbf5000 rw-p 00000000 00:00 0 
7f903fbf5000-7f903fbf8000 ---p 00000000 00:00 0 
7f903fbf8000-7f903fcfb000 rw-p 00000000 00:00 0 
7f903fcfb000-7f903fcfc000 r--s 00000000 08:03 19927126                   /var/cache/fontconfig/b9d506c9ac06c20b433354fa67a72993-le64.cache-3
7f903fcfc000-7f903fcfe000 r--s 0000f000 08:03 18618803                   /usr/lib/jvm/java-6-openjdk-common/jre/lib/ext/pulse-java.jar
7f903fcfe000-7f903fd01000 r--s 00077000 08:03 18618797                   /usr/lib/jvm/java-6-openjdk-common/jre/lib/ext/localedata.jar
7f903fd01000-7f903fd02000 r--s 00007000 08:03 18748229                   /usr/share/java/java-atk-wrapper.jar
7f903fd02000-7f903fd04000 r--s 00001000 08:03 18618801                   /usr/lib/jvm/java-6-openjdk-common/jre/lib/ext/dnsns.jar
7f903fd04000-7f903fd08000 r--s 00038000 08:03 18618795                   /usr/lib/jvm/java-6-openjdk-common/jre/lib/ext/sunpkcs11.jar
7f903fd08000-7f903fd0b000 r--s 00031000 08:03 18618799                   /usr/lib/jvm/java-6-openjdk-common/jre/lib/ext/sunjce_provider.jar
7f903fd0b000-7f903fd13000 rw-s 00000000 08:03 8126514                    /tmp/hsperfdata_arwilczek90/12081 (deleted)
7f903fd13000-7f903fd14000 rw-p 00000000 00:00 0 
7f903fd14000-7f903fd15000 ---p 00000000 00:00 0 
7f903fd15000-7f903fd17000 rw-p 00000000 00:00 0 
7f903fd17000-7f903fd18000 r--p 00022000 08:03 21758085                   /lib/x86_64-linux-gnu/ld-2.15.so
7f903fd18000-7f903fd1a000 rw-p 00023000 08:03 21758085                   /lib/x86_64-linux-gnu/ld-2.15.so
7fff54997000-7fff549b8000 rw-p 00000000 00:00 0                          [stack]
7fff549ff000-7fff54a00000 r-xp 00000000 00:00 0                          [vdso]
ffffffffff600000-ffffffffff601000 r-xp 00000000 00:00 0                  [vsyscall]

VM Arguments:
jvm_args: -Djava.library.path=/home/arwilczek90/workspace/Elements/lib/slick:/home/arwilczek90/workspace/Elements/lib/slick -Dfile.encoding=UTF-8 
java_command: com.hack.elements.view.Main
Launcher Type: SUN_STANDARD

Environment Variables:
PATH=/usr/lib/lightdm/lightdm:/usr/local/sbin:/usr/local/bin:/usr/sbin:/usr/bin:/sbin:/bin:/usr/games
LD_LIBRARY_PATH=/usr/lib/jvm/java-6-openjdk-amd64/jre/lib/amd64/server:/usr/lib/jvm/java-6-openjdk-amd64/jre/lib/amd64:/usr/lib/jvm/java-6-openjdk-amd64/jre/../lib/amd64
SHELL=/bin/bash
DISPLAY=:0.0

Signal Handlers:
SIGSEGV: [libjvm.so+0x784310], sa_mask[0]=0x7ffbfeff, sa_flags=0x10000004
SIGBUS: [libjvm.so+0x784310], sa_mask[0]=0x7ffbfeff, sa_flags=0x10000004
SIGFPE: [libjvm.so+0x648580], sa_mask[0]=0x7ffbfeff, sa_flags=0x10000004
SIGPIPE: [libjvm.so+0x648580], sa_mask[0]=0x7ffbfeff, sa_flags=0x10000004
SIGXFSZ: [libjvm.so+0x648580], sa_mask[0]=0x7ffbfeff, sa_flags=0x10000004
SIGILL: [libjvm.so+0x648580], sa_mask[0]=0x7ffbfeff, sa_flags=0x10000004
SIGUSR1: SIG_DFL, sa_mask[0]=0x00000000, sa_flags=0x00000000
SIGUSR2: [libjvm.so+0x648730], sa_mask[0]=0x00000004, sa_flags=0x10000004
SIGHUP: [libjvm.so+0x64b250], sa_mask[0]=0x7ffbfeff, sa_flags=0x10000004
SIGINT: [libjvm.so+0x64b250], sa_mask[0]=0x7ffbfeff, sa_flags=0x10000004
SIGTERM: [libjvm.so+0x64b250], sa_mask[0]=0x7ffbfeff, sa_flags=0x10000004
SIGQUIT: [libjvm.so+0x64b250], sa_mask[0]=0x7ffbfeff, sa_flags=0x10000004


---------------  S Y S T E M  ---------------

OS:Ubuntu 12.04 (precise)
uname:Linux 3.2.0-32-generic #51-Ubuntu SMP Wed Sep 26 21:33:09 UTC 2012 x86_64
libc:glibc 2.15 NPTL 2.15 
rlimit: STACK 8192k, CORE 0k, NPROC 59545, NOFILE 4096, AS infinity
load average:0.98 0.67 0.58

/proc/meminfo:
MemTotal:        7639648 kB
MemFree:         4316420 kB
Buffers:          112860 kB
Cached:          1131736 kB
SwapCached:            0 kB
Active:          2139776 kB
Inactive:         706480 kB
Active(anon):    1602488 kB
Inactive(anon):    18660 kB
Active(file):     537288 kB
Inactive(file):   687820 kB
Unevictable:          20 kB
Mlocked:              20 kB
SwapTotal:       3818492 kB
SwapFree:        3818492 kB
Dirty:               520 kB
Writeback:             0 kB
AnonPages:       1601752 kB
Mapped:           329568 kB
Shmem:             19492 kB
Slab:              92468 kB
SReclaimable:      61948 kB
SUnreclaim:        30520 kB
KernelStack:        4096 kB
PageTables:        35304 kB
NFS_Unstable:          0 kB
Bounce:                0 kB
WritebackTmp:          0 kB
CommitLimit:     7638316 kB
Committed_AS:    4417352 kB
VmallocTotal:   34359738367 kB
VmallocUsed:      116912 kB
VmallocChunk:   34359619344 kB
HardwareCorrupted:     0 kB
AnonHugePages:         0 kB
HugePages_Total:       0
HugePages_Free:        0
HugePages_Rsvd:        0
HugePages_Surp:        0
Hugepagesize:       2048 kB
DirectMap4k:      290816 kB
DirectMap2M:     5455872 kB
DirectMap1G:     2097152 kB


CPU:total 4 (4 cores per cpu, 1 threads per core) family 18 model 1 stepping 0, cmov, cx8, fxsr, mmx, sse, sse2, sse3, popcnt, mmxext, 3dnowpref, lzcnt, sse4a

Memory: 4k page, physical 7639648k(4316420k free), swap 3818492k(3818492k free)

vm_info: OpenJDK 64-Bit Server VM (20.0-b12) for linux-amd64 JRE (1.6.0_24-b24), built on Sep  2 2012 19:50:47 by "buildd" with gcc 4.6.3

time: Sat Oct 13 19:00:55 2012
elapsed time: 35 seconds

