#
# A fatal error has been detected by the Java Runtime Environment:
#
#  SIGSEGV (0xb) at pc=0x00007f4dbc2bfc58, pid=8024, tid=139971990947584
#
# JRE version: 6.0_24-b24
# Java VM: OpenJDK 64-Bit Server VM (20.0-b12 mixed mode linux-amd64 compressed oops)
# Derivative: IcedTea6 1.11.4
# Distribution: Ubuntu 12.04 LTS, package 6b24-1.11.4-1ubuntu0.12.04.1
# Problematic frame:
# C  [libX11.so.6+0x33c58]  XQueryExtension+0x28
#
# If you would like to submit a bug report, please include
# instructions how to reproduce the bug and visit:
#   https://bugs.launchpad.net/ubuntu/+source/openjdk-6/
#

---------------  T H R E A D  ---------------

Current thread (0x00007f4dc0070000):  VMThread [stack: 0x00007f4dc4bc8000,0x00007f4dc4cc9000] [id=8034]

siginfo:si_signo=SIGSEGV: si_errno=0, si_code=1 (SEGV_MAPERR), si_addr=0xffffffffc02306d8

Registers:
RAX=0x00007f4dac0008c0, RBX=0xffffffffc022fd70, RCX=0x00007f4dc4cc77d8, RDX=0x00007f4dc4cc77d4
RSP=0x00007f4dc4cc7770, RBP=0x00007f4d8e215932, RSI=0x00007f4d8e215932, RDI=0xffffffffc022fd70
R8 =0x00007f4dc4cc77dc, R9 =0x0000000000000000, R10=0x00007f4dc88aefa8, R11=0x00007f4dc852eca0
R12=0x0000000000000000, R13=0x00007f4d8e215932, R14=0x00007f4dac0008c0, R15=0x0000000000000000
RIP=0x00007f4dbc2bfc58, EFLAGS=0x0000000000010202, CSGSFS=0x0000000000000033, ERR=0x0000000000000005
  TRAPNO=0x000000000000000e

Top of Stack: (sp=0x00007f4dc4cc7770)
0x00007f4dc4cc7770:   00007f4dc8501790 00007f4dc90dd9e8
0x00007f4dc4cc7780:   00007f4dbd09eec0 00007f4dbd09ef20
0x00007f4dc4cc7790:   00000000ffffffff ffffffffc022fd70
0x00007f4dc4cc77a0:   00007f4d8e215932 0000000000000000
0x00007f4dc4cc77b0:   00007f4d8e215932 00007f4dac0008c0
0x00007f4dc4cc77c0:   0000000000000000 00007f4dbc2b3c55
0x00007f4dc4cc77d0:   00007f4dc90fb048 00007f4d8e34e520
0x00007f4dc4cc77e0:   00007f4d8e34e520 ffffffffc022fd70
0x00007f4dc4cc77f0:   00007f4dc019ecd0 00007f4dbc5cd02b
0x00007f4dc4cc7800:   00007f4dc8501790 000000110000002c
0x00007f4dc4cc7810:   00007f4dc4cc7890 0000000000000000
0x00007f4dc4cc7820:   00007f4dc4cc7890 ffffffffc022fd70
0x00007f4dc4cc7830:   0000000000000000 00007f4dc90fb048
0x00007f4dc4cc7840:   00007f4d8e367d50 00007f4d8e1bc119
0x00007f4dc4cc7850:   0000000000000000 000000000000002c
0x00007f4dc4cc7860:   00007f4dc4cc7890 00007f4dc4cc78b0
0x00007f4dc4cc7870:   0000000000000000 00007f4dc90fb048
0x00007f4dc4cc7880:   00007f4dc022f8d0 00007f4d8e1b2b42
0x00007f4dc4cc7890:   00007f4dc4cc7a80 00007f4d8e2158b1
0x00007f4dc4cc78a0:   00007f4dc4cc7a80 00007f4dc8ee792d
0x00007f4dc4cc78b0:   00007f4dc90fc2c8 00007f4dc90fc858
0x00007f4dc4cc78c0:   00007f4dc90dd000 00007f4dc0006a00
0x00007f4dc4cc78d0:   00007f4dc0007510 00007f4dc0006eb0
0x00007f4dc4cc78e0:   00007f4dc0007a10 00007f4dc000c6f0
0x00007f4dc4cc78f0:   00007f4dc013b540 00007f4dc013ba20
0x00007f4dc4cc7900:   00007f4dc90dc000 00007f4dc022c480
0x00007f4dc4cc7910:   00007f4dc0226bb0 00007f4dc0227050
0x00007f4dc4cc7920:   00007f4dc022c950 00007f4dc022cdf0
0x00007f4dc4cc7930:   00007f4dc022d290 00007f4dc00c0970
0x00007f4dc4cc7940:   00007f4dc0128230 00007f4dc00025e0
0x00007f4dc4cc7950:   00007f4dc0001ec0 00000000010e55f0
0x00007f4dc4cc7960:   00000000010e5b60 00000000010e6570 

Instructions: (pc=0x00007f4dbc2bfc58)
0x00007f4dbc2bfc38:   24 d8 48 89 fb 4c 89 64 24 e0 4c 89 6c 24 e8 48
0x00007f4dbc2bfc48:   89 f5 4c 89 74 24 f0 4c 89 7c 24 f8 48 83 ec 58
0x00007f4dbc2bfc58:   48 8b 87 68 09 00 00 49 89 d4 49 89 cd 4d 89 c6
0x00007f4dbc2bfc68:   48 85 c0 74 02 ff 10 ba 08 00 00 00 be 62 00 00 

Register to memory mapping:

RAX=0x00007f4dac0008c0 is an unknown value
RBX=0xffffffffc022fd70 is an unknown value
RCX=0x00007f4dc4cc77d8 is an unknown value
RDX=0x00007f4dc4cc77d4 is an unknown value
RSP=0x00007f4dc4cc7770 is an unknown value
RBP=0x00007f4d8e215932: <offset 0x96932> in /usr/lib/fglrx/libGL.so.1 at 0x00007f4d8e17f000
RSI=0x00007f4d8e215932: <offset 0x96932> in /usr/lib/fglrx/libGL.so.1 at 0x00007f4d8e17f000
RDI=0xffffffffc022fd70 is an unknown value
R8 =0x00007f4dc4cc77dc is an unknown value
R9 =0x0000000000000000 is an unknown value
R10=0x00007f4dc88aefa8: <offset 0x3bbfa8> in /lib/x86_64-linux-gnu/libc.so.6 at 0x00007f4dc84f3000
R11=0x00007f4dc852eca0: __cxa_finalize+0 in /lib/x86_64-linux-gnu/libc.so.6 at 0x00007f4dc84f3000
R12=0x0000000000000000 is an unknown value
R13=0x00007f4d8e215932: <offset 0x96932> in /usr/lib/fglrx/libGL.so.1 at 0x00007f4d8e17f000
R14=0x00007f4dac0008c0 is an unknown value
R15=0x0000000000000000 is an unknown value


Stack: [0x00007f4dc4bc8000,0x00007f4dc4cc9000],  sp=0x00007f4dc4cc7770,  free space=1021k
Native frames: (J=compiled Java code, j=interpreted, Vv=VM code, C=native code)
C  [libX11.so.6+0x33c58]  XQueryExtension+0x28

VM_Operation (0x00007f4dc90d7680): Exit, mode: safepoint, requested by thread 0x00007f4dc0008800


---------------  P R O C E S S  ---------------

Java Threads: ( => current thread )
  0x00007f4dc0af8800 JavaThread "Thread-2" daemon [_thread_blocked, id=8048, stack(0x00007f4d8d4b8000,0x00007f4d8d5b9000)]
  0x00007f4dc022b800 JavaThread "AWT-XAWT" daemon [_thread_in_native, id=8044, stack(0x00007f4d8eada000,0x00007f4d8ebdb000)]
  0x00007f4dc0169800 JavaThread "Java2D Disposer" daemon [_thread_blocked, id=8043, stack(0x00007f4d8efeb000,0x00007f4d8f0ec000)]
  0x00007f4dc009e800 JavaThread "Low Memory Detector" daemon [_thread_blocked, id=8040, stack(0x00007f4dbcdfe000,0x00007f4dbceff000)]
  0x00007f4dc009c000 JavaThread "C2 CompilerThread1" daemon [_thread_blocked, id=8039, stack(0x00007f4dbceff000,0x00007f4dbd000000)]
  0x00007f4dc0099800 JavaThread "C2 CompilerThread0" daemon [_thread_blocked, id=8038, stack(0x00007f4dc40e1000,0x00007f4dc41e2000)]
  0x00007f4dc0098000 JavaThread "Signal Dispatcher" daemon [_thread_blocked, id=8037, stack(0x00007f4dc41e2000,0x00007f4dc42e3000)]
  0x00007f4dc0079000 JavaThread "Finalizer" daemon [_thread_blocked, id=8036, stack(0x00007f4dc49c6000,0x00007f4dc4ac7000)]
  0x00007f4dc0077000 JavaThread "Reference Handler" daemon [_thread_blocked, id=8035, stack(0x00007f4dc4ac7000,0x00007f4dc4bc8000)]
  0x00007f4dc0008800 JavaThread "main" [_thread_blocked, id=8029, stack(0x00007f4dc8fd8000,0x00007f4dc90d9000)]

Other Threads:
=>0x00007f4dc0070000 VMThread [stack: 0x00007f4dc4bc8000,0x00007f4dc4cc9000] [id=8034]

VM state:at safepoint (shutting down)

VM Mutex/Monitor currently owned by a thread:  ([mutex/lock_event])
[0x00007f4dc0004dd0] Threads_lock - owner thread: 0x00007f4dc0070000

Heap
 PSYoungGen      total 34880K, used 12119K [0x00000000d9200000, 0x00000000db8e0000, 0x0000000100000000)
  eden space 29952K, 40% used [0x00000000d9200000,0x00000000d9dd5e28,0x00000000daf40000)
  from space 4928K, 0% used [0x00000000db410000,0x00000000db410000,0x00000000db8e0000)
  to   space 4928K, 0% used [0x00000000daf40000,0x00000000daf40000,0x00000000db410000)
 PSOldGen        total 79616K, used 0K [0x000000008b600000, 0x00000000903c0000, 0x00000000d9200000)
  object space 79616K, 0% used [0x000000008b600000,0x000000008b600000,0x00000000903c0000)
 PSPermGen       total 21248K, used 11331K [0x0000000081000000, 0x00000000824c0000, 0x000000008b600000)
  object space 21248K, 53% used [0x0000000081000000,0x0000000081b10c60,0x00000000824c0000)

Code Cache  [0x00007f4dbd000000, 0x00007f4dbd270000, 0x00007f4dc0000000)
 total_blobs=571 nmethods=86 adapters=439 free_code_cache=49613696 largest_free_block=8064

Dynamic libraries:
00400000-00409000 r-xp 00000000 08:03 18618890                           /usr/lib/jvm/java-6-openjdk-amd64/jre/bin/java
00608000-00609000 r--p 00008000 08:03 18618890                           /usr/lib/jvm/java-6-openjdk-amd64/jre/bin/java
00609000-0060a000 rw-p 00009000 08:03 18618890                           /usr/lib/jvm/java-6-openjdk-amd64/jre/bin/java
010e5000-01106000 rw-p 00000000 00:00 0                                  [heap]
81000000-824c0000 rw-p 00000000 00:00 0 
824c0000-8b600000 rw-p 00000000 00:00 0 
8b600000-903c0000 rw-p 00000000 00:00 0 
903c0000-d9200000 rw-p 00000000 00:00 0 
d9200000-db8e0000 rw-p 00000000 00:00 0 
db8e0000-100000000 rw-p 00000000 00:00 0 
7f4d70000000-7f4d70021000 rw-p 00000000 00:00 0 
7f4d70021000-7f4d74000000 ---p 00000000 00:00 0 
7f4d74000000-7f4d74021000 rw-p 00000000 00:00 0 
7f4d74021000-7f4d78000000 ---p 00000000 00:00 0 
7f4d78000000-7f4d78021000 rw-p 00000000 00:00 0 
7f4d78021000-7f4d7c000000 ---p 00000000 00:00 0 
7f4d7c000000-7f4d7c021000 rw-p 00000000 00:00 0 
7f4d7c021000-7f4d80000000 ---p 00000000 00:00 0 
7f4d81d32000-7f4d83c8c000 r-xp 00000000 08:03 19009510                   /usr/lib/fglrx/dri/fglrx_dri.so
7f4d83c8c000-7f4d83d8c000 ---p 01f5a000 08:03 19009510                   /usr/lib/fglrx/dri/fglrx_dri.so
7f4d83d8c000-7f4d83eda000 rwxp 01f5a000 08:03 19009510                   /usr/lib/fglrx/dri/fglrx_dri.so
7f4d83eda000-7f4d84000000 rwxp 00000000 00:00 0 
7f4d84000000-7f4d84021000 rw-p 00000000 00:00 0 
7f4d84021000-7f4d88000000 ---p 00000000 00:00 0 
7f4d88000000-7f4d88021000 rw-p 00000000 00:00 0 
7f4d88021000-7f4d8c000000 ---p 00000000 00:00 0 
7f4d8cfac000-7f4d8cfaf000 ---p 00000000 00:00 0 
7f4d8cfaf000-7f4d8d0ad000 rw-p 00000000 00:00 0 
7f4d8d0ad000-7f4d8d0b0000 ---p 00000000 00:00 0 
7f4d8d0b0000-7f4d8d3b0000 rw-p 00000000 00:00 0 
7f4d8d3b0000-7f4d8d3b2000 r--s 00015000 08:03 15598514                   /home/arwilczek90/workspace/Elements/lib/slick/lib/tinylinepp.jar
7f4d8d3b2000-7f4d8d3b5000 r--s 00015000 08:03 15598512                   /home/arwilczek90/workspace/Elements/lib/slick/lib/slick-util.jar
7f4d8d3b5000-7f4d8d3b8000 r-xp 00000000 08:03 15602613                   /home/arwilczek90/workspace/Elements/lib/slick/libjinput-linux64.so
7f4d8d3b8000-7f4d8d4b7000 ---p 00003000 08:03 15602613                   /home/arwilczek90/workspace/Elements/lib/slick/libjinput-linux64.so
7f4d8d4b7000-7f4d8d4b8000 rw-p 00002000 08:03 15602613                   /home/arwilczek90/workspace/Elements/lib/slick/libjinput-linux64.so
7f4d8d4b8000-7f4d8d4bb000 ---p 00000000 00:00 0 
7f4d8d4bb000-7f4d8d5b9000 rw-p 00000000 00:00 0 
7f4d8d5b9000-7f4d8d5be000 r--s 0002f000 08:03 15598498                   /home/arwilczek90/workspace/Elements/lib/slick/lib/jinput.jar
7f4d8d5be000-7f4d8d5c0000 r--s 00008000 08:03 15598497                   /home/arwilczek90/workspace/Elements/lib/slick/lib/ibxm.jar
7f4d8d5c0000-7f4d8d5c3000 r--s 0005b000 08:03 15598496                   /home/arwilczek90/workspace/Elements/lib/slick/lib/hiero.jar
7f4d8d5c3000-7f4d8d5c4000 r--s 00007000 08:03 15597697                   /home/arwilczek90/workspace/Elements/lib/slick/applet/lwjgl_util_applet.jar
7f4d8d604000-7f4d8dd04000 rw-s 00006000 00:05 10225                      /dev/ati/card0
7f4d8dd04000-7f4d8dd06000 r-xp 00000000 08:03 18488267                   /usr/lib/x86_64-linux-gnu/libXinerama.so.1.0.0
7f4d8dd06000-7f4d8df05000 ---p 00002000 08:03 18488267                   /usr/lib/x86_64-linux-gnu/libXinerama.so.1.0.0
7f4d8df05000-7f4d8df06000 r--p 00001000 08:03 18488267                   /usr/lib/x86_64-linux-gnu/libXinerama.so.1.0.0
7f4d8df06000-7f4d8df07000 rw-p 00002000 08:03 18488267                   /usr/lib/x86_64-linux-gnu/libXinerama.so.1.0.0
7f4d8df07000-7f4d8df42000 r-xp 00000000 08:03 19009508                   /usr/lib/fglrx/libatiadlxx.so
7f4d8df42000-7f4d8e042000 ---p 0003b000 08:03 19009508                   /usr/lib/fglrx/libatiadlxx.so
7f4d8e042000-7f4d8e04b000 rw-p 0003b000 08:03 19009508                   /usr/lib/fglrx/libatiadlxx.so
7f4d8e04b000-7f4d8e05c000 rw-p 00000000 00:00 0 
7f4d8e05e000-7f4d8e066000 r--s 00067000 08:03 15598510                   /home/arwilczek90/workspace/Elements/lib/slick/lib/slick-sources.jar
7f4d8e066000-7f4d8e067000 r--s 00000000 08:03 15598509                   /home/arwilczek90/workspace/Elements/lib/slick/lib/slick-examples.jar
7f4d8e067000-7f4d8e068000 r--s 00003000 08:03 15598508                   /home/arwilczek90/workspace/Elements/lib/slick/lib/scalar.jar
7f4d8e068000-7f4d8e06b000 r--s 00017000 08:03 15598507                   /home/arwilczek90/workspace/Elements/lib/slick/lib/pedigree.jar
7f4d8e06b000-7f4d8e076000 r--s 00093000 08:03 15598513                   /home/arwilczek90/workspace/Elements/lib/slick/lib/slick.jar
7f4d8e076000-7f4d8e07d000 r-xp 00000000 08:03 19009532                   /usr/lib/fglrx/libatiuki.so.1.0
7f4d8e07d000-7f4d8e17d000 ---p 00007000 08:03 19009532                   /usr/lib/fglrx/libatiuki.so.1.0
7f4d8e17d000-7f4d8e17e000 rw-p 00007000 08:03 19009532                   /usr/lib/fglrx/libatiuki.so.1.0
7f4d8e17e000-7f4d8e17f000 rw-p 00000000 00:00 0 
7f4d8e17f000-7f4d8e242000 r-xp 00000000 08:03 19009512                   /usr/lib/fglrx/libGL.so.1.2
7f4d8e242000-7f4d8e341000 ---p 000c3000 08:03 19009512                   /usr/lib/fglrx/libGL.so.1.2
7f4d8e341000-7f4d8e368000 rwxp 000c2000 08:03 19009512                   /usr/lib/fglrx/libGL.so.1.2
7f4d8e368000-7f4d8e388000 rwxp 00000000 00:00 0 
7f4d8e388000-7f4d8e389000 r-xp 00000000 08:03 18618886                   /usr/lib/jvm/java-6-openjdk-amd64/jre/lib/amd64/libjawt.so
7f4d8e389000-7f4d8e588000 ---p 00001000 08:03 18618886                   /usr/lib/jvm/java-6-openjdk-amd64/jre/lib/amd64/libjawt.so
7f4d8e588000-7f4d8e589000 r--p 00000000 08:03 18618886                   /usr/lib/jvm/java-6-openjdk-amd64/jre/lib/amd64/libjawt.so
7f4d8e589000-7f4d8e58a000 rw-p 00001000 08:03 18618886                   /usr/lib/jvm/java-6-openjdk-amd64/jre/lib/amd64/libjawt.so
7f4d8e58a000-7f4d8e58e000 r-xp 00000000 08:03 18488287                   /usr/lib/x86_64-linux-gnu/libXxf86vm.so.1.0.0
7f4d8e58e000-7f4d8e78d000 ---p 00004000 08:03 18488287                   /usr/lib/x86_64-linux-gnu/libXxf86vm.so.1.0.0
7f4d8e78d000-7f4d8e78e000 r--p 00003000 08:03 18488287                   /usr/lib/x86_64-linux-gnu/libXxf86vm.so.1.0.0
7f4d8e78e000-7f4d8e78f000 rw-p 00004000 08:03 18488287                   /usr/lib/x86_64-linux-gnu/libXxf86vm.so.1.0.0
7f4d8e78f000-7f4d8e797000 r-xp 00000000 08:03 18488277                   /usr/lib/x86_64-linux-gnu/libXrandr.so.2.2.0
7f4d8e797000-7f4d8e996000 ---p 00008000 08:03 18488277                   /usr/lib/x86_64-linux-gnu/libXrandr.so.2.2.0
7f4d8e996000-7f4d8e997000 r--p 00007000 08:03 18488277                   /usr/lib/x86_64-linux-gnu/libXrandr.so.2.2.0
7f4d8e997000-7f4d8e998000 rw-p 00008000 08:03 18488277                   /usr/lib/x86_64-linux-gnu/libXrandr.so.2.2.0
7f4d8e998000-7f4d8e9d8000 r-xp 00000000 08:03 15602617                   /home/arwilczek90/workspace/Elements/lib/slick/liblwjgl64.so
7f4d8e9d8000-7f4d8ead8000 ---p 00040000 08:03 15602617                   /home/arwilczek90/workspace/Elements/lib/slick/liblwjgl64.so
7f4d8ead8000-7f4d8eada000 rw-p 00040000 08:03 15602617                   /home/arwilczek90/workspace/Elements/lib/slick/liblwjgl64.so
7f4d8eada000-7f4d8eadd000 ---p 00000000 00:00 0 
7f4d8eadd000-7f4d8ebdb000 rw-p 00000000 00:00 0 
7f4d8ebdb000-7f4d8ebe0000 r-xp 00000000 08:03 18488261                   /usr/lib/x86_64-linux-gnu/libXfixes.so.3.1.0
7f4d8ebe0000-7f4d8eddf000 ---p 00005000 08:03 18488261                   /usr/lib/x86_64-linux-gnu/libXfixes.so.3.1.0
7f4d8eddf000-7f4d8ede0000 r--p 00004000 08:03 18488261                   /usr/lib/x86_64-linux-gnu/libXfixes.so.3.1.0
7f4d8ede0000-7f4d8ede1000 rw-p 00005000 08:03 18488261                   /usr/lib/x86_64-linux-gnu/libXfixes.so.3.1.0
7f4d8ede1000-7f4d8edea000 r-xp 00000000 08:03 18488253                   /usr/lib/x86_64-linux-gnu/libXcursor.so.1.0.2
7f4d8edea000-7f4d8efe9000 ---p 00009000 08:03 18488253                   /usr/lib/x86_64-linux-gnu/libXcursor.so.1.0.2
7f4d8efe9000-7f4d8efea000 r--p 00008000 08:03 18488253                   /usr/lib/x86_64-linux-gnu/libXcursor.so.1.0.2
7f4d8efea000-7f4d8efeb000 rw-p 00009000 08:03 18488253                   /usr/lib/x86_64-linux-gnu/libXcursor.so.1.0.2
7f4d8efeb000-7f4d8efee000 ---p 00000000 00:00 0 
7f4d8efee000-7f4d8f0ec000 rw-p 00000000 00:00 0 
7f4d8f0ec000-7f4d8f182000 r-xp 00000000 08:03 18488439                   /usr/lib/x86_64-linux-gnu/libfreetype.so.6.8.0
7f4d8f182000-7f4d8f381000 ---p 00096000 08:03 18488439                   /usr/lib/x86_64-linux-gnu/libfreetype.so.6.8.0
7f4d8f381000-7f4d8f387000 r--p 00095000 08:03 18488439                   /usr/lib/x86_64-linux-gnu/libfreetype.so.6.8.0
7f4d8f387000-7f4d8f388000 rw-p 0009b000 08:03 18488439                   /usr/lib/x86_64-linux-gnu/libfreetype.so.6.8.0
7f4d8f388000-7f4d8f3c2000 r-xp 00000000 08:03 18618871                   /usr/lib/jvm/java-6-openjdk-amd64/jre/lib/amd64/libfontmanager.so
7f4d8f3c2000-7f4d8f5c1000 ---p 0003a000 08:03 18618871                   /usr/lib/jvm/java-6-openjdk-amd64/jre/lib/amd64/libfontmanager.so
7f4d8f5c1000-7f4d8f5c3000 r--p 00039000 08:03 18618871                   /usr/lib/jvm/java-6-openjdk-amd64/jre/lib/amd64/libfontmanager.so
7f4d8f5c3000-7f4d8f5c4000 rw-p 0003b000 08:03 18618871                   /usr/lib/jvm/java-6-openjdk-amd64/jre/lib/amd64/libfontmanager.so
7f4d8f5c4000-7f4d8f5c9000 r-xp 00000000 08:03 18488257                   /usr/lib/x86_64-linux-gnu/libXdmcp.so.6.0.0
7f4d8f5c9000-7f4d8f7c8000 ---p 00005000 08:03 18488257                   /usr/lib/x86_64-linux-gnu/libXdmcp.so.6.0.0
7f4d8f7c8000-7f4d8f7c9000 r--p 00004000 08:03 18488257                   /usr/lib/x86_64-linux-gnu/libXdmcp.so.6.0.0
7f4d8f7c9000-7f4d8f7ca000 rw-p 00005000 08:03 18488257                   /usr/lib/x86_64-linux-gnu/libXdmcp.so.6.0.0
7f4d8f7ca000-7f4d8f7cc000 r-xp 00000000 08:03 18488246                   /usr/lib/x86_64-linux-gnu/libXau.so.6.0.0
7f4d8f7cc000-7f4d8f9cb000 ---p 00002000 08:03 18488246                   /usr/lib/x86_64-linux-gnu/libXau.so.6.0.0
7f4d8f9cb000-7f4d8f9cc000 r--p 00001000 08:03 18488246                   /usr/lib/x86_64-linux-gnu/libXau.so.6.0.0
7f4d8f9cc000-7f4d8f9cd000 rw-p 00002000 08:03 18488246                   /usr/lib/x86_64-linux-gnu/libXau.so.6.0.0
7f4d8f9cd000-7f4d8f9ea000 r-xp 00000000 08:03 18488845                   /usr/lib/x86_64-linux-gnu/libxcb.so.1.1.0
7f4d8f9ea000-7f4d8fbe9000 ---p 0001d000 08:03 18488845                   /usr/lib/x86_64-linux-gnu/libxcb.so.1.1.0
7f4d8fbe9000-7f4d8fbea000 r--p 0001c000 08:03 18488845                   /usr/lib/x86_64-linux-gnu/libxcb.so.1.1.0
7f4d8fbea000-7f4d8fbeb000 rw-p 0001d000 08:03 18488845                   /usr/lib/x86_64-linux-gnu/libxcb.so.1.1.0
7f4d8fbeb000-7f4d8fbf9000 r-xp 00000000 08:03 18488265                   /usr/lib/x86_64-linux-gnu/libXi.so.6.1.0
7f4d8fbf9000-7f4d8fdf8000 ---p 0000e000 08:03 18488265                   /usr/lib/x86_64-linux-gnu/libXi.so.6.1.0
7f4d8fdf8000-7f4d8fdf9000 r--p 0000d000 08:03 18488265                   /usr/lib/x86_64-linux-gnu/libXi.so.6.1.0
7f4d8fdf9000-7f4d8fdfa000 rw-p 0000e000 08:03 18488265                   /usr/lib/x86_64-linux-gnu/libXi.so.6.1.0
7f4d8fdfa000-7f4d8fdff000 r-xp 00000000 08:03 18488283                   /usr/lib/x86_64-linux-gnu/libXtst.so.6.1.0
7f4d8fdff000-7f4d8fffe000 ---p 00005000 08:03 18488283                   /usr/lib/x86_64-linux-gnu/libXtst.so.6.1.0
7f4d8fffe000-7f4d8ffff000 r--p 00004000 08:03 18488283                   /usr/lib/x86_64-linux-gnu/libXtst.so.6.1.0
7f4d8ffff000-7f4d90000000 rw-p 00005000 08:03 18488283                   /usr/lib/x86_64-linux-gnu/libXtst.so.6.1.0
7f4d90000000-7f4d9021e000 rw-p 00000000 00:00 0 
7f4d9021e000-7f4d94000000 ---p 00000000 00:00 0 
7f4d94000000-7f4d94021000 rw-p 00000000 00:00 0 
7f4d94021000-7f4d98000000 ---p 00000000 00:00 0 
7f4d98000000-7f4d98021000 rw-p 00000000 00:00 0 
7f4d98021000-7f4d9c000000 ---p 00000000 00:00 0 
7f4d9c000000-7f4d9c1f5000 rw-p 00000000 00:00 0 
7f4d9c1f5000-7f4da0000000 ---p 00000000 00:00 0 
7f4da0000000-7f4da0021000 rw-p 00000000 00:00 0 
7f4da0021000-7f4da4000000 ---p 00000000 00:00 0 
7f4da4000000-7f4da4021000 rw-p 00000000 00:00 0 
7f4da4021000-7f4da8000000 ---p 00000000 00:00 0 
7f4da8000000-7f4da8021000 rw-p 00000000 00:00 0 
7f4da8021000-7f4dac000000 ---p 00000000 00:00 0 
7f4dac000000-7f4dac021000 rw-p 00000000 00:00 0 
7f4dac021000-7f4db0000000 ---p 00000000 00:00 0 
7f4db0000000-7f4db0021000 rw-p 00000000 00:00 0 
7f4db0021000-7f4db4000000 ---p 00000000 00:00 0 
7f4db4000000-7f4db4021000 rw-p 00000000 00:00 0 
7f4db4021000-7f4db8000000 ---p 00000000 00:00 0 
7f4db8000000-7f4db8021000 rw-p 00000000 00:00 0 
7f4db8021000-7f4dbc000000 ---p 00000000 00:00 0 
7f4dbc000000-7f4dbc002000 r--s 00004000 08:03 15598506                   /home/arwilczek90/workspace/Elements/lib/slick/lib/packulike.jar
7f4dbc002000-7f4dbc003000 r--s 00043000 08:03 15598505                   /home/arwilczek90/workspace/Elements/lib/slick/lib/natives-win32.jar
7f4dbc003000-7f4dbc005000 r--s 00033000 08:03 15598504                   /home/arwilczek90/workspace/Elements/lib/slick/lib/natives-mac.jar
7f4dbc005000-7f4dbc00c000 r--s 00073000 08:03 15598502                   /home/arwilczek90/workspace/Elements/lib/slick/lib/lwjgl.jar
7f4dbc00c000-7f4dbc00d000 rw-s 00005000 00:05 10225                      /dev/ati/card0
7f4dbc00d000-7f4dbc04d000 rw-s f0300000 00:05 10225                      /dev/ati/card0
7f4dbc04d000-7f4dbc04f000 rw-s 00002000 00:05 10225                      /dev/ati/card0
7f4dbc04f000-7f4dbc05a000 r--s 00093000 08:03 15597692                   /home/arwilczek90/workspace/Elements/lib/slick.jar
7f4dbc05a000-7f4dbc061000 r--s 000fb000 08:03 18618812                   /usr/lib/jvm/java-6-openjdk-common/jre/lib/resources.jar
7f4dbc061000-7f4dbc062000 r--s 00000000 08:03 19927127                   /var/cache/fontconfig/c05880de57d1f5e948fdfacc138775d9-le64.cache-3
7f4dbc062000-7f4dbc06b000 r--s 00000000 08:03 19927122                   /var/cache/fontconfig/945677eb7aeaf62f1d50efc3fb3ec7d8-le64.cache-3
7f4dbc06b000-7f4dbc06d000 r--s 00000000 08:03 19927123                   /var/cache/fontconfig/99e8ed0e538f840c565b6ed5dad60d56-le64.cache-3
7f4dbc06d000-7f4dbc071000 r--s 00000000 08:03 19927109                   /var/cache/fontconfig/2cd17615ca594fa2959ae173292e504c-le64.cache-3
7f4dbc071000-7f4dbc072000 r--s 00000000 08:03 19927134                   /var/cache/fontconfig/e7071f4a29fa870f4323321c154eba04-le64.cache-3
7f4dbc072000-7f4dbc073000 r--s 00000000 08:03 19927107                   /var/cache/fontconfig/0d8c3b2ac0904cb8a57a757ad11a4a08-le64.cache-3
7f4dbc073000-7f4dbc079000 r--s 00000000 08:03 19927124                   /var/cache/fontconfig/a755afe4a08bf5b97852ceb7400b47bc-le64.cache-3
7f4dbc079000-7f4dbc082000 r--s 00000000 08:03 19927460                   /var/cache/fontconfig/6d41288fd70b0be22e8c3a91e032eec0-le64.cache-3
7f4dbc082000-7f4dbc08b000 r-xp 00000000 08:03 18488279                   /usr/lib/x86_64-linux-gnu/libXrender.so.1.3.0
7f4dbc08b000-7f4dbc28a000 ---p 00009000 08:03 18488279                   /usr/lib/x86_64-linux-gnu/libXrender.so.1.3.0
7f4dbc28a000-7f4dbc28b000 r--p 00008000 08:03 18488279                   /usr/lib/x86_64-linux-gnu/libXrender.so.1.3.0
7f4dbc28b000-7f4dbc28c000 rw-p 00009000 08:03 18488279                   /usr/lib/x86_64-linux-gnu/libXrender.so.1.3.0
7f4dbc28c000-7f4dbc3bb000 r-xp 00000000 08:03 18488244                   /usr/lib/x86_64-linux-gnu/libX11.so.6.3.0
7f4dbc3bb000-7f4dbc5bb000 ---p 0012f000 08:03 18488244                   /usr/lib/x86_64-linux-gnu/libX11.so.6.3.0
7f4dbc5bb000-7f4dbc5bc000 r--p 0012f000 08:03 18488244                   /usr/lib/x86_64-linux-gnu/libX11.so.6.3.0
7f4dbc5bc000-7f4dbc5c0000 rw-p 00130000 08:03 18488244                   /usr/lib/x86_64-linux-gnu/libX11.so.6.3.0
7f4dbc5c0000-7f4dbc5d0000 r-xp 00000000 08:03 18488259                   /usr/lib/x86_64-linux-gnu/libXext.so.6.4.0
7f4dbc5d0000-7f4dbc7cf000 ---p 00010000 08:03 18488259                   /usr/lib/x86_64-linux-gnu/libXext.so.6.4.0
7f4dbc7cf000-7f4dbc7d0000 r--p 0000f000 08:03 18488259                   /usr/lib/x86_64-linux-gnu/libXext.so.6.4.0
7f4dbc7d0000-7f4dbc7d1000 rw-p 00010000 08:03 18488259                   /usr/lib/x86_64-linux-gnu/libXext.so.6.4.0
7f4dbc7d1000-7f4dbc81c000 r-xp 00000000 08:03 18618972                   /usr/lib/jvm/java-6-openjdk-amd64/jre/lib/amd64/xawt/libmawt.so
7f4dbc81c000-7f4dbca1c000 ---p 0004b000 08:03 18618972                   /usr/lib/jvm/java-6-openjdk-amd64/jre/lib/amd64/xawt/libmawt.so
7f4dbca1c000-7f4dbca1d000 r--p 0004b000 08:03 18618972                   /usr/lib/jvm/java-6-openjdk-amd64/jre/lib/amd64/xawt/libmawt.so
7f4dbca1d000-7f4dbca20000 rw-p 0004c000 08:03 18618972                   /usr/lib/jvm/java-6-openjdk-amd64/jre/lib/amd64/xawt/libmawt.so
7f4dbca20000-7f4dbca21000 rw-p 00000000 00:00 0 
7f4dbca21000-7f4dbcacd000 r-xp 00000000 08:03 18618874                   /usr/lib/jvm/java-6-openjdk-amd64/jre/lib/amd64/libawt.so
7f4dbcacd000-7f4dbcccc000 ---p 000ac000 08:03 18618874                   /usr/lib/jvm/java-6-openjdk-amd64/jre/lib/amd64/libawt.so
7f4dbcccc000-7f4dbcccd000 r--p 000ab000 08:03 18618874                   /usr/lib/jvm/java-6-openjdk-amd64/jre/lib/amd64/libawt.so
7f4dbcccd000-7f4dbccd8000 rw-p 000ac000 08:03 18618874                   /usr/lib/jvm/java-6-openjdk-amd64/jre/lib/amd64/libawt.so
7f4dbccd8000-7f4dbccfd000 rw-p 00000000 00:00 0 
7f4dbccfd000-7f4dbccfe000 ---p 00000000 00:00 0 
7f4dbccfe000-7f4dbcdfe000 rw-p 00000000 00:00 0 
7f4dbcdfe000-7f4dbce01000 ---p 00000000 00:00 0 
7f4dbce01000-7f4dbceff000 rw-p 00000000 00:00 0 
7f4dbceff000-7f4dbcf02000 ---p 00000000 00:00 0 
7f4dbcf02000-7f4dbd000000 rw-p 00000000 00:00 0 
7f4dbd000000-7f4dbd270000 rwxp 00000000 00:00 0 
7f4dbd270000-7f4dc0d70000 rw-p 00000000 00:00 0 
7f4dc0d70000-7f4dc4000000 ---p 00000000 00:00 0 
7f4dc4000000-7f4dc4001000 r--s 0003d000 08:03 15598503                   /home/arwilczek90/workspace/Elements/lib/slick/lib/natives-linux.jar
7f4dc4001000-7f4dc4003000 r--s 0000d000 08:03 15598501                   /home/arwilczek90/workspace/Elements/lib/slick/lib/jorbis-0.0.15.jar
7f4dc4003000-7f4dc4013000 r--s 00000000 08:03 19927106                   /var/cache/fontconfig/04aabc0a78ac019cf9454389977116d2-le64.cache-3
7f4dc4013000-7f4dc4016000 r--s 00000000 08:03 19927112                   /var/cache/fontconfig/385c0604a188198f04d133e54aba7fe7-le64.cache-3
7f4dc4016000-7f4dc4017000 r--s 00000000 08:03 19927113                   /var/cache/fontconfig/4794a0821666d79190d59a36cb4f44b5-le64.cache-3
7f4dc4017000-7f4dc401a000 r--s 00000000 08:03 19927121                   /var/cache/fontconfig/8801497958630a81b71ace7c5f9b32a8-le64.cache-3
7f4dc401a000-7f4dc4048000 r--s 00000000 08:03 19927454                   /var/cache/fontconfig/365b55f210c0a22e9a19e35191240f32-le64.cache-3
7f4dc4048000-7f4dc404d000 r--s 00000000 08:03 19927110                   /var/cache/fontconfig/3047814df9a2f067bd2d96a2b9c36e5a-le64.cache-3
7f4dc404d000-7f4dc404e000 r--s 00000000 08:03 19927115                   /var/cache/fontconfig/56cf4f4769d0f4abc89a4895d7bd3ae1-le64.cache-3
7f4dc404e000-7f4dc404f000 r--s 00000000 08:03 19927126                   /var/cache/fontconfig/b9d506c9ac06c20b433354fa67a72993-le64.cache-3
7f4dc404f000-7f4dc4054000 r--s 00000000 08:03 19927125                   /var/cache/fontconfig/b47c4e1ecd0709278f4910c18777a504-le64.cache-3
7f4dc4054000-7f4dc4064000 r--s 00000000 08:03 19927130                   /var/cache/fontconfig/d52a8644073d54c13679302ca1180695-le64.cache-3
7f4dc4064000-7f4dc4067000 r--s 00000000 08:03 19927196                   /var/cache/fontconfig/e13b20fdb08344e0e664864cc2ede53d-le64.cache-3
7f4dc4067000-7f4dc406b000 r--s 00000000 08:03 19927452                   /var/cache/fontconfig/7ef2298fde41cc6eeb7af42e48b7d293-le64.cache-3
7f4dc406b000-7f4dc406c000 r--s 00000000 08:03 19927127                   /var/cache/fontconfig/c05880de57d1f5e948fdfacc138775d9-le64.cache-3
7f4dc406c000-7f4dc4075000 r--s 00000000 08:03 19927122                   /var/cache/fontconfig/945677eb7aeaf62f1d50efc3fb3ec7d8-le64.cache-3
7f4dc4075000-7f4dc4077000 r--s 00000000 08:03 19927123                   /var/cache/fontconfig/99e8ed0e538f840c565b6ed5dad60d56-le64.cache-3
7f4dc4077000-7f4dc407b000 r--s 00000000 08:03 19927109                   /var/cache/fontconfig/2cd17615ca594fa2959ae173292e504c-le64.cache-3
7f4dc407b000-7f4dc407c000 r--s 00000000 08:03 19927134                   /var/cache/fontconfig/e7071f4a29fa870f4323321c154eba04-le64.cache-3
7f4dc407c000-7f4dc407d000 r--s 00000000 08:03 19927107                   /var/cache/fontconfig/0d8c3b2ac0904cb8a57a757ad11a4a08-le64.cache-3
7f4dc407d000-7f4dc4083000 r--s 00000000 08:03 19927124                   /var/cache/fontconfig/a755afe4a08bf5b97852ceb7400b47bc-le64.cache-3
7f4dc4083000-7f4dc408c000 r--s 00000000 08:03 19927460                   /var/cache/fontconfig/6d41288fd70b0be22e8c3a91e032eec0-le64.cache-3
7f4dc408c000-7f4dc409c000 r--s 00000000 08:03 19927106                   /var/cache/fontconfig/04aabc0a78ac019cf9454389977116d2-le64.cache-3
7f4dc409c000-7f4dc409f000 r--s 00000000 08:03 19927112                   /var/cache/fontconfig/385c0604a188198f04d133e54aba7fe7-le64.cache-3
7f4dc409f000-7f4dc40a0000 r--s 00000000 08:03 19927113                   /var/cache/fontconfig/4794a0821666d79190d59a36cb4f44b5-le64.cache-3
7f4dc40a0000-7f4dc40a3000 r--s 00000000 08:03 19927121                   /var/cache/fontconfig/8801497958630a81b71ace7c5f9b32a8-le64.cache-3
7f4dc40a3000-7f4dc40d1000 r--s 00000000 08:03 19927454                   /var/cache/fontconfig/365b55f210c0a22e9a19e35191240f32-le64.cache-3
7f4dc40d1000-7f4dc40e1000 r--s 00000000 08:03 19927130                   /var/cache/fontconfig/d52a8644073d54c13679302ca1180695-le64.cache-3
7f4dc40e1000-7f4dc40e4000 ---p 00000000 00:00 0 
7f4dc40e4000-7f4dc41e2000 rw-p 00000000 00:00 0 
7f4dc41e2000-7f4dc41e5000 ---p 00000000 00:00 0 
7f4dc41e5000-7f4dc42e3000 rw-p 00000000 00:00 0 
7f4dc42e3000-7f4dc49c6000 r--p 00000000 08:03 18487587                   /usr/lib/locale/locale-archive
7f4dc49c6000-7f4dc49c9000 ---p 00000000 00:00 0 
7f4dc49c9000-7f4dc4ac7000 rw-p 00000000 00:00 0 
7f4dc4ac7000-7f4dc4aca000 ---p 00000000 00:00 0 
7f4dc4aca000-7f4dc4bc8000 rw-p 00000000 00:00 0 
7f4dc4bc8000-7f4dc4bc9000 ---p 00000000 00:00 0 
7f4dc4bc9000-7f4dc5201000 rw-p 00000000 00:00 0 
7f4dc5201000-7f4dc5393000 r--s 037bf000 08:03 18618843                   /usr/lib/jvm/java-6-openjdk-amd64/jre/lib/rt.jar
7f4dc5393000-7f4dc53bb000 rw-p 00000000 00:00 0 
7f4dc53bb000-7f4dc53bc000 ---p 00000000 00:00 0 
7f4dc53bc000-7f4dc54bc000 rw-p 00000000 00:00 0 
7f4dc54bc000-7f4dc54bd000 ---p 00000000 00:00 0 
7f4dc54bd000-7f4dc55bd000 rw-p 00000000 00:00 0 
7f4dc55bd000-7f4dc55be000 ---p 00000000 00:00 0 
7f4dc55be000-7f4dc56be000 rw-p 00000000 00:00 0 
7f4dc56be000-7f4dc56bf000 ---p 00000000 00:00 0 
7f4dc56bf000-7f4dc57ca000 rw-p 00000000 00:00 0 
7f4dc57ca000-7f4dc5812000 rw-p 00000000 00:00 0 
7f4dc5812000-7f4dc5839000 rw-p 00000000 00:00 0 
7f4dc5839000-7f4dc5a80000 rw-p 00000000 00:00 0 
7f4dc5a80000-7f4dc5a8b000 rw-p 00000000 00:00 0 
7f4dc5a8b000-7f4dc5ad3000 rw-p 00000000 00:00 0 
7f4dc5ad3000-7f4dc5afa000 rw-p 00000000 00:00 0 
7f4dc5afa000-7f4dc5d41000 rw-p 00000000 00:00 0 
7f4dc5d41000-7f4dc5d55000 rw-p 00000000 00:00 0 
7f4dc5d55000-7f4dc5e78000 rw-p 00000000 00:00 0 
7f4dc5e78000-7f4dc5e79000 rw-p 00000000 00:00 0 
7f4dc5e79000-7f4dc5e80000 r-xp 00000000 08:03 18618888                   /usr/lib/jvm/java-6-openjdk-amd64/jre/lib/amd64/libzip.so
7f4dc5e80000-7f4dc607f000 ---p 00007000 08:03 18618888                   /usr/lib/jvm/java-6-openjdk-amd64/jre/lib/amd64/libzip.so
7f4dc607f000-7f4dc6080000 r--p 00006000 08:03 18618888                   /usr/lib/jvm/java-6-openjdk-amd64/jre/lib/amd64/libzip.so
7f4dc6080000-7f4dc6081000 rw-p 00007000 08:03 18618888                   /usr/lib/jvm/java-6-openjdk-amd64/jre/lib/amd64/libzip.so
7f4dc6081000-7f4dc608d000 r-xp 00000000 08:03 21758081                   /lib/x86_64-linux-gnu/libnss_files-2.15.so
7f4dc608d000-7f4dc628c000 ---p 0000c000 08:03 21758081                   /lib/x86_64-linux-gnu/libnss_files-2.15.so
7f4dc628c000-7f4dc628d000 r--p 0000b000 08:03 21758081                   /lib/x86_64-linux-gnu/libnss_files-2.15.so
7f4dc628d000-7f4dc628e000 rw-p 0000c000 08:03 21758081                   /lib/x86_64-linux-gnu/libnss_files-2.15.so
7f4dc628e000-7f4dc6298000 r-xp 00000000 08:03 21758077                   /lib/x86_64-linux-gnu/libnss_nis-2.15.so
7f4dc6298000-7f4dc6498000 ---p 0000a000 08:03 21758077                   /lib/x86_64-linux-gnu/libnss_nis-2.15.so
7f4dc6498000-7f4dc6499000 r--p 0000a000 08:03 21758077                   /lib/x86_64-linux-gnu/libnss_nis-2.15.so
7f4dc6499000-7f4dc649a000 rw-p 0000b000 08:03 21758077                   /lib/x86_64-linux-gnu/libnss_nis-2.15.so
7f4dc649a000-7f4dc64b1000 r-xp 00000000 08:03 21761730                   /lib/x86_64-linux-gnu/libnsl-2.15.so
7f4dc64b1000-7f4dc66b0000 ---p 00017000 08:03 21761730                   /lib/x86_64-linux-gnu/libnsl-2.15.so
7f4dc66b0000-7f4dc66b1000 r--p 00016000 08:03 21761730                   /lib/x86_64-linux-gnu/libnsl-2.15.so
7f4dc66b1000-7f4dc66b2000 rw-p 00017000 08:03 21761730                   /lib/x86_64-linux-gnu/libnsl-2.15.so
7f4dc66b2000-7f4dc66b4000 rw-p 00000000 00:00 0 
7f4dc66b4000-7f4dc66bc000 r-xp 00000000 08:03 21758082                   /lib/x86_64-linux-gnu/libnss_compat-2.15.so
7f4dc66bc000-7f4dc68bb000 ---p 00008000 08:03 21758082                   /lib/x86_64-linux-gnu/libnss_compat-2.15.so
7f4dc68bb000-7f4dc68bc000 r--p 00007000 08:03 21758082                   /lib/x86_64-linux-gnu/libnss_compat-2.15.so
7f4dc68bc000-7f4dc68bd000 rw-p 00008000 08:03 21758082                   /lib/x86_64-linux-gnu/libnss_compat-2.15.so
7f4dc68bd000-7f4dc68e9000 r-xp 00000000 08:03 18618873                   /usr/lib/jvm/java-6-openjdk-amd64/jre/lib/amd64/libjava.so
7f4dc68e9000-7f4dc6ae8000 ---p 0002c000 08:03 18618873                   /usr/lib/jvm/java-6-openjdk-amd64/jre/lib/amd64/libjava.so
7f4dc6ae8000-7f4dc6ae9000 r--p 0002b000 08:03 18618873                   /usr/lib/jvm/java-6-openjdk-amd64/jre/lib/amd64/libjava.so
7f4dc6ae9000-7f4dc6aec000 rw-p 0002c000 08:03 18618873                   /usr/lib/jvm/java-6-openjdk-amd64/jre/lib/amd64/libjava.so
7f4dc6aec000-7f4dc6afa000 r-xp 00000000 08:03 18618872                   /usr/lib/jvm/java-6-openjdk-amd64/jre/lib/amd64/libverify.so
7f4dc6afa000-7f4dc6cf9000 ---p 0000e000 08:03 18618872                   /usr/lib/jvm/java-6-openjdk-amd64/jre/lib/amd64/libverify.so
7f4dc6cf9000-7f4dc6cfb000 r--p 0000d000 08:03 18618872                   /usr/lib/jvm/java-6-openjdk-amd64/jre/lib/amd64/libverify.so
7f4dc6cfb000-7f4dc6cfc000 rw-p 0000f000 08:03 18618872                   /usr/lib/jvm/java-6-openjdk-amd64/jre/lib/amd64/libverify.so
7f4dc6cfc000-7f4dc6d03000 r-xp 00000000 08:03 21758075                   /lib/x86_64-linux-gnu/librt-2.15.so
7f4dc6d03000-7f4dc6f02000 ---p 00007000 08:03 21758075                   /lib/x86_64-linux-gnu/librt-2.15.so
7f4dc6f02000-7f4dc6f03000 r--p 00006000 08:03 21758075                   /lib/x86_64-linux-gnu/librt-2.15.so
7f4dc6f03000-7f4dc6f04000 rw-p 00007000 08:03 21758075                   /lib/x86_64-linux-gnu/librt-2.15.so
7f4dc6f04000-7f4dc6f19000 r-xp 00000000 08:03 21761542                   /lib/x86_64-linux-gnu/libgcc_s.so.1
7f4dc6f19000-7f4dc7118000 ---p 00015000 08:03 21761542                   /lib/x86_64-linux-gnu/libgcc_s.so.1
7f4dc7118000-7f4dc7119000 r--p 00014000 08:03 21761542                   /lib/x86_64-linux-gnu/libgcc_s.so.1
7f4dc7119000-7f4dc711a000 rw-p 00015000 08:03 21761542                   /lib/x86_64-linux-gnu/libgcc_s.so.1
7f4dc711a000-7f4dc7213000 r-xp 00000000 08:03 21758079                   /lib/x86_64-linux-gnu/libm-2.15.so
7f4dc7213000-7f4dc7412000 ---p 000f9000 08:03 21758079                   /lib/x86_64-linux-gnu/libm-2.15.so
7f4dc7412000-7f4dc7413000 r--p 000f8000 08:03 21758079                   /lib/x86_64-linux-gnu/libm-2.15.so
7f4dc7413000-7f4dc7414000 rw-p 000f9000 08:03 21758079                   /lib/x86_64-linux-gnu/libm-2.15.so
7f4dc7414000-7f4dc74f6000 r-xp 00000000 08:03 18488773                   /usr/lib/x86_64-linux-gnu/libstdc++.so.6.0.16
7f4dc74f6000-7f4dc76f5000 ---p 000e2000 08:03 18488773                   /usr/lib/x86_64-linux-gnu/libstdc++.so.6.0.16
7f4dc76f5000-7f4dc76fd000 r--p 000e1000 08:03 18488773                   /usr/lib/x86_64-linux-gnu/libstdc++.so.6.0.16
7f4dc76fd000-7f4dc76ff000 rw-p 000e9000 08:03 18488773                   /usr/lib/x86_64-linux-gnu/libstdc++.so.6.0.16
7f4dc76ff000-7f4dc7714000 rw-p 00000000 00:00 0 
7f4dc7714000-7f4dc8018000 r-xp 00000000 08:03 18618878                   /usr/lib/jvm/java-6-openjdk-amd64/jre/lib/amd64/server/libjvm.so
7f4dc8018000-7f4dc8218000 ---p 00904000 08:03 18618878                   /usr/lib/jvm/java-6-openjdk-amd64/jre/lib/amd64/server/libjvm.so
7f4dc8218000-7f4dc8298000 r--p 00904000 08:03 18618878                   /usr/lib/jvm/java-6-openjdk-amd64/jre/lib/amd64/server/libjvm.so
7f4dc8298000-7f4dc82b3000 rw-p 00984000 08:03 18618878                   /usr/lib/jvm/java-6-openjdk-amd64/jre/lib/amd64/server/libjvm.so
7f4dc82b3000-7f4dc82dc000 rw-p 00000000 00:00 0 
7f4dc82dc000-7f4dc82f2000 r-xp 00000000 08:03 21761632                   /lib/x86_64-linux-gnu/libz.so.1.2.3.4
7f4dc82f2000-7f4dc84f1000 ---p 00016000 08:03 21761632                   /lib/x86_64-linux-gnu/libz.so.1.2.3.4
7f4dc84f1000-7f4dc84f2000 r--p 00015000 08:03 21761632                   /lib/x86_64-linux-gnu/libz.so.1.2.3.4
7f4dc84f2000-7f4dc84f3000 rw-p 00016000 08:03 21761632                   /lib/x86_64-linux-gnu/libz.so.1.2.3.4
7f4dc84f3000-7f4dc86a8000 r-xp 00000000 08:03 21757975                   /lib/x86_64-linux-gnu/libc-2.15.so
7f4dc86a8000-7f4dc88a7000 ---p 001b5000 08:03 21757975                   /lib/x86_64-linux-gnu/libc-2.15.so
7f4dc88a7000-7f4dc88ab000 r--p 001b4000 08:03 21757975                   /lib/x86_64-linux-gnu/libc-2.15.so
7f4dc88ab000-7f4dc88ad000 rw-p 001b8000 08:03 21757975                   /lib/x86_64-linux-gnu/libc-2.15.so
7f4dc88ad000-7f4dc88b2000 rw-p 00000000 00:00 0 
7f4dc88b2000-7f4dc88b4000 r-xp 00000000 08:03 21757964                   /lib/x86_64-linux-gnu/libdl-2.15.so
7f4dc88b4000-7f4dc8ab4000 ---p 00002000 08:03 21757964                   /lib/x86_64-linux-gnu/libdl-2.15.so
7f4dc8ab4000-7f4dc8ab5000 r--p 00002000 08:03 21757964                   /lib/x86_64-linux-gnu/libdl-2.15.so
7f4dc8ab5000-7f4dc8ab6000 rw-p 00003000 08:03 21757964                   /lib/x86_64-linux-gnu/libdl-2.15.so
7f4dc8ab6000-7f4dc8aba000 r-xp 00000000 08:03 18618855                   /usr/lib/jvm/java-6-openjdk-amd64/jre/lib/amd64/jli/libjli.so
7f4dc8aba000-7f4dc8cb9000 ---p 00004000 08:03 18618855                   /usr/lib/jvm/java-6-openjdk-amd64/jre/lib/amd64/jli/libjli.so
7f4dc8cb9000-7f4dc8cba000 r--p 00003000 08:03 18618855                   /usr/lib/jvm/java-6-openjdk-amd64/jre/lib/amd64/jli/libjli.so
7f4dc8cba000-7f4dc8cbb000 rw-p 00004000 08:03 18618855                   /usr/lib/jvm/java-6-openjdk-amd64/jre/lib/amd64/jli/libjli.so
7f4dc8cbb000-7f4dc8cd3000 r-xp 00000000 08:03 21758073                   /lib/x86_64-linux-gnu/libpthread-2.15.so
7f4dc8cd3000-7f4dc8ed2000 ---p 00018000 08:03 21758073                   /lib/x86_64-linux-gnu/libpthread-2.15.so
7f4dc8ed2000-7f4dc8ed3000 r--p 00017000 08:03 21758073                   /lib/x86_64-linux-gnu/libpthread-2.15.so
7f4dc8ed3000-7f4dc8ed4000 rw-p 00018000 08:03 21758073                   /lib/x86_64-linux-gnu/libpthread-2.15.so
7f4dc8ed4000-7f4dc8ed8000 rw-p 00000000 00:00 0 
7f4dc8ed8000-7f4dc8efa000 r-xp 00000000 08:03 21758085                   /lib/x86_64-linux-gnu/ld-2.15.so
7f4dc8efa000-7f4dc8efb000 r--s 00001000 08:03 15598500                   /home/arwilczek90/workspace/Elements/lib/slick/lib/jogg-0.0.7.jar
7f4dc8efb000-7f4dc8efc000 r--s 00001000 08:03 15598499                   /home/arwilczek90/workspace/Elements/lib/slick/lib/jnlp.jar
7f4dc8efc000-7f4dc8f01000 r--s 00000000 08:03 19927110                   /var/cache/fontconfig/3047814df9a2f067bd2d96a2b9c36e5a-le64.cache-3
7f4dc8f01000-7f4dc8f02000 r--s 00000000 08:03 19927115                   /var/cache/fontconfig/56cf4f4769d0f4abc89a4895d7bd3ae1-le64.cache-3
7f4dc8f02000-7f4dc8f07000 r--s 00000000 08:03 19927125                   /var/cache/fontconfig/b47c4e1ecd0709278f4910c18777a504-le64.cache-3
7f4dc8f07000-7f4dc8f0a000 r--s 00000000 08:03 19927196                   /var/cache/fontconfig/e13b20fdb08344e0e664864cc2ede53d-le64.cache-3
7f4dc8f0a000-7f4dc8f0e000 r--s 00000000 08:03 19927452                   /var/cache/fontconfig/7ef2298fde41cc6eeb7af42e48b7d293-le64.cache-3
7f4dc8f0e000-7f4dc8f11000 r--s 0007d000 08:03 18618443                   /usr/lib/jvm/java-6-openjdk-common/jre/lib/jsse.jar
7f4dc8f11000-7f4dc8f18000 r--s 00073000 08:03 15597691                   /home/arwilczek90/workspace/Elements/lib/lwjgl.jar
7f4dc8f18000-7f4dc8f22000 rw-p 00000000 00:00 0 
7f4dc8f22000-7f4dc8fd8000 rw-p 00000000 00:00 0 
7f4dc8fd8000-7f4dc8fdb000 ---p 00000000 00:00 0 
7f4dc8fdb000-7f4dc90de000 rw-p 00000000 00:00 0 
7f4dc90de000-7f4dc90df000 r--s 00000000 08:03 19927126                   /var/cache/fontconfig/b9d506c9ac06c20b433354fa67a72993-le64.cache-3
7f4dc90df000-7f4dc90e1000 r--s 0000f000 08:03 18618803                   /usr/lib/jvm/java-6-openjdk-common/jre/lib/ext/pulse-java.jar
7f4dc90e1000-7f4dc90e4000 r--s 00077000 08:03 18618797                   /usr/lib/jvm/java-6-openjdk-common/jre/lib/ext/localedata.jar
7f4dc90e4000-7f4dc90e5000 r--s 00007000 08:03 18748229                   /usr/share/java/java-atk-wrapper.jar
7f4dc90e5000-7f4dc90e7000 r--s 00001000 08:03 18618801                   /usr/lib/jvm/java-6-openjdk-common/jre/lib/ext/dnsns.jar
7f4dc90e7000-7f4dc90eb000 r--s 00038000 08:03 18618795                   /usr/lib/jvm/java-6-openjdk-common/jre/lib/ext/sunpkcs11.jar
7f4dc90eb000-7f4dc90ee000 r--s 00031000 08:03 18618799                   /usr/lib/jvm/java-6-openjdk-common/jre/lib/ext/sunjce_provider.jar
7f4dc90ee000-7f4dc90f6000 rw-s 00000000 08:03 8126553                    /tmp/hsperfdata_arwilczek90/8024 (deleted)
7f4dc90f6000-7f4dc90f7000 rw-p 00000000 00:00 0 
7f4dc90f7000-7f4dc90f8000 ---p 00000000 00:00 0 
7f4dc90f8000-7f4dc90fa000 rw-p 00000000 00:00 0 
7f4dc90fa000-7f4dc90fb000 r--p 00022000 08:03 21758085                   /lib/x86_64-linux-gnu/ld-2.15.so
7f4dc90fb000-7f4dc90fd000 rw-p 00023000 08:03 21758085                   /lib/x86_64-linux-gnu/ld-2.15.so
7fffeffc0000-7fffeffe1000 rw-p 00000000 00:00 0                          [stack]
7fffeffff000-7ffff0000000 r-xp 00000000 00:00 0                          [vdso]
ffffffffff600000-ffffffffff601000 r-xp 00000000 00:00 0                  [vsyscall]

VM Arguments:
jvm_args: -Djava.library.path=/home/arwilczek90/workspace/Elements/lib/slick:/home/arwilczek90/workspace/Elements/lib/slick -Dfile.encoding=UTF-8 
java_command: com.hack.elements.view.Main
Launcher Type: SUN_STANDARD

Environment Variables:
PATH=/usr/lib/lightdm/lightdm:/usr/local/sbin:/usr/local/bin:/usr/sbin:/usr/bin:/sbin:/bin:/usr/games
LD_LIBRARY_PATH=/usr/lib/jvm/java-6-openjdk-amd64/jre/lib/amd64/server:/usr/lib/jvm/java-6-openjdk-amd64/jre/lib/amd64:/usr/lib/jvm/java-6-openjdk-amd64/jre/../lib/amd64
SHELL=/bin/bash
DISPLAY=:0.0

Signal Handlers:
SIGSEGV: [libjvm.so+0x784310], sa_mask[0]=0x7ffbfeff, sa_flags=0x10000004
SIGBUS: [libjvm.so+0x784310], sa_mask[0]=0x7ffbfeff, sa_flags=0x10000004
SIGFPE: [libjvm.so+0x648580], sa_mask[0]=0x7ffbfeff, sa_flags=0x10000004
SIGPIPE: [libjvm.so+0x648580], sa_mask[0]=0x7ffbfeff, sa_flags=0x10000004
SIGXFSZ: [libjvm.so+0x648580], sa_mask[0]=0x7ffbfeff, sa_flags=0x10000004
SIGILL: [libjvm.so+0x648580], sa_mask[0]=0x7ffbfeff, sa_flags=0x10000004
SIGUSR1: SIG_DFL, sa_mask[0]=0x00000000, sa_flags=0x00000000
SIGUSR2: [libjvm.so+0x648730], sa_mask[0]=0x00000004, sa_flags=0x10000004
SIGHUP: [libjvm.so+0x64b250], sa_mask[0]=0x7ffbfeff, sa_flags=0x10000004
SIGINT: [libjvm.so+0x64b250], sa_mask[0]=0x7ffbfeff, sa_flags=0x10000004
SIGTERM: [libjvm.so+0x64b250], sa_mask[0]=0x7ffbfeff, sa_flags=0x10000004
SIGQUIT: [libjvm.so+0x64b250], sa_mask[0]=0x7ffbfeff, sa_flags=0x10000004


---------------  S Y S T E M  ---------------

OS:Ubuntu 12.04 (precise)
uname:Linux 3.2.0-32-generic #51-Ubuntu SMP Wed Sep 26 21:33:09 UTC 2012 x86_64
libc:glibc 2.15 NPTL 2.15 
rlimit: STACK 8192k, CORE 0k, NPROC 59545, NOFILE 4096, AS infinity
load average:2.57 1.91 1.72

/proc/meminfo:
MemTotal:        7639648 kB
MemFree:         4142672 kB
Buffers:          104916 kB
Cached:          1117060 kB
SwapCached:            0 kB
Active:          2321808 kB
Inactive:         702804 kB
Active(anon):    1803096 kB
Inactive(anon):    16116 kB
Active(file):     518712 kB
Inactive(file):   686688 kB
Unevictable:          20 kB
Mlocked:              20 kB
SwapTotal:       3818492 kB
SwapFree:        3818492 kB
Dirty:               720 kB
Writeback:             0 kB
AnonPages:       1802792 kB
Mapped:           332196 kB
Shmem:             16580 kB
Slab:              92976 kB
SReclaimable:      61208 kB
SUnreclaim:        31768 kB
KernelStack:        4992 kB
PageTables:        39352 kB
NFS_Unstable:          0 kB
Bounce:                0 kB
WritebackTmp:          0 kB
CommitLimit:     7638316 kB
Committed_AS:    5128360 kB
VmallocTotal:   34359738367 kB
VmallocUsed:      116912 kB
VmallocChunk:   34359619344 kB
HardwareCorrupted:     0 kB
AnonHugePages:         0 kB
HugePages_Total:       0
HugePages_Free:        0
HugePages_Rsvd:        0
HugePages_Surp:        0
Hugepagesize:       2048 kB
DirectMap4k:      249856 kB
DirectMap2M:     5496832 kB
DirectMap1G:     2097152 kB


CPU:total 4 (4 cores per cpu, 1 threads per core) family 18 model 1 stepping 0, cmov, cx8, fxsr, mmx, sse, sse2, sse3, popcnt, mmxext, 3dnowpref, lzcnt, sse4a

Memory: 4k page, physical 7639648k(4142672k free), swap 3818492k(3818492k free)

vm_info: OpenJDK 64-Bit Server VM (20.0-b12) for linux-amd64 JRE (1.6.0_24-b24), built on Sep  2 2012 19:50:47 by "buildd" with gcc 4.6.3

time: Sat Oct 13 16:42:52 2012
elapsed time: 13 seconds

