#
# A fatal error has been detected by the Java Runtime Environment:
#
#  SIGSEGV (0xb) at pc=0x00007f6ab789ec58, pid=9919, tid=140096408876800
#
# JRE version: 6.0_24-b24
# Java VM: OpenJDK 64-Bit Server VM (20.0-b12 mixed mode linux-amd64 compressed oops)
# Derivative: IcedTea6 1.11.4
# Distribution: Ubuntu 12.04 LTS, package 6b24-1.11.4-1ubuntu0.12.04.1
# Problematic frame:
# C  [libX11.so.6+0x33c58]  XQueryExtension+0x28
#
# If you would like to submit a bug report, please include
# instructions how to reproduce the bug and visit:
#   https://bugs.launchpad.net/ubuntu/+source/openjdk-6/
# The crash happened outside the Java Virtual Machine in native code.
# See problematic frame for where to report the bug.
#

---------------  T H R E A D  ---------------

Current thread (0x00007f6ac00a5000):  JavaThread "JDWP Transport Listener: dt_socket" daemon [_thread_in_native, id=9935, stack(0x00007f6abc9f7000,0x00007f6abcaf8000)]

siginfo:si_signo=SIGSEGV: si_errno=0, si_code=1 (SEGV_MAPERR), si_addr=0xffffffffc0213248

Registers:
RAX=0x00007f6a88001d10, RBX=0xffffffffc02128e0, RCX=0x00007f6abcaf64c8, RDX=0x00007f6abcaf64c4
RSP=0x00007f6abcaf6460, RBP=0x00007f6ab590f932, RSI=0x00007f6ab590f932, RDI=0xffffffffc02128e0
R8 =0x00007f6abcaf64cc, R9 =0x0000000000000000, R10=0x00007f6ac88ddfa8, R11=0x00007f6ac855dca0
R12=0x0000000000000000, R13=0x00007f6ab590f932, R14=0x00007f6a88001d10, R15=0x0000000000000000
RIP=0x00007f6ab789ec58, EFLAGS=0x0000000000010206, CSGSFS=0x0000000000000033, ERR=0x0000000000000005
  TRAPNO=0x000000000000000e

Top of Stack: (sp=0x00007f6abcaf6460)
0x00007f6abcaf6460:   00007f6ac8530790 00007f6ac910c9e8
0x00007f6abcaf6470:   003b676e69727453 0008000000000000
0x00007f6abcaf6480:   00000000ffffffff ffffffffc02128e0
0x00007f6abcaf6490:   00007f6ab590f932 0000000000000000
0x00007f6abcaf64a0:   00007f6ab590f932 00007f6a88001d10
0x00007f6abcaf64b0:   0000000000000000 00007f6ab7892c55
0x00007f6abcaf64c0:   00007f6ac912a048 00007f6ab5a48520
0x00007f6abcaf64d0:   00007f6ab5a48520 ffffffffc02128e0
0x00007f6abcaf64e0:   00007f6ac01c0c40 00007f6ab7bac02b
0x00007f6abcaf64f0:   00007f6ac8530790 000000110000002f
0x00007f6abcaf6500:   00007f6abcaf6580 0000000000000000
0x00007f6abcaf6510:   00007f6abcaf6580 ffffffffc02128e0
0x00007f6abcaf6520:   0000000000000000 00007f6ac912a048
0x00007f6abcaf6530:   00007f6ab5a61d50 00007f6ab58b6119
0x00007f6abcaf6540:   0000000000000000 000000000000002f
0x00007f6abcaf6550:   00007f6abcaf6580 00007f6abcaf65a0
0x00007f6abcaf6560:   0000000000000000 00007f6ac912a048
0x00007f6abcaf6570:   00007f6ac0212440 00007f6ab58acb42
0x00007f6abcaf6580:   00007f6abcaf6790 00007f6ab590f8b1
0x00007f6abcaf6590:   00007f6abcaf6790 00007f6ac8f1692d
0x00007f6abcaf65a0:   00007f6ac912b2c8 00007f6ac912b858
0x00007f6abcaf65b0:   00007f6ac910c000 00007f6ac0004060
0x00007f6abcaf65c0:   00007f6ac0004780 00007f6ac0009040
0x00007f6abcaf65d0:   00007f6ac0009b50 00007f6ac00094f0
0x00007f6abcaf65e0:   00007f6ac000a050 00007f6ac000ed30
0x00007f6abcaf65f0:   00007f6ac009d330 00007f6ac0162df0
0x00007f6abcaf6600:   00007f6ac01632d0 00007f6ac910b000
0x00007f6abcaf6610:   00007f6ac020eff0 00007f6ac0209130
0x00007f6abcaf6620:   00007f6ac02095d0 00007f6ac020f4c0
0x00007f6abcaf6630:   00007f6ac020f960 00007f6ac020fe00
0x00007f6abcaf6640:   00007f6ac01221c0 00007f6ac0120cf0
0x00007f6abcaf6650:   00007f6ac00025e0 00007f6ac0001ec0 

Instructions: (pc=0x00007f6ab789ec58)
0x00007f6ab789ec38:   24 d8 48 89 fb 4c 89 64 24 e0 4c 89 6c 24 e8 48
0x00007f6ab789ec48:   89 f5 4c 89 74 24 f0 4c 89 7c 24 f8 48 83 ec 58
0x00007f6ab789ec58:   48 8b 87 68 09 00 00 49 89 d4 49 89 cd 4d 89 c6
0x00007f6ab789ec68:   48 85 c0 74 02 ff 10 ba 08 00 00 00 be 62 00 00 

Register to memory mapping:

RAX=0x00007f6a88001d10 is an unknown value
RBX=0xffffffffc02128e0 is an unknown value
RCX=0x00007f6abcaf64c8 is pointing into the stack for thread: 0x00007f6ac00a5000
RDX=0x00007f6abcaf64c4 is pointing into the stack for thread: 0x00007f6ac00a5000
RSP=0x00007f6abcaf6460 is pointing into the stack for thread: 0x00007f6ac00a5000
RBP=0x00007f6ab590f932: <offset 0x96932> in /usr/lib/fglrx/libGL.so.1 at 0x00007f6ab5879000
RSI=0x00007f6ab590f932: <offset 0x96932> in /usr/lib/fglrx/libGL.so.1 at 0x00007f6ab5879000
RDI=0xffffffffc02128e0 is an unknown value
R8 =0x00007f6abcaf64cc is pointing into the stack for thread: 0x00007f6ac00a5000
R9 =0x0000000000000000 is an unknown value
R10=0x00007f6ac88ddfa8: <offset 0x3bbfa8> in /lib/x86_64-linux-gnu/libc.so.6 at 0x00007f6ac8522000
R11=0x00007f6ac855dca0: __cxa_finalize+0 in /lib/x86_64-linux-gnu/libc.so.6 at 0x00007f6ac8522000
R12=0x0000000000000000 is an unknown value
R13=0x00007f6ab590f932: <offset 0x96932> in /usr/lib/fglrx/libGL.so.1 at 0x00007f6ab5879000
R14=0x00007f6a88001d10 is an unknown value
R15=0x0000000000000000 is an unknown value


Stack: [0x00007f6abc9f7000,0x00007f6abcaf8000],  sp=0x00007f6abcaf6460,  free space=1021k
Native frames: (J=compiled Java code, j=interpreted, Vv=VM code, C=native code)
C  [libX11.so.6+0x33c58]  XQueryExtension+0x28


---------------  P R O C E S S  ---------------

Java Threads: ( => current thread )
  0x00007f6a80003000 JavaThread "Thread-0" [_thread_in_native, id=9961, stack(0x00007f6ab426b000,0x00007f6ab436c000)]
  0x00007f6a94001000 JavaThread "SIGTERM handler" daemon [_thread_blocked, id=9959, stack(0x00007f6abc7f5000,0x00007f6abc8f6000)]
  0x00007f6ac0adf800 JavaThread "Thread-2" daemon [_thread_blocked, id=9957, stack(0x00007f6ab4b72000,0x00007f6ab4c73000)]
  0x00007f6ac020e000 JavaThread "AWT-XAWT" daemon [_thread_in_native, id=9954, stack(0x00007f6ab61d4000,0x00007f6ab62d5000)]
  0x00007f6ac0191800 JavaThread "Java2D Disposer" daemon [_thread_blocked, id=9953, stack(0x00007f6abc014000,0x00007f6abc115000)]
  0x00007f6ac00b0000 JavaThread "Low Memory Detector" daemon [_thread_blocked, id=9945, stack(0x00007f6abc4f2000,0x00007f6abc5f3000)]
  0x00007f6ac00ad800 JavaThread "C2 CompilerThread1" daemon [_thread_blocked, id=9944, stack(0x00007f6abc5f3000,0x00007f6abc6f4000)]
  0x00007f6ac00ab000 JavaThread "C2 CompilerThread0" daemon [_thread_blocked, id=9943, stack(0x00007f6abc6f4000,0x00007f6abc7f5000)]
  0x00007f6ac00a8800 JavaThread "JDWP Event Helper Thread" daemon [_thread_blocked, id=9937, stack(0x00007f6abc8f6000,0x00007f6abc9f7000)]
=>0x00007f6ac00a5000 JavaThread "JDWP Transport Listener: dt_socket" daemon [_thread_in_native, id=9935, stack(0x00007f6abc9f7000,0x00007f6abcaf8000)]
  0x00007f6ac008c800 JavaThread "Signal Dispatcher" daemon [_thread_blocked, id=9933, stack(0x00007f6abccfd000,0x00007f6abcdfe000)]
  0x00007f6ac007b000 JavaThread "Finalizer" daemon [_thread_blocked, id=9932, stack(0x00007f6abcdfe000,0x00007f6abceff000)]
  0x00007f6ac0079000 JavaThread "Reference Handler" daemon [_thread_blocked, id=9931, stack(0x00007f6abceff000,0x00007f6abd000000)]
  0x00007f6ac000b000 JavaThread "main" [_thread_in_Java, id=9924, stack(0x00007f6ac9007000,0x00007f6ac9108000)]

Other Threads:
  0x00007f6ac0072800 VMThread [stack: 0x00007f6ac40d5000,0x00007f6ac41d6000] [id=9930]
  0x00007f6ac00b2800 WatcherThread [stack: 0x00007f6abc3f1000,0x00007f6abc4f2000] [id=9946]

VM state:not at safepoint (normal execution)

VM Mutex/Monitor currently owned by a thread: None

Heap
 PSYoungGen      total 34880K, used 19256K [0x00000000d9200000, 0x00000000db8e0000, 0x0000000100000000)
  eden space 29952K, 64% used [0x00000000d9200000,0x00000000da4ce168,0x00000000daf40000)
  from space 4928K, 0% used [0x00000000db410000,0x00000000db410000,0x00000000db8e0000)
  to   space 4928K, 0% used [0x00000000daf40000,0x00000000daf40000,0x00000000db410000)
 PSOldGen        total 79616K, used 0K [0x000000008b600000, 0x00000000903c0000, 0x00000000d9200000)
  object space 79616K, 0% used [0x000000008b600000,0x000000008b600000,0x00000000903c0000)
 PSPermGen       total 21248K, used 11370K [0x0000000081000000, 0x00000000824c0000, 0x000000008b600000)
  object space 21248K, 53% used [0x0000000081000000,0x0000000081b1a930,0x00000000824c0000)

Code Cache  [0x00007f6abd000000, 0x00007f6abd270000, 0x00007f6ac0000000)
 total_blobs=582 nmethods=110 adapters=434 free_code_cache=49562112 largest_free_block=7168

Dynamic libraries:
00400000-00409000 r-xp 00000000 08:03 18618890                           /usr/lib/jvm/java-6-openjdk-amd64/jre/bin/java
00608000-00609000 r--p 00008000 08:03 18618890                           /usr/lib/jvm/java-6-openjdk-amd64/jre/bin/java
00609000-0060a000 rw-p 00009000 08:03 18618890                           /usr/lib/jvm/java-6-openjdk-amd64/jre/bin/java
00871000-00892000 rw-p 00000000 00:00 0                                  [heap]
81000000-824c0000 rw-p 00000000 00:00 0 
824c0000-8b600000 rw-p 00000000 00:00 0 
8b600000-903c0000 rw-p 00000000 00:00 0 
903c0000-d9200000 rw-p 00000000 00:00 0 
d9200000-db8e0000 rw-p 00000000 00:00 0 
db8e0000-100000000 rw-p 00000000 00:00 0 
7f6a60000000-7f6a60021000 rw-p 00000000 00:00 0 
7f6a60021000-7f6a64000000 ---p 00000000 00:00 0 
7f6a64000000-7f6a64021000 rw-p 00000000 00:00 0 
7f6a64021000-7f6a68000000 ---p 00000000 00:00 0 
7f6a68000000-7f6a68021000 rw-p 00000000 00:00 0 
7f6a68021000-7f6a6c000000 ---p 00000000 00:00 0 
7f6a6c000000-7f6a6c021000 rw-p 00000000 00:00 0 
7f6a6c021000-7f6a70000000 ---p 00000000 00:00 0 
7f6a70000000-7f6a701b2000 rw-p 00000000 00:00 0 
7f6a701b2000-7f6a74000000 ---p 00000000 00:00 0 
7f6a74000000-7f6a74021000 rw-p 00000000 00:00 0 
7f6a74021000-7f6a78000000 ---p 00000000 00:00 0 
7f6a78000000-7f6a78021000 rw-p 00000000 00:00 0 
7f6a78021000-7f6a7c000000 ---p 00000000 00:00 0 
7f6a7c000000-7f6a7c021000 rw-p 00000000 00:00 0 
7f6a7c021000-7f6a80000000 ---p 00000000 00:00 0 
7f6a80000000-7f6a80021000 rw-p 00000000 00:00 0 
7f6a80021000-7f6a84000000 ---p 00000000 00:00 0 
7f6a84000000-7f6a84270000 rw-p 00000000 00:00 0 
7f6a84270000-7f6a88000000 ---p 00000000 00:00 0 
7f6a88000000-7f6a88021000 rw-p 00000000 00:00 0 
7f6a88021000-7f6a8c000000 ---p 00000000 00:00 0 
7f6a8c000000-7f6a8c021000 rw-p 00000000 00:00 0 
7f6a8c021000-7f6a90000000 ---p 00000000 00:00 0 
7f6a90000000-7f6a90021000 rw-p 00000000 00:00 0 
7f6a90021000-7f6a94000000 ---p 00000000 00:00 0 
7f6a94000000-7f6a94021000 rw-p 00000000 00:00 0 
7f6a94021000-7f6a98000000 ---p 00000000 00:00 0 
7f6a98000000-7f6a98021000 rw-p 00000000 00:00 0 
7f6a98021000-7f6a9c000000 ---p 00000000 00:00 0 
7f6a9c000000-7f6a9c021000 rw-p 00000000 00:00 0 
7f6a9c021000-7f6aa0000000 ---p 00000000 00:00 0 
7f6aa0000000-7f6aa0021000 rw-p 00000000 00:00 0 
7f6aa0021000-7f6aa4000000 ---p 00000000 00:00 0 
7f6aa8000000-7f6aa8021000 rw-p 00000000 00:00 0 
7f6aa8021000-7f6aac000000 ---p 00000000 00:00 0 
7f6aadd32000-7f6aafc8c000 r-xp 00000000 08:03 19009510                   /usr/lib/fglrx/dri/fglrx_dri.so
7f6aafc8c000-7f6aafd8c000 ---p 01f5a000 08:03 19009510                   /usr/lib/fglrx/dri/fglrx_dri.so
7f6aafd8c000-7f6aafeda000 rwxp 01f5a000 08:03 19009510                   /usr/lib/fglrx/dri/fglrx_dri.so
7f6aafeda000-7f6ab0000000 rwxp 00000000 00:00 0 
7f6ab0000000-7f6ab0021000 rw-p 00000000 00:00 0 
7f6ab0021000-7f6ab4000000 ---p 00000000 00:00 0 
7f6ab416a000-7f6ab416d000 ---p 00000000 00:00 0 
7f6ab416d000-7f6ab426b000 rw-p 00000000 00:00 0 
7f6ab426b000-7f6ab426e000 ---p 00000000 00:00 0 
7f6ab426e000-7f6ab436c000 rw-p 00000000 00:00 0 
7f6ab436c000-7f6ab456c000 rw-s 27c44000 00:05 10225                      /dev/ati/card0
7f6ab456c000-7f6ab466c000 rw-s 27c42000 00:05 10225                      /dev/ati/card0
7f6ab466c000-7f6ab466f000 ---p 00000000 00:00 0 
7f6ab466f000-7f6ab476d000 rw-p 00000000 00:00 0 
7f6ab476d000-7f6ab486d000 rw-s 27c46000 00:05 10225                      /dev/ati/card0
7f6ab486d000-7f6ab4a6f000 rw-p 00000000 00:00 0 
7f6ab4a6f000-7f6ab4a72000 r-xp 00000000 08:03 15602613                   /home/arwilczek90/workspace/Elements/lib/slick/libjinput-linux64.so
7f6ab4a72000-7f6ab4b71000 ---p 00003000 08:03 15602613                   /home/arwilczek90/workspace/Elements/lib/slick/libjinput-linux64.so
7f6ab4b71000-7f6ab4b72000 rw-p 00002000 08:03 15602613                   /home/arwilczek90/workspace/Elements/lib/slick/libjinput-linux64.so
7f6ab4b72000-7f6ab4b75000 ---p 00000000 00:00 0 
7f6ab4b75000-7f6ab4c73000 rw-p 00000000 00:00 0 
7f6ab4c73000-7f6ab4c78000 r--s 0002f000 08:03 15598498                   /home/arwilczek90/workspace/Elements/lib/slick/lib/jinput.jar
7f6ab4c78000-7f6ab4c7a000 r--s 00008000 08:03 15598497                   /home/arwilczek90/workspace/Elements/lib/slick/lib/ibxm.jar
7f6ab4c7a000-7f6ab4c7d000 r--s 0005b000 08:03 15598496                   /home/arwilczek90/workspace/Elements/lib/slick/lib/hiero.jar
7f6ab4c7d000-7f6ab4c7e000 r--s 00007000 08:03 15597697                   /home/arwilczek90/workspace/Elements/lib/slick/applet/lwjgl_util_applet.jar
7f6ab4c7e000-7f6ab4cbe000 rw-s 0002a000 00:05 10225                      /dev/ati/card0
7f6ab4cbe000-7f6ab53be000 rw-s 00006000 00:05 10225                      /dev/ati/card0
7f6ab53be000-7f6ab53c0000 r-xp 00000000 08:03 18488267                   /usr/lib/x86_64-linux-gnu/libXinerama.so.1.0.0
7f6ab53c0000-7f6ab55bf000 ---p 00002000 08:03 18488267                   /usr/lib/x86_64-linux-gnu/libXinerama.so.1.0.0
7f6ab55bf000-7f6ab55c0000 r--p 00001000 08:03 18488267                   /usr/lib/x86_64-linux-gnu/libXinerama.so.1.0.0
7f6ab55c0000-7f6ab55c1000 rw-p 00002000 08:03 18488267                   /usr/lib/x86_64-linux-gnu/libXinerama.so.1.0.0
7f6ab55c1000-7f6ab55fc000 r-xp 00000000 08:03 19009508                   /usr/lib/fglrx/libatiadlxx.so
7f6ab55fc000-7f6ab56fc000 ---p 0003b000 08:03 19009508                   /usr/lib/fglrx/libatiadlxx.so
7f6ab56fc000-7f6ab5705000 rw-p 0003b000 08:03 19009508                   /usr/lib/fglrx/libatiadlxx.so
7f6ab5705000-7f6ab5716000 rw-p 00000000 00:00 0 
7f6ab5730000-7f6ab5770000 rw-s f0300000 00:05 10225                      /dev/ati/card0
7f6ab5770000-7f6ab5777000 r-xp 00000000 08:03 19009532                   /usr/lib/fglrx/libatiuki.so.1.0
7f6ab5777000-7f6ab5877000 ---p 00007000 08:03 19009532                   /usr/lib/fglrx/libatiuki.so.1.0
7f6ab5877000-7f6ab5878000 rw-p 00007000 08:03 19009532                   /usr/lib/fglrx/libatiuki.so.1.0
7f6ab5878000-7f6ab5879000 rw-p 00000000 00:00 0 
7f6ab5879000-7f6ab593c000 r-xp 00000000 08:03 19009512                   /usr/lib/fglrx/libGL.so.1.2
7f6ab593c000-7f6ab5a3b000 ---p 000c3000 08:03 19009512                   /usr/lib/fglrx/libGL.so.1.2
7f6ab5a3b000-7f6ab5a62000 rwxp 000c2000 08:03 19009512                   /usr/lib/fglrx/libGL.so.1.2
7f6ab5a62000-7f6ab5a82000 rwxp 00000000 00:00 0 
7f6ab5a82000-7f6ab5a83000 r-xp 00000000 08:03 18618886                   /usr/lib/jvm/java-6-openjdk-amd64/jre/lib/amd64/libjawt.so
7f6ab5a83000-7f6ab5c82000 ---p 00001000 08:03 18618886                   /usr/lib/jvm/java-6-openjdk-amd64/jre/lib/amd64/libjawt.so
7f6ab5c82000-7f6ab5c83000 r--p 00000000 08:03 18618886                   /usr/lib/jvm/java-6-openjdk-amd64/jre/lib/amd64/libjawt.so
7f6ab5c83000-7f6ab5c84000 rw-p 00001000 08:03 18618886                   /usr/lib/jvm/java-6-openjdk-amd64/jre/lib/amd64/libjawt.so
7f6ab5c84000-7f6ab5c88000 r-xp 00000000 08:03 18488287                   /usr/lib/x86_64-linux-gnu/libXxf86vm.so.1.0.0
7f6ab5c88000-7f6ab5e87000 ---p 00004000 08:03 18488287                   /usr/lib/x86_64-linux-gnu/libXxf86vm.so.1.0.0
7f6ab5e87000-7f6ab5e88000 r--p 00003000 08:03 18488287                   /usr/lib/x86_64-linux-gnu/libXxf86vm.so.1.0.0
7f6ab5e88000-7f6ab5e89000 rw-p 00004000 08:03 18488287                   /usr/lib/x86_64-linux-gnu/libXxf86vm.so.1.0.0
7f6ab5e89000-7f6ab5e91000 r-xp 00000000 08:03 18488277                   /usr/lib/x86_64-linux-gnu/libXrandr.so.2.2.0
7f6ab5e91000-7f6ab6090000 ---p 00008000 08:03 18488277                   /usr/lib/x86_64-linux-gnu/libXrandr.so.2.2.0
7f6ab6090000-7f6ab6091000 r--p 00007000 08:03 18488277                   /usr/lib/x86_64-linux-gnu/libXrandr.so.2.2.0
7f6ab6091000-7f6ab6092000 rw-p 00008000 08:03 18488277                   /usr/lib/x86_64-linux-gnu/libXrandr.so.2.2.0
7f6ab6092000-7f6ab60d2000 r-xp 00000000 08:03 15602617                   /home/arwilczek90/workspace/Elements/lib/slick/liblwjgl64.so
7f6ab60d2000-7f6ab61d2000 ---p 00040000 08:03 15602617                   /home/arwilczek90/workspace/Elements/lib/slick/liblwjgl64.so
7f6ab61d2000-7f6ab61d4000 rw-p 00040000 08:03 15602617                   /home/arwilczek90/workspace/Elements/lib/slick/liblwjgl64.so
7f6ab61d4000-7f6ab61d7000 ---p 00000000 00:00 0 
7f6ab61d7000-7f6ab62d5000 rw-p 00000000 00:00 0 
7f6ab62d5000-7f6ab62de000 r--s 00000000 08:03 19927122                   /var/cache/fontconfig/945677eb7aeaf62f1d50efc3fb3ec7d8-le64.cache-3
7f6ab62de000-7f6ab62e4000 r--s 00000000 08:03 19927124                   /var/cache/fontconfig/a755afe4a08bf5b97852ceb7400b47bc-le64.cache-3
7f6ab62e4000-7f6ab62ed000 r--s 00000000 08:03 19927460                   /var/cache/fontconfig/6d41288fd70b0be22e8c3a91e032eec0-le64.cache-3
7f6ab62fe000-7f6ab6300000 r--s 00015000 08:03 15598514                   /home/arwilczek90/workspace/Elements/lib/slick/lib/tinylinepp.jar
7f6ab6300000-7f6ab6303000 r--s 00015000 08:03 15598512                   /home/arwilczek90/workspace/Elements/lib/slick/lib/slick-util.jar
7f6ab6303000-7f6ab630b000 r--s 00067000 08:03 15598510                   /home/arwilczek90/workspace/Elements/lib/slick/lib/slick-sources.jar
7f6ab630b000-7f6ab630c000 r--s 00000000 08:03 15598509                   /home/arwilczek90/workspace/Elements/lib/slick/lib/slick-examples.jar
7f6ab630c000-7f6ab630f000 r--s 00017000 08:03 15598507                   /home/arwilczek90/workspace/Elements/lib/slick/lib/pedigree.jar
7f6ab630f000-7f6ab631a000 r--s 00093000 08:03 15598513                   /home/arwilczek90/workspace/Elements/lib/slick/lib/slick.jar
7f6ab631a000-7f6ab631c000 r--s 00004000 08:03 15598506                   /home/arwilczek90/workspace/Elements/lib/slick/lib/packulike.jar
7f6ab631c000-7f6ab6321000 r-xp 00000000 08:03 18488261                   /usr/lib/x86_64-linux-gnu/libXfixes.so.3.1.0
7f6ab6321000-7f6ab6520000 ---p 00005000 08:03 18488261                   /usr/lib/x86_64-linux-gnu/libXfixes.so.3.1.0
7f6ab6520000-7f6ab6521000 r--p 00004000 08:03 18488261                   /usr/lib/x86_64-linux-gnu/libXfixes.so.3.1.0
7f6ab6521000-7f6ab6522000 rw-p 00005000 08:03 18488261                   /usr/lib/x86_64-linux-gnu/libXfixes.so.3.1.0
7f6ab6522000-7f6ab652b000 r-xp 00000000 08:03 18488253                   /usr/lib/x86_64-linux-gnu/libXcursor.so.1.0.2
7f6ab652b000-7f6ab672a000 ---p 00009000 08:03 18488253                   /usr/lib/x86_64-linux-gnu/libXcursor.so.1.0.2
7f6ab672a000-7f6ab672b000 r--p 00008000 08:03 18488253                   /usr/lib/x86_64-linux-gnu/libXcursor.so.1.0.2
7f6ab672b000-7f6ab672c000 rw-p 00009000 08:03 18488253                   /usr/lib/x86_64-linux-gnu/libXcursor.so.1.0.2
7f6ab672c000-7f6ab672d000 r--s 00003000 08:03 15598508                   /home/arwilczek90/workspace/Elements/lib/slick/lib/scalar.jar
7f6ab672d000-7f6ab672e000 r--s 00043000 08:03 15598505                   /home/arwilczek90/workspace/Elements/lib/slick/lib/natives-win32.jar
7f6ab672e000-7f6ab6730000 r--s 00033000 08:03 15598504                   /home/arwilczek90/workspace/Elements/lib/slick/lib/natives-mac.jar
7f6ab6730000-7f6ab6737000 r--s 00073000 08:03 15598502                   /home/arwilczek90/workspace/Elements/lib/slick/lib/lwjgl.jar
7f6ab6737000-7f6ab6739000 r--s 0000d000 08:03 15598501                   /home/arwilczek90/workspace/Elements/lib/slick/lib/jorbis-0.0.15.jar
7f6ab6739000-7f6ab673b000 rw-s 00002000 00:05 10225                      /dev/ati/card0
7f6ab673b000-7f6ab6746000 r--s 00093000 08:03 15597692                   /home/arwilczek90/workspace/Elements/lib/slick.jar
7f6ab6746000-7f6ab674d000 r--s 000fb000 08:03 18618812                   /usr/lib/jvm/java-6-openjdk-common/jre/lib/resources.jar
7f6ab674d000-7f6ab67e3000 r-xp 00000000 08:03 18488439                   /usr/lib/x86_64-linux-gnu/libfreetype.so.6.8.0
7f6ab67e3000-7f6ab69e2000 ---p 00096000 08:03 18488439                   /usr/lib/x86_64-linux-gnu/libfreetype.so.6.8.0
7f6ab69e2000-7f6ab69e8000 r--p 00095000 08:03 18488439                   /usr/lib/x86_64-linux-gnu/libfreetype.so.6.8.0
7f6ab69e8000-7f6ab69e9000 rw-p 0009b000 08:03 18488439                   /usr/lib/x86_64-linux-gnu/libfreetype.so.6.8.0
7f6ab69e9000-7f6ab6a23000 r-xp 00000000 08:03 18618871                   /usr/lib/jvm/java-6-openjdk-amd64/jre/lib/amd64/libfontmanager.so
7f6ab6a23000-7f6ab6c22000 ---p 0003a000 08:03 18618871                   /usr/lib/jvm/java-6-openjdk-amd64/jre/lib/amd64/libfontmanager.so
7f6ab6c22000-7f6ab6c24000 r--p 00039000 08:03 18618871                   /usr/lib/jvm/java-6-openjdk-amd64/jre/lib/amd64/libfontmanager.so
7f6ab6c24000-7f6ab6c25000 rw-p 0003b000 08:03 18618871                   /usr/lib/jvm/java-6-openjdk-amd64/jre/lib/amd64/libfontmanager.so
7f6ab6c25000-7f6ab6c2a000 r-xp 00000000 08:03 18488257                   /usr/lib/x86_64-linux-gnu/libXdmcp.so.6.0.0
7f6ab6c2a000-7f6ab6e29000 ---p 00005000 08:03 18488257                   /usr/lib/x86_64-linux-gnu/libXdmcp.so.6.0.0
7f6ab6e29000-7f6ab6e2a000 r--p 00004000 08:03 18488257                   /usr/lib/x86_64-linux-gnu/libXdmcp.so.6.0.0
7f6ab6e2a000-7f6ab6e2b000 rw-p 00005000 08:03 18488257                   /usr/lib/x86_64-linux-gnu/libXdmcp.so.6.0.0
7f6ab6e2b000-7f6ab6e2d000 r-xp 00000000 08:03 18488246                   /usr/lib/x86_64-linux-gnu/libXau.so.6.0.0
7f6ab6e2d000-7f6ab702c000 ---p 00002000 08:03 18488246                   /usr/lib/x86_64-linux-gnu/libXau.so.6.0.0
7f6ab702c000-7f6ab702d000 r--p 00001000 08:03 18488246                   /usr/lib/x86_64-linux-gnu/libXau.so.6.0.0
7f6ab702d000-7f6ab702e000 rw-p 00002000 08:03 18488246                   /usr/lib/x86_64-linux-gnu/libXau.so.6.0.0
7f6ab702e000-7f6ab704b000 r-xp 00000000 08:03 18488845                   /usr/lib/x86_64-linux-gnu/libxcb.so.1.1.0
7f6ab704b000-7f6ab724a000 ---p 0001d000 08:03 18488845                   /usr/lib/x86_64-linux-gnu/libxcb.so.1.1.0
7f6ab724a000-7f6ab724b000 r--p 0001c000 08:03 18488845                   /usr/lib/x86_64-linux-gnu/libxcb.so.1.1.0
7f6ab724b000-7f6ab724c000 rw-p 0001d000 08:03 18488845                   /usr/lib/x86_64-linux-gnu/libxcb.so.1.1.0
7f6ab724c000-7f6ab725a000 r-xp 00000000 08:03 18488265                   /usr/lib/x86_64-linux-gnu/libXi.so.6.1.0
7f6ab725a000-7f6ab7459000 ---p 0000e000 08:03 18488265                   /usr/lib/x86_64-linux-gnu/libXi.so.6.1.0
7f6ab7459000-7f6ab745a000 r--p 0000d000 08:03 18488265                   /usr/lib/x86_64-linux-gnu/libXi.so.6.1.0
7f6ab745a000-7f6ab745b000 rw-p 0000e000 08:03 18488265                   /usr/lib/x86_64-linux-gnu/libXi.so.6.1.0
7f6ab745b000-7f6ab7460000 r-xp 00000000 08:03 18488283                   /usr/lib/x86_64-linux-gnu/libXtst.so.6.1.0
7f6ab7460000-7f6ab765f000 ---p 00005000 08:03 18488283                   /usr/lib/x86_64-linux-gnu/libXtst.so.6.1.0
7f6ab765f000-7f6ab7660000 r--p 00004000 08:03 18488283                   /usr/lib/x86_64-linux-gnu/libXtst.so.6.1.0
7f6ab7660000-7f6ab7661000 rw-p 00005000 08:03 18488283                   /usr/lib/x86_64-linux-gnu/libXtst.so.6.1.0
7f6ab7661000-7f6ab766a000 r-xp 00000000 08:03 18488279                   /usr/lib/x86_64-linux-gnu/libXrender.so.1.3.0
7f6ab766a000-7f6ab7869000 ---p 00009000 08:03 18488279                   /usr/lib/x86_64-linux-gnu/libXrender.so.1.3.0
7f6ab7869000-7f6ab786a000 r--p 00008000 08:03 18488279                   /usr/lib/x86_64-linux-gnu/libXrender.so.1.3.0
7f6ab786a000-7f6ab786b000 rw-p 00009000 08:03 18488279                   /usr/lib/x86_64-linux-gnu/libXrender.so.1.3.0
7f6ab786b000-7f6ab799a000 r-xp 00000000 08:03 18488244                   /usr/lib/x86_64-linux-gnu/libX11.so.6.3.0
7f6ab799a000-7f6ab7b9a000 ---p 0012f000 08:03 18488244                   /usr/lib/x86_64-linux-gnu/libX11.so.6.3.0
7f6ab7b9a000-7f6ab7b9b000 r--p 0012f000 08:03 18488244                   /usr/lib/x86_64-linux-gnu/libX11.so.6.3.0
7f6ab7b9b000-7f6ab7b9f000 rw-p 00130000 08:03 18488244                   /usr/lib/x86_64-linux-gnu/libX11.so.6.3.0
7f6ab7b9f000-7f6ab7baf000 r-xp 00000000 08:03 18488259                   /usr/lib/x86_64-linux-gnu/libXext.so.6.4.0
7f6ab7baf000-7f6ab7dae000 ---p 00010000 08:03 18488259                   /usr/lib/x86_64-linux-gnu/libXext.so.6.4.0
7f6ab7dae000-7f6ab7daf000 r--p 0000f000 08:03 18488259                   /usr/lib/x86_64-linux-gnu/libXext.so.6.4.0
7f6ab7daf000-7f6ab7db0000 rw-p 00010000 08:03 18488259                   /usr/lib/x86_64-linux-gnu/libXext.so.6.4.0
7f6ab7db0000-7f6ab7dfb000 r-xp 00000000 08:03 18618972                   /usr/lib/jvm/java-6-openjdk-amd64/jre/lib/amd64/xawt/libmawt.so
7f6ab7dfb000-7f6ab7ffb000 ---p 0004b000 08:03 18618972                   /usr/lib/jvm/java-6-openjdk-amd64/jre/lib/amd64/xawt/libmawt.so
7f6ab7ffb000-7f6ab7ffc000 r--p 0004b000 08:03 18618972                   /usr/lib/jvm/java-6-openjdk-amd64/jre/lib/amd64/xawt/libmawt.so
7f6ab7ffc000-7f6ab7fff000 rw-p 0004c000 08:03 18618972                   /usr/lib/jvm/java-6-openjdk-amd64/jre/lib/amd64/xawt/libmawt.so
7f6ab7fff000-7f6ab8000000 rw-p 00000000 00:00 0 
7f6ab8000000-7f6ab8021000 rw-p 00000000 00:00 0 
7f6ab8021000-7f6abc000000 ---p 00000000 00:00 0 
7f6abc000000-7f6abc001000 r--s 0003d000 08:03 15598503                   /home/arwilczek90/workspace/Elements/lib/slick/lib/natives-linux.jar
7f6abc001000-7f6abc002000 r--s 00001000 08:03 15598500                   /home/arwilczek90/workspace/Elements/lib/slick/lib/jogg-0.0.7.jar
7f6abc002000-7f6abc003000 r--s 00001000 08:03 15598499                   /home/arwilczek90/workspace/Elements/lib/slick/lib/jnlp.jar
7f6abc003000-7f6abc004000 rw-s 00005000 00:05 10225                      /dev/ati/card0
7f6abc004000-7f6abc014000 r--s 00000000 08:03 19927106                   /var/cache/fontconfig/04aabc0a78ac019cf9454389977116d2-le64.cache-3
7f6abc014000-7f6abc017000 ---p 00000000 00:00 0 
7f6abc017000-7f6abc115000 rw-p 00000000 00:00 0 
7f6abc115000-7f6abc1c1000 r-xp 00000000 08:03 18618874                   /usr/lib/jvm/java-6-openjdk-amd64/jre/lib/amd64/libawt.so
7f6abc1c1000-7f6abc3c0000 ---p 000ac000 08:03 18618874                   /usr/lib/jvm/java-6-openjdk-amd64/jre/lib/amd64/libawt.so
7f6abc3c0000-7f6abc3c1000 r--p 000ab000 08:03 18618874                   /usr/lib/jvm/java-6-openjdk-amd64/jre/lib/amd64/libawt.so
7f6abc3c1000-7f6abc3cc000 rw-p 000ac000 08:03 18618874                   /usr/lib/jvm/java-6-openjdk-amd64/jre/lib/amd64/libawt.so
7f6abc3cc000-7f6abc3f1000 rw-p 00000000 00:00 0 
7f6abc3f1000-7f6abc3f2000 ---p 00000000 00:00 0 
7f6abc3f2000-7f6abc4f2000 rw-p 00000000 00:00 0 
7f6abc4f2000-7f6abc4f5000 ---p 00000000 00:00 0 
7f6abc4f5000-7f6abc5f3000 rw-p 00000000 00:00 0 
7f6abc5f3000-7f6abc5f6000 ---p 00000000 00:00 0 
7f6abc5f6000-7f6abc6f4000 rw-p 00000000 00:00 0 
7f6abc6f4000-7f6abc6f7000 ---p 00000000 00:00 0 
7f6abc6f7000-7f6abc7f5000 rw-p 00000000 00:00 0 
7f6abc7f5000-7f6abc7f8000 ---p 00000000 00:00 0 
7f6abc7f8000-7f6abc8f6000 rw-p 00000000 00:00 0 
7f6abc8f6000-7f6abc8f9000 ---p 00000000 00:00 0 
7f6abc8f9000-7f6abc9f7000 rw-p 00000000 00:00 0 
7f6abc9f7000-7f6abc9fa000 ---p 00000000 00:00 0 
7f6abc9fa000-7f6abcaf8000 rw-p 00000000 00:00 0 
7f6abcaf8000-7f6abcafc000 r-xp 00000000 08:03 18618885                   /usr/lib/jvm/java-6-openjdk-amd64/jre/lib/amd64/libdt_socket.so
7f6abcafc000-7f6abccfb000 ---p 00004000 08:03 18618885                   /usr/lib/jvm/java-6-openjdk-amd64/jre/lib/amd64/libdt_socket.so
7f6abccfb000-7f6abccfc000 r--p 00003000 08:03 18618885                   /usr/lib/jvm/java-6-openjdk-amd64/jre/lib/amd64/libdt_socket.so
7f6abccfc000-7f6abccfd000 rw-p 00004000 08:03 18618885                   /usr/lib/jvm/java-6-openjdk-amd64/jre/lib/amd64/libdt_socket.so
7f6abccfd000-7f6abcd00000 ---p 00000000 00:00 0 
7f6abcd00000-7f6abcdfe000 rw-p 00000000 00:00 0 
7f6abcdfe000-7f6abce01000 ---p 00000000 00:00 0 
7f6abce01000-7f6abceff000 rw-p 00000000 00:00 0 
7f6abceff000-7f6abcf02000 ---p 00000000 00:00 0 
7f6abcf02000-7f6abd000000 rw-p 00000000 00:00 0 
7f6abd000000-7f6abd270000 rwxp 00000000 00:00 0 
7f6abd270000-7f6ac0d60000 rw-p 00000000 00:00 0 
7f6ac0d60000-7f6ac4000000 ---p 00000000 00:00 0 
7f6ac4000000-7f6ac4001000 r--s 00000000 08:03 19927127                   /var/cache/fontconfig/c05880de57d1f5e948fdfacc138775d9-le64.cache-3
7f6ac4001000-7f6ac4003000 r--s 00000000 08:03 19927123                   /var/cache/fontconfig/99e8ed0e538f840c565b6ed5dad60d56-le64.cache-3
7f6ac4003000-7f6ac4007000 r--s 00000000 08:03 19927109                   /var/cache/fontconfig/2cd17615ca594fa2959ae173292e504c-le64.cache-3
7f6ac4007000-7f6ac400a000 r--s 00000000 08:03 19927112                   /var/cache/fontconfig/385c0604a188198f04d133e54aba7fe7-le64.cache-3
7f6ac400a000-7f6ac400b000 r--s 00000000 08:03 19927113                   /var/cache/fontconfig/4794a0821666d79190d59a36cb4f44b5-le64.cache-3
7f6ac400b000-7f6ac400e000 r--s 00000000 08:03 19927121                   /var/cache/fontconfig/8801497958630a81b71ace7c5f9b32a8-le64.cache-3
7f6ac400e000-7f6ac403c000 r--s 00000000 08:03 19927454                   /var/cache/fontconfig/365b55f210c0a22e9a19e35191240f32-le64.cache-3
7f6ac403c000-7f6ac4041000 r--s 00000000 08:03 19927110                   /var/cache/fontconfig/3047814df9a2f067bd2d96a2b9c36e5a-le64.cache-3
7f6ac4041000-7f6ac4042000 r--s 00000000 08:03 19927115                   /var/cache/fontconfig/56cf4f4769d0f4abc89a4895d7bd3ae1-le64.cache-3
7f6ac4042000-7f6ac4043000 r--s 00000000 08:03 19927126                   /var/cache/fontconfig/b9d506c9ac06c20b433354fa67a72993-le64.cache-3
7f6ac4043000-7f6ac4048000 r--s 00000000 08:03 19927125                   /var/cache/fontconfig/b47c4e1ecd0709278f4910c18777a504-le64.cache-3
7f6ac4048000-7f6ac4058000 r--s 00000000 08:03 19927130                   /var/cache/fontconfig/d52a8644073d54c13679302ca1180695-le64.cache-3
7f6ac4058000-7f6ac405b000 r--s 00000000 08:03 19927196                   /var/cache/fontconfig/e13b20fdb08344e0e664864cc2ede53d-le64.cache-3
7f6ac405b000-7f6ac405f000 r--s 00000000 08:03 19927452                   /var/cache/fontconfig/7ef2298fde41cc6eeb7af42e48b7d293-le64.cache-3
7f6ac405f000-7f6ac4060000 r--s 00000000 08:03 19927127                   /var/cache/fontconfig/c05880de57d1f5e948fdfacc138775d9-le64.cache-3
7f6ac4060000-7f6ac4069000 r--s 00000000 08:03 19927122                   /var/cache/fontconfig/945677eb7aeaf62f1d50efc3fb3ec7d8-le64.cache-3
7f6ac4069000-7f6ac406b000 r--s 00000000 08:03 19927123                   /var/cache/fontconfig/99e8ed0e538f840c565b6ed5dad60d56-le64.cache-3
7f6ac406b000-7f6ac406f000 r--s 00000000 08:03 19927109                   /var/cache/fontconfig/2cd17615ca594fa2959ae173292e504c-le64.cache-3
7f6ac406f000-7f6ac4070000 r--s 00000000 08:03 19927134                   /var/cache/fontconfig/e7071f4a29fa870f4323321c154eba04-le64.cache-3
7f6ac4070000-7f6ac4071000 r--s 00000000 08:03 19927107                   /var/cache/fontconfig/0d8c3b2ac0904cb8a57a757ad11a4a08-le64.cache-3
7f6ac4071000-7f6ac4077000 r--s 00000000 08:03 19927124                   /var/cache/fontconfig/a755afe4a08bf5b97852ceb7400b47bc-le64.cache-3
7f6ac4077000-7f6ac4080000 r--s 00000000 08:03 19927460                   /var/cache/fontconfig/6d41288fd70b0be22e8c3a91e032eec0-le64.cache-3
7f6ac4080000-7f6ac4090000 r--s 00000000 08:03 19927106                   /var/cache/fontconfig/04aabc0a78ac019cf9454389977116d2-le64.cache-3
7f6ac4090000-7f6ac4093000 r--s 00000000 08:03 19927112                   /var/cache/fontconfig/385c0604a188198f04d133e54aba7fe7-le64.cache-3
7f6ac4093000-7f6ac4094000 r--s 00000000 08:03 19927113                   /var/cache/fontconfig/4794a0821666d79190d59a36cb4f44b5-le64.cache-3
7f6ac4094000-7f6ac4097000 r--s 00000000 08:03 19927121                   /var/cache/fontconfig/8801497958630a81b71ace7c5f9b32a8-le64.cache-3
7f6ac4097000-7f6ac40c5000 r--s 00000000 08:03 19927454                   /var/cache/fontconfig/365b55f210c0a22e9a19e35191240f32-le64.cache-3
7f6ac40c5000-7f6ac40d5000 r--s 00000000 08:03 19927130                   /var/cache/fontconfig/d52a8644073d54c13679302ca1180695-le64.cache-3
7f6ac40d5000-7f6ac40d6000 ---p 00000000 00:00 0 
7f6ac40d6000-7f6ac470e000 rw-p 00000000 00:00 0 
7f6ac470e000-7f6ac48a0000 r--s 037bf000 08:03 18618843                   /usr/lib/jvm/java-6-openjdk-amd64/jre/lib/rt.jar
7f6ac48a0000-7f6ac48c8000 rw-p 00000000 00:00 0 
7f6ac48c8000-7f6ac48c9000 ---p 00000000 00:00 0 
7f6ac48c9000-7f6ac49c9000 rw-p 00000000 00:00 0 
7f6ac49c9000-7f6ac49ca000 ---p 00000000 00:00 0 
7f6ac49ca000-7f6ac4aca000 rw-p 00000000 00:00 0 
7f6ac4aca000-7f6ac4acb000 ---p 00000000 00:00 0 
7f6ac4acb000-7f6ac4bcb000 rw-p 00000000 00:00 0 
7f6ac4bcb000-7f6ac4bcc000 ---p 00000000 00:00 0 
7f6ac4bcc000-7f6ac4cd7000 rw-p 00000000 00:00 0 
7f6ac4cd7000-7f6ac4d1f000 rw-p 00000000 00:00 0 
7f6ac4d1f000-7f6ac4d46000 rw-p 00000000 00:00 0 
7f6ac4d46000-7f6ac4f8d000 rw-p 00000000 00:00 0 
7f6ac4f8d000-7f6ac4f98000 rw-p 00000000 00:00 0 
7f6ac4f98000-7f6ac4fe0000 rw-p 00000000 00:00 0 
7f6ac4fe0000-7f6ac5007000 rw-p 00000000 00:00 0 
7f6ac5007000-7f6ac524e000 rw-p 00000000 00:00 0 
7f6ac524e000-7f6ac5262000 rw-p 00000000 00:00 0 
7f6ac5262000-7f6ac5385000 rw-p 00000000 00:00 0 
7f6ac5385000-7f6ac5386000 rw-p 00000000 00:00 0 
7f6ac5386000-7f6ac538d000 r-xp 00000000 08:03 18618888                   /usr/lib/jvm/java-6-openjdk-amd64/jre/lib/amd64/libzip.so
7f6ac538d000-7f6ac558c000 ---p 00007000 08:03 18618888                   /usr/lib/jvm/java-6-openjdk-amd64/jre/lib/amd64/libzip.so
7f6ac558c000-7f6ac558d000 r--p 00006000 08:03 18618888                   /usr/lib/jvm/java-6-openjdk-amd64/jre/lib/amd64/libzip.so
7f6ac558d000-7f6ac558e000 rw-p 00007000 08:03 18618888                   /usr/lib/jvm/java-6-openjdk-amd64/jre/lib/amd64/libzip.so
7f6ac558e000-7f6ac559a000 r-xp 00000000 08:03 21758081                   /lib/x86_64-linux-gnu/libnss_files-2.15.so
7f6ac559a000-7f6ac5799000 ---p 0000c000 08:03 21758081                   /lib/x86_64-linux-gnu/libnss_files-2.15.so
7f6ac5799000-7f6ac579a000 r--p 0000b000 08:03 21758081                   /lib/x86_64-linux-gnu/libnss_files-2.15.so
7f6ac579a000-7f6ac579b000 rw-p 0000c000 08:03 21758081                   /lib/x86_64-linux-gnu/libnss_files-2.15.so
7f6ac579b000-7f6ac57a5000 r-xp 00000000 08:03 21758077                   /lib/x86_64-linux-gnu/libnss_nis-2.15.so
7f6ac57a5000-7f6ac59a5000 ---p 0000a000 08:03 21758077                   /lib/x86_64-linux-gnu/libnss_nis-2.15.so
7f6ac59a5000-7f6ac59a6000 r--p 0000a000 08:03 21758077                   /lib/x86_64-linux-gnu/libnss_nis-2.15.so
7f6ac59a6000-7f6ac59a7000 rw-p 0000b000 08:03 21758077                   /lib/x86_64-linux-gnu/libnss_nis-2.15.so
7f6ac59a7000-7f6ac59be000 r-xp 00000000 08:03 21761730                   /lib/x86_64-linux-gnu/libnsl-2.15.so
7f6ac59be000-7f6ac5bbd000 ---p 00017000 08:03 21761730                   /lib/x86_64-linux-gnu/libnsl-2.15.so
7f6ac5bbd000-7f6ac5bbe000 r--p 00016000 08:03 21761730                   /lib/x86_64-linux-gnu/libnsl-2.15.so
7f6ac5bbe000-7f6ac5bbf000 rw-p 00017000 08:03 21761730                   /lib/x86_64-linux-gnu/libnsl-2.15.so
7f6ac5bbf000-7f6ac5bc1000 rw-p 00000000 00:00 0 
7f6ac5bc1000-7f6ac5bc9000 r-xp 00000000 08:03 21758082                   /lib/x86_64-linux-gnu/libnss_compat-2.15.so
7f6ac5bc9000-7f6ac5dc8000 ---p 00008000 08:03 21758082                   /lib/x86_64-linux-gnu/libnss_compat-2.15.so
7f6ac5dc8000-7f6ac5dc9000 r--p 00007000 08:03 21758082                   /lib/x86_64-linux-gnu/libnss_compat-2.15.so
7f6ac5dc9000-7f6ac5dca000 rw-p 00008000 08:03 21758082                   /lib/x86_64-linux-gnu/libnss_compat-2.15.so
7f6ac5dca000-7f6ac64ad000 r--p 00000000 08:03 18487587                   /usr/lib/locale/locale-archive
7f6ac64ad000-7f6ac64b0000 r-xp 00000000 08:03 18618853                   /usr/lib/jvm/java-6-openjdk-amd64/jre/lib/amd64/libnpt.so
7f6ac64b0000-7f6ac66af000 ---p 00003000 08:03 18618853                   /usr/lib/jvm/java-6-openjdk-amd64/jre/lib/amd64/libnpt.so
7f6ac66af000-7f6ac66b0000 r--p 00002000 08:03 18618853                   /usr/lib/jvm/java-6-openjdk-amd64/jre/lib/amd64/libnpt.so
7f6ac66b0000-7f6ac66b1000 rw-p 00003000 08:03 18618853                   /usr/lib/jvm/java-6-openjdk-amd64/jre/lib/amd64/libnpt.so
7f6ac66b1000-7f6ac66eb000 r-xp 00000000 08:03 18618861                   /usr/lib/jvm/java-6-openjdk-amd64/jre/lib/amd64/libjdwp.so
7f6ac66eb000-7f6ac68ea000 ---p 0003a000 08:03 18618861                   /usr/lib/jvm/java-6-openjdk-amd64/jre/lib/amd64/libjdwp.so
7f6ac68ea000-7f6ac68eb000 r--p 00039000 08:03 18618861                   /usr/lib/jvm/java-6-openjdk-amd64/jre/lib/amd64/libjdwp.so
7f6ac68eb000-7f6ac68ec000 rw-p 0003a000 08:03 18618861                   /usr/lib/jvm/java-6-openjdk-amd64/jre/lib/amd64/libjdwp.so
7f6ac68ec000-7f6ac6918000 r-xp 00000000 08:03 18618873                   /usr/lib/jvm/java-6-openjdk-amd64/jre/lib/amd64/libjava.so
7f6ac6918000-7f6ac6b17000 ---p 0002c000 08:03 18618873                   /usr/lib/jvm/java-6-openjdk-amd64/jre/lib/amd64/libjava.so
7f6ac6b17000-7f6ac6b18000 r--p 0002b000 08:03 18618873                   /usr/lib/jvm/java-6-openjdk-amd64/jre/lib/amd64/libjava.so
7f6ac6b18000-7f6ac6b1b000 rw-p 0002c000 08:03 18618873                   /usr/lib/jvm/java-6-openjdk-amd64/jre/lib/amd64/libjava.so
7f6ac6b1b000-7f6ac6b29000 r-xp 00000000 08:03 18618872                   /usr/lib/jvm/java-6-openjdk-amd64/jre/lib/amd64/libverify.so
7f6ac6b29000-7f6ac6d28000 ---p 0000e000 08:03 18618872                   /usr/lib/jvm/java-6-openjdk-amd64/jre/lib/amd64/libverify.so
7f6ac6d28000-7f6ac6d2a000 r--p 0000d000 08:03 18618872                   /usr/lib/jvm/java-6-openjdk-amd64/jre/lib/amd64/libverify.so
7f6ac6d2a000-7f6ac6d2b000 rw-p 0000f000 08:03 18618872                   /usr/lib/jvm/java-6-openjdk-amd64/jre/lib/amd64/libverify.so
7f6ac6d2b000-7f6ac6d32000 r-xp 00000000 08:03 21758075                   /lib/x86_64-linux-gnu/librt-2.15.so
7f6ac6d32000-7f6ac6f31000 ---p 00007000 08:03 21758075                   /lib/x86_64-linux-gnu/librt-2.15.so
7f6ac6f31000-7f6ac6f32000 r--p 00006000 08:03 21758075                   /lib/x86_64-linux-gnu/librt-2.15.so
7f6ac6f32000-7f6ac6f33000 rw-p 00007000 08:03 21758075                   /lib/x86_64-linux-gnu/librt-2.15.so
7f6ac6f33000-7f6ac6f48000 r-xp 00000000 08:03 21761542                   /lib/x86_64-linux-gnu/libgcc_s.so.1
7f6ac6f48000-7f6ac7147000 ---p 00015000 08:03 21761542                   /lib/x86_64-linux-gnu/libgcc_s.so.1
7f6ac7147000-7f6ac7148000 r--p 00014000 08:03 21761542                   /lib/x86_64-linux-gnu/libgcc_s.so.1
7f6ac7148000-7f6ac7149000 rw-p 00015000 08:03 21761542                   /lib/x86_64-linux-gnu/libgcc_s.so.1
7f6ac7149000-7f6ac7242000 r-xp 00000000 08:03 21758079                   /lib/x86_64-linux-gnu/libm-2.15.so
7f6ac7242000-7f6ac7441000 ---p 000f9000 08:03 21758079                   /lib/x86_64-linux-gnu/libm-2.15.so
7f6ac7441000-7f6ac7442000 r--p 000f8000 08:03 21758079                   /lib/x86_64-linux-gnu/libm-2.15.so
7f6ac7442000-7f6ac7443000 rw-p 000f9000 08:03 21758079                   /lib/x86_64-linux-gnu/libm-2.15.so
7f6ac7443000-7f6ac7525000 r-xp 00000000 08:03 18488773                   /usr/lib/x86_64-linux-gnu/libstdc++.so.6.0.16
7f6ac7525000-7f6ac7724000 ---p 000e2000 08:03 18488773                   /usr/lib/x86_64-linux-gnu/libstdc++.so.6.0.16
7f6ac7724000-7f6ac772c000 r--p 000e1000 08:03 18488773                   /usr/lib/x86_64-linux-gnu/libstdc++.so.6.0.16
7f6ac772c000-7f6ac772e000 rw-p 000e9000 08:03 18488773                   /usr/lib/x86_64-linux-gnu/libstdc++.so.6.0.16
7f6ac772e000-7f6ac7743000 rw-p 00000000 00:00 0 
7f6ac7743000-7f6ac8047000 r-xp 00000000 08:03 18618878                   /usr/lib/jvm/java-6-openjdk-amd64/jre/lib/amd64/server/libjvm.so
7f6ac8047000-7f6ac8247000 ---p 00904000 08:03 18618878                   /usr/lib/jvm/java-6-openjdk-amd64/jre/lib/amd64/server/libjvm.so
7f6ac8247000-7f6ac82c7000 r--p 00904000 08:03 18618878                   /usr/lib/jvm/java-6-openjdk-amd64/jre/lib/amd64/server/libjvm.so
7f6ac82c7000-7f6ac82e2000 rw-p 00984000 08:03 18618878                   /usr/lib/jvm/java-6-openjdk-amd64/jre/lib/amd64/server/libjvm.so
7f6ac82e2000-7f6ac830b000 rw-p 00000000 00:00 0 
7f6ac830b000-7f6ac8321000 r-xp 00000000 08:03 21761632                   /lib/x86_64-linux-gnu/libz.so.1.2.3.4
7f6ac8321000-7f6ac8520000 ---p 00016000 08:03 21761632                   /lib/x86_64-linux-gnu/libz.so.1.2.3.4
7f6ac8520000-7f6ac8521000 r--p 00015000 08:03 21761632                   /lib/x86_64-linux-gnu/libz.so.1.2.3.4
7f6ac8521000-7f6ac8522000 rw-p 00016000 08:03 21761632                   /lib/x86_64-linux-gnu/libz.so.1.2.3.4
7f6ac8522000-7f6ac86d7000 r-xp 00000000 08:03 21757975                   /lib/x86_64-linux-gnu/libc-2.15.so
7f6ac86d7000-7f6ac88d6000 ---p 001b5000 08:03 21757975                   /lib/x86_64-linux-gnu/libc-2.15.so
7f6ac88d6000-7f6ac88da000 r--p 001b4000 08:03 21757975                   /lib/x86_64-linux-gnu/libc-2.15.so
7f6ac88da000-7f6ac88dc000 rw-p 001b8000 08:03 21757975                   /lib/x86_64-linux-gnu/libc-2.15.so
7f6ac88dc000-7f6ac88e1000 rw-p 00000000 00:00 0 
7f6ac88e1000-7f6ac88e3000 r-xp 00000000 08:03 21757964                   /lib/x86_64-linux-gnu/libdl-2.15.so
7f6ac88e3000-7f6ac8ae3000 ---p 00002000 08:03 21757964                   /lib/x86_64-linux-gnu/libdl-2.15.so
7f6ac8ae3000-7f6ac8ae4000 r--p 00002000 08:03 21757964                   /lib/x86_64-linux-gnu/libdl-2.15.so
7f6ac8ae4000-7f6ac8ae5000 rw-p 00003000 08:03 21757964                   /lib/x86_64-linux-gnu/libdl-2.15.so
7f6ac8ae5000-7f6ac8ae9000 r-xp 00000000 08:03 18618855                   /usr/lib/jvm/java-6-openjdk-amd64/jre/lib/amd64/jli/libjli.so
7f6ac8ae9000-7f6ac8ce8000 ---p 00004000 08:03 18618855                   /usr/lib/jvm/java-6-openjdk-amd64/jre/lib/amd64/jli/libjli.so
7f6ac8ce8000-7f6ac8ce9000 r--p 00003000 08:03 18618855                   /usr/lib/jvm/java-6-openjdk-amd64/jre/lib/amd64/jli/libjli.so
7f6ac8ce9000-7f6ac8cea000 rw-p 00004000 08:03 18618855                   /usr/lib/jvm/java-6-openjdk-amd64/jre/lib/amd64/jli/libjli.so
7f6ac8cea000-7f6ac8d02000 r-xp 00000000 08:03 21758073                   /lib/x86_64-linux-gnu/libpthread-2.15.so
7f6ac8d02000-7f6ac8f01000 ---p 00018000 08:03 21758073                   /lib/x86_64-linux-gnu/libpthread-2.15.so
7f6ac8f01000-7f6ac8f02000 r--p 00017000 08:03 21758073                   /lib/x86_64-linux-gnu/libpthread-2.15.so
7f6ac8f02000-7f6ac8f03000 rw-p 00018000 08:03 21758073                   /lib/x86_64-linux-gnu/libpthread-2.15.so
7f6ac8f03000-7f6ac8f07000 rw-p 00000000 00:00 0 
7f6ac8f07000-7f6ac8f29000 r-xp 00000000 08:03 21758085                   /lib/x86_64-linux-gnu/ld-2.15.so
7f6ac8f29000-7f6ac8f2a000 r--s 00000000 08:03 19927134                   /var/cache/fontconfig/e7071f4a29fa870f4323321c154eba04-le64.cache-3
7f6ac8f2a000-7f6ac8f2b000 r--s 00000000 08:03 19927107                   /var/cache/fontconfig/0d8c3b2ac0904cb8a57a757ad11a4a08-le64.cache-3
7f6ac8f2b000-7f6ac8f30000 r--s 00000000 08:03 19927110                   /var/cache/fontconfig/3047814df9a2f067bd2d96a2b9c36e5a-le64.cache-3
7f6ac8f30000-7f6ac8f31000 r--s 00000000 08:03 19927115                   /var/cache/fontconfig/56cf4f4769d0f4abc89a4895d7bd3ae1-le64.cache-3
7f6ac8f31000-7f6ac8f36000 r--s 00000000 08:03 19927125                   /var/cache/fontconfig/b47c4e1ecd0709278f4910c18777a504-le64.cache-3
7f6ac8f36000-7f6ac8f39000 r--s 00000000 08:03 19927196                   /var/cache/fontconfig/e13b20fdb08344e0e664864cc2ede53d-le64.cache-3
7f6ac8f39000-7f6ac8f3d000 r--s 00000000 08:03 19927452                   /var/cache/fontconfig/7ef2298fde41cc6eeb7af42e48b7d293-le64.cache-3
7f6ac8f3d000-7f6ac8f40000 r--s 0007d000 08:03 18618443                   /usr/lib/jvm/java-6-openjdk-common/jre/lib/jsse.jar
7f6ac8f40000-7f6ac8f47000 r--s 00073000 08:03 15597691                   /home/arwilczek90/workspace/Elements/lib/lwjgl.jar
7f6ac8f47000-7f6ac8f51000 rw-p 00000000 00:00 0 
7f6ac8f51000-7f6ac9007000 rw-p 00000000 00:00 0 
7f6ac9007000-7f6ac900a000 ---p 00000000 00:00 0 
7f6ac900a000-7f6ac910d000 rw-p 00000000 00:00 0 
7f6ac910d000-7f6ac910e000 r--s 00000000 08:03 19927126                   /var/cache/fontconfig/b9d506c9ac06c20b433354fa67a72993-le64.cache-3
7f6ac910e000-7f6ac9110000 r--s 0000f000 08:03 18618803                   /usr/lib/jvm/java-6-openjdk-common/jre/lib/ext/pulse-java.jar
7f6ac9110000-7f6ac9113000 r--s 00077000 08:03 18618797                   /usr/lib/jvm/java-6-openjdk-common/jre/lib/ext/localedata.jar
7f6ac9113000-7f6ac9114000 r--s 00007000 08:03 18748229                   /usr/share/java/java-atk-wrapper.jar
7f6ac9114000-7f6ac9116000 r--s 00001000 08:03 18618801                   /usr/lib/jvm/java-6-openjdk-common/jre/lib/ext/dnsns.jar
7f6ac9116000-7f6ac911a000 r--s 00038000 08:03 18618795                   /usr/lib/jvm/java-6-openjdk-common/jre/lib/ext/sunpkcs11.jar
7f6ac911a000-7f6ac911d000 r--s 00031000 08:03 18618799                   /usr/lib/jvm/java-6-openjdk-common/jre/lib/ext/sunjce_provider.jar
7f6ac911d000-7f6ac9125000 rw-s 00000000 08:03 8126549                    /tmp/hsperfdata_arwilczek90/9919
7f6ac9125000-7f6ac9126000 rw-p 00000000 00:00 0 
7f6ac9126000-7f6ac9127000 r--p 00000000 00:00 0 
7f6ac9127000-7f6ac9129000 rw-p 00000000 00:00 0 
7f6ac9129000-7f6ac912a000 r--p 00022000 08:03 21758085                   /lib/x86_64-linux-gnu/ld-2.15.so
7f6ac912a000-7f6ac912c000 rw-p 00023000 08:03 21758085                   /lib/x86_64-linux-gnu/ld-2.15.so
7fff3acff000-7fff3ad20000 rw-p 00000000 00:00 0                          [stack]
7fff3adff000-7fff3ae00000 r-xp 00000000 00:00 0                          [vdso]
ffffffffff600000-ffffffffff601000 r-xp 00000000 00:00 0                  [vsyscall]

VM Arguments:
jvm_args: -agentlib:jdwp=transport=dt_socket,suspend=y,address=localhost:39653 -Djava.library.path=/home/arwilczek90/workspace/Elements/lib/slick:/home/arwilczek90/workspace/Elements/lib/slick -Dfile.encoding=UTF-8 
java_command: com.hack.elements.view.Main
Launcher Type: SUN_STANDARD

Environment Variables:
PATH=/usr/lib/lightdm/lightdm:/usr/local/sbin:/usr/local/bin:/usr/sbin:/usr/bin:/sbin:/bin:/usr/games
LD_LIBRARY_PATH=/usr/lib/jvm/java-6-openjdk-amd64/jre/lib/amd64/server:/usr/lib/jvm/java-6-openjdk-amd64/jre/lib/amd64:/usr/lib/jvm/java-6-openjdk-amd64/jre/../lib/amd64
SHELL=/bin/bash
DISPLAY=:0.0

Signal Handlers:
SIGSEGV: [libjvm.so+0x784310], sa_mask[0]=0x7ffbfeff, sa_flags=0x10000004
SIGBUS: [libjvm.so+0x784310], sa_mask[0]=0x7ffbfeff, sa_flags=0x10000004
SIGFPE: [libjvm.so+0x648580], sa_mask[0]=0x7ffbfeff, sa_flags=0x10000004
SIGPIPE: [libjvm.so+0x648580], sa_mask[0]=0x7ffbfeff, sa_flags=0x10000004
SIGXFSZ: [libjvm.so+0x648580], sa_mask[0]=0x7ffbfeff, sa_flags=0x10000004
SIGILL: [libjvm.so+0x648580], sa_mask[0]=0x7ffbfeff, sa_flags=0x10000004
SIGUSR1: SIG_DFL, sa_mask[0]=0x00000000, sa_flags=0x00000000
SIGUSR2: [libjvm.so+0x648730], sa_mask[0]=0x00000004, sa_flags=0x10000004
SIGHUP: [libjvm.so+0x64b250], sa_mask[0]=0x7ffbfeff, sa_flags=0x10000004
SIGINT: [libjvm.so+0x64b250], sa_mask[0]=0x7ffbfeff, sa_flags=0x10000004
SIGTERM: [libjvm.so+0x64b250], sa_mask[0]=0x7ffbfeff, sa_flags=0x10000004
SIGQUIT: [libjvm.so+0x64b250], sa_mask[0]=0x7ffbfeff, sa_flags=0x10000004


---------------  S Y S T E M  ---------------

OS:Ubuntu 12.04 (precise)
uname:Linux 3.2.0-32-generic #51-Ubuntu SMP Wed Sep 26 21:33:09 UTC 2012 x86_64
libc:glibc 2.15 NPTL 2.15 
rlimit: STACK 8192k, CORE 0k, NPROC 59545, NOFILE 4096, AS infinity
load average:1.35 1.72 1.96

/proc/meminfo:
MemTotal:        7639648 kB
MemFree:         4216100 kB
Buffers:          107724 kB
Cached:          1118544 kB
SwapCached:            0 kB
Active:          2276600 kB
Inactive:         693272 kB
Active(anon):    1744436 kB
Inactive(anon):    15000 kB
Active(file):     532164 kB
Inactive(file):   678272 kB
Unevictable:          20 kB
Mlocked:              20 kB
SwapTotal:       3818492 kB
SwapFree:        3818492 kB
Dirty:               208 kB
Writeback:             0 kB
AnonPages:       1743744 kB
Mapped:           321964 kB
Shmem:             15832 kB
Slab:              92424 kB
SReclaimable:      61324 kB
SUnreclaim:        31100 kB
KernelStack:        4576 kB
PageTables:        36760 kB
NFS_Unstable:          0 kB
Bounce:                0 kB
WritebackTmp:          0 kB
CommitLimit:     7638316 kB
Committed_AS:    4678440 kB
VmallocTotal:   34359738367 kB
VmallocUsed:      116912 kB
VmallocChunk:   34359619344 kB
HardwareCorrupted:     0 kB
AnonHugePages:         0 kB
HugePages_Total:       0
HugePages_Free:        0
HugePages_Rsvd:        0
HugePages_Surp:        0
Hugepagesize:       2048 kB
DirectMap4k:      282624 kB
DirectMap2M:     5464064 kB
DirectMap1G:     2097152 kB


CPU:total 4 (4 cores per cpu, 1 threads per core) family 18 model 1 stepping 0, cmov, cx8, fxsr, mmx, sse, sse2, sse3, popcnt, mmxext, 3dnowpref, lzcnt, sse4a

Memory: 4k page, physical 7639648k(4216100k free), swap 3818492k(3818492k free)

vm_info: OpenJDK 64-Bit Server VM (20.0-b12) for linux-amd64 JRE (1.6.0_24-b24), built on Sep  2 2012 19:50:47 by "buildd" with gcc 4.6.3

time: Sat Oct 13 17:26:31 2012
elapsed time: 22 seconds

