#
# A fatal error has been detected by the Java Runtime Environment:
#
#  SIGSEGV (0xb) at pc=0x00007fc36231cc58, pid=5674, tid=140477435180800
#
# JRE version: 6.0_24-b24
# Java VM: OpenJDK 64-Bit Server VM (20.0-b12 mixed mode linux-amd64 compressed oops)
# Derivative: IcedTea6 1.11.4
# Distribution: Ubuntu 12.04 LTS, package 6b24-1.11.4-1ubuntu0.12.04.1
# Problematic frame:
# C  [libX11.so.6+0x33c58]  XQueryExtension+0x28
#
# If you would like to submit a bug report, please include
# instructions how to reproduce the bug and visit:
#   https://bugs.launchpad.net/ubuntu/+source/openjdk-6/
#

---------------  T H R E A D  ---------------

Current thread is native thread

siginfo:si_signo=SIGSEGV: si_errno=0, si_code=1 (SEGV_MAPERR), si_addr=0x000000006c1f5a08

Registers:
RAX=0x0000000002111db0, RBX=0x000000006c1f50a0, RCX=0x00007ffffcb8c958, RDX=0x00007ffffcb8c954
RSP=0x00007ffffcb8c8f0, RBP=0x00007fc36016e932, RSI=0x00007fc36016e932, RDI=0x000000006c1f50a0
R8 =0x00007ffffcb8c95c, R9 =0x0000000000000010, R10=0x00007fc3731cbfa8, R11=0x0000000000000000
R12=0x0000000000000000, R13=0x00007fc36016e932, R14=0x0000000002111db0, R15=0x0000000000000000
RIP=0x00007fc36231cc58, EFLAGS=0x0000000000010206, CSGSFS=0x0000000000000033, ERR=0x0000000000000004
  TRAPNO=0x000000000000000e

Top of Stack: (sp=0x00007ffffcb8c8f0)
0x00007ffffcb8c8f0:   0000000000000000 0000003000000003
0x00007ffffcb8c900:   0000006e0000005b 0000007c00000077
0x00007ffffcb8c910:   00000000ffffffff 000000006c1f50a0
0x00007ffffcb8c920:   00007fc36016e932 0000000000000000
0x00007ffffcb8c930:   00007fc36016e932 0000000002111db0
0x00007ffffcb8c940:   0000000000000000 00007fc362310c55
0x00007ffffcb8c950:   00007fc373a18048 00007fc3602a7520
0x00007ffffcb8c960:   00007fc3602a7520 000000006c1f50a0
0x00007ffffcb8c970:   00007fc36c181570 00007fc36262a02b
0x00007ffffcb8c980:   00007fc372e1e790 000000110000002f
0x00007ffffcb8c990:   00007ffffcb8ca10 0000000000000000
0x00007ffffcb8c9a0:   00007ffffcb8ca10 000000006c1f50a0
0x00007ffffcb8c9b0:   0000000000000000 00007fc373a18048
0x00007ffffcb8c9c0:   00007fc3602c0d50 00007fc360115119
0x00007ffffcb8c9d0:   0000000000000000 000000000000002f
0x00007ffffcb8c9e0:   00007ffffcb8ca10 00007ffffcb8ca30
0x00007ffffcb8c9f0:   0000000000000000 00007fc373a18048
0x00007ffffcb8ca00:   00007fc36c1f4c00 00007fc36010bb42
0x00007ffffcb8ca10:   00007ffffcb8cc20 00007fc36016e8b1
0x00007ffffcb8ca20:   00007ffffcb8cc20 00007fc37380492d
0x00007ffffcb8ca30:   00007fc373a192c8 00007fc373a19858
0x00007ffffcb8ca40:   00007fc3739fa000 00007fc36c004060
0x00007ffffcb8ca50:   00007fc36c004780 00007fc36c009040
0x00007ffffcb8ca60:   00007fc36c009b50 00007fc36c0094f0
0x00007ffffcb8ca70:   00007fc36c00a050 00007fc36c00ed30
0x00007ffffcb8ca80:   00007fc36c09d330 00007fc36c14f6d0
0x00007ffffcb8ca90:   00007fc36c14fbb0 00007fc3739f9000
0x00007ffffcb8caa0:   00007fc36c1f17b0 00007fc36c1e9af0
0x00007ffffcb8cab0:   00007fc36c1e9f90 00007fc36c1f1c80
0x00007ffffcb8cac0:   00007fc36c1f2120 00007fc36c1f25c0
0x00007ffffcb8cad0:   00007fc36c108ea0 00007fc36c109cc0
0x00007ffffcb8cae0:   00007fc36c0025e0 00007fc36c001ec0 

Instructions: (pc=0x00007fc36231cc58)
0x00007fc36231cc38:   24 d8 48 89 fb 4c 89 64 24 e0 4c 89 6c 24 e8 48
0x00007fc36231cc48:   89 f5 4c 89 74 24 f0 4c 89 7c 24 f8 48 83 ec 58
0x00007fc36231cc58:   48 8b 87 68 09 00 00 49 89 d4 49 89 cd 4d 89 c6
0x00007fc36231cc68:   48 85 c0 74 02 ff 10 ba 08 00 00 00 be 62 00 00 

Register to memory mapping:

RAX=0x0000000002111db0 is an unknown value
RBX=0x000000006c1f50a0 is an unknown value
RCX=0x00007ffffcb8c958 is an unknown value
RDX=0x00007ffffcb8c954 is an unknown value
RSP=0x00007ffffcb8c8f0 is an unknown value
RBP=0x00007fc36016e932: <offset 0x96932> in /usr/lib/fglrx/libGL.so.1 at 0x00007fc3600d8000
RSI=0x00007fc36016e932: <offset 0x96932> in /usr/lib/fglrx/libGL.so.1 at 0x00007fc3600d8000
RDI=0x000000006c1f50a0 is an unknown value
R8 =0x00007ffffcb8c95c is an unknown value
R9 =0x0000000000000010 is an unknown value
R10=0x00007fc3731cbfa8: <offset 0x3bbfa8> in /lib/x86_64-linux-gnu/libc.so.6 at 0x00007fc372e10000
R11=0x0000000000000000 is an unknown value
R12=0x0000000000000000 is an unknown value
R13=0x00007fc36016e932: <offset 0x96932> in /usr/lib/fglrx/libGL.so.1 at 0x00007fc3600d8000
R14=0x0000000002111db0 is an unknown value
R15=0x0000000000000000 is an unknown value


Stack: [0x00007ffffca8f000,0x00007ffffcb8f000],  sp=0x00007ffffcb8c8f0,  free space=1014k
Native frames: (J=compiled Java code, j=interpreted, Vv=VM code, C=native code)
C  [libX11.so.6+0x33c58]  XQueryExtension+0x28


---------------  P R O C E S S  ---------------

VM state:at safepoint (shutting down)

VM Mutex/Monitor currently owned by a thread:  ([mutex/lock_event])
[0x00007fc36c007410] Threads_lock - owner thread: 0x00007fc36c072800

Heap
 PSYoungGen      total 34880K, used 8997K [0x00000000d9200000, 0x00000000db8e0000, 0x0000000100000000)
  eden space 29952K, 30% used [0x00000000d9200000,0x00000000d9ac97e8,0x00000000daf40000)
  from space 4928K, 0% used [0x00000000db410000,0x00000000db410000,0x00000000db8e0000)
  to   space 4928K, 0% used [0x00000000daf40000,0x00000000daf40000,0x00000000db410000)
 PSOldGen        total 79616K, used 0K [0x000000008b600000, 0x00000000903c0000, 0x00000000d9200000)
  object space 79616K, 0% used [0x000000008b600000,0x000000008b600000,0x00000000903c0000)
 PSPermGen       total 21248K, used 11356K [0x0000000081000000, 0x00000000824c0000, 0x000000008b600000)
  object space 21248K, 53% used [0x0000000081000000,0x0000000081b171c8,0x00000000824c0000)

Code Cache  [0x00007fc368beb000, 0x00007fc368e5b000, 0x00007fc36bbeb000)
 total_blobs=526 nmethods=49 adapters=439 free_code_cache=49659328 largest_free_block=9088

Dynamic libraries:
00400000-00409000 r-xp 00000000 08:03 18618890                           /usr/lib/jvm/java-6-openjdk-amd64/jre/bin/java
00608000-00609000 r--p 00008000 08:03 18618890                           /usr/lib/jvm/java-6-openjdk-amd64/jre/bin/java
00609000-0060a000 rw-p 00009000 08:03 18618890                           /usr/lib/jvm/java-6-openjdk-amd64/jre/bin/java
0210f000-02130000 rw-p 00000000 00:00 0                                  [heap]
81000000-824c0000 rw-p 00000000 00:00 0 
824c0000-8b600000 rw-p 00000000 00:00 0 
8b600000-903c0000 rw-p 00000000 00:00 0 
903c0000-d9200000 rw-p 00000000 00:00 0 
d9200000-db8e0000 rw-p 00000000 00:00 0 
db8e0000-100000000 rw-p 00000000 00:00 0 
7fc310000000-7fc310021000 rw-p 00000000 00:00 0 
7fc310021000-7fc314000000 ---p 00000000 00:00 0 
7fc314000000-7fc314021000 rw-p 00000000 00:00 0 
7fc314021000-7fc318000000 ---p 00000000 00:00 0 
7fc318000000-7fc318021000 rw-p 00000000 00:00 0 
7fc318021000-7fc31c000000 ---p 00000000 00:00 0 
7fc31c000000-7fc31c021000 rw-p 00000000 00:00 0 
7fc31c021000-7fc320000000 ---p 00000000 00:00 0 
7fc320bc9000-7fc320bcc000 ---p 00000000 00:00 0 
7fc320bcc000-7fc320cca000 rw-p 00000000 00:00 0 
7fc320cca000-7fc320ccd000 ---p 00000000 00:00 0 
7fc320ccd000-7fc320fcd000 rw-p 00000000 00:00 0 
7fc320fcd000-7fc320fd0000 r-xp 00000000 08:03 15602613                   /home/arwilczek90/workspace/Elements/lib/slick/libjinput-linux64.so
7fc320fd0000-7fc3210cf000 ---p 00003000 08:03 15602613                   /home/arwilczek90/workspace/Elements/lib/slick/libjinput-linux64.so
7fc3210cf000-7fc3210d0000 rw-p 00002000 08:03 15602613                   /home/arwilczek90/workspace/Elements/lib/slick/libjinput-linux64.so
7fc3210d0000-7fc3210d3000 ---p 00000000 00:00 0 
7fc3210d3000-7fc3211d1000 rw-p 00000000 00:00 0 
7fc3211d1000-7fc3218d1000 rw-s 00006000 00:05 10225                      /dev/ati/card0
7fc3218d1000-7fc3218d3000 r-xp 00000000 08:03 18488267                   /usr/lib/x86_64-linux-gnu/libXinerama.so.1.0.0
7fc3218d3000-7fc321ad2000 ---p 00002000 08:03 18488267                   /usr/lib/x86_64-linux-gnu/libXinerama.so.1.0.0
7fc321ad2000-7fc321ad3000 r--p 00001000 08:03 18488267                   /usr/lib/x86_64-linux-gnu/libXinerama.so.1.0.0
7fc321ad3000-7fc321ad4000 rw-p 00002000 08:03 18488267                   /usr/lib/x86_64-linux-gnu/libXinerama.so.1.0.0
7fc321ad4000-7fc321b0f000 r-xp 00000000 08:03 19009508                   /usr/lib/fglrx/libatiadlxx.so
7fc321b0f000-7fc321c0f000 ---p 0003b000 08:03 19009508                   /usr/lib/fglrx/libatiadlxx.so
7fc321c0f000-7fc321c18000 rw-p 0003b000 08:03 19009508                   /usr/lib/fglrx/libatiadlxx.so
7fc321c18000-7fc321c29000 rw-p 00000000 00:00 0 
7fc321c29000-7fc321c30000 r-xp 00000000 08:03 19009532                   /usr/lib/fglrx/libatiuki.so.1.0
7fc321c30000-7fc321d30000 ---p 00007000 08:03 19009532                   /usr/lib/fglrx/libatiuki.so.1.0
7fc321d30000-7fc321d31000 rw-p 00007000 08:03 19009532                   /usr/lib/fglrx/libatiuki.so.1.0
7fc321d31000-7fc321d32000 rw-p 00000000 00:00 0 
7fc321d32000-7fc323c8c000 r-xp 00000000 08:03 19009510                   /usr/lib/fglrx/dri/fglrx_dri.so
7fc323c8c000-7fc323d8c000 ---p 01f5a000 08:03 19009510                   /usr/lib/fglrx/dri/fglrx_dri.so
7fc323d8c000-7fc323eda000 rwxp 01f5a000 08:03 19009510                   /usr/lib/fglrx/dri/fglrx_dri.so
7fc323eda000-7fc324000000 rwxp 00000000 00:00 0 
7fc324000000-7fc324021000 rw-p 00000000 00:00 0 
7fc324021000-7fc328000000 ---p 00000000 00:00 0 
7fc328000000-7fc328021000 rw-p 00000000 00:00 0 
7fc328021000-7fc32c000000 ---p 00000000 00:00 0 
7fc32c000000-7fc32c20c000 rw-p 00000000 00:00 0 
7fc32c20c000-7fc330000000 ---p 00000000 00:00 0 
7fc330000000-7fc330021000 rw-p 00000000 00:00 0 
7fc330021000-7fc334000000 ---p 00000000 00:00 0 
7fc334000000-7fc334021000 rw-p 00000000 00:00 0 
7fc334021000-7fc338000000 ---p 00000000 00:00 0 
7fc338000000-7fc3382be000 rw-p 00000000 00:00 0 
7fc3382be000-7fc33c000000 ---p 00000000 00:00 0 
7fc33c000000-7fc33c021000 rw-p 00000000 00:00 0 
7fc33c021000-7fc340000000 ---p 00000000 00:00 0 
7fc340000000-7fc340021000 rw-p 00000000 00:00 0 
7fc340021000-7fc344000000 ---p 00000000 00:00 0 
7fc344000000-7fc344021000 rw-p 00000000 00:00 0 
7fc344021000-7fc348000000 ---p 00000000 00:00 0 
7fc348000000-7fc348021000 rw-p 00000000 00:00 0 
7fc348021000-7fc34c000000 ---p 00000000 00:00 0 
7fc34c000000-7fc34c021000 rw-p 00000000 00:00 0 
7fc34c021000-7fc350000000 ---p 00000000 00:00 0 
7fc350000000-7fc350021000 rw-p 00000000 00:00 0 
7fc350021000-7fc354000000 ---p 00000000 00:00 0 
7fc354000000-7fc354021000 rw-p 00000000 00:00 0 
7fc354021000-7fc358000000 ---p 00000000 00:00 0 
7fc358000000-7fc358021000 rw-p 00000000 00:00 0 
7fc358021000-7fc35c000000 ---p 00000000 00:00 0 
7fc35c000000-7fc35c021000 rw-p 00000000 00:00 0 
7fc35c021000-7fc360000000 ---p 00000000 00:00 0 
7fc3600d8000-7fc36019b000 r-xp 00000000 08:03 19009512                   /usr/lib/fglrx/libGL.so.1.2
7fc36019b000-7fc36029a000 ---p 000c3000 08:03 19009512                   /usr/lib/fglrx/libGL.so.1.2
7fc36029a000-7fc3602c1000 rwxp 000c2000 08:03 19009512                   /usr/lib/fglrx/libGL.so.1.2
7fc3602c1000-7fc3602e1000 rwxp 00000000 00:00 0 
7fc3602e1000-7fc3602e2000 r-xp 00000000 08:03 18618886                   /usr/lib/jvm/java-6-openjdk-amd64/jre/lib/amd64/libjawt.so
7fc3602e2000-7fc3604e1000 ---p 00001000 08:03 18618886                   /usr/lib/jvm/java-6-openjdk-amd64/jre/lib/amd64/libjawt.so
7fc3604e1000-7fc3604e2000 r--p 00000000 08:03 18618886                   /usr/lib/jvm/java-6-openjdk-amd64/jre/lib/amd64/libjawt.so
7fc3604e2000-7fc3604e3000 rw-p 00001000 08:03 18618886                   /usr/lib/jvm/java-6-openjdk-amd64/jre/lib/amd64/libjawt.so
7fc3604e3000-7fc3604e7000 r-xp 00000000 08:03 18488287                   /usr/lib/x86_64-linux-gnu/libXxf86vm.so.1.0.0
7fc3604e7000-7fc3606e6000 ---p 00004000 08:03 18488287                   /usr/lib/x86_64-linux-gnu/libXxf86vm.so.1.0.0
7fc3606e6000-7fc3606e7000 r--p 00003000 08:03 18488287                   /usr/lib/x86_64-linux-gnu/libXxf86vm.so.1.0.0
7fc3606e7000-7fc3606e8000 rw-p 00004000 08:03 18488287                   /usr/lib/x86_64-linux-gnu/libXxf86vm.so.1.0.0
7fc3606e8000-7fc3606f0000 r-xp 00000000 08:03 18488277                   /usr/lib/x86_64-linux-gnu/libXrandr.so.2.2.0
7fc3606f0000-7fc3608ef000 ---p 00008000 08:03 18488277                   /usr/lib/x86_64-linux-gnu/libXrandr.so.2.2.0
7fc3608ef000-7fc3608f0000 r--p 00007000 08:03 18488277                   /usr/lib/x86_64-linux-gnu/libXrandr.so.2.2.0
7fc3608f0000-7fc3608f1000 rw-p 00008000 08:03 18488277                   /usr/lib/x86_64-linux-gnu/libXrandr.so.2.2.0
7fc3608f1000-7fc360931000 r-xp 00000000 08:03 15602617                   /home/arwilczek90/workspace/Elements/lib/slick/liblwjgl64.so
7fc360931000-7fc360a31000 ---p 00040000 08:03 15602617                   /home/arwilczek90/workspace/Elements/lib/slick/liblwjgl64.so
7fc360a31000-7fc360a33000 rw-p 00040000 08:03 15602617                   /home/arwilczek90/workspace/Elements/lib/slick/liblwjgl64.so
7fc360a33000-7fc360a38000 r-xp 00000000 08:03 18488261                   /usr/lib/x86_64-linux-gnu/libXfixes.so.3.1.0
7fc360a38000-7fc360c37000 ---p 00005000 08:03 18488261                   /usr/lib/x86_64-linux-gnu/libXfixes.so.3.1.0
7fc360c37000-7fc360c38000 r--p 00004000 08:03 18488261                   /usr/lib/x86_64-linux-gnu/libXfixes.so.3.1.0
7fc360c38000-7fc360c39000 rw-p 00005000 08:03 18488261                   /usr/lib/x86_64-linux-gnu/libXfixes.so.3.1.0
7fc360c39000-7fc360c3a000 r--s 00000000 08:03 19927127                   /var/cache/fontconfig/c05880de57d1f5e948fdfacc138775d9-le64.cache-3
7fc360c3a000-7fc360c43000 r--s 00000000 08:03 19927122                   /var/cache/fontconfig/945677eb7aeaf62f1d50efc3fb3ec7d8-le64.cache-3
7fc360c43000-7fc360c45000 r--s 00000000 08:03 19927123                   /var/cache/fontconfig/99e8ed0e538f840c565b6ed5dad60d56-le64.cache-3
7fc360c45000-7fc360c49000 r--s 00000000 08:03 19927109                   /var/cache/fontconfig/2cd17615ca594fa2959ae173292e504c-le64.cache-3
7fc360c49000-7fc360c4a000 r--s 00000000 08:03 19927134                   /var/cache/fontconfig/e7071f4a29fa870f4323321c154eba04-le64.cache-3
7fc360c4a000-7fc360c4b000 r--s 00000000 08:03 19927107                   /var/cache/fontconfig/0d8c3b2ac0904cb8a57a757ad11a4a08-le64.cache-3
7fc360c4b000-7fc360c51000 r--s 00000000 08:03 19927124                   /var/cache/fontconfig/a755afe4a08bf5b97852ceb7400b47bc-le64.cache-3
7fc360c51000-7fc360c5a000 r--s 00000000 08:03 19927460                   /var/cache/fontconfig/6d41288fd70b0be22e8c3a91e032eec0-le64.cache-3
7fc360c5a000-7fc360c6a000 r--s 00000000 08:03 19927106                   /var/cache/fontconfig/04aabc0a78ac019cf9454389977116d2-le64.cache-3
7fc360c7e000-7fc360c80000 r--s 00015000 08:03 15598514                   /home/arwilczek90/workspace/Elements/lib/slick/lib/tinylinepp.jar
7fc360c80000-7fc360c88000 r--s 00067000 08:03 15598510                   /home/arwilczek90/workspace/Elements/lib/slick/lib/slick-sources.jar
7fc360c88000-7fc360c8d000 r--s 0002f000 08:03 15598498                   /home/arwilczek90/workspace/Elements/lib/slick/lib/jinput.jar
7fc360c8d000-7fc360c8f000 r--s 00008000 08:03 15598497                   /home/arwilczek90/workspace/Elements/lib/slick/lib/ibxm.jar
7fc360c8f000-7fc360c92000 r--s 0005b000 08:03 15598496                   /home/arwilczek90/workspace/Elements/lib/slick/lib/hiero.jar
7fc360c92000-7fc360c93000 r--s 00007000 08:03 15597697                   /home/arwilczek90/workspace/Elements/lib/slick/applet/lwjgl_util_applet.jar
7fc360cd3000-7fc360d13000 rw-s f0300000 00:05 10225                      /dev/ati/card0
7fc360d13000-7fc360d16000 ---p 00000000 00:00 0 
7fc360d16000-7fc360e14000 rw-p 00000000 00:00 0 
7fc360e14000-7fc360e15000 r--s 00000000 08:03 19927127                   /var/cache/fontconfig/c05880de57d1f5e948fdfacc138775d9-le64.cache-3
7fc360e15000-7fc360e1e000 r--s 00000000 08:03 19927122                   /var/cache/fontconfig/945677eb7aeaf62f1d50efc3fb3ec7d8-le64.cache-3
7fc360e1e000-7fc360e20000 r--s 00000000 08:03 19927123                   /var/cache/fontconfig/99e8ed0e538f840c565b6ed5dad60d56-le64.cache-3
7fc360e20000-7fc360e24000 r--s 00000000 08:03 19927109                   /var/cache/fontconfig/2cd17615ca594fa2959ae173292e504c-le64.cache-3
7fc360e24000-7fc360e25000 r--s 00000000 08:03 19927134                   /var/cache/fontconfig/e7071f4a29fa870f4323321c154eba04-le64.cache-3
7fc360e25000-7fc360e26000 r--s 00000000 08:03 19927107                   /var/cache/fontconfig/0d8c3b2ac0904cb8a57a757ad11a4a08-le64.cache-3
7fc360e26000-7fc360e2c000 r--s 00000000 08:03 19927124                   /var/cache/fontconfig/a755afe4a08bf5b97852ceb7400b47bc-le64.cache-3
7fc360e2c000-7fc360e35000 r--s 00000000 08:03 19927460                   /var/cache/fontconfig/6d41288fd70b0be22e8c3a91e032eec0-le64.cache-3
7fc360e35000-7fc360e45000 r--s 00000000 08:03 19927106                   /var/cache/fontconfig/04aabc0a78ac019cf9454389977116d2-le64.cache-3
7fc360e45000-7fc360e48000 r--s 00000000 08:03 19927112                   /var/cache/fontconfig/385c0604a188198f04d133e54aba7fe7-le64.cache-3
7fc360e48000-7fc360e49000 r--s 00000000 08:03 19927113                   /var/cache/fontconfig/4794a0821666d79190d59a36cb4f44b5-le64.cache-3
7fc360e49000-7fc360e4c000 r--s 00000000 08:03 19927121                   /var/cache/fontconfig/8801497958630a81b71ace7c5f9b32a8-le64.cache-3
7fc360e4c000-7fc360e7a000 r--s 00000000 08:03 19927454                   /var/cache/fontconfig/365b55f210c0a22e9a19e35191240f32-le64.cache-3
7fc360e7b000-7fc360e7e000 r--s 00015000 08:03 15598512                   /home/arwilczek90/workspace/Elements/lib/slick/lib/slick-util.jar
7fc360e7e000-7fc360e7f000 r--s 00000000 08:03 15598509                   /home/arwilczek90/workspace/Elements/lib/slick/lib/slick-examples.jar
7fc360e7f000-7fc360e82000 r--s 00017000 08:03 15598507                   /home/arwilczek90/workspace/Elements/lib/slick/lib/pedigree.jar
7fc360e82000-7fc360e8d000 r--s 00093000 08:03 15598513                   /home/arwilczek90/workspace/Elements/lib/slick/lib/slick.jar
7fc360e8d000-7fc360e8f000 r--s 00004000 08:03 15598506                   /home/arwilczek90/workspace/Elements/lib/slick/lib/packulike.jar
7fc360e8f000-7fc360e98000 r-xp 00000000 08:03 18488253                   /usr/lib/x86_64-linux-gnu/libXcursor.so.1.0.2
7fc360e98000-7fc361097000 ---p 00009000 08:03 18488253                   /usr/lib/x86_64-linux-gnu/libXcursor.so.1.0.2
7fc361097000-7fc361098000 r--p 00008000 08:03 18488253                   /usr/lib/x86_64-linux-gnu/libXcursor.so.1.0.2
7fc361098000-7fc361099000 rw-p 00009000 08:03 18488253                   /usr/lib/x86_64-linux-gnu/libXcursor.so.1.0.2
7fc361099000-7fc36109a000 r--s 00003000 08:03 15598508                   /home/arwilczek90/workspace/Elements/lib/slick/lib/scalar.jar
7fc36109a000-7fc36109b000 r--s 00043000 08:03 15598505                   /home/arwilczek90/workspace/Elements/lib/slick/lib/natives-win32.jar
7fc36109b000-7fc36109d000 r--s 00033000 08:03 15598504                   /home/arwilczek90/workspace/Elements/lib/slick/lib/natives-mac.jar
7fc36109d000-7fc3610a4000 r--s 00073000 08:03 15598502                   /home/arwilczek90/workspace/Elements/lib/slick/lib/lwjgl.jar
7fc3610a4000-7fc3610a6000 r--s 0000d000 08:03 15598501                   /home/arwilczek90/workspace/Elements/lib/slick/lib/jorbis-0.0.15.jar
7fc3610a6000-7fc3610a8000 rw-s 00002000 00:05 10225                      /dev/ati/card0
7fc3610a8000-7fc3610b3000 r--s 00093000 08:03 15597692                   /home/arwilczek90/workspace/Elements/lib/slick.jar
7fc3610b3000-7fc3610ba000 r--s 000fb000 08:03 18618812                   /usr/lib/jvm/java-6-openjdk-common/jre/lib/resources.jar
7fc3610ba000-7fc3610ca000 r--s 00000000 08:03 19927130                   /var/cache/fontconfig/d52a8644073d54c13679302ca1180695-le64.cache-3
7fc3610ca000-7fc3610cd000 ---p 00000000 00:00 0 
7fc3610cd000-7fc3611cb000 rw-p 00000000 00:00 0 
7fc3611cb000-7fc361261000 r-xp 00000000 08:03 18488439                   /usr/lib/x86_64-linux-gnu/libfreetype.so.6.8.0
7fc361261000-7fc361460000 ---p 00096000 08:03 18488439                   /usr/lib/x86_64-linux-gnu/libfreetype.so.6.8.0
7fc361460000-7fc361466000 r--p 00095000 08:03 18488439                   /usr/lib/x86_64-linux-gnu/libfreetype.so.6.8.0
7fc361466000-7fc361467000 rw-p 0009b000 08:03 18488439                   /usr/lib/x86_64-linux-gnu/libfreetype.so.6.8.0
7fc361467000-7fc3614a1000 r-xp 00000000 08:03 18618871                   /usr/lib/jvm/java-6-openjdk-amd64/jre/lib/amd64/libfontmanager.so
7fc3614a1000-7fc3616a0000 ---p 0003a000 08:03 18618871                   /usr/lib/jvm/java-6-openjdk-amd64/jre/lib/amd64/libfontmanager.so
7fc3616a0000-7fc3616a2000 r--p 00039000 08:03 18618871                   /usr/lib/jvm/java-6-openjdk-amd64/jre/lib/amd64/libfontmanager.so
7fc3616a2000-7fc3616a3000 rw-p 0003b000 08:03 18618871                   /usr/lib/jvm/java-6-openjdk-amd64/jre/lib/amd64/libfontmanager.so
7fc3616a3000-7fc3616a8000 r-xp 00000000 08:03 18488257                   /usr/lib/x86_64-linux-gnu/libXdmcp.so.6.0.0
7fc3616a8000-7fc3618a7000 ---p 00005000 08:03 18488257                   /usr/lib/x86_64-linux-gnu/libXdmcp.so.6.0.0
7fc3618a7000-7fc3618a8000 r--p 00004000 08:03 18488257                   /usr/lib/x86_64-linux-gnu/libXdmcp.so.6.0.0
7fc3618a8000-7fc3618a9000 rw-p 00005000 08:03 18488257                   /usr/lib/x86_64-linux-gnu/libXdmcp.so.6.0.0
7fc3618a9000-7fc3618ab000 r-xp 00000000 08:03 18488246                   /usr/lib/x86_64-linux-gnu/libXau.so.6.0.0
7fc3618ab000-7fc361aaa000 ---p 00002000 08:03 18488246                   /usr/lib/x86_64-linux-gnu/libXau.so.6.0.0
7fc361aaa000-7fc361aab000 r--p 00001000 08:03 18488246                   /usr/lib/x86_64-linux-gnu/libXau.so.6.0.0
7fc361aab000-7fc361aac000 rw-p 00002000 08:03 18488246                   /usr/lib/x86_64-linux-gnu/libXau.so.6.0.0
7fc361aac000-7fc361ac9000 r-xp 00000000 08:03 18488845                   /usr/lib/x86_64-linux-gnu/libxcb.so.1.1.0
7fc361ac9000-7fc361cc8000 ---p 0001d000 08:03 18488845                   /usr/lib/x86_64-linux-gnu/libxcb.so.1.1.0
7fc361cc8000-7fc361cc9000 r--p 0001c000 08:03 18488845                   /usr/lib/x86_64-linux-gnu/libxcb.so.1.1.0
7fc361cc9000-7fc361cca000 rw-p 0001d000 08:03 18488845                   /usr/lib/x86_64-linux-gnu/libxcb.so.1.1.0
7fc361cca000-7fc361cd8000 r-xp 00000000 08:03 18488265                   /usr/lib/x86_64-linux-gnu/libXi.so.6.1.0
7fc361cd8000-7fc361ed7000 ---p 0000e000 08:03 18488265                   /usr/lib/x86_64-linux-gnu/libXi.so.6.1.0
7fc361ed7000-7fc361ed8000 r--p 0000d000 08:03 18488265                   /usr/lib/x86_64-linux-gnu/libXi.so.6.1.0
7fc361ed8000-7fc361ed9000 rw-p 0000e000 08:03 18488265                   /usr/lib/x86_64-linux-gnu/libXi.so.6.1.0
7fc361ed9000-7fc361ede000 r-xp 00000000 08:03 18488283                   /usr/lib/x86_64-linux-gnu/libXtst.so.6.1.0
7fc361ede000-7fc3620dd000 ---p 00005000 08:03 18488283                   /usr/lib/x86_64-linux-gnu/libXtst.so.6.1.0
7fc3620dd000-7fc3620de000 r--p 00004000 08:03 18488283                   /usr/lib/x86_64-linux-gnu/libXtst.so.6.1.0
7fc3620de000-7fc3620df000 rw-p 00005000 08:03 18488283                   /usr/lib/x86_64-linux-gnu/libXtst.so.6.1.0
7fc3620df000-7fc3620e8000 r-xp 00000000 08:03 18488279                   /usr/lib/x86_64-linux-gnu/libXrender.so.1.3.0
7fc3620e8000-7fc3622e7000 ---p 00009000 08:03 18488279                   /usr/lib/x86_64-linux-gnu/libXrender.so.1.3.0
7fc3622e7000-7fc3622e8000 r--p 00008000 08:03 18488279                   /usr/lib/x86_64-linux-gnu/libXrender.so.1.3.0
7fc3622e8000-7fc3622e9000 rw-p 00009000 08:03 18488279                   /usr/lib/x86_64-linux-gnu/libXrender.so.1.3.0
7fc3622e9000-7fc362418000 r-xp 00000000 08:03 18488244                   /usr/lib/x86_64-linux-gnu/libX11.so.6.3.0
7fc362418000-7fc362618000 ---p 0012f000 08:03 18488244                   /usr/lib/x86_64-linux-gnu/libX11.so.6.3.0
7fc362618000-7fc362619000 r--p 0012f000 08:03 18488244                   /usr/lib/x86_64-linux-gnu/libX11.so.6.3.0
7fc362619000-7fc36261d000 rw-p 00130000 08:03 18488244                   /usr/lib/x86_64-linux-gnu/libX11.so.6.3.0
7fc36261d000-7fc36262d000 r-xp 00000000 08:03 18488259                   /usr/lib/x86_64-linux-gnu/libXext.so.6.4.0
7fc36262d000-7fc36282c000 ---p 00010000 08:03 18488259                   /usr/lib/x86_64-linux-gnu/libXext.so.6.4.0
7fc36282c000-7fc36282d000 r--p 0000f000 08:03 18488259                   /usr/lib/x86_64-linux-gnu/libXext.so.6.4.0
7fc36282d000-7fc36282e000 rw-p 00010000 08:03 18488259                   /usr/lib/x86_64-linux-gnu/libXext.so.6.4.0
7fc36282e000-7fc362879000 r-xp 00000000 08:03 18618972                   /usr/lib/jvm/java-6-openjdk-amd64/jre/lib/amd64/xawt/libmawt.so
7fc362879000-7fc362a79000 ---p 0004b000 08:03 18618972                   /usr/lib/jvm/java-6-openjdk-amd64/jre/lib/amd64/xawt/libmawt.so
7fc362a79000-7fc362a7a000 r--p 0004b000 08:03 18618972                   /usr/lib/jvm/java-6-openjdk-amd64/jre/lib/amd64/xawt/libmawt.so
7fc362a7a000-7fc362a7d000 rw-p 0004c000 08:03 18618972                   /usr/lib/jvm/java-6-openjdk-amd64/jre/lib/amd64/xawt/libmawt.so
7fc362a7d000-7fc362a7e000 rw-p 00000000 00:00 0 
7fc362a7e000-7fc362b2a000 r-xp 00000000 08:03 18618874                   /usr/lib/jvm/java-6-openjdk-amd64/jre/lib/amd64/libawt.so
7fc362b2a000-7fc362d29000 ---p 000ac000 08:03 18618874                   /usr/lib/jvm/java-6-openjdk-amd64/jre/lib/amd64/libawt.so
7fc362d29000-7fc362d2a000 r--p 000ab000 08:03 18618874                   /usr/lib/jvm/java-6-openjdk-amd64/jre/lib/amd64/libawt.so
7fc362d2a000-7fc362d35000 rw-p 000ac000 08:03 18618874                   /usr/lib/jvm/java-6-openjdk-amd64/jre/lib/amd64/libawt.so
7fc362d35000-7fc362d5a000 rw-p 00000000 00:00 0 
7fc362d5a000-7fc362d5b000 ---p 00000000 00:00 0 
7fc362d5b000-7fc362e5b000 rw-p 00000000 00:00 0 
7fc362e5b000-7fc362e5e000 ---p 00000000 00:00 0 
7fc362e5e000-7fc362f5c000 rw-p 00000000 00:00 0 
7fc362f5c000-7fc362f5f000 ---p 00000000 00:00 0 
7fc362f5f000-7fc36305d000 rw-p 00000000 00:00 0 
7fc36305d000-7fc363060000 ---p 00000000 00:00 0 
7fc363060000-7fc36315e000 rw-p 00000000 00:00 0 
7fc36315e000-7fc363161000 ---p 00000000 00:00 0 
7fc363161000-7fc36325f000 rw-p 00000000 00:00 0 
7fc36325f000-7fc363262000 ---p 00000000 00:00 0 
7fc363262000-7fc363360000 rw-p 00000000 00:00 0 
7fc363360000-7fc363363000 ---p 00000000 00:00 0 
7fc363363000-7fc363461000 rw-p 00000000 00:00 0 
7fc363461000-7fc363465000 r-xp 00000000 08:03 18618885                   /usr/lib/jvm/java-6-openjdk-amd64/jre/lib/amd64/libdt_socket.so
7fc363465000-7fc363664000 ---p 00004000 08:03 18618885                   /usr/lib/jvm/java-6-openjdk-amd64/jre/lib/amd64/libdt_socket.so
7fc363664000-7fc363665000 r--p 00003000 08:03 18618885                   /usr/lib/jvm/java-6-openjdk-amd64/jre/lib/amd64/libdt_socket.so
7fc363665000-7fc363666000 rw-p 00004000 08:03 18618885                   /usr/lib/jvm/java-6-openjdk-amd64/jre/lib/amd64/libdt_socket.so
7fc363666000-7fc363669000 ---p 00000000 00:00 0 
7fc363669000-7fc363767000 rw-p 00000000 00:00 0 
7fc363767000-7fc36376a000 ---p 00000000 00:00 0 
7fc36376a000-7fc363868000 rw-p 00000000 00:00 0 
7fc363868000-7fc36386b000 ---p 00000000 00:00 0 
7fc36386b000-7fc363969000 rw-p 00000000 00:00 0 
7fc363969000-7fc36396a000 ---p 00000000 00:00 0 
7fc36396a000-7fc363e6e000 rw-p 00000000 00:00 0 
7fc363e6e000-7fc364000000 r--s 037bf000 08:03 18618843                   /usr/lib/jvm/java-6-openjdk-amd64/jre/lib/rt.jar
7fc364000000-7fc364021000 rw-p 00000000 00:00 0 
7fc364021000-7fc368000000 ---p 00000000 00:00 0 
7fc368000000-7fc368001000 r--s 0003d000 08:03 15598503                   /home/arwilczek90/workspace/Elements/lib/slick/lib/natives-linux.jar
7fc368001000-7fc368002000 r--s 00001000 08:03 15598500                   /home/arwilczek90/workspace/Elements/lib/slick/lib/jogg-0.0.7.jar
7fc368002000-7fc368007000 r--s 00000000 08:03 19927110                   /var/cache/fontconfig/3047814df9a2f067bd2d96a2b9c36e5a-le64.cache-3
7fc368007000-7fc368008000 r--s 00000000 08:03 19927115                   /var/cache/fontconfig/56cf4f4769d0f4abc89a4895d7bd3ae1-le64.cache-3
7fc368008000-7fc368009000 r--s 00000000 08:03 19927126                   /var/cache/fontconfig/b9d506c9ac06c20b433354fa67a72993-le64.cache-3
7fc368009000-7fc36800e000 r--s 00000000 08:03 19927125                   /var/cache/fontconfig/b47c4e1ecd0709278f4910c18777a504-le64.cache-3
7fc36800e000-7fc36803c000 r--s 00000000 08:03 19927454                   /var/cache/fontconfig/365b55f210c0a22e9a19e35191240f32-le64.cache-3
7fc36803c000-7fc36804c000 r--s 00000000 08:03 19927130                   /var/cache/fontconfig/d52a8644073d54c13679302ca1180695-le64.cache-3
7fc36804c000-7fc368180000 rw-p 00000000 00:00 0 
7fc368180000-7fc368181000 ---p 00000000 00:00 0 
7fc368181000-7fc368281000 rw-p 00000000 00:00 0 
7fc368281000-7fc368282000 ---p 00000000 00:00 0 
7fc368282000-7fc368382000 rw-p 00000000 00:00 0 
7fc368382000-7fc368383000 ---p 00000000 00:00 0 
7fc368383000-7fc368483000 rw-p 00000000 00:00 0 
7fc368483000-7fc368484000 ---p 00000000 00:00 0 
7fc368484000-7fc3685ab000 rw-p 00000000 00:00 0 
7fc3685ab000-7fc3687f2000 rw-p 00000000 00:00 0 
7fc3687f2000-7fc3687fd000 rw-p 00000000 00:00 0 
7fc3687fd000-7fc368845000 rw-p 00000000 00:00 0 
7fc368845000-7fc36886c000 rw-p 00000000 00:00 0 
7fc36886c000-7fc368ab3000 rw-p 00000000 00:00 0 
7fc368ab3000-7fc368ac7000 rw-p 00000000 00:00 0 
7fc368ac7000-7fc368bea000 rw-p 00000000 00:00 0 
7fc368bea000-7fc368beb000 rw-p 00000000 00:00 0 
7fc368beb000-7fc368e5b000 rwxp 00000000 00:00 0 
7fc368e5b000-7fc36bbeb000 rw-p 00000000 00:00 0 
7fc36bbeb000-7fc36bbf2000 r-xp 00000000 08:03 18618888                   /usr/lib/jvm/java-6-openjdk-amd64/jre/lib/amd64/libzip.so
7fc36bbf2000-7fc36bdf1000 ---p 00007000 08:03 18618888                   /usr/lib/jvm/java-6-openjdk-amd64/jre/lib/amd64/libzip.so
7fc36bdf1000-7fc36bdf2000 r--p 00006000 08:03 18618888                   /usr/lib/jvm/java-6-openjdk-amd64/jre/lib/amd64/libzip.so
7fc36bdf2000-7fc36bdf3000 rw-p 00007000 08:03 18618888                   /usr/lib/jvm/java-6-openjdk-amd64/jre/lib/amd64/libzip.so
7fc36bdf3000-7fc36bdff000 r-xp 00000000 08:03 21758081                   /lib/x86_64-linux-gnu/libnss_files-2.15.so
7fc36bdff000-7fc36bffe000 ---p 0000c000 08:03 21758081                   /lib/x86_64-linux-gnu/libnss_files-2.15.so
7fc36bffe000-7fc36bfff000 r--p 0000b000 08:03 21758081                   /lib/x86_64-linux-gnu/libnss_files-2.15.so
7fc36bfff000-7fc36c000000 rw-p 0000c000 08:03 21758081                   /lib/x86_64-linux-gnu/libnss_files-2.15.so
7fc36c000000-7fc36cc14000 rw-p 00000000 00:00 0 
7fc36cc14000-7fc370000000 ---p 00000000 00:00 0 
7fc370000000-7fc370003000 r--s 00000000 08:03 19927196                   /var/cache/fontconfig/e13b20fdb08344e0e664864cc2ede53d-le64.cache-3
7fc370003000-7fc370007000 r--s 00000000 08:03 19927452                   /var/cache/fontconfig/7ef2298fde41cc6eeb7af42e48b7d293-le64.cache-3
7fc370007000-7fc37000a000 r--s 00000000 08:03 19927112                   /var/cache/fontconfig/385c0604a188198f04d133e54aba7fe7-le64.cache-3
7fc37000a000-7fc37000b000 r--s 00000000 08:03 19927113                   /var/cache/fontconfig/4794a0821666d79190d59a36cb4f44b5-le64.cache-3
7fc37000b000-7fc37000e000 r--s 00000000 08:03 19927121                   /var/cache/fontconfig/8801497958630a81b71ace7c5f9b32a8-le64.cache-3
7fc37000e000-7fc370041000 rw-p 00000000 00:00 0 
7fc370041000-7fc370089000 rw-p 00000000 00:00 0 
7fc370089000-7fc370093000 r-xp 00000000 08:03 21758077                   /lib/x86_64-linux-gnu/libnss_nis-2.15.so
7fc370093000-7fc370293000 ---p 0000a000 08:03 21758077                   /lib/x86_64-linux-gnu/libnss_nis-2.15.so
7fc370293000-7fc370294000 r--p 0000a000 08:03 21758077                   /lib/x86_64-linux-gnu/libnss_nis-2.15.so
7fc370294000-7fc370295000 rw-p 0000b000 08:03 21758077                   /lib/x86_64-linux-gnu/libnss_nis-2.15.so
7fc370295000-7fc3702ac000 r-xp 00000000 08:03 21761730                   /lib/x86_64-linux-gnu/libnsl-2.15.so
7fc3702ac000-7fc3704ab000 ---p 00017000 08:03 21761730                   /lib/x86_64-linux-gnu/libnsl-2.15.so
7fc3704ab000-7fc3704ac000 r--p 00016000 08:03 21761730                   /lib/x86_64-linux-gnu/libnsl-2.15.so
7fc3704ac000-7fc3704ad000 rw-p 00017000 08:03 21761730                   /lib/x86_64-linux-gnu/libnsl-2.15.so
7fc3704ad000-7fc3704af000 rw-p 00000000 00:00 0 
7fc3704af000-7fc3704b7000 r-xp 00000000 08:03 21758082                   /lib/x86_64-linux-gnu/libnss_compat-2.15.so
7fc3704b7000-7fc3706b6000 ---p 00008000 08:03 21758082                   /lib/x86_64-linux-gnu/libnss_compat-2.15.so
7fc3706b6000-7fc3706b7000 r--p 00007000 08:03 21758082                   /lib/x86_64-linux-gnu/libnss_compat-2.15.so
7fc3706b7000-7fc3706b8000 rw-p 00008000 08:03 21758082                   /lib/x86_64-linux-gnu/libnss_compat-2.15.so
7fc3706b8000-7fc370d9b000 r--p 00000000 08:03 18487587                   /usr/lib/locale/locale-archive
7fc370d9b000-7fc370d9e000 r-xp 00000000 08:03 18618853                   /usr/lib/jvm/java-6-openjdk-amd64/jre/lib/amd64/libnpt.so
7fc370d9e000-7fc370f9d000 ---p 00003000 08:03 18618853                   /usr/lib/jvm/java-6-openjdk-amd64/jre/lib/amd64/libnpt.so
7fc370f9d000-7fc370f9e000 r--p 00002000 08:03 18618853                   /usr/lib/jvm/java-6-openjdk-amd64/jre/lib/amd64/libnpt.so
7fc370f9e000-7fc370f9f000 rw-p 00003000 08:03 18618853                   /usr/lib/jvm/java-6-openjdk-amd64/jre/lib/amd64/libnpt.so
7fc370f9f000-7fc370fd9000 r-xp 00000000 08:03 18618861                   /usr/lib/jvm/java-6-openjdk-amd64/jre/lib/amd64/libjdwp.so
7fc370fd9000-7fc3711d8000 ---p 0003a000 08:03 18618861                   /usr/lib/jvm/java-6-openjdk-amd64/jre/lib/amd64/libjdwp.so
7fc3711d8000-7fc3711d9000 r--p 00039000 08:03 18618861                   /usr/lib/jvm/java-6-openjdk-amd64/jre/lib/amd64/libjdwp.so
7fc3711d9000-7fc3711da000 rw-p 0003a000 08:03 18618861                   /usr/lib/jvm/java-6-openjdk-amd64/jre/lib/amd64/libjdwp.so
7fc3711da000-7fc371206000 r-xp 00000000 08:03 18618873                   /usr/lib/jvm/java-6-openjdk-amd64/jre/lib/amd64/libjava.so
7fc371206000-7fc371405000 ---p 0002c000 08:03 18618873                   /usr/lib/jvm/java-6-openjdk-amd64/jre/lib/amd64/libjava.so
7fc371405000-7fc371406000 r--p 0002b000 08:03 18618873                   /usr/lib/jvm/java-6-openjdk-amd64/jre/lib/amd64/libjava.so
7fc371406000-7fc371409000 rw-p 0002c000 08:03 18618873                   /usr/lib/jvm/java-6-openjdk-amd64/jre/lib/amd64/libjava.so
7fc371409000-7fc371417000 r-xp 00000000 08:03 18618872                   /usr/lib/jvm/java-6-openjdk-amd64/jre/lib/amd64/libverify.so
7fc371417000-7fc371616000 ---p 0000e000 08:03 18618872                   /usr/lib/jvm/java-6-openjdk-amd64/jre/lib/amd64/libverify.so
7fc371616000-7fc371618000 r--p 0000d000 08:03 18618872                   /usr/lib/jvm/java-6-openjdk-amd64/jre/lib/amd64/libverify.so
7fc371618000-7fc371619000 rw-p 0000f000 08:03 18618872                   /usr/lib/jvm/java-6-openjdk-amd64/jre/lib/amd64/libverify.so
7fc371619000-7fc371620000 r-xp 00000000 08:03 21758075                   /lib/x86_64-linux-gnu/librt-2.15.so
7fc371620000-7fc37181f000 ---p 00007000 08:03 21758075                   /lib/x86_64-linux-gnu/librt-2.15.so
7fc37181f000-7fc371820000 r--p 00006000 08:03 21758075                   /lib/x86_64-linux-gnu/librt-2.15.so
7fc371820000-7fc371821000 rw-p 00007000 08:03 21758075                   /lib/x86_64-linux-gnu/librt-2.15.so
7fc371821000-7fc371836000 r-xp 00000000 08:03 21761542                   /lib/x86_64-linux-gnu/libgcc_s.so.1
7fc371836000-7fc371a35000 ---p 00015000 08:03 21761542                   /lib/x86_64-linux-gnu/libgcc_s.so.1
7fc371a35000-7fc371a36000 r--p 00014000 08:03 21761542                   /lib/x86_64-linux-gnu/libgcc_s.so.1
7fc371a36000-7fc371a37000 rw-p 00015000 08:03 21761542                   /lib/x86_64-linux-gnu/libgcc_s.so.1
7fc371a37000-7fc371b30000 r-xp 00000000 08:03 21758079                   /lib/x86_64-linux-gnu/libm-2.15.so
7fc371b30000-7fc371d2f000 ---p 000f9000 08:03 21758079                   /lib/x86_64-linux-gnu/libm-2.15.so
7fc371d2f000-7fc371d30000 r--p 000f8000 08:03 21758079                   /lib/x86_64-linux-gnu/libm-2.15.so
7fc371d30000-7fc371d31000 rw-p 000f9000 08:03 21758079                   /lib/x86_64-linux-gnu/libm-2.15.so
7fc371d31000-7fc371e13000 r-xp 00000000 08:03 18488773                   /usr/lib/x86_64-linux-gnu/libstdc++.so.6.0.16
7fc371e13000-7fc372012000 ---p 000e2000 08:03 18488773                   /usr/lib/x86_64-linux-gnu/libstdc++.so.6.0.16
7fc372012000-7fc37201a000 r--p 000e1000 08:03 18488773                   /usr/lib/x86_64-linux-gnu/libstdc++.so.6.0.16
7fc37201a000-7fc37201c000 rw-p 000e9000 08:03 18488773                   /usr/lib/x86_64-linux-gnu/libstdc++.so.6.0.16
7fc37201c000-7fc372031000 rw-p 00000000 00:00 0 
7fc372031000-7fc372935000 r-xp 00000000 08:03 18618878                   /usr/lib/jvm/java-6-openjdk-amd64/jre/lib/amd64/server/libjvm.so
7fc372935000-7fc372b35000 ---p 00904000 08:03 18618878                   /usr/lib/jvm/java-6-openjdk-amd64/jre/lib/amd64/server/libjvm.so
7fc372b35000-7fc372bb5000 r--p 00904000 08:03 18618878                   /usr/lib/jvm/java-6-openjdk-amd64/jre/lib/amd64/server/libjvm.so
7fc372bb5000-7fc372bd0000 rw-p 00984000 08:03 18618878                   /usr/lib/jvm/java-6-openjdk-amd64/jre/lib/amd64/server/libjvm.so
7fc372bd0000-7fc372bf9000 rw-p 00000000 00:00 0 
7fc372bf9000-7fc372c0f000 r-xp 00000000 08:03 21761632                   /lib/x86_64-linux-gnu/libz.so.1.2.3.4
7fc372c0f000-7fc372e0e000 ---p 00016000 08:03 21761632                   /lib/x86_64-linux-gnu/libz.so.1.2.3.4
7fc372e0e000-7fc372e0f000 r--p 00015000 08:03 21761632                   /lib/x86_64-linux-gnu/libz.so.1.2.3.4
7fc372e0f000-7fc372e10000 rw-p 00016000 08:03 21761632                   /lib/x86_64-linux-gnu/libz.so.1.2.3.4
7fc372e10000-7fc372fc5000 r-xp 00000000 08:03 21757975                   /lib/x86_64-linux-gnu/libc-2.15.so
7fc372fc5000-7fc3731c4000 ---p 001b5000 08:03 21757975                   /lib/x86_64-linux-gnu/libc-2.15.so
7fc3731c4000-7fc3731c8000 r--p 001b4000 08:03 21757975                   /lib/x86_64-linux-gnu/libc-2.15.so
7fc3731c8000-7fc3731ca000 rw-p 001b8000 08:03 21757975                   /lib/x86_64-linux-gnu/libc-2.15.so
7fc3731ca000-7fc3731cf000 rw-p 00000000 00:00 0 
7fc3731cf000-7fc3731d1000 r-xp 00000000 08:03 21757964                   /lib/x86_64-linux-gnu/libdl-2.15.so
7fc3731d1000-7fc3733d1000 ---p 00002000 08:03 21757964                   /lib/x86_64-linux-gnu/libdl-2.15.so
7fc3733d1000-7fc3733d2000 r--p 00002000 08:03 21757964                   /lib/x86_64-linux-gnu/libdl-2.15.so
7fc3733d2000-7fc3733d3000 rw-p 00003000 08:03 21757964                   /lib/x86_64-linux-gnu/libdl-2.15.so
7fc3733d3000-7fc3733d7000 r-xp 00000000 08:03 18618855                   /usr/lib/jvm/java-6-openjdk-amd64/jre/lib/amd64/jli/libjli.so
7fc3733d7000-7fc3735d6000 ---p 00004000 08:03 18618855                   /usr/lib/jvm/java-6-openjdk-amd64/jre/lib/amd64/jli/libjli.so
7fc3735d6000-7fc3735d7000 r--p 00003000 08:03 18618855                   /usr/lib/jvm/java-6-openjdk-amd64/jre/lib/amd64/jli/libjli.so
7fc3735d7000-7fc3735d8000 rw-p 00004000 08:03 18618855                   /usr/lib/jvm/java-6-openjdk-amd64/jre/lib/amd64/jli/libjli.so
7fc3735d8000-7fc3735f0000 r-xp 00000000 08:03 21758073                   /lib/x86_64-linux-gnu/libpthread-2.15.so
7fc3735f0000-7fc3737ef000 ---p 00018000 08:03 21758073                   /lib/x86_64-linux-gnu/libpthread-2.15.so
7fc3737ef000-7fc3737f0000 r--p 00017000 08:03 21758073                   /lib/x86_64-linux-gnu/libpthread-2.15.so
7fc3737f0000-7fc3737f1000 rw-p 00018000 08:03 21758073                   /lib/x86_64-linux-gnu/libpthread-2.15.so
7fc3737f1000-7fc3737f5000 rw-p 00000000 00:00 0 
7fc3737f5000-7fc373817000 r-xp 00000000 08:03 21758085                   /lib/x86_64-linux-gnu/ld-2.15.so
7fc373817000-7fc373818000 r--s 00001000 08:03 15598499                   /home/arwilczek90/workspace/Elements/lib/slick/lib/jnlp.jar
7fc373818000-7fc373819000 rw-s 00005000 00:05 10225                      /dev/ati/card0
7fc373819000-7fc37381e000 r--s 00000000 08:03 19927110                   /var/cache/fontconfig/3047814df9a2f067bd2d96a2b9c36e5a-le64.cache-3
7fc37381e000-7fc37381f000 r--s 00000000 08:03 19927115                   /var/cache/fontconfig/56cf4f4769d0f4abc89a4895d7bd3ae1-le64.cache-3
7fc37381f000-7fc373824000 r--s 00000000 08:03 19927125                   /var/cache/fontconfig/b47c4e1ecd0709278f4910c18777a504-le64.cache-3
7fc373824000-7fc373827000 r--s 00000000 08:03 19927196                   /var/cache/fontconfig/e13b20fdb08344e0e664864cc2ede53d-le64.cache-3
7fc373827000-7fc37382b000 r--s 00000000 08:03 19927452                   /var/cache/fontconfig/7ef2298fde41cc6eeb7af42e48b7d293-le64.cache-3
7fc37382b000-7fc37382e000 r--s 0007d000 08:03 18618443                   /usr/lib/jvm/java-6-openjdk-common/jre/lib/jsse.jar
7fc37382e000-7fc373835000 r--s 00073000 08:03 15597691                   /home/arwilczek90/workspace/Elements/lib/lwjgl.jar
7fc373835000-7fc37383f000 rw-p 00000000 00:00 0 
7fc37383f000-7fc3738f5000 rw-p 00000000 00:00 0 
7fc3738f5000-7fc3738f8000 ---p 00000000 00:00 0 
7fc3738f8000-7fc3739fb000 rw-p 00000000 00:00 0 
7fc3739fb000-7fc3739fc000 r--s 00000000 08:03 19927126                   /var/cache/fontconfig/b9d506c9ac06c20b433354fa67a72993-le64.cache-3
7fc3739fc000-7fc3739fe000 r--s 0000f000 08:03 18618803                   /usr/lib/jvm/java-6-openjdk-common/jre/lib/ext/pulse-java.jar
7fc3739fe000-7fc373a01000 r--s 00077000 08:03 18618797                   /usr/lib/jvm/java-6-openjdk-common/jre/lib/ext/localedata.jar
7fc373a01000-7fc373a02000 r--s 00007000 08:03 18748229                   /usr/share/java/java-atk-wrapper.jar
7fc373a02000-7fc373a04000 r--s 00001000 08:03 18618801                   /usr/lib/jvm/java-6-openjdk-common/jre/lib/ext/dnsns.jar
7fc373a04000-7fc373a08000 r--s 00038000 08:03 18618795                   /usr/lib/jvm/java-6-openjdk-common/jre/lib/ext/sunpkcs11.jar
7fc373a08000-7fc373a0b000 r--s 00031000 08:03 18618799                   /usr/lib/jvm/java-6-openjdk-common/jre/lib/ext/sunjce_provider.jar
7fc373a0b000-7fc373a13000 rw-s 00000000 08:03 8126512                    /tmp/hsperfdata_arwilczek90/5674 (deleted)
7fc373a13000-7fc373a14000 rw-p 00000000 00:00 0 
7fc373a14000-7fc373a15000 ---p 00000000 00:00 0 
7fc373a15000-7fc373a17000 rw-p 00000000 00:00 0 
7fc373a17000-7fc373a18000 r--p 00022000 08:03 21758085                   /lib/x86_64-linux-gnu/ld-2.15.so
7fc373a18000-7fc373a1a000 rw-p 00023000 08:03 21758085                   /lib/x86_64-linux-gnu/ld-2.15.so
7ffffcb6e000-7ffffcb8f000 rw-p 00000000 00:00 0                          [stack]
7ffffcbff000-7ffffcc00000 r-xp 00000000 00:00 0                          [vdso]
ffffffffff600000-ffffffffff601000 r-xp 00000000 00:00 0                  [vsyscall]

VM Arguments:
jvm_args: -agentlib:jdwp=transport=dt_socket,suspend=y,address=localhost:55202 -Djava.library.path=/home/arwilczek90/workspace/Elements/lib/slick:/home/arwilczek90/workspace/Elements/lib/slick -Dfile.encoding=UTF-8 
java_command: com.hack.elements.view.Main
Launcher Type: SUN_STANDARD

Environment Variables:
PATH=/usr/lib/lightdm/lightdm:/usr/local/sbin:/usr/local/bin:/usr/sbin:/usr/bin:/sbin:/bin:/usr/games
LD_LIBRARY_PATH=/usr/lib/jvm/java-6-openjdk-amd64/jre/lib/amd64/server:/usr/lib/jvm/java-6-openjdk-amd64/jre/lib/amd64:/usr/lib/jvm/java-6-openjdk-amd64/jre/../lib/amd64
SHELL=/bin/bash
DISPLAY=:0.0

Signal Handlers:
SIGSEGV: [libjvm.so+0x784310], sa_mask[0]=0x7ffbfeff, sa_flags=0x10000004
SIGBUS: [libjvm.so+0x784310], sa_mask[0]=0x7ffbfeff, sa_flags=0x10000004
SIGFPE: [libjvm.so+0x648580], sa_mask[0]=0x7ffbfeff, sa_flags=0x10000004
SIGPIPE: [libjvm.so+0x648580], sa_mask[0]=0x7ffbfeff, sa_flags=0x10000004
SIGXFSZ: [libjvm.so+0x648580], sa_mask[0]=0x7ffbfeff, sa_flags=0x10000004
SIGILL: [libjvm.so+0x648580], sa_mask[0]=0x7ffbfeff, sa_flags=0x10000004
SIGUSR1: SIG_DFL, sa_mask[0]=0x00000000, sa_flags=0x00000000
SIGUSR2: [libjvm.so+0x648730], sa_mask[0]=0x00000004, sa_flags=0x10000004
SIGHUP: [libjvm.so+0x64b250], sa_mask[0]=0x7ffbfeff, sa_flags=0x10000004
SIGINT: [libjvm.so+0x64b250], sa_mask[0]=0x7ffbfeff, sa_flags=0x10000004
SIGTERM: [libjvm.so+0x64b250], sa_mask[0]=0x7ffbfeff, sa_flags=0x10000004
SIGQUIT: [libjvm.so+0x64b250], sa_mask[0]=0x7ffbfeff, sa_flags=0x10000004


---------------  S Y S T E M  ---------------

OS:Ubuntu 12.04 (precise)
uname:Linux 3.2.0-32-generic #51-Ubuntu SMP Wed Sep 26 21:33:09 UTC 2012 x86_64
libc:glibc 2.15 NPTL 2.15 
rlimit: STACK 8192k, CORE 0k, NPROC 59545, NOFILE 4096, AS infinity
load average:0.42 0.38 0.36

/proc/meminfo:
MemTotal:        7639648 kB
MemFree:         4418916 kB
Buffers:           93260 kB
Cached:          1025500 kB
SwapCached:            0 kB
Active:          2149620 kB
Inactive:         644052 kB
Active(anon):    1675368 kB
Inactive(anon):     9940 kB
Active(file):     474252 kB
Inactive(file):   634112 kB
Unevictable:          20 kB
Mlocked:              20 kB
SwapTotal:       3818492 kB
SwapFree:        3818492 kB
Dirty:               168 kB
Writeback:             0 kB
AnonPages:       1674968 kB
Mapped:           303880 kB
Shmem:             10400 kB
Slab:              86704 kB
SReclaimable:      58236 kB
SUnreclaim:        28468 kB
KernelStack:        4088 kB
PageTables:        33680 kB
NFS_Unstable:          0 kB
Bounce:                0 kB
WritebackTmp:          0 kB
CommitLimit:     7638316 kB
Committed_AS:    4230132 kB
VmallocTotal:   34359738367 kB
VmallocUsed:      116912 kB
VmallocChunk:   34359619344 kB
HardwareCorrupted:     0 kB
AnonHugePages:         0 kB
HugePages_Total:       0
HugePages_Free:        0
HugePages_Rsvd:        0
HugePages_Surp:        0
Hugepagesize:       2048 kB
DirectMap4k:      147456 kB
DirectMap2M:     2453504 kB
DirectMap1G:     5242880 kB


CPU:total 4 (4 cores per cpu, 1 threads per core) family 18 model 1 stepping 0, cmov, cx8, fxsr, mmx, sse, sse2, sse3, popcnt, mmxext, 3dnowpref, lzcnt, sse4a

Memory: 4k page, physical 7639648k(4418916k free), swap 3818492k(3818492k free)

vm_info: OpenJDK 64-Bit Server VM (20.0-b12) for linux-amd64 JRE (1.6.0_24-b24), built on Sep  2 2012 19:50:47 by "buildd" with gcc 4.6.3

time: Sat Oct 13 14:16:31 2012
elapsed time: 157 seconds

