#
# A fatal error has been detected by the Java Runtime Environment:
#
#  SIGSEGV (0xb) at pc=0x00007f6fdfaeec58, pid=15362, tid=140118684079872
#
# JRE version: 6.0_24-b24
# Java VM: OpenJDK 64-Bit Server VM (20.0-b12 mixed mode linux-amd64 compressed oops)
# Derivative: IcedTea6 1.11.4
# Distribution: Ubuntu 12.04 LTS, package 6b24-1.11.4-1ubuntu0.12.04.1
# Problematic frame:
# C  [libX11.so.6+0x33c58]  XQueryExtension+0x28
#
# If you would like to submit a bug report, please include
# instructions how to reproduce the bug and visit:
#   https://bugs.launchpad.net/ubuntu/+source/openjdk-6/
#

---------------  T H R E A D  ---------------

Current thread (0x00007f6fe8070000):  VMThread [stack: 0x00007f6fec541000,0x00007f6fec642000] [id=15372]

siginfo:si_signo=SIGSEGV: si_errno=0, si_code=1 (SEGV_MAPERR), si_addr=0xffffffffe8228928

Registers:
RAX=0x00007f6fc0000bd0, RBX=0xffffffffe8227fc0, RCX=0x00007f6fec6406d8, RDX=0x00007f6fec6406d4
RSP=0x00007f6fec640670, RBP=0x00007f6fddbc7932, RSI=0x00007f6fddbc7932, RDI=0xffffffffe8227fc0
R8 =0x00007f6fec6406dc, R9 =0x0000000000000010, R10=0x00007f6ff0227fa8, R11=0x0000000000000000
R12=0x0000000000000000, R13=0x00007f6fddbc7932, R14=0x00007f6fc0000bd0, R15=0x0000000000000000
RIP=0x00007f6fdfaeec58, EFLAGS=0x0000000000010202, CSGSFS=0x0000000000000033, ERR=0x0000000000000005
  TRAPNO=0x000000000000000e

Top of Stack: (sp=0x00007f6fec640670)
0x00007f6fec640670:   0000000000000000 0000003000000003
0x00007f6fec640680:   0000006e0000005b 0000007c00000077
0x00007f6fec640690:   00000000ffffffff ffffffffe8227fc0
0x00007f6fec6406a0:   00007f6fddbc7932 0000000000000000
0x00007f6fec6406b0:   00007f6fddbc7932 00007f6fc0000bd0
0x00007f6fec6406c0:   0000000000000000 00007f6fdfae2c55
0x00007f6fec6406d0:   00007f6ff0a74048 00007f6fddd00520
0x00007f6fec6406e0:   00007f6fddd00520 ffffffffe8227fc0
0x00007f6fec6406f0:   00007f6fe817cd90 00007f6fdfdfc02b
0x00007f6fec640700:   00007f6fefe7a790 000000110000002c
0x00007f6fec640710:   00007f6fec640790 0000000000000000
0x00007f6fec640720:   00007f6fec640790 ffffffffe8227fc0
0x00007f6fec640730:   0000000000000000 00007f6ff0a74048
0x00007f6fec640740:   00007f6fddd19d50 00007f6fddb6e119
0x00007f6fec640750:   0000000000000000 000000000000002c
0x00007f6fec640760:   00007f6fec640790 00007f6fec6407b0
0x00007f6fec640770:   0000000000000000 00007f6ff0a74048
0x00007f6fec640780:   00007f6fe8227b20 00007f6fddb64b42
0x00007f6fec640790:   00007f6fec640980 00007f6fddbc78b1
0x00007f6fec6407a0:   00007f6fec640980 00007f6ff086092d
0x00007f6fec6407b0:   00007f6ff0a752c8 00007f6ff0a75858
0x00007f6fec6407c0:   00007f6ff0a56000 00007f6fe8006a00
0x00007f6fec6407d0:   00007f6fe8007510 00007f6fe8006eb0
0x00007f6fec6407e0:   00007f6fe8007a10 00007f6fe800c6f0
0x00007f6fec6407f0:   00007f6fe8127f70 00007f6fe813e590
0x00007f6fec640800:   00007f6ff0a55000 00007f6fe82246d0
0x00007f6fec640810:   00007f6fe821eff0 00007f6fe821f490
0x00007f6fec640820:   00007f6fe8224ba0 00007f6fe8225040
0x00007f6fec640830:   00007f6fe82254e0 00007f6fe80f9ba0
0x00007f6fec640840:   00007f6fe80eca80 00007f6fe80025e0
0x00007f6fec640850:   00007f6fe8001ec0 00000000013e25f0
0x00007f6fec640860:   00000000013e2b60 00000000013e3570 

Instructions: (pc=0x00007f6fdfaeec58)
0x00007f6fdfaeec38:   24 d8 48 89 fb 4c 89 64 24 e0 4c 89 6c 24 e8 48
0x00007f6fdfaeec48:   89 f5 4c 89 74 24 f0 4c 89 7c 24 f8 48 83 ec 58
0x00007f6fdfaeec58:   48 8b 87 68 09 00 00 49 89 d4 49 89 cd 4d 89 c6
0x00007f6fdfaeec68:   48 85 c0 74 02 ff 10 ba 08 00 00 00 be 62 00 00 

Register to memory mapping:

RAX=0x00007f6fc0000bd0 is an unknown value
RBX=0xffffffffe8227fc0 is an unknown value
RCX=0x00007f6fec6406d8 is an unknown value
RDX=0x00007f6fec6406d4 is an unknown value
RSP=0x00007f6fec640670 is an unknown value
RBP=0x00007f6fddbc7932: <offset 0x96932> in /usr/lib/fglrx/libGL.so.1 at 0x00007f6fddb31000
RSI=0x00007f6fddbc7932: <offset 0x96932> in /usr/lib/fglrx/libGL.so.1 at 0x00007f6fddb31000
RDI=0xffffffffe8227fc0 is an unknown value
R8 =0x00007f6fec6406dc is an unknown value
R9 =0x0000000000000010 is an unknown value
R10=0x00007f6ff0227fa8: <offset 0x3bbfa8> in /lib/x86_64-linux-gnu/libc.so.6 at 0x00007f6fefe6c000
R11=0x0000000000000000 is an unknown value
R12=0x0000000000000000 is an unknown value
R13=0x00007f6fddbc7932: <offset 0x96932> in /usr/lib/fglrx/libGL.so.1 at 0x00007f6fddb31000
R14=0x00007f6fc0000bd0 is an unknown value
R15=0x0000000000000000 is an unknown value


Stack: [0x00007f6fec541000,0x00007f6fec642000],  sp=0x00007f6fec640670,  free space=1021k
Native frames: (J=compiled Java code, j=interpreted, Vv=VM code, C=native code)
C  [libX11.so.6+0x33c58]  XQueryExtension+0x28

VM_Operation (0x00007f6ff0a50680): Exit, mode: safepoint, requested by thread 0x00007f6fe8008800


---------------  P R O C E S S  ---------------

Java Threads: ( => current thread )
  0x00007f6fe8af0800 JavaThread "Thread-2" daemon [_thread_blocked, id=15383, stack(0x00007f6fdce35000,0x00007f6fdcf36000)]
  0x00007f6fe8224000 JavaThread "AWT-XAWT" daemon [_thread_in_native, id=15382, stack(0x00007f6fde48c000,0x00007f6fde58d000)]
  0x00007f6fe814f800 JavaThread "Java2D Disposer" daemon [_thread_blocked, id=15380, stack(0x00007f6fe40d5000,0x00007f6fe41d6000)]
  0x00007f6fe809e800 JavaThread "Low Memory Detector" daemon [_thread_blocked, id=15378, stack(0x00007f6fe481c000,0x00007f6fe491d000)]
  0x00007f6fe809c000 JavaThread "C2 CompilerThread1" daemon [_thread_blocked, id=15377, stack(0x00007f6fec03c000,0x00007f6fec13d000)]
  0x00007f6fe8099800 JavaThread "C2 CompilerThread0" daemon [_thread_blocked, id=15376, stack(0x00007f6fec13d000,0x00007f6fec23e000)]
  0x00007f6fe8079000 JavaThread "Finalizer" daemon [_thread_blocked, id=15374, stack(0x00007f6fec33f000,0x00007f6fec440000)]
  0x00007f6fe8077000 JavaThread "Reference Handler" daemon [_thread_blocked, id=15373, stack(0x00007f6fec440000,0x00007f6fec541000)]
  0x00007f6fe8008800 JavaThread "main" [_thread_blocked, id=15367, stack(0x00007f6ff0951000,0x00007f6ff0a52000)]

Other Threads:
=>0x00007f6fe8070000 VMThread [stack: 0x00007f6fec541000,0x00007f6fec642000] [id=15372]

VM state:at safepoint (shutting down)

VM Mutex/Monitor currently owned by a thread:  ([mutex/lock_event])
[0x00007f6fe8004dd0] Threads_lock - owner thread: 0x00007f6fe8070000

Heap
 PSYoungGen      total 34880K, used 19486K [0x00000000d9200000, 0x00000000db8e0000, 0x0000000100000000)
  eden space 29952K, 59% used [0x00000000d9200000,0x00000000da34bb48,0x00000000daf40000)
  from space 4928K, 36% used [0x00000000daf40000,0x00000000db0fc040,0x00000000db410000)
  to   space 4928K, 0% used [0x00000000db410000,0x00000000db410000,0x00000000db8e0000)
 PSOldGen        total 79616K, used 0K [0x000000008b600000, 0x00000000903c0000, 0x00000000d9200000)
  object space 79616K, 0% used [0x000000008b600000,0x000000008b600000,0x00000000903c0000)
 PSPermGen       total 21248K, used 11428K [0x0000000081000000, 0x00000000824c0000, 0x000000008b600000)
  object space 21248K, 53% used [0x0000000081000000,0x0000000081b29168,0x00000000824c0000)

Code Cache  [0x00007f6fe5000000, 0x00007f6fe5270000, 0x00007f6fe8000000)
 total_blobs=644 nmethods=159 adapters=439 free_code_cache=49535936 largest_free_block=6912

Dynamic libraries:
00400000-00409000 r-xp 00000000 08:03 18618890                           /usr/lib/jvm/java-6-openjdk-amd64/jre/bin/java
00608000-00609000 r--p 00008000 08:03 18618890                           /usr/lib/jvm/java-6-openjdk-amd64/jre/bin/java
00609000-0060a000 rw-p 00009000 08:03 18618890                           /usr/lib/jvm/java-6-openjdk-amd64/jre/bin/java
013e2000-01403000 rw-p 00000000 00:00 0                                  [heap]
81000000-824c0000 rw-p 00000000 00:00 0 
824c0000-8b600000 rw-p 00000000 00:00 0 
8b600000-903c0000 rw-p 00000000 00:00 0 
903c0000-d9200000 rw-p 00000000 00:00 0 
d9200000-db8e0000 rw-p 00000000 00:00 0 
db8e0000-100000000 rw-p 00000000 00:00 0 
7f6f90000000-7f6f90021000 rw-p 00000000 00:00 0 
7f6f90021000-7f6f94000000 ---p 00000000 00:00 0 
7f6f98000000-7f6f98021000 rw-p 00000000 00:00 0 
7f6f98021000-7f6f9c000000 ---p 00000000 00:00 0 
7f6f9c000000-7f6f9c021000 rw-p 00000000 00:00 0 
7f6f9c021000-7f6fa0000000 ---p 00000000 00:00 0 
7f6fa0000000-7f6fa0021000 rw-p 00000000 00:00 0 
7f6fa0021000-7f6fa4000000 ---p 00000000 00:00 0 
7f6fa4000000-7f6fa4021000 rw-p 00000000 00:00 0 
7f6fa4021000-7f6fa8000000 ---p 00000000 00:00 0 
7f6fa8000000-7f6fa8021000 rw-p 00000000 00:00 0 
7f6fa8021000-7f6fac000000 ---p 00000000 00:00 0 
7f6fac000000-7f6fac021000 rw-p 00000000 00:00 0 
7f6fac021000-7f6fb0000000 ---p 00000000 00:00 0 
7f6fb0000000-7f6fb05f8000 rw-p 00000000 00:00 0 
7f6fb05f8000-7f6fb4000000 ---p 00000000 00:00 0 
7f6fb4000000-7f6fb414e000 rw-p 00000000 00:00 0 
7f6fb414e000-7f6fb8000000 ---p 00000000 00:00 0 
7f6fb8000000-7f6fb8021000 rw-p 00000000 00:00 0 
7f6fb8021000-7f6fbc000000 ---p 00000000 00:00 0 
7f6fbc000000-7f6fbc021000 rw-p 00000000 00:00 0 
7f6fbc021000-7f6fc0000000 ---p 00000000 00:00 0 
7f6fc0000000-7f6fc0021000 rw-p 00000000 00:00 0 
7f6fc0021000-7f6fc4000000 ---p 00000000 00:00 0 
7f6fc4000000-7f6fc4021000 rw-p 00000000 00:00 0 
7f6fc4021000-7f6fc8000000 ---p 00000000 00:00 0 
7f6fc8000000-7f6fc8021000 rw-p 00000000 00:00 0 
7f6fc8021000-7f6fcc000000 ---p 00000000 00:00 0 
7f6fd0000000-7f6fd0021000 rw-p 00000000 00:00 0 
7f6fd0021000-7f6fd4000000 ---p 00000000 00:00 0 
7f6fd5d32000-7f6fd7c8c000 r-xp 00000000 08:03 19009510                   /usr/lib/fglrx/dri/fglrx_dri.so
7f6fd7c8c000-7f6fd7d8c000 ---p 01f5a000 08:03 19009510                   /usr/lib/fglrx/dri/fglrx_dri.so
7f6fd7d8c000-7f6fd7eda000 rwxp 01f5a000 08:03 19009510                   /usr/lib/fglrx/dri/fglrx_dri.so
7f6fd7eda000-7f6fd8000000 rwxp 00000000 00:00 0 
7f6fd8000000-7f6fd8021000 rw-p 00000000 00:00 0 
7f6fd8021000-7f6fdc000000 ---p 00000000 00:00 0 
7f6fdcb28000-7f6fdcb2b000 ---p 00000000 00:00 0 
7f6fdcb2b000-7f6fdcc29000 rw-p 00000000 00:00 0 
7f6fdcc29000-7f6fdcc2c000 ---p 00000000 00:00 0 
7f6fdcc2c000-7f6fdcd2a000 rw-p 00000000 00:00 0 
7f6fdcd2a000-7f6fdcd32000 r--s 00067000 08:03 15598510                   /home/arwilczek90/workspace/Elements/lib/slick/lib/slick-sources.jar
7f6fdcd32000-7f6fdcd35000 r-xp 00000000 08:03 15602613                   /home/arwilczek90/workspace/Elements/lib/slick/libjinput-linux64.so
7f6fdcd35000-7f6fdce34000 ---p 00003000 08:03 15602613                   /home/arwilczek90/workspace/Elements/lib/slick/libjinput-linux64.so
7f6fdce34000-7f6fdce35000 rw-p 00002000 08:03 15602613                   /home/arwilczek90/workspace/Elements/lib/slick/libjinput-linux64.so
7f6fdce35000-7f6fdce38000 ---p 00000000 00:00 0 
7f6fdce38000-7f6fdcf36000 rw-p 00000000 00:00 0 
7f6fdcf76000-7f6fdd676000 rw-s 00006000 00:05 10225                      /dev/ati/card0
7f6fdd676000-7f6fdd678000 r-xp 00000000 08:03 18488267                   /usr/lib/x86_64-linux-gnu/libXinerama.so.1.0.0
7f6fdd678000-7f6fdd877000 ---p 00002000 08:03 18488267                   /usr/lib/x86_64-linux-gnu/libXinerama.so.1.0.0
7f6fdd877000-7f6fdd878000 r--p 00001000 08:03 18488267                   /usr/lib/x86_64-linux-gnu/libXinerama.so.1.0.0
7f6fdd878000-7f6fdd879000 rw-p 00002000 08:03 18488267                   /usr/lib/x86_64-linux-gnu/libXinerama.so.1.0.0
7f6fdd879000-7f6fdd8b4000 r-xp 00000000 08:03 19009508                   /usr/lib/fglrx/libatiadlxx.so
7f6fdd8b4000-7f6fdd9b4000 ---p 0003b000 08:03 19009508                   /usr/lib/fglrx/libatiadlxx.so
7f6fdd9b4000-7f6fdd9bd000 rw-p 0003b000 08:03 19009508                   /usr/lib/fglrx/libatiadlxx.so
7f6fdd9bd000-7f6fdd9ce000 rw-p 00000000 00:00 0 
7f6fdd9cf000-7f6fdd9d1000 r--s 00015000 08:03 15598514                   /home/arwilczek90/workspace/Elements/lib/slick/lib/tinylinepp.jar
7f6fdd9d1000-7f6fdd9d4000 r--s 00015000 08:03 15598512                   /home/arwilczek90/workspace/Elements/lib/slick/lib/slick-util.jar
7f6fdd9d4000-7f6fdd9d5000 r--s 00000000 08:03 15598509                   /home/arwilczek90/workspace/Elements/lib/slick/lib/slick-examples.jar
7f6fdd9d5000-7f6fdd9d6000 r--s 00003000 08:03 15598508                   /home/arwilczek90/workspace/Elements/lib/slick/lib/scalar.jar
7f6fdd9d6000-7f6fdd9d9000 r--s 00017000 08:03 15598507                   /home/arwilczek90/workspace/Elements/lib/slick/lib/pedigree.jar
7f6fdd9d9000-7f6fdd9e4000 r--s 00093000 08:03 15598513                   /home/arwilczek90/workspace/Elements/lib/slick/lib/slick.jar
7f6fdd9e4000-7f6fdd9e6000 r--s 00004000 08:03 15598506                   /home/arwilczek90/workspace/Elements/lib/slick/lib/packulike.jar
7f6fdd9e6000-7f6fdd9e8000 r--s 00033000 08:03 15598504                   /home/arwilczek90/workspace/Elements/lib/slick/lib/natives-mac.jar
7f6fdd9e8000-7f6fdda28000 rw-s f0300000 00:05 10225                      /dev/ati/card0
7f6fdda28000-7f6fdda2f000 r-xp 00000000 08:03 19009532                   /usr/lib/fglrx/libatiuki.so.1.0
7f6fdda2f000-7f6fddb2f000 ---p 00007000 08:03 19009532                   /usr/lib/fglrx/libatiuki.so.1.0
7f6fddb2f000-7f6fddb30000 rw-p 00007000 08:03 19009532                   /usr/lib/fglrx/libatiuki.so.1.0
7f6fddb30000-7f6fddb31000 rw-p 00000000 00:00 0 
7f6fddb31000-7f6fddbf4000 r-xp 00000000 08:03 19009512                   /usr/lib/fglrx/libGL.so.1.2
7f6fddbf4000-7f6fddcf3000 ---p 000c3000 08:03 19009512                   /usr/lib/fglrx/libGL.so.1.2
7f6fddcf3000-7f6fddd1a000 rwxp 000c2000 08:03 19009512                   /usr/lib/fglrx/libGL.so.1.2
7f6fddd1a000-7f6fddd3a000 rwxp 00000000 00:00 0 
7f6fddd3a000-7f6fddd3b000 r-xp 00000000 08:03 18618886                   /usr/lib/jvm/java-6-openjdk-amd64/jre/lib/amd64/libjawt.so
7f6fddd3b000-7f6fddf3a000 ---p 00001000 08:03 18618886                   /usr/lib/jvm/java-6-openjdk-amd64/jre/lib/amd64/libjawt.so
7f6fddf3a000-7f6fddf3b000 r--p 00000000 08:03 18618886                   /usr/lib/jvm/java-6-openjdk-amd64/jre/lib/amd64/libjawt.so
7f6fddf3b000-7f6fddf3c000 rw-p 00001000 08:03 18618886                   /usr/lib/jvm/java-6-openjdk-amd64/jre/lib/amd64/libjawt.so
7f6fddf3c000-7f6fddf40000 r-xp 00000000 08:03 18488287                   /usr/lib/x86_64-linux-gnu/libXxf86vm.so.1.0.0
7f6fddf40000-7f6fde13f000 ---p 00004000 08:03 18488287                   /usr/lib/x86_64-linux-gnu/libXxf86vm.so.1.0.0
7f6fde13f000-7f6fde140000 r--p 00003000 08:03 18488287                   /usr/lib/x86_64-linux-gnu/libXxf86vm.so.1.0.0
7f6fde140000-7f6fde141000 rw-p 00004000 08:03 18488287                   /usr/lib/x86_64-linux-gnu/libXxf86vm.so.1.0.0
7f6fde141000-7f6fde149000 r-xp 00000000 08:03 18488277                   /usr/lib/x86_64-linux-gnu/libXrandr.so.2.2.0
7f6fde149000-7f6fde348000 ---p 00008000 08:03 18488277                   /usr/lib/x86_64-linux-gnu/libXrandr.so.2.2.0
7f6fde348000-7f6fde349000 r--p 00007000 08:03 18488277                   /usr/lib/x86_64-linux-gnu/libXrandr.so.2.2.0
7f6fde349000-7f6fde34a000 rw-p 00008000 08:03 18488277                   /usr/lib/x86_64-linux-gnu/libXrandr.so.2.2.0
7f6fde34a000-7f6fde38a000 r-xp 00000000 08:03 15602617                   /home/arwilczek90/workspace/Elements/lib/slick/liblwjgl64.so
7f6fde38a000-7f6fde48a000 ---p 00040000 08:03 15602617                   /home/arwilczek90/workspace/Elements/lib/slick/liblwjgl64.so
7f6fde48a000-7f6fde48c000 rw-p 00040000 08:03 15602617                   /home/arwilczek90/workspace/Elements/lib/slick/liblwjgl64.so
7f6fde48c000-7f6fde48f000 ---p 00000000 00:00 0 
7f6fde48f000-7f6fde58d000 rw-p 00000000 00:00 0 
7f6fde58d000-7f6fde592000 r-xp 00000000 08:03 18488261                   /usr/lib/x86_64-linux-gnu/libXfixes.so.3.1.0
7f6fde592000-7f6fde791000 ---p 00005000 08:03 18488261                   /usr/lib/x86_64-linux-gnu/libXfixes.so.3.1.0
7f6fde791000-7f6fde792000 r--p 00004000 08:03 18488261                   /usr/lib/x86_64-linux-gnu/libXfixes.so.3.1.0
7f6fde792000-7f6fde793000 rw-p 00005000 08:03 18488261                   /usr/lib/x86_64-linux-gnu/libXfixes.so.3.1.0
7f6fde793000-7f6fde79c000 r-xp 00000000 08:03 18488253                   /usr/lib/x86_64-linux-gnu/libXcursor.so.1.0.2
7f6fde79c000-7f6fde99b000 ---p 00009000 08:03 18488253                   /usr/lib/x86_64-linux-gnu/libXcursor.so.1.0.2
7f6fde99b000-7f6fde99c000 r--p 00008000 08:03 18488253                   /usr/lib/x86_64-linux-gnu/libXcursor.so.1.0.2
7f6fde99c000-7f6fde99d000 rw-p 00009000 08:03 18488253                   /usr/lib/x86_64-linux-gnu/libXcursor.so.1.0.2
7f6fde99d000-7f6fdea33000 r-xp 00000000 08:03 18488439                   /usr/lib/x86_64-linux-gnu/libfreetype.so.6.8.0
7f6fdea33000-7f6fdec32000 ---p 00096000 08:03 18488439                   /usr/lib/x86_64-linux-gnu/libfreetype.so.6.8.0
7f6fdec32000-7f6fdec38000 r--p 00095000 08:03 18488439                   /usr/lib/x86_64-linux-gnu/libfreetype.so.6.8.0
7f6fdec38000-7f6fdec39000 rw-p 0009b000 08:03 18488439                   /usr/lib/x86_64-linux-gnu/libfreetype.so.6.8.0
7f6fdec39000-7f6fdec73000 r-xp 00000000 08:03 18618871                   /usr/lib/jvm/java-6-openjdk-amd64/jre/lib/amd64/libfontmanager.so
7f6fdec73000-7f6fdee72000 ---p 0003a000 08:03 18618871                   /usr/lib/jvm/java-6-openjdk-amd64/jre/lib/amd64/libfontmanager.so
7f6fdee72000-7f6fdee74000 r--p 00039000 08:03 18618871                   /usr/lib/jvm/java-6-openjdk-amd64/jre/lib/amd64/libfontmanager.so
7f6fdee74000-7f6fdee75000 rw-p 0003b000 08:03 18618871                   /usr/lib/jvm/java-6-openjdk-amd64/jre/lib/amd64/libfontmanager.so
7f6fdee75000-7f6fdee7a000 r-xp 00000000 08:03 18488257                   /usr/lib/x86_64-linux-gnu/libXdmcp.so.6.0.0
7f6fdee7a000-7f6fdf079000 ---p 00005000 08:03 18488257                   /usr/lib/x86_64-linux-gnu/libXdmcp.so.6.0.0
7f6fdf079000-7f6fdf07a000 r--p 00004000 08:03 18488257                   /usr/lib/x86_64-linux-gnu/libXdmcp.so.6.0.0
7f6fdf07a000-7f6fdf07b000 rw-p 00005000 08:03 18488257                   /usr/lib/x86_64-linux-gnu/libXdmcp.so.6.0.0
7f6fdf07b000-7f6fdf07d000 r-xp 00000000 08:03 18488246                   /usr/lib/x86_64-linux-gnu/libXau.so.6.0.0
7f6fdf07d000-7f6fdf27c000 ---p 00002000 08:03 18488246                   /usr/lib/x86_64-linux-gnu/libXau.so.6.0.0
7f6fdf27c000-7f6fdf27d000 r--p 00001000 08:03 18488246                   /usr/lib/x86_64-linux-gnu/libXau.so.6.0.0
7f6fdf27d000-7f6fdf27e000 rw-p 00002000 08:03 18488246                   /usr/lib/x86_64-linux-gnu/libXau.so.6.0.0
7f6fdf27e000-7f6fdf29b000 r-xp 00000000 08:03 18488845                   /usr/lib/x86_64-linux-gnu/libxcb.so.1.1.0
7f6fdf29b000-7f6fdf49a000 ---p 0001d000 08:03 18488845                   /usr/lib/x86_64-linux-gnu/libxcb.so.1.1.0
7f6fdf49a000-7f6fdf49b000 r--p 0001c000 08:03 18488845                   /usr/lib/x86_64-linux-gnu/libxcb.so.1.1.0
7f6fdf49b000-7f6fdf49c000 rw-p 0001d000 08:03 18488845                   /usr/lib/x86_64-linux-gnu/libxcb.so.1.1.0
7f6fdf49c000-7f6fdf4aa000 r-xp 00000000 08:03 18488265                   /usr/lib/x86_64-linux-gnu/libXi.so.6.1.0
7f6fdf4aa000-7f6fdf6a9000 ---p 0000e000 08:03 18488265                   /usr/lib/x86_64-linux-gnu/libXi.so.6.1.0
7f6fdf6a9000-7f6fdf6aa000 r--p 0000d000 08:03 18488265                   /usr/lib/x86_64-linux-gnu/libXi.so.6.1.0
7f6fdf6aa000-7f6fdf6ab000 rw-p 0000e000 08:03 18488265                   /usr/lib/x86_64-linux-gnu/libXi.so.6.1.0
7f6fdf6ab000-7f6fdf6b0000 r-xp 00000000 08:03 18488283                   /usr/lib/x86_64-linux-gnu/libXtst.so.6.1.0
7f6fdf6b0000-7f6fdf8af000 ---p 00005000 08:03 18488283                   /usr/lib/x86_64-linux-gnu/libXtst.so.6.1.0
7f6fdf8af000-7f6fdf8b0000 r--p 00004000 08:03 18488283                   /usr/lib/x86_64-linux-gnu/libXtst.so.6.1.0
7f6fdf8b0000-7f6fdf8b1000 rw-p 00005000 08:03 18488283                   /usr/lib/x86_64-linux-gnu/libXtst.so.6.1.0
7f6fdf8b1000-7f6fdf8ba000 r-xp 00000000 08:03 18488279                   /usr/lib/x86_64-linux-gnu/libXrender.so.1.3.0
7f6fdf8ba000-7f6fdfab9000 ---p 00009000 08:03 18488279                   /usr/lib/x86_64-linux-gnu/libXrender.so.1.3.0
7f6fdfab9000-7f6fdfaba000 r--p 00008000 08:03 18488279                   /usr/lib/x86_64-linux-gnu/libXrender.so.1.3.0
7f6fdfaba000-7f6fdfabb000 rw-p 00009000 08:03 18488279                   /usr/lib/x86_64-linux-gnu/libXrender.so.1.3.0
7f6fdfabb000-7f6fdfbea000 r-xp 00000000 08:03 18488244                   /usr/lib/x86_64-linux-gnu/libX11.so.6.3.0
7f6fdfbea000-7f6fdfdea000 ---p 0012f000 08:03 18488244                   /usr/lib/x86_64-linux-gnu/libX11.so.6.3.0
7f6fdfdea000-7f6fdfdeb000 r--p 0012f000 08:03 18488244                   /usr/lib/x86_64-linux-gnu/libX11.so.6.3.0
7f6fdfdeb000-7f6fdfdef000 rw-p 00130000 08:03 18488244                   /usr/lib/x86_64-linux-gnu/libX11.so.6.3.0
7f6fdfdef000-7f6fdfdff000 r-xp 00000000 08:03 18488259                   /usr/lib/x86_64-linux-gnu/libXext.so.6.4.0
7f6fdfdff000-7f6fdfffe000 ---p 00010000 08:03 18488259                   /usr/lib/x86_64-linux-gnu/libXext.so.6.4.0
7f6fdfffe000-7f6fdffff000 r--p 0000f000 08:03 18488259                   /usr/lib/x86_64-linux-gnu/libXext.so.6.4.0
7f6fdffff000-7f6fe0000000 rw-p 00010000 08:03 18488259                   /usr/lib/x86_64-linux-gnu/libXext.so.6.4.0
7f6fe0000000-7f6fe0021000 rw-p 00000000 00:00 0 
7f6fe0021000-7f6fe4000000 ---p 00000000 00:00 0 
7f6fe4000000-7f6fe4001000 r--s 00043000 08:03 15598505                   /home/arwilczek90/workspace/Elements/lib/slick/lib/natives-win32.jar
7f6fe4001000-7f6fe4002000 r--s 0003d000 08:03 15598503                   /home/arwilczek90/workspace/Elements/lib/slick/lib/natives-linux.jar
7f6fe4002000-7f6fe4009000 r--s 00073000 08:03 15598502                   /home/arwilczek90/workspace/Elements/lib/slick/lib/lwjgl.jar
7f6fe4009000-7f6fe400b000 r--s 0000d000 08:03 15598501                   /home/arwilczek90/workspace/Elements/lib/slick/lib/jorbis-0.0.15.jar
7f6fe400b000-7f6fe400c000 r--s 00001000 08:03 15598500                   /home/arwilczek90/workspace/Elements/lib/slick/lib/jogg-0.0.7.jar
7f6fe400c000-7f6fe400d000 r--s 00001000 08:03 15598499                   /home/arwilczek90/workspace/Elements/lib/slick/lib/jnlp.jar
7f6fe400d000-7f6fe4012000 r--s 0002f000 08:03 15598498                   /home/arwilczek90/workspace/Elements/lib/slick/lib/jinput.jar
7f6fe4012000-7f6fe4014000 r--s 00008000 08:03 15598497                   /home/arwilczek90/workspace/Elements/lib/slick/lib/ibxm.jar
7f6fe4014000-7f6fe4017000 r--s 0005b000 08:03 15598496                   /home/arwilczek90/workspace/Elements/lib/slick/lib/hiero.jar
7f6fe4017000-7f6fe4018000 r--s 00007000 08:03 15597697                   /home/arwilczek90/workspace/Elements/lib/slick/applet/lwjgl_util_applet.jar
7f6fe4018000-7f6fe4019000 rw-s 00005000 00:05 10225                      /dev/ati/card0
7f6fe4019000-7f6fe401b000 rw-s 00002000 00:05 10225                      /dev/ati/card0
7f6fe401b000-7f6fe4026000 r--s 00093000 08:03 15597692                   /home/arwilczek90/workspace/Elements/lib/slick.jar
7f6fe4026000-7f6fe402d000 r--s 000fb000 08:03 18618812                   /usr/lib/jvm/java-6-openjdk-common/jre/lib/resources.jar
7f6fe402d000-7f6fe402e000 r--s 00000000 08:03 19927127                   /var/cache/fontconfig/c05880de57d1f5e948fdfacc138775d9-le64.cache-3
7f6fe402e000-7f6fe4037000 r--s 00000000 08:03 19927122                   /var/cache/fontconfig/945677eb7aeaf62f1d50efc3fb3ec7d8-le64.cache-3
7f6fe4037000-7f6fe4039000 r--s 00000000 08:03 19927123                   /var/cache/fontconfig/99e8ed0e538f840c565b6ed5dad60d56-le64.cache-3
7f6fe4039000-7f6fe403d000 r--s 00000000 08:03 19927109                   /var/cache/fontconfig/2cd17615ca594fa2959ae173292e504c-le64.cache-3
7f6fe403d000-7f6fe403e000 r--s 00000000 08:03 19927134                   /var/cache/fontconfig/e7071f4a29fa870f4323321c154eba04-le64.cache-3
7f6fe403e000-7f6fe403f000 r--s 00000000 08:03 19927107                   /var/cache/fontconfig/0d8c3b2ac0904cb8a57a757ad11a4a08-le64.cache-3
7f6fe403f000-7f6fe4045000 r--s 00000000 08:03 19927124                   /var/cache/fontconfig/a755afe4a08bf5b97852ceb7400b47bc-le64.cache-3
7f6fe4045000-7f6fe404e000 r--s 00000000 08:03 19927460                   /var/cache/fontconfig/6d41288fd70b0be22e8c3a91e032eec0-le64.cache-3
7f6fe404e000-7f6fe405e000 r--s 00000000 08:03 19927106                   /var/cache/fontconfig/04aabc0a78ac019cf9454389977116d2-le64.cache-3
7f6fe405e000-7f6fe4061000 r--s 00000000 08:03 19927112                   /var/cache/fontconfig/385c0604a188198f04d133e54aba7fe7-le64.cache-3
7f6fe4061000-7f6fe4062000 r--s 00000000 08:03 19927113                   /var/cache/fontconfig/4794a0821666d79190d59a36cb4f44b5-le64.cache-3
7f6fe4062000-7f6fe4065000 r--s 00000000 08:03 19927121                   /var/cache/fontconfig/8801497958630a81b71ace7c5f9b32a8-le64.cache-3
7f6fe4065000-7f6fe4093000 r--s 00000000 08:03 19927454                   /var/cache/fontconfig/365b55f210c0a22e9a19e35191240f32-le64.cache-3
7f6fe4093000-7f6fe4098000 r--s 00000000 08:03 19927110                   /var/cache/fontconfig/3047814df9a2f067bd2d96a2b9c36e5a-le64.cache-3
7f6fe4098000-7f6fe4099000 r--s 00000000 08:03 19927115                   /var/cache/fontconfig/56cf4f4769d0f4abc89a4895d7bd3ae1-le64.cache-3
7f6fe4099000-7f6fe409a000 r--s 00000000 08:03 19927126                   /var/cache/fontconfig/b9d506c9ac06c20b433354fa67a72993-le64.cache-3
7f6fe409a000-7f6fe409f000 r--s 00000000 08:03 19927125                   /var/cache/fontconfig/b47c4e1ecd0709278f4910c18777a504-le64.cache-3
7f6fe409f000-7f6fe40af000 r--s 00000000 08:03 19927130                   /var/cache/fontconfig/d52a8644073d54c13679302ca1180695-le64.cache-3
7f6fe40af000-7f6fe40b2000 r--s 00000000 08:03 19927196                   /var/cache/fontconfig/e13b20fdb08344e0e664864cc2ede53d-le64.cache-3
7f6fe40b2000-7f6fe40b6000 r--s 00000000 08:03 19927452                   /var/cache/fontconfig/7ef2298fde41cc6eeb7af42e48b7d293-le64.cache-3
7f6fe40b6000-7f6fe40bf000 r--s 00000000 08:03 19927122                   /var/cache/fontconfig/945677eb7aeaf62f1d50efc3fb3ec7d8-le64.cache-3
7f6fe40bf000-7f6fe40c5000 r--s 00000000 08:03 19927124                   /var/cache/fontconfig/a755afe4a08bf5b97852ceb7400b47bc-le64.cache-3
7f6fe40c5000-7f6fe40d5000 r--s 00000000 08:03 19927106                   /var/cache/fontconfig/04aabc0a78ac019cf9454389977116d2-le64.cache-3
7f6fe40d5000-7f6fe40d8000 ---p 00000000 00:00 0 
7f6fe40d8000-7f6fe41d6000 rw-p 00000000 00:00 0 
7f6fe41d6000-7f6fe4221000 r-xp 00000000 08:03 18618972                   /usr/lib/jvm/java-6-openjdk-amd64/jre/lib/amd64/xawt/libmawt.so
7f6fe4221000-7f6fe4421000 ---p 0004b000 08:03 18618972                   /usr/lib/jvm/java-6-openjdk-amd64/jre/lib/amd64/xawt/libmawt.so
7f6fe4421000-7f6fe4422000 r--p 0004b000 08:03 18618972                   /usr/lib/jvm/java-6-openjdk-amd64/jre/lib/amd64/xawt/libmawt.so
7f6fe4422000-7f6fe4425000 rw-p 0004c000 08:03 18618972                   /usr/lib/jvm/java-6-openjdk-amd64/jre/lib/amd64/xawt/libmawt.so
7f6fe4425000-7f6fe4426000 rw-p 00000000 00:00 0 
7f6fe4426000-7f6fe44d2000 r-xp 00000000 08:03 18618874                   /usr/lib/jvm/java-6-openjdk-amd64/jre/lib/amd64/libawt.so
7f6fe44d2000-7f6fe46d1000 ---p 000ac000 08:03 18618874                   /usr/lib/jvm/java-6-openjdk-amd64/jre/lib/amd64/libawt.so
7f6fe46d1000-7f6fe46d2000 r--p 000ab000 08:03 18618874                   /usr/lib/jvm/java-6-openjdk-amd64/jre/lib/amd64/libawt.so
7f6fe46d2000-7f6fe46dd000 rw-p 000ac000 08:03 18618874                   /usr/lib/jvm/java-6-openjdk-amd64/jre/lib/amd64/libawt.so
7f6fe46dd000-7f6fe4702000 rw-p 00000000 00:00 0 
7f6fe4702000-7f6fe4705000 r--s 0007d000 08:03 18618443                   /usr/lib/jvm/java-6-openjdk-common/jre/lib/jsse.jar
7f6fe4705000-7f6fe470c000 r--s 00073000 08:03 15597691                   /home/arwilczek90/workspace/Elements/lib/lwjgl.jar
7f6fe470c000-7f6fe470e000 r--s 0000f000 08:03 18618803                   /usr/lib/jvm/java-6-openjdk-common/jre/lib/ext/pulse-java.jar
7f6fe470e000-7f6fe4711000 r--s 00077000 08:03 18618797                   /usr/lib/jvm/java-6-openjdk-common/jre/lib/ext/localedata.jar
7f6fe4711000-7f6fe4712000 r--s 00007000 08:03 18748229                   /usr/share/java/java-atk-wrapper.jar
7f6fe4712000-7f6fe4714000 r--s 00001000 08:03 18618801                   /usr/lib/jvm/java-6-openjdk-common/jre/lib/ext/dnsns.jar
7f6fe4714000-7f6fe4718000 r--s 00038000 08:03 18618795                   /usr/lib/jvm/java-6-openjdk-common/jre/lib/ext/sunpkcs11.jar
7f6fe4718000-7f6fe471b000 r--s 00031000 08:03 18618799                   /usr/lib/jvm/java-6-openjdk-common/jre/lib/ext/sunjce_provider.jar
7f6fe471b000-7f6fe471c000 ---p 00000000 00:00 0 
7f6fe471c000-7f6fe481c000 rw-p 00000000 00:00 0 
7f6fe481c000-7f6fe481f000 ---p 00000000 00:00 0 
7f6fe481f000-7f6fe491d000 rw-p 00000000 00:00 0 
7f6fe491d000-7f6fe5000000 r--p 00000000 08:03 18487587                   /usr/lib/locale/locale-archive
7f6fe5000000-7f6fe5270000 rwxp 00000000 00:00 0 
7f6fe5270000-7f6fe8d68000 rw-p 00000000 00:00 0 
7f6fe8d68000-7f6fec000000 ---p 00000000 00:00 0 
7f6fec000000-7f6fec001000 r--s 00000000 08:03 19927127                   /var/cache/fontconfig/c05880de57d1f5e948fdfacc138775d9-le64.cache-3
7f6fec001000-7f6fec005000 r--s 00000000 08:03 19927109                   /var/cache/fontconfig/2cd17615ca594fa2959ae173292e504c-le64.cache-3
7f6fec005000-7f6fec00e000 r--s 00000000 08:03 19927460                   /var/cache/fontconfig/6d41288fd70b0be22e8c3a91e032eec0-le64.cache-3
7f6fec00e000-7f6fec03c000 r--s 00000000 08:03 19927454                   /var/cache/fontconfig/365b55f210c0a22e9a19e35191240f32-le64.cache-3
7f6fec03c000-7f6fec03f000 ---p 00000000 00:00 0 
7f6fec03f000-7f6fec13d000 rw-p 00000000 00:00 0 
7f6fec13d000-7f6fec140000 ---p 00000000 00:00 0 
7f6fec140000-7f6fec23e000 rw-p 00000000 00:00 0 
7f6fec23e000-7f6fec241000 ---p 00000000 00:00 0 
7f6fec241000-7f6fec33f000 rw-p 00000000 00:00 0 
7f6fec33f000-7f6fec342000 ---p 00000000 00:00 0 
7f6fec342000-7f6fec440000 rw-p 00000000 00:00 0 
7f6fec440000-7f6fec443000 ---p 00000000 00:00 0 
7f6fec443000-7f6fec541000 rw-p 00000000 00:00 0 
7f6fec541000-7f6fec542000 ---p 00000000 00:00 0 
7f6fec542000-7f6fecb7a000 rw-p 00000000 00:00 0 
7f6fecb7a000-7f6fecd0c000 r--s 037bf000 08:03 18618843                   /usr/lib/jvm/java-6-openjdk-amd64/jre/lib/rt.jar
7f6fecd0c000-7f6fecd34000 rw-p 00000000 00:00 0 
7f6fecd34000-7f6fecd35000 ---p 00000000 00:00 0 
7f6fecd35000-7f6fece35000 rw-p 00000000 00:00 0 
7f6fece35000-7f6fece36000 ---p 00000000 00:00 0 
7f6fece36000-7f6fecf36000 rw-p 00000000 00:00 0 
7f6fecf36000-7f6fecf37000 ---p 00000000 00:00 0 
7f6fecf37000-7f6fed037000 rw-p 00000000 00:00 0 
7f6fed037000-7f6fed038000 ---p 00000000 00:00 0 
7f6fed038000-7f6fed143000 rw-p 00000000 00:00 0 
7f6fed143000-7f6fed18b000 rw-p 00000000 00:00 0 
7f6fed18b000-7f6fed1b2000 rw-p 00000000 00:00 0 
7f6fed1b2000-7f6fed3f9000 rw-p 00000000 00:00 0 
7f6fed3f9000-7f6fed404000 rw-p 00000000 00:00 0 
7f6fed404000-7f6fed44c000 rw-p 00000000 00:00 0 
7f6fed44c000-7f6fed473000 rw-p 00000000 00:00 0 
7f6fed473000-7f6fed6ba000 rw-p 00000000 00:00 0 
7f6fed6ba000-7f6fed6ce000 rw-p 00000000 00:00 0 
7f6fed6ce000-7f6fed7f1000 rw-p 00000000 00:00 0 
7f6fed7f1000-7f6fed7f2000 rw-p 00000000 00:00 0 
7f6fed7f2000-7f6fed7f9000 r-xp 00000000 08:03 18618888                   /usr/lib/jvm/java-6-openjdk-amd64/jre/lib/amd64/libzip.so
7f6fed7f9000-7f6fed9f8000 ---p 00007000 08:03 18618888                   /usr/lib/jvm/java-6-openjdk-amd64/jre/lib/amd64/libzip.so
7f6fed9f8000-7f6fed9f9000 r--p 00006000 08:03 18618888                   /usr/lib/jvm/java-6-openjdk-amd64/jre/lib/amd64/libzip.so
7f6fed9f9000-7f6fed9fa000 rw-p 00007000 08:03 18618888                   /usr/lib/jvm/java-6-openjdk-amd64/jre/lib/amd64/libzip.so
7f6fed9fa000-7f6feda06000 r-xp 00000000 08:03 21758081                   /lib/x86_64-linux-gnu/libnss_files-2.15.so
7f6feda06000-7f6fedc05000 ---p 0000c000 08:03 21758081                   /lib/x86_64-linux-gnu/libnss_files-2.15.so
7f6fedc05000-7f6fedc06000 r--p 0000b000 08:03 21758081                   /lib/x86_64-linux-gnu/libnss_files-2.15.so
7f6fedc06000-7f6fedc07000 rw-p 0000c000 08:03 21758081                   /lib/x86_64-linux-gnu/libnss_files-2.15.so
7f6fedc07000-7f6fedc11000 r-xp 00000000 08:03 21758077                   /lib/x86_64-linux-gnu/libnss_nis-2.15.so
7f6fedc11000-7f6fede11000 ---p 0000a000 08:03 21758077                   /lib/x86_64-linux-gnu/libnss_nis-2.15.so
7f6fede11000-7f6fede12000 r--p 0000a000 08:03 21758077                   /lib/x86_64-linux-gnu/libnss_nis-2.15.so
7f6fede12000-7f6fede13000 rw-p 0000b000 08:03 21758077                   /lib/x86_64-linux-gnu/libnss_nis-2.15.so
7f6fede13000-7f6fede2a000 r-xp 00000000 08:03 21761730                   /lib/x86_64-linux-gnu/libnsl-2.15.so
7f6fede2a000-7f6fee029000 ---p 00017000 08:03 21761730                   /lib/x86_64-linux-gnu/libnsl-2.15.so
7f6fee029000-7f6fee02a000 r--p 00016000 08:03 21761730                   /lib/x86_64-linux-gnu/libnsl-2.15.so
7f6fee02a000-7f6fee02b000 rw-p 00017000 08:03 21761730                   /lib/x86_64-linux-gnu/libnsl-2.15.so
7f6fee02b000-7f6fee02d000 rw-p 00000000 00:00 0 
7f6fee02d000-7f6fee035000 r-xp 00000000 08:03 21758082                   /lib/x86_64-linux-gnu/libnss_compat-2.15.so
7f6fee035000-7f6fee234000 ---p 00008000 08:03 21758082                   /lib/x86_64-linux-gnu/libnss_compat-2.15.so
7f6fee234000-7f6fee235000 r--p 00007000 08:03 21758082                   /lib/x86_64-linux-gnu/libnss_compat-2.15.so
7f6fee235000-7f6fee236000 rw-p 00008000 08:03 21758082                   /lib/x86_64-linux-gnu/libnss_compat-2.15.so
7f6fee236000-7f6fee262000 r-xp 00000000 08:03 18618873                   /usr/lib/jvm/java-6-openjdk-amd64/jre/lib/amd64/libjava.so
7f6fee262000-7f6fee461000 ---p 0002c000 08:03 18618873                   /usr/lib/jvm/java-6-openjdk-amd64/jre/lib/amd64/libjava.so
7f6fee461000-7f6fee462000 r--p 0002b000 08:03 18618873                   /usr/lib/jvm/java-6-openjdk-amd64/jre/lib/amd64/libjava.so
7f6fee462000-7f6fee465000 rw-p 0002c000 08:03 18618873                   /usr/lib/jvm/java-6-openjdk-amd64/jre/lib/amd64/libjava.so
7f6fee465000-7f6fee473000 r-xp 00000000 08:03 18618872                   /usr/lib/jvm/java-6-openjdk-amd64/jre/lib/amd64/libverify.so
7f6fee473000-7f6fee672000 ---p 0000e000 08:03 18618872                   /usr/lib/jvm/java-6-openjdk-amd64/jre/lib/amd64/libverify.so
7f6fee672000-7f6fee674000 r--p 0000d000 08:03 18618872                   /usr/lib/jvm/java-6-openjdk-amd64/jre/lib/amd64/libverify.so
7f6fee674000-7f6fee675000 rw-p 0000f000 08:03 18618872                   /usr/lib/jvm/java-6-openjdk-amd64/jre/lib/amd64/libverify.so
7f6fee675000-7f6fee67c000 r-xp 00000000 08:03 21758075                   /lib/x86_64-linux-gnu/librt-2.15.so
7f6fee67c000-7f6fee87b000 ---p 00007000 08:03 21758075                   /lib/x86_64-linux-gnu/librt-2.15.so
7f6fee87b000-7f6fee87c000 r--p 00006000 08:03 21758075                   /lib/x86_64-linux-gnu/librt-2.15.so
7f6fee87c000-7f6fee87d000 rw-p 00007000 08:03 21758075                   /lib/x86_64-linux-gnu/librt-2.15.so
7f6fee87d000-7f6fee892000 r-xp 00000000 08:03 21761542                   /lib/x86_64-linux-gnu/libgcc_s.so.1
7f6fee892000-7f6feea91000 ---p 00015000 08:03 21761542                   /lib/x86_64-linux-gnu/libgcc_s.so.1
7f6feea91000-7f6feea92000 r--p 00014000 08:03 21761542                   /lib/x86_64-linux-gnu/libgcc_s.so.1
7f6feea92000-7f6feea93000 rw-p 00015000 08:03 21761542                   /lib/x86_64-linux-gnu/libgcc_s.so.1
7f6feea93000-7f6feeb8c000 r-xp 00000000 08:03 21758079                   /lib/x86_64-linux-gnu/libm-2.15.so
7f6feeb8c000-7f6feed8b000 ---p 000f9000 08:03 21758079                   /lib/x86_64-linux-gnu/libm-2.15.so
7f6feed8b000-7f6feed8c000 r--p 000f8000 08:03 21758079                   /lib/x86_64-linux-gnu/libm-2.15.so
7f6feed8c000-7f6feed8d000 rw-p 000f9000 08:03 21758079                   /lib/x86_64-linux-gnu/libm-2.15.so
7f6feed8d000-7f6feee6f000 r-xp 00000000 08:03 18488773                   /usr/lib/x86_64-linux-gnu/libstdc++.so.6.0.16
7f6feee6f000-7f6fef06e000 ---p 000e2000 08:03 18488773                   /usr/lib/x86_64-linux-gnu/libstdc++.so.6.0.16
7f6fef06e000-7f6fef076000 r--p 000e1000 08:03 18488773                   /usr/lib/x86_64-linux-gnu/libstdc++.so.6.0.16
7f6fef076000-7f6fef078000 rw-p 000e9000 08:03 18488773                   /usr/lib/x86_64-linux-gnu/libstdc++.so.6.0.16
7f6fef078000-7f6fef08d000 rw-p 00000000 00:00 0 
7f6fef08d000-7f6fef991000 r-xp 00000000 08:03 18618878                   /usr/lib/jvm/java-6-openjdk-amd64/jre/lib/amd64/server/libjvm.so
7f6fef991000-7f6fefb91000 ---p 00904000 08:03 18618878                   /usr/lib/jvm/java-6-openjdk-amd64/jre/lib/amd64/server/libjvm.so
7f6fefb91000-7f6fefc11000 r--p 00904000 08:03 18618878                   /usr/lib/jvm/java-6-openjdk-amd64/jre/lib/amd64/server/libjvm.so
7f6fefc11000-7f6fefc2c000 rw-p 00984000 08:03 18618878                   /usr/lib/jvm/java-6-openjdk-amd64/jre/lib/amd64/server/libjvm.so
7f6fefc2c000-7f6fefc55000 rw-p 00000000 00:00 0 
7f6fefc55000-7f6fefc6b000 r-xp 00000000 08:03 21761632                   /lib/x86_64-linux-gnu/libz.so.1.2.3.4
7f6fefc6b000-7f6fefe6a000 ---p 00016000 08:03 21761632                   /lib/x86_64-linux-gnu/libz.so.1.2.3.4
7f6fefe6a000-7f6fefe6b000 r--p 00015000 08:03 21761632                   /lib/x86_64-linux-gnu/libz.so.1.2.3.4
7f6fefe6b000-7f6fefe6c000 rw-p 00016000 08:03 21761632                   /lib/x86_64-linux-gnu/libz.so.1.2.3.4
7f6fefe6c000-7f6ff0021000 r-xp 00000000 08:03 21757975                   /lib/x86_64-linux-gnu/libc-2.15.so
7f6ff0021000-7f6ff0220000 ---p 001b5000 08:03 21757975                   /lib/x86_64-linux-gnu/libc-2.15.so
7f6ff0220000-7f6ff0224000 r--p 001b4000 08:03 21757975                   /lib/x86_64-linux-gnu/libc-2.15.so
7f6ff0224000-7f6ff0226000 rw-p 001b8000 08:03 21757975                   /lib/x86_64-linux-gnu/libc-2.15.so
7f6ff0226000-7f6ff022b000 rw-p 00000000 00:00 0 
7f6ff022b000-7f6ff022d000 r-xp 00000000 08:03 21757964                   /lib/x86_64-linux-gnu/libdl-2.15.so
7f6ff022d000-7f6ff042d000 ---p 00002000 08:03 21757964                   /lib/x86_64-linux-gnu/libdl-2.15.so
7f6ff042d000-7f6ff042e000 r--p 00002000 08:03 21757964                   /lib/x86_64-linux-gnu/libdl-2.15.so
7f6ff042e000-7f6ff042f000 rw-p 00003000 08:03 21757964                   /lib/x86_64-linux-gnu/libdl-2.15.so
7f6ff042f000-7f6ff0433000 r-xp 00000000 08:03 18618855                   /usr/lib/jvm/java-6-openjdk-amd64/jre/lib/amd64/jli/libjli.so
7f6ff0433000-7f6ff0632000 ---p 00004000 08:03 18618855                   /usr/lib/jvm/java-6-openjdk-amd64/jre/lib/amd64/jli/libjli.so
7f6ff0632000-7f6ff0633000 r--p 00003000 08:03 18618855                   /usr/lib/jvm/java-6-openjdk-amd64/jre/lib/amd64/jli/libjli.so
7f6ff0633000-7f6ff0634000 rw-p 00004000 08:03 18618855                   /usr/lib/jvm/java-6-openjdk-amd64/jre/lib/amd64/jli/libjli.so
7f6ff0634000-7f6ff064c000 r-xp 00000000 08:03 21758073                   /lib/x86_64-linux-gnu/libpthread-2.15.so
7f6ff064c000-7f6ff084b000 ---p 00018000 08:03 21758073                   /lib/x86_64-linux-gnu/libpthread-2.15.so
7f6ff084b000-7f6ff084c000 r--p 00017000 08:03 21758073                   /lib/x86_64-linux-gnu/libpthread-2.15.so
7f6ff084c000-7f6ff084d000 rw-p 00018000 08:03 21758073                   /lib/x86_64-linux-gnu/libpthread-2.15.so
7f6ff084d000-7f6ff0851000 rw-p 00000000 00:00 0 
7f6ff0851000-7f6ff0873000 r-xp 00000000 08:03 21758085                   /lib/x86_64-linux-gnu/ld-2.15.so
7f6ff0873000-7f6ff0875000 r--s 00000000 08:03 19927123                   /var/cache/fontconfig/99e8ed0e538f840c565b6ed5dad60d56-le64.cache-3
7f6ff0875000-7f6ff0876000 r--s 00000000 08:03 19927134                   /var/cache/fontconfig/e7071f4a29fa870f4323321c154eba04-le64.cache-3
7f6ff0876000-7f6ff0879000 r--s 00000000 08:03 19927112                   /var/cache/fontconfig/385c0604a188198f04d133e54aba7fe7-le64.cache-3
7f6ff0879000-7f6ff087c000 r--s 00000000 08:03 19927121                   /var/cache/fontconfig/8801497958630a81b71ace7c5f9b32a8-le64.cache-3
7f6ff087c000-7f6ff0881000 r--s 00000000 08:03 19927110                   /var/cache/fontconfig/3047814df9a2f067bd2d96a2b9c36e5a-le64.cache-3
7f6ff0881000-7f6ff0891000 r--s 00000000 08:03 19927130                   /var/cache/fontconfig/d52a8644073d54c13679302ca1180695-le64.cache-3
7f6ff0891000-7f6ff089b000 rw-p 00000000 00:00 0 
7f6ff089b000-7f6ff0951000 rw-p 00000000 00:00 0 
7f6ff0951000-7f6ff0954000 ---p 00000000 00:00 0 
7f6ff0954000-7f6ff0a57000 rw-p 00000000 00:00 0 
7f6ff0a57000-7f6ff0a58000 r--s 00000000 08:03 19927107                   /var/cache/fontconfig/0d8c3b2ac0904cb8a57a757ad11a4a08-le64.cache-3
7f6ff0a58000-7f6ff0a59000 r--s 00000000 08:03 19927113                   /var/cache/fontconfig/4794a0821666d79190d59a36cb4f44b5-le64.cache-3
7f6ff0a59000-7f6ff0a5a000 r--s 00000000 08:03 19927115                   /var/cache/fontconfig/56cf4f4769d0f4abc89a4895d7bd3ae1-le64.cache-3
7f6ff0a5a000-7f6ff0a5b000 r--s 00000000 08:03 19927126                   /var/cache/fontconfig/b9d506c9ac06c20b433354fa67a72993-le64.cache-3
7f6ff0a5b000-7f6ff0a60000 r--s 00000000 08:03 19927125                   /var/cache/fontconfig/b47c4e1ecd0709278f4910c18777a504-le64.cache-3
7f6ff0a60000-7f6ff0a63000 r--s 00000000 08:03 19927196                   /var/cache/fontconfig/e13b20fdb08344e0e664864cc2ede53d-le64.cache-3
7f6ff0a63000-7f6ff0a67000 r--s 00000000 08:03 19927452                   /var/cache/fontconfig/7ef2298fde41cc6eeb7af42e48b7d293-le64.cache-3
7f6ff0a67000-7f6ff0a6f000 rw-s 00000000 08:03 8126541                    /tmp/hsperfdata_arwilczek90/15362 (deleted)
7f6ff0a6f000-7f6ff0a70000 rw-p 00000000 00:00 0 
7f6ff0a70000-7f6ff0a71000 ---p 00000000 00:00 0 
7f6ff0a71000-7f6ff0a73000 rw-p 00000000 00:00 0 
7f6ff0a73000-7f6ff0a74000 r--p 00022000 08:03 21758085                   /lib/x86_64-linux-gnu/ld-2.15.so
7f6ff0a74000-7f6ff0a76000 rw-p 00023000 08:03 21758085                   /lib/x86_64-linux-gnu/ld-2.15.so
7fff08e04000-7fff08e25000 rw-p 00000000 00:00 0                          [stack]
7fff08f66000-7fff08f67000 r-xp 00000000 00:00 0                          [vdso]
ffffffffff600000-ffffffffff601000 r-xp 00000000 00:00 0                  [vsyscall]

VM Arguments:
jvm_args: -Djava.library.path=/home/arwilczek90/workspace/Elements/lib/slick:/home/arwilczek90/workspace/Elements/lib/slick -Dfile.encoding=UTF-8 
java_command: com.hack.elements.view.Main
Launcher Type: SUN_STANDARD

Environment Variables:
PATH=/usr/lib/lightdm/lightdm:/usr/local/sbin:/usr/local/bin:/usr/sbin:/usr/bin:/sbin:/bin:/usr/games
LD_LIBRARY_PATH=/usr/lib/jvm/java-6-openjdk-amd64/jre/lib/amd64/server:/usr/lib/jvm/java-6-openjdk-amd64/jre/lib/amd64:/usr/lib/jvm/java-6-openjdk-amd64/jre/../lib/amd64
SHELL=/bin/bash
DISPLAY=:0.0

Signal Handlers:
SIGSEGV: [libjvm.so+0x784310], sa_mask[0]=0x7ffbfeff, sa_flags=0x10000004
SIGBUS: [libjvm.so+0x784310], sa_mask[0]=0x7ffbfeff, sa_flags=0x10000004
SIGFPE: [libjvm.so+0x648580], sa_mask[0]=0x7ffbfeff, sa_flags=0x10000004
SIGPIPE: [libjvm.so+0x648580], sa_mask[0]=0x7ffbfeff, sa_flags=0x10000004
SIGXFSZ: [libjvm.so+0x648580], sa_mask[0]=0x7ffbfeff, sa_flags=0x10000004
SIGILL: [libjvm.so+0x648580], sa_mask[0]=0x7ffbfeff, sa_flags=0x10000004
SIGUSR1: SIG_DFL, sa_mask[0]=0x00000000, sa_flags=0x00000000
SIGUSR2: [libjvm.so+0x648730], sa_mask[0]=0x00000004, sa_flags=0x10000004
SIGHUP: [libjvm.so+0x64b250], sa_mask[0]=0x7ffbfeff, sa_flags=0x10000004
SIGINT: [libjvm.so+0x64b250], sa_mask[0]=0x7ffbfeff, sa_flags=0x10000004
SIGTERM: [libjvm.so+0x64b250], sa_mask[0]=0x7ffbfeff, sa_flags=0x10000004
SIGQUIT: [libjvm.so+0x64b250], sa_mask[0]=0x7ffbfeff, sa_flags=0x10000004


---------------  S Y S T E M  ---------------

OS:Ubuntu 12.04 (precise)
uname:Linux 3.2.0-32-generic #51-Ubuntu SMP Wed Sep 26 21:33:09 UTC 2012 x86_64
libc:glibc 2.15 NPTL 2.15 
rlimit: STACK 8192k, CORE 0k, NPROC 59545, NOFILE 4096, AS infinity
load average:0.85 0.92 0.84

/proc/meminfo:
MemTotal:        7639648 kB
MemFree:         4171872 kB
Buffers:          120424 kB
Cached:          1216320 kB
SwapCached:            0 kB
Active:          2246092 kB
Inactive:         743076 kB
Active(anon):    1652888 kB
Inactive(anon):    15400 kB
Active(file):     593204 kB
Inactive(file):   727676 kB
Unevictable:          20 kB
Mlocked:              20 kB
SwapTotal:       3818492 kB
SwapFree:        3818492 kB
Dirty:               152 kB
Writeback:             0 kB
AnonPages:       1652456 kB
Mapped:           308008 kB
Shmem:             15868 kB
Slab:             105956 kB
SReclaimable:      75456 kB
SUnreclaim:        30500 kB
KernelStack:        4312 kB
PageTables:        34284 kB
NFS_Unstable:          0 kB
Bounce:                0 kB
WritebackTmp:          0 kB
CommitLimit:     7638316 kB
Committed_AS:    4356948 kB
VmallocTotal:   34359738367 kB
VmallocUsed:      116912 kB
VmallocChunk:   34359619344 kB
HardwareCorrupted:     0 kB
AnonHugePages:         0 kB
HugePages_Total:       0
HugePages_Free:        0
HugePages_Rsvd:        0
HugePages_Surp:        0
Hugepagesize:       2048 kB
DirectMap4k:      329728 kB
DirectMap2M:     5416960 kB
DirectMap1G:     2097152 kB


CPU:total 4 (4 cores per cpu, 1 threads per core) family 18 model 1 stepping 0, cmov, cx8, fxsr, mmx, sse, sse2, sse3, popcnt, mmxext, 3dnowpref, lzcnt, sse4a

Memory: 4k page, physical 7639648k(4171872k free), swap 3818492k(3818492k free)

vm_info: OpenJDK 64-Bit Server VM (20.0-b12) for linux-amd64 JRE (1.6.0_24-b24), built on Sep  2 2012 19:50:47 by "buildd" with gcc 4.6.3

time: Sat Oct 13 20:18:56 2012
elapsed time: 43 seconds

