#
# A fatal error has been detected by the Java Runtime Environment:
#
#  SIGSEGV (0xb) at pc=0x00007f159e027c58, pid=12217, tid=139730848483072
#
# JRE version: 6.0_24-b24
# Java VM: OpenJDK 64-Bit Server VM (20.0-b12 mixed mode linux-amd64 compressed oops)
# Derivative: IcedTea6 1.11.4
# Distribution: Ubuntu 12.04 LTS, package 6b24-1.11.4-1ubuntu0.12.04.1
# Problematic frame:
# C  [libX11.so.6+0x33c58]  XQueryExtension+0x28
#
# If you would like to submit a bug report, please include
# instructions how to reproduce the bug and visit:
#   https://bugs.launchpad.net/ubuntu/+source/openjdk-6/
#

---------------  T H R E A D  ---------------

Current thread (0x00007f15a8070000):  VMThread [stack: 0x00007f159f868000,0x00007f159f969000] [id=12227]

siginfo:si_signo=SIGSEGV: si_errno=0, si_code=1 (SEGV_MAPERR), si_addr=0xffffffffa8237e28

Registers:
RAX=0x00007f15800008c0, RBX=0xffffffffa82374c0, RCX=0x00007f159f967758, RDX=0x00007f159f967754
RSP=0x00007f159f9676f0, RBP=0x00007f1597c8b932, RSI=0x00007f1597c8b932, RDI=0xffffffffa82374c0
R8 =0x00007f159f96775c, R9 =0x0000000000000000, R10=0x00007f15ae58afa8, R11=0x00007f15ae20aca0
R12=0x0000000000000000, R13=0x00007f1597c8b932, R14=0x00007f15800008c0, R15=0x0000000000000000
RIP=0x00007f159e027c58, EFLAGS=0x0000000000010206, CSGSFS=0x0000000000000033, ERR=0x0000000000000005
  TRAPNO=0x000000000000000e

Top of Stack: (sp=0x00007f159f9676f0)
0x00007f159f9676f0:   00007f15ae1dd790 00007f15aedb99e8
0x00007f159f967700:   00007f15a4aaf200 00007f15a4aaf518
0x00007f159f967710:   00000000ffffffff ffffffffa82374c0
0x00007f159f967720:   00007f1597c8b932 0000000000000000
0x00007f159f967730:   00007f1597c8b932 00007f15800008c0
0x00007f159f967740:   0000000000000000 00007f159e01bc55
0x00007f159f967750:   00007f15aedd7048 00007f1597dc4520
0x00007f159f967760:   00007f1597dc4520 ffffffffa82374c0
0x00007f159f967770:   00007f15a818e2e0 00007f159e33502b
0x00007f159f967780:   00007f15ae1dd790 000000110000002c
0x00007f159f967790:   00007f159f967810 0000000000000000
0x00007f159f9677a0:   00007f159f967810 ffffffffa82374c0
0x00007f159f9677b0:   0000000000000000 00007f15aedd7048
0x00007f159f9677c0:   00007f1597dddd50 00007f1597c32119
0x00007f159f9677d0:   0000000000000000 000000000000002c
0x00007f159f9677e0:   00007f159f967810 00007f159f967830
0x00007f159f9677f0:   0000000000000000 00007f15aedd7048
0x00007f159f967800:   00007f15a8237020 00007f1597c28b42
0x00007f159f967810:   00007f159f967a00 00007f1597c8b8b1
0x00007f159f967820:   00007f159f967a00 00007f15aebc392d
0x00007f159f967830:   00007f15aedd82c8 00007f15aedd8858
0x00007f159f967840:   00007f15aedb9000 00007f15a8006a00
0x00007f159f967850:   00007f15a8007510 00007f15a8006eb0
0x00007f159f967860:   00007f15a8007a10 00007f15a800c6f0
0x00007f159f967870:   00007f15a814e110 00007f15a814e5f0
0x00007f159f967880:   00007f15aedb8000 00007f15a8233a20
0x00007f159f967890:   00007f15a822e340 00007f15a822e7e0
0x00007f159f9678a0:   00007f15a8233ef0 00007f15a8234390
0x00007f159f9678b0:   00007f15a8234830 00007f15a80f9d50
0x00007f159f9678c0:   00007f15a80f5540 00007f15a80025e0
0x00007f159f9678d0:   00007f15a8001ec0 0000000000dce5f0
0x00007f159f9678e0:   0000000000dceb60 0000000000dcf570 

Instructions: (pc=0x00007f159e027c58)
0x00007f159e027c38:   24 d8 48 89 fb 4c 89 64 24 e0 4c 89 6c 24 e8 48
0x00007f159e027c48:   89 f5 4c 89 74 24 f0 4c 89 7c 24 f8 48 83 ec 58
0x00007f159e027c58:   48 8b 87 68 09 00 00 49 89 d4 49 89 cd 4d 89 c6
0x00007f159e027c68:   48 85 c0 74 02 ff 10 ba 08 00 00 00 be 62 00 00 

Register to memory mapping:

RAX=0x00007f15800008c0 is an unknown value
RBX=0xffffffffa82374c0 is an unknown value
RCX=0x00007f159f967758 is an unknown value
RDX=0x00007f159f967754 is an unknown value
RSP=0x00007f159f9676f0 is an unknown value
RBP=0x00007f1597c8b932: <offset 0x96932> in /usr/lib/fglrx/libGL.so.1 at 0x00007f1597bf5000
RSI=0x00007f1597c8b932: <offset 0x96932> in /usr/lib/fglrx/libGL.so.1 at 0x00007f1597bf5000
RDI=0xffffffffa82374c0 is an unknown value
R8 =0x00007f159f96775c is an unknown value
R9 =0x0000000000000000 is an unknown value
R10=0x00007f15ae58afa8: <offset 0x3bbfa8> in /lib/x86_64-linux-gnu/libc.so.6 at 0x00007f15ae1cf000
R11=0x00007f15ae20aca0: __cxa_finalize+0 in /lib/x86_64-linux-gnu/libc.so.6 at 0x00007f15ae1cf000
R12=0x0000000000000000 is an unknown value
R13=0x00007f1597c8b932: <offset 0x96932> in /usr/lib/fglrx/libGL.so.1 at 0x00007f1597bf5000
R14=0x00007f15800008c0 is an unknown value
R15=0x0000000000000000 is an unknown value


Stack: [0x00007f159f868000,0x00007f159f969000],  sp=0x00007f159f9676f0,  free space=1021k
Native frames: (J=compiled Java code, j=interpreted, Vv=VM code, C=native code)
C  [libX11.so.6+0x33c58]  XQueryExtension+0x28

VM_Operation (0x00007f15949c74e0): Exit, mode: safepoint, requested by thread 0x00007f157c001000


---------------  P R O C E S S  ---------------

Java Threads: ( => current thread )
  0x00007f157c001000 JavaThread "SIGTERM handler" daemon [_thread_blocked, id=12250, stack(0x00007f15948c8000,0x00007f15949c9000)]
  0x00007f15a8b00800 JavaThread "Thread-2" daemon [_thread_blocked, id=12238, stack(0x00007f1594dce000,0x00007f1594ecf000)]
  0x00007f15a8233000 JavaThread "AWT-XAWT" daemon [_thread_blocked, id=12236, stack(0x00007f159ca20000,0x00007f159cb21000)]
  0x00007f15a815f800 JavaThread "Java2D Disposer" daemon [_thread_blocked, id=12235, stack(0x00007f159cdd5000,0x00007f159ced6000)]
  0x00007f15a809e800 JavaThread "Low Memory Detector" daemon [_thread_blocked, id=12233, stack(0x00007f159eb7f000,0x00007f159ec80000)]
  0x00007f15a809c000 JavaThread "C2 CompilerThread1" daemon [_thread_blocked, id=12232, stack(0x00007f159ec80000,0x00007f159ed81000)]
  0x00007f15a8099800 JavaThread "C2 CompilerThread0" daemon [_thread_blocked, id=12231, stack(0x00007f159ed81000,0x00007f159ee82000)]
  0x00007f15a8079000 JavaThread "Finalizer" daemon [_thread_blocked, id=12229, stack(0x00007f159f666000,0x00007f159f767000)]
  0x00007f15a8077000 JavaThread "Reference Handler" daemon [_thread_blocked, id=12228, stack(0x00007f159f767000,0x00007f159f868000)]
  0x00007f15a8008800 JavaThread "main" [_thread_blocked, id=12222, stack(0x00007f15aecb4000,0x00007f15aedb5000)]

Other Threads:
=>0x00007f15a8070000 VMThread [stack: 0x00007f159f868000,0x00007f159f969000] [id=12227]

VM state:at safepoint (shutting down)

VM Mutex/Monitor currently owned by a thread:  ([mutex/lock_event])
[0x00007f15a8004dd0] Threads_lock - owner thread: 0x00007f15a8070000

Heap
 PSYoungGen      total 34880K, used 23559K [0x00000000d9200000, 0x00000000db8e0000, 0x0000000100000000)
  eden space 29952K, 78% used [0x00000000d9200000,0x00000000da901c00,0x00000000daf40000)
  from space 4928K, 0% used [0x00000000db410000,0x00000000db410000,0x00000000db8e0000)
  to   space 4928K, 0% used [0x00000000daf40000,0x00000000daf40000,0x00000000db410000)
 PSOldGen        total 79616K, used 0K [0x000000008b600000, 0x00000000903c0000, 0x00000000d9200000)
  object space 79616K, 0% used [0x000000008b600000,0x000000008b600000,0x00000000903c0000)
 PSPermGen       total 21248K, used 11332K [0x0000000081000000, 0x00000000824c0000, 0x000000008b600000)
  object space 21248K, 53% used [0x0000000081000000,0x0000000081b11318,0x00000000824c0000)

Code Cache  [0x00007f15a49df000, 0x00007f15a4c4f000, 0x00007f15a79df000)
 total_blobs=615 nmethods=135 adapters=434 free_code_cache=49521472 largest_free_block=36224

Dynamic libraries:
00400000-00409000 r-xp 00000000 08:03 18618890                           /usr/lib/jvm/java-6-openjdk-amd64/jre/bin/java
00608000-00609000 r--p 00008000 08:03 18618890                           /usr/lib/jvm/java-6-openjdk-amd64/jre/bin/java
00609000-0060a000 rw-p 00009000 08:03 18618890                           /usr/lib/jvm/java-6-openjdk-amd64/jre/bin/java
00dce000-00def000 rw-p 00000000 00:00 0                                  [heap]
81000000-824c0000 rw-p 00000000 00:00 0 
824c0000-8b600000 rw-p 00000000 00:00 0 
8b600000-903c0000 rw-p 00000000 00:00 0 
903c0000-d9200000 rw-p 00000000 00:00 0 
d9200000-db8e0000 rw-p 00000000 00:00 0 
db8e0000-100000000 rw-p 00000000 00:00 0 
7f1548000000-7f1548021000 rw-p 00000000 00:00 0 
7f1548021000-7f154c000000 ---p 00000000 00:00 0 
7f1550000000-7f1550021000 rw-p 00000000 00:00 0 
7f1550021000-7f1554000000 ---p 00000000 00:00 0 
7f1554000000-7f1554021000 rw-p 00000000 00:00 0 
7f1554021000-7f1558000000 ---p 00000000 00:00 0 
7f1558000000-7f1558021000 rw-p 00000000 00:00 0 
7f1558021000-7f155c000000 ---p 00000000 00:00 0 
7f155c000000-7f155c021000 rw-p 00000000 00:00 0 
7f155c021000-7f1560000000 ---p 00000000 00:00 0 
7f1560000000-7f1560021000 rw-p 00000000 00:00 0 
7f1560021000-7f1564000000 ---p 00000000 00:00 0 
7f1564000000-7f1564021000 rw-p 00000000 00:00 0 
7f1564021000-7f1568000000 ---p 00000000 00:00 0 
7f1568000000-7f1568021000 rw-p 00000000 00:00 0 
7f1568021000-7f156c000000 ---p 00000000 00:00 0 
7f156c000000-7f156c021000 rw-p 00000000 00:00 0 
7f156c021000-7f1570000000 ---p 00000000 00:00 0 
7f1570000000-7f1570d5e000 rw-p 00000000 00:00 0 
7f1570d5e000-7f1574000000 ---p 00000000 00:00 0 
7f1574000000-7f1574612000 rw-p 00000000 00:00 0 
7f1574612000-7f1578000000 ---p 00000000 00:00 0 
7f1578000000-7f1578021000 rw-p 00000000 00:00 0 
7f1578021000-7f157c000000 ---p 00000000 00:00 0 
7f157c000000-7f157c021000 rw-p 00000000 00:00 0 
7f157c021000-7f1580000000 ---p 00000000 00:00 0 
7f1580000000-7f1580021000 rw-p 00000000 00:00 0 
7f1580021000-7f1584000000 ---p 00000000 00:00 0 
7f1584000000-7f1584021000 rw-p 00000000 00:00 0 
7f1584021000-7f1588000000 ---p 00000000 00:00 0 
7f1588000000-7f1588021000 rw-p 00000000 00:00 0 
7f1588021000-7f158c000000 ---p 00000000 00:00 0 
7f1590000000-7f1590021000 rw-p 00000000 00:00 0 
7f1590021000-7f1594000000 ---p 00000000 00:00 0 
7f15942c5000-7f15942c8000 ---p 00000000 00:00 0 
7f15942c8000-7f15943c6000 rw-p 00000000 00:00 0 
7f15943c6000-7f15943c9000 ---p 00000000 00:00 0 
7f15943c9000-7f15944c7000 rw-p 00000000 00:00 0 
7f15944c7000-7f15944ca000 ---p 00000000 00:00 0 
7f15944ca000-7f15945c8000 rw-p 00000000 00:00 0 
7f15945c8000-7f15947c8000 rw-s ea9a9000 00:05 10225                      /dev/ati/card0
7f15947c8000-7f15948c8000 rw-s 2c8e3000 00:05 10225                      /dev/ati/card0
7f15948c8000-7f15948cb000 ---p 00000000 00:00 0 
7f15948cb000-7f15949c9000 rw-p 00000000 00:00 0 
7f15949c9000-7f1594ac9000 rw-s 2c8e7000 00:05 10225                      /dev/ati/card0
7f1594ac9000-7f1594ccb000 rw-p 00000000 00:00 0 
7f1594ccb000-7f1594cce000 r-xp 00000000 08:03 15602613                   /home/arwilczek90/workspace/Elements/lib/slick/libjinput-linux64.so
7f1594cce000-7f1594dcd000 ---p 00003000 08:03 15602613                   /home/arwilczek90/workspace/Elements/lib/slick/libjinput-linux64.so
7f1594dcd000-7f1594dce000 rw-p 00002000 08:03 15602613                   /home/arwilczek90/workspace/Elements/lib/slick/libjinput-linux64.so
7f1594dce000-7f1594dd1000 ---p 00000000 00:00 0 
7f1594dd1000-7f1594ecf000 rw-p 00000000 00:00 0 
7f1594ecf000-7f15955cf000 rw-s 00006000 00:05 10225                      /dev/ati/card0
7f15955cf000-7f15955d1000 r-xp 00000000 08:03 18488267                   /usr/lib/x86_64-linux-gnu/libXinerama.so.1.0.0
7f15955d1000-7f15957d0000 ---p 00002000 08:03 18488267                   /usr/lib/x86_64-linux-gnu/libXinerama.so.1.0.0
7f15957d0000-7f15957d1000 r--p 00001000 08:03 18488267                   /usr/lib/x86_64-linux-gnu/libXinerama.so.1.0.0
7f15957d1000-7f15957d2000 rw-p 00002000 08:03 18488267                   /usr/lib/x86_64-linux-gnu/libXinerama.so.1.0.0
7f15957d2000-7f159580d000 r-xp 00000000 08:03 19009508                   /usr/lib/fglrx/libatiadlxx.so
7f159580d000-7f159590d000 ---p 0003b000 08:03 19009508                   /usr/lib/fglrx/libatiadlxx.so
7f159590d000-7f1595916000 rw-p 0003b000 08:03 19009508                   /usr/lib/fglrx/libatiadlxx.so
7f1595916000-7f1595927000 rw-p 00000000 00:00 0 
7f1595927000-7f1597881000 r-xp 00000000 08:03 19009510                   /usr/lib/fglrx/dri/fglrx_dri.so
7f1597881000-7f1597981000 ---p 01f5a000 08:03 19009510                   /usr/lib/fglrx/dri/fglrx_dri.so
7f1597981000-7f1597acf000 rwxp 01f5a000 08:03 19009510                   /usr/lib/fglrx/dri/fglrx_dri.so
7f1597acf000-7f1597bf5000 rwxp 00000000 00:00 0 
7f1597bf5000-7f1597cb8000 r-xp 00000000 08:03 19009512                   /usr/lib/fglrx/libGL.so.1.2
7f1597cb8000-7f1597db7000 ---p 000c3000 08:03 19009512                   /usr/lib/fglrx/libGL.so.1.2
7f1597db7000-7f1597dde000 rwxp 000c2000 08:03 19009512                   /usr/lib/fglrx/libGL.so.1.2
7f1597dde000-7f1597dfe000 rwxp 00000000 00:00 0 
7f1597dfe000-7f1597dff000 r-xp 00000000 08:03 18618886                   /usr/lib/jvm/java-6-openjdk-amd64/jre/lib/amd64/libjawt.so
7f1597dff000-7f1597ffe000 ---p 00001000 08:03 18618886                   /usr/lib/jvm/java-6-openjdk-amd64/jre/lib/amd64/libjawt.so
7f1597ffe000-7f1597fff000 r--p 00000000 08:03 18618886                   /usr/lib/jvm/java-6-openjdk-amd64/jre/lib/amd64/libjawt.so
7f1597fff000-7f1598000000 rw-p 00001000 08:03 18618886                   /usr/lib/jvm/java-6-openjdk-amd64/jre/lib/amd64/libjawt.so
7f1598000000-7f1598021000 rw-p 00000000 00:00 0 
7f1598021000-7f159c000000 ---p 00000000 00:00 0 
7f159c0e8000-7f159c0ef000 r-xp 00000000 08:03 19009532                   /usr/lib/fglrx/libatiuki.so.1.0
7f159c0ef000-7f159c1ef000 ---p 00007000 08:03 19009532                   /usr/lib/fglrx/libatiuki.so.1.0
7f159c1ef000-7f159c1f0000 rw-p 00007000 08:03 19009532                   /usr/lib/fglrx/libatiuki.so.1.0
7f159c1f0000-7f159c1f1000 rw-p 00000000 00:00 0 
7f159c1f1000-7f159c1f5000 r-xp 00000000 08:03 18488287                   /usr/lib/x86_64-linux-gnu/libXxf86vm.so.1.0.0
7f159c1f5000-7f159c3f4000 ---p 00004000 08:03 18488287                   /usr/lib/x86_64-linux-gnu/libXxf86vm.so.1.0.0
7f159c3f4000-7f159c3f5000 r--p 00003000 08:03 18488287                   /usr/lib/x86_64-linux-gnu/libXxf86vm.so.1.0.0
7f159c3f5000-7f159c3f6000 rw-p 00004000 08:03 18488287                   /usr/lib/x86_64-linux-gnu/libXxf86vm.so.1.0.0
7f159c3f6000-7f159c3fe000 r-xp 00000000 08:03 18488277                   /usr/lib/x86_64-linux-gnu/libXrandr.so.2.2.0
7f159c3fe000-7f159c5fd000 ---p 00008000 08:03 18488277                   /usr/lib/x86_64-linux-gnu/libXrandr.so.2.2.0
7f159c5fd000-7f159c5fe000 r--p 00007000 08:03 18488277                   /usr/lib/x86_64-linux-gnu/libXrandr.so.2.2.0
7f159c5fe000-7f159c5ff000 rw-p 00008000 08:03 18488277                   /usr/lib/x86_64-linux-gnu/libXrandr.so.2.2.0
7f159c5ff000-7f159c63f000 r-xp 00000000 08:03 15602617                   /home/arwilczek90/workspace/Elements/lib/slick/liblwjgl64.so
7f159c63f000-7f159c73f000 ---p 00040000 08:03 15602617                   /home/arwilczek90/workspace/Elements/lib/slick/liblwjgl64.so
7f159c73f000-7f159c741000 rw-p 00040000 08:03 15602617                   /home/arwilczek90/workspace/Elements/lib/slick/liblwjgl64.so
7f159c741000-7f159c746000 r-xp 00000000 08:03 18488261                   /usr/lib/x86_64-linux-gnu/libXfixes.so.3.1.0
7f159c746000-7f159c945000 ---p 00005000 08:03 18488261                   /usr/lib/x86_64-linux-gnu/libXfixes.so.3.1.0
7f159c945000-7f159c946000 r--p 00004000 08:03 18488261                   /usr/lib/x86_64-linux-gnu/libXfixes.so.3.1.0
7f159c946000-7f159c947000 rw-p 00005000 08:03 18488261                   /usr/lib/x86_64-linux-gnu/libXfixes.so.3.1.0
7f159c947000-7f159c975000 r--s 00000000 08:03 19927454                   /var/cache/fontconfig/365b55f210c0a22e9a19e35191240f32-le64.cache-3
7f159c97d000-7f159c97f000 r--s 00015000 08:03 15598514                   /home/arwilczek90/workspace/Elements/lib/slick/lib/tinylinepp.jar
7f159c97f000-7f159c982000 r--s 00015000 08:03 15598512                   /home/arwilczek90/workspace/Elements/lib/slick/lib/slick-util.jar
7f159c982000-7f159c98a000 r--s 00067000 08:03 15598510                   /home/arwilczek90/workspace/Elements/lib/slick/lib/slick-sources.jar
7f159c98a000-7f159c995000 r--s 00093000 08:03 15598513                   /home/arwilczek90/workspace/Elements/lib/slick/lib/slick.jar
7f159c995000-7f159c99a000 r--s 0002f000 08:03 15598498                   /home/arwilczek90/workspace/Elements/lib/slick/lib/jinput.jar
7f159c99a000-7f159c99c000 r--s 00008000 08:03 15598497                   /home/arwilczek90/workspace/Elements/lib/slick/lib/ibxm.jar
7f159c99c000-7f159c99f000 r--s 0005b000 08:03 15598496                   /home/arwilczek90/workspace/Elements/lib/slick/lib/hiero.jar
7f159c99f000-7f159c9a0000 r--s 00007000 08:03 15597697                   /home/arwilczek90/workspace/Elements/lib/slick/applet/lwjgl_util_applet.jar
7f159c9a0000-7f159c9e0000 rw-s 0002a000 00:05 10225                      /dev/ati/card0
7f159c9e0000-7f159ca20000 rw-s f0300000 00:05 10225                      /dev/ati/card0
7f159ca20000-7f159ca23000 ---p 00000000 00:00 0 
7f159ca23000-7f159cb21000 rw-p 00000000 00:00 0 
7f159cb21000-7f159cb22000 r--s 00000000 08:03 19927127                   /var/cache/fontconfig/c05880de57d1f5e948fdfacc138775d9-le64.cache-3
7f159cb22000-7f159cb2b000 r--s 00000000 08:03 19927122                   /var/cache/fontconfig/945677eb7aeaf62f1d50efc3fb3ec7d8-le64.cache-3
7f159cb2b000-7f159cb2d000 r--s 00000000 08:03 19927123                   /var/cache/fontconfig/99e8ed0e538f840c565b6ed5dad60d56-le64.cache-3
7f159cb2d000-7f159cb31000 r--s 00000000 08:03 19927109                   /var/cache/fontconfig/2cd17615ca594fa2959ae173292e504c-le64.cache-3
7f159cb31000-7f159cb32000 r--s 00000000 08:03 19927134                   /var/cache/fontconfig/e7071f4a29fa870f4323321c154eba04-le64.cache-3
7f159cb32000-7f159cb33000 r--s 00000000 08:03 19927107                   /var/cache/fontconfig/0d8c3b2ac0904cb8a57a757ad11a4a08-le64.cache-3
7f159cb33000-7f159cb39000 r--s 00000000 08:03 19927124                   /var/cache/fontconfig/a755afe4a08bf5b97852ceb7400b47bc-le64.cache-3
7f159cb39000-7f159cb42000 r--s 00000000 08:03 19927460                   /var/cache/fontconfig/6d41288fd70b0be22e8c3a91e032eec0-le64.cache-3
7f159cb42000-7f159cb52000 r--s 00000000 08:03 19927106                   /var/cache/fontconfig/04aabc0a78ac019cf9454389977116d2-le64.cache-3
7f159cb52000-7f159cb80000 r--s 00000000 08:03 19927454                   /var/cache/fontconfig/365b55f210c0a22e9a19e35191240f32-le64.cache-3
7f159cb80000-7f159cb85000 r--s 00000000 08:03 19927110                   /var/cache/fontconfig/3047814df9a2f067bd2d96a2b9c36e5a-le64.cache-3
7f159cb8a000-7f159cb8b000 r--s 00000000 08:03 15598509                   /home/arwilczek90/workspace/Elements/lib/slick/lib/slick-examples.jar
7f159cb8b000-7f159cb8c000 r--s 00003000 08:03 15598508                   /home/arwilczek90/workspace/Elements/lib/slick/lib/scalar.jar
7f159cb8c000-7f159cb8f000 r--s 00017000 08:03 15598507                   /home/arwilczek90/workspace/Elements/lib/slick/lib/pedigree.jar
7f159cb8f000-7f159cb91000 r--s 00004000 08:03 15598506                   /home/arwilczek90/workspace/Elements/lib/slick/lib/packulike.jar
7f159cb91000-7f159cb93000 r--s 00033000 08:03 15598504                   /home/arwilczek90/workspace/Elements/lib/slick/lib/natives-mac.jar
7f159cb93000-7f159cb9c000 r-xp 00000000 08:03 18488253                   /usr/lib/x86_64-linux-gnu/libXcursor.so.1.0.2
7f159cb9c000-7f159cd9b000 ---p 00009000 08:03 18488253                   /usr/lib/x86_64-linux-gnu/libXcursor.so.1.0.2
7f159cd9b000-7f159cd9c000 r--p 00008000 08:03 18488253                   /usr/lib/x86_64-linux-gnu/libXcursor.so.1.0.2
7f159cd9c000-7f159cd9d000 rw-p 00009000 08:03 18488253                   /usr/lib/x86_64-linux-gnu/libXcursor.so.1.0.2
7f159cd9d000-7f159cd9e000 r--s 00043000 08:03 15598505                   /home/arwilczek90/workspace/Elements/lib/slick/lib/natives-win32.jar
7f159cd9e000-7f159cd9f000 r--s 0003d000 08:03 15598503                   /home/arwilczek90/workspace/Elements/lib/slick/lib/natives-linux.jar
7f159cd9f000-7f159cda6000 r--s 00073000 08:03 15598502                   /home/arwilczek90/workspace/Elements/lib/slick/lib/lwjgl.jar
7f159cda6000-7f159cda8000 r--s 0000d000 08:03 15598501                   /home/arwilczek90/workspace/Elements/lib/slick/lib/jorbis-0.0.15.jar
7f159cda8000-7f159cda9000 r--s 00001000 08:03 15598500                   /home/arwilczek90/workspace/Elements/lib/slick/lib/jogg-0.0.7.jar
7f159cda9000-7f159cdaa000 r--s 00001000 08:03 15598499                   /home/arwilczek90/workspace/Elements/lib/slick/lib/jnlp.jar
7f159cdaa000-7f159cdac000 rw-s 00002000 00:05 10225                      /dev/ati/card0
7f159cdac000-7f159cdb7000 r--s 00093000 08:03 15597692                   /home/arwilczek90/workspace/Elements/lib/slick.jar
7f159cdb7000-7f159cdbe000 r--s 000fb000 08:03 18618812                   /usr/lib/jvm/java-6-openjdk-common/jre/lib/resources.jar
7f159cdbe000-7f159cdbf000 r--s 00000000 08:03 19927115                   /var/cache/fontconfig/56cf4f4769d0f4abc89a4895d7bd3ae1-le64.cache-3
7f159cdbf000-7f159cdc0000 r--s 00000000 08:03 19927126                   /var/cache/fontconfig/b9d506c9ac06c20b433354fa67a72993-le64.cache-3
7f159cdc0000-7f159cdc5000 r--s 00000000 08:03 19927125                   /var/cache/fontconfig/b47c4e1ecd0709278f4910c18777a504-le64.cache-3
7f159cdc5000-7f159cdd5000 r--s 00000000 08:03 19927130                   /var/cache/fontconfig/d52a8644073d54c13679302ca1180695-le64.cache-3
7f159cdd5000-7f159cdd8000 ---p 00000000 00:00 0 
7f159cdd8000-7f159ced6000 rw-p 00000000 00:00 0 
7f159ced6000-7f159cf6c000 r-xp 00000000 08:03 18488439                   /usr/lib/x86_64-linux-gnu/libfreetype.so.6.8.0
7f159cf6c000-7f159d16b000 ---p 00096000 08:03 18488439                   /usr/lib/x86_64-linux-gnu/libfreetype.so.6.8.0
7f159d16b000-7f159d171000 r--p 00095000 08:03 18488439                   /usr/lib/x86_64-linux-gnu/libfreetype.so.6.8.0
7f159d171000-7f159d172000 rw-p 0009b000 08:03 18488439                   /usr/lib/x86_64-linux-gnu/libfreetype.so.6.8.0
7f159d172000-7f159d1ac000 r-xp 00000000 08:03 18618871                   /usr/lib/jvm/java-6-openjdk-amd64/jre/lib/amd64/libfontmanager.so
7f159d1ac000-7f159d3ab000 ---p 0003a000 08:03 18618871                   /usr/lib/jvm/java-6-openjdk-amd64/jre/lib/amd64/libfontmanager.so
7f159d3ab000-7f159d3ad000 r--p 00039000 08:03 18618871                   /usr/lib/jvm/java-6-openjdk-amd64/jre/lib/amd64/libfontmanager.so
7f159d3ad000-7f159d3ae000 rw-p 0003b000 08:03 18618871                   /usr/lib/jvm/java-6-openjdk-amd64/jre/lib/amd64/libfontmanager.so
7f159d3ae000-7f159d3b3000 r-xp 00000000 08:03 18488257                   /usr/lib/x86_64-linux-gnu/libXdmcp.so.6.0.0
7f159d3b3000-7f159d5b2000 ---p 00005000 08:03 18488257                   /usr/lib/x86_64-linux-gnu/libXdmcp.so.6.0.0
7f159d5b2000-7f159d5b3000 r--p 00004000 08:03 18488257                   /usr/lib/x86_64-linux-gnu/libXdmcp.so.6.0.0
7f159d5b3000-7f159d5b4000 rw-p 00005000 08:03 18488257                   /usr/lib/x86_64-linux-gnu/libXdmcp.so.6.0.0
7f159d5b4000-7f159d5b6000 r-xp 00000000 08:03 18488246                   /usr/lib/x86_64-linux-gnu/libXau.so.6.0.0
7f159d5b6000-7f159d7b5000 ---p 00002000 08:03 18488246                   /usr/lib/x86_64-linux-gnu/libXau.so.6.0.0
7f159d7b5000-7f159d7b6000 r--p 00001000 08:03 18488246                   /usr/lib/x86_64-linux-gnu/libXau.so.6.0.0
7f159d7b6000-7f159d7b7000 rw-p 00002000 08:03 18488246                   /usr/lib/x86_64-linux-gnu/libXau.so.6.0.0
7f159d7b7000-7f159d7d4000 r-xp 00000000 08:03 18488845                   /usr/lib/x86_64-linux-gnu/libxcb.so.1.1.0
7f159d7d4000-7f159d9d3000 ---p 0001d000 08:03 18488845                   /usr/lib/x86_64-linux-gnu/libxcb.so.1.1.0
7f159d9d3000-7f159d9d4000 r--p 0001c000 08:03 18488845                   /usr/lib/x86_64-linux-gnu/libxcb.so.1.1.0
7f159d9d4000-7f159d9d5000 rw-p 0001d000 08:03 18488845                   /usr/lib/x86_64-linux-gnu/libxcb.so.1.1.0
7f159d9d5000-7f159d9e3000 r-xp 00000000 08:03 18488265                   /usr/lib/x86_64-linux-gnu/libXi.so.6.1.0
7f159d9e3000-7f159dbe2000 ---p 0000e000 08:03 18488265                   /usr/lib/x86_64-linux-gnu/libXi.so.6.1.0
7f159dbe2000-7f159dbe3000 r--p 0000d000 08:03 18488265                   /usr/lib/x86_64-linux-gnu/libXi.so.6.1.0
7f159dbe3000-7f159dbe4000 rw-p 0000e000 08:03 18488265                   /usr/lib/x86_64-linux-gnu/libXi.so.6.1.0
7f159dbe4000-7f159dbe9000 r-xp 00000000 08:03 18488283                   /usr/lib/x86_64-linux-gnu/libXtst.so.6.1.0
7f159dbe9000-7f159dde8000 ---p 00005000 08:03 18488283                   /usr/lib/x86_64-linux-gnu/libXtst.so.6.1.0
7f159dde8000-7f159dde9000 r--p 00004000 08:03 18488283                   /usr/lib/x86_64-linux-gnu/libXtst.so.6.1.0
7f159dde9000-7f159ddea000 rw-p 00005000 08:03 18488283                   /usr/lib/x86_64-linux-gnu/libXtst.so.6.1.0
7f159ddea000-7f159ddf3000 r-xp 00000000 08:03 18488279                   /usr/lib/x86_64-linux-gnu/libXrender.so.1.3.0
7f159ddf3000-7f159dff2000 ---p 00009000 08:03 18488279                   /usr/lib/x86_64-linux-gnu/libXrender.so.1.3.0
7f159dff2000-7f159dff3000 r--p 00008000 08:03 18488279                   /usr/lib/x86_64-linux-gnu/libXrender.so.1.3.0
7f159dff3000-7f159dff4000 rw-p 00009000 08:03 18488279                   /usr/lib/x86_64-linux-gnu/libXrender.so.1.3.0
7f159dff4000-7f159e123000 r-xp 00000000 08:03 18488244                   /usr/lib/x86_64-linux-gnu/libX11.so.6.3.0
7f159e123000-7f159e323000 ---p 0012f000 08:03 18488244                   /usr/lib/x86_64-linux-gnu/libX11.so.6.3.0
7f159e323000-7f159e324000 r--p 0012f000 08:03 18488244                   /usr/lib/x86_64-linux-gnu/libX11.so.6.3.0
7f159e324000-7f159e328000 rw-p 00130000 08:03 18488244                   /usr/lib/x86_64-linux-gnu/libX11.so.6.3.0
7f159e328000-7f159e338000 r-xp 00000000 08:03 18488259                   /usr/lib/x86_64-linux-gnu/libXext.so.6.4.0
7f159e338000-7f159e537000 ---p 00010000 08:03 18488259                   /usr/lib/x86_64-linux-gnu/libXext.so.6.4.0
7f159e537000-7f159e538000 r--p 0000f000 08:03 18488259                   /usr/lib/x86_64-linux-gnu/libXext.so.6.4.0
7f159e538000-7f159e539000 rw-p 00010000 08:03 18488259                   /usr/lib/x86_64-linux-gnu/libXext.so.6.4.0
7f159e539000-7f159e584000 r-xp 00000000 08:03 18618972                   /usr/lib/jvm/java-6-openjdk-amd64/jre/lib/amd64/xawt/libmawt.so
7f159e584000-7f159e784000 ---p 0004b000 08:03 18618972                   /usr/lib/jvm/java-6-openjdk-amd64/jre/lib/amd64/xawt/libmawt.so
7f159e784000-7f159e785000 r--p 0004b000 08:03 18618972                   /usr/lib/jvm/java-6-openjdk-amd64/jre/lib/amd64/xawt/libmawt.so
7f159e785000-7f159e788000 rw-p 0004c000 08:03 18618972                   /usr/lib/jvm/java-6-openjdk-amd64/jre/lib/amd64/xawt/libmawt.so
7f159e788000-7f159e789000 rw-p 00000000 00:00 0 
7f159e789000-7f159e835000 r-xp 00000000 08:03 18618874                   /usr/lib/jvm/java-6-openjdk-amd64/jre/lib/amd64/libawt.so
7f159e835000-7f159ea34000 ---p 000ac000 08:03 18618874                   /usr/lib/jvm/java-6-openjdk-amd64/jre/lib/amd64/libawt.so
7f159ea34000-7f159ea35000 r--p 000ab000 08:03 18618874                   /usr/lib/jvm/java-6-openjdk-amd64/jre/lib/amd64/libawt.so
7f159ea35000-7f159ea40000 rw-p 000ac000 08:03 18618874                   /usr/lib/jvm/java-6-openjdk-amd64/jre/lib/amd64/libawt.so
7f159ea40000-7f159ea65000 rw-p 00000000 00:00 0 
7f159ea65000-7f159ea68000 r--s 0007d000 08:03 18618443                   /usr/lib/jvm/java-6-openjdk-common/jre/lib/jsse.jar
7f159ea68000-7f159ea6f000 r--s 00073000 08:03 15597691                   /home/arwilczek90/workspace/Elements/lib/lwjgl.jar
7f159ea6f000-7f159ea71000 r--s 0000f000 08:03 18618803                   /usr/lib/jvm/java-6-openjdk-common/jre/lib/ext/pulse-java.jar
7f159ea71000-7f159ea74000 r--s 00077000 08:03 18618797                   /usr/lib/jvm/java-6-openjdk-common/jre/lib/ext/localedata.jar
7f159ea74000-7f159ea75000 r--s 00007000 08:03 18748229                   /usr/share/java/java-atk-wrapper.jar
7f159ea75000-7f159ea77000 r--s 00001000 08:03 18618801                   /usr/lib/jvm/java-6-openjdk-common/jre/lib/ext/dnsns.jar
7f159ea77000-7f159ea7b000 r--s 00038000 08:03 18618795                   /usr/lib/jvm/java-6-openjdk-common/jre/lib/ext/sunpkcs11.jar
7f159ea7b000-7f159ea7e000 r--s 00031000 08:03 18618799                   /usr/lib/jvm/java-6-openjdk-common/jre/lib/ext/sunjce_provider.jar
7f159ea7e000-7f159ea7f000 ---p 00000000 00:00 0 
7f159ea7f000-7f159eb7f000 rw-p 00000000 00:00 0 
7f159eb7f000-7f159eb82000 ---p 00000000 00:00 0 
7f159eb82000-7f159ec80000 rw-p 00000000 00:00 0 
7f159ec80000-7f159ec83000 ---p 00000000 00:00 0 
7f159ec83000-7f159ed81000 rw-p 00000000 00:00 0 
7f159ed81000-7f159ed84000 ---p 00000000 00:00 0 
7f159ed84000-7f159ee82000 rw-p 00000000 00:00 0 
7f159ee82000-7f159ee85000 ---p 00000000 00:00 0 
7f159ee85000-7f159ef83000 rw-p 00000000 00:00 0 
7f159ef83000-7f159f666000 r--p 00000000 08:03 18487587                   /usr/lib/locale/locale-archive
7f159f666000-7f159f669000 ---p 00000000 00:00 0 
7f159f669000-7f159f767000 rw-p 00000000 00:00 0 
7f159f767000-7f159f76a000 ---p 00000000 00:00 0 
7f159f76a000-7f159f868000 rw-p 00000000 00:00 0 
7f159f868000-7f159f869000 ---p 00000000 00:00 0 
7f159f869000-7f159fe6e000 rw-p 00000000 00:00 0 
7f159fe6e000-7f15a0000000 r--s 037bf000 08:03 18618843                   /usr/lib/jvm/java-6-openjdk-amd64/jre/lib/rt.jar
7f15a0000000-7f15a0021000 rw-p 00000000 00:00 0 
7f15a0021000-7f15a4000000 ---p 00000000 00:00 0 
7f15a4000000-7f15a4001000 rw-s 00005000 00:05 10225                      /dev/ati/card0
7f15a4001000-7f15a4004000 r--s 00000000 08:03 19927112                   /var/cache/fontconfig/385c0604a188198f04d133e54aba7fe7-le64.cache-3
7f15a4004000-7f15a4007000 r--s 00000000 08:03 19927196                   /var/cache/fontconfig/e13b20fdb08344e0e664864cc2ede53d-le64.cache-3
7f15a4007000-7f15a400b000 r--s 00000000 08:03 19927452                   /var/cache/fontconfig/7ef2298fde41cc6eeb7af42e48b7d293-le64.cache-3
7f15a400b000-7f15a4014000 r--s 00000000 08:03 19927122                   /var/cache/fontconfig/945677eb7aeaf62f1d50efc3fb3ec7d8-le64.cache-3
7f15a4014000-7f15a4016000 r--s 00000000 08:03 19927123                   /var/cache/fontconfig/99e8ed0e538f840c565b6ed5dad60d56-le64.cache-3
7f15a4016000-7f15a401a000 r--s 00000000 08:03 19927109                   /var/cache/fontconfig/2cd17615ca594fa2959ae173292e504c-le64.cache-3
7f15a401a000-7f15a4075000 rw-p 00000000 00:00 0 
7f15a4075000-7f15a4076000 ---p 00000000 00:00 0 
7f15a4076000-7f15a4176000 rw-p 00000000 00:00 0 
7f15a4176000-7f15a4177000 ---p 00000000 00:00 0 
7f15a4177000-7f15a4277000 rw-p 00000000 00:00 0 
7f15a4277000-7f15a4278000 ---p 00000000 00:00 0 
7f15a4278000-7f15a439f000 rw-p 00000000 00:00 0 
7f15a439f000-7f15a45e6000 rw-p 00000000 00:00 0 
7f15a45e6000-7f15a45f1000 rw-p 00000000 00:00 0 
7f15a45f1000-7f15a4639000 rw-p 00000000 00:00 0 
7f15a4639000-7f15a4660000 rw-p 00000000 00:00 0 
7f15a4660000-7f15a48a7000 rw-p 00000000 00:00 0 
7f15a48a7000-7f15a48bb000 rw-p 00000000 00:00 0 
7f15a48bb000-7f15a49de000 rw-p 00000000 00:00 0 
7f15a49de000-7f15a49df000 rw-p 00000000 00:00 0 
7f15a49df000-7f15a4c4f000 rwxp 00000000 00:00 0 
7f15a4c4f000-7f15a79df000 rw-p 00000000 00:00 0 
7f15a79df000-7f15a79e6000 r-xp 00000000 08:03 18618888                   /usr/lib/jvm/java-6-openjdk-amd64/jre/lib/amd64/libzip.so
7f15a79e6000-7f15a7be5000 ---p 00007000 08:03 18618888                   /usr/lib/jvm/java-6-openjdk-amd64/jre/lib/amd64/libzip.so
7f15a7be5000-7f15a7be6000 r--p 00006000 08:03 18618888                   /usr/lib/jvm/java-6-openjdk-amd64/jre/lib/amd64/libzip.so
7f15a7be6000-7f15a7be7000 rw-p 00007000 08:03 18618888                   /usr/lib/jvm/java-6-openjdk-amd64/jre/lib/amd64/libzip.so
7f15a7be7000-7f15a7bf3000 r-xp 00000000 08:03 21758081                   /lib/x86_64-linux-gnu/libnss_files-2.15.so
7f15a7bf3000-7f15a7df2000 ---p 0000c000 08:03 21758081                   /lib/x86_64-linux-gnu/libnss_files-2.15.so
7f15a7df2000-7f15a7df3000 r--p 0000b000 08:03 21758081                   /lib/x86_64-linux-gnu/libnss_files-2.15.so
7f15a7df3000-7f15a7df4000 rw-p 0000c000 08:03 21758081                   /lib/x86_64-linux-gnu/libnss_files-2.15.so
7f15a7df4000-7f15a7dfe000 r-xp 00000000 08:03 21758077                   /lib/x86_64-linux-gnu/libnss_nis-2.15.so
7f15a7dfe000-7f15a7ffe000 ---p 0000a000 08:03 21758077                   /lib/x86_64-linux-gnu/libnss_nis-2.15.so
7f15a7ffe000-7f15a7fff000 r--p 0000a000 08:03 21758077                   /lib/x86_64-linux-gnu/libnss_nis-2.15.so
7f15a7fff000-7f15a8000000 rw-p 0000b000 08:03 21758077                   /lib/x86_64-linux-gnu/libnss_nis-2.15.so
7f15a8000000-7f15a8d78000 rw-p 00000000 00:00 0 
7f15a8d78000-7f15ac000000 ---p 00000000 00:00 0 
7f15ac000000-7f15ac001000 r--s 00000000 08:03 19927113                   /var/cache/fontconfig/4794a0821666d79190d59a36cb4f44b5-le64.cache-3
7f15ac001000-7f15ac002000 r--s 00000000 08:03 19927134                   /var/cache/fontconfig/e7071f4a29fa870f4323321c154eba04-le64.cache-3
7f15ac002000-7f15ac003000 r--s 00000000 08:03 19927107                   /var/cache/fontconfig/0d8c3b2ac0904cb8a57a757ad11a4a08-le64.cache-3
7f15ac003000-7f15ac009000 r--s 00000000 08:03 19927124                   /var/cache/fontconfig/a755afe4a08bf5b97852ceb7400b47bc-le64.cache-3
7f15ac009000-7f15ac012000 r--s 00000000 08:03 19927460                   /var/cache/fontconfig/6d41288fd70b0be22e8c3a91e032eec0-le64.cache-3
7f15ac012000-7f15ac022000 r--s 00000000 08:03 19927106                   /var/cache/fontconfig/04aabc0a78ac019cf9454389977116d2-le64.cache-3
7f15ac022000-7f15ac023000 ---p 00000000 00:00 0 
7f15ac023000-7f15ac12e000 rw-p 00000000 00:00 0 
7f15ac12e000-7f15ac176000 rw-p 00000000 00:00 0 
7f15ac176000-7f15ac18d000 r-xp 00000000 08:03 21761730                   /lib/x86_64-linux-gnu/libnsl-2.15.so
7f15ac18d000-7f15ac38c000 ---p 00017000 08:03 21761730                   /lib/x86_64-linux-gnu/libnsl-2.15.so
7f15ac38c000-7f15ac38d000 r--p 00016000 08:03 21761730                   /lib/x86_64-linux-gnu/libnsl-2.15.so
7f15ac38d000-7f15ac38e000 rw-p 00017000 08:03 21761730                   /lib/x86_64-linux-gnu/libnsl-2.15.so
7f15ac38e000-7f15ac390000 rw-p 00000000 00:00 0 
7f15ac390000-7f15ac398000 r-xp 00000000 08:03 21758082                   /lib/x86_64-linux-gnu/libnss_compat-2.15.so
7f15ac398000-7f15ac597000 ---p 00008000 08:03 21758082                   /lib/x86_64-linux-gnu/libnss_compat-2.15.so
7f15ac597000-7f15ac598000 r--p 00007000 08:03 21758082                   /lib/x86_64-linux-gnu/libnss_compat-2.15.so
7f15ac598000-7f15ac599000 rw-p 00008000 08:03 21758082                   /lib/x86_64-linux-gnu/libnss_compat-2.15.so
7f15ac599000-7f15ac5c5000 r-xp 00000000 08:03 18618873                   /usr/lib/jvm/java-6-openjdk-amd64/jre/lib/amd64/libjava.so
7f15ac5c5000-7f15ac7c4000 ---p 0002c000 08:03 18618873                   /usr/lib/jvm/java-6-openjdk-amd64/jre/lib/amd64/libjava.so
7f15ac7c4000-7f15ac7c5000 r--p 0002b000 08:03 18618873                   /usr/lib/jvm/java-6-openjdk-amd64/jre/lib/amd64/libjava.so
7f15ac7c5000-7f15ac7c8000 rw-p 0002c000 08:03 18618873                   /usr/lib/jvm/java-6-openjdk-amd64/jre/lib/amd64/libjava.so
7f15ac7c8000-7f15ac7d6000 r-xp 00000000 08:03 18618872                   /usr/lib/jvm/java-6-openjdk-amd64/jre/lib/amd64/libverify.so
7f15ac7d6000-7f15ac9d5000 ---p 0000e000 08:03 18618872                   /usr/lib/jvm/java-6-openjdk-amd64/jre/lib/amd64/libverify.so
7f15ac9d5000-7f15ac9d7000 r--p 0000d000 08:03 18618872                   /usr/lib/jvm/java-6-openjdk-amd64/jre/lib/amd64/libverify.so
7f15ac9d7000-7f15ac9d8000 rw-p 0000f000 08:03 18618872                   /usr/lib/jvm/java-6-openjdk-amd64/jre/lib/amd64/libverify.so
7f15ac9d8000-7f15ac9df000 r-xp 00000000 08:03 21758075                   /lib/x86_64-linux-gnu/librt-2.15.so
7f15ac9df000-7f15acbde000 ---p 00007000 08:03 21758075                   /lib/x86_64-linux-gnu/librt-2.15.so
7f15acbde000-7f15acbdf000 r--p 00006000 08:03 21758075                   /lib/x86_64-linux-gnu/librt-2.15.so
7f15acbdf000-7f15acbe0000 rw-p 00007000 08:03 21758075                   /lib/x86_64-linux-gnu/librt-2.15.so
7f15acbe0000-7f15acbf5000 r-xp 00000000 08:03 21761542                   /lib/x86_64-linux-gnu/libgcc_s.so.1
7f15acbf5000-7f15acdf4000 ---p 00015000 08:03 21761542                   /lib/x86_64-linux-gnu/libgcc_s.so.1
7f15acdf4000-7f15acdf5000 r--p 00014000 08:03 21761542                   /lib/x86_64-linux-gnu/libgcc_s.so.1
7f15acdf5000-7f15acdf6000 rw-p 00015000 08:03 21761542                   /lib/x86_64-linux-gnu/libgcc_s.so.1
7f15acdf6000-7f15aceef000 r-xp 00000000 08:03 21758079                   /lib/x86_64-linux-gnu/libm-2.15.so
7f15aceef000-7f15ad0ee000 ---p 000f9000 08:03 21758079                   /lib/x86_64-linux-gnu/libm-2.15.so
7f15ad0ee000-7f15ad0ef000 r--p 000f8000 08:03 21758079                   /lib/x86_64-linux-gnu/libm-2.15.so
7f15ad0ef000-7f15ad0f0000 rw-p 000f9000 08:03 21758079                   /lib/x86_64-linux-gnu/libm-2.15.so
7f15ad0f0000-7f15ad1d2000 r-xp 00000000 08:03 18488773                   /usr/lib/x86_64-linux-gnu/libstdc++.so.6.0.16
7f15ad1d2000-7f15ad3d1000 ---p 000e2000 08:03 18488773                   /usr/lib/x86_64-linux-gnu/libstdc++.so.6.0.16
7f15ad3d1000-7f15ad3d9000 r--p 000e1000 08:03 18488773                   /usr/lib/x86_64-linux-gnu/libstdc++.so.6.0.16
7f15ad3d9000-7f15ad3db000 rw-p 000e9000 08:03 18488773                   /usr/lib/x86_64-linux-gnu/libstdc++.so.6.0.16
7f15ad3db000-7f15ad3f0000 rw-p 00000000 00:00 0 
7f15ad3f0000-7f15adcf4000 r-xp 00000000 08:03 18618878                   /usr/lib/jvm/java-6-openjdk-amd64/jre/lib/amd64/server/libjvm.so
7f15adcf4000-7f15adef4000 ---p 00904000 08:03 18618878                   /usr/lib/jvm/java-6-openjdk-amd64/jre/lib/amd64/server/libjvm.so
7f15adef4000-7f15adf74000 r--p 00904000 08:03 18618878                   /usr/lib/jvm/java-6-openjdk-amd64/jre/lib/amd64/server/libjvm.so
7f15adf74000-7f15adf8f000 rw-p 00984000 08:03 18618878                   /usr/lib/jvm/java-6-openjdk-amd64/jre/lib/amd64/server/libjvm.so
7f15adf8f000-7f15adfb8000 rw-p 00000000 00:00 0 
7f15adfb8000-7f15adfce000 r-xp 00000000 08:03 21761632                   /lib/x86_64-linux-gnu/libz.so.1.2.3.4
7f15adfce000-7f15ae1cd000 ---p 00016000 08:03 21761632                   /lib/x86_64-linux-gnu/libz.so.1.2.3.4
7f15ae1cd000-7f15ae1ce000 r--p 00015000 08:03 21761632                   /lib/x86_64-linux-gnu/libz.so.1.2.3.4
7f15ae1ce000-7f15ae1cf000 rw-p 00016000 08:03 21761632                   /lib/x86_64-linux-gnu/libz.so.1.2.3.4
7f15ae1cf000-7f15ae384000 r-xp 00000000 08:03 21757975                   /lib/x86_64-linux-gnu/libc-2.15.so
7f15ae384000-7f15ae583000 ---p 001b5000 08:03 21757975                   /lib/x86_64-linux-gnu/libc-2.15.so
7f15ae583000-7f15ae587000 r--p 001b4000 08:03 21757975                   /lib/x86_64-linux-gnu/libc-2.15.so
7f15ae587000-7f15ae589000 rw-p 001b8000 08:03 21757975                   /lib/x86_64-linux-gnu/libc-2.15.so
7f15ae589000-7f15ae58e000 rw-p 00000000 00:00 0 
7f15ae58e000-7f15ae590000 r-xp 00000000 08:03 21757964                   /lib/x86_64-linux-gnu/libdl-2.15.so
7f15ae590000-7f15ae790000 ---p 00002000 08:03 21757964                   /lib/x86_64-linux-gnu/libdl-2.15.so
7f15ae790000-7f15ae791000 r--p 00002000 08:03 21757964                   /lib/x86_64-linux-gnu/libdl-2.15.so
7f15ae791000-7f15ae792000 rw-p 00003000 08:03 21757964                   /lib/x86_64-linux-gnu/libdl-2.15.so
7f15ae792000-7f15ae796000 r-xp 00000000 08:03 18618855                   /usr/lib/jvm/java-6-openjdk-amd64/jre/lib/amd64/jli/libjli.so
7f15ae796000-7f15ae995000 ---p 00004000 08:03 18618855                   /usr/lib/jvm/java-6-openjdk-amd64/jre/lib/amd64/jli/libjli.so
7f15ae995000-7f15ae996000 r--p 00003000 08:03 18618855                   /usr/lib/jvm/java-6-openjdk-amd64/jre/lib/amd64/jli/libjli.so
7f15ae996000-7f15ae997000 rw-p 00004000 08:03 18618855                   /usr/lib/jvm/java-6-openjdk-amd64/jre/lib/amd64/jli/libjli.so
7f15ae997000-7f15ae9af000 r-xp 00000000 08:03 21758073                   /lib/x86_64-linux-gnu/libpthread-2.15.so
7f15ae9af000-7f15aebae000 ---p 00018000 08:03 21758073                   /lib/x86_64-linux-gnu/libpthread-2.15.so
7f15aebae000-7f15aebaf000 r--p 00017000 08:03 21758073                   /lib/x86_64-linux-gnu/libpthread-2.15.so
7f15aebaf000-7f15aebb0000 rw-p 00018000 08:03 21758073                   /lib/x86_64-linux-gnu/libpthread-2.15.so
7f15aebb0000-7f15aebb4000 rw-p 00000000 00:00 0 
7f15aebb4000-7f15aebd6000 r-xp 00000000 08:03 21758085                   /lib/x86_64-linux-gnu/ld-2.15.so
7f15aebd6000-7f15aebd9000 r--s 00000000 08:03 19927121                   /var/cache/fontconfig/8801497958630a81b71ace7c5f9b32a8-le64.cache-3
7f15aebd9000-7f15aebdc000 r--s 00000000 08:03 19927112                   /var/cache/fontconfig/385c0604a188198f04d133e54aba7fe7-le64.cache-3
7f15aebdc000-7f15aebdf000 r--s 00000000 08:03 19927121                   /var/cache/fontconfig/8801497958630a81b71ace7c5f9b32a8-le64.cache-3
7f15aebdf000-7f15aebe4000 r--s 00000000 08:03 19927110                   /var/cache/fontconfig/3047814df9a2f067bd2d96a2b9c36e5a-le64.cache-3
7f15aebe4000-7f15aebf4000 r--s 00000000 08:03 19927130                   /var/cache/fontconfig/d52a8644073d54c13679302ca1180695-le64.cache-3
7f15aebf4000-7f15aebfe000 rw-p 00000000 00:00 0 
7f15aebfe000-7f15aecb4000 rw-p 00000000 00:00 0 
7f15aecb4000-7f15aecb7000 ---p 00000000 00:00 0 
7f15aecb7000-7f15aedba000 rw-p 00000000 00:00 0 
7f15aedba000-7f15aedbb000 r--s 00000000 08:03 19927127                   /var/cache/fontconfig/c05880de57d1f5e948fdfacc138775d9-le64.cache-3
7f15aedbb000-7f15aedbc000 r--s 00000000 08:03 19927113                   /var/cache/fontconfig/4794a0821666d79190d59a36cb4f44b5-le64.cache-3
7f15aedbc000-7f15aedbd000 r--s 00000000 08:03 19927115                   /var/cache/fontconfig/56cf4f4769d0f4abc89a4895d7bd3ae1-le64.cache-3
7f15aedbd000-7f15aedbe000 r--s 00000000 08:03 19927126                   /var/cache/fontconfig/b9d506c9ac06c20b433354fa67a72993-le64.cache-3
7f15aedbe000-7f15aedc3000 r--s 00000000 08:03 19927125                   /var/cache/fontconfig/b47c4e1ecd0709278f4910c18777a504-le64.cache-3
7f15aedc3000-7f15aedc6000 r--s 00000000 08:03 19927196                   /var/cache/fontconfig/e13b20fdb08344e0e664864cc2ede53d-le64.cache-3
7f15aedc6000-7f15aedca000 r--s 00000000 08:03 19927452                   /var/cache/fontconfig/7ef2298fde41cc6eeb7af42e48b7d293-le64.cache-3
7f15aedca000-7f15aedd2000 rw-s 00000000 08:03 8126514                    /tmp/hsperfdata_arwilczek90/12217 (deleted)
7f15aedd2000-7f15aedd3000 rw-p 00000000 00:00 0 
7f15aedd3000-7f15aedd4000 ---p 00000000 00:00 0 
7f15aedd4000-7f15aedd6000 rw-p 00000000 00:00 0 
7f15aedd6000-7f15aedd7000 r--p 00022000 08:03 21758085                   /lib/x86_64-linux-gnu/ld-2.15.so
7f15aedd7000-7f15aedd9000 rw-p 00023000 08:03 21758085                   /lib/x86_64-linux-gnu/ld-2.15.so
7fff7ff1a000-7fff7ff3b000 rw-p 00000000 00:00 0                          [stack]
7fff7ffff000-7fff80000000 r-xp 00000000 00:00 0                          [vdso]
ffffffffff600000-ffffffffff601000 r-xp 00000000 00:00 0                  [vsyscall]

VM Arguments:
jvm_args: -Djava.library.path=/home/arwilczek90/workspace/Elements/lib/slick:/home/arwilczek90/workspace/Elements/lib/slick -Dfile.encoding=UTF-8 
java_command: com.hack.elements.view.Main
Launcher Type: SUN_STANDARD

Environment Variables:
PATH=/usr/lib/lightdm/lightdm:/usr/local/sbin:/usr/local/bin:/usr/sbin:/usr/bin:/sbin:/bin:/usr/games
LD_LIBRARY_PATH=/usr/lib/jvm/java-6-openjdk-amd64/jre/lib/amd64/server:/usr/lib/jvm/java-6-openjdk-amd64/jre/lib/amd64:/usr/lib/jvm/java-6-openjdk-amd64/jre/../lib/amd64
SHELL=/bin/bash
DISPLAY=:0.0

Signal Handlers:
SIGSEGV: [libjvm.so+0x784310], sa_mask[0]=0x7ffbfeff, sa_flags=0x10000004
SIGBUS: [libjvm.so+0x784310], sa_mask[0]=0x7ffbfeff, sa_flags=0x10000004
SIGFPE: [libjvm.so+0x648580], sa_mask[0]=0x7ffbfeff, sa_flags=0x10000004
SIGPIPE: [libjvm.so+0x648580], sa_mask[0]=0x7ffbfeff, sa_flags=0x10000004
SIGXFSZ: [libjvm.so+0x648580], sa_mask[0]=0x7ffbfeff, sa_flags=0x10000004
SIGILL: [libjvm.so+0x648580], sa_mask[0]=0x7ffbfeff, sa_flags=0x10000004
SIGUSR1: SIG_DFL, sa_mask[0]=0x00000000, sa_flags=0x00000000
SIGUSR2: [libjvm.so+0x648730], sa_mask[0]=0x00000004, sa_flags=0x10000004
SIGHUP: [libjvm.so+0x64b250], sa_mask[0]=0x7ffbfeff, sa_flags=0x10000004
SIGINT: [libjvm.so+0x64b250], sa_mask[0]=0x7ffbfeff, sa_flags=0x10000004
SIGTERM: [libjvm.so+0x64b250], sa_mask[0]=0x7ffbfeff, sa_flags=0x10000004
SIGQUIT: [libjvm.so+0x64b250], sa_mask[0]=0x7ffbfeff, sa_flags=0x10000004


---------------  S Y S T E M  ---------------

OS:Ubuntu 12.04 (precise)
uname:Linux 3.2.0-32-generic #51-Ubuntu SMP Wed Sep 26 21:33:09 UTC 2012 x86_64
libc:glibc 2.15 NPTL 2.15 
rlimit: STACK 8192k, CORE 0k, NPROC 59545, NOFILE 4096, AS infinity
load average:1.27 1.12 0.78

/proc/meminfo:
MemTotal:        7639648 kB
MemFree:         4312040 kB
Buffers:          113000 kB
Cached:          1131900 kB
SwapCached:            0 kB
Active:          2152996 kB
Inactive:         706660 kB
Active(anon):    1615592 kB
Inactive(anon):    18660 kB
Active(file):     537404 kB
Inactive(file):   688000 kB
Unevictable:          20 kB
Mlocked:              20 kB
SwapTotal:       3818492 kB
SwapFree:        3818492 kB
Dirty:               128 kB
Writeback:             0 kB
AnonPages:       1614792 kB
Mapped:           331548 kB
Shmem:             19492 kB
Slab:              92572 kB
SReclaimable:      62008 kB
SUnreclaim:        30564 kB
KernelStack:        4112 kB
PageTables:        35336 kB
NFS_Unstable:          0 kB
Bounce:                0 kB
WritebackTmp:          0 kB
CommitLimit:     7638316 kB
Committed_AS:    4415112 kB
VmallocTotal:   34359738367 kB
VmallocUsed:      116912 kB
VmallocChunk:   34359619344 kB
HardwareCorrupted:     0 kB
AnonHugePages:         0 kB
HugePages_Total:       0
HugePages_Free:        0
HugePages_Rsvd:        0
HugePages_Surp:        0
Hugepagesize:       2048 kB
DirectMap4k:      290816 kB
DirectMap2M:     5455872 kB
DirectMap1G:     2097152 kB


CPU:total 4 (4 cores per cpu, 1 threads per core) family 18 model 1 stepping 0, cmov, cx8, fxsr, mmx, sse, sse2, sse3, popcnt, mmxext, 3dnowpref, lzcnt, sse4a

Memory: 4k page, physical 7639648k(4312040k free), swap 3818492k(3818492k free)

vm_info: OpenJDK 64-Bit Server VM (20.0-b12) for linux-amd64 JRE (1.6.0_24-b24), built on Sep  2 2012 19:50:47 by "buildd" with gcc 4.6.3

time: Sat Oct 13 19:04:16 2012
elapsed time: 62 seconds

