#
# A fatal error has been detected by the Java Runtime Environment:
#
#  SIGSEGV (0xb) at pc=0x00007f1c2a4d5c58, pid=19863, tid=139758971901696
#
# JRE version: 6.0_24-b24
# Java VM: OpenJDK 64-Bit Server VM (20.0-b12 mixed mode linux-amd64 compressed oops)
# Derivative: IcedTea6 1.11.4
# Distribution: Ubuntu 12.04 LTS, package 6b24-1.11.4-1ubuntu0.12.04.1
# Problematic frame:
# C  [libX11.so.6+0x33c58]  XQueryExtension+0x28
#
# If you would like to submit a bug report, please include
# instructions how to reproduce the bug and visit:
#   https://bugs.launchpad.net/ubuntu/+source/openjdk-6/
#

---------------  T H R E A D  ---------------

Current thread (0x00007f1c34070000):  VMThread [stack: 0x00007f1c2bcfd000,0x00007f1c2bdfe000] [id=19873]

siginfo:si_signo=SIGSEGV: si_errno=0, si_code=1 (SEGV_MAPERR), si_addr=0x000000003421a178

Registers:
RAX=0x00007f1c180008c0, RBX=0x0000000034219810, RCX=0x00007f1c2bdfc858, RDX=0x00007f1c2bdfc854
RSP=0x00007f1c2bdfc7f0, RBP=0x00007f1c283fe932, RSI=0x00007f1c283fe932, RDI=0x0000000034219810
R8 =0x00007f1c2bdfc85c, R9 =0x0000000000000000, R10=0x00007f1c3aa8ffa8, R11=0x00007f1c3a70fca0
R12=0x0000000000000000, R13=0x00007f1c283fe932, R14=0x00007f1c180008c0, R15=0x0000000000000000
RIP=0x00007f1c2a4d5c58, EFLAGS=0x0000000000010206, CSGSFS=0x0000000000000033, ERR=0x0000000000000004
  TRAPNO=0x000000000000000e

Top of Stack: (sp=0x00007f1c2bdfc7f0)
0x00007f1c2bdfc7f0:   00007f1c3a6e2790 00007f1c3b2be9e8
0x00007f1c2bdfc800:   00007f1c31098800 00007f1c31098860
0x00007f1c2bdfc810:   00000000ffffffff 0000000034219810
0x00007f1c2bdfc820:   00007f1c283fe932 0000000000000000
0x00007f1c2bdfc830:   00007f1c283fe932 00007f1c180008c0
0x00007f1c2bdfc840:   0000000000000000 00007f1c2a4c9c55
0x00007f1c2bdfc850:   00007f1c3b2dc048 00007f1c28537520
0x00007f1c2bdfc860:   00007f1c28537520 0000000034219810
0x00007f1c2bdfc870:   00007f1c3417cb00 00007f1c2a7e302b
0x00007f1c2bdfc880:   00007f1c3a6e2790 000000110000002c
0x00007f1c2bdfc890:   00007f1c2bdfc910 0000000000000000
0x00007f1c2bdfc8a0:   00007f1c2bdfc910 0000000034219810
0x00007f1c2bdfc8b0:   0000000000000000 00007f1c3b2dc048
0x00007f1c2bdfc8c0:   00007f1c28550d50 00007f1c283a5119
0x00007f1c2bdfc8d0:   0000000000000000 000000000000002c
0x00007f1c2bdfc8e0:   00007f1c2bdfc910 00007f1c2bdfc930
0x00007f1c2bdfc8f0:   0000000000000000 00007f1c3b2dc048
0x00007f1c2bdfc900:   00007f1c34219370 00007f1c2839bb42
0x00007f1c2bdfc910:   00007f1c2bdfcb00 00007f1c283fe8b1
0x00007f1c2bdfc920:   00007f1c2bdfcb00 00007f1c3b0c892d
0x00007f1c2bdfc930:   00007f1c3b2dd2c8 00007f1c3b2dd858
0x00007f1c2bdfc940:   00007f1c3b2be000 00007f1c34006a00
0x00007f1c2bdfc950:   00007f1c34007510 00007f1c34006eb0
0x00007f1c2bdfc960:   00007f1c34007a10 00007f1c3400c6f0
0x00007f1c2bdfc970:   00007f1c3413dc80 00007f1c3413e160
0x00007f1c2bdfc980:   00007f1c3b2bd000 00007f1c34215d70
0x00007f1c2bdfc990:   00007f1c3420e870 00007f1c3420ed10
0x00007f1c2bdfc9a0:   00007f1c34216240 00007f1c342166e0
0x00007f1c2bdfc9b0:   00007f1c34216b80 00007f1c34103840
0x00007f1c2bdfc9c0:   00007f1c34105d20 00007f1c340025e0
0x00007f1c2bdfc9d0:   00007f1c34001ec0 000000000231e5f0
0x00007f1c2bdfc9e0:   000000000231eb60 000000000231f570 

Instructions: (pc=0x00007f1c2a4d5c58)
0x00007f1c2a4d5c38:   24 d8 48 89 fb 4c 89 64 24 e0 4c 89 6c 24 e8 48
0x00007f1c2a4d5c48:   89 f5 4c 89 74 24 f0 4c 89 7c 24 f8 48 83 ec 58
0x00007f1c2a4d5c58:   48 8b 87 68 09 00 00 49 89 d4 49 89 cd 4d 89 c6
0x00007f1c2a4d5c68:   48 85 c0 74 02 ff 10 ba 08 00 00 00 be 62 00 00 

Register to memory mapping:

RAX=0x00007f1c180008c0 is an unknown value
RBX=0x0000000034219810 is an unknown value
RCX=0x00007f1c2bdfc858 is an unknown value
RDX=0x00007f1c2bdfc854 is an unknown value
RSP=0x00007f1c2bdfc7f0 is an unknown value
RBP=0x00007f1c283fe932: <offset 0x96932> in /usr/lib/fglrx/libGL.so.1 at 0x00007f1c28368000
RSI=0x00007f1c283fe932: <offset 0x96932> in /usr/lib/fglrx/libGL.so.1 at 0x00007f1c28368000
RDI=0x0000000034219810 is an unknown value
R8 =0x00007f1c2bdfc85c is an unknown value
R9 =0x0000000000000000 is an unknown value
R10=0x00007f1c3aa8ffa8: <offset 0x3bbfa8> in /lib/x86_64-linux-gnu/libc.so.6 at 0x00007f1c3a6d4000
R11=0x00007f1c3a70fca0: __cxa_finalize+0 in /lib/x86_64-linux-gnu/libc.so.6 at 0x00007f1c3a6d4000
R12=0x0000000000000000 is an unknown value
R13=0x00007f1c283fe932: <offset 0x96932> in /usr/lib/fglrx/libGL.so.1 at 0x00007f1c28368000
R14=0x00007f1c180008c0 is an unknown value
R15=0x0000000000000000 is an unknown value


Stack: [0x00007f1c2bcfd000,0x00007f1c2bdfe000],  sp=0x00007f1c2bdfc7f0,  free space=1021k
Native frames: (J=compiled Java code, j=interpreted, Vv=VM code, C=native code)
C  [libX11.so.6+0x33c58]  XQueryExtension+0x28

VM_Operation (0x00007f1c3b2b8680): Exit, mode: safepoint, requested by thread 0x00007f1c34008800


---------------  P R O C E S S  ---------------

Java Threads: ( => current thread )
  0x00007f1c34ae2000 JavaThread "Thread-2" daemon [_thread_blocked, id=19884, stack(0x00007f1c2132e000,0x00007f1c2142f000)]
  0x00007f1c34215800 JavaThread "AWT-XAWT" daemon [_thread_blocked, id=19882, stack(0x00007f1c28cc3000,0x00007f1c28dc4000)]
  0x00007f1c34147000 JavaThread "Java2D Disposer" daemon [_thread_blocked, id=19881, stack(0x00007f1c29283000,0x00007f1c29384000)]
  0x00007f1c3409e800 JavaThread "Low Memory Detector" daemon [_thread_blocked, id=19879, stack(0x00007f1c2b014000,0x00007f1c2b115000)]
  0x00007f1c3409c000 JavaThread "C2 CompilerThread1" daemon [_thread_blocked, id=19878, stack(0x00007f1c2b115000,0x00007f1c2b216000)]
  0x00007f1c34099800 JavaThread "C2 CompilerThread0" daemon [_thread_blocked, id=19877, stack(0x00007f1c2b216000,0x00007f1c2b317000)]
  0x00007f1c34098000 JavaThread "Signal Dispatcher" daemon [_thread_blocked, id=19876, stack(0x00007f1c2b317000,0x00007f1c2b418000)]
  0x00007f1c34079000 JavaThread "Finalizer" daemon [_thread_blocked, id=19875, stack(0x00007f1c2bafb000,0x00007f1c2bbfc000)]
  0x00007f1c34077000 JavaThread "Reference Handler" daemon [_thread_blocked, id=19874, stack(0x00007f1c2bbfc000,0x00007f1c2bcfd000)]
  0x00007f1c34008800 JavaThread "main" [_thread_blocked, id=19868, stack(0x00007f1c3b1b9000,0x00007f1c3b2ba000)]

Other Threads:
=>0x00007f1c34070000 VMThread [stack: 0x00007f1c2bcfd000,0x00007f1c2bdfe000] [id=19873]

VM state:at safepoint (shutting down)

VM Mutex/Monitor currently owned by a thread:  ([mutex/lock_event])
[0x00007f1c34004dd0] Threads_lock - owner thread: 0x00007f1c34070000

Heap
 PSYoungGen      total 34880K, used 7983K [0x00000000d9200000, 0x00000000db8e0000, 0x0000000100000000)
  eden space 29952K, 26% used [0x00000000d9200000,0x00000000d99cbc28,0x00000000daf40000)
  from space 4928K, 0% used [0x00000000db410000,0x00000000db410000,0x00000000db8e0000)
  to   space 4928K, 0% used [0x00000000daf40000,0x00000000daf40000,0x00000000db410000)
 PSOldGen        total 79616K, used 0K [0x000000008b600000, 0x00000000903c0000, 0x00000000d9200000)
  object space 79616K, 0% used [0x000000008b600000,0x000000008b600000,0x00000000903c0000)
 PSPermGen       total 21248K, used 11294K [0x0000000081000000, 0x00000000824c0000, 0x000000008b600000)
  object space 21248K, 53% used [0x0000000081000000,0x0000000081b07838,0x00000000824c0000)

Code Cache  [0x00007f1c31000000, 0x00007f1c31270000, 0x00007f1c34000000)
 total_blobs=570 nmethods=85 adapters=439 free_code_cache=49621952 largest_free_block=6336

Dynamic libraries:
00400000-00409000 r-xp 00000000 08:03 18618890                           /usr/lib/jvm/java-6-openjdk-amd64/jre/bin/java
00608000-00609000 r--p 00008000 08:03 18618890                           /usr/lib/jvm/java-6-openjdk-amd64/jre/bin/java
00609000-0060a000 rw-p 00009000 08:03 18618890                           /usr/lib/jvm/java-6-openjdk-amd64/jre/bin/java
0231e000-0233f000 rw-p 00000000 00:00 0                                  [heap]
81000000-824c0000 rw-p 00000000 00:00 0 
824c0000-8b600000 rw-p 00000000 00:00 0 
8b600000-903c0000 rw-p 00000000 00:00 0 
903c0000-d9200000 rw-p 00000000 00:00 0 
d9200000-db8e0000 rw-p 00000000 00:00 0 
db8e0000-100000000 rw-p 00000000 00:00 0 
7f1be4000000-7f1be4021000 rw-p 00000000 00:00 0 
7f1be4021000-7f1be8000000 ---p 00000000 00:00 0 
7f1be8000000-7f1be8021000 rw-p 00000000 00:00 0 
7f1be8021000-7f1bec000000 ---p 00000000 00:00 0 
7f1bec000000-7f1bec021000 rw-p 00000000 00:00 0 
7f1bec021000-7f1bf0000000 ---p 00000000 00:00 0 
7f1bf0000000-7f1bf0021000 rw-p 00000000 00:00 0 
7f1bf0021000-7f1bf4000000 ---p 00000000 00:00 0 
7f1bf4000000-7f1bf4021000 rw-p 00000000 00:00 0 
7f1bf4021000-7f1bf8000000 ---p 00000000 00:00 0 
7f1bf8000000-7f1bf8021000 rw-p 00000000 00:00 0 
7f1bf8021000-7f1bfc000000 ---p 00000000 00:00 0 
7f1bfc000000-7f1bfc1a3000 rw-p 00000000 00:00 0 
7f1bfc1a3000-7f1c00000000 ---p 00000000 00:00 0 
7f1c00000000-7f1c00021000 rw-p 00000000 00:00 0 
7f1c00021000-7f1c04000000 ---p 00000000 00:00 0 
7f1c04000000-7f1c04021000 rw-p 00000000 00:00 0 
7f1c04021000-7f1c08000000 ---p 00000000 00:00 0 
7f1c08000000-7f1c081ba000 rw-p 00000000 00:00 0 
7f1c081ba000-7f1c0c000000 ---p 00000000 00:00 0 
7f1c0c000000-7f1c0c021000 rw-p 00000000 00:00 0 
7f1c0c021000-7f1c10000000 ---p 00000000 00:00 0 
7f1c10000000-7f1c10021000 rw-p 00000000 00:00 0 
7f1c10021000-7f1c14000000 ---p 00000000 00:00 0 
7f1c14000000-7f1c14021000 rw-p 00000000 00:00 0 
7f1c14021000-7f1c18000000 ---p 00000000 00:00 0 
7f1c18000000-7f1c18021000 rw-p 00000000 00:00 0 
7f1c18021000-7f1c1c000000 ---p 00000000 00:00 0 
7f1c1c000000-7f1c1c021000 rw-p 00000000 00:00 0 
7f1c1c021000-7f1c20000000 ---p 00000000 00:00 0 
7f1c20b25000-7f1c20b28000 ---p 00000000 00:00 0 
7f1c20b28000-7f1c20e28000 rw-p 00000000 00:00 0 
7f1c20f28000-7f1c20f2b000 ---p 00000000 00:00 0 
7f1c20f2b000-7f1c2122b000 rw-p 00000000 00:00 0 
7f1c2122b000-7f1c2122e000 r-xp 00000000 08:03 15602613                   /home/arwilczek90/workspace/Elements/lib/slick/libjinput-linux64.so
7f1c2122e000-7f1c2132d000 ---p 00003000 08:03 15602613                   /home/arwilczek90/workspace/Elements/lib/slick/libjinput-linux64.so
7f1c2132d000-7f1c2132e000 rw-p 00002000 08:03 15602613                   /home/arwilczek90/workspace/Elements/lib/slick/libjinput-linux64.so
7f1c2132e000-7f1c21331000 ---p 00000000 00:00 0 
7f1c21331000-7f1c2142f000 rw-p 00000000 00:00 0 
7f1c2142f000-7f1c21b2f000 rw-s 00006000 00:05 10225                      /dev/ati/card0
7f1c21b2f000-7f1c21b31000 r-xp 00000000 08:03 18488267                   /usr/lib/x86_64-linux-gnu/libXinerama.so.1.0.0
7f1c21b31000-7f1c21d30000 ---p 00002000 08:03 18488267                   /usr/lib/x86_64-linux-gnu/libXinerama.so.1.0.0
7f1c21d30000-7f1c21d31000 r--p 00001000 08:03 18488267                   /usr/lib/x86_64-linux-gnu/libXinerama.so.1.0.0
7f1c21d31000-7f1c21d32000 rw-p 00002000 08:03 18488267                   /usr/lib/x86_64-linux-gnu/libXinerama.so.1.0.0
7f1c21d32000-7f1c23c8c000 r-xp 00000000 08:03 19009510                   /usr/lib/fglrx/dri/fglrx_dri.so
7f1c23c8c000-7f1c23d8c000 ---p 01f5a000 08:03 19009510                   /usr/lib/fglrx/dri/fglrx_dri.so
7f1c23d8c000-7f1c23eda000 rwxp 01f5a000 08:03 19009510                   /usr/lib/fglrx/dri/fglrx_dri.so
7f1c23eda000-7f1c24000000 rwxp 00000000 00:00 0 
7f1c24000000-7f1c24021000 rw-p 00000000 00:00 0 
7f1c24021000-7f1c28000000 ---p 00000000 00:00 0 
7f1c280b0000-7f1c280eb000 r-xp 00000000 08:03 19009508                   /usr/lib/fglrx/libatiadlxx.so
7f1c280eb000-7f1c281eb000 ---p 0003b000 08:03 19009508                   /usr/lib/fglrx/libatiadlxx.so
7f1c281eb000-7f1c281f4000 rw-p 0003b000 08:03 19009508                   /usr/lib/fglrx/libatiadlxx.so
7f1c281f4000-7f1c28205000 rw-p 00000000 00:00 0 
7f1c2821f000-7f1c2825f000 rw-s f0300000 00:05 10225                      /dev/ati/card0
7f1c2825f000-7f1c28266000 r-xp 00000000 08:03 19009532                   /usr/lib/fglrx/libatiuki.so.1.0
7f1c28266000-7f1c28366000 ---p 00007000 08:03 19009532                   /usr/lib/fglrx/libatiuki.so.1.0
7f1c28366000-7f1c28367000 rw-p 00007000 08:03 19009532                   /usr/lib/fglrx/libatiuki.so.1.0
7f1c28367000-7f1c28368000 rw-p 00000000 00:00 0 
7f1c28368000-7f1c2842b000 r-xp 00000000 08:03 19009512                   /usr/lib/fglrx/libGL.so.1.2
7f1c2842b000-7f1c2852a000 ---p 000c3000 08:03 19009512                   /usr/lib/fglrx/libGL.so.1.2
7f1c2852a000-7f1c28551000 rwxp 000c2000 08:03 19009512                   /usr/lib/fglrx/libGL.so.1.2
7f1c28551000-7f1c28571000 rwxp 00000000 00:00 0 
7f1c28571000-7f1c28572000 r-xp 00000000 08:03 18618886                   /usr/lib/jvm/java-6-openjdk-amd64/jre/lib/amd64/libjawt.so
7f1c28572000-7f1c28771000 ---p 00001000 08:03 18618886                   /usr/lib/jvm/java-6-openjdk-amd64/jre/lib/amd64/libjawt.so
7f1c28771000-7f1c28772000 r--p 00000000 08:03 18618886                   /usr/lib/jvm/java-6-openjdk-amd64/jre/lib/amd64/libjawt.so
7f1c28772000-7f1c28773000 rw-p 00001000 08:03 18618886                   /usr/lib/jvm/java-6-openjdk-amd64/jre/lib/amd64/libjawt.so
7f1c28773000-7f1c28777000 r-xp 00000000 08:03 18488287                   /usr/lib/x86_64-linux-gnu/libXxf86vm.so.1.0.0
7f1c28777000-7f1c28976000 ---p 00004000 08:03 18488287                   /usr/lib/x86_64-linux-gnu/libXxf86vm.so.1.0.0
7f1c28976000-7f1c28977000 r--p 00003000 08:03 18488287                   /usr/lib/x86_64-linux-gnu/libXxf86vm.so.1.0.0
7f1c28977000-7f1c28978000 rw-p 00004000 08:03 18488287                   /usr/lib/x86_64-linux-gnu/libXxf86vm.so.1.0.0
7f1c28978000-7f1c28980000 r-xp 00000000 08:03 18488277                   /usr/lib/x86_64-linux-gnu/libXrandr.so.2.2.0
7f1c28980000-7f1c28b7f000 ---p 00008000 08:03 18488277                   /usr/lib/x86_64-linux-gnu/libXrandr.so.2.2.0
7f1c28b7f000-7f1c28b80000 r--p 00007000 08:03 18488277                   /usr/lib/x86_64-linux-gnu/libXrandr.so.2.2.0
7f1c28b80000-7f1c28b81000 rw-p 00008000 08:03 18488277                   /usr/lib/x86_64-linux-gnu/libXrandr.so.2.2.0
7f1c28b81000-7f1c28bc1000 r-xp 00000000 08:03 15602617                   /home/arwilczek90/workspace/Elements/lib/slick/liblwjgl64.so
7f1c28bc1000-7f1c28cc1000 ---p 00040000 08:03 15602617                   /home/arwilczek90/workspace/Elements/lib/slick/liblwjgl64.so
7f1c28cc1000-7f1c28cc3000 rw-p 00040000 08:03 15602617                   /home/arwilczek90/workspace/Elements/lib/slick/liblwjgl64.so
7f1c28cc3000-7f1c28cc6000 ---p 00000000 00:00 0 
7f1c28cc6000-7f1c28dc4000 rw-p 00000000 00:00 0 
7f1c28dc4000-7f1c28dc5000 r--s 00000000 08:03 19927127                   /var/cache/fontconfig/c05880de57d1f5e948fdfacc138775d9-le64.cache-3
7f1c28dc5000-7f1c28dce000 r--s 00000000 08:03 19927122                   /var/cache/fontconfig/945677eb7aeaf62f1d50efc3fb3ec7d8-le64.cache-3
7f1c28dce000-7f1c28dd0000 r--s 00000000 08:03 19927123                   /var/cache/fontconfig/99e8ed0e538f840c565b6ed5dad60d56-le64.cache-3
7f1c28dd0000-7f1c28dd4000 r--s 00000000 08:03 19927109                   /var/cache/fontconfig/2cd17615ca594fa2959ae173292e504c-le64.cache-3
7f1c28dd4000-7f1c28dd5000 r--s 00000000 08:03 19927134                   /var/cache/fontconfig/e7071f4a29fa870f4323321c154eba04-le64.cache-3
7f1c28dd5000-7f1c28dd6000 r--s 00000000 08:03 19927107                   /var/cache/fontconfig/0d8c3b2ac0904cb8a57a757ad11a4a08-le64.cache-3
7f1c28dd6000-7f1c28ddc000 r--s 00000000 08:03 19927124                   /var/cache/fontconfig/a755afe4a08bf5b97852ceb7400b47bc-le64.cache-3
7f1c28ddc000-7f1c28de5000 r--s 00000000 08:03 19927460                   /var/cache/fontconfig/6d41288fd70b0be22e8c3a91e032eec0-le64.cache-3
7f1c28de5000-7f1c28df5000 r--s 00000000 08:03 19927106                   /var/cache/fontconfig/04aabc0a78ac019cf9454389977116d2-le64.cache-3
7f1c28df5000-7f1c28e23000 r--s 00000000 08:03 19927454                   /var/cache/fontconfig/365b55f210c0a22e9a19e35191240f32-le64.cache-3
7f1c28e33000-7f1c28e35000 r--s 00015000 08:03 15598514                   /home/arwilczek90/workspace/Elements/lib/slick/lib/tinylinepp.jar
7f1c28e35000-7f1c28e38000 r--s 00015000 08:03 15598512                   /home/arwilczek90/workspace/Elements/lib/slick/lib/slick-util.jar
7f1c28e38000-7f1c28e40000 r--s 00067000 08:03 15598510                   /home/arwilczek90/workspace/Elements/lib/slick/lib/slick-sources.jar
7f1c28e40000-7f1c28e41000 r--s 00000000 08:03 15598509                   /home/arwilczek90/workspace/Elements/lib/slick/lib/slick-examples.jar
7f1c28e41000-7f1c28e42000 r--s 00003000 08:03 15598508                   /home/arwilczek90/workspace/Elements/lib/slick/lib/scalar.jar
7f1c28e42000-7f1c28e45000 r--s 00017000 08:03 15598507                   /home/arwilczek90/workspace/Elements/lib/slick/lib/pedigree.jar
7f1c28e45000-7f1c28e50000 r--s 00093000 08:03 15598513                   /home/arwilczek90/workspace/Elements/lib/slick/lib/slick.jar
7f1c28e50000-7f1c28e52000 r--s 00004000 08:03 15598506                   /home/arwilczek90/workspace/Elements/lib/slick/lib/packulike.jar
7f1c28e52000-7f1c28e57000 r-xp 00000000 08:03 18488261                   /usr/lib/x86_64-linux-gnu/libXfixes.so.3.1.0
7f1c28e57000-7f1c29056000 ---p 00005000 08:03 18488261                   /usr/lib/x86_64-linux-gnu/libXfixes.so.3.1.0
7f1c29056000-7f1c29057000 r--p 00004000 08:03 18488261                   /usr/lib/x86_64-linux-gnu/libXfixes.so.3.1.0
7f1c29057000-7f1c29058000 rw-p 00005000 08:03 18488261                   /usr/lib/x86_64-linux-gnu/libXfixes.so.3.1.0
7f1c29058000-7f1c29061000 r-xp 00000000 08:03 18488253                   /usr/lib/x86_64-linux-gnu/libXcursor.so.1.0.2
7f1c29061000-7f1c29260000 ---p 00009000 08:03 18488253                   /usr/lib/x86_64-linux-gnu/libXcursor.so.1.0.2
7f1c29260000-7f1c29261000 r--p 00008000 08:03 18488253                   /usr/lib/x86_64-linux-gnu/libXcursor.so.1.0.2
7f1c29261000-7f1c29262000 rw-p 00009000 08:03 18488253                   /usr/lib/x86_64-linux-gnu/libXcursor.so.1.0.2
7f1c29262000-7f1c29263000 r--s 00043000 08:03 15598505                   /home/arwilczek90/workspace/Elements/lib/slick/lib/natives-win32.jar
7f1c29263000-7f1c29265000 r--s 00033000 08:03 15598504                   /home/arwilczek90/workspace/Elements/lib/slick/lib/natives-mac.jar
7f1c29265000-7f1c29266000 r--s 0003d000 08:03 15598503                   /home/arwilczek90/workspace/Elements/lib/slick/lib/natives-linux.jar
7f1c29266000-7f1c2926d000 r--s 00073000 08:03 15598502                   /home/arwilczek90/workspace/Elements/lib/slick/lib/lwjgl.jar
7f1c2926d000-7f1c2926f000 r--s 0000d000 08:03 15598501                   /home/arwilczek90/workspace/Elements/lib/slick/lib/jorbis-0.0.15.jar
7f1c2926f000-7f1c29270000 r--s 00001000 08:03 15598500                   /home/arwilczek90/workspace/Elements/lib/slick/lib/jogg-0.0.7.jar
7f1c29270000-7f1c29275000 r--s 0002f000 08:03 15598498                   /home/arwilczek90/workspace/Elements/lib/slick/lib/jinput.jar
7f1c29275000-7f1c29277000 r--s 00008000 08:03 15598497                   /home/arwilczek90/workspace/Elements/lib/slick/lib/ibxm.jar
7f1c29277000-7f1c2927a000 r--s 0005b000 08:03 15598496                   /home/arwilczek90/workspace/Elements/lib/slick/lib/hiero.jar
7f1c2927a000-7f1c2927c000 rw-s 00002000 00:05 10225                      /dev/ati/card0
7f1c2927c000-7f1c29283000 r--s 000fb000 08:03 18618812                   /usr/lib/jvm/java-6-openjdk-common/jre/lib/resources.jar
7f1c29283000-7f1c29286000 ---p 00000000 00:00 0 
7f1c29286000-7f1c29384000 rw-p 00000000 00:00 0 
7f1c29384000-7f1c2941a000 r-xp 00000000 08:03 18488439                   /usr/lib/x86_64-linux-gnu/libfreetype.so.6.8.0
7f1c2941a000-7f1c29619000 ---p 00096000 08:03 18488439                   /usr/lib/x86_64-linux-gnu/libfreetype.so.6.8.0
7f1c29619000-7f1c2961f000 r--p 00095000 08:03 18488439                   /usr/lib/x86_64-linux-gnu/libfreetype.so.6.8.0
7f1c2961f000-7f1c29620000 rw-p 0009b000 08:03 18488439                   /usr/lib/x86_64-linux-gnu/libfreetype.so.6.8.0
7f1c29620000-7f1c2965a000 r-xp 00000000 08:03 18618871                   /usr/lib/jvm/java-6-openjdk-amd64/jre/lib/amd64/libfontmanager.so
7f1c2965a000-7f1c29859000 ---p 0003a000 08:03 18618871                   /usr/lib/jvm/java-6-openjdk-amd64/jre/lib/amd64/libfontmanager.so
7f1c29859000-7f1c2985b000 r--p 00039000 08:03 18618871                   /usr/lib/jvm/java-6-openjdk-amd64/jre/lib/amd64/libfontmanager.so
7f1c2985b000-7f1c2985c000 rw-p 0003b000 08:03 18618871                   /usr/lib/jvm/java-6-openjdk-amd64/jre/lib/amd64/libfontmanager.so
7f1c2985c000-7f1c29861000 r-xp 00000000 08:03 18488257                   /usr/lib/x86_64-linux-gnu/libXdmcp.so.6.0.0
7f1c29861000-7f1c29a60000 ---p 00005000 08:03 18488257                   /usr/lib/x86_64-linux-gnu/libXdmcp.so.6.0.0
7f1c29a60000-7f1c29a61000 r--p 00004000 08:03 18488257                   /usr/lib/x86_64-linux-gnu/libXdmcp.so.6.0.0
7f1c29a61000-7f1c29a62000 rw-p 00005000 08:03 18488257                   /usr/lib/x86_64-linux-gnu/libXdmcp.so.6.0.0
7f1c29a62000-7f1c29a64000 r-xp 00000000 08:03 18488246                   /usr/lib/x86_64-linux-gnu/libXau.so.6.0.0
7f1c29a64000-7f1c29c63000 ---p 00002000 08:03 18488246                   /usr/lib/x86_64-linux-gnu/libXau.so.6.0.0
7f1c29c63000-7f1c29c64000 r--p 00001000 08:03 18488246                   /usr/lib/x86_64-linux-gnu/libXau.so.6.0.0
7f1c29c64000-7f1c29c65000 rw-p 00002000 08:03 18488246                   /usr/lib/x86_64-linux-gnu/libXau.so.6.0.0
7f1c29c65000-7f1c29c82000 r-xp 00000000 08:03 18488845                   /usr/lib/x86_64-linux-gnu/libxcb.so.1.1.0
7f1c29c82000-7f1c29e81000 ---p 0001d000 08:03 18488845                   /usr/lib/x86_64-linux-gnu/libxcb.so.1.1.0
7f1c29e81000-7f1c29e82000 r--p 0001c000 08:03 18488845                   /usr/lib/x86_64-linux-gnu/libxcb.so.1.1.0
7f1c29e82000-7f1c29e83000 rw-p 0001d000 08:03 18488845                   /usr/lib/x86_64-linux-gnu/libxcb.so.1.1.0
7f1c29e83000-7f1c29e91000 r-xp 00000000 08:03 18488265                   /usr/lib/x86_64-linux-gnu/libXi.so.6.1.0
7f1c29e91000-7f1c2a090000 ---p 0000e000 08:03 18488265                   /usr/lib/x86_64-linux-gnu/libXi.so.6.1.0
7f1c2a090000-7f1c2a091000 r--p 0000d000 08:03 18488265                   /usr/lib/x86_64-linux-gnu/libXi.so.6.1.0
7f1c2a091000-7f1c2a092000 rw-p 0000e000 08:03 18488265                   /usr/lib/x86_64-linux-gnu/libXi.so.6.1.0
7f1c2a092000-7f1c2a097000 r-xp 00000000 08:03 18488283                   /usr/lib/x86_64-linux-gnu/libXtst.so.6.1.0
7f1c2a097000-7f1c2a296000 ---p 00005000 08:03 18488283                   /usr/lib/x86_64-linux-gnu/libXtst.so.6.1.0
7f1c2a296000-7f1c2a297000 r--p 00004000 08:03 18488283                   /usr/lib/x86_64-linux-gnu/libXtst.so.6.1.0
7f1c2a297000-7f1c2a298000 rw-p 00005000 08:03 18488283                   /usr/lib/x86_64-linux-gnu/libXtst.so.6.1.0
7f1c2a298000-7f1c2a2a1000 r-xp 00000000 08:03 18488279                   /usr/lib/x86_64-linux-gnu/libXrender.so.1.3.0
7f1c2a2a1000-7f1c2a4a0000 ---p 00009000 08:03 18488279                   /usr/lib/x86_64-linux-gnu/libXrender.so.1.3.0
7f1c2a4a0000-7f1c2a4a1000 r--p 00008000 08:03 18488279                   /usr/lib/x86_64-linux-gnu/libXrender.so.1.3.0
7f1c2a4a1000-7f1c2a4a2000 rw-p 00009000 08:03 18488279                   /usr/lib/x86_64-linux-gnu/libXrender.so.1.3.0
7f1c2a4a2000-7f1c2a5d1000 r-xp 00000000 08:03 18488244                   /usr/lib/x86_64-linux-gnu/libX11.so.6.3.0
7f1c2a5d1000-7f1c2a7d1000 ---p 0012f000 08:03 18488244                   /usr/lib/x86_64-linux-gnu/libX11.so.6.3.0
7f1c2a7d1000-7f1c2a7d2000 r--p 0012f000 08:03 18488244                   /usr/lib/x86_64-linux-gnu/libX11.so.6.3.0
7f1c2a7d2000-7f1c2a7d6000 rw-p 00130000 08:03 18488244                   /usr/lib/x86_64-linux-gnu/libX11.so.6.3.0
7f1c2a7d6000-7f1c2a7e6000 r-xp 00000000 08:03 18488259                   /usr/lib/x86_64-linux-gnu/libXext.so.6.4.0
7f1c2a7e6000-7f1c2a9e5000 ---p 00010000 08:03 18488259                   /usr/lib/x86_64-linux-gnu/libXext.so.6.4.0
7f1c2a9e5000-7f1c2a9e6000 r--p 0000f000 08:03 18488259                   /usr/lib/x86_64-linux-gnu/libXext.so.6.4.0
7f1c2a9e6000-7f1c2a9e7000 rw-p 00010000 08:03 18488259                   /usr/lib/x86_64-linux-gnu/libXext.so.6.4.0
7f1c2a9e7000-7f1c2aa32000 r-xp 00000000 08:03 18618972                   /usr/lib/jvm/java-6-openjdk-amd64/jre/lib/amd64/xawt/libmawt.so
7f1c2aa32000-7f1c2ac32000 ---p 0004b000 08:03 18618972                   /usr/lib/jvm/java-6-openjdk-amd64/jre/lib/amd64/xawt/libmawt.so
7f1c2ac32000-7f1c2ac33000 r--p 0004b000 08:03 18618972                   /usr/lib/jvm/java-6-openjdk-amd64/jre/lib/amd64/xawt/libmawt.so
7f1c2ac33000-7f1c2ac36000 rw-p 0004c000 08:03 18618972                   /usr/lib/jvm/java-6-openjdk-amd64/jre/lib/amd64/xawt/libmawt.so
7f1c2ac36000-7f1c2ac37000 rw-p 00000000 00:00 0 
7f1c2ac37000-7f1c2ace3000 r-xp 00000000 08:03 18618874                   /usr/lib/jvm/java-6-openjdk-amd64/jre/lib/amd64/libawt.so
7f1c2ace3000-7f1c2aee2000 ---p 000ac000 08:03 18618874                   /usr/lib/jvm/java-6-openjdk-amd64/jre/lib/amd64/libawt.so
7f1c2aee2000-7f1c2aee3000 r--p 000ab000 08:03 18618874                   /usr/lib/jvm/java-6-openjdk-amd64/jre/lib/amd64/libawt.so
7f1c2aee3000-7f1c2aeee000 rw-p 000ac000 08:03 18618874                   /usr/lib/jvm/java-6-openjdk-amd64/jre/lib/amd64/libawt.so
7f1c2aeee000-7f1c2af13000 rw-p 00000000 00:00 0 
7f1c2af13000-7f1c2af14000 ---p 00000000 00:00 0 
7f1c2af14000-7f1c2b014000 rw-p 00000000 00:00 0 
7f1c2b014000-7f1c2b017000 ---p 00000000 00:00 0 
7f1c2b017000-7f1c2b115000 rw-p 00000000 00:00 0 
7f1c2b115000-7f1c2b118000 ---p 00000000 00:00 0 
7f1c2b118000-7f1c2b216000 rw-p 00000000 00:00 0 
7f1c2b216000-7f1c2b219000 ---p 00000000 00:00 0 
7f1c2b219000-7f1c2b317000 rw-p 00000000 00:00 0 
7f1c2b317000-7f1c2b31a000 ---p 00000000 00:00 0 
7f1c2b31a000-7f1c2b418000 rw-p 00000000 00:00 0 
7f1c2b418000-7f1c2bafb000 r--p 00000000 08:03 18487587                   /usr/lib/locale/locale-archive
7f1c2bafb000-7f1c2bafe000 ---p 00000000 00:00 0 
7f1c2bafe000-7f1c2bbfc000 rw-p 00000000 00:00 0 
7f1c2bbfc000-7f1c2bbff000 ---p 00000000 00:00 0 
7f1c2bbff000-7f1c2bcfd000 rw-p 00000000 00:00 0 
7f1c2bcfd000-7f1c2bcfe000 ---p 00000000 00:00 0 
7f1c2bcfe000-7f1c2c000000 rw-p 00000000 00:00 0 
7f1c2c000000-7f1c2c021000 rw-p 00000000 00:00 0 
7f1c2c021000-7f1c30000000 ---p 00000000 00:00 0 
7f1c30000000-7f1c30001000 r--s 00001000 08:03 15598499                   /home/arwilczek90/workspace/Elements/lib/slick/lib/jnlp.jar
7f1c30001000-7f1c3000c000 r--s 00093000 08:03 15597692                   /home/arwilczek90/workspace/Elements/lib/slick.jar
7f1c3000c000-7f1c3000f000 r--s 00000000 08:03 19927112                   /var/cache/fontconfig/385c0604a188198f04d133e54aba7fe7-le64.cache-3
7f1c3000f000-7f1c30010000 r--s 00000000 08:03 19927113                   /var/cache/fontconfig/4794a0821666d79190d59a36cb4f44b5-le64.cache-3
7f1c30010000-7f1c30013000 r--s 00000000 08:03 19927121                   /var/cache/fontconfig/8801497958630a81b71ace7c5f9b32a8-le64.cache-3
7f1c30013000-7f1c30018000 r--s 00000000 08:03 19927110                   /var/cache/fontconfig/3047814df9a2f067bd2d96a2b9c36e5a-le64.cache-3
7f1c30018000-7f1c30019000 r--s 00000000 08:03 19927115                   /var/cache/fontconfig/56cf4f4769d0f4abc89a4895d7bd3ae1-le64.cache-3
7f1c30019000-7f1c3001a000 r--s 00000000 08:03 19927126                   /var/cache/fontconfig/b9d506c9ac06c20b433354fa67a72993-le64.cache-3
7f1c3001a000-7f1c3001f000 r--s 00000000 08:03 19927125                   /var/cache/fontconfig/b47c4e1ecd0709278f4910c18777a504-le64.cache-3
7f1c3001f000-7f1c3002f000 r--s 00000000 08:03 19927130                   /var/cache/fontconfig/d52a8644073d54c13679302ca1180695-le64.cache-3
7f1c3002f000-7f1c30032000 r--s 00000000 08:03 19927196                   /var/cache/fontconfig/e13b20fdb08344e0e664864cc2ede53d-le64.cache-3
7f1c30032000-7f1c30036000 r--s 00000000 08:03 19927452                   /var/cache/fontconfig/7ef2298fde41cc6eeb7af42e48b7d293-le64.cache-3
7f1c30036000-7f1c30037000 r--s 00000000 08:03 19927127                   /var/cache/fontconfig/c05880de57d1f5e948fdfacc138775d9-le64.cache-3
7f1c30037000-7f1c30040000 r--s 00000000 08:03 19927122                   /var/cache/fontconfig/945677eb7aeaf62f1d50efc3fb3ec7d8-le64.cache-3
7f1c30040000-7f1c30042000 r--s 00000000 08:03 19927123                   /var/cache/fontconfig/99e8ed0e538f840c565b6ed5dad60d56-le64.cache-3
7f1c30042000-7f1c30046000 r--s 00000000 08:03 19927109                   /var/cache/fontconfig/2cd17615ca594fa2959ae173292e504c-le64.cache-3
7f1c30046000-7f1c30047000 r--s 00000000 08:03 19927134                   /var/cache/fontconfig/e7071f4a29fa870f4323321c154eba04-le64.cache-3
7f1c30047000-7f1c30048000 r--s 00000000 08:03 19927107                   /var/cache/fontconfig/0d8c3b2ac0904cb8a57a757ad11a4a08-le64.cache-3
7f1c30048000-7f1c3004e000 r--s 00000000 08:03 19927124                   /var/cache/fontconfig/a755afe4a08bf5b97852ceb7400b47bc-le64.cache-3
7f1c3004e000-7f1c30057000 r--s 00000000 08:03 19927460                   /var/cache/fontconfig/6d41288fd70b0be22e8c3a91e032eec0-le64.cache-3
7f1c30057000-7f1c30067000 r--s 00000000 08:03 19927106                   /var/cache/fontconfig/04aabc0a78ac019cf9454389977116d2-le64.cache-3
7f1c30067000-7f1c30095000 r--s 00000000 08:03 19927454                   /var/cache/fontconfig/365b55f210c0a22e9a19e35191240f32-le64.cache-3
7f1c30095000-7f1c300a5000 r--s 00000000 08:03 19927130                   /var/cache/fontconfig/d52a8644073d54c13679302ca1180695-le64.cache-3
7f1c300a5000-7f1c303db000 rw-p 00000000 00:00 0 
7f1c303db000-7f1c3056d000 r--s 037bf000 08:03 18618843                   /usr/lib/jvm/java-6-openjdk-amd64/jre/lib/rt.jar
7f1c3056d000-7f1c30595000 rw-p 00000000 00:00 0 
7f1c30595000-7f1c30596000 ---p 00000000 00:00 0 
7f1c30596000-7f1c30696000 rw-p 00000000 00:00 0 
7f1c30696000-7f1c30697000 ---p 00000000 00:00 0 
7f1c30697000-7f1c30797000 rw-p 00000000 00:00 0 
7f1c30797000-7f1c30798000 ---p 00000000 00:00 0 
7f1c30798000-7f1c30898000 rw-p 00000000 00:00 0 
7f1c30898000-7f1c30899000 ---p 00000000 00:00 0 
7f1c30899000-7f1c309c0000 rw-p 00000000 00:00 0 
7f1c309c0000-7f1c30c07000 rw-p 00000000 00:00 0 
7f1c30c07000-7f1c30c12000 rw-p 00000000 00:00 0 
7f1c30c12000-7f1c30c5a000 rw-p 00000000 00:00 0 
7f1c30c5a000-7f1c30c81000 rw-p 00000000 00:00 0 
7f1c30c81000-7f1c30ec8000 rw-p 00000000 00:00 0 
7f1c30ec8000-7f1c30edc000 rw-p 00000000 00:00 0 
7f1c30edc000-7f1c30fff000 rw-p 00000000 00:00 0 
7f1c30fff000-7f1c31000000 rw-p 00000000 00:00 0 
7f1c31000000-7f1c31270000 rwxp 00000000 00:00 0 
7f1c31270000-7f1c34d4d000 rw-p 00000000 00:00 0 
7f1c34d4d000-7f1c38000000 ---p 00000000 00:00 0 
7f1c38000000-7f1c38003000 r--s 00000000 08:03 19927112                   /var/cache/fontconfig/385c0604a188198f04d133e54aba7fe7-le64.cache-3
7f1c38003000-7f1c38004000 r--s 00000000 08:03 19927113                   /var/cache/fontconfig/4794a0821666d79190d59a36cb4f44b5-le64.cache-3
7f1c38004000-7f1c38007000 r--s 00000000 08:03 19927121                   /var/cache/fontconfig/8801497958630a81b71ace7c5f9b32a8-le64.cache-3
7f1c38007000-7f1c38012000 rw-p 00000000 00:00 0 
7f1c38012000-7f1c3805a000 rw-p 00000000 00:00 0 
7f1c3805a000-7f1c38061000 r-xp 00000000 08:03 18618888                   /usr/lib/jvm/java-6-openjdk-amd64/jre/lib/amd64/libzip.so
7f1c38061000-7f1c38260000 ---p 00007000 08:03 18618888                   /usr/lib/jvm/java-6-openjdk-amd64/jre/lib/amd64/libzip.so
7f1c38260000-7f1c38261000 r--p 00006000 08:03 18618888                   /usr/lib/jvm/java-6-openjdk-amd64/jre/lib/amd64/libzip.so
7f1c38261000-7f1c38262000 rw-p 00007000 08:03 18618888                   /usr/lib/jvm/java-6-openjdk-amd64/jre/lib/amd64/libzip.so
7f1c38262000-7f1c3826e000 r-xp 00000000 08:03 21758081                   /lib/x86_64-linux-gnu/libnss_files-2.15.so
7f1c3826e000-7f1c3846d000 ---p 0000c000 08:03 21758081                   /lib/x86_64-linux-gnu/libnss_files-2.15.so
7f1c3846d000-7f1c3846e000 r--p 0000b000 08:03 21758081                   /lib/x86_64-linux-gnu/libnss_files-2.15.so
7f1c3846e000-7f1c3846f000 rw-p 0000c000 08:03 21758081                   /lib/x86_64-linux-gnu/libnss_files-2.15.so
7f1c3846f000-7f1c38479000 r-xp 00000000 08:03 21758077                   /lib/x86_64-linux-gnu/libnss_nis-2.15.so
7f1c38479000-7f1c38679000 ---p 0000a000 08:03 21758077                   /lib/x86_64-linux-gnu/libnss_nis-2.15.so
7f1c38679000-7f1c3867a000 r--p 0000a000 08:03 21758077                   /lib/x86_64-linux-gnu/libnss_nis-2.15.so
7f1c3867a000-7f1c3867b000 rw-p 0000b000 08:03 21758077                   /lib/x86_64-linux-gnu/libnss_nis-2.15.so
7f1c3867b000-7f1c38692000 r-xp 00000000 08:03 21761730                   /lib/x86_64-linux-gnu/libnsl-2.15.so
7f1c38692000-7f1c38891000 ---p 00017000 08:03 21761730                   /lib/x86_64-linux-gnu/libnsl-2.15.so
7f1c38891000-7f1c38892000 r--p 00016000 08:03 21761730                   /lib/x86_64-linux-gnu/libnsl-2.15.so
7f1c38892000-7f1c38893000 rw-p 00017000 08:03 21761730                   /lib/x86_64-linux-gnu/libnsl-2.15.so
7f1c38893000-7f1c38895000 rw-p 00000000 00:00 0 
7f1c38895000-7f1c3889d000 r-xp 00000000 08:03 21758082                   /lib/x86_64-linux-gnu/libnss_compat-2.15.so
7f1c3889d000-7f1c38a9c000 ---p 00008000 08:03 21758082                   /lib/x86_64-linux-gnu/libnss_compat-2.15.so
7f1c38a9c000-7f1c38a9d000 r--p 00007000 08:03 21758082                   /lib/x86_64-linux-gnu/libnss_compat-2.15.so
7f1c38a9d000-7f1c38a9e000 rw-p 00008000 08:03 21758082                   /lib/x86_64-linux-gnu/libnss_compat-2.15.so
7f1c38a9e000-7f1c38aca000 r-xp 00000000 08:03 18618873                   /usr/lib/jvm/java-6-openjdk-amd64/jre/lib/amd64/libjava.so
7f1c38aca000-7f1c38cc9000 ---p 0002c000 08:03 18618873                   /usr/lib/jvm/java-6-openjdk-amd64/jre/lib/amd64/libjava.so
7f1c38cc9000-7f1c38cca000 r--p 0002b000 08:03 18618873                   /usr/lib/jvm/java-6-openjdk-amd64/jre/lib/amd64/libjava.so
7f1c38cca000-7f1c38ccd000 rw-p 0002c000 08:03 18618873                   /usr/lib/jvm/java-6-openjdk-amd64/jre/lib/amd64/libjava.so
7f1c38ccd000-7f1c38cdb000 r-xp 00000000 08:03 18618872                   /usr/lib/jvm/java-6-openjdk-amd64/jre/lib/amd64/libverify.so
7f1c38cdb000-7f1c38eda000 ---p 0000e000 08:03 18618872                   /usr/lib/jvm/java-6-openjdk-amd64/jre/lib/amd64/libverify.so
7f1c38eda000-7f1c38edc000 r--p 0000d000 08:03 18618872                   /usr/lib/jvm/java-6-openjdk-amd64/jre/lib/amd64/libverify.so
7f1c38edc000-7f1c38edd000 rw-p 0000f000 08:03 18618872                   /usr/lib/jvm/java-6-openjdk-amd64/jre/lib/amd64/libverify.so
7f1c38edd000-7f1c38ee4000 r-xp 00000000 08:03 21758075                   /lib/x86_64-linux-gnu/librt-2.15.so
7f1c38ee4000-7f1c390e3000 ---p 00007000 08:03 21758075                   /lib/x86_64-linux-gnu/librt-2.15.so
7f1c390e3000-7f1c390e4000 r--p 00006000 08:03 21758075                   /lib/x86_64-linux-gnu/librt-2.15.so
7f1c390e4000-7f1c390e5000 rw-p 00007000 08:03 21758075                   /lib/x86_64-linux-gnu/librt-2.15.so
7f1c390e5000-7f1c390fa000 r-xp 00000000 08:03 21761542                   /lib/x86_64-linux-gnu/libgcc_s.so.1
7f1c390fa000-7f1c392f9000 ---p 00015000 08:03 21761542                   /lib/x86_64-linux-gnu/libgcc_s.so.1
7f1c392f9000-7f1c392fa000 r--p 00014000 08:03 21761542                   /lib/x86_64-linux-gnu/libgcc_s.so.1
7f1c392fa000-7f1c392fb000 rw-p 00015000 08:03 21761542                   /lib/x86_64-linux-gnu/libgcc_s.so.1
7f1c392fb000-7f1c393f4000 r-xp 00000000 08:03 21758079                   /lib/x86_64-linux-gnu/libm-2.15.so
7f1c393f4000-7f1c395f3000 ---p 000f9000 08:03 21758079                   /lib/x86_64-linux-gnu/libm-2.15.so
7f1c395f3000-7f1c395f4000 r--p 000f8000 08:03 21758079                   /lib/x86_64-linux-gnu/libm-2.15.so
7f1c395f4000-7f1c395f5000 rw-p 000f9000 08:03 21758079                   /lib/x86_64-linux-gnu/libm-2.15.so
7f1c395f5000-7f1c396d7000 r-xp 00000000 08:03 18488773                   /usr/lib/x86_64-linux-gnu/libstdc++.so.6.0.16
7f1c396d7000-7f1c398d6000 ---p 000e2000 08:03 18488773                   /usr/lib/x86_64-linux-gnu/libstdc++.so.6.0.16
7f1c398d6000-7f1c398de000 r--p 000e1000 08:03 18488773                   /usr/lib/x86_64-linux-gnu/libstdc++.so.6.0.16
7f1c398de000-7f1c398e0000 rw-p 000e9000 08:03 18488773                   /usr/lib/x86_64-linux-gnu/libstdc++.so.6.0.16
7f1c398e0000-7f1c398f5000 rw-p 00000000 00:00 0 
7f1c398f5000-7f1c3a1f9000 r-xp 00000000 08:03 18618878                   /usr/lib/jvm/java-6-openjdk-amd64/jre/lib/amd64/server/libjvm.so
7f1c3a1f9000-7f1c3a3f9000 ---p 00904000 08:03 18618878                   /usr/lib/jvm/java-6-openjdk-amd64/jre/lib/amd64/server/libjvm.so
7f1c3a3f9000-7f1c3a479000 r--p 00904000 08:03 18618878                   /usr/lib/jvm/java-6-openjdk-amd64/jre/lib/amd64/server/libjvm.so
7f1c3a479000-7f1c3a494000 rw-p 00984000 08:03 18618878                   /usr/lib/jvm/java-6-openjdk-amd64/jre/lib/amd64/server/libjvm.so
7f1c3a494000-7f1c3a4bd000 rw-p 00000000 00:00 0 
7f1c3a4bd000-7f1c3a4d3000 r-xp 00000000 08:03 21761632                   /lib/x86_64-linux-gnu/libz.so.1.2.3.4
7f1c3a4d3000-7f1c3a6d2000 ---p 00016000 08:03 21761632                   /lib/x86_64-linux-gnu/libz.so.1.2.3.4
7f1c3a6d2000-7f1c3a6d3000 r--p 00015000 08:03 21761632                   /lib/x86_64-linux-gnu/libz.so.1.2.3.4
7f1c3a6d3000-7f1c3a6d4000 rw-p 00016000 08:03 21761632                   /lib/x86_64-linux-gnu/libz.so.1.2.3.4
7f1c3a6d4000-7f1c3a889000 r-xp 00000000 08:03 21757975                   /lib/x86_64-linux-gnu/libc-2.15.so
7f1c3a889000-7f1c3aa88000 ---p 001b5000 08:03 21757975                   /lib/x86_64-linux-gnu/libc-2.15.so
7f1c3aa88000-7f1c3aa8c000 r--p 001b4000 08:03 21757975                   /lib/x86_64-linux-gnu/libc-2.15.so
7f1c3aa8c000-7f1c3aa8e000 rw-p 001b8000 08:03 21757975                   /lib/x86_64-linux-gnu/libc-2.15.so
7f1c3aa8e000-7f1c3aa93000 rw-p 00000000 00:00 0 
7f1c3aa93000-7f1c3aa95000 r-xp 00000000 08:03 21757964                   /lib/x86_64-linux-gnu/libdl-2.15.so
7f1c3aa95000-7f1c3ac95000 ---p 00002000 08:03 21757964                   /lib/x86_64-linux-gnu/libdl-2.15.so
7f1c3ac95000-7f1c3ac96000 r--p 00002000 08:03 21757964                   /lib/x86_64-linux-gnu/libdl-2.15.so
7f1c3ac96000-7f1c3ac97000 rw-p 00003000 08:03 21757964                   /lib/x86_64-linux-gnu/libdl-2.15.so
7f1c3ac97000-7f1c3ac9b000 r-xp 00000000 08:03 18618855                   /usr/lib/jvm/java-6-openjdk-amd64/jre/lib/amd64/jli/libjli.so
7f1c3ac9b000-7f1c3ae9a000 ---p 00004000 08:03 18618855                   /usr/lib/jvm/java-6-openjdk-amd64/jre/lib/amd64/jli/libjli.so
7f1c3ae9a000-7f1c3ae9b000 r--p 00003000 08:03 18618855                   /usr/lib/jvm/java-6-openjdk-amd64/jre/lib/amd64/jli/libjli.so
7f1c3ae9b000-7f1c3ae9c000 rw-p 00004000 08:03 18618855                   /usr/lib/jvm/java-6-openjdk-amd64/jre/lib/amd64/jli/libjli.so
7f1c3ae9c000-7f1c3aeb4000 r-xp 00000000 08:03 21758073                   /lib/x86_64-linux-gnu/libpthread-2.15.so
7f1c3aeb4000-7f1c3b0b3000 ---p 00018000 08:03 21758073                   /lib/x86_64-linux-gnu/libpthread-2.15.so
7f1c3b0b3000-7f1c3b0b4000 r--p 00017000 08:03 21758073                   /lib/x86_64-linux-gnu/libpthread-2.15.so
7f1c3b0b4000-7f1c3b0b5000 rw-p 00018000 08:03 21758073                   /lib/x86_64-linux-gnu/libpthread-2.15.so
7f1c3b0b5000-7f1c3b0b9000 rw-p 00000000 00:00 0 
7f1c3b0b9000-7f1c3b0db000 r-xp 00000000 08:03 21758085                   /lib/x86_64-linux-gnu/ld-2.15.so
7f1c3b0db000-7f1c3b0dc000 r--s 00007000 08:03 15597697                   /home/arwilczek90/workspace/Elements/lib/slick/applet/lwjgl_util_applet.jar
7f1c3b0dc000-7f1c3b0dd000 rw-s 00005000 00:05 10225                      /dev/ati/card0
7f1c3b0dd000-7f1c3b0e2000 r--s 00000000 08:03 19927110                   /var/cache/fontconfig/3047814df9a2f067bd2d96a2b9c36e5a-le64.cache-3
7f1c3b0e2000-7f1c3b0e3000 r--s 00000000 08:03 19927115                   /var/cache/fontconfig/56cf4f4769d0f4abc89a4895d7bd3ae1-le64.cache-3
7f1c3b0e3000-7f1c3b0e8000 r--s 00000000 08:03 19927125                   /var/cache/fontconfig/b47c4e1ecd0709278f4910c18777a504-le64.cache-3
7f1c3b0e8000-7f1c3b0eb000 r--s 00000000 08:03 19927196                   /var/cache/fontconfig/e13b20fdb08344e0e664864cc2ede53d-le64.cache-3
7f1c3b0eb000-7f1c3b0ef000 r--s 00000000 08:03 19927452                   /var/cache/fontconfig/7ef2298fde41cc6eeb7af42e48b7d293-le64.cache-3
7f1c3b0ef000-7f1c3b0f2000 r--s 0007d000 08:03 18618443                   /usr/lib/jvm/java-6-openjdk-common/jre/lib/jsse.jar
7f1c3b0f2000-7f1c3b0f9000 r--s 00073000 08:03 15597691                   /home/arwilczek90/workspace/Elements/lib/lwjgl.jar
7f1c3b0f9000-7f1c3b103000 rw-p 00000000 00:00 0 
7f1c3b103000-7f1c3b1b9000 rw-p 00000000 00:00 0 
7f1c3b1b9000-7f1c3b1bc000 ---p 00000000 00:00 0 
7f1c3b1bc000-7f1c3b2bf000 rw-p 00000000 00:00 0 
7f1c3b2bf000-7f1c3b2c0000 r--s 00000000 08:03 19927126                   /var/cache/fontconfig/b9d506c9ac06c20b433354fa67a72993-le64.cache-3
7f1c3b2c0000-7f1c3b2c2000 r--s 0000f000 08:03 18618803                   /usr/lib/jvm/java-6-openjdk-common/jre/lib/ext/pulse-java.jar
7f1c3b2c2000-7f1c3b2c5000 r--s 00077000 08:03 18618797                   /usr/lib/jvm/java-6-openjdk-common/jre/lib/ext/localedata.jar
7f1c3b2c5000-7f1c3b2c6000 r--s 00007000 08:03 18748229                   /usr/share/java/java-atk-wrapper.jar
7f1c3b2c6000-7f1c3b2c8000 r--s 00001000 08:03 18618801                   /usr/lib/jvm/java-6-openjdk-common/jre/lib/ext/dnsns.jar
7f1c3b2c8000-7f1c3b2cc000 r--s 00038000 08:03 18618795                   /usr/lib/jvm/java-6-openjdk-common/jre/lib/ext/sunpkcs11.jar
7f1c3b2cc000-7f1c3b2cf000 r--s 00031000 08:03 18618799                   /usr/lib/jvm/java-6-openjdk-common/jre/lib/ext/sunjce_provider.jar
7f1c3b2cf000-7f1c3b2d7000 rw-s 00000000 08:03 8126541                    /tmp/hsperfdata_arwilczek90/19863 (deleted)
7f1c3b2d7000-7f1c3b2d8000 rw-p 00000000 00:00 0 
7f1c3b2d8000-7f1c3b2d9000 ---p 00000000 00:00 0 
7f1c3b2d9000-7f1c3b2db000 rw-p 00000000 00:00 0 
7f1c3b2db000-7f1c3b2dc000 r--p 00022000 08:03 21758085                   /lib/x86_64-linux-gnu/ld-2.15.so
7f1c3b2dc000-7f1c3b2de000 rw-p 00023000 08:03 21758085                   /lib/x86_64-linux-gnu/ld-2.15.so
7fff8fd61000-7fff8fd82000 rw-p 00000000 00:00 0                          [stack]
7fff8fdff000-7fff8fe00000 r-xp 00000000 00:00 0                          [vdso]
ffffffffff600000-ffffffffff601000 r-xp 00000000 00:00 0                  [vsyscall]

VM Arguments:
jvm_args: -Djava.library.path=/home/arwilczek90/workspace/Elements/lib/slick:/home/arwilczek90/workspace/Elements/lib/slick -Dfile.encoding=UTF-8 
java_command: com.hack.elements.view.Main
Launcher Type: SUN_STANDARD

Environment Variables:
PATH=/usr/lib/lightdm/lightdm:/usr/local/sbin:/usr/local/bin:/usr/sbin:/usr/bin:/sbin:/bin:/usr/games
LD_LIBRARY_PATH=/usr/lib/jvm/java-6-openjdk-amd64/jre/lib/amd64/server:/usr/lib/jvm/java-6-openjdk-amd64/jre/lib/amd64:/usr/lib/jvm/java-6-openjdk-amd64/jre/../lib/amd64
SHELL=/bin/bash
DISPLAY=:0.0

Signal Handlers:
SIGSEGV: [libjvm.so+0x784310], sa_mask[0]=0x7ffbfeff, sa_flags=0x10000004
SIGBUS: [libjvm.so+0x784310], sa_mask[0]=0x7ffbfeff, sa_flags=0x10000004
SIGFPE: [libjvm.so+0x648580], sa_mask[0]=0x7ffbfeff, sa_flags=0x10000004
SIGPIPE: [libjvm.so+0x648580], sa_mask[0]=0x7ffbfeff, sa_flags=0x10000004
SIGXFSZ: [libjvm.so+0x648580], sa_mask[0]=0x7ffbfeff, sa_flags=0x10000004
SIGILL: [libjvm.so+0x648580], sa_mask[0]=0x7ffbfeff, sa_flags=0x10000004
SIGUSR1: SIG_DFL, sa_mask[0]=0x00000000, sa_flags=0x00000000
SIGUSR2: [libjvm.so+0x648730], sa_mask[0]=0x00000004, sa_flags=0x10000004
SIGHUP: [libjvm.so+0x64b250], sa_mask[0]=0x7ffbfeff, sa_flags=0x10000004
SIGINT: [libjvm.so+0x64b250], sa_mask[0]=0x7ffbfeff, sa_flags=0x10000004
SIGTERM: [libjvm.so+0x64b250], sa_mask[0]=0x7ffbfeff, sa_flags=0x10000004
SIGQUIT: [libjvm.so+0x64b250], sa_mask[0]=0x7ffbfeff, sa_flags=0x10000004


---------------  S Y S T E M  ---------------

OS:Ubuntu 12.04 (precise)
uname:Linux 3.2.0-32-generic #51-Ubuntu SMP Wed Sep 26 21:33:09 UTC 2012 x86_64
libc:glibc 2.15 NPTL 2.15 
rlimit: STACK 8192k, CORE 0k, NPROC 59545, NOFILE 4096, AS infinity
load average:0.91 0.76 0.74

/proc/meminfo:
MemTotal:        7639648 kB
MemFree:         3834112 kB
Buffers:          131788 kB
Cached:          1225196 kB
SwapCached:            0 kB
Active:          2552140 kB
Inactive:         752068 kB
Active(anon):    1947688 kB
Inactive(anon):    16676 kB
Active(file):     604452 kB
Inactive(file):   735392 kB
Unevictable:          20 kB
Mlocked:              20 kB
SwapTotal:       3818492 kB
SwapFree:        3818492 kB
Dirty:               552 kB
Writeback:             0 kB
AnonPages:       1947336 kB
Mapped:           323020 kB
Shmem:             17144 kB
Slab:             107052 kB
SReclaimable:      76268 kB
SUnreclaim:        30784 kB
KernelStack:        4376 kB
PageTables:        36020 kB
NFS_Unstable:          0 kB
Bounce:                0 kB
WritebackTmp:          0 kB
CommitLimit:     7638316 kB
Committed_AS:    4648604 kB
VmallocTotal:   34359738367 kB
VmallocUsed:      116912 kB
VmallocChunk:   34359619344 kB
HardwareCorrupted:     0 kB
AnonHugePages:         0 kB
HugePages_Total:       0
HugePages_Free:        0
HugePages_Rsvd:        0
HugePages_Surp:        0
Hugepagesize:       2048 kB
DirectMap4k:      342016 kB
DirectMap2M:     5404672 kB
DirectMap1G:     2097152 kB


CPU:total 4 (4 cores per cpu, 1 threads per core) family 18 model 1 stepping 0, cmov, cx8, fxsr, mmx, sse, sse2, sse3, popcnt, mmxext, 3dnowpref, lzcnt, sse4a

Memory: 4k page, physical 7639648k(3834112k free), swap 3818492k(3818492k free)

vm_info: OpenJDK 64-Bit Server VM (20.0-b12) for linux-amd64 JRE (1.6.0_24-b24), built on Sep  2 2012 19:50:47 by "buildd" with gcc 4.6.3

time: Sat Oct 13 23:49:34 2012
elapsed time: 5 seconds

