#
# A fatal error has been detected by the Java Runtime Environment:
#
#  SIGSEGV (0xb) at pc=0x00007f1c0c3bfc58, pid=20197, tid=139758467553024
#
# JRE version: 6.0_24-b24
# Java VM: OpenJDK 64-Bit Server VM (20.0-b12 mixed mode linux-amd64 compressed oops)
# Derivative: IcedTea6 1.11.4
# Distribution: Ubuntu 12.04 LTS, package 6b24-1.11.4-1ubuntu0.12.04.1
# Problematic frame:
# C  [libX11.so.6+0x33c58]  XQueryExtension+0x28
#
# If you would like to submit a bug report, please include
# instructions how to reproduce the bug and visit:
#   https://bugs.launchpad.net/ubuntu/+source/openjdk-6/
#

---------------  T H R E A D  ---------------

Current thread (0x00007f1c08070000):  VMThread [stack: 0x00007f1c0dc01000,0x00007f1c0dd02000] [id=20207]

siginfo:si_signo=SIGSEGV: si_errno=0, si_code=1 (SEGV_MAPERR), si_addr=0x000000000827a278

Registers:
RAX=0x00007f1be80008c0, RBX=0x0000000008279910, RCX=0x00007f1c0dd00958, RDX=0x00007f1c0dd00954
RSP=0x00007f1c0dd008f0, RBP=0x00007f1bf722a932, RSI=0x00007f1bf722a932, RDI=0x0000000008279910
R8 =0x00007f1c0dd0095c, R9 =0x0000000000000000, R10=0x00007f1c118e7fa8, R11=0x00007f1c11567ca0
R12=0x0000000000000000, R13=0x00007f1bf722a932, R14=0x00007f1be80008c0, R15=0x0000000000000000
RIP=0x00007f1c0c3bfc58, EFLAGS=0x0000000000010206, CSGSFS=0x0000000000000033, ERR=0x0000000000000004
  TRAPNO=0x000000000000000e

Top of Stack: (sp=0x00007f1c0dd008f0)
0x00007f1c0dd008f0:   00007f1c1153a790 00007f1c121169e8
0x00007f1c0dd00900:   00007f1c05098b00 00007f1c05098b60
0x00007f1c0dd00910:   00000000ffffffff 0000000008279910
0x00007f1c0dd00920:   00007f1bf722a932 0000000000000000
0x00007f1c0dd00930:   00007f1bf722a932 00007f1be80008c0
0x00007f1c0dd00940:   0000000000000000 00007f1c0c3b3c55
0x00007f1c0dd00950:   00007f1c12134048 00007f1bf7363520
0x00007f1c0dd00960:   00007f1bf7363520 0000000008279910
0x00007f1c0dd00970:   00007f1c08174430 00007f1c0c6cd02b
0x00007f1c0dd00980:   00007f1c1153a790 000000110000002c
0x00007f1c0dd00990:   00007f1c0dd00a10 0000000000000000
0x00007f1c0dd009a0:   00007f1c0dd00a10 0000000008279910
0x00007f1c0dd009b0:   0000000000000000 00007f1c12134048
0x00007f1c0dd009c0:   00007f1bf737cd50 00007f1bf71d1119
0x00007f1c0dd009d0:   0000000000000000 000000000000002c
0x00007f1c0dd009e0:   00007f1c0dd00a10 00007f1c0dd00a30
0x00007f1c0dd009f0:   0000000000000000 00007f1c12134048
0x00007f1c0dd00a00:   00007f1c08279470 00007f1bf71c7b42
0x00007f1c0dd00a10:   00007f1c0dd00c00 00007f1bf722a8b1
0x00007f1c0dd00a20:   00007f1c0dd00c00 00007f1c11f2092d
0x00007f1c0dd00a30:   00007f1c121352c8 00007f1c12135858
0x00007f1c0dd00a40:   00007f1c12116000 00007f1c08006a00
0x00007f1c0dd00a50:   00007f1c08007510 00007f1c08006eb0
0x00007f1c0dd00a60:   00007f1c08007a10 00007f1c0800c6f0
0x00007f1c0dd00a70:   00007f1c08115500 00007f1c081159e0
0x00007f1c0dd00a80:   00007f1c12115000 00007f1c08276020
0x00007f1c0dd00a90:   00007f1c0826eb20 00007f1c0826efc0
0x00007f1c0dd00aa0:   00007f1c082764f0 00007f1c08276990
0x00007f1c0dd00ab0:   00007f1c08276e30 00007f1c080f3c40
0x00007f1c0dd00ac0:   00007f1c080f2ed0 00007f1c080025e0
0x00007f1c0dd00ad0:   00007f1c08001ec0 00000000023b15f0
0x00007f1c0dd00ae0:   00000000023b1b60 00000000023b2570 

Instructions: (pc=0x00007f1c0c3bfc58)
0x00007f1c0c3bfc38:   24 d8 48 89 fb 4c 89 64 24 e0 4c 89 6c 24 e8 48
0x00007f1c0c3bfc48:   89 f5 4c 89 74 24 f0 4c 89 7c 24 f8 48 83 ec 58
0x00007f1c0c3bfc58:   48 8b 87 68 09 00 00 49 89 d4 49 89 cd 4d 89 c6
0x00007f1c0c3bfc68:   48 85 c0 74 02 ff 10 ba 08 00 00 00 be 62 00 00 

Register to memory mapping:

RAX=0x00007f1be80008c0 is an unknown value
RBX=0x0000000008279910 is an unknown value
RCX=0x00007f1c0dd00958 is an unknown value
RDX=0x00007f1c0dd00954 is an unknown value
RSP=0x00007f1c0dd008f0 is an unknown value
RBP=0x00007f1bf722a932: <offset 0x96932> in /usr/lib/fglrx/libGL.so.1 at 0x00007f1bf7194000
RSI=0x00007f1bf722a932: <offset 0x96932> in /usr/lib/fglrx/libGL.so.1 at 0x00007f1bf7194000
RDI=0x0000000008279910 is an unknown value
R8 =0x00007f1c0dd0095c is an unknown value
R9 =0x0000000000000000 is an unknown value
R10=0x00007f1c118e7fa8: <offset 0x3bbfa8> in /lib/x86_64-linux-gnu/libc.so.6 at 0x00007f1c1152c000
R11=0x00007f1c11567ca0: __cxa_finalize+0 in /lib/x86_64-linux-gnu/libc.so.6 at 0x00007f1c1152c000
R12=0x0000000000000000 is an unknown value
R13=0x00007f1bf722a932: <offset 0x96932> in /usr/lib/fglrx/libGL.so.1 at 0x00007f1bf7194000
R14=0x00007f1be80008c0 is an unknown value
R15=0x0000000000000000 is an unknown value


Stack: [0x00007f1c0dc01000,0x00007f1c0dd02000],  sp=0x00007f1c0dd008f0,  free space=1022k
Native frames: (J=compiled Java code, j=interpreted, Vv=VM code, C=native code)
C  [libX11.so.6+0x33c58]  XQueryExtension+0x28

VM_Operation (0x00007f1c12110680): Exit, mode: safepoint, requested by thread 0x00007f1c08008800


---------------  P R O C E S S  ---------------

Java Threads: ( => current thread )
  0x00007f1c08b42800 JavaThread "Thread-2" daemon [_thread_blocked, id=20220, stack(0x00007f1bf4219000,0x00007f1bf431a000)]
  0x00007f1c08275800 JavaThread "AWT-XAWT" daemon [_thread_blocked, id=20217, stack(0x00007f1bf7aef000,0x00007f1bf7bf0000)]
  0x00007f1c08148000 JavaThread "Java2D Disposer" daemon [_thread_blocked, id=20215, stack(0x00007f1c0c081000,0x00007f1c0c182000)]
  0x00007f1c0809e800 JavaThread "Low Memory Detector" daemon [_thread_blocked, id=20213, stack(0x00007f1c0cf18000,0x00007f1c0d019000)]
  0x00007f1c0809c000 JavaThread "C2 CompilerThread1" daemon [_thread_blocked, id=20212, stack(0x00007f1c0d019000,0x00007f1c0d11a000)]
  0x00007f1c08099800 JavaThread "C2 CompilerThread0" daemon [_thread_blocked, id=20211, stack(0x00007f1c0d11a000,0x00007f1c0d21b000)]
  0x00007f1c08098000 JavaThread "Signal Dispatcher" daemon [_thread_blocked, id=20210, stack(0x00007f1c0d21b000,0x00007f1c0d31c000)]
  0x00007f1c08079000 JavaThread "Finalizer" daemon [_thread_blocked, id=20209, stack(0x00007f1c0d9ff000,0x00007f1c0db00000)]
  0x00007f1c08077000 JavaThread "Reference Handler" daemon [_thread_blocked, id=20208, stack(0x00007f1c0db00000,0x00007f1c0dc01000)]
  0x00007f1c08008800 JavaThread "main" [_thread_blocked, id=20199, stack(0x00007f1c12011000,0x00007f1c12112000)]

Other Threads:
=>0x00007f1c08070000 VMThread [stack: 0x00007f1c0dc01000,0x00007f1c0dd02000] [id=20207]

VM state:at safepoint (shutting down)

VM Mutex/Monitor currently owned by a thread:  ([mutex/lock_event])
[0x00007f1c08004dd0] Threads_lock - owner thread: 0x00007f1c08070000

Heap
 PSYoungGen      total 34880K, used 26019K [0x00000000d9200000, 0x00000000db8e0000, 0x0000000100000000)
  eden space 29952K, 86% used [0x00000000d9200000,0x00000000dab68f80,0x00000000daf40000)
  from space 4928K, 0% used [0x00000000db410000,0x00000000db410000,0x00000000db8e0000)
  to   space 4928K, 0% used [0x00000000daf40000,0x00000000daf40000,0x00000000db410000)
 PSOldGen        total 79616K, used 0K [0x000000008b600000, 0x00000000903c0000, 0x00000000d9200000)
  object space 79616K, 0% used [0x000000008b600000,0x000000008b600000,0x00000000903c0000)
 PSPermGen       total 21248K, used 11370K [0x0000000081000000, 0x00000000824c0000, 0x000000008b600000)
  object space 21248K, 53% used [0x0000000081000000,0x0000000081b1a880,0x00000000824c0000)

Code Cache  [0x00007f1c05000000, 0x00007f1c05270000, 0x00007f1c08000000)
 total_blobs=600 nmethods=115 adapters=439 free_code_cache=49581440 largest_free_block=6464

Dynamic libraries:
00400000-00409000 r-xp 00000000 08:03 18618890                           /usr/lib/jvm/java-6-openjdk-amd64/jre/bin/java
00608000-00609000 r--p 00008000 08:03 18618890                           /usr/lib/jvm/java-6-openjdk-amd64/jre/bin/java
00609000-0060a000 rw-p 00009000 08:03 18618890                           /usr/lib/jvm/java-6-openjdk-amd64/jre/bin/java
023b1000-023d2000 rw-p 00000000 00:00 0                                  [heap]
81000000-824c0000 rw-p 00000000 00:00 0 
824c0000-8b600000 rw-p 00000000 00:00 0 
8b600000-903c0000 rw-p 00000000 00:00 0 
903c0000-d9200000 rw-p 00000000 00:00 0 
d9200000-db8e0000 rw-p 00000000 00:00 0 
db8e0000-100000000 rw-p 00000000 00:00 0 
7f1bbc000000-7f1bbc021000 rw-p 00000000 00:00 0 
7f1bbc021000-7f1bc0000000 ---p 00000000 00:00 0 
7f1bc0000000-7f1bc0021000 rw-p 00000000 00:00 0 
7f1bc0021000-7f1bc4000000 ---p 00000000 00:00 0 
7f1bc79fb000-7f1bc7bfd000 rw-p 00000000 00:00 0 
7f1bc7cfd000-7f1bc7d00000 ---p 00000000 00:00 0 
7f1bc7d00000-7f1bc8000000 rw-p 00000000 00:00 0 
7f1bc8000000-7f1bc8021000 rw-p 00000000 00:00 0 
7f1bc8021000-7f1bcc000000 ---p 00000000 00:00 0 
7f1bcc000000-7f1bcc021000 rw-p 00000000 00:00 0 
7f1bcc021000-7f1bd0000000 ---p 00000000 00:00 0 
7f1bd0000000-7f1bd0021000 rw-p 00000000 00:00 0 
7f1bd0021000-7f1bd4000000 ---p 00000000 00:00 0 
7f1bd4000000-7f1bd4021000 rw-p 00000000 00:00 0 
7f1bd4021000-7f1bd8000000 ---p 00000000 00:00 0 
7f1bd8000000-7f1bd81ad000 rw-p 00000000 00:00 0 
7f1bd81ad000-7f1bdc000000 ---p 00000000 00:00 0 
7f1bdc000000-7f1bdc593000 rw-p 00000000 00:00 0 
7f1bdc593000-7f1be0000000 ---p 00000000 00:00 0 
7f1be0000000-7f1be0021000 rw-p 00000000 00:00 0 
7f1be0021000-7f1be4000000 ---p 00000000 00:00 0 
7f1be4000000-7f1be4021000 rw-p 00000000 00:00 0 
7f1be4021000-7f1be8000000 ---p 00000000 00:00 0 
7f1be8000000-7f1be8021000 rw-p 00000000 00:00 0 
7f1be8021000-7f1bec000000 ---p 00000000 00:00 0 
7f1bec000000-7f1bec021000 rw-p 00000000 00:00 0 
7f1bec021000-7f1bf0000000 ---p 00000000 00:00 0 
7f1bf0000000-7f1bf0021000 rw-p 00000000 00:00 0 
7f1bf0021000-7f1bf4000000 ---p 00000000 00:00 0 
7f1bf4015000-7f1bf4018000 ---p 00000000 00:00 0 
7f1bf4018000-7f1bf4116000 rw-p 00000000 00:00 0 
7f1bf4116000-7f1bf4119000 r-xp 00000000 08:03 15602613                   /home/arwilczek90/workspace/Elements/lib/slick/libjinput-linux64.so
7f1bf4119000-7f1bf4218000 ---p 00003000 08:03 15602613                   /home/arwilczek90/workspace/Elements/lib/slick/libjinput-linux64.so
7f1bf4218000-7f1bf4219000 rw-p 00002000 08:03 15602613                   /home/arwilczek90/workspace/Elements/lib/slick/libjinput-linux64.so
7f1bf4219000-7f1bf421c000 ---p 00000000 00:00 0 
7f1bf421c000-7f1bf431a000 rw-p 00000000 00:00 0 
7f1bf431a000-7f1bf431f000 r--s 0002f000 08:03 15598498                   /home/arwilczek90/workspace/Elements/lib/slick/lib/jinput.jar
7f1bf431f000-7f1bf4321000 r--s 00008000 08:03 15598497                   /home/arwilczek90/workspace/Elements/lib/slick/lib/ibxm.jar
7f1bf4321000-7f1bf4324000 r--s 0005b000 08:03 15598496                   /home/arwilczek90/workspace/Elements/lib/slick/lib/hiero.jar
7f1bf4324000-7f1bf4325000 r--s 00007000 08:03 15597697                   /home/arwilczek90/workspace/Elements/lib/slick/applet/lwjgl_util_applet.jar
7f1bf4365000-7f1bf4a65000 rw-s 00006000 00:05 10225                      /dev/ati/card0
7f1bf4a65000-7f1bf4a67000 r-xp 00000000 08:03 18488267                   /usr/lib/x86_64-linux-gnu/libXinerama.so.1.0.0
7f1bf4a67000-7f1bf4c66000 ---p 00002000 08:03 18488267                   /usr/lib/x86_64-linux-gnu/libXinerama.so.1.0.0
7f1bf4c66000-7f1bf4c67000 r--p 00001000 08:03 18488267                   /usr/lib/x86_64-linux-gnu/libXinerama.so.1.0.0
7f1bf4c67000-7f1bf4c68000 rw-p 00002000 08:03 18488267                   /usr/lib/x86_64-linux-gnu/libXinerama.so.1.0.0
7f1bf4c68000-7f1bf4ca3000 r-xp 00000000 08:03 19009508                   /usr/lib/fglrx/libatiadlxx.so
7f1bf4ca3000-7f1bf4da3000 ---p 0003b000 08:03 19009508                   /usr/lib/fglrx/libatiadlxx.so
7f1bf4da3000-7f1bf4dac000 rw-p 0003b000 08:03 19009508                   /usr/lib/fglrx/libatiadlxx.so
7f1bf4dac000-7f1bf4dbd000 rw-p 00000000 00:00 0 
7f1bf4dbd000-7f1bf4dc4000 r-xp 00000000 08:03 19009532                   /usr/lib/fglrx/libatiuki.so.1.0
7f1bf4dc4000-7f1bf4ec4000 ---p 00007000 08:03 19009532                   /usr/lib/fglrx/libatiuki.so.1.0
7f1bf4ec4000-7f1bf4ec5000 rw-p 00007000 08:03 19009532                   /usr/lib/fglrx/libatiuki.so.1.0
7f1bf4ec5000-7f1bf4ec6000 rw-p 00000000 00:00 0 
7f1bf4ec6000-7f1bf6e20000 r-xp 00000000 08:03 19009510                   /usr/lib/fglrx/dri/fglrx_dri.so
7f1bf6e20000-7f1bf6f20000 ---p 01f5a000 08:03 19009510                   /usr/lib/fglrx/dri/fglrx_dri.so
7f1bf6f20000-7f1bf706e000 rwxp 01f5a000 08:03 19009510                   /usr/lib/fglrx/dri/fglrx_dri.so
7f1bf706e000-7f1bf7194000 rwxp 00000000 00:00 0 
7f1bf7194000-7f1bf7257000 r-xp 00000000 08:03 19009512                   /usr/lib/fglrx/libGL.so.1.2
7f1bf7257000-7f1bf7356000 ---p 000c3000 08:03 19009512                   /usr/lib/fglrx/libGL.so.1.2
7f1bf7356000-7f1bf737d000 rwxp 000c2000 08:03 19009512                   /usr/lib/fglrx/libGL.so.1.2
7f1bf737d000-7f1bf739d000 rwxp 00000000 00:00 0 
7f1bf739d000-7f1bf739e000 r-xp 00000000 08:03 18618886                   /usr/lib/jvm/java-6-openjdk-amd64/jre/lib/amd64/libjawt.so
7f1bf739e000-7f1bf759d000 ---p 00001000 08:03 18618886                   /usr/lib/jvm/java-6-openjdk-amd64/jre/lib/amd64/libjawt.so
7f1bf759d000-7f1bf759e000 r--p 00000000 08:03 18618886                   /usr/lib/jvm/java-6-openjdk-amd64/jre/lib/amd64/libjawt.so
7f1bf759e000-7f1bf759f000 rw-p 00001000 08:03 18618886                   /usr/lib/jvm/java-6-openjdk-amd64/jre/lib/amd64/libjawt.so
7f1bf759f000-7f1bf75a3000 r-xp 00000000 08:03 18488287                   /usr/lib/x86_64-linux-gnu/libXxf86vm.so.1.0.0
7f1bf75a3000-7f1bf77a2000 ---p 00004000 08:03 18488287                   /usr/lib/x86_64-linux-gnu/libXxf86vm.so.1.0.0
7f1bf77a2000-7f1bf77a3000 r--p 00003000 08:03 18488287                   /usr/lib/x86_64-linux-gnu/libXxf86vm.so.1.0.0
7f1bf77a3000-7f1bf77a4000 rw-p 00004000 08:03 18488287                   /usr/lib/x86_64-linux-gnu/libXxf86vm.so.1.0.0
7f1bf77a4000-7f1bf77ac000 r-xp 00000000 08:03 18488277                   /usr/lib/x86_64-linux-gnu/libXrandr.so.2.2.0
7f1bf77ac000-7f1bf79ab000 ---p 00008000 08:03 18488277                   /usr/lib/x86_64-linux-gnu/libXrandr.so.2.2.0
7f1bf79ab000-7f1bf79ac000 r--p 00007000 08:03 18488277                   /usr/lib/x86_64-linux-gnu/libXrandr.so.2.2.0
7f1bf79ac000-7f1bf79ad000 rw-p 00008000 08:03 18488277                   /usr/lib/x86_64-linux-gnu/libXrandr.so.2.2.0
7f1bf79ad000-7f1bf79ed000 r-xp 00000000 08:03 15602617                   /home/arwilczek90/workspace/Elements/lib/slick/liblwjgl64.so
7f1bf79ed000-7f1bf7aed000 ---p 00040000 08:03 15602617                   /home/arwilczek90/workspace/Elements/lib/slick/liblwjgl64.so
7f1bf7aed000-7f1bf7aef000 rw-p 00040000 08:03 15602617                   /home/arwilczek90/workspace/Elements/lib/slick/liblwjgl64.so
7f1bf7aef000-7f1bf7af2000 ---p 00000000 00:00 0 
7f1bf7af2000-7f1bf7bf0000 rw-p 00000000 00:00 0 
7f1bf7bf0000-7f1bf7bf5000 r-xp 00000000 08:03 18488261                   /usr/lib/x86_64-linux-gnu/libXfixes.so.3.1.0
7f1bf7bf5000-7f1bf7df4000 ---p 00005000 08:03 18488261                   /usr/lib/x86_64-linux-gnu/libXfixes.so.3.1.0
7f1bf7df4000-7f1bf7df5000 r--p 00004000 08:03 18488261                   /usr/lib/x86_64-linux-gnu/libXfixes.so.3.1.0
7f1bf7df5000-7f1bf7df6000 rw-p 00005000 08:03 18488261                   /usr/lib/x86_64-linux-gnu/libXfixes.so.3.1.0
7f1bf7df6000-7f1bf7dff000 r-xp 00000000 08:03 18488253                   /usr/lib/x86_64-linux-gnu/libXcursor.so.1.0.2
7f1bf7dff000-7f1bf7ffe000 ---p 00009000 08:03 18488253                   /usr/lib/x86_64-linux-gnu/libXcursor.so.1.0.2
7f1bf7ffe000-7f1bf7fff000 r--p 00008000 08:03 18488253                   /usr/lib/x86_64-linux-gnu/libXcursor.so.1.0.2
7f1bf7fff000-7f1bf8000000 rw-p 00009000 08:03 18488253                   /usr/lib/x86_64-linux-gnu/libXcursor.so.1.0.2
7f1bf8000000-7f1bf8021000 rw-p 00000000 00:00 0 
7f1bf8021000-7f1bfc000000 ---p 00000000 00:00 0 
7f1bfc000000-7f1bfc021000 rw-p 00000000 00:00 0 
7f1bfc021000-7f1c00000000 ---p 00000000 00:00 0 
7f1c00000000-7f1c00021000 rw-p 00000000 00:00 0 
7f1c00021000-7f1c04000000 ---p 00000000 00:00 0 
7f1c04007000-7f1c04009000 r--s 00015000 08:03 15598514                   /home/arwilczek90/workspace/Elements/lib/slick/lib/tinylinepp.jar
7f1c04009000-7f1c0400c000 r--s 00015000 08:03 15598512                   /home/arwilczek90/workspace/Elements/lib/slick/lib/slick-util.jar
7f1c0400c000-7f1c04014000 r--s 00067000 08:03 15598510                   /home/arwilczek90/workspace/Elements/lib/slick/lib/slick-sources.jar
7f1c04014000-7f1c04015000 r--s 00000000 08:03 15598509                   /home/arwilczek90/workspace/Elements/lib/slick/lib/slick-examples.jar
7f1c04015000-7f1c04016000 r--s 00003000 08:03 15598508                   /home/arwilczek90/workspace/Elements/lib/slick/lib/scalar.jar
7f1c04016000-7f1c04019000 r--s 00017000 08:03 15598507                   /home/arwilczek90/workspace/Elements/lib/slick/lib/pedigree.jar
7f1c04019000-7f1c04024000 r--s 00093000 08:03 15598513                   /home/arwilczek90/workspace/Elements/lib/slick/lib/slick.jar
7f1c04024000-7f1c04026000 r--s 00004000 08:03 15598506                   /home/arwilczek90/workspace/Elements/lib/slick/lib/packulike.jar
7f1c04026000-7f1c04027000 r--s 00043000 08:03 15598505                   /home/arwilczek90/workspace/Elements/lib/slick/lib/natives-win32.jar
7f1c04027000-7f1c04029000 r--s 00033000 08:03 15598504                   /home/arwilczek90/workspace/Elements/lib/slick/lib/natives-mac.jar
7f1c04029000-7f1c0402a000 r--s 0003d000 08:03 15598503                   /home/arwilczek90/workspace/Elements/lib/slick/lib/natives-linux.jar
7f1c0402a000-7f1c04031000 r--s 00073000 08:03 15598502                   /home/arwilczek90/workspace/Elements/lib/slick/lib/lwjgl.jar
7f1c04031000-7f1c04032000 rw-s 00005000 00:05 10225                      /dev/ati/card0
7f1c04032000-7f1c04072000 rw-s f0300000 00:05 10225                      /dev/ati/card0
7f1c04072000-7f1c04074000 rw-s 00002000 00:05 10225                      /dev/ati/card0
7f1c04074000-7f1c0407f000 r--s 00093000 08:03 15597692                   /home/arwilczek90/workspace/Elements/lib/slick.jar
7f1c0407f000-7f1c04086000 r--s 000fb000 08:03 18618812                   /usr/lib/jvm/java-6-openjdk-common/jre/lib/resources.jar
7f1c04086000-7f1c04087000 r--s 00000000 08:03 19927127                   /var/cache/fontconfig/c05880de57d1f5e948fdfacc138775d9-le64.cache-3
7f1c04087000-7f1c04090000 r--s 00000000 08:03 19927122                   /var/cache/fontconfig/945677eb7aeaf62f1d50efc3fb3ec7d8-le64.cache-3
7f1c04090000-7f1c04092000 r--s 00000000 08:03 19927123                   /var/cache/fontconfig/99e8ed0e538f840c565b6ed5dad60d56-le64.cache-3
7f1c04092000-7f1c04096000 r--s 00000000 08:03 19927109                   /var/cache/fontconfig/2cd17615ca594fa2959ae173292e504c-le64.cache-3
7f1c04096000-7f1c04097000 r--s 00000000 08:03 19927134                   /var/cache/fontconfig/e7071f4a29fa870f4323321c154eba04-le64.cache-3
7f1c04097000-7f1c04098000 r--s 00000000 08:03 19927107                   /var/cache/fontconfig/0d8c3b2ac0904cb8a57a757ad11a4a08-le64.cache-3
7f1c04098000-7f1c0409e000 r--s 00000000 08:03 19927124                   /var/cache/fontconfig/a755afe4a08bf5b97852ceb7400b47bc-le64.cache-3
7f1c0409e000-7f1c040a7000 r--s 00000000 08:03 19927460                   /var/cache/fontconfig/6d41288fd70b0be22e8c3a91e032eec0-le64.cache-3
7f1c040a7000-7f1c040b7000 r--s 00000000 08:03 19927106                   /var/cache/fontconfig/04aabc0a78ac019cf9454389977116d2-le64.cache-3
7f1c040b7000-7f1c040ba000 r--s 00000000 08:03 19927112                   /var/cache/fontconfig/385c0604a188198f04d133e54aba7fe7-le64.cache-3
7f1c040ba000-7f1c040bb000 r--s 00000000 08:03 19927113                   /var/cache/fontconfig/4794a0821666d79190d59a36cb4f44b5-le64.cache-3
7f1c040bb000-7f1c040be000 r--s 00000000 08:03 19927121                   /var/cache/fontconfig/8801497958630a81b71ace7c5f9b32a8-le64.cache-3
7f1c040be000-7f1c040ec000 r--s 00000000 08:03 19927454                   /var/cache/fontconfig/365b55f210c0a22e9a19e35191240f32-le64.cache-3
7f1c040ec000-7f1c04182000 r-xp 00000000 08:03 18488439                   /usr/lib/x86_64-linux-gnu/libfreetype.so.6.8.0
7f1c04182000-7f1c04381000 ---p 00096000 08:03 18488439                   /usr/lib/x86_64-linux-gnu/libfreetype.so.6.8.0
7f1c04381000-7f1c04387000 r--p 00095000 08:03 18488439                   /usr/lib/x86_64-linux-gnu/libfreetype.so.6.8.0
7f1c04387000-7f1c04388000 rw-p 0009b000 08:03 18488439                   /usr/lib/x86_64-linux-gnu/libfreetype.so.6.8.0
7f1c04388000-7f1c043c2000 r-xp 00000000 08:03 18618871                   /usr/lib/jvm/java-6-openjdk-amd64/jre/lib/amd64/libfontmanager.so
7f1c043c2000-7f1c045c1000 ---p 0003a000 08:03 18618871                   /usr/lib/jvm/java-6-openjdk-amd64/jre/lib/amd64/libfontmanager.so
7f1c045c1000-7f1c045c3000 r--p 00039000 08:03 18618871                   /usr/lib/jvm/java-6-openjdk-amd64/jre/lib/amd64/libfontmanager.so
7f1c045c3000-7f1c045c4000 rw-p 0003b000 08:03 18618871                   /usr/lib/jvm/java-6-openjdk-amd64/jre/lib/amd64/libfontmanager.so
7f1c045c4000-7f1c045c9000 r-xp 00000000 08:03 18488257                   /usr/lib/x86_64-linux-gnu/libXdmcp.so.6.0.0
7f1c045c9000-7f1c047c8000 ---p 00005000 08:03 18488257                   /usr/lib/x86_64-linux-gnu/libXdmcp.so.6.0.0
7f1c047c8000-7f1c047c9000 r--p 00004000 08:03 18488257                   /usr/lib/x86_64-linux-gnu/libXdmcp.so.6.0.0
7f1c047c9000-7f1c047ca000 rw-p 00005000 08:03 18488257                   /usr/lib/x86_64-linux-gnu/libXdmcp.so.6.0.0
7f1c047ca000-7f1c047cc000 r-xp 00000000 08:03 18488246                   /usr/lib/x86_64-linux-gnu/libXau.so.6.0.0
7f1c047cc000-7f1c049cb000 ---p 00002000 08:03 18488246                   /usr/lib/x86_64-linux-gnu/libXau.so.6.0.0
7f1c049cb000-7f1c049cc000 r--p 00001000 08:03 18488246                   /usr/lib/x86_64-linux-gnu/libXau.so.6.0.0
7f1c049cc000-7f1c049cd000 rw-p 00002000 08:03 18488246                   /usr/lib/x86_64-linux-gnu/libXau.so.6.0.0
7f1c049cd000-7f1c049ea000 r-xp 00000000 08:03 18488845                   /usr/lib/x86_64-linux-gnu/libxcb.so.1.1.0
7f1c049ea000-7f1c04be9000 ---p 0001d000 08:03 18488845                   /usr/lib/x86_64-linux-gnu/libxcb.so.1.1.0
7f1c04be9000-7f1c04bea000 r--p 0001c000 08:03 18488845                   /usr/lib/x86_64-linux-gnu/libxcb.so.1.1.0
7f1c04bea000-7f1c04beb000 rw-p 0001d000 08:03 18488845                   /usr/lib/x86_64-linux-gnu/libxcb.so.1.1.0
7f1c04beb000-7f1c04bf9000 r-xp 00000000 08:03 18488265                   /usr/lib/x86_64-linux-gnu/libXi.so.6.1.0
7f1c04bf9000-7f1c04df8000 ---p 0000e000 08:03 18488265                   /usr/lib/x86_64-linux-gnu/libXi.so.6.1.0
7f1c04df8000-7f1c04df9000 r--p 0000d000 08:03 18488265                   /usr/lib/x86_64-linux-gnu/libXi.so.6.1.0
7f1c04df9000-7f1c04dfa000 rw-p 0000e000 08:03 18488265                   /usr/lib/x86_64-linux-gnu/libXi.so.6.1.0
7f1c04dfa000-7f1c04dff000 r-xp 00000000 08:03 18488283                   /usr/lib/x86_64-linux-gnu/libXtst.so.6.1.0
7f1c04dff000-7f1c04ffe000 ---p 00005000 08:03 18488283                   /usr/lib/x86_64-linux-gnu/libXtst.so.6.1.0
7f1c04ffe000-7f1c04fff000 r--p 00004000 08:03 18488283                   /usr/lib/x86_64-linux-gnu/libXtst.so.6.1.0
7f1c04fff000-7f1c05000000 rw-p 00005000 08:03 18488283                   /usr/lib/x86_64-linux-gnu/libXtst.so.6.1.0
7f1c05000000-7f1c05270000 rwxp 00000000 00:00 0 
7f1c05270000-7f1c08dad000 rw-p 00000000 00:00 0 
7f1c08dad000-7f1c0c000000 ---p 00000000 00:00 0 
7f1c0c000000-7f1c0c002000 r--s 0000d000 08:03 15598501                   /home/arwilczek90/workspace/Elements/lib/slick/lib/jorbis-0.0.15.jar
7f1c0c002000-7f1c0c007000 r--s 00000000 08:03 19927110                   /var/cache/fontconfig/3047814df9a2f067bd2d96a2b9c36e5a-le64.cache-3
7f1c0c007000-7f1c0c008000 r--s 00000000 08:03 19927115                   /var/cache/fontconfig/56cf4f4769d0f4abc89a4895d7bd3ae1-le64.cache-3
7f1c0c008000-7f1c0c009000 r--s 00000000 08:03 19927126                   /var/cache/fontconfig/b9d506c9ac06c20b433354fa67a72993-le64.cache-3
7f1c0c009000-7f1c0c00e000 r--s 00000000 08:03 19927125                   /var/cache/fontconfig/b47c4e1ecd0709278f4910c18777a504-le64.cache-3
7f1c0c00e000-7f1c0c01e000 r--s 00000000 08:03 19927130                   /var/cache/fontconfig/d52a8644073d54c13679302ca1180695-le64.cache-3
7f1c0c01e000-7f1c0c022000 r--s 00000000 08:03 19927452                   /var/cache/fontconfig/7ef2298fde41cc6eeb7af42e48b7d293-le64.cache-3
7f1c0c022000-7f1c0c023000 r--s 00000000 08:03 19927127                   /var/cache/fontconfig/c05880de57d1f5e948fdfacc138775d9-le64.cache-3
7f1c0c023000-7f1c0c02c000 r--s 00000000 08:03 19927122                   /var/cache/fontconfig/945677eb7aeaf62f1d50efc3fb3ec7d8-le64.cache-3
7f1c0c02c000-7f1c0c02e000 r--s 00000000 08:03 19927123                   /var/cache/fontconfig/99e8ed0e538f840c565b6ed5dad60d56-le64.cache-3
7f1c0c02e000-7f1c0c032000 r--s 00000000 08:03 19927109                   /var/cache/fontconfig/2cd17615ca594fa2959ae173292e504c-le64.cache-3
7f1c0c032000-7f1c0c033000 r--s 00000000 08:03 19927134                   /var/cache/fontconfig/e7071f4a29fa870f4323321c154eba04-le64.cache-3
7f1c0c033000-7f1c0c034000 r--s 00000000 08:03 19927107                   /var/cache/fontconfig/0d8c3b2ac0904cb8a57a757ad11a4a08-le64.cache-3
7f1c0c034000-7f1c0c03a000 r--s 00000000 08:03 19927124                   /var/cache/fontconfig/a755afe4a08bf5b97852ceb7400b47bc-le64.cache-3
7f1c0c03a000-7f1c0c043000 r--s 00000000 08:03 19927460                   /var/cache/fontconfig/6d41288fd70b0be22e8c3a91e032eec0-le64.cache-3
7f1c0c043000-7f1c0c053000 r--s 00000000 08:03 19927106                   /var/cache/fontconfig/04aabc0a78ac019cf9454389977116d2-le64.cache-3
7f1c0c053000-7f1c0c081000 r--s 00000000 08:03 19927454                   /var/cache/fontconfig/365b55f210c0a22e9a19e35191240f32-le64.cache-3
7f1c0c081000-7f1c0c084000 ---p 00000000 00:00 0 
7f1c0c084000-7f1c0c182000 rw-p 00000000 00:00 0 
7f1c0c182000-7f1c0c18b000 r-xp 00000000 08:03 18488279                   /usr/lib/x86_64-linux-gnu/libXrender.so.1.3.0
7f1c0c18b000-7f1c0c38a000 ---p 00009000 08:03 18488279                   /usr/lib/x86_64-linux-gnu/libXrender.so.1.3.0
7f1c0c38a000-7f1c0c38b000 r--p 00008000 08:03 18488279                   /usr/lib/x86_64-linux-gnu/libXrender.so.1.3.0
7f1c0c38b000-7f1c0c38c000 rw-p 00009000 08:03 18488279                   /usr/lib/x86_64-linux-gnu/libXrender.so.1.3.0
7f1c0c38c000-7f1c0c4bb000 r-xp 00000000 08:03 18488244                   /usr/lib/x86_64-linux-gnu/libX11.so.6.3.0
7f1c0c4bb000-7f1c0c6bb000 ---p 0012f000 08:03 18488244                   /usr/lib/x86_64-linux-gnu/libX11.so.6.3.0
7f1c0c6bb000-7f1c0c6bc000 r--p 0012f000 08:03 18488244                   /usr/lib/x86_64-linux-gnu/libX11.so.6.3.0
7f1c0c6bc000-7f1c0c6c0000 rw-p 00130000 08:03 18488244                   /usr/lib/x86_64-linux-gnu/libX11.so.6.3.0
7f1c0c6c0000-7f1c0c6d0000 r-xp 00000000 08:03 18488259                   /usr/lib/x86_64-linux-gnu/libXext.so.6.4.0
7f1c0c6d0000-7f1c0c8cf000 ---p 00010000 08:03 18488259                   /usr/lib/x86_64-linux-gnu/libXext.so.6.4.0
7f1c0c8cf000-7f1c0c8d0000 r--p 0000f000 08:03 18488259                   /usr/lib/x86_64-linux-gnu/libXext.so.6.4.0
7f1c0c8d0000-7f1c0c8d1000 rw-p 00010000 08:03 18488259                   /usr/lib/x86_64-linux-gnu/libXext.so.6.4.0
7f1c0c8d1000-7f1c0c8d4000 r--s 00000000 08:03 19927196                   /var/cache/fontconfig/e13b20fdb08344e0e664864cc2ede53d-le64.cache-3
7f1c0c8d4000-7f1c0c8d7000 r--s 00000000 08:03 19927112                   /var/cache/fontconfig/385c0604a188198f04d133e54aba7fe7-le64.cache-3
7f1c0c8d7000-7f1c0c8d8000 r--s 00000000 08:03 19927113                   /var/cache/fontconfig/4794a0821666d79190d59a36cb4f44b5-le64.cache-3
7f1c0c8d8000-7f1c0c8db000 r--s 00000000 08:03 19927121                   /var/cache/fontconfig/8801497958630a81b71ace7c5f9b32a8-le64.cache-3
7f1c0c8db000-7f1c0c8eb000 r--s 00000000 08:03 19927130                   /var/cache/fontconfig/d52a8644073d54c13679302ca1180695-le64.cache-3
7f1c0c8eb000-7f1c0c936000 r-xp 00000000 08:03 18618972                   /usr/lib/jvm/java-6-openjdk-amd64/jre/lib/amd64/xawt/libmawt.so
7f1c0c936000-7f1c0cb36000 ---p 0004b000 08:03 18618972                   /usr/lib/jvm/java-6-openjdk-amd64/jre/lib/amd64/xawt/libmawt.so
7f1c0cb36000-7f1c0cb37000 r--p 0004b000 08:03 18618972                   /usr/lib/jvm/java-6-openjdk-amd64/jre/lib/amd64/xawt/libmawt.so
7f1c0cb37000-7f1c0cb3a000 rw-p 0004c000 08:03 18618972                   /usr/lib/jvm/java-6-openjdk-amd64/jre/lib/amd64/xawt/libmawt.so
7f1c0cb3a000-7f1c0cb3b000 rw-p 00000000 00:00 0 
7f1c0cb3b000-7f1c0cbe7000 r-xp 00000000 08:03 18618874                   /usr/lib/jvm/java-6-openjdk-amd64/jre/lib/amd64/libawt.so
7f1c0cbe7000-7f1c0cde6000 ---p 000ac000 08:03 18618874                   /usr/lib/jvm/java-6-openjdk-amd64/jre/lib/amd64/libawt.so
7f1c0cde6000-7f1c0cde7000 r--p 000ab000 08:03 18618874                   /usr/lib/jvm/java-6-openjdk-amd64/jre/lib/amd64/libawt.so
7f1c0cde7000-7f1c0cdf2000 rw-p 000ac000 08:03 18618874                   /usr/lib/jvm/java-6-openjdk-amd64/jre/lib/amd64/libawt.so
7f1c0cdf2000-7f1c0ce17000 rw-p 00000000 00:00 0 
7f1c0ce17000-7f1c0ce18000 ---p 00000000 00:00 0 
7f1c0ce18000-7f1c0cf18000 rw-p 00000000 00:00 0 
7f1c0cf18000-7f1c0cf1b000 ---p 00000000 00:00 0 
7f1c0cf1b000-7f1c0d019000 rw-p 00000000 00:00 0 
7f1c0d019000-7f1c0d01c000 ---p 00000000 00:00 0 
7f1c0d01c000-7f1c0d11a000 rw-p 00000000 00:00 0 
7f1c0d11a000-7f1c0d11d000 ---p 00000000 00:00 0 
7f1c0d11d000-7f1c0d21b000 rw-p 00000000 00:00 0 
7f1c0d21b000-7f1c0d21e000 ---p 00000000 00:00 0 
7f1c0d21e000-7f1c0d31c000 rw-p 00000000 00:00 0 
7f1c0d31c000-7f1c0d9ff000 r--p 00000000 08:03 18487587                   /usr/lib/locale/locale-archive
7f1c0d9ff000-7f1c0da02000 ---p 00000000 00:00 0 
7f1c0da02000-7f1c0db00000 rw-p 00000000 00:00 0 
7f1c0db00000-7f1c0db03000 ---p 00000000 00:00 0 
7f1c0db03000-7f1c0dc01000 rw-p 00000000 00:00 0 
7f1c0dc01000-7f1c0dc02000 ---p 00000000 00:00 0 
7f1c0dc02000-7f1c0e23a000 rw-p 00000000 00:00 0 
7f1c0e23a000-7f1c0e3cc000 r--s 037bf000 08:03 18618843                   /usr/lib/jvm/java-6-openjdk-amd64/jre/lib/rt.jar
7f1c0e3cc000-7f1c0e3f4000 rw-p 00000000 00:00 0 
7f1c0e3f4000-7f1c0e3f5000 ---p 00000000 00:00 0 
7f1c0e3f5000-7f1c0e4f5000 rw-p 00000000 00:00 0 
7f1c0e4f5000-7f1c0e4f6000 ---p 00000000 00:00 0 
7f1c0e4f6000-7f1c0e5f6000 rw-p 00000000 00:00 0 
7f1c0e5f6000-7f1c0e5f7000 ---p 00000000 00:00 0 
7f1c0e5f7000-7f1c0e6f7000 rw-p 00000000 00:00 0 
7f1c0e6f7000-7f1c0e6f8000 ---p 00000000 00:00 0 
7f1c0e6f8000-7f1c0e803000 rw-p 00000000 00:00 0 
7f1c0e803000-7f1c0e84b000 rw-p 00000000 00:00 0 
7f1c0e84b000-7f1c0e872000 rw-p 00000000 00:00 0 
7f1c0e872000-7f1c0eab9000 rw-p 00000000 00:00 0 
7f1c0eab9000-7f1c0eac4000 rw-p 00000000 00:00 0 
7f1c0eac4000-7f1c0eb0c000 rw-p 00000000 00:00 0 
7f1c0eb0c000-7f1c0eb33000 rw-p 00000000 00:00 0 
7f1c0eb33000-7f1c0ed7a000 rw-p 00000000 00:00 0 
7f1c0ed7a000-7f1c0ed8e000 rw-p 00000000 00:00 0 
7f1c0ed8e000-7f1c0eeb1000 rw-p 00000000 00:00 0 
7f1c0eeb1000-7f1c0eeb2000 rw-p 00000000 00:00 0 
7f1c0eeb2000-7f1c0eeb9000 r-xp 00000000 08:03 18618888                   /usr/lib/jvm/java-6-openjdk-amd64/jre/lib/amd64/libzip.so
7f1c0eeb9000-7f1c0f0b8000 ---p 00007000 08:03 18618888                   /usr/lib/jvm/java-6-openjdk-amd64/jre/lib/amd64/libzip.so
7f1c0f0b8000-7f1c0f0b9000 r--p 00006000 08:03 18618888                   /usr/lib/jvm/java-6-openjdk-amd64/jre/lib/amd64/libzip.so
7f1c0f0b9000-7f1c0f0ba000 rw-p 00007000 08:03 18618888                   /usr/lib/jvm/java-6-openjdk-amd64/jre/lib/amd64/libzip.so
7f1c0f0ba000-7f1c0f0c6000 r-xp 00000000 08:03 21758081                   /lib/x86_64-linux-gnu/libnss_files-2.15.so
7f1c0f0c6000-7f1c0f2c5000 ---p 0000c000 08:03 21758081                   /lib/x86_64-linux-gnu/libnss_files-2.15.so
7f1c0f2c5000-7f1c0f2c6000 r--p 0000b000 08:03 21758081                   /lib/x86_64-linux-gnu/libnss_files-2.15.so
7f1c0f2c6000-7f1c0f2c7000 rw-p 0000c000 08:03 21758081                   /lib/x86_64-linux-gnu/libnss_files-2.15.so
7f1c0f2c7000-7f1c0f2d1000 r-xp 00000000 08:03 21758077                   /lib/x86_64-linux-gnu/libnss_nis-2.15.so
7f1c0f2d1000-7f1c0f4d1000 ---p 0000a000 08:03 21758077                   /lib/x86_64-linux-gnu/libnss_nis-2.15.so
7f1c0f4d1000-7f1c0f4d2000 r--p 0000a000 08:03 21758077                   /lib/x86_64-linux-gnu/libnss_nis-2.15.so
7f1c0f4d2000-7f1c0f4d3000 rw-p 0000b000 08:03 21758077                   /lib/x86_64-linux-gnu/libnss_nis-2.15.so
7f1c0f4d3000-7f1c0f4ea000 r-xp 00000000 08:03 21761730                   /lib/x86_64-linux-gnu/libnsl-2.15.so
7f1c0f4ea000-7f1c0f6e9000 ---p 00017000 08:03 21761730                   /lib/x86_64-linux-gnu/libnsl-2.15.so
7f1c0f6e9000-7f1c0f6ea000 r--p 00016000 08:03 21761730                   /lib/x86_64-linux-gnu/libnsl-2.15.so
7f1c0f6ea000-7f1c0f6eb000 rw-p 00017000 08:03 21761730                   /lib/x86_64-linux-gnu/libnsl-2.15.so
7f1c0f6eb000-7f1c0f6ed000 rw-p 00000000 00:00 0 
7f1c0f6ed000-7f1c0f6f5000 r-xp 00000000 08:03 21758082                   /lib/x86_64-linux-gnu/libnss_compat-2.15.so
7f1c0f6f5000-7f1c0f8f4000 ---p 00008000 08:03 21758082                   /lib/x86_64-linux-gnu/libnss_compat-2.15.so
7f1c0f8f4000-7f1c0f8f5000 r--p 00007000 08:03 21758082                   /lib/x86_64-linux-gnu/libnss_compat-2.15.so
7f1c0f8f5000-7f1c0f8f6000 rw-p 00008000 08:03 21758082                   /lib/x86_64-linux-gnu/libnss_compat-2.15.so
7f1c0f8f6000-7f1c0f922000 r-xp 00000000 08:03 18618873                   /usr/lib/jvm/java-6-openjdk-amd64/jre/lib/amd64/libjava.so
7f1c0f922000-7f1c0fb21000 ---p 0002c000 08:03 18618873                   /usr/lib/jvm/java-6-openjdk-amd64/jre/lib/amd64/libjava.so
7f1c0fb21000-7f1c0fb22000 r--p 0002b000 08:03 18618873                   /usr/lib/jvm/java-6-openjdk-amd64/jre/lib/amd64/libjava.so
7f1c0fb22000-7f1c0fb25000 rw-p 0002c000 08:03 18618873                   /usr/lib/jvm/java-6-openjdk-amd64/jre/lib/amd64/libjava.so
7f1c0fb25000-7f1c0fb33000 r-xp 00000000 08:03 18618872                   /usr/lib/jvm/java-6-openjdk-amd64/jre/lib/amd64/libverify.so
7f1c0fb33000-7f1c0fd32000 ---p 0000e000 08:03 18618872                   /usr/lib/jvm/java-6-openjdk-amd64/jre/lib/amd64/libverify.so
7f1c0fd32000-7f1c0fd34000 r--p 0000d000 08:03 18618872                   /usr/lib/jvm/java-6-openjdk-amd64/jre/lib/amd64/libverify.so
7f1c0fd34000-7f1c0fd35000 rw-p 0000f000 08:03 18618872                   /usr/lib/jvm/java-6-openjdk-amd64/jre/lib/amd64/libverify.so
7f1c0fd35000-7f1c0fd3c000 r-xp 00000000 08:03 21758075                   /lib/x86_64-linux-gnu/librt-2.15.so
7f1c0fd3c000-7f1c0ff3b000 ---p 00007000 08:03 21758075                   /lib/x86_64-linux-gnu/librt-2.15.so
7f1c0ff3b000-7f1c0ff3c000 r--p 00006000 08:03 21758075                   /lib/x86_64-linux-gnu/librt-2.15.so
7f1c0ff3c000-7f1c0ff3d000 rw-p 00007000 08:03 21758075                   /lib/x86_64-linux-gnu/librt-2.15.so
7f1c0ff3d000-7f1c0ff52000 r-xp 00000000 08:03 21761542                   /lib/x86_64-linux-gnu/libgcc_s.so.1
7f1c0ff52000-7f1c10151000 ---p 00015000 08:03 21761542                   /lib/x86_64-linux-gnu/libgcc_s.so.1
7f1c10151000-7f1c10152000 r--p 00014000 08:03 21761542                   /lib/x86_64-linux-gnu/libgcc_s.so.1
7f1c10152000-7f1c10153000 rw-p 00015000 08:03 21761542                   /lib/x86_64-linux-gnu/libgcc_s.so.1
7f1c10153000-7f1c1024c000 r-xp 00000000 08:03 21758079                   /lib/x86_64-linux-gnu/libm-2.15.so
7f1c1024c000-7f1c1044b000 ---p 000f9000 08:03 21758079                   /lib/x86_64-linux-gnu/libm-2.15.so
7f1c1044b000-7f1c1044c000 r--p 000f8000 08:03 21758079                   /lib/x86_64-linux-gnu/libm-2.15.so
7f1c1044c000-7f1c1044d000 rw-p 000f9000 08:03 21758079                   /lib/x86_64-linux-gnu/libm-2.15.so
7f1c1044d000-7f1c1052f000 r-xp 00000000 08:03 18488773                   /usr/lib/x86_64-linux-gnu/libstdc++.so.6.0.16
7f1c1052f000-7f1c1072e000 ---p 000e2000 08:03 18488773                   /usr/lib/x86_64-linux-gnu/libstdc++.so.6.0.16
7f1c1072e000-7f1c10736000 r--p 000e1000 08:03 18488773                   /usr/lib/x86_64-linux-gnu/libstdc++.so.6.0.16
7f1c10736000-7f1c10738000 rw-p 000e9000 08:03 18488773                   /usr/lib/x86_64-linux-gnu/libstdc++.so.6.0.16
7f1c10738000-7f1c1074d000 rw-p 00000000 00:00 0 
7f1c1074d000-7f1c11051000 r-xp 00000000 08:03 18618878                   /usr/lib/jvm/java-6-openjdk-amd64/jre/lib/amd64/server/libjvm.so
7f1c11051000-7f1c11251000 ---p 00904000 08:03 18618878                   /usr/lib/jvm/java-6-openjdk-amd64/jre/lib/amd64/server/libjvm.so
7f1c11251000-7f1c112d1000 r--p 00904000 08:03 18618878                   /usr/lib/jvm/java-6-openjdk-amd64/jre/lib/amd64/server/libjvm.so
7f1c112d1000-7f1c112ec000 rw-p 00984000 08:03 18618878                   /usr/lib/jvm/java-6-openjdk-amd64/jre/lib/amd64/server/libjvm.so
7f1c112ec000-7f1c11315000 rw-p 00000000 00:00 0 
7f1c11315000-7f1c1132b000 r-xp 00000000 08:03 21761632                   /lib/x86_64-linux-gnu/libz.so.1.2.3.4
7f1c1132b000-7f1c1152a000 ---p 00016000 08:03 21761632                   /lib/x86_64-linux-gnu/libz.so.1.2.3.4
7f1c1152a000-7f1c1152b000 r--p 00015000 08:03 21761632                   /lib/x86_64-linux-gnu/libz.so.1.2.3.4
7f1c1152b000-7f1c1152c000 rw-p 00016000 08:03 21761632                   /lib/x86_64-linux-gnu/libz.so.1.2.3.4
7f1c1152c000-7f1c116e1000 r-xp 00000000 08:03 21757975                   /lib/x86_64-linux-gnu/libc-2.15.so
7f1c116e1000-7f1c118e0000 ---p 001b5000 08:03 21757975                   /lib/x86_64-linux-gnu/libc-2.15.so
7f1c118e0000-7f1c118e4000 r--p 001b4000 08:03 21757975                   /lib/x86_64-linux-gnu/libc-2.15.so
7f1c118e4000-7f1c118e6000 rw-p 001b8000 08:03 21757975                   /lib/x86_64-linux-gnu/libc-2.15.so
7f1c118e6000-7f1c118eb000 rw-p 00000000 00:00 0 
7f1c118eb000-7f1c118ed000 r-xp 00000000 08:03 21757964                   /lib/x86_64-linux-gnu/libdl-2.15.so
7f1c118ed000-7f1c11aed000 ---p 00002000 08:03 21757964                   /lib/x86_64-linux-gnu/libdl-2.15.so
7f1c11aed000-7f1c11aee000 r--p 00002000 08:03 21757964                   /lib/x86_64-linux-gnu/libdl-2.15.so
7f1c11aee000-7f1c11aef000 rw-p 00003000 08:03 21757964                   /lib/x86_64-linux-gnu/libdl-2.15.so
7f1c11aef000-7f1c11af3000 r-xp 00000000 08:03 18618855                   /usr/lib/jvm/java-6-openjdk-amd64/jre/lib/amd64/jli/libjli.so
7f1c11af3000-7f1c11cf2000 ---p 00004000 08:03 18618855                   /usr/lib/jvm/java-6-openjdk-amd64/jre/lib/amd64/jli/libjli.so
7f1c11cf2000-7f1c11cf3000 r--p 00003000 08:03 18618855                   /usr/lib/jvm/java-6-openjdk-amd64/jre/lib/amd64/jli/libjli.so
7f1c11cf3000-7f1c11cf4000 rw-p 00004000 08:03 18618855                   /usr/lib/jvm/java-6-openjdk-amd64/jre/lib/amd64/jli/libjli.so
7f1c11cf4000-7f1c11d0c000 r-xp 00000000 08:03 21758073                   /lib/x86_64-linux-gnu/libpthread-2.15.so
7f1c11d0c000-7f1c11f0b000 ---p 00018000 08:03 21758073                   /lib/x86_64-linux-gnu/libpthread-2.15.so
7f1c11f0b000-7f1c11f0c000 r--p 00017000 08:03 21758073                   /lib/x86_64-linux-gnu/libpthread-2.15.so
7f1c11f0c000-7f1c11f0d000 rw-p 00018000 08:03 21758073                   /lib/x86_64-linux-gnu/libpthread-2.15.so
7f1c11f0d000-7f1c11f11000 rw-p 00000000 00:00 0 
7f1c11f11000-7f1c11f33000 r-xp 00000000 08:03 21758085                   /lib/x86_64-linux-gnu/ld-2.15.so
7f1c11f33000-7f1c11f34000 r--s 00001000 08:03 15598500                   /home/arwilczek90/workspace/Elements/lib/slick/lib/jogg-0.0.7.jar
7f1c11f34000-7f1c11f35000 r--s 00001000 08:03 15598499                   /home/arwilczek90/workspace/Elements/lib/slick/lib/jnlp.jar
7f1c11f35000-7f1c11f3a000 r--s 00000000 08:03 19927110                   /var/cache/fontconfig/3047814df9a2f067bd2d96a2b9c36e5a-le64.cache-3
7f1c11f3a000-7f1c11f3b000 r--s 00000000 08:03 19927115                   /var/cache/fontconfig/56cf4f4769d0f4abc89a4895d7bd3ae1-le64.cache-3
7f1c11f3b000-7f1c11f40000 r--s 00000000 08:03 19927125                   /var/cache/fontconfig/b47c4e1ecd0709278f4910c18777a504-le64.cache-3
7f1c11f40000-7f1c11f43000 r--s 00000000 08:03 19927196                   /var/cache/fontconfig/e13b20fdb08344e0e664864cc2ede53d-le64.cache-3
7f1c11f43000-7f1c11f47000 r--s 00000000 08:03 19927452                   /var/cache/fontconfig/7ef2298fde41cc6eeb7af42e48b7d293-le64.cache-3
7f1c11f47000-7f1c11f4a000 r--s 0007d000 08:03 18618443                   /usr/lib/jvm/java-6-openjdk-common/jre/lib/jsse.jar
7f1c11f4a000-7f1c11f51000 r--s 00073000 08:03 15597691                   /home/arwilczek90/workspace/Elements/lib/lwjgl.jar
7f1c11f51000-7f1c11f5b000 rw-p 00000000 00:00 0 
7f1c11f5b000-7f1c12011000 rw-p 00000000 00:00 0 
7f1c12011000-7f1c12014000 ---p 00000000 00:00 0 
7f1c12014000-7f1c12117000 rw-p 00000000 00:00 0 
7f1c12117000-7f1c12118000 r--s 00000000 08:03 19927126                   /var/cache/fontconfig/b9d506c9ac06c20b433354fa67a72993-le64.cache-3
7f1c12118000-7f1c1211a000 r--s 0000f000 08:03 18618803                   /usr/lib/jvm/java-6-openjdk-common/jre/lib/ext/pulse-java.jar
7f1c1211a000-7f1c1211d000 r--s 00077000 08:03 18618797                   /usr/lib/jvm/java-6-openjdk-common/jre/lib/ext/localedata.jar
7f1c1211d000-7f1c1211e000 r--s 00007000 08:03 18748229                   /usr/share/java/java-atk-wrapper.jar
7f1c1211e000-7f1c12120000 r--s 00001000 08:03 18618801                   /usr/lib/jvm/java-6-openjdk-common/jre/lib/ext/dnsns.jar
7f1c12120000-7f1c12124000 r--s 00038000 08:03 18618795                   /usr/lib/jvm/java-6-openjdk-common/jre/lib/ext/sunpkcs11.jar
7f1c12124000-7f1c12127000 r--s 00031000 08:03 18618799                   /usr/lib/jvm/java-6-openjdk-common/jre/lib/ext/sunjce_provider.jar
7f1c12127000-7f1c1212f000 rw-s 00000000 08:03 8126514                    /tmp/hsperfdata_arwilczek90/20197 (deleted)
7f1c1212f000-7f1c12130000 rw-p 00000000 00:00 0 
7f1c12130000-7f1c12131000 ---p 00000000 00:00 0 
7f1c12131000-7f1c12133000 rw-p 00000000 00:00 0 
7f1c12133000-7f1c12134000 r--p 00022000 08:03 21758085                   /lib/x86_64-linux-gnu/ld-2.15.so
7f1c12134000-7f1c12136000 rw-p 00023000 08:03 21758085                   /lib/x86_64-linux-gnu/ld-2.15.so
7fffd4db8000-7fffd4dd9000 rw-p 00000000 00:00 0                          [stack]
7fffd4dff000-7fffd4e00000 r-xp 00000000 00:00 0                          [vdso]
ffffffffff600000-ffffffffff601000 r-xp 00000000 00:00 0                  [vsyscall]

VM Arguments:
jvm_args: -Djava.library.path=/home/arwilczek90/workspace/Elements/lib/slick:/home/arwilczek90/workspace/Elements/lib/slick -Dfile.encoding=UTF-8 
java_command: com.hack.elements.view.Main
Launcher Type: SUN_STANDARD

Environment Variables:
PATH=/usr/lib/lightdm/lightdm:/usr/local/sbin:/usr/local/bin:/usr/sbin:/usr/bin:/sbin:/bin:/usr/games
LD_LIBRARY_PATH=/usr/lib/jvm/java-6-openjdk-amd64/jre/lib/amd64/server:/usr/lib/jvm/java-6-openjdk-amd64/jre/lib/amd64:/usr/lib/jvm/java-6-openjdk-amd64/jre/../lib/amd64
SHELL=/bin/bash
DISPLAY=:0.0

Signal Handlers:
SIGSEGV: [libjvm.so+0x784310], sa_mask[0]=0x7ffbfeff, sa_flags=0x10000004
SIGBUS: [libjvm.so+0x784310], sa_mask[0]=0x7ffbfeff, sa_flags=0x10000004
SIGFPE: [libjvm.so+0x648580], sa_mask[0]=0x7ffbfeff, sa_flags=0x10000004
SIGPIPE: [libjvm.so+0x648580], sa_mask[0]=0x7ffbfeff, sa_flags=0x10000004
SIGXFSZ: [libjvm.so+0x648580], sa_mask[0]=0x7ffbfeff, sa_flags=0x10000004
SIGILL: [libjvm.so+0x648580], sa_mask[0]=0x7ffbfeff, sa_flags=0x10000004
SIGUSR1: SIG_DFL, sa_mask[0]=0x00000000, sa_flags=0x00000000
SIGUSR2: [libjvm.so+0x648730], sa_mask[0]=0x00000004, sa_flags=0x10000004
SIGHUP: [libjvm.so+0x64b250], sa_mask[0]=0x7ffbfeff, sa_flags=0x10000004
SIGINT: [libjvm.so+0x64b250], sa_mask[0]=0x7ffbfeff, sa_flags=0x10000004
SIGTERM: [libjvm.so+0x64b250], sa_mask[0]=0x7ffbfeff, sa_flags=0x10000004
SIGQUIT: [libjvm.so+0x64b250], sa_mask[0]=0x7ffbfeff, sa_flags=0x10000004


---------------  S Y S T E M  ---------------

OS:Ubuntu 12.04 (precise)
uname:Linux 3.2.0-32-generic #51-Ubuntu SMP Wed Sep 26 21:33:09 UTC 2012 x86_64
libc:glibc 2.15 NPTL 2.15 
rlimit: STACK 8192k, CORE 0k, NPROC 59545, NOFILE 4096, AS infinity
load average:0.85 0.86 0.83

/proc/meminfo:
MemTotal:        7639648 kB
MemFree:         3872896 kB
Buffers:          132356 kB
Cached:          1225572 kB
SwapCached:            0 kB
Active:          2520912 kB
Inactive:         752772 kB
Active(anon):    1916220 kB
Inactive(anon):    16676 kB
Active(file):     604692 kB
Inactive(file):   736096 kB
Unevictable:          20 kB
Mlocked:              20 kB
SwapTotal:       3818492 kB
SwapFree:        3818492 kB
Dirty:               380 kB
Writeback:             0 kB
AnonPages:       1915892 kB
Mapped:           317896 kB
Shmem:             17144 kB
Slab:             107104 kB
SReclaimable:      76368 kB
SUnreclaim:        30736 kB
KernelStack:        4176 kB
PageTables:        35516 kB
NFS_Unstable:          0 kB
Bounce:                0 kB
WritebackTmp:          0 kB
CommitLimit:     7638316 kB
Committed_AS:    4464780 kB
VmallocTotal:   34359738367 kB
VmallocUsed:      116912 kB
VmallocChunk:   34359619344 kB
HardwareCorrupted:     0 kB
AnonHugePages:         0 kB
HugePages_Total:       0
HugePages_Free:        0
HugePages_Rsvd:        0
HugePages_Surp:        0
Hugepagesize:       2048 kB
DirectMap4k:      342016 kB
DirectMap2M:     5404672 kB
DirectMap1G:     2097152 kB


CPU:total 4 (4 cores per cpu, 1 threads per core) family 18 model 1 stepping 0, cmov, cx8, fxsr, mmx, sse, sse2, sse3, popcnt, mmxext, 3dnowpref, lzcnt, sse4a

Memory: 4k page, physical 7639648k(3872896k free), swap 3818492k(3818492k free)

vm_info: OpenJDK 64-Bit Server VM (20.0-b12) for linux-amd64 JRE (1.6.0_24-b24), built on Sep  2 2012 19:50:47 by "buildd" with gcc 4.6.3

time: Sun Oct 14 00:02:09 2012
elapsed time: 22 seconds

