#
# A fatal error has been detected by the Java Runtime Environment:
#
#  SIGSEGV (0xb) at pc=0x00007fc3f6040c58, pid=11624, tid=140479649187584
#
# JRE version: 6.0_24-b24
# Java VM: OpenJDK 64-Bit Server VM (20.0-b12 mixed mode linux-amd64 compressed oops)
# Derivative: IcedTea6 1.11.4
# Distribution: Ubuntu 12.04 LTS, package 6b24-1.11.4-1ubuntu0.12.04.1
# Problematic frame:
# C  [libX11.so.6+0x33c58]  XQueryExtension+0x28
#
# If you would like to submit a bug report, please include
# instructions how to reproduce the bug and visit:
#   https://bugs.launchpad.net/ubuntu/+source/openjdk-6/
#

---------------  T H R E A D  ---------------

Current thread (0x00007fc400070000):  VMThread [stack: 0x00007fc3f7868000,0x00007fc3f7969000] [id=11634]

siginfo:si_signo=SIGSEGV: si_errno=0, si_code=1 (SEGV_MAPERR), si_addr=0x00000000002584a8

Registers:
RAX=0x00007fc3d80008c0, RBX=0x0000000000257b40, RCX=0x00007fc3f79677d8, RDX=0x00007fc3f79677d4
RSP=0x00007fc3f7967770, RBP=0x00007fc3efe8d932, RSI=0x00007fc3efe8d932, RDI=0x0000000000257b40
R8 =0x00007fc3f79677dc, R9 =0x0000000000000000, R10=0x00007fc406662fa8, R11=0x00007fc4062e2ca0
R12=0x0000000000000000, R13=0x00007fc3efe8d932, R14=0x00007fc3d80008c0, R15=0x0000000000000000
RIP=0x00007fc3f6040c58, EFLAGS=0x0000000000010202, CSGSFS=0x0000000000000033, ERR=0x0000000000000004
  TRAPNO=0x000000000000000e

Top of Stack: (sp=0x00007fc3f7967770)
0x00007fc3f7967770:   00007fc4062b5790 00007fc406e919e8
0x00007fc3f7967780:   00007fc3fcc8a280 00007fc3fcc8a2e0
0x00007fc3f7967790:   00000000ffffffff 0000000000257b40
0x00007fc3f79677a0:   00007fc3efe8d932 0000000000000000
0x00007fc3f79677b0:   00007fc3efe8d932 00007fc3d80008c0
0x00007fc3f79677c0:   0000000000000000 00007fc3f6034c55
0x00007fc3f79677d0:   00007fc406eaf048 00007fc3effc6520
0x00007fc3f79677e0:   00007fc3effc6520 0000000000257b40
0x00007fc3f79677f0:   00007fc4001a9610 00007fc3f634e02b
0x00007fc3f7967800:   00007fc4062b5790 000000110000002c
0x00007fc3f7967810:   00007fc3f7967890 0000000000000000
0x00007fc3f7967820:   00007fc3f7967890 0000000000257b40
0x00007fc3f7967830:   0000000000000000 00007fc406eaf048
0x00007fc3f7967840:   00007fc3effdfd50 00007fc3efe34119
0x00007fc3f7967850:   0000000000000000 000000000000002c
0x00007fc3f7967860:   00007fc3f7967890 00007fc3f79678b0
0x00007fc3f7967870:   0000000000000000 00007fc406eaf048
0x00007fc3f7967880:   00007fc4002576a0 00007fc3efe2ab42
0x00007fc3f7967890:   00007fc3f7967a80 00007fc3efe8d8b1
0x00007fc3f79678a0:   00007fc3f7967a80 00007fc406c9b92d
0x00007fc3f79678b0:   00007fc406eb02c8 00007fc406eb0858
0x00007fc3f79678c0:   00007fc406e91000 00007fc400006a00
0x00007fc3f79678d0:   00007fc400007510 00007fc400006eb0
0x00007fc3f79678e0:   00007fc400007a10 00007fc40000c6f0
0x00007fc3f79678f0:   00007fc400133510 00007fc4001339f0
0x00007fc3f7967900:   00007fc406e90000 00007fc4002540a0
0x00007fc3f7967910:   00007fc40024ebb0 00007fc40024f050
0x00007fc3f7967920:   00007fc400254570 00007fc400254a10
0x00007fc3f7967930:   00007fc400254eb0 00007fc400120250
0x00007fc3f7967940:   00007fc4000bdfa0 00007fc4000025e0
0x00007fc3f7967950:   00007fc400001ec0 0000000000ee55f0
0x00007fc3f7967960:   0000000000ee5b60 0000000000ee6570 

Instructions: (pc=0x00007fc3f6040c58)
0x00007fc3f6040c38:   24 d8 48 89 fb 4c 89 64 24 e0 4c 89 6c 24 e8 48
0x00007fc3f6040c48:   89 f5 4c 89 74 24 f0 4c 89 7c 24 f8 48 83 ec 58
0x00007fc3f6040c58:   48 8b 87 68 09 00 00 49 89 d4 49 89 cd 4d 89 c6
0x00007fc3f6040c68:   48 85 c0 74 02 ff 10 ba 08 00 00 00 be 62 00 00 

Register to memory mapping:

RAX=0x00007fc3d80008c0 is an unknown value
RBX=0x0000000000257b40 is an unknown value
RCX=0x00007fc3f79677d8 is an unknown value
RDX=0x00007fc3f79677d4 is an unknown value
RSP=0x00007fc3f7967770 is an unknown value
RBP=0x00007fc3efe8d932: <offset 0x96932> in /usr/lib/fglrx/libGL.so.1 at 0x00007fc3efdf7000
RSI=0x00007fc3efe8d932: <offset 0x96932> in /usr/lib/fglrx/libGL.so.1 at 0x00007fc3efdf7000
RDI=0x0000000000257b40 is an unknown value
R8 =0x00007fc3f79677dc is an unknown value
R9 =0x0000000000000000 is an unknown value
R10=0x00007fc406662fa8: <offset 0x3bbfa8> in /lib/x86_64-linux-gnu/libc.so.6 at 0x00007fc4062a7000
R11=0x00007fc4062e2ca0: __cxa_finalize+0 in /lib/x86_64-linux-gnu/libc.so.6 at 0x00007fc4062a7000
R12=0x0000000000000000 is an unknown value
R13=0x00007fc3efe8d932: <offset 0x96932> in /usr/lib/fglrx/libGL.so.1 at 0x00007fc3efdf7000
R14=0x00007fc3d80008c0 is an unknown value
R15=0x0000000000000000 is an unknown value


Stack: [0x00007fc3f7868000,0x00007fc3f7969000],  sp=0x00007fc3f7967770,  free space=1021k
Native frames: (J=compiled Java code, j=interpreted, Vv=VM code, C=native code)
C  [libX11.so.6+0x33c58]  XQueryExtension+0x28

VM_Operation (0x00007fc406e8b680): Exit, mode: safepoint, requested by thread 0x00007fc400008800


---------------  P R O C E S S  ---------------

Java Threads: ( => current thread )
  0x00007fc400b20800 JavaThread "Thread-2" daemon [_thread_blocked, id=11646, stack(0x00007fc3ecf6b000,0x00007fc3ed06c000)]
  0x00007fc400253800 JavaThread "AWT-XAWT" daemon [_thread_in_native, id=11644, stack(0x00007fc3f48c3000,0x00007fc3f49c4000)]
  0x00007fc400161800 JavaThread "Java2D Disposer" daemon [_thread_blocked, id=11642, stack(0x00007fc3f4dee000,0x00007fc3f4eef000)]
  0x00007fc40009e800 JavaThread "Low Memory Detector" daemon [_thread_blocked, id=11640, stack(0x00007fc3f6b7f000,0x00007fc3f6c80000)]
  0x00007fc40009c000 JavaThread "C2 CompilerThread1" daemon [_thread_blocked, id=11639, stack(0x00007fc3f6c80000,0x00007fc3f6d81000)]
  0x00007fc400099800 JavaThread "C2 CompilerThread0" daemon [_thread_blocked, id=11638, stack(0x00007fc3f6d81000,0x00007fc3f6e82000)]
  0x00007fc400079000 JavaThread "Finalizer" daemon [_thread_blocked, id=11636, stack(0x00007fc3f7666000,0x00007fc3f7767000)]
  0x00007fc400077000 JavaThread "Reference Handler" daemon [_thread_blocked, id=11635, stack(0x00007fc3f7767000,0x00007fc3f7868000)]
  0x00007fc400008800 JavaThread "main" [_thread_blocked, id=11629, stack(0x00007fc406d8c000,0x00007fc406e8d000)]

Other Threads:
=>0x00007fc400070000 VMThread [stack: 0x00007fc3f7868000,0x00007fc3f7969000] [id=11634]

VM state:at safepoint (shutting down)

VM Mutex/Monitor currently owned by a thread:  ([mutex/lock_event])
[0x00007fc400004dd0] Threads_lock - owner thread: 0x00007fc400070000

Heap
 PSYoungGen      total 34880K, used 27164K [0x00000000d9200000, 0x00000000db8e0000, 0x0000000100000000)
  eden space 29952K, 90% used [0x00000000d9200000,0x00000000dac872a0,0x00000000daf40000)
  from space 4928K, 0% used [0x00000000db410000,0x00000000db410000,0x00000000db8e0000)
  to   space 4928K, 0% used [0x00000000daf40000,0x00000000daf40000,0x00000000db410000)
 PSOldGen        total 79616K, used 0K [0x000000008b600000, 0x00000000903c0000, 0x00000000d9200000)
  object space 79616K, 0% used [0x000000008b600000,0x000000008b600000,0x00000000903c0000)
 PSPermGen       total 21248K, used 11378K [0x0000000081000000, 0x00000000824c0000, 0x000000008b600000)
  object space 21248K, 53% used [0x0000000081000000,0x0000000081b1cae0,0x00000000824c0000)

Code Cache  [0x00007fc3fcbeb000, 0x00007fc3fce5b000, 0x00007fc3ffbeb000)
 total_blobs=615 nmethods=130 adapters=439 free_code_cache=49564288 largest_free_block=18688

Dynamic libraries:
00400000-00409000 r-xp 00000000 08:03 18618890                           /usr/lib/jvm/java-6-openjdk-amd64/jre/bin/java
00608000-00609000 r--p 00008000 08:03 18618890                           /usr/lib/jvm/java-6-openjdk-amd64/jre/bin/java
00609000-0060a000 rw-p 00009000 08:03 18618890                           /usr/lib/jvm/java-6-openjdk-amd64/jre/bin/java
00ee5000-00f06000 rw-p 00000000 00:00 0                                  [heap]
81000000-824c0000 rw-p 00000000 00:00 0 
824c0000-8b600000 rw-p 00000000 00:00 0 
8b600000-903c0000 rw-p 00000000 00:00 0 
903c0000-d9200000 rw-p 00000000 00:00 0 
d9200000-db8e0000 rw-p 00000000 00:00 0 
db8e0000-100000000 rw-p 00000000 00:00 0 
7fc3b0000000-7fc3b0021000 rw-p 00000000 00:00 0 
7fc3b0021000-7fc3b4000000 ---p 00000000 00:00 0 
7fc3b4000000-7fc3b4021000 rw-p 00000000 00:00 0 
7fc3b4021000-7fc3b8000000 ---p 00000000 00:00 0 
7fc3b8000000-7fc3b8021000 rw-p 00000000 00:00 0 
7fc3b8021000-7fc3bc000000 ---p 00000000 00:00 0 
7fc3bc000000-7fc3bc021000 rw-p 00000000 00:00 0 
7fc3bc021000-7fc3c0000000 ---p 00000000 00:00 0 
7fc3c0000000-7fc3c0021000 rw-p 00000000 00:00 0 
7fc3c0021000-7fc3c4000000 ---p 00000000 00:00 0 
7fc3c4000000-7fc3c4021000 rw-p 00000000 00:00 0 
7fc3c4021000-7fc3c8000000 ---p 00000000 00:00 0 
7fc3c8000000-7fc3c81a9000 rw-p 00000000 00:00 0 
7fc3c81a9000-7fc3cc000000 ---p 00000000 00:00 0 
7fc3cc000000-7fc3cc606000 rw-p 00000000 00:00 0 
7fc3cc606000-7fc3d0000000 ---p 00000000 00:00 0 
7fc3d0000000-7fc3d0021000 rw-p 00000000 00:00 0 
7fc3d0021000-7fc3d4000000 ---p 00000000 00:00 0 
7fc3d4000000-7fc3d4021000 rw-p 00000000 00:00 0 
7fc3d4021000-7fc3d8000000 ---p 00000000 00:00 0 
7fc3d8000000-7fc3d8021000 rw-p 00000000 00:00 0 
7fc3d8021000-7fc3dc000000 ---p 00000000 00:00 0 
7fc3dc000000-7fc3dc021000 rw-p 00000000 00:00 0 
7fc3dc021000-7fc3e0000000 ---p 00000000 00:00 0 
7fc3e0000000-7fc3e0021000 rw-p 00000000 00:00 0 
7fc3e0021000-7fc3e4000000 ---p 00000000 00:00 0 
7fc3e8000000-7fc3e8021000 rw-p 00000000 00:00 0 
7fc3e8021000-7fc3ec000000 ---p 00000000 00:00 0 
7fc3eca64000-7fc3eca67000 ---p 00000000 00:00 0 
7fc3eca67000-7fc3ecb65000 rw-p 00000000 00:00 0 
7fc3ecb65000-7fc3ecb68000 ---p 00000000 00:00 0 
7fc3ecb68000-7fc3ece68000 rw-p 00000000 00:00 0 
7fc3ece68000-7fc3ece6b000 r-xp 00000000 08:03 15602613                   /home/arwilczek90/workspace/Elements/lib/slick/libjinput-linux64.so
7fc3ece6b000-7fc3ecf6a000 ---p 00003000 08:03 15602613                   /home/arwilczek90/workspace/Elements/lib/slick/libjinput-linux64.so
7fc3ecf6a000-7fc3ecf6b000 rw-p 00002000 08:03 15602613                   /home/arwilczek90/workspace/Elements/lib/slick/libjinput-linux64.so
7fc3ecf6b000-7fc3ecf6e000 ---p 00000000 00:00 0 
7fc3ecf6e000-7fc3ed06c000 rw-p 00000000 00:00 0 
7fc3ed06c000-7fc3ed071000 r--s 0002f000 08:03 15598498                   /home/arwilczek90/workspace/Elements/lib/slick/lib/jinput.jar
7fc3ed071000-7fc3ed073000 r--s 00008000 08:03 15598497                   /home/arwilczek90/workspace/Elements/lib/slick/lib/ibxm.jar
7fc3ed073000-7fc3ed076000 r--s 0005b000 08:03 15598496                   /home/arwilczek90/workspace/Elements/lib/slick/lib/hiero.jar
7fc3ed076000-7fc3ed077000 r--s 00007000 08:03 15597697                   /home/arwilczek90/workspace/Elements/lib/slick/applet/lwjgl_util_applet.jar
7fc3ed0b7000-7fc3ed7b7000 rw-s 00006000 00:05 10225                      /dev/ati/card0
7fc3ed7b7000-7fc3ed7b9000 r-xp 00000000 08:03 18488267                   /usr/lib/x86_64-linux-gnu/libXinerama.so.1.0.0
7fc3ed7b9000-7fc3ed9b8000 ---p 00002000 08:03 18488267                   /usr/lib/x86_64-linux-gnu/libXinerama.so.1.0.0
7fc3ed9b8000-7fc3ed9b9000 r--p 00001000 08:03 18488267                   /usr/lib/x86_64-linux-gnu/libXinerama.so.1.0.0
7fc3ed9b9000-7fc3ed9ba000 rw-p 00002000 08:03 18488267                   /usr/lib/x86_64-linux-gnu/libXinerama.so.1.0.0
7fc3ed9ba000-7fc3ed9f5000 r-xp 00000000 08:03 19009508                   /usr/lib/fglrx/libatiadlxx.so
7fc3ed9f5000-7fc3edaf5000 ---p 0003b000 08:03 19009508                   /usr/lib/fglrx/libatiadlxx.so
7fc3edaf5000-7fc3edafe000 rw-p 0003b000 08:03 19009508                   /usr/lib/fglrx/libatiadlxx.so
7fc3edafe000-7fc3edb0f000 rw-p 00000000 00:00 0 
7fc3edb29000-7fc3efa83000 r-xp 00000000 08:03 19009510                   /usr/lib/fglrx/dri/fglrx_dri.so
7fc3efa83000-7fc3efb83000 ---p 01f5a000 08:03 19009510                   /usr/lib/fglrx/dri/fglrx_dri.so
7fc3efb83000-7fc3efcd1000 rwxp 01f5a000 08:03 19009510                   /usr/lib/fglrx/dri/fglrx_dri.so
7fc3efcd1000-7fc3efdf7000 rwxp 00000000 00:00 0 
7fc3efdf7000-7fc3efeba000 r-xp 00000000 08:03 19009512                   /usr/lib/fglrx/libGL.so.1.2
7fc3efeba000-7fc3effb9000 ---p 000c3000 08:03 19009512                   /usr/lib/fglrx/libGL.so.1.2
7fc3effb9000-7fc3effe0000 rwxp 000c2000 08:03 19009512                   /usr/lib/fglrx/libGL.so.1.2
7fc3effe0000-7fc3f0000000 rwxp 00000000 00:00 0 
7fc3f0000000-7fc3f0021000 rw-p 00000000 00:00 0 
7fc3f0021000-7fc3f4000000 ---p 00000000 00:00 0 
7fc3f4016000-7fc3f4018000 r--s 00015000 08:03 15598514                   /home/arwilczek90/workspace/Elements/lib/slick/lib/tinylinepp.jar
7fc3f4018000-7fc3f401b000 r--s 00015000 08:03 15598512                   /home/arwilczek90/workspace/Elements/lib/slick/lib/slick-util.jar
7fc3f401b000-7fc3f4023000 r--s 00067000 08:03 15598510                   /home/arwilczek90/workspace/Elements/lib/slick/lib/slick-sources.jar
7fc3f4023000-7fc3f4024000 r--s 00000000 08:03 15598509                   /home/arwilczek90/workspace/Elements/lib/slick/lib/slick-examples.jar
7fc3f4024000-7fc3f4025000 r--s 00003000 08:03 15598508                   /home/arwilczek90/workspace/Elements/lib/slick/lib/scalar.jar
7fc3f4025000-7fc3f4028000 r--s 00017000 08:03 15598507                   /home/arwilczek90/workspace/Elements/lib/slick/lib/pedigree.jar
7fc3f4028000-7fc3f4068000 rw-s f0300000 00:05 10225                      /dev/ati/card0
7fc3f4068000-7fc3f406f000 r-xp 00000000 08:03 19009532                   /usr/lib/fglrx/libatiuki.so.1.0
7fc3f406f000-7fc3f416f000 ---p 00007000 08:03 19009532                   /usr/lib/fglrx/libatiuki.so.1.0
7fc3f416f000-7fc3f4170000 rw-p 00007000 08:03 19009532                   /usr/lib/fglrx/libatiuki.so.1.0
7fc3f4170000-7fc3f4171000 rw-p 00000000 00:00 0 
7fc3f4171000-7fc3f4172000 r-xp 00000000 08:03 18618886                   /usr/lib/jvm/java-6-openjdk-amd64/jre/lib/amd64/libjawt.so
7fc3f4172000-7fc3f4371000 ---p 00001000 08:03 18618886                   /usr/lib/jvm/java-6-openjdk-amd64/jre/lib/amd64/libjawt.so
7fc3f4371000-7fc3f4372000 r--p 00000000 08:03 18618886                   /usr/lib/jvm/java-6-openjdk-amd64/jre/lib/amd64/libjawt.so
7fc3f4372000-7fc3f4373000 rw-p 00001000 08:03 18618886                   /usr/lib/jvm/java-6-openjdk-amd64/jre/lib/amd64/libjawt.so
7fc3f4373000-7fc3f4377000 r-xp 00000000 08:03 18488287                   /usr/lib/x86_64-linux-gnu/libXxf86vm.so.1.0.0
7fc3f4377000-7fc3f4576000 ---p 00004000 08:03 18488287                   /usr/lib/x86_64-linux-gnu/libXxf86vm.so.1.0.0
7fc3f4576000-7fc3f4577000 r--p 00003000 08:03 18488287                   /usr/lib/x86_64-linux-gnu/libXxf86vm.so.1.0.0
7fc3f4577000-7fc3f4578000 rw-p 00004000 08:03 18488287                   /usr/lib/x86_64-linux-gnu/libXxf86vm.so.1.0.0
7fc3f4578000-7fc3f4580000 r-xp 00000000 08:03 18488277                   /usr/lib/x86_64-linux-gnu/libXrandr.so.2.2.0
7fc3f4580000-7fc3f477f000 ---p 00008000 08:03 18488277                   /usr/lib/x86_64-linux-gnu/libXrandr.so.2.2.0
7fc3f477f000-7fc3f4780000 r--p 00007000 08:03 18488277                   /usr/lib/x86_64-linux-gnu/libXrandr.so.2.2.0
7fc3f4780000-7fc3f4781000 rw-p 00008000 08:03 18488277                   /usr/lib/x86_64-linux-gnu/libXrandr.so.2.2.0
7fc3f4781000-7fc3f47c1000 r-xp 00000000 08:03 15602617                   /home/arwilczek90/workspace/Elements/lib/slick/liblwjgl64.so
7fc3f47c1000-7fc3f48c1000 ---p 00040000 08:03 15602617                   /home/arwilczek90/workspace/Elements/lib/slick/liblwjgl64.so
7fc3f48c1000-7fc3f48c3000 rw-p 00040000 08:03 15602617                   /home/arwilczek90/workspace/Elements/lib/slick/liblwjgl64.so
7fc3f48c3000-7fc3f48c6000 ---p 00000000 00:00 0 
7fc3f48c6000-7fc3f49c4000 rw-p 00000000 00:00 0 
7fc3f49c4000-7fc3f49c9000 r-xp 00000000 08:03 18488261                   /usr/lib/x86_64-linux-gnu/libXfixes.so.3.1.0
7fc3f49c9000-7fc3f4bc8000 ---p 00005000 08:03 18488261                   /usr/lib/x86_64-linux-gnu/libXfixes.so.3.1.0
7fc3f4bc8000-7fc3f4bc9000 r--p 00004000 08:03 18488261                   /usr/lib/x86_64-linux-gnu/libXfixes.so.3.1.0
7fc3f4bc9000-7fc3f4bca000 rw-p 00005000 08:03 18488261                   /usr/lib/x86_64-linux-gnu/libXfixes.so.3.1.0
7fc3f4bca000-7fc3f4bd3000 r-xp 00000000 08:03 18488253                   /usr/lib/x86_64-linux-gnu/libXcursor.so.1.0.2
7fc3f4bd3000-7fc3f4dd2000 ---p 00009000 08:03 18488253                   /usr/lib/x86_64-linux-gnu/libXcursor.so.1.0.2
7fc3f4dd2000-7fc3f4dd3000 r--p 00008000 08:03 18488253                   /usr/lib/x86_64-linux-gnu/libXcursor.so.1.0.2
7fc3f4dd3000-7fc3f4dd4000 rw-p 00009000 08:03 18488253                   /usr/lib/x86_64-linux-gnu/libXcursor.so.1.0.2
7fc3f4dd4000-7fc3f4ddf000 r--s 00093000 08:03 15598513                   /home/arwilczek90/workspace/Elements/lib/slick/lib/slick.jar
7fc3f4ddf000-7fc3f4de1000 r--s 00004000 08:03 15598506                   /home/arwilczek90/workspace/Elements/lib/slick/lib/packulike.jar
7fc3f4de1000-7fc3f4de2000 r--s 00043000 08:03 15598505                   /home/arwilczek90/workspace/Elements/lib/slick/lib/natives-win32.jar
7fc3f4de2000-7fc3f4de4000 r--s 00033000 08:03 15598504                   /home/arwilczek90/workspace/Elements/lib/slick/lib/natives-mac.jar
7fc3f4de4000-7fc3f4de5000 r--s 0003d000 08:03 15598503                   /home/arwilczek90/workspace/Elements/lib/slick/lib/natives-linux.jar
7fc3f4de5000-7fc3f4dec000 r--s 00073000 08:03 15598502                   /home/arwilczek90/workspace/Elements/lib/slick/lib/lwjgl.jar
7fc3f4dec000-7fc3f4dee000 r--s 0000d000 08:03 15598501                   /home/arwilczek90/workspace/Elements/lib/slick/lib/jorbis-0.0.15.jar
7fc3f4dee000-7fc3f4df1000 ---p 00000000 00:00 0 
7fc3f4df1000-7fc3f4eef000 rw-p 00000000 00:00 0 
7fc3f4eef000-7fc3f4f85000 r-xp 00000000 08:03 18488439                   /usr/lib/x86_64-linux-gnu/libfreetype.so.6.8.0
7fc3f4f85000-7fc3f5184000 ---p 00096000 08:03 18488439                   /usr/lib/x86_64-linux-gnu/libfreetype.so.6.8.0
7fc3f5184000-7fc3f518a000 r--p 00095000 08:03 18488439                   /usr/lib/x86_64-linux-gnu/libfreetype.so.6.8.0
7fc3f518a000-7fc3f518b000 rw-p 0009b000 08:03 18488439                   /usr/lib/x86_64-linux-gnu/libfreetype.so.6.8.0
7fc3f518b000-7fc3f51c5000 r-xp 00000000 08:03 18618871                   /usr/lib/jvm/java-6-openjdk-amd64/jre/lib/amd64/libfontmanager.so
7fc3f51c5000-7fc3f53c4000 ---p 0003a000 08:03 18618871                   /usr/lib/jvm/java-6-openjdk-amd64/jre/lib/amd64/libfontmanager.so
7fc3f53c4000-7fc3f53c6000 r--p 00039000 08:03 18618871                   /usr/lib/jvm/java-6-openjdk-amd64/jre/lib/amd64/libfontmanager.so
7fc3f53c6000-7fc3f53c7000 rw-p 0003b000 08:03 18618871                   /usr/lib/jvm/java-6-openjdk-amd64/jre/lib/amd64/libfontmanager.so
7fc3f53c7000-7fc3f53cc000 r-xp 00000000 08:03 18488257                   /usr/lib/x86_64-linux-gnu/libXdmcp.so.6.0.0
7fc3f53cc000-7fc3f55cb000 ---p 00005000 08:03 18488257                   /usr/lib/x86_64-linux-gnu/libXdmcp.so.6.0.0
7fc3f55cb000-7fc3f55cc000 r--p 00004000 08:03 18488257                   /usr/lib/x86_64-linux-gnu/libXdmcp.so.6.0.0
7fc3f55cc000-7fc3f55cd000 rw-p 00005000 08:03 18488257                   /usr/lib/x86_64-linux-gnu/libXdmcp.so.6.0.0
7fc3f55cd000-7fc3f55cf000 r-xp 00000000 08:03 18488246                   /usr/lib/x86_64-linux-gnu/libXau.so.6.0.0
7fc3f55cf000-7fc3f57ce000 ---p 00002000 08:03 18488246                   /usr/lib/x86_64-linux-gnu/libXau.so.6.0.0
7fc3f57ce000-7fc3f57cf000 r--p 00001000 08:03 18488246                   /usr/lib/x86_64-linux-gnu/libXau.so.6.0.0
7fc3f57cf000-7fc3f57d0000 rw-p 00002000 08:03 18488246                   /usr/lib/x86_64-linux-gnu/libXau.so.6.0.0
7fc3f57d0000-7fc3f57ed000 r-xp 00000000 08:03 18488845                   /usr/lib/x86_64-linux-gnu/libxcb.so.1.1.0
7fc3f57ed000-7fc3f59ec000 ---p 0001d000 08:03 18488845                   /usr/lib/x86_64-linux-gnu/libxcb.so.1.1.0
7fc3f59ec000-7fc3f59ed000 r--p 0001c000 08:03 18488845                   /usr/lib/x86_64-linux-gnu/libxcb.so.1.1.0
7fc3f59ed000-7fc3f59ee000 rw-p 0001d000 08:03 18488845                   /usr/lib/x86_64-linux-gnu/libxcb.so.1.1.0
7fc3f59ee000-7fc3f59fc000 r-xp 00000000 08:03 18488265                   /usr/lib/x86_64-linux-gnu/libXi.so.6.1.0
7fc3f59fc000-7fc3f5bfb000 ---p 0000e000 08:03 18488265                   /usr/lib/x86_64-linux-gnu/libXi.so.6.1.0
7fc3f5bfb000-7fc3f5bfc000 r--p 0000d000 08:03 18488265                   /usr/lib/x86_64-linux-gnu/libXi.so.6.1.0
7fc3f5bfc000-7fc3f5bfd000 rw-p 0000e000 08:03 18488265                   /usr/lib/x86_64-linux-gnu/libXi.so.6.1.0
7fc3f5bfd000-7fc3f5c02000 r-xp 00000000 08:03 18488283                   /usr/lib/x86_64-linux-gnu/libXtst.so.6.1.0
7fc3f5c02000-7fc3f5e01000 ---p 00005000 08:03 18488283                   /usr/lib/x86_64-linux-gnu/libXtst.so.6.1.0
7fc3f5e01000-7fc3f5e02000 r--p 00004000 08:03 18488283                   /usr/lib/x86_64-linux-gnu/libXtst.so.6.1.0
7fc3f5e02000-7fc3f5e03000 rw-p 00005000 08:03 18488283                   /usr/lib/x86_64-linux-gnu/libXtst.so.6.1.0
7fc3f5e03000-7fc3f5e0c000 r-xp 00000000 08:03 18488279                   /usr/lib/x86_64-linux-gnu/libXrender.so.1.3.0
7fc3f5e0c000-7fc3f600b000 ---p 00009000 08:03 18488279                   /usr/lib/x86_64-linux-gnu/libXrender.so.1.3.0
7fc3f600b000-7fc3f600c000 r--p 00008000 08:03 18488279                   /usr/lib/x86_64-linux-gnu/libXrender.so.1.3.0
7fc3f600c000-7fc3f600d000 rw-p 00009000 08:03 18488279                   /usr/lib/x86_64-linux-gnu/libXrender.so.1.3.0
7fc3f600d000-7fc3f613c000 r-xp 00000000 08:03 18488244                   /usr/lib/x86_64-linux-gnu/libX11.so.6.3.0
7fc3f613c000-7fc3f633c000 ---p 0012f000 08:03 18488244                   /usr/lib/x86_64-linux-gnu/libX11.so.6.3.0
7fc3f633c000-7fc3f633d000 r--p 0012f000 08:03 18488244                   /usr/lib/x86_64-linux-gnu/libX11.so.6.3.0
7fc3f633d000-7fc3f6341000 rw-p 00130000 08:03 18488244                   /usr/lib/x86_64-linux-gnu/libX11.so.6.3.0
7fc3f6341000-7fc3f6351000 r-xp 00000000 08:03 18488259                   /usr/lib/x86_64-linux-gnu/libXext.so.6.4.0
7fc3f6351000-7fc3f6550000 ---p 00010000 08:03 18488259                   /usr/lib/x86_64-linux-gnu/libXext.so.6.4.0
7fc3f6550000-7fc3f6551000 r--p 0000f000 08:03 18488259                   /usr/lib/x86_64-linux-gnu/libXext.so.6.4.0
7fc3f6551000-7fc3f6552000 rw-p 00010000 08:03 18488259                   /usr/lib/x86_64-linux-gnu/libXext.so.6.4.0
7fc3f6552000-7fc3f659d000 r-xp 00000000 08:03 18618972                   /usr/lib/jvm/java-6-openjdk-amd64/jre/lib/amd64/xawt/libmawt.so
7fc3f659d000-7fc3f679d000 ---p 0004b000 08:03 18618972                   /usr/lib/jvm/java-6-openjdk-amd64/jre/lib/amd64/xawt/libmawt.so
7fc3f679d000-7fc3f679e000 r--p 0004b000 08:03 18618972                   /usr/lib/jvm/java-6-openjdk-amd64/jre/lib/amd64/xawt/libmawt.so
7fc3f679e000-7fc3f67a1000 rw-p 0004c000 08:03 18618972                   /usr/lib/jvm/java-6-openjdk-amd64/jre/lib/amd64/xawt/libmawt.so
7fc3f67a1000-7fc3f67a2000 rw-p 00000000 00:00 0 
7fc3f67a2000-7fc3f684e000 r-xp 00000000 08:03 18618874                   /usr/lib/jvm/java-6-openjdk-amd64/jre/lib/amd64/libawt.so
7fc3f684e000-7fc3f6a4d000 ---p 000ac000 08:03 18618874                   /usr/lib/jvm/java-6-openjdk-amd64/jre/lib/amd64/libawt.so
7fc3f6a4d000-7fc3f6a4e000 r--p 000ab000 08:03 18618874                   /usr/lib/jvm/java-6-openjdk-amd64/jre/lib/amd64/libawt.so
7fc3f6a4e000-7fc3f6a59000 rw-p 000ac000 08:03 18618874                   /usr/lib/jvm/java-6-openjdk-amd64/jre/lib/amd64/libawt.so
7fc3f6a59000-7fc3f6a7e000 rw-p 00000000 00:00 0 
7fc3f6a7e000-7fc3f6a7f000 ---p 00000000 00:00 0 
7fc3f6a7f000-7fc3f6b7f000 rw-p 00000000 00:00 0 
7fc3f6b7f000-7fc3f6b82000 ---p 00000000 00:00 0 
7fc3f6b82000-7fc3f6c80000 rw-p 00000000 00:00 0 
7fc3f6c80000-7fc3f6c83000 ---p 00000000 00:00 0 
7fc3f6c83000-7fc3f6d81000 rw-p 00000000 00:00 0 
7fc3f6d81000-7fc3f6d84000 ---p 00000000 00:00 0 
7fc3f6d84000-7fc3f6e82000 rw-p 00000000 00:00 0 
7fc3f6e82000-7fc3f6e85000 ---p 00000000 00:00 0 
7fc3f6e85000-7fc3f6f83000 rw-p 00000000 00:00 0 
7fc3f6f83000-7fc3f7666000 r--p 00000000 08:03 18487587                   /usr/lib/locale/locale-archive
7fc3f7666000-7fc3f7669000 ---p 00000000 00:00 0 
7fc3f7669000-7fc3f7767000 rw-p 00000000 00:00 0 
7fc3f7767000-7fc3f776a000 ---p 00000000 00:00 0 
7fc3f776a000-7fc3f7868000 rw-p 00000000 00:00 0 
7fc3f7868000-7fc3f7869000 ---p 00000000 00:00 0 
7fc3f7869000-7fc3f7e6e000 rw-p 00000000 00:00 0 
7fc3f7e6e000-7fc3f8000000 r--s 037bf000 08:03 18618843                   /usr/lib/jvm/java-6-openjdk-amd64/jre/lib/rt.jar
7fc3f8000000-7fc3f8021000 rw-p 00000000 00:00 0 
7fc3f8021000-7fc3fc000000 ---p 00000000 00:00 0 
7fc3fc000000-7fc3fc00b000 r--s 00093000 08:03 15597692                   /home/arwilczek90/workspace/Elements/lib/slick.jar
7fc3fc00b000-7fc3fc012000 r--s 000fb000 08:03 18618812                   /usr/lib/jvm/java-6-openjdk-common/jre/lib/resources.jar
7fc3fc012000-7fc3fc013000 r--s 00000000 08:03 19927127                   /var/cache/fontconfig/c05880de57d1f5e948fdfacc138775d9-le64.cache-3
7fc3fc013000-7fc3fc01c000 r--s 00000000 08:03 19927122                   /var/cache/fontconfig/945677eb7aeaf62f1d50efc3fb3ec7d8-le64.cache-3
7fc3fc01c000-7fc3fc01e000 r--s 00000000 08:03 19927123                   /var/cache/fontconfig/99e8ed0e538f840c565b6ed5dad60d56-le64.cache-3
7fc3fc01e000-7fc3fc022000 r--s 00000000 08:03 19927109                   /var/cache/fontconfig/2cd17615ca594fa2959ae173292e504c-le64.cache-3
7fc3fc022000-7fc3fc023000 r--s 00000000 08:03 19927134                   /var/cache/fontconfig/e7071f4a29fa870f4323321c154eba04-le64.cache-3
7fc3fc023000-7fc3fc024000 r--s 00000000 08:03 19927107                   /var/cache/fontconfig/0d8c3b2ac0904cb8a57a757ad11a4a08-le64.cache-3
7fc3fc024000-7fc3fc02a000 r--s 00000000 08:03 19927124                   /var/cache/fontconfig/a755afe4a08bf5b97852ceb7400b47bc-le64.cache-3
7fc3fc02a000-7fc3fc033000 r--s 00000000 08:03 19927460                   /var/cache/fontconfig/6d41288fd70b0be22e8c3a91e032eec0-le64.cache-3
7fc3fc033000-7fc3fc043000 r--s 00000000 08:03 19927106                   /var/cache/fontconfig/04aabc0a78ac019cf9454389977116d2-le64.cache-3
7fc3fc043000-7fc3fc046000 r--s 00000000 08:03 19927112                   /var/cache/fontconfig/385c0604a188198f04d133e54aba7fe7-le64.cache-3
7fc3fc046000-7fc3fc047000 r--s 00000000 08:03 19927113                   /var/cache/fontconfig/4794a0821666d79190d59a36cb4f44b5-le64.cache-3
7fc3fc047000-7fc3fc04a000 r--s 00000000 08:03 19927121                   /var/cache/fontconfig/8801497958630a81b71ace7c5f9b32a8-le64.cache-3
7fc3fc04a000-7fc3fc078000 r--s 00000000 08:03 19927454                   /var/cache/fontconfig/365b55f210c0a22e9a19e35191240f32-le64.cache-3
7fc3fc078000-7fc3fc07d000 r--s 00000000 08:03 19927110                   /var/cache/fontconfig/3047814df9a2f067bd2d96a2b9c36e5a-le64.cache-3
7fc3fc07d000-7fc3fc07e000 r--s 00000000 08:03 19927115                   /var/cache/fontconfig/56cf4f4769d0f4abc89a4895d7bd3ae1-le64.cache-3
7fc3fc07e000-7fc3fc07f000 r--s 00000000 08:03 19927126                   /var/cache/fontconfig/b9d506c9ac06c20b433354fa67a72993-le64.cache-3
7fc3fc07f000-7fc3fc084000 r--s 00000000 08:03 19927125                   /var/cache/fontconfig/b47c4e1ecd0709278f4910c18777a504-le64.cache-3
7fc3fc084000-7fc3fc094000 r--s 00000000 08:03 19927130                   /var/cache/fontconfig/d52a8644073d54c13679302ca1180695-le64.cache-3
7fc3fc094000-7fc3fc095000 r--s 00000000 08:03 19927127                   /var/cache/fontconfig/c05880de57d1f5e948fdfacc138775d9-le64.cache-3
7fc3fc095000-7fc3fc09e000 r--s 00000000 08:03 19927122                   /var/cache/fontconfig/945677eb7aeaf62f1d50efc3fb3ec7d8-le64.cache-3
7fc3fc09e000-7fc3fc0a0000 r--s 00000000 08:03 19927123                   /var/cache/fontconfig/99e8ed0e538f840c565b6ed5dad60d56-le64.cache-3
7fc3fc0a0000-7fc3fc0a4000 r--s 00000000 08:03 19927109                   /var/cache/fontconfig/2cd17615ca594fa2959ae173292e504c-le64.cache-3
7fc3fc0a4000-7fc3fc0a5000 r--s 00000000 08:03 19927134                   /var/cache/fontconfig/e7071f4a29fa870f4323321c154eba04-le64.cache-3
7fc3fc0a5000-7fc3fc0a6000 r--s 00000000 08:03 19927107                   /var/cache/fontconfig/0d8c3b2ac0904cb8a57a757ad11a4a08-le64.cache-3
7fc3fc0a6000-7fc3fc0ac000 r--s 00000000 08:03 19927124                   /var/cache/fontconfig/a755afe4a08bf5b97852ceb7400b47bc-le64.cache-3
7fc3fc0ac000-7fc3fc0b5000 r--s 00000000 08:03 19927460                   /var/cache/fontconfig/6d41288fd70b0be22e8c3a91e032eec0-le64.cache-3
7fc3fc0b5000-7fc3fc0c5000 r--s 00000000 08:03 19927106                   /var/cache/fontconfig/04aabc0a78ac019cf9454389977116d2-le64.cache-3
7fc3fc0c5000-7fc3fc0c8000 r--s 00000000 08:03 19927112                   /var/cache/fontconfig/385c0604a188198f04d133e54aba7fe7-le64.cache-3
7fc3fc0c8000-7fc3fc0c9000 r--s 00000000 08:03 19927113                   /var/cache/fontconfig/4794a0821666d79190d59a36cb4f44b5-le64.cache-3
7fc3fc0c9000-7fc3fc0cc000 r--s 00000000 08:03 19927121                   /var/cache/fontconfig/8801497958630a81b71ace7c5f9b32a8-le64.cache-3
7fc3fc0cc000-7fc3fc0fa000 r--s 00000000 08:03 19927454                   /var/cache/fontconfig/365b55f210c0a22e9a19e35191240f32-le64.cache-3
7fc3fc0fa000-7fc3fc12d000 rw-p 00000000 00:00 0 
7fc3fc12d000-7fc3fc12e000 ---p 00000000 00:00 0 
7fc3fc12e000-7fc3fc22e000 rw-p 00000000 00:00 0 
7fc3fc22e000-7fc3fc22f000 ---p 00000000 00:00 0 
7fc3fc22f000-7fc3fc32f000 rw-p 00000000 00:00 0 
7fc3fc32f000-7fc3fc330000 ---p 00000000 00:00 0 
7fc3fc330000-7fc3fc430000 rw-p 00000000 00:00 0 
7fc3fc430000-7fc3fc431000 ---p 00000000 00:00 0 
7fc3fc431000-7fc3fc53c000 rw-p 00000000 00:00 0 
7fc3fc53c000-7fc3fc584000 rw-p 00000000 00:00 0 
7fc3fc584000-7fc3fc5ab000 rw-p 00000000 00:00 0 
7fc3fc5ab000-7fc3fc7f2000 rw-p 00000000 00:00 0 
7fc3fc7f2000-7fc3fc7fd000 rw-p 00000000 00:00 0 
7fc3fc7fd000-7fc3fc845000 rw-p 00000000 00:00 0 
7fc3fc845000-7fc3fc86c000 rw-p 00000000 00:00 0 
7fc3fc86c000-7fc3fcab3000 rw-p 00000000 00:00 0 
7fc3fcab3000-7fc3fcac7000 rw-p 00000000 00:00 0 
7fc3fcac7000-7fc3fcbea000 rw-p 00000000 00:00 0 
7fc3fcbea000-7fc3fcbeb000 rw-p 00000000 00:00 0 
7fc3fcbeb000-7fc3fce5b000 rwxp 00000000 00:00 0 
7fc3fce5b000-7fc3ffbeb000 rw-p 00000000 00:00 0 
7fc3ffbeb000-7fc3ffbf2000 r-xp 00000000 08:03 18618888                   /usr/lib/jvm/java-6-openjdk-amd64/jre/lib/amd64/libzip.so
7fc3ffbf2000-7fc3ffdf1000 ---p 00007000 08:03 18618888                   /usr/lib/jvm/java-6-openjdk-amd64/jre/lib/amd64/libzip.so
7fc3ffdf1000-7fc3ffdf2000 r--p 00006000 08:03 18618888                   /usr/lib/jvm/java-6-openjdk-amd64/jre/lib/amd64/libzip.so
7fc3ffdf2000-7fc3ffdf3000 rw-p 00007000 08:03 18618888                   /usr/lib/jvm/java-6-openjdk-amd64/jre/lib/amd64/libzip.so
7fc3ffdf3000-7fc3ffdff000 r-xp 00000000 08:03 21758081                   /lib/x86_64-linux-gnu/libnss_files-2.15.so
7fc3ffdff000-7fc3ffffe000 ---p 0000c000 08:03 21758081                   /lib/x86_64-linux-gnu/libnss_files-2.15.so
7fc3ffffe000-7fc3fffff000 r--p 0000b000 08:03 21758081                   /lib/x86_64-linux-gnu/libnss_files-2.15.so
7fc3fffff000-7fc400000000 rw-p 0000c000 08:03 21758081                   /lib/x86_64-linux-gnu/libnss_files-2.15.so
7fc400000000-7fc400d99000 rw-p 00000000 00:00 0 
7fc400d99000-7fc404000000 ---p 00000000 00:00 0 
7fc404000000-7fc404001000 r--s 00001000 08:03 15598500                   /home/arwilczek90/workspace/Elements/lib/slick/lib/jogg-0.0.7.jar
7fc404001000-7fc404002000 r--s 00001000 08:03 15598499                   /home/arwilczek90/workspace/Elements/lib/slick/lib/jnlp.jar
7fc404002000-7fc404003000 rw-s 00005000 00:05 10225                      /dev/ati/card0
7fc404003000-7fc404006000 r--s 00000000 08:03 19927196                   /var/cache/fontconfig/e13b20fdb08344e0e664864cc2ede53d-le64.cache-3
7fc404006000-7fc40400a000 r--s 00000000 08:03 19927452                   /var/cache/fontconfig/7ef2298fde41cc6eeb7af42e48b7d293-le64.cache-3
7fc40400a000-7fc40401a000 r--s 00000000 08:03 19927130                   /var/cache/fontconfig/d52a8644073d54c13679302ca1180695-le64.cache-3
7fc40401a000-7fc404042000 rw-p 00000000 00:00 0 
7fc404042000-7fc40404c000 r-xp 00000000 08:03 21758077                   /lib/x86_64-linux-gnu/libnss_nis-2.15.so
7fc40404c000-7fc40424c000 ---p 0000a000 08:03 21758077                   /lib/x86_64-linux-gnu/libnss_nis-2.15.so
7fc40424c000-7fc40424d000 r--p 0000a000 08:03 21758077                   /lib/x86_64-linux-gnu/libnss_nis-2.15.so
7fc40424d000-7fc40424e000 rw-p 0000b000 08:03 21758077                   /lib/x86_64-linux-gnu/libnss_nis-2.15.so
7fc40424e000-7fc404265000 r-xp 00000000 08:03 21761730                   /lib/x86_64-linux-gnu/libnsl-2.15.so
7fc404265000-7fc404464000 ---p 00017000 08:03 21761730                   /lib/x86_64-linux-gnu/libnsl-2.15.so
7fc404464000-7fc404465000 r--p 00016000 08:03 21761730                   /lib/x86_64-linux-gnu/libnsl-2.15.so
7fc404465000-7fc404466000 rw-p 00017000 08:03 21761730                   /lib/x86_64-linux-gnu/libnsl-2.15.so
7fc404466000-7fc404468000 rw-p 00000000 00:00 0 
7fc404468000-7fc404470000 r-xp 00000000 08:03 21758082                   /lib/x86_64-linux-gnu/libnss_compat-2.15.so
7fc404470000-7fc40466f000 ---p 00008000 08:03 21758082                   /lib/x86_64-linux-gnu/libnss_compat-2.15.so
7fc40466f000-7fc404670000 r--p 00007000 08:03 21758082                   /lib/x86_64-linux-gnu/libnss_compat-2.15.so
7fc404670000-7fc404671000 rw-p 00008000 08:03 21758082                   /lib/x86_64-linux-gnu/libnss_compat-2.15.so
7fc404671000-7fc40469d000 r-xp 00000000 08:03 18618873                   /usr/lib/jvm/java-6-openjdk-amd64/jre/lib/amd64/libjava.so
7fc40469d000-7fc40489c000 ---p 0002c000 08:03 18618873                   /usr/lib/jvm/java-6-openjdk-amd64/jre/lib/amd64/libjava.so
7fc40489c000-7fc40489d000 r--p 0002b000 08:03 18618873                   /usr/lib/jvm/java-6-openjdk-amd64/jre/lib/amd64/libjava.so
7fc40489d000-7fc4048a0000 rw-p 0002c000 08:03 18618873                   /usr/lib/jvm/java-6-openjdk-amd64/jre/lib/amd64/libjava.so
7fc4048a0000-7fc4048ae000 r-xp 00000000 08:03 18618872                   /usr/lib/jvm/java-6-openjdk-amd64/jre/lib/amd64/libverify.so
7fc4048ae000-7fc404aad000 ---p 0000e000 08:03 18618872                   /usr/lib/jvm/java-6-openjdk-amd64/jre/lib/amd64/libverify.so
7fc404aad000-7fc404aaf000 r--p 0000d000 08:03 18618872                   /usr/lib/jvm/java-6-openjdk-amd64/jre/lib/amd64/libverify.so
7fc404aaf000-7fc404ab0000 rw-p 0000f000 08:03 18618872                   /usr/lib/jvm/java-6-openjdk-amd64/jre/lib/amd64/libverify.so
7fc404ab0000-7fc404ab7000 r-xp 00000000 08:03 21758075                   /lib/x86_64-linux-gnu/librt-2.15.so
7fc404ab7000-7fc404cb6000 ---p 00007000 08:03 21758075                   /lib/x86_64-linux-gnu/librt-2.15.so
7fc404cb6000-7fc404cb7000 r--p 00006000 08:03 21758075                   /lib/x86_64-linux-gnu/librt-2.15.so
7fc404cb7000-7fc404cb8000 rw-p 00007000 08:03 21758075                   /lib/x86_64-linux-gnu/librt-2.15.so
7fc404cb8000-7fc404ccd000 r-xp 00000000 08:03 21761542                   /lib/x86_64-linux-gnu/libgcc_s.so.1
7fc404ccd000-7fc404ecc000 ---p 00015000 08:03 21761542                   /lib/x86_64-linux-gnu/libgcc_s.so.1
7fc404ecc000-7fc404ecd000 r--p 00014000 08:03 21761542                   /lib/x86_64-linux-gnu/libgcc_s.so.1
7fc404ecd000-7fc404ece000 rw-p 00015000 08:03 21761542                   /lib/x86_64-linux-gnu/libgcc_s.so.1
7fc404ece000-7fc404fc7000 r-xp 00000000 08:03 21758079                   /lib/x86_64-linux-gnu/libm-2.15.so
7fc404fc7000-7fc4051c6000 ---p 000f9000 08:03 21758079                   /lib/x86_64-linux-gnu/libm-2.15.so
7fc4051c6000-7fc4051c7000 r--p 000f8000 08:03 21758079                   /lib/x86_64-linux-gnu/libm-2.15.so
7fc4051c7000-7fc4051c8000 rw-p 000f9000 08:03 21758079                   /lib/x86_64-linux-gnu/libm-2.15.so
7fc4051c8000-7fc4052aa000 r-xp 00000000 08:03 18488773                   /usr/lib/x86_64-linux-gnu/libstdc++.so.6.0.16
7fc4052aa000-7fc4054a9000 ---p 000e2000 08:03 18488773                   /usr/lib/x86_64-linux-gnu/libstdc++.so.6.0.16
7fc4054a9000-7fc4054b1000 r--p 000e1000 08:03 18488773                   /usr/lib/x86_64-linux-gnu/libstdc++.so.6.0.16
7fc4054b1000-7fc4054b3000 rw-p 000e9000 08:03 18488773                   /usr/lib/x86_64-linux-gnu/libstdc++.so.6.0.16
7fc4054b3000-7fc4054c8000 rw-p 00000000 00:00 0 
7fc4054c8000-7fc405dcc000 r-xp 00000000 08:03 18618878                   /usr/lib/jvm/java-6-openjdk-amd64/jre/lib/amd64/server/libjvm.so
7fc405dcc000-7fc405fcc000 ---p 00904000 08:03 18618878                   /usr/lib/jvm/java-6-openjdk-amd64/jre/lib/amd64/server/libjvm.so
7fc405fcc000-7fc40604c000 r--p 00904000 08:03 18618878                   /usr/lib/jvm/java-6-openjdk-amd64/jre/lib/amd64/server/libjvm.so
7fc40604c000-7fc406067000 rw-p 00984000 08:03 18618878                   /usr/lib/jvm/java-6-openjdk-amd64/jre/lib/amd64/server/libjvm.so
7fc406067000-7fc406090000 rw-p 00000000 00:00 0 
7fc406090000-7fc4060a6000 r-xp 00000000 08:03 21761632                   /lib/x86_64-linux-gnu/libz.so.1.2.3.4
7fc4060a6000-7fc4062a5000 ---p 00016000 08:03 21761632                   /lib/x86_64-linux-gnu/libz.so.1.2.3.4
7fc4062a5000-7fc4062a6000 r--p 00015000 08:03 21761632                   /lib/x86_64-linux-gnu/libz.so.1.2.3.4
7fc4062a6000-7fc4062a7000 rw-p 00016000 08:03 21761632                   /lib/x86_64-linux-gnu/libz.so.1.2.3.4
7fc4062a7000-7fc40645c000 r-xp 00000000 08:03 21757975                   /lib/x86_64-linux-gnu/libc-2.15.so
7fc40645c000-7fc40665b000 ---p 001b5000 08:03 21757975                   /lib/x86_64-linux-gnu/libc-2.15.so
7fc40665b000-7fc40665f000 r--p 001b4000 08:03 21757975                   /lib/x86_64-linux-gnu/libc-2.15.so
7fc40665f000-7fc406661000 rw-p 001b8000 08:03 21757975                   /lib/x86_64-linux-gnu/libc-2.15.so
7fc406661000-7fc406666000 rw-p 00000000 00:00 0 
7fc406666000-7fc406668000 r-xp 00000000 08:03 21757964                   /lib/x86_64-linux-gnu/libdl-2.15.so
7fc406668000-7fc406868000 ---p 00002000 08:03 21757964                   /lib/x86_64-linux-gnu/libdl-2.15.so
7fc406868000-7fc406869000 r--p 00002000 08:03 21757964                   /lib/x86_64-linux-gnu/libdl-2.15.so
7fc406869000-7fc40686a000 rw-p 00003000 08:03 21757964                   /lib/x86_64-linux-gnu/libdl-2.15.so
7fc40686a000-7fc40686e000 r-xp 00000000 08:03 18618855                   /usr/lib/jvm/java-6-openjdk-amd64/jre/lib/amd64/jli/libjli.so
7fc40686e000-7fc406a6d000 ---p 00004000 08:03 18618855                   /usr/lib/jvm/java-6-openjdk-amd64/jre/lib/amd64/jli/libjli.so
7fc406a6d000-7fc406a6e000 r--p 00003000 08:03 18618855                   /usr/lib/jvm/java-6-openjdk-amd64/jre/lib/amd64/jli/libjli.so
7fc406a6e000-7fc406a6f000 rw-p 00004000 08:03 18618855                   /usr/lib/jvm/java-6-openjdk-amd64/jre/lib/amd64/jli/libjli.so
7fc406a6f000-7fc406a87000 r-xp 00000000 08:03 21758073                   /lib/x86_64-linux-gnu/libpthread-2.15.so
7fc406a87000-7fc406c86000 ---p 00018000 08:03 21758073                   /lib/x86_64-linux-gnu/libpthread-2.15.so
7fc406c86000-7fc406c87000 r--p 00017000 08:03 21758073                   /lib/x86_64-linux-gnu/libpthread-2.15.so
7fc406c87000-7fc406c88000 rw-p 00018000 08:03 21758073                   /lib/x86_64-linux-gnu/libpthread-2.15.so
7fc406c88000-7fc406c8c000 rw-p 00000000 00:00 0 
7fc406c8c000-7fc406cae000 r-xp 00000000 08:03 21758085                   /lib/x86_64-linux-gnu/ld-2.15.so
7fc406cae000-7fc406cb0000 rw-s 00002000 00:05 10225                      /dev/ati/card0
7fc406cb0000-7fc406cb5000 r--s 00000000 08:03 19927110                   /var/cache/fontconfig/3047814df9a2f067bd2d96a2b9c36e5a-le64.cache-3
7fc406cb5000-7fc406cb6000 r--s 00000000 08:03 19927115                   /var/cache/fontconfig/56cf4f4769d0f4abc89a4895d7bd3ae1-le64.cache-3
7fc406cb6000-7fc406cbb000 r--s 00000000 08:03 19927125                   /var/cache/fontconfig/b47c4e1ecd0709278f4910c18777a504-le64.cache-3
7fc406cbb000-7fc406cbe000 r--s 00000000 08:03 19927196                   /var/cache/fontconfig/e13b20fdb08344e0e664864cc2ede53d-le64.cache-3
7fc406cbe000-7fc406cc2000 r--s 00000000 08:03 19927452                   /var/cache/fontconfig/7ef2298fde41cc6eeb7af42e48b7d293-le64.cache-3
7fc406cc2000-7fc406cc5000 r--s 0007d000 08:03 18618443                   /usr/lib/jvm/java-6-openjdk-common/jre/lib/jsse.jar
7fc406cc5000-7fc406ccc000 r--s 00073000 08:03 15597691                   /home/arwilczek90/workspace/Elements/lib/lwjgl.jar
7fc406ccc000-7fc406cd6000 rw-p 00000000 00:00 0 
7fc406cd6000-7fc406d8c000 rw-p 00000000 00:00 0 
7fc406d8c000-7fc406d8f000 ---p 00000000 00:00 0 
7fc406d8f000-7fc406e92000 rw-p 00000000 00:00 0 
7fc406e92000-7fc406e93000 r--s 00000000 08:03 19927126                   /var/cache/fontconfig/b9d506c9ac06c20b433354fa67a72993-le64.cache-3
7fc406e93000-7fc406e95000 r--s 0000f000 08:03 18618803                   /usr/lib/jvm/java-6-openjdk-common/jre/lib/ext/pulse-java.jar
7fc406e95000-7fc406e98000 r--s 00077000 08:03 18618797                   /usr/lib/jvm/java-6-openjdk-common/jre/lib/ext/localedata.jar
7fc406e98000-7fc406e99000 r--s 00007000 08:03 18748229                   /usr/share/java/java-atk-wrapper.jar
7fc406e99000-7fc406e9b000 r--s 00001000 08:03 18618801                   /usr/lib/jvm/java-6-openjdk-common/jre/lib/ext/dnsns.jar
7fc406e9b000-7fc406e9f000 r--s 00038000 08:03 18618795                   /usr/lib/jvm/java-6-openjdk-common/jre/lib/ext/sunpkcs11.jar
7fc406e9f000-7fc406ea2000 r--s 00031000 08:03 18618799                   /usr/lib/jvm/java-6-openjdk-common/jre/lib/ext/sunjce_provider.jar
7fc406ea2000-7fc406eaa000 rw-s 00000000 08:03 8126514                    /tmp/hsperfdata_arwilczek90/11624 (deleted)
7fc406eaa000-7fc406eab000 rw-p 00000000 00:00 0 
7fc406eab000-7fc406eac000 ---p 00000000 00:00 0 
7fc406eac000-7fc406eae000 rw-p 00000000 00:00 0 
7fc406eae000-7fc406eaf000 r--p 00022000 08:03 21758085                   /lib/x86_64-linux-gnu/ld-2.15.so
7fc406eaf000-7fc406eb1000 rw-p 00023000 08:03 21758085                   /lib/x86_64-linux-gnu/ld-2.15.so
7fff731f2000-7fff73213000 rw-p 00000000 00:00 0                          [stack]
7fff73325000-7fff73326000 r-xp 00000000 00:00 0                          [vdso]
ffffffffff600000-ffffffffff601000 r-xp 00000000 00:00 0                  [vsyscall]

VM Arguments:
jvm_args: -Djava.library.path=/home/arwilczek90/workspace/Elements/lib/slick:/home/arwilczek90/workspace/Elements/lib/slick -Dfile.encoding=UTF-8 
java_command: com.hack.elements.view.Main
Launcher Type: SUN_STANDARD

Environment Variables:
PATH=/usr/lib/lightdm/lightdm:/usr/local/sbin:/usr/local/bin:/usr/sbin:/usr/bin:/sbin:/bin:/usr/games
LD_LIBRARY_PATH=/usr/lib/jvm/java-6-openjdk-amd64/jre/lib/amd64/server:/usr/lib/jvm/java-6-openjdk-amd64/jre/lib/amd64:/usr/lib/jvm/java-6-openjdk-amd64/jre/../lib/amd64
SHELL=/bin/bash
DISPLAY=:0.0

Signal Handlers:
SIGSEGV: [libjvm.so+0x784310], sa_mask[0]=0x7ffbfeff, sa_flags=0x10000004
SIGBUS: [libjvm.so+0x784310], sa_mask[0]=0x7ffbfeff, sa_flags=0x10000004
SIGFPE: [libjvm.so+0x648580], sa_mask[0]=0x7ffbfeff, sa_flags=0x10000004
SIGPIPE: [libjvm.so+0x648580], sa_mask[0]=0x7ffbfeff, sa_flags=0x10000004
SIGXFSZ: [libjvm.so+0x648580], sa_mask[0]=0x7ffbfeff, sa_flags=0x10000004
SIGILL: [libjvm.so+0x648580], sa_mask[0]=0x7ffbfeff, sa_flags=0x10000004
SIGUSR1: SIG_DFL, sa_mask[0]=0x00000000, sa_flags=0x00000000
SIGUSR2: [libjvm.so+0x648730], sa_mask[0]=0x00000004, sa_flags=0x10000004
SIGHUP: [libjvm.so+0x64b250], sa_mask[0]=0x7ffbfeff, sa_flags=0x10000004
SIGINT: [libjvm.so+0x64b250], sa_mask[0]=0x7ffbfeff, sa_flags=0x10000004
SIGTERM: [libjvm.so+0x64b250], sa_mask[0]=0x7ffbfeff, sa_flags=0x10000004
SIGQUIT: [libjvm.so+0x64b250], sa_mask[0]=0x7ffbfeff, sa_flags=0x10000004


---------------  S Y S T E M  ---------------

OS:Ubuntu 12.04 (precise)
uname:Linux 3.2.0-32-generic #51-Ubuntu SMP Wed Sep 26 21:33:09 UTC 2012 x86_64
libc:glibc 2.15 NPTL 2.15 
rlimit: STACK 8192k, CORE 0k, NPROC 59545, NOFILE 4096, AS infinity
load average:0.60 0.78 0.88

/proc/meminfo:
MemTotal:        7639648 kB
MemFree:         4341996 kB
Buffers:          110828 kB
Cached:          1122192 kB
SwapCached:            0 kB
Active:          2144340 kB
Inactive:         697228 kB
Active(anon):    1609376 kB
Inactive(anon):    18660 kB
Active(file):     534964 kB
Inactive(file):   678568 kB
Unevictable:          20 kB
Mlocked:              20 kB
SwapTotal:       3818492 kB
SwapFree:        3818492 kB
Dirty:               200 kB
Writeback:             0 kB
AnonPages:       1608564 kB
Mapped:           319260 kB
Shmem:             19492 kB
Slab:              92036 kB
SReclaimable:      61456 kB
SUnreclaim:        30580 kB
KernelStack:        4088 kB
PageTables:        35288 kB
NFS_Unstable:          0 kB
Bounce:                0 kB
WritebackTmp:          0 kB
CommitLimit:     7638316 kB
Committed_AS:    4449596 kB
VmallocTotal:   34359738367 kB
VmallocUsed:      116912 kB
VmallocChunk:   34359619344 kB
HardwareCorrupted:     0 kB
AnonHugePages:         0 kB
HugePages_Total:       0
HugePages_Free:        0
HugePages_Rsvd:        0
HugePages_Surp:        0
Hugepagesize:       2048 kB
DirectMap4k:      282624 kB
DirectMap2M:     5464064 kB
DirectMap1G:     2097152 kB


CPU:total 4 (4 cores per cpu, 1 threads per core) family 18 model 1 stepping 0, cmov, cx8, fxsr, mmx, sse, sse2, sse3, popcnt, mmxext, 3dnowpref, lzcnt, sse4a

Memory: 4k page, physical 7639648k(4341996k free), swap 3818492k(3818492k free)

vm_info: OpenJDK 64-Bit Server VM (20.0-b12) for linux-amd64 JRE (1.6.0_24-b24), built on Sep  2 2012 19:50:47 by "buildd" with gcc 4.6.3

time: Sat Oct 13 18:26:19 2012
elapsed time: 38 seconds

