#
# A fatal error has been detected by the Java Runtime Environment:
#
#  SIGSEGV (0xb) at pc=0x00007f732e128c58, pid=7819, tid=140132697413376
#
# JRE version: 6.0_24-b24
# Java VM: OpenJDK 64-Bit Server VM (20.0-b12 mixed mode linux-amd64 compressed oops)
# Derivative: IcedTea6 1.11.4
# Distribution: Ubuntu 12.04 LTS, package 6b24-1.11.4-1ubuntu0.12.04.1
# Problematic frame:
# C  [libX11.so.6+0x33c58]  XQueryExtension+0x28
#
# If you would like to submit a bug report, please include
# instructions how to reproduce the bug and visit:
#   https://bugs.launchpad.net/ubuntu/+source/openjdk-6/
#

---------------  T H R E A D  ---------------

Current thread (0x00007f7338070000):  VMThread [stack: 0x00007f732f969000,0x00007f732fa6a000] [id=7829]

siginfo:si_signo=SIGSEGV: si_errno=0, si_code=1 (SEGV_MAPERR), si_addr=0x00000000381d10a8

Registers:
RAX=0x00007f73100008c0, RBX=0x00000000381d0740, RCX=0x00007f732fa68658, RDX=0x00007f732fa68654
RSP=0x00007f732fa685f0, RBP=0x00007f7327e8d932, RSI=0x00007f7327e8d932, RDI=0x00000000381d0740
R8 =0x00007f732fa6865c, R9 =0x0000000000000000, R10=0x00007f733e6a9fa8, R11=0x00007f733e329ca0
R12=0x0000000000000000, R13=0x00007f7327e8d932, R14=0x00007f73100008c0, R15=0x0000000000000000
RIP=0x00007f732e128c58, EFLAGS=0x0000000000010206, CSGSFS=0x0000000000000033, ERR=0x0000000000000004
  TRAPNO=0x000000000000000e

Top of Stack: (sp=0x00007f732fa685f0)
0x00007f732fa685f0:   00007f733e2fc790 00007f733eed89e8
0x00007f732fa68600:   00007f7334c93880 00007f7334c93898
0x00007f732fa68610:   00000000ffffffff 00000000381d0740
0x00007f732fa68620:   00007f7327e8d932 0000000000000000
0x00007f732fa68630:   00007f7327e8d932 00007f73100008c0
0x00007f732fa68640:   0000000000000000 00007f732e11cc55
0x00007f732fa68650:   00007f733eef6048 00007f7327fc6520
0x00007f732fa68660:   00007f7327fc6520 00000000381d0740
0x00007f732fa68670:   00007f733816a340 00007f732e43602b
0x00007f732fa68680:   00007f733e2fc790 000000110000002c
0x00007f732fa68690:   00007f732fa68710 0000000000000000
0x00007f732fa686a0:   00007f732fa68710 00000000381d0740
0x00007f732fa686b0:   0000000000000000 00007f733eef6048
0x00007f732fa686c0:   00007f7327fdfd50 00007f7327e34119
0x00007f732fa686d0:   0000000000000000 000000000000002c
0x00007f732fa686e0:   00007f732fa68710 00007f732fa68730
0x00007f732fa686f0:   0000000000000000 00007f733eef6048
0x00007f732fa68700:   00007f73381d02a0 00007f7327e2ab42
0x00007f732fa68710:   00007f732fa68900 00007f7327e8d8b1
0x00007f732fa68720:   00007f732fa68900 00007f733ece292d
0x00007f732fa68730:   00007f733eef72c8 00007f733eef7858
0x00007f732fa68740:   00007f733eed8000 00007f7338006a00
0x00007f732fa68750:   00007f7338007510 00007f7338006eb0
0x00007f732fa68760:   00007f7338007a10 00007f733800c6f0
0x00007f732fa68770:   00007f733810b060 00007f733810b540
0x00007f732fa68780:   00007f733eed7000 00007f73381cce50
0x00007f732fa68790:   00007f73381c7390 00007f73381c7830
0x00007f732fa687a0:   00007f73381cd320 00007f73381cd7c0
0x00007f732fa687b0:   00007f73381cdc60 00007f73380fc060
0x00007f732fa687c0:   00007f73380c6c00 00007f73380025e0
0x00007f732fa687d0:   00007f7338001ec0 0000000000a8a5f0
0x00007f732fa687e0:   0000000000a8ab60 0000000000a8b570 

Instructions: (pc=0x00007f732e128c58)
0x00007f732e128c38:   24 d8 48 89 fb 4c 89 64 24 e0 4c 89 6c 24 e8 48
0x00007f732e128c48:   89 f5 4c 89 74 24 f0 4c 89 7c 24 f8 48 83 ec 58
0x00007f732e128c58:   48 8b 87 68 09 00 00 49 89 d4 49 89 cd 4d 89 c6
0x00007f732e128c68:   48 85 c0 74 02 ff 10 ba 08 00 00 00 be 62 00 00 

Register to memory mapping:

RAX=0x00007f73100008c0 is an unknown value
RBX=0x00000000381d0740 is an unknown value
RCX=0x00007f732fa68658 is an unknown value
RDX=0x00007f732fa68654 is an unknown value
RSP=0x00007f732fa685f0 is an unknown value
RBP=0x00007f7327e8d932: <offset 0x96932> in /usr/lib/fglrx/libGL.so.1 at 0x00007f7327df7000
RSI=0x00007f7327e8d932: <offset 0x96932> in /usr/lib/fglrx/libGL.so.1 at 0x00007f7327df7000
RDI=0x00000000381d0740 is an unknown value
R8 =0x00007f732fa6865c is an unknown value
R9 =0x0000000000000000 is an unknown value
R10=0x00007f733e6a9fa8: <offset 0x3bbfa8> in /lib/x86_64-linux-gnu/libc.so.6 at 0x00007f733e2ee000
R11=0x00007f733e329ca0: __cxa_finalize+0 in /lib/x86_64-linux-gnu/libc.so.6 at 0x00007f733e2ee000
R12=0x0000000000000000 is an unknown value
R13=0x00007f7327e8d932: <offset 0x96932> in /usr/lib/fglrx/libGL.so.1 at 0x00007f7327df7000
R14=0x00007f73100008c0 is an unknown value
R15=0x0000000000000000 is an unknown value


Stack: [0x00007f732f969000,0x00007f732fa6a000],  sp=0x00007f732fa685f0,  free space=1021k
Native frames: (J=compiled Java code, j=interpreted, Vv=VM code, C=native code)
C  [libX11.so.6+0x33c58]  XQueryExtension+0x28

VM_Operation (0x00007f733eed2680): Exit, mode: safepoint, requested by thread 0x00007f7338008800


---------------  P R O C E S S  ---------------

Java Threads: ( => current thread )
  0x00007f7338a99000 JavaThread "Thread-2" daemon [_thread_blocked, id=7842, stack(0x00007f7324fd0000,0x00007f73250d1000)]
  0x00007f73381cc000 JavaThread "AWT-XAWT" daemon [_thread_blocked, id=7839, stack(0x00007f732cb1e000,0x00007f732cc1f000)]
  0x00007f7338139000 JavaThread "Java2D Disposer" daemon [_thread_blocked, id=7838, stack(0x00007f732ced6000,0x00007f732cfd7000)]
  0x00007f733809e800 JavaThread "Low Memory Detector" daemon [_thread_blocked, id=7835, stack(0x00007f732ec80000,0x00007f732ed81000)]
  0x00007f733809c000 JavaThread "C2 CompilerThread1" daemon [_thread_blocked, id=7834, stack(0x00007f732ed81000,0x00007f732ee82000)]
  0x00007f7338099800 JavaThread "C2 CompilerThread0" daemon [_thread_blocked, id=7833, stack(0x00007f732ee82000,0x00007f732ef83000)]
  0x00007f7338098000 JavaThread "Signal Dispatcher" daemon [_thread_blocked, id=7832, stack(0x00007f732ef83000,0x00007f732f084000)]
  0x00007f7338079000 JavaThread "Finalizer" daemon [_thread_blocked, id=7831, stack(0x00007f732f767000,0x00007f732f868000)]
  0x00007f7338077000 JavaThread "Reference Handler" daemon [_thread_blocked, id=7830, stack(0x00007f732f868000,0x00007f732f969000)]
  0x00007f7338008800 JavaThread "main" [_thread_blocked, id=7821, stack(0x00007f733edd3000,0x00007f733eed4000)]

Other Threads:
=>0x00007f7338070000 VMThread [stack: 0x00007f732f969000,0x00007f732fa6a000] [id=7829]

VM state:at safepoint (shutting down)

VM Mutex/Monitor currently owned by a thread:  ([mutex/lock_event])
[0x00007f7338004dd0] Threads_lock - owner thread: 0x00007f7338070000

Heap
 PSYoungGen      total 34880K, used 12110K [0x00000000d9200000, 0x00000000db8e0000, 0x0000000100000000)
  eden space 29952K, 40% used [0x00000000d9200000,0x00000000d9dd3b20,0x00000000daf40000)
  from space 4928K, 0% used [0x00000000db410000,0x00000000db410000,0x00000000db8e0000)
  to   space 4928K, 0% used [0x00000000daf40000,0x00000000daf40000,0x00000000db410000)
 PSOldGen        total 79616K, used 0K [0x000000008b600000, 0x00000000903c0000, 0x00000000d9200000)
  object space 79616K, 0% used [0x000000008b600000,0x000000008b600000,0x00000000903c0000)
 PSPermGen       total 21248K, used 11332K [0x0000000081000000, 0x00000000824c0000, 0x000000008b600000)
  object space 21248K, 53% used [0x0000000081000000,0x0000000081b11300,0x00000000824c0000)

Code Cache  [0x00007f7334beb000, 0x00007f7334e5b000, 0x00007f7337beb000)
 total_blobs=574 nmethods=89 adapters=439 free_code_cache=49603904 largest_free_block=9216

Dynamic libraries:
00400000-00409000 r-xp 00000000 08:03 18618890                           /usr/lib/jvm/java-6-openjdk-amd64/jre/bin/java
00608000-00609000 r--p 00008000 08:03 18618890                           /usr/lib/jvm/java-6-openjdk-amd64/jre/bin/java
00609000-0060a000 rw-p 00009000 08:03 18618890                           /usr/lib/jvm/java-6-openjdk-amd64/jre/bin/java
00a8a000-00aab000 rw-p 00000000 00:00 0                                  [heap]
81000000-824c0000 rw-p 00000000 00:00 0 
824c0000-8b600000 rw-p 00000000 00:00 0 
8b600000-903c0000 rw-p 00000000 00:00 0 
903c0000-d9200000 rw-p 00000000 00:00 0 
d9200000-db8e0000 rw-p 00000000 00:00 0 
db8e0000-100000000 rw-p 00000000 00:00 0 
7f72e0000000-7f72e0021000 rw-p 00000000 00:00 0 
7f72e0021000-7f72e4000000 ---p 00000000 00:00 0 
7f72e8000000-7f72e8021000 rw-p 00000000 00:00 0 
7f72e8021000-7f72ec000000 ---p 00000000 00:00 0 
7f72ec000000-7f72ec021000 rw-p 00000000 00:00 0 
7f72ec021000-7f72f0000000 ---p 00000000 00:00 0 
7f72f0000000-7f72f0021000 rw-p 00000000 00:00 0 
7f72f0021000-7f72f4000000 ---p 00000000 00:00 0 
7f72f4000000-7f72f4021000 rw-p 00000000 00:00 0 
7f72f4021000-7f72f8000000 ---p 00000000 00:00 0 
7f72f8000000-7f72f8021000 rw-p 00000000 00:00 0 
7f72f8021000-7f72fc000000 ---p 00000000 00:00 0 
7f72fc000000-7f72fc021000 rw-p 00000000 00:00 0 
7f72fc021000-7f7300000000 ---p 00000000 00:00 0 
7f7300000000-7f7300275000 rw-p 00000000 00:00 0 
7f7300275000-7f7304000000 ---p 00000000 00:00 0 
7f7304000000-7f73041b3000 rw-p 00000000 00:00 0 
7f73041b3000-7f7308000000 ---p 00000000 00:00 0 
7f7308000000-7f7308021000 rw-p 00000000 00:00 0 
7f7308021000-7f730c000000 ---p 00000000 00:00 0 
7f730c000000-7f730c021000 rw-p 00000000 00:00 0 
7f730c021000-7f7310000000 ---p 00000000 00:00 0 
7f7310000000-7f7310021000 rw-p 00000000 00:00 0 
7f7310021000-7f7314000000 ---p 00000000 00:00 0 
7f7314000000-7f7314021000 rw-p 00000000 00:00 0 
7f7314021000-7f7318000000 ---p 00000000 00:00 0 
7f7318000000-7f7318021000 rw-p 00000000 00:00 0 
7f7318021000-7f731c000000 ---p 00000000 00:00 0 
7f7320000000-7f7320021000 rw-p 00000000 00:00 0 
7f7320021000-7f7324000000 ---p 00000000 00:00 0 
7f7324ac9000-7f7324acc000 ---p 00000000 00:00 0 
7f7324acc000-7f7324bca000 rw-p 00000000 00:00 0 
7f7324bca000-7f7324bcd000 ---p 00000000 00:00 0 
7f7324bcd000-7f7324ecd000 rw-p 00000000 00:00 0 
7f7324ecd000-7f7324ed0000 r-xp 00000000 08:03 15602613                   /home/arwilczek90/workspace/Elements/lib/slick/libjinput-linux64.so
7f7324ed0000-7f7324fcf000 ---p 00003000 08:03 15602613                   /home/arwilczek90/workspace/Elements/lib/slick/libjinput-linux64.so
7f7324fcf000-7f7324fd0000 rw-p 00002000 08:03 15602613                   /home/arwilczek90/workspace/Elements/lib/slick/libjinput-linux64.so
7f7324fd0000-7f7324fd3000 ---p 00000000 00:00 0 
7f7324fd3000-7f73250d1000 rw-p 00000000 00:00 0 
7f73250d1000-7f73257d1000 rw-s 00006000 00:05 10225                      /dev/ati/card0
7f73257d1000-7f73257d3000 r-xp 00000000 08:03 18488267                   /usr/lib/x86_64-linux-gnu/libXinerama.so.1.0.0
7f73257d3000-7f73259d2000 ---p 00002000 08:03 18488267                   /usr/lib/x86_64-linux-gnu/libXinerama.so.1.0.0
7f73259d2000-7f73259d3000 r--p 00001000 08:03 18488267                   /usr/lib/x86_64-linux-gnu/libXinerama.so.1.0.0
7f73259d3000-7f73259d4000 rw-p 00002000 08:03 18488267                   /usr/lib/x86_64-linux-gnu/libXinerama.so.1.0.0
7f73259d4000-7f7325a0f000 r-xp 00000000 08:03 19009508                   /usr/lib/fglrx/libatiadlxx.so
7f7325a0f000-7f7325b0f000 ---p 0003b000 08:03 19009508                   /usr/lib/fglrx/libatiadlxx.so
7f7325b0f000-7f7325b18000 rw-p 0003b000 08:03 19009508                   /usr/lib/fglrx/libatiadlxx.so
7f7325b18000-7f7325b29000 rw-p 00000000 00:00 0 
7f7325b29000-7f7327a83000 r-xp 00000000 08:03 19009510                   /usr/lib/fglrx/dri/fglrx_dri.so
7f7327a83000-7f7327b83000 ---p 01f5a000 08:03 19009510                   /usr/lib/fglrx/dri/fglrx_dri.so
7f7327b83000-7f7327cd1000 rwxp 01f5a000 08:03 19009510                   /usr/lib/fglrx/dri/fglrx_dri.so
7f7327cd1000-7f7327df7000 rwxp 00000000 00:00 0 
7f7327df7000-7f7327eba000 r-xp 00000000 08:03 19009512                   /usr/lib/fglrx/libGL.so.1.2
7f7327eba000-7f7327fb9000 ---p 000c3000 08:03 19009512                   /usr/lib/fglrx/libGL.so.1.2
7f7327fb9000-7f7327fe0000 rwxp 000c2000 08:03 19009512                   /usr/lib/fglrx/libGL.so.1.2
7f7327fe0000-7f7328000000 rwxp 00000000 00:00 0 
7f7328000000-7f7328021000 rw-p 00000000 00:00 0 
7f7328021000-7f732c000000 ---p 00000000 00:00 0 
7f732c00b000-7f732c012000 r-xp 00000000 08:03 19009532                   /usr/lib/fglrx/libatiuki.so.1.0
7f732c012000-7f732c112000 ---p 00007000 08:03 19009532                   /usr/lib/fglrx/libatiuki.so.1.0
7f732c112000-7f732c113000 rw-p 00007000 08:03 19009532                   /usr/lib/fglrx/libatiuki.so.1.0
7f732c113000-7f732c114000 rw-p 00000000 00:00 0 
7f732c114000-7f732c115000 r-xp 00000000 08:03 18618886                   /usr/lib/jvm/java-6-openjdk-amd64/jre/lib/amd64/libjawt.so
7f732c115000-7f732c314000 ---p 00001000 08:03 18618886                   /usr/lib/jvm/java-6-openjdk-amd64/jre/lib/amd64/libjawt.so
7f732c314000-7f732c315000 r--p 00000000 08:03 18618886                   /usr/lib/jvm/java-6-openjdk-amd64/jre/lib/amd64/libjawt.so
7f732c315000-7f732c316000 rw-p 00001000 08:03 18618886                   /usr/lib/jvm/java-6-openjdk-amd64/jre/lib/amd64/libjawt.so
7f732c316000-7f732c31a000 r-xp 00000000 08:03 18488287                   /usr/lib/x86_64-linux-gnu/libXxf86vm.so.1.0.0
7f732c31a000-7f732c519000 ---p 00004000 08:03 18488287                   /usr/lib/x86_64-linux-gnu/libXxf86vm.so.1.0.0
7f732c519000-7f732c51a000 r--p 00003000 08:03 18488287                   /usr/lib/x86_64-linux-gnu/libXxf86vm.so.1.0.0
7f732c51a000-7f732c51b000 rw-p 00004000 08:03 18488287                   /usr/lib/x86_64-linux-gnu/libXxf86vm.so.1.0.0
7f732c51b000-7f732c523000 r-xp 00000000 08:03 18488277                   /usr/lib/x86_64-linux-gnu/libXrandr.so.2.2.0
7f732c523000-7f732c722000 ---p 00008000 08:03 18488277                   /usr/lib/x86_64-linux-gnu/libXrandr.so.2.2.0
7f732c722000-7f732c723000 r--p 00007000 08:03 18488277                   /usr/lib/x86_64-linux-gnu/libXrandr.so.2.2.0
7f732c723000-7f732c724000 rw-p 00008000 08:03 18488277                   /usr/lib/x86_64-linux-gnu/libXrandr.so.2.2.0
7f732c724000-7f732c764000 r-xp 00000000 08:03 15602617                   /home/arwilczek90/workspace/Elements/lib/slick/liblwjgl64.so
7f732c764000-7f732c864000 ---p 00040000 08:03 15602617                   /home/arwilczek90/workspace/Elements/lib/slick/liblwjgl64.so
7f732c864000-7f732c866000 rw-p 00040000 08:03 15602617                   /home/arwilczek90/workspace/Elements/lib/slick/liblwjgl64.so
7f732c866000-7f732c86b000 r-xp 00000000 08:03 18488261                   /usr/lib/x86_64-linux-gnu/libXfixes.so.3.1.0
7f732c86b000-7f732ca6a000 ---p 00005000 08:03 18488261                   /usr/lib/x86_64-linux-gnu/libXfixes.so.3.1.0
7f732ca6a000-7f732ca6b000 r--p 00004000 08:03 18488261                   /usr/lib/x86_64-linux-gnu/libXfixes.so.3.1.0
7f732ca6b000-7f732ca6c000 rw-p 00005000 08:03 18488261                   /usr/lib/x86_64-linux-gnu/libXfixes.so.3.1.0
7f732ca6c000-7f732ca6d000 r--s 00000000 08:03 19927127                   /var/cache/fontconfig/c05880de57d1f5e948fdfacc138775d9-le64.cache-3
7f732ca6d000-7f732ca76000 r--s 00000000 08:03 19927122                   /var/cache/fontconfig/945677eb7aeaf62f1d50efc3fb3ec7d8-le64.cache-3
7f732ca76000-7f732ca78000 r--s 00015000 08:03 15598514                   /home/arwilczek90/workspace/Elements/lib/slick/lib/tinylinepp.jar
7f732ca78000-7f732ca7b000 r--s 00015000 08:03 15598512                   /home/arwilczek90/workspace/Elements/lib/slick/lib/slick-util.jar
7f732ca7b000-7f732ca83000 r--s 00067000 08:03 15598510                   /home/arwilczek90/workspace/Elements/lib/slick/lib/slick-sources.jar
7f732ca83000-7f732ca84000 r--s 00000000 08:03 15598509                   /home/arwilczek90/workspace/Elements/lib/slick/lib/slick-examples.jar
7f732ca84000-7f732ca85000 r--s 00003000 08:03 15598508                   /home/arwilczek90/workspace/Elements/lib/slick/lib/scalar.jar
7f732ca85000-7f732ca88000 r--s 00017000 08:03 15598507                   /home/arwilczek90/workspace/Elements/lib/slick/lib/pedigree.jar
7f732ca88000-7f732ca93000 r--s 00093000 08:03 15598513                   /home/arwilczek90/workspace/Elements/lib/slick/lib/slick.jar
7f732ca93000-7f732ca98000 r--s 0002f000 08:03 15598498                   /home/arwilczek90/workspace/Elements/lib/slick/lib/jinput.jar
7f732ca98000-7f732ca9a000 r--s 00008000 08:03 15598497                   /home/arwilczek90/workspace/Elements/lib/slick/lib/ibxm.jar
7f732ca9a000-7f732ca9d000 r--s 0005b000 08:03 15598496                   /home/arwilczek90/workspace/Elements/lib/slick/lib/hiero.jar
7f732ca9d000-7f732ca9e000 r--s 00007000 08:03 15597697                   /home/arwilczek90/workspace/Elements/lib/slick/applet/lwjgl_util_applet.jar
7f732cade000-7f732cb1e000 rw-s f0300000 00:05 10225                      /dev/ati/card0
7f732cb1e000-7f732cb21000 ---p 00000000 00:00 0 
7f732cb21000-7f732cc1f000 rw-p 00000000 00:00 0 
7f732cc1f000-7f732cc20000 r--s 00000000 08:03 19927127                   /var/cache/fontconfig/c05880de57d1f5e948fdfacc138775d9-le64.cache-3
7f732cc20000-7f732cc29000 r--s 00000000 08:03 19927122                   /var/cache/fontconfig/945677eb7aeaf62f1d50efc3fb3ec7d8-le64.cache-3
7f732cc29000-7f732cc2b000 r--s 00000000 08:03 19927123                   /var/cache/fontconfig/99e8ed0e538f840c565b6ed5dad60d56-le64.cache-3
7f732cc2b000-7f732cc2f000 r--s 00000000 08:03 19927109                   /var/cache/fontconfig/2cd17615ca594fa2959ae173292e504c-le64.cache-3
7f732cc2f000-7f732cc30000 r--s 00000000 08:03 19927134                   /var/cache/fontconfig/e7071f4a29fa870f4323321c154eba04-le64.cache-3
7f732cc30000-7f732cc31000 r--s 00000000 08:03 19927107                   /var/cache/fontconfig/0d8c3b2ac0904cb8a57a757ad11a4a08-le64.cache-3
7f732cc31000-7f732cc37000 r--s 00000000 08:03 19927124                   /var/cache/fontconfig/a755afe4a08bf5b97852ceb7400b47bc-le64.cache-3
7f732cc37000-7f732cc40000 r--s 00000000 08:03 19927460                   /var/cache/fontconfig/6d41288fd70b0be22e8c3a91e032eec0-le64.cache-3
7f732cc40000-7f732cc50000 r--s 00000000 08:03 19927106                   /var/cache/fontconfig/04aabc0a78ac019cf9454389977116d2-le64.cache-3
7f732cc50000-7f732cc53000 r--s 00000000 08:03 19927112                   /var/cache/fontconfig/385c0604a188198f04d133e54aba7fe7-le64.cache-3
7f732cc53000-7f732cc81000 r--s 00000000 08:03 19927454                   /var/cache/fontconfig/365b55f210c0a22e9a19e35191240f32-le64.cache-3
7f732cc81000-7f732cc86000 r--s 00000000 08:03 19927110                   /var/cache/fontconfig/3047814df9a2f067bd2d96a2b9c36e5a-le64.cache-3
7f732cc8d000-7f732cc8f000 r--s 00004000 08:03 15598506                   /home/arwilczek90/workspace/Elements/lib/slick/lib/packulike.jar
7f732cc8f000-7f732cc91000 r--s 00033000 08:03 15598504                   /home/arwilczek90/workspace/Elements/lib/slick/lib/natives-mac.jar
7f732cc91000-7f732cc9a000 r-xp 00000000 08:03 18488253                   /usr/lib/x86_64-linux-gnu/libXcursor.so.1.0.2
7f732cc9a000-7f732ce99000 ---p 00009000 08:03 18488253                   /usr/lib/x86_64-linux-gnu/libXcursor.so.1.0.2
7f732ce99000-7f732ce9a000 r--p 00008000 08:03 18488253                   /usr/lib/x86_64-linux-gnu/libXcursor.so.1.0.2
7f732ce9a000-7f732ce9b000 rw-p 00009000 08:03 18488253                   /usr/lib/x86_64-linux-gnu/libXcursor.so.1.0.2
7f732ce9b000-7f732ce9c000 r--s 00043000 08:03 15598505                   /home/arwilczek90/workspace/Elements/lib/slick/lib/natives-win32.jar
7f732ce9c000-7f732ce9d000 r--s 0003d000 08:03 15598503                   /home/arwilczek90/workspace/Elements/lib/slick/lib/natives-linux.jar
7f732ce9d000-7f732cea4000 r--s 00073000 08:03 15598502                   /home/arwilczek90/workspace/Elements/lib/slick/lib/lwjgl.jar
7f732cea4000-7f732cea6000 r--s 0000d000 08:03 15598501                   /home/arwilczek90/workspace/Elements/lib/slick/lib/jorbis-0.0.15.jar
7f732cea6000-7f732cea7000 r--s 00001000 08:03 15598500                   /home/arwilczek90/workspace/Elements/lib/slick/lib/jogg-0.0.7.jar
7f732cea7000-7f732cea8000 r--s 00001000 08:03 15598499                   /home/arwilczek90/workspace/Elements/lib/slick/lib/jnlp.jar
7f732cea8000-7f732ceaa000 rw-s 00002000 00:05 10225                      /dev/ati/card0
7f732ceaa000-7f732ceb5000 r--s 00093000 08:03 15597692                   /home/arwilczek90/workspace/Elements/lib/slick.jar
7f732ceb5000-7f732cebc000 r--s 000fb000 08:03 18618812                   /usr/lib/jvm/java-6-openjdk-common/jre/lib/resources.jar
7f732cebc000-7f732cebf000 r--s 00000000 08:03 19927121                   /var/cache/fontconfig/8801497958630a81b71ace7c5f9b32a8-le64.cache-3
7f732cebf000-7f732cec0000 r--s 00000000 08:03 19927115                   /var/cache/fontconfig/56cf4f4769d0f4abc89a4895d7bd3ae1-le64.cache-3
7f732cec0000-7f732cec1000 r--s 00000000 08:03 19927126                   /var/cache/fontconfig/b9d506c9ac06c20b433354fa67a72993-le64.cache-3
7f732cec1000-7f732cec6000 r--s 00000000 08:03 19927125                   /var/cache/fontconfig/b47c4e1ecd0709278f4910c18777a504-le64.cache-3
7f732cec6000-7f732ced6000 r--s 00000000 08:03 19927130                   /var/cache/fontconfig/d52a8644073d54c13679302ca1180695-le64.cache-3
7f732ced6000-7f732ced9000 ---p 00000000 00:00 0 
7f732ced9000-7f732cfd7000 rw-p 00000000 00:00 0 
7f732cfd7000-7f732d06d000 r-xp 00000000 08:03 18488439                   /usr/lib/x86_64-linux-gnu/libfreetype.so.6.8.0
7f732d06d000-7f732d26c000 ---p 00096000 08:03 18488439                   /usr/lib/x86_64-linux-gnu/libfreetype.so.6.8.0
7f732d26c000-7f732d272000 r--p 00095000 08:03 18488439                   /usr/lib/x86_64-linux-gnu/libfreetype.so.6.8.0
7f732d272000-7f732d273000 rw-p 0009b000 08:03 18488439                   /usr/lib/x86_64-linux-gnu/libfreetype.so.6.8.0
7f732d273000-7f732d2ad000 r-xp 00000000 08:03 18618871                   /usr/lib/jvm/java-6-openjdk-amd64/jre/lib/amd64/libfontmanager.so
7f732d2ad000-7f732d4ac000 ---p 0003a000 08:03 18618871                   /usr/lib/jvm/java-6-openjdk-amd64/jre/lib/amd64/libfontmanager.so
7f732d4ac000-7f732d4ae000 r--p 00039000 08:03 18618871                   /usr/lib/jvm/java-6-openjdk-amd64/jre/lib/amd64/libfontmanager.so
7f732d4ae000-7f732d4af000 rw-p 0003b000 08:03 18618871                   /usr/lib/jvm/java-6-openjdk-amd64/jre/lib/amd64/libfontmanager.so
7f732d4af000-7f732d4b4000 r-xp 00000000 08:03 18488257                   /usr/lib/x86_64-linux-gnu/libXdmcp.so.6.0.0
7f732d4b4000-7f732d6b3000 ---p 00005000 08:03 18488257                   /usr/lib/x86_64-linux-gnu/libXdmcp.so.6.0.0
7f732d6b3000-7f732d6b4000 r--p 00004000 08:03 18488257                   /usr/lib/x86_64-linux-gnu/libXdmcp.so.6.0.0
7f732d6b4000-7f732d6b5000 rw-p 00005000 08:03 18488257                   /usr/lib/x86_64-linux-gnu/libXdmcp.so.6.0.0
7f732d6b5000-7f732d6b7000 r-xp 00000000 08:03 18488246                   /usr/lib/x86_64-linux-gnu/libXau.so.6.0.0
7f732d6b7000-7f732d8b6000 ---p 00002000 08:03 18488246                   /usr/lib/x86_64-linux-gnu/libXau.so.6.0.0
7f732d8b6000-7f732d8b7000 r--p 00001000 08:03 18488246                   /usr/lib/x86_64-linux-gnu/libXau.so.6.0.0
7f732d8b7000-7f732d8b8000 rw-p 00002000 08:03 18488246                   /usr/lib/x86_64-linux-gnu/libXau.so.6.0.0
7f732d8b8000-7f732d8d5000 r-xp 00000000 08:03 18488845                   /usr/lib/x86_64-linux-gnu/libxcb.so.1.1.0
7f732d8d5000-7f732dad4000 ---p 0001d000 08:03 18488845                   /usr/lib/x86_64-linux-gnu/libxcb.so.1.1.0
7f732dad4000-7f732dad5000 r--p 0001c000 08:03 18488845                   /usr/lib/x86_64-linux-gnu/libxcb.so.1.1.0
7f732dad5000-7f732dad6000 rw-p 0001d000 08:03 18488845                   /usr/lib/x86_64-linux-gnu/libxcb.so.1.1.0
7f732dad6000-7f732dae4000 r-xp 00000000 08:03 18488265                   /usr/lib/x86_64-linux-gnu/libXi.so.6.1.0
7f732dae4000-7f732dce3000 ---p 0000e000 08:03 18488265                   /usr/lib/x86_64-linux-gnu/libXi.so.6.1.0
7f732dce3000-7f732dce4000 r--p 0000d000 08:03 18488265                   /usr/lib/x86_64-linux-gnu/libXi.so.6.1.0
7f732dce4000-7f732dce5000 rw-p 0000e000 08:03 18488265                   /usr/lib/x86_64-linux-gnu/libXi.so.6.1.0
7f732dce5000-7f732dcea000 r-xp 00000000 08:03 18488283                   /usr/lib/x86_64-linux-gnu/libXtst.so.6.1.0
7f732dcea000-7f732dee9000 ---p 00005000 08:03 18488283                   /usr/lib/x86_64-linux-gnu/libXtst.so.6.1.0
7f732dee9000-7f732deea000 r--p 00004000 08:03 18488283                   /usr/lib/x86_64-linux-gnu/libXtst.so.6.1.0
7f732deea000-7f732deeb000 rw-p 00005000 08:03 18488283                   /usr/lib/x86_64-linux-gnu/libXtst.so.6.1.0
7f732deeb000-7f732def4000 r-xp 00000000 08:03 18488279                   /usr/lib/x86_64-linux-gnu/libXrender.so.1.3.0
7f732def4000-7f732e0f3000 ---p 00009000 08:03 18488279                   /usr/lib/x86_64-linux-gnu/libXrender.so.1.3.0
7f732e0f3000-7f732e0f4000 r--p 00008000 08:03 18488279                   /usr/lib/x86_64-linux-gnu/libXrender.so.1.3.0
7f732e0f4000-7f732e0f5000 rw-p 00009000 08:03 18488279                   /usr/lib/x86_64-linux-gnu/libXrender.so.1.3.0
7f732e0f5000-7f732e224000 r-xp 00000000 08:03 18488244                   /usr/lib/x86_64-linux-gnu/libX11.so.6.3.0
7f732e224000-7f732e424000 ---p 0012f000 08:03 18488244                   /usr/lib/x86_64-linux-gnu/libX11.so.6.3.0
7f732e424000-7f732e425000 r--p 0012f000 08:03 18488244                   /usr/lib/x86_64-linux-gnu/libX11.so.6.3.0
7f732e425000-7f732e429000 rw-p 00130000 08:03 18488244                   /usr/lib/x86_64-linux-gnu/libX11.so.6.3.0
7f732e429000-7f732e439000 r-xp 00000000 08:03 18488259                   /usr/lib/x86_64-linux-gnu/libXext.so.6.4.0
7f732e439000-7f732e638000 ---p 00010000 08:03 18488259                   /usr/lib/x86_64-linux-gnu/libXext.so.6.4.0
7f732e638000-7f732e639000 r--p 0000f000 08:03 18488259                   /usr/lib/x86_64-linux-gnu/libXext.so.6.4.0
7f732e639000-7f732e63a000 rw-p 00010000 08:03 18488259                   /usr/lib/x86_64-linux-gnu/libXext.so.6.4.0
7f732e63a000-7f732e685000 r-xp 00000000 08:03 18618972                   /usr/lib/jvm/java-6-openjdk-amd64/jre/lib/amd64/xawt/libmawt.so
7f732e685000-7f732e885000 ---p 0004b000 08:03 18618972                   /usr/lib/jvm/java-6-openjdk-amd64/jre/lib/amd64/xawt/libmawt.so
7f732e885000-7f732e886000 r--p 0004b000 08:03 18618972                   /usr/lib/jvm/java-6-openjdk-amd64/jre/lib/amd64/xawt/libmawt.so
7f732e886000-7f732e889000 rw-p 0004c000 08:03 18618972                   /usr/lib/jvm/java-6-openjdk-amd64/jre/lib/amd64/xawt/libmawt.so
7f732e889000-7f732e88a000 rw-p 00000000 00:00 0 
7f732e88a000-7f732e936000 r-xp 00000000 08:03 18618874                   /usr/lib/jvm/java-6-openjdk-amd64/jre/lib/amd64/libawt.so
7f732e936000-7f732eb35000 ---p 000ac000 08:03 18618874                   /usr/lib/jvm/java-6-openjdk-amd64/jre/lib/amd64/libawt.so
7f732eb35000-7f732eb36000 r--p 000ab000 08:03 18618874                   /usr/lib/jvm/java-6-openjdk-amd64/jre/lib/amd64/libawt.so
7f732eb36000-7f732eb41000 rw-p 000ac000 08:03 18618874                   /usr/lib/jvm/java-6-openjdk-amd64/jre/lib/amd64/libawt.so
7f732eb41000-7f732eb66000 rw-p 00000000 00:00 0 
7f732eb66000-7f732eb69000 r--s 0007d000 08:03 18618443                   /usr/lib/jvm/java-6-openjdk-common/jre/lib/jsse.jar
7f732eb69000-7f732eb70000 r--s 00073000 08:03 15597691                   /home/arwilczek90/workspace/Elements/lib/lwjgl.jar
7f732eb70000-7f732eb72000 r--s 0000f000 08:03 18618803                   /usr/lib/jvm/java-6-openjdk-common/jre/lib/ext/pulse-java.jar
7f732eb72000-7f732eb75000 r--s 00077000 08:03 18618797                   /usr/lib/jvm/java-6-openjdk-common/jre/lib/ext/localedata.jar
7f732eb75000-7f732eb76000 r--s 00007000 08:03 18748229                   /usr/share/java/java-atk-wrapper.jar
7f732eb76000-7f732eb78000 r--s 00001000 08:03 18618801                   /usr/lib/jvm/java-6-openjdk-common/jre/lib/ext/dnsns.jar
7f732eb78000-7f732eb7c000 r--s 00038000 08:03 18618795                   /usr/lib/jvm/java-6-openjdk-common/jre/lib/ext/sunpkcs11.jar
7f732eb7c000-7f732eb7f000 r--s 00031000 08:03 18618799                   /usr/lib/jvm/java-6-openjdk-common/jre/lib/ext/sunjce_provider.jar
7f732eb7f000-7f732eb80000 ---p 00000000 00:00 0 
7f732eb80000-7f732ec80000 rw-p 00000000 00:00 0 
7f732ec80000-7f732ec83000 ---p 00000000 00:00 0 
7f732ec83000-7f732ed81000 rw-p 00000000 00:00 0 
7f732ed81000-7f732ed84000 ---p 00000000 00:00 0 
7f732ed84000-7f732ee82000 rw-p 00000000 00:00 0 
7f732ee82000-7f732ee85000 ---p 00000000 00:00 0 
7f732ee85000-7f732ef83000 rw-p 00000000 00:00 0 
7f732ef83000-7f732ef86000 ---p 00000000 00:00 0 
7f732ef86000-7f732f084000 rw-p 00000000 00:00 0 
7f732f084000-7f732f767000 r--p 00000000 08:03 18487587                   /usr/lib/locale/locale-archive
7f732f767000-7f732f76a000 ---p 00000000 00:00 0 
7f732f76a000-7f732f868000 rw-p 00000000 00:00 0 
7f732f868000-7f732f86b000 ---p 00000000 00:00 0 
7f732f86b000-7f732f969000 rw-p 00000000 00:00 0 
7f732f969000-7f732f96a000 ---p 00000000 00:00 0 
7f732f96a000-7f732fe6e000 rw-p 00000000 00:00 0 
7f732fe6e000-7f7330000000 r--s 037bf000 08:03 18618843                   /usr/lib/jvm/java-6-openjdk-amd64/jre/lib/rt.jar
7f7330000000-7f7330021000 rw-p 00000000 00:00 0 
7f7330021000-7f7334000000 ---p 00000000 00:00 0 
7f7334000000-7f7334003000 r--s 00000000 08:03 19927196                   /var/cache/fontconfig/e13b20fdb08344e0e664864cc2ede53d-le64.cache-3
7f7334003000-7f7334007000 r--s 00000000 08:03 19927452                   /var/cache/fontconfig/7ef2298fde41cc6eeb7af42e48b7d293-le64.cache-3
7f7334007000-7f7334017000 r--s 00000000 08:03 19927106                   /var/cache/fontconfig/04aabc0a78ac019cf9454389977116d2-le64.cache-3
7f7334017000-7f733401a000 r--s 00000000 08:03 19927112                   /var/cache/fontconfig/385c0604a188198f04d133e54aba7fe7-le64.cache-3
7f733401a000-7f733401b000 r--s 00000000 08:03 19927113                   /var/cache/fontconfig/4794a0821666d79190d59a36cb4f44b5-le64.cache-3
7f733401b000-7f733401e000 r--s 00000000 08:03 19927121                   /var/cache/fontconfig/8801497958630a81b71ace7c5f9b32a8-le64.cache-3
7f733401e000-7f733404c000 r--s 00000000 08:03 19927454                   /var/cache/fontconfig/365b55f210c0a22e9a19e35191240f32-le64.cache-3
7f733404c000-7f7334180000 rw-p 00000000 00:00 0 
7f7334180000-7f7334181000 ---p 00000000 00:00 0 
7f7334181000-7f7334281000 rw-p 00000000 00:00 0 
7f7334281000-7f7334282000 ---p 00000000 00:00 0 
7f7334282000-7f7334382000 rw-p 00000000 00:00 0 
7f7334382000-7f7334383000 ---p 00000000 00:00 0 
7f7334383000-7f7334483000 rw-p 00000000 00:00 0 
7f7334483000-7f7334484000 ---p 00000000 00:00 0 
7f7334484000-7f73345ab000 rw-p 00000000 00:00 0 
7f73345ab000-7f73347f2000 rw-p 00000000 00:00 0 
7f73347f2000-7f73347fd000 rw-p 00000000 00:00 0 
7f73347fd000-7f7334845000 rw-p 00000000 00:00 0 
7f7334845000-7f733486c000 rw-p 00000000 00:00 0 
7f733486c000-7f7334ab3000 rw-p 00000000 00:00 0 
7f7334ab3000-7f7334ac7000 rw-p 00000000 00:00 0 
7f7334ac7000-7f7334bea000 rw-p 00000000 00:00 0 
7f7334bea000-7f7334beb000 rw-p 00000000 00:00 0 
7f7334beb000-7f7334e5b000 rwxp 00000000 00:00 0 
7f7334e5b000-7f7337beb000 rw-p 00000000 00:00 0 
7f7337beb000-7f7337bf2000 r-xp 00000000 08:03 18618888                   /usr/lib/jvm/java-6-openjdk-amd64/jre/lib/amd64/libzip.so
7f7337bf2000-7f7337df1000 ---p 00007000 08:03 18618888                   /usr/lib/jvm/java-6-openjdk-amd64/jre/lib/amd64/libzip.so
7f7337df1000-7f7337df2000 r--p 00006000 08:03 18618888                   /usr/lib/jvm/java-6-openjdk-amd64/jre/lib/amd64/libzip.so
7f7337df2000-7f7337df3000 rw-p 00007000 08:03 18618888                   /usr/lib/jvm/java-6-openjdk-amd64/jre/lib/amd64/libzip.so
7f7337df3000-7f7337dff000 r-xp 00000000 08:03 21758081                   /lib/x86_64-linux-gnu/libnss_files-2.15.so
7f7337dff000-7f7337ffe000 ---p 0000c000 08:03 21758081                   /lib/x86_64-linux-gnu/libnss_files-2.15.so
7f7337ffe000-7f7337fff000 r--p 0000b000 08:03 21758081                   /lib/x86_64-linux-gnu/libnss_files-2.15.so
7f7337fff000-7f7338000000 rw-p 0000c000 08:03 21758081                   /lib/x86_64-linux-gnu/libnss_files-2.15.so
7f7338000000-7f7338d11000 rw-p 00000000 00:00 0 
7f7338d11000-7f733c000000 ---p 00000000 00:00 0 
7f733c000000-7f733c001000 rw-s 00005000 00:05 10225                      /dev/ati/card0
7f733c001000-7f733c002000 r--s 00000000 08:03 19927113                   /var/cache/fontconfig/4794a0821666d79190d59a36cb4f44b5-le64.cache-3
7f733c002000-7f733c004000 r--s 00000000 08:03 19927123                   /var/cache/fontconfig/99e8ed0e538f840c565b6ed5dad60d56-le64.cache-3
7f733c004000-7f733c008000 r--s 00000000 08:03 19927109                   /var/cache/fontconfig/2cd17615ca594fa2959ae173292e504c-le64.cache-3
7f733c008000-7f733c00e000 r--s 00000000 08:03 19927124                   /var/cache/fontconfig/a755afe4a08bf5b97852ceb7400b47bc-le64.cache-3
7f733c00e000-7f733c041000 rw-p 00000000 00:00 0 
7f733c041000-7f733c089000 rw-p 00000000 00:00 0 
7f733c089000-7f733c093000 r-xp 00000000 08:03 21758077                   /lib/x86_64-linux-gnu/libnss_nis-2.15.so
7f733c093000-7f733c293000 ---p 0000a000 08:03 21758077                   /lib/x86_64-linux-gnu/libnss_nis-2.15.so
7f733c293000-7f733c294000 r--p 0000a000 08:03 21758077                   /lib/x86_64-linux-gnu/libnss_nis-2.15.so
7f733c294000-7f733c295000 rw-p 0000b000 08:03 21758077                   /lib/x86_64-linux-gnu/libnss_nis-2.15.so
7f733c295000-7f733c2ac000 r-xp 00000000 08:03 21761730                   /lib/x86_64-linux-gnu/libnsl-2.15.so
7f733c2ac000-7f733c4ab000 ---p 00017000 08:03 21761730                   /lib/x86_64-linux-gnu/libnsl-2.15.so
7f733c4ab000-7f733c4ac000 r--p 00016000 08:03 21761730                   /lib/x86_64-linux-gnu/libnsl-2.15.so
7f733c4ac000-7f733c4ad000 rw-p 00017000 08:03 21761730                   /lib/x86_64-linux-gnu/libnsl-2.15.so
7f733c4ad000-7f733c4af000 rw-p 00000000 00:00 0 
7f733c4af000-7f733c4b7000 r-xp 00000000 08:03 21758082                   /lib/x86_64-linux-gnu/libnss_compat-2.15.so
7f733c4b7000-7f733c6b6000 ---p 00008000 08:03 21758082                   /lib/x86_64-linux-gnu/libnss_compat-2.15.so
7f733c6b6000-7f733c6b7000 r--p 00007000 08:03 21758082                   /lib/x86_64-linux-gnu/libnss_compat-2.15.so
7f733c6b7000-7f733c6b8000 rw-p 00008000 08:03 21758082                   /lib/x86_64-linux-gnu/libnss_compat-2.15.so
7f733c6b8000-7f733c6e4000 r-xp 00000000 08:03 18618873                   /usr/lib/jvm/java-6-openjdk-amd64/jre/lib/amd64/libjava.so
7f733c6e4000-7f733c8e3000 ---p 0002c000 08:03 18618873                   /usr/lib/jvm/java-6-openjdk-amd64/jre/lib/amd64/libjava.so
7f733c8e3000-7f733c8e4000 r--p 0002b000 08:03 18618873                   /usr/lib/jvm/java-6-openjdk-amd64/jre/lib/amd64/libjava.so
7f733c8e4000-7f733c8e7000 rw-p 0002c000 08:03 18618873                   /usr/lib/jvm/java-6-openjdk-amd64/jre/lib/amd64/libjava.so
7f733c8e7000-7f733c8f5000 r-xp 00000000 08:03 18618872                   /usr/lib/jvm/java-6-openjdk-amd64/jre/lib/amd64/libverify.so
7f733c8f5000-7f733caf4000 ---p 0000e000 08:03 18618872                   /usr/lib/jvm/java-6-openjdk-amd64/jre/lib/amd64/libverify.so
7f733caf4000-7f733caf6000 r--p 0000d000 08:03 18618872                   /usr/lib/jvm/java-6-openjdk-amd64/jre/lib/amd64/libverify.so
7f733caf6000-7f733caf7000 rw-p 0000f000 08:03 18618872                   /usr/lib/jvm/java-6-openjdk-amd64/jre/lib/amd64/libverify.so
7f733caf7000-7f733cafe000 r-xp 00000000 08:03 21758075                   /lib/x86_64-linux-gnu/librt-2.15.so
7f733cafe000-7f733ccfd000 ---p 00007000 08:03 21758075                   /lib/x86_64-linux-gnu/librt-2.15.so
7f733ccfd000-7f733ccfe000 r--p 00006000 08:03 21758075                   /lib/x86_64-linux-gnu/librt-2.15.so
7f733ccfe000-7f733ccff000 rw-p 00007000 08:03 21758075                   /lib/x86_64-linux-gnu/librt-2.15.so
7f733ccff000-7f733cd14000 r-xp 00000000 08:03 21761542                   /lib/x86_64-linux-gnu/libgcc_s.so.1
7f733cd14000-7f733cf13000 ---p 00015000 08:03 21761542                   /lib/x86_64-linux-gnu/libgcc_s.so.1
7f733cf13000-7f733cf14000 r--p 00014000 08:03 21761542                   /lib/x86_64-linux-gnu/libgcc_s.so.1
7f733cf14000-7f733cf15000 rw-p 00015000 08:03 21761542                   /lib/x86_64-linux-gnu/libgcc_s.so.1
7f733cf15000-7f733d00e000 r-xp 00000000 08:03 21758079                   /lib/x86_64-linux-gnu/libm-2.15.so
7f733d00e000-7f733d20d000 ---p 000f9000 08:03 21758079                   /lib/x86_64-linux-gnu/libm-2.15.so
7f733d20d000-7f733d20e000 r--p 000f8000 08:03 21758079                   /lib/x86_64-linux-gnu/libm-2.15.so
7f733d20e000-7f733d20f000 rw-p 000f9000 08:03 21758079                   /lib/x86_64-linux-gnu/libm-2.15.so
7f733d20f000-7f733d2f1000 r-xp 00000000 08:03 18488773                   /usr/lib/x86_64-linux-gnu/libstdc++.so.6.0.16
7f733d2f1000-7f733d4f0000 ---p 000e2000 08:03 18488773                   /usr/lib/x86_64-linux-gnu/libstdc++.so.6.0.16
7f733d4f0000-7f733d4f8000 r--p 000e1000 08:03 18488773                   /usr/lib/x86_64-linux-gnu/libstdc++.so.6.0.16
7f733d4f8000-7f733d4fa000 rw-p 000e9000 08:03 18488773                   /usr/lib/x86_64-linux-gnu/libstdc++.so.6.0.16
7f733d4fa000-7f733d50f000 rw-p 00000000 00:00 0 
7f733d50f000-7f733de13000 r-xp 00000000 08:03 18618878                   /usr/lib/jvm/java-6-openjdk-amd64/jre/lib/amd64/server/libjvm.so
7f733de13000-7f733e013000 ---p 00904000 08:03 18618878                   /usr/lib/jvm/java-6-openjdk-amd64/jre/lib/amd64/server/libjvm.so
7f733e013000-7f733e093000 r--p 00904000 08:03 18618878                   /usr/lib/jvm/java-6-openjdk-amd64/jre/lib/amd64/server/libjvm.so
7f733e093000-7f733e0ae000 rw-p 00984000 08:03 18618878                   /usr/lib/jvm/java-6-openjdk-amd64/jre/lib/amd64/server/libjvm.so
7f733e0ae000-7f733e0d7000 rw-p 00000000 00:00 0 
7f733e0d7000-7f733e0ed000 r-xp 00000000 08:03 21761632                   /lib/x86_64-linux-gnu/libz.so.1.2.3.4
7f733e0ed000-7f733e2ec000 ---p 00016000 08:03 21761632                   /lib/x86_64-linux-gnu/libz.so.1.2.3.4
7f733e2ec000-7f733e2ed000 r--p 00015000 08:03 21761632                   /lib/x86_64-linux-gnu/libz.so.1.2.3.4
7f733e2ed000-7f733e2ee000 rw-p 00016000 08:03 21761632                   /lib/x86_64-linux-gnu/libz.so.1.2.3.4
7f733e2ee000-7f733e4a3000 r-xp 00000000 08:03 21757975                   /lib/x86_64-linux-gnu/libc-2.15.so
7f733e4a3000-7f733e6a2000 ---p 001b5000 08:03 21757975                   /lib/x86_64-linux-gnu/libc-2.15.so
7f733e6a2000-7f733e6a6000 r--p 001b4000 08:03 21757975                   /lib/x86_64-linux-gnu/libc-2.15.so
7f733e6a6000-7f733e6a8000 rw-p 001b8000 08:03 21757975                   /lib/x86_64-linux-gnu/libc-2.15.so
7f733e6a8000-7f733e6ad000 rw-p 00000000 00:00 0 
7f733e6ad000-7f733e6af000 r-xp 00000000 08:03 21757964                   /lib/x86_64-linux-gnu/libdl-2.15.so
7f733e6af000-7f733e8af000 ---p 00002000 08:03 21757964                   /lib/x86_64-linux-gnu/libdl-2.15.so
7f733e8af000-7f733e8b0000 r--p 00002000 08:03 21757964                   /lib/x86_64-linux-gnu/libdl-2.15.so
7f733e8b0000-7f733e8b1000 rw-p 00003000 08:03 21757964                   /lib/x86_64-linux-gnu/libdl-2.15.so
7f733e8b1000-7f733e8b5000 r-xp 00000000 08:03 18618855                   /usr/lib/jvm/java-6-openjdk-amd64/jre/lib/amd64/jli/libjli.so
7f733e8b5000-7f733eab4000 ---p 00004000 08:03 18618855                   /usr/lib/jvm/java-6-openjdk-amd64/jre/lib/amd64/jli/libjli.so
7f733eab4000-7f733eab5000 r--p 00003000 08:03 18618855                   /usr/lib/jvm/java-6-openjdk-amd64/jre/lib/amd64/jli/libjli.so
7f733eab5000-7f733eab6000 rw-p 00004000 08:03 18618855                   /usr/lib/jvm/java-6-openjdk-amd64/jre/lib/amd64/jli/libjli.so
7f733eab6000-7f733eace000 r-xp 00000000 08:03 21758073                   /lib/x86_64-linux-gnu/libpthread-2.15.so
7f733eace000-7f733eccd000 ---p 00018000 08:03 21758073                   /lib/x86_64-linux-gnu/libpthread-2.15.so
7f733eccd000-7f733ecce000 r--p 00017000 08:03 21758073                   /lib/x86_64-linux-gnu/libpthread-2.15.so
7f733ecce000-7f733eccf000 rw-p 00018000 08:03 21758073                   /lib/x86_64-linux-gnu/libpthread-2.15.so
7f733eccf000-7f733ecd3000 rw-p 00000000 00:00 0 
7f733ecd3000-7f733ecf5000 r-xp 00000000 08:03 21758085                   /lib/x86_64-linux-gnu/ld-2.15.so
7f733ecf5000-7f733ecfe000 r--s 00000000 08:03 19927460                   /var/cache/fontconfig/6d41288fd70b0be22e8c3a91e032eec0-le64.cache-3
7f733ecfe000-7f733ed03000 r--s 00000000 08:03 19927110                   /var/cache/fontconfig/3047814df9a2f067bd2d96a2b9c36e5a-le64.cache-3
7f733ed03000-7f733ed13000 r--s 00000000 08:03 19927130                   /var/cache/fontconfig/d52a8644073d54c13679302ca1180695-le64.cache-3
7f733ed13000-7f733ed1d000 rw-p 00000000 00:00 0 
7f733ed1d000-7f733edd3000 rw-p 00000000 00:00 0 
7f733edd3000-7f733edd6000 ---p 00000000 00:00 0 
7f733edd6000-7f733eed9000 rw-p 00000000 00:00 0 
7f733eed9000-7f733eeda000 r--s 00000000 08:03 19927134                   /var/cache/fontconfig/e7071f4a29fa870f4323321c154eba04-le64.cache-3
7f733eeda000-7f733eedb000 r--s 00000000 08:03 19927107                   /var/cache/fontconfig/0d8c3b2ac0904cb8a57a757ad11a4a08-le64.cache-3
7f733eedb000-7f733eedc000 r--s 00000000 08:03 19927115                   /var/cache/fontconfig/56cf4f4769d0f4abc89a4895d7bd3ae1-le64.cache-3
7f733eedc000-7f733eedd000 r--s 00000000 08:03 19927126                   /var/cache/fontconfig/b9d506c9ac06c20b433354fa67a72993-le64.cache-3
7f733eedd000-7f733eee2000 r--s 00000000 08:03 19927125                   /var/cache/fontconfig/b47c4e1ecd0709278f4910c18777a504-le64.cache-3
7f733eee2000-7f733eee5000 r--s 00000000 08:03 19927196                   /var/cache/fontconfig/e13b20fdb08344e0e664864cc2ede53d-le64.cache-3
7f733eee5000-7f733eee9000 r--s 00000000 08:03 19927452                   /var/cache/fontconfig/7ef2298fde41cc6eeb7af42e48b7d293-le64.cache-3
7f733eee9000-7f733eef1000 rw-s 00000000 08:03 8126549                    /tmp/hsperfdata_arwilczek90/7819 (deleted)
7f733eef1000-7f733eef2000 rw-p 00000000 00:00 0 
7f733eef2000-7f733eef3000 ---p 00000000 00:00 0 
7f733eef3000-7f733eef5000 rw-p 00000000 00:00 0 
7f733eef5000-7f733eef6000 r--p 00022000 08:03 21758085                   /lib/x86_64-linux-gnu/ld-2.15.so
7f733eef6000-7f733eef8000 rw-p 00023000 08:03 21758085                   /lib/x86_64-linux-gnu/ld-2.15.so
7fff72d0b000-7fff72d2c000 rw-p 00000000 00:00 0                          [stack]
7fff72ddd000-7fff72dde000 r-xp 00000000 00:00 0                          [vdso]
ffffffffff600000-ffffffffff601000 r-xp 00000000 00:00 0                  [vsyscall]

VM Arguments:
jvm_args: -Djava.library.path=/home/arwilczek90/workspace/Elements/lib/slick:/home/arwilczek90/workspace/Elements/lib/slick -Dfile.encoding=UTF-8 
java_command: com.hack.elements.view.Main
Launcher Type: SUN_STANDARD

Environment Variables:
PATH=/usr/lib/lightdm/lightdm:/usr/local/sbin:/usr/local/bin:/usr/sbin:/usr/bin:/sbin:/bin:/usr/games
LD_LIBRARY_PATH=/usr/lib/jvm/java-6-openjdk-amd64/jre/lib/amd64/server:/usr/lib/jvm/java-6-openjdk-amd64/jre/lib/amd64:/usr/lib/jvm/java-6-openjdk-amd64/jre/../lib/amd64
SHELL=/bin/bash
DISPLAY=:0.0

Signal Handlers:
SIGSEGV: [libjvm.so+0x784310], sa_mask[0]=0x7ffbfeff, sa_flags=0x10000004
SIGBUS: [libjvm.so+0x784310], sa_mask[0]=0x7ffbfeff, sa_flags=0x10000004
SIGFPE: [libjvm.so+0x648580], sa_mask[0]=0x7ffbfeff, sa_flags=0x10000004
SIGPIPE: [libjvm.so+0x648580], sa_mask[0]=0x7ffbfeff, sa_flags=0x10000004
SIGXFSZ: [libjvm.so+0x648580], sa_mask[0]=0x7ffbfeff, sa_flags=0x10000004
SIGILL: [libjvm.so+0x648580], sa_mask[0]=0x7ffbfeff, sa_flags=0x10000004
SIGUSR1: SIG_DFL, sa_mask[0]=0x00000000, sa_flags=0x00000000
SIGUSR2: [libjvm.so+0x648730], sa_mask[0]=0x00000004, sa_flags=0x10000004
SIGHUP: [libjvm.so+0x64b250], sa_mask[0]=0x7ffbfeff, sa_flags=0x10000004
SIGINT: [libjvm.so+0x64b250], sa_mask[0]=0x7ffbfeff, sa_flags=0x10000004
SIGTERM: [libjvm.so+0x64b250], sa_mask[0]=0x7ffbfeff, sa_flags=0x10000004
SIGQUIT: [libjvm.so+0x64b250], sa_mask[0]=0x7ffbfeff, sa_flags=0x10000004


---------------  S Y S T E M  ---------------

OS:Ubuntu 12.04 (precise)
uname:Linux 3.2.0-32-generic #51-Ubuntu SMP Wed Sep 26 21:33:09 UTC 2012 x86_64
libc:glibc 2.15 NPTL 2.15 
rlimit: STACK 8192k, CORE 0k, NPROC 59545, NOFILE 4096, AS infinity
load average:1.81 1.83 1.69

/proc/meminfo:
MemTotal:        7639648 kB
MemFree:         4182756 kB
Buffers:          104596 kB
Cached:          1116900 kB
SwapCached:            0 kB
Active:          2291112 kB
Inactive:         703300 kB
Active(anon):    1773376 kB
Inactive(anon):    16112 kB
Active(file):     517736 kB
Inactive(file):   687188 kB
Unevictable:          20 kB
Mlocked:              20 kB
SwapTotal:       3818492 kB
SwapFree:        3818492 kB
Dirty:               492 kB
Writeback:             0 kB
AnonPages:       1773128 kB
Mapped:           327872 kB
Shmem:             16576 kB
Slab:              92068 kB
SReclaimable:      61024 kB
SUnreclaim:        31044 kB
KernelStack:        4600 kB
PageTables:        38352 kB
NFS_Unstable:          0 kB
Bounce:                0 kB
WritebackTmp:          0 kB
CommitLimit:     7638316 kB
Committed_AS:    4760140 kB
VmallocTotal:   34359738367 kB
VmallocUsed:      116912 kB
VmallocChunk:   34359619344 kB
HardwareCorrupted:     0 kB
AnonHugePages:         0 kB
HugePages_Total:       0
HugePages_Free:        0
HugePages_Rsvd:        0
HugePages_Surp:        0
Hugepagesize:       2048 kB
DirectMap4k:      225280 kB
DirectMap2M:     5521408 kB
DirectMap1G:     2097152 kB


CPU:total 4 (4 cores per cpu, 1 threads per core) family 18 model 1 stepping 0, cmov, cx8, fxsr, mmx, sse, sse2, sse3, popcnt, mmxext, 3dnowpref, lzcnt, sse4a

Memory: 4k page, physical 7639648k(4182756k free), swap 3818492k(3818492k free)

vm_info: OpenJDK 64-Bit Server VM (20.0-b12) for linux-amd64 JRE (1.6.0_24-b24), built on Sep  2 2012 19:50:47 by "buildd" with gcc 4.6.3

time: Sat Oct 13 16:38:00 2012
elapsed time: 9 seconds

