#
# A fatal error has been detected by the Java Runtime Environment:
#
#  SIGSEGV (0xb) at pc=0x00007f262eedfc58, pid=10804, tid=139802067556096
#
# JRE version: 6.0_24-b24
# Java VM: OpenJDK 64-Bit Server VM (20.0-b12 mixed mode linux-amd64 compressed oops)
# Derivative: IcedTea6 1.11.4
# Distribution: Ubuntu 12.04 LTS, package 6b24-1.11.4-1ubuntu0.12.04.1
# Problematic frame:
# C  [libX11.so.6+0x33c58]  XQueryExtension+0x28
#
# If you would like to submit a bug report, please include
# instructions how to reproduce the bug and visit:
#   https://bugs.launchpad.net/ubuntu/+source/openjdk-6/
#

---------------  T H R E A D  ---------------

Current thread (0x00007f2638070000):  VMThread [stack: 0x00007f2634835000,0x00007f2634936000] [id=10814]

siginfo:si_signo=SIGSEGV: si_errno=0, si_code=1 (SEGV_MAPERR), si_addr=0x0000000038248578

Registers:
RAX=0x00007f261c0008c0, RBX=0x0000000038247c10, RCX=0x00007f26349349d8, RDX=0x00007f26349349d4
RSP=0x00007f2634934970, RBP=0x00007f262cef8932, RSI=0x00007f262cef8932, RDI=0x0000000038247c10
R8 =0x00007f26349349dc, R9 =0x0000000000000000, R10=0x00007f263f57efa8, R11=0x00007f263f1feca0
R12=0x0000000000000000, R13=0x00007f262cef8932, R14=0x00007f261c0008c0, R15=0x0000000000000000
RIP=0x00007f262eedfc58, EFLAGS=0x0000000000010202, CSGSFS=0x0000000000000033, ERR=0x0000000000000004
  TRAPNO=0x000000000000000e

Top of Stack: (sp=0x00007f2634934970)
0x00007f2634934970:   00007f263f1d1790 00007f263fdad9e8
0x00007f2634934980:   00007f26350cc8c0 00007f26350ccca8
0x00007f2634934990:   00000000ffffffff 0000000038247c10
0x00007f26349349a0:   00007f262cef8932 0000000000000000
0x00007f26349349b0:   00007f262cef8932 00007f261c0008c0
0x00007f26349349c0:   0000000000000000 00007f262eed3c55
0x00007f26349349d0:   00007f263fdcb048 00007f262d031520
0x00007f26349349e0:   00007f262d031520 0000000038247c10
0x00007f26349349f0:   00007f263818e880 00007f262f1ed02b
0x00007f2634934a00:   00007f263f1d1790 000000110000002c
0x00007f2634934a10:   00007f2634934a90 0000000000000000
0x00007f2634934a20:   00007f2634934a90 0000000038247c10
0x00007f2634934a30:   0000000000000000 00007f263fdcb048
0x00007f2634934a40:   00007f262d04ad50 00007f262ce9f119
0x00007f2634934a50:   0000000000000000 000000000000002c
0x00007f2634934a60:   00007f2634934a90 00007f2634934ab0
0x00007f2634934a70:   0000000000000000 00007f263fdcb048
0x00007f2634934a80:   00007f2638247770 00007f262ce95b42
0x00007f2634934a90:   00007f2634934c80 00007f262cef88b1
0x00007f2634934aa0:   00007f2634934c80 00007f263fbb792d
0x00007f2634934ab0:   00007f263fdcc2c8 00007f263fdcc858
0x00007f2634934ac0:   00007f263fdad000 00007f2638006a00
0x00007f2634934ad0:   00007f2638007510 00007f2638006eb0
0x00007f2634934ae0:   00007f2638007a10 00007f263800c6f0
0x00007f2634934af0:   00007f263812d170 00007f263812d650
0x00007f2634934b00:   00007f263fdac000 00007f2638244170
0x00007f2634934b10:   00007f263823ec80 00007f263823f120
0x00007f2634934b20:   00007f2638244640 00007f2638244ae0
0x00007f2634934b30:   00007f2638244f80 00007f26380c68c0
0x00007f2634934b40:   00007f26380c63f0 00007f26380025e0
0x00007f2634934b50:   00007f2638001ec0 000000000130b5f0
0x00007f2634934b60:   000000000130bb60 000000000130c570 

Instructions: (pc=0x00007f262eedfc58)
0x00007f262eedfc38:   24 d8 48 89 fb 4c 89 64 24 e0 4c 89 6c 24 e8 48
0x00007f262eedfc48:   89 f5 4c 89 74 24 f0 4c 89 7c 24 f8 48 83 ec 58
0x00007f262eedfc58:   48 8b 87 68 09 00 00 49 89 d4 49 89 cd 4d 89 c6
0x00007f262eedfc68:   48 85 c0 74 02 ff 10 ba 08 00 00 00 be 62 00 00 

Register to memory mapping:

RAX=0x00007f261c0008c0 is an unknown value
RBX=0x0000000038247c10 is an unknown value
RCX=0x00007f26349349d8 is an unknown value
RDX=0x00007f26349349d4 is an unknown value
RSP=0x00007f2634934970 is an unknown value
RBP=0x00007f262cef8932: <offset 0x96932> in /usr/lib/fglrx/libGL.so.1 at 0x00007f262ce62000
RSI=0x00007f262cef8932: <offset 0x96932> in /usr/lib/fglrx/libGL.so.1 at 0x00007f262ce62000
RDI=0x0000000038247c10 is an unknown value
R8 =0x00007f26349349dc is an unknown value
R9 =0x0000000000000000 is an unknown value
R10=0x00007f263f57efa8: <offset 0x3bbfa8> in /lib/x86_64-linux-gnu/libc.so.6 at 0x00007f263f1c3000
R11=0x00007f263f1feca0: __cxa_finalize+0 in /lib/x86_64-linux-gnu/libc.so.6 at 0x00007f263f1c3000
R12=0x0000000000000000 is an unknown value
R13=0x00007f262cef8932: <offset 0x96932> in /usr/lib/fglrx/libGL.so.1 at 0x00007f262ce62000
R14=0x00007f261c0008c0 is an unknown value
R15=0x0000000000000000 is an unknown value


Stack: [0x00007f2634835000,0x00007f2634936000],  sp=0x00007f2634934970,  free space=1022k
Native frames: (J=compiled Java code, j=interpreted, Vv=VM code, C=native code)
C  [libX11.so.6+0x33c58]  XQueryExtension+0x28

VM_Operation (0x00007f263fda7680): Exit, mode: safepoint, requested by thread 0x00007f2638008800


---------------  P R O C E S S  ---------------

Java Threads: ( => current thread )
  0x00007f2638b10000 JavaThread "Thread-2" daemon [_thread_blocked, id=10826, stack(0x00007f262c15b000,0x00007f262c25c000)]
  0x00007f2638243800 JavaThread "AWT-XAWT" daemon [_thread_blocked, id=10823, stack(0x00007f262d7bd000,0x00007f262d8be000)]
  0x00007f2638159000 JavaThread "Java2D Disposer" daemon [_thread_blocked, id=10822, stack(0x00007f263402d000,0x00007f263412e000)]
  0x00007f263809e800 JavaThread "Low Memory Detector" daemon [_thread_blocked, id=10820, stack(0x00007f263422f000,0x00007f2634330000)]
  0x00007f263809c000 JavaThread "C2 CompilerThread1" daemon [_thread_blocked, id=10819, stack(0x00007f2634330000,0x00007f2634431000)]
  0x00007f2638099800 JavaThread "C2 CompilerThread0" daemon [_thread_blocked, id=10818, stack(0x00007f2634431000,0x00007f2634532000)]
  0x00007f2638098000 JavaThread "Signal Dispatcher" daemon [_thread_blocked, id=10817, stack(0x00007f2634532000,0x00007f2634633000)]
  0x00007f2638079000 JavaThread "Finalizer" daemon [_thread_blocked, id=10816, stack(0x00007f2634633000,0x00007f2634734000)]
  0x00007f2638077000 JavaThread "Reference Handler" daemon [_thread_blocked, id=10815, stack(0x00007f2634734000,0x00007f2634835000)]
  0x00007f2638008800 JavaThread "main" [_thread_blocked, id=10809, stack(0x00007f263fca8000,0x00007f263fda9000)]

Other Threads:
=>0x00007f2638070000 VMThread [stack: 0x00007f2634835000,0x00007f2634936000] [id=10814]

VM state:at safepoint (shutting down)

VM Mutex/Monitor currently owned by a thread:  ([mutex/lock_event])
[0x00007f2638004dd0] Threads_lock - owner thread: 0x00007f2638070000

Heap
 PSYoungGen      total 34880K, used 19916K [0x00000000d9200000, 0x00000000db8e0000, 0x0000000100000000)
  eden space 29952K, 66% used [0x00000000d9200000,0x00000000da573238,0x00000000daf40000)
  from space 4928K, 0% used [0x00000000db410000,0x00000000db410000,0x00000000db8e0000)
  to   space 4928K, 0% used [0x00000000daf40000,0x00000000daf40000,0x00000000db410000)
 PSOldGen        total 79616K, used 0K [0x000000008b600000, 0x00000000903c0000, 0x00000000d9200000)
  object space 79616K, 0% used [0x000000008b600000,0x000000008b600000,0x00000000903c0000)
 PSPermGen       total 21248K, used 11418K [0x0000000081000000, 0x00000000824c0000, 0x000000008b600000)
  object space 21248K, 53% used [0x0000000081000000,0x0000000081b268b0,0x00000000824c0000)

Code Cache  [0x00007f2635000000, 0x00007f2635270000, 0x00007f2638000000)
 total_blobs=656 nmethods=171 adapters=439 free_code_cache=49487232 largest_free_block=6400

Dynamic libraries:
00400000-00409000 r-xp 00000000 08:03 18618890                           /usr/lib/jvm/java-6-openjdk-amd64/jre/bin/java
00608000-00609000 r--p 00008000 08:03 18618890                           /usr/lib/jvm/java-6-openjdk-amd64/jre/bin/java
00609000-0060a000 rw-p 00009000 08:03 18618890                           /usr/lib/jvm/java-6-openjdk-amd64/jre/bin/java
0130b000-0132c000 rw-p 00000000 00:00 0                                  [heap]
81000000-824c0000 rw-p 00000000 00:00 0 
824c0000-8b600000 rw-p 00000000 00:00 0 
8b600000-903c0000 rw-p 00000000 00:00 0 
903c0000-d9200000 rw-p 00000000 00:00 0 
d9200000-db8e0000 rw-p 00000000 00:00 0 
db8e0000-100000000 rw-p 00000000 00:00 0 
7f25e8000000-7f25e8021000 rw-p 00000000 00:00 0 
7f25e8021000-7f25ec000000 ---p 00000000 00:00 0 
7f25f0000000-7f25f0021000 rw-p 00000000 00:00 0 
7f25f0021000-7f25f4000000 ---p 00000000 00:00 0 
7f25f4000000-7f25f4021000 rw-p 00000000 00:00 0 
7f25f4021000-7f25f8000000 ---p 00000000 00:00 0 
7f25f8000000-7f25f8021000 rw-p 00000000 00:00 0 
7f25f8021000-7f25fc000000 ---p 00000000 00:00 0 
7f25fc000000-7f25fc021000 rw-p 00000000 00:00 0 
7f25fc021000-7f2600000000 ---p 00000000 00:00 0 
7f2600000000-7f2600c86000 rw-p 00000000 00:00 0 
7f2600c86000-7f2604000000 ---p 00000000 00:00 0 
7f2604000000-7f2604021000 rw-p 00000000 00:00 0 
7f2604021000-7f2608000000 ---p 00000000 00:00 0 
7f2608000000-7f2608021000 rw-p 00000000 00:00 0 
7f2608021000-7f260c000000 ---p 00000000 00:00 0 
7f260c000000-7f260c60c000 rw-p 00000000 00:00 0 
7f260c60c000-7f2610000000 ---p 00000000 00:00 0 
7f2610000000-7f2610021000 rw-p 00000000 00:00 0 
7f2610021000-7f2614000000 ---p 00000000 00:00 0 
7f2614000000-7f2614021000 rw-p 00000000 00:00 0 
7f2614021000-7f2618000000 ---p 00000000 00:00 0 
7f2618000000-7f2618021000 rw-p 00000000 00:00 0 
7f2618021000-7f261c000000 ---p 00000000 00:00 0 
7f261c000000-7f261c021000 rw-p 00000000 00:00 0 
7f261c021000-7f2620000000 ---p 00000000 00:00 0 
7f2620000000-7f2620021000 rw-p 00000000 00:00 0 
7f2620021000-7f2624000000 ---p 00000000 00:00 0 
7f262592e000-7f2625931000 ---p 00000000 00:00 0 
7f2625931000-7f2625a2f000 rw-p 00000000 00:00 0 
7f2625a2f000-7f2625a32000 ---p 00000000 00:00 0 
7f2625a32000-7f2625d32000 rw-p 00000000 00:00 0 
7f2625d32000-7f2627c8c000 r-xp 00000000 08:03 19009510                   /usr/lib/fglrx/dri/fglrx_dri.so
7f2627c8c000-7f2627d8c000 ---p 01f5a000 08:03 19009510                   /usr/lib/fglrx/dri/fglrx_dri.so
7f2627d8c000-7f2627eda000 rwxp 01f5a000 08:03 19009510                   /usr/lib/fglrx/dri/fglrx_dri.so
7f2627eda000-7f2628000000 rwxp 00000000 00:00 0 
7f2628000000-7f2628021000 rw-p 00000000 00:00 0 
7f2628021000-7f262c000000 ---p 00000000 00:00 0 
7f262c058000-7f262c05b000 r-xp 00000000 08:03 15602613                   /home/arwilczek90/workspace/Elements/lib/slick/libjinput-linux64.so
7f262c05b000-7f262c15a000 ---p 00003000 08:03 15602613                   /home/arwilczek90/workspace/Elements/lib/slick/libjinput-linux64.so
7f262c15a000-7f262c15b000 rw-p 00002000 08:03 15602613                   /home/arwilczek90/workspace/Elements/lib/slick/libjinput-linux64.so
7f262c15b000-7f262c15e000 ---p 00000000 00:00 0 
7f262c15e000-7f262c25c000 rw-p 00000000 00:00 0 
7f262c25c000-7f262c261000 r--s 0002f000 08:03 15598498                   /home/arwilczek90/workspace/Elements/lib/slick/lib/jinput.jar
7f262c261000-7f262c263000 r--s 00008000 08:03 15598497                   /home/arwilczek90/workspace/Elements/lib/slick/lib/ibxm.jar
7f262c263000-7f262c266000 r--s 0005b000 08:03 15598496                   /home/arwilczek90/workspace/Elements/lib/slick/lib/hiero.jar
7f262c266000-7f262c267000 r--s 00007000 08:03 15597697                   /home/arwilczek90/workspace/Elements/lib/slick/applet/lwjgl_util_applet.jar
7f262c2a7000-7f262c9a7000 rw-s 00006000 00:05 10225                      /dev/ati/card0
7f262c9a7000-7f262c9a9000 r-xp 00000000 08:03 18488267                   /usr/lib/x86_64-linux-gnu/libXinerama.so.1.0.0
7f262c9a9000-7f262cba8000 ---p 00002000 08:03 18488267                   /usr/lib/x86_64-linux-gnu/libXinerama.so.1.0.0
7f262cba8000-7f262cba9000 r--p 00001000 08:03 18488267                   /usr/lib/x86_64-linux-gnu/libXinerama.so.1.0.0
7f262cba9000-7f262cbaa000 rw-p 00002000 08:03 18488267                   /usr/lib/x86_64-linux-gnu/libXinerama.so.1.0.0
7f262cbaa000-7f262cbe5000 r-xp 00000000 08:03 19009508                   /usr/lib/fglrx/libatiadlxx.so
7f262cbe5000-7f262cce5000 ---p 0003b000 08:03 19009508                   /usr/lib/fglrx/libatiadlxx.so
7f262cce5000-7f262ccee000 rw-p 0003b000 08:03 19009508                   /usr/lib/fglrx/libatiadlxx.so
7f262ccee000-7f262ccff000 rw-p 00000000 00:00 0 
7f262cd19000-7f262cd59000 rw-s f0300000 00:05 10225                      /dev/ati/card0
7f262cd59000-7f262cd60000 r-xp 00000000 08:03 19009532                   /usr/lib/fglrx/libatiuki.so.1.0
7f262cd60000-7f262ce60000 ---p 00007000 08:03 19009532                   /usr/lib/fglrx/libatiuki.so.1.0
7f262ce60000-7f262ce61000 rw-p 00007000 08:03 19009532                   /usr/lib/fglrx/libatiuki.so.1.0
7f262ce61000-7f262ce62000 rw-p 00000000 00:00 0 
7f262ce62000-7f262cf25000 r-xp 00000000 08:03 19009512                   /usr/lib/fglrx/libGL.so.1.2
7f262cf25000-7f262d024000 ---p 000c3000 08:03 19009512                   /usr/lib/fglrx/libGL.so.1.2
7f262d024000-7f262d04b000 rwxp 000c2000 08:03 19009512                   /usr/lib/fglrx/libGL.so.1.2
7f262d04b000-7f262d06b000 rwxp 00000000 00:00 0 
7f262d06b000-7f262d06c000 r-xp 00000000 08:03 18618886                   /usr/lib/jvm/java-6-openjdk-amd64/jre/lib/amd64/libjawt.so
7f262d06c000-7f262d26b000 ---p 00001000 08:03 18618886                   /usr/lib/jvm/java-6-openjdk-amd64/jre/lib/amd64/libjawt.so
7f262d26b000-7f262d26c000 r--p 00000000 08:03 18618886                   /usr/lib/jvm/java-6-openjdk-amd64/jre/lib/amd64/libjawt.so
7f262d26c000-7f262d26d000 rw-p 00001000 08:03 18618886                   /usr/lib/jvm/java-6-openjdk-amd64/jre/lib/amd64/libjawt.so
7f262d26d000-7f262d271000 r-xp 00000000 08:03 18488287                   /usr/lib/x86_64-linux-gnu/libXxf86vm.so.1.0.0
7f262d271000-7f262d470000 ---p 00004000 08:03 18488287                   /usr/lib/x86_64-linux-gnu/libXxf86vm.so.1.0.0
7f262d470000-7f262d471000 r--p 00003000 08:03 18488287                   /usr/lib/x86_64-linux-gnu/libXxf86vm.so.1.0.0
7f262d471000-7f262d472000 rw-p 00004000 08:03 18488287                   /usr/lib/x86_64-linux-gnu/libXxf86vm.so.1.0.0
7f262d472000-7f262d47a000 r-xp 00000000 08:03 18488277                   /usr/lib/x86_64-linux-gnu/libXrandr.so.2.2.0
7f262d47a000-7f262d679000 ---p 00008000 08:03 18488277                   /usr/lib/x86_64-linux-gnu/libXrandr.so.2.2.0
7f262d679000-7f262d67a000 r--p 00007000 08:03 18488277                   /usr/lib/x86_64-linux-gnu/libXrandr.so.2.2.0
7f262d67a000-7f262d67b000 rw-p 00008000 08:03 18488277                   /usr/lib/x86_64-linux-gnu/libXrandr.so.2.2.0
7f262d67b000-7f262d6bb000 r-xp 00000000 08:03 15602617                   /home/arwilczek90/workspace/Elements/lib/slick/liblwjgl64.so
7f262d6bb000-7f262d7bb000 ---p 00040000 08:03 15602617                   /home/arwilczek90/workspace/Elements/lib/slick/liblwjgl64.so
7f262d7bb000-7f262d7bd000 rw-p 00040000 08:03 15602617                   /home/arwilczek90/workspace/Elements/lib/slick/liblwjgl64.so
7f262d7bd000-7f262d7c0000 ---p 00000000 00:00 0 
7f262d7c0000-7f262d8be000 rw-p 00000000 00:00 0 
7f262d8be000-7f262d8bf000 r--s 00000000 08:03 19927127                   /var/cache/fontconfig/c05880de57d1f5e948fdfacc138775d9-le64.cache-3
7f262d8bf000-7f262d8c8000 r--s 00000000 08:03 19927122                   /var/cache/fontconfig/945677eb7aeaf62f1d50efc3fb3ec7d8-le64.cache-3
7f262d8c8000-7f262d8ca000 r--s 00000000 08:03 19927123                   /var/cache/fontconfig/99e8ed0e538f840c565b6ed5dad60d56-le64.cache-3
7f262d8ca000-7f262d8ce000 r--s 00000000 08:03 19927109                   /var/cache/fontconfig/2cd17615ca594fa2959ae173292e504c-le64.cache-3
7f262d8ce000-7f262d8cf000 r--s 00000000 08:03 19927134                   /var/cache/fontconfig/e7071f4a29fa870f4323321c154eba04-le64.cache-3
7f262d8cf000-7f262d8d0000 r--s 00000000 08:03 19927107                   /var/cache/fontconfig/0d8c3b2ac0904cb8a57a757ad11a4a08-le64.cache-3
7f262d8d0000-7f262d8d6000 r--s 00000000 08:03 19927124                   /var/cache/fontconfig/a755afe4a08bf5b97852ceb7400b47bc-le64.cache-3
7f262d8d6000-7f262d8df000 r--s 00000000 08:03 19927460                   /var/cache/fontconfig/6d41288fd70b0be22e8c3a91e032eec0-le64.cache-3
7f262d8df000-7f262d8ef000 r--s 00000000 08:03 19927106                   /var/cache/fontconfig/04aabc0a78ac019cf9454389977116d2-le64.cache-3
7f262d8ef000-7f262d8f2000 r--s 00000000 08:03 19927112                   /var/cache/fontconfig/385c0604a188198f04d133e54aba7fe7-le64.cache-3
7f262d8f2000-7f262d8f3000 r--s 00000000 08:03 19927113                   /var/cache/fontconfig/4794a0821666d79190d59a36cb4f44b5-le64.cache-3
7f262d8f3000-7f262d8f6000 r--s 00000000 08:03 19927121                   /var/cache/fontconfig/8801497958630a81b71ace7c5f9b32a8-le64.cache-3
7f262d8f6000-7f262d924000 r--s 00000000 08:03 19927454                   /var/cache/fontconfig/365b55f210c0a22e9a19e35191240f32-le64.cache-3
7f262d924000-7f262d929000 r--s 00000000 08:03 19927110                   /var/cache/fontconfig/3047814df9a2f067bd2d96a2b9c36e5a-le64.cache-3
7f262d929000-7f262d92e000 r--s 00000000 08:03 19927125                   /var/cache/fontconfig/b47c4e1ecd0709278f4910c18777a504-le64.cache-3
7f262d93e000-7f262d940000 r--s 00015000 08:03 15598514                   /home/arwilczek90/workspace/Elements/lib/slick/lib/tinylinepp.jar
7f262d940000-7f262d943000 r--s 00015000 08:03 15598512                   /home/arwilczek90/workspace/Elements/lib/slick/lib/slick-util.jar
7f262d943000-7f262d94b000 r--s 00067000 08:03 15598510                   /home/arwilczek90/workspace/Elements/lib/slick/lib/slick-sources.jar
7f262d94b000-7f262d94c000 r--s 00000000 08:03 15598509                   /home/arwilczek90/workspace/Elements/lib/slick/lib/slick-examples.jar
7f262d94c000-7f262d94d000 r--s 00003000 08:03 15598508                   /home/arwilczek90/workspace/Elements/lib/slick/lib/scalar.jar
7f262d94d000-7f262d950000 r--s 00017000 08:03 15598507                   /home/arwilczek90/workspace/Elements/lib/slick/lib/pedigree.jar
7f262d950000-7f262d95b000 r--s 00093000 08:03 15598513                   /home/arwilczek90/workspace/Elements/lib/slick/lib/slick.jar
7f262d95b000-7f262d95d000 r--s 00004000 08:03 15598506                   /home/arwilczek90/workspace/Elements/lib/slick/lib/packulike.jar
7f262d95d000-7f262d962000 r-xp 00000000 08:03 18488261                   /usr/lib/x86_64-linux-gnu/libXfixes.so.3.1.0
7f262d962000-7f262db61000 ---p 00005000 08:03 18488261                   /usr/lib/x86_64-linux-gnu/libXfixes.so.3.1.0
7f262db61000-7f262db62000 r--p 00004000 08:03 18488261                   /usr/lib/x86_64-linux-gnu/libXfixes.so.3.1.0
7f262db62000-7f262db63000 rw-p 00005000 08:03 18488261                   /usr/lib/x86_64-linux-gnu/libXfixes.so.3.1.0
7f262db63000-7f262db6c000 r-xp 00000000 08:03 18488253                   /usr/lib/x86_64-linux-gnu/libXcursor.so.1.0.2
7f262db6c000-7f262dd6b000 ---p 00009000 08:03 18488253                   /usr/lib/x86_64-linux-gnu/libXcursor.so.1.0.2
7f262dd6b000-7f262dd6c000 r--p 00008000 08:03 18488253                   /usr/lib/x86_64-linux-gnu/libXcursor.so.1.0.2
7f262dd6c000-7f262dd6d000 rw-p 00009000 08:03 18488253                   /usr/lib/x86_64-linux-gnu/libXcursor.so.1.0.2
7f262dd6d000-7f262dd6e000 r--s 00043000 08:03 15598505                   /home/arwilczek90/workspace/Elements/lib/slick/lib/natives-win32.jar
7f262dd6e000-7f262dd70000 r--s 00033000 08:03 15598504                   /home/arwilczek90/workspace/Elements/lib/slick/lib/natives-mac.jar
7f262dd70000-7f262dd71000 r--s 0003d000 08:03 15598503                   /home/arwilczek90/workspace/Elements/lib/slick/lib/natives-linux.jar
7f262dd71000-7f262dd78000 r--s 00073000 08:03 15598502                   /home/arwilczek90/workspace/Elements/lib/slick/lib/lwjgl.jar
7f262dd78000-7f262dd7a000 r--s 0000d000 08:03 15598501                   /home/arwilczek90/workspace/Elements/lib/slick/lib/jorbis-0.0.15.jar
7f262dd7a000-7f262dd7c000 rw-s 00002000 00:05 10225                      /dev/ati/card0
7f262dd7c000-7f262dd87000 r--s 00093000 08:03 15597692                   /home/arwilczek90/workspace/Elements/lib/slick.jar
7f262dd87000-7f262dd8e000 r--s 000fb000 08:03 18618812                   /usr/lib/jvm/java-6-openjdk-common/jre/lib/resources.jar
7f262dd8e000-7f262de24000 r-xp 00000000 08:03 18488439                   /usr/lib/x86_64-linux-gnu/libfreetype.so.6.8.0
7f262de24000-7f262e023000 ---p 00096000 08:03 18488439                   /usr/lib/x86_64-linux-gnu/libfreetype.so.6.8.0
7f262e023000-7f262e029000 r--p 00095000 08:03 18488439                   /usr/lib/x86_64-linux-gnu/libfreetype.so.6.8.0
7f262e029000-7f262e02a000 rw-p 0009b000 08:03 18488439                   /usr/lib/x86_64-linux-gnu/libfreetype.so.6.8.0
7f262e02a000-7f262e064000 r-xp 00000000 08:03 18618871                   /usr/lib/jvm/java-6-openjdk-amd64/jre/lib/amd64/libfontmanager.so
7f262e064000-7f262e263000 ---p 0003a000 08:03 18618871                   /usr/lib/jvm/java-6-openjdk-amd64/jre/lib/amd64/libfontmanager.so
7f262e263000-7f262e265000 r--p 00039000 08:03 18618871                   /usr/lib/jvm/java-6-openjdk-amd64/jre/lib/amd64/libfontmanager.so
7f262e265000-7f262e266000 rw-p 0003b000 08:03 18618871                   /usr/lib/jvm/java-6-openjdk-amd64/jre/lib/amd64/libfontmanager.so
7f262e266000-7f262e26b000 r-xp 00000000 08:03 18488257                   /usr/lib/x86_64-linux-gnu/libXdmcp.so.6.0.0
7f262e26b000-7f262e46a000 ---p 00005000 08:03 18488257                   /usr/lib/x86_64-linux-gnu/libXdmcp.so.6.0.0
7f262e46a000-7f262e46b000 r--p 00004000 08:03 18488257                   /usr/lib/x86_64-linux-gnu/libXdmcp.so.6.0.0
7f262e46b000-7f262e46c000 rw-p 00005000 08:03 18488257                   /usr/lib/x86_64-linux-gnu/libXdmcp.so.6.0.0
7f262e46c000-7f262e46e000 r-xp 00000000 08:03 18488246                   /usr/lib/x86_64-linux-gnu/libXau.so.6.0.0
7f262e46e000-7f262e66d000 ---p 00002000 08:03 18488246                   /usr/lib/x86_64-linux-gnu/libXau.so.6.0.0
7f262e66d000-7f262e66e000 r--p 00001000 08:03 18488246                   /usr/lib/x86_64-linux-gnu/libXau.so.6.0.0
7f262e66e000-7f262e66f000 rw-p 00002000 08:03 18488246                   /usr/lib/x86_64-linux-gnu/libXau.so.6.0.0
7f262e66f000-7f262e68c000 r-xp 00000000 08:03 18488845                   /usr/lib/x86_64-linux-gnu/libxcb.so.1.1.0
7f262e68c000-7f262e88b000 ---p 0001d000 08:03 18488845                   /usr/lib/x86_64-linux-gnu/libxcb.so.1.1.0
7f262e88b000-7f262e88c000 r--p 0001c000 08:03 18488845                   /usr/lib/x86_64-linux-gnu/libxcb.so.1.1.0
7f262e88c000-7f262e88d000 rw-p 0001d000 08:03 18488845                   /usr/lib/x86_64-linux-gnu/libxcb.so.1.1.0
7f262e88d000-7f262e89b000 r-xp 00000000 08:03 18488265                   /usr/lib/x86_64-linux-gnu/libXi.so.6.1.0
7f262e89b000-7f262ea9a000 ---p 0000e000 08:03 18488265                   /usr/lib/x86_64-linux-gnu/libXi.so.6.1.0
7f262ea9a000-7f262ea9b000 r--p 0000d000 08:03 18488265                   /usr/lib/x86_64-linux-gnu/libXi.so.6.1.0
7f262ea9b000-7f262ea9c000 rw-p 0000e000 08:03 18488265                   /usr/lib/x86_64-linux-gnu/libXi.so.6.1.0
7f262ea9c000-7f262eaa1000 r-xp 00000000 08:03 18488283                   /usr/lib/x86_64-linux-gnu/libXtst.so.6.1.0
7f262eaa1000-7f262eca0000 ---p 00005000 08:03 18488283                   /usr/lib/x86_64-linux-gnu/libXtst.so.6.1.0
7f262eca0000-7f262eca1000 r--p 00004000 08:03 18488283                   /usr/lib/x86_64-linux-gnu/libXtst.so.6.1.0
7f262eca1000-7f262eca2000 rw-p 00005000 08:03 18488283                   /usr/lib/x86_64-linux-gnu/libXtst.so.6.1.0
7f262eca2000-7f262ecab000 r-xp 00000000 08:03 18488279                   /usr/lib/x86_64-linux-gnu/libXrender.so.1.3.0
7f262ecab000-7f262eeaa000 ---p 00009000 08:03 18488279                   /usr/lib/x86_64-linux-gnu/libXrender.so.1.3.0
7f262eeaa000-7f262eeab000 r--p 00008000 08:03 18488279                   /usr/lib/x86_64-linux-gnu/libXrender.so.1.3.0
7f262eeab000-7f262eeac000 rw-p 00009000 08:03 18488279                   /usr/lib/x86_64-linux-gnu/libXrender.so.1.3.0
7f262eeac000-7f262efdb000 r-xp 00000000 08:03 18488244                   /usr/lib/x86_64-linux-gnu/libX11.so.6.3.0
7f262efdb000-7f262f1db000 ---p 0012f000 08:03 18488244                   /usr/lib/x86_64-linux-gnu/libX11.so.6.3.0
7f262f1db000-7f262f1dc000 r--p 0012f000 08:03 18488244                   /usr/lib/x86_64-linux-gnu/libX11.so.6.3.0
7f262f1dc000-7f262f1e0000 rw-p 00130000 08:03 18488244                   /usr/lib/x86_64-linux-gnu/libX11.so.6.3.0
7f262f1e0000-7f262f1f0000 r-xp 00000000 08:03 18488259                   /usr/lib/x86_64-linux-gnu/libXext.so.6.4.0
7f262f1f0000-7f262f3ef000 ---p 00010000 08:03 18488259                   /usr/lib/x86_64-linux-gnu/libXext.so.6.4.0
7f262f3ef000-7f262f3f0000 r--p 0000f000 08:03 18488259                   /usr/lib/x86_64-linux-gnu/libXext.so.6.4.0
7f262f3f0000-7f262f3f1000 rw-p 00010000 08:03 18488259                   /usr/lib/x86_64-linux-gnu/libXext.so.6.4.0
7f262f3f1000-7f262f43c000 r-xp 00000000 08:03 18618972                   /usr/lib/jvm/java-6-openjdk-amd64/jre/lib/amd64/xawt/libmawt.so
7f262f43c000-7f262f63c000 ---p 0004b000 08:03 18618972                   /usr/lib/jvm/java-6-openjdk-amd64/jre/lib/amd64/xawt/libmawt.so
7f262f63c000-7f262f63d000 r--p 0004b000 08:03 18618972                   /usr/lib/jvm/java-6-openjdk-amd64/jre/lib/amd64/xawt/libmawt.so
7f262f63d000-7f262f640000 rw-p 0004c000 08:03 18618972                   /usr/lib/jvm/java-6-openjdk-amd64/jre/lib/amd64/xawt/libmawt.so
7f262f640000-7f262f641000 rw-p 00000000 00:00 0 
7f262f641000-7f262f6ed000 r-xp 00000000 08:03 18618874                   /usr/lib/jvm/java-6-openjdk-amd64/jre/lib/amd64/libawt.so
7f262f6ed000-7f262f8ec000 ---p 000ac000 08:03 18618874                   /usr/lib/jvm/java-6-openjdk-amd64/jre/lib/amd64/libawt.so
7f262f8ec000-7f262f8ed000 r--p 000ab000 08:03 18618874                   /usr/lib/jvm/java-6-openjdk-amd64/jre/lib/amd64/libawt.so
7f262f8ed000-7f262f8f8000 rw-p 000ac000 08:03 18618874                   /usr/lib/jvm/java-6-openjdk-amd64/jre/lib/amd64/libawt.so
7f262f8f8000-7f262f91d000 rw-p 00000000 00:00 0 
7f262f91d000-7f2630000000 r--p 00000000 08:03 18487587                   /usr/lib/locale/locale-archive
7f2630000000-7f2630021000 rw-p 00000000 00:00 0 
7f2630021000-7f2634000000 ---p 00000000 00:00 0 
7f2634000000-7f2634001000 r--s 00001000 08:03 15598500                   /home/arwilczek90/workspace/Elements/lib/slick/lib/jogg-0.0.7.jar
7f2634001000-7f2634002000 r--s 00001000 08:03 15598499                   /home/arwilczek90/workspace/Elements/lib/slick/lib/jnlp.jar
7f2634002000-7f2634003000 rw-s 00005000 00:05 10225                      /dev/ati/card0
7f2634003000-7f2634004000 r--s 00000000 08:03 19927115                   /var/cache/fontconfig/56cf4f4769d0f4abc89a4895d7bd3ae1-le64.cache-3
7f2634004000-7f2634014000 r--s 00000000 08:03 19927130                   /var/cache/fontconfig/d52a8644073d54c13679302ca1180695-le64.cache-3
7f2634014000-7f2634017000 r--s 00000000 08:03 19927196                   /var/cache/fontconfig/e13b20fdb08344e0e664864cc2ede53d-le64.cache-3
7f2634017000-7f263401b000 r--s 00000000 08:03 19927452                   /var/cache/fontconfig/7ef2298fde41cc6eeb7af42e48b7d293-le64.cache-3
7f263401b000-7f263401c000 r--s 00000000 08:03 19927127                   /var/cache/fontconfig/c05880de57d1f5e948fdfacc138775d9-le64.cache-3
7f263401c000-7f2634025000 r--s 00000000 08:03 19927122                   /var/cache/fontconfig/945677eb7aeaf62f1d50efc3fb3ec7d8-le64.cache-3
7f2634025000-7f2634027000 r--s 00000000 08:03 19927123                   /var/cache/fontconfig/99e8ed0e538f840c565b6ed5dad60d56-le64.cache-3
7f2634027000-7f263402d000 r--s 00000000 08:03 19927124                   /var/cache/fontconfig/a755afe4a08bf5b97852ceb7400b47bc-le64.cache-3
7f263402d000-7f2634030000 ---p 00000000 00:00 0 
7f2634030000-7f263412e000 rw-p 00000000 00:00 0 
7f263412e000-7f263412f000 ---p 00000000 00:00 0 
7f263412f000-7f263422f000 rw-p 00000000 00:00 0 
7f263422f000-7f2634232000 ---p 00000000 00:00 0 
7f2634232000-7f2634330000 rw-p 00000000 00:00 0 
7f2634330000-7f2634333000 ---p 00000000 00:00 0 
7f2634333000-7f2634431000 rw-p 00000000 00:00 0 
7f2634431000-7f2634434000 ---p 00000000 00:00 0 
7f2634434000-7f2634532000 rw-p 00000000 00:00 0 
7f2634532000-7f2634535000 ---p 00000000 00:00 0 
7f2634535000-7f2634633000 rw-p 00000000 00:00 0 
7f2634633000-7f2634636000 ---p 00000000 00:00 0 
7f2634636000-7f2634734000 rw-p 00000000 00:00 0 
7f2634734000-7f2634737000 ---p 00000000 00:00 0 
7f2634737000-7f2634835000 rw-p 00000000 00:00 0 
7f2634835000-7f2634836000 ---p 00000000 00:00 0 
7f2634836000-7f2634e6e000 rw-p 00000000 00:00 0 
7f2634e6e000-7f2635000000 r--s 037bf000 08:03 18618843                   /usr/lib/jvm/java-6-openjdk-amd64/jre/lib/rt.jar
7f2635000000-7f2635270000 rwxp 00000000 00:00 0 
7f2635270000-7f2638d88000 rw-p 00000000 00:00 0 
7f2638d88000-7f263c000000 ---p 00000000 00:00 0 
7f263c000000-7f263c001000 r--s 00000000 08:03 19927126                   /var/cache/fontconfig/b9d506c9ac06c20b433354fa67a72993-le64.cache-3
7f263c001000-7f263c005000 r--s 00000000 08:03 19927109                   /var/cache/fontconfig/2cd17615ca594fa2959ae173292e504c-le64.cache-3
7f263c005000-7f263c00e000 r--s 00000000 08:03 19927460                   /var/cache/fontconfig/6d41288fd70b0be22e8c3a91e032eec0-le64.cache-3
7f263c00e000-7f263c01e000 r--s 00000000 08:03 19927106                   /var/cache/fontconfig/04aabc0a78ac019cf9454389977116d2-le64.cache-3
7f263c01e000-7f263c021000 r--s 00000000 08:03 19927112                   /var/cache/fontconfig/385c0604a188198f04d133e54aba7fe7-le64.cache-3
7f263c021000-7f263c022000 r--s 00000000 08:03 19927113                   /var/cache/fontconfig/4794a0821666d79190d59a36cb4f44b5-le64.cache-3
7f263c022000-7f263c025000 r--s 00000000 08:03 19927121                   /var/cache/fontconfig/8801497958630a81b71ace7c5f9b32a8-le64.cache-3
7f263c025000-7f263c053000 r--s 00000000 08:03 19927454                   /var/cache/fontconfig/365b55f210c0a22e9a19e35191240f32-le64.cache-3
7f263c053000-7f263c063000 r--s 00000000 08:03 19927130                   /var/cache/fontconfig/d52a8644073d54c13679302ca1180695-le64.cache-3
7f263c063000-7f263c08b000 rw-p 00000000 00:00 0 
7f263c08b000-7f263c08c000 ---p 00000000 00:00 0 
7f263c08c000-7f263c18c000 rw-p 00000000 00:00 0 
7f263c18c000-7f263c18d000 ---p 00000000 00:00 0 
7f263c18d000-7f263c28d000 rw-p 00000000 00:00 0 
7f263c28d000-7f263c28e000 ---p 00000000 00:00 0 
7f263c28e000-7f263c38e000 rw-p 00000000 00:00 0 
7f263c38e000-7f263c38f000 ---p 00000000 00:00 0 
7f263c38f000-7f263c49a000 rw-p 00000000 00:00 0 
7f263c49a000-7f263c4e2000 rw-p 00000000 00:00 0 
7f263c4e2000-7f263c509000 rw-p 00000000 00:00 0 
7f263c509000-7f263c750000 rw-p 00000000 00:00 0 
7f263c750000-7f263c75b000 rw-p 00000000 00:00 0 
7f263c75b000-7f263c7a3000 rw-p 00000000 00:00 0 
7f263c7a3000-7f263c7ca000 rw-p 00000000 00:00 0 
7f263c7ca000-7f263ca11000 rw-p 00000000 00:00 0 
7f263ca11000-7f263ca25000 rw-p 00000000 00:00 0 
7f263ca25000-7f263cb48000 rw-p 00000000 00:00 0 
7f263cb48000-7f263cb49000 rw-p 00000000 00:00 0 
7f263cb49000-7f263cb50000 r-xp 00000000 08:03 18618888                   /usr/lib/jvm/java-6-openjdk-amd64/jre/lib/amd64/libzip.so
7f263cb50000-7f263cd4f000 ---p 00007000 08:03 18618888                   /usr/lib/jvm/java-6-openjdk-amd64/jre/lib/amd64/libzip.so
7f263cd4f000-7f263cd50000 r--p 00006000 08:03 18618888                   /usr/lib/jvm/java-6-openjdk-amd64/jre/lib/amd64/libzip.so
7f263cd50000-7f263cd51000 rw-p 00007000 08:03 18618888                   /usr/lib/jvm/java-6-openjdk-amd64/jre/lib/amd64/libzip.so
7f263cd51000-7f263cd5d000 r-xp 00000000 08:03 21758081                   /lib/x86_64-linux-gnu/libnss_files-2.15.so
7f263cd5d000-7f263cf5c000 ---p 0000c000 08:03 21758081                   /lib/x86_64-linux-gnu/libnss_files-2.15.so
7f263cf5c000-7f263cf5d000 r--p 0000b000 08:03 21758081                   /lib/x86_64-linux-gnu/libnss_files-2.15.so
7f263cf5d000-7f263cf5e000 rw-p 0000c000 08:03 21758081                   /lib/x86_64-linux-gnu/libnss_files-2.15.so
7f263cf5e000-7f263cf68000 r-xp 00000000 08:03 21758077                   /lib/x86_64-linux-gnu/libnss_nis-2.15.so
7f263cf68000-7f263d168000 ---p 0000a000 08:03 21758077                   /lib/x86_64-linux-gnu/libnss_nis-2.15.so
7f263d168000-7f263d169000 r--p 0000a000 08:03 21758077                   /lib/x86_64-linux-gnu/libnss_nis-2.15.so
7f263d169000-7f263d16a000 rw-p 0000b000 08:03 21758077                   /lib/x86_64-linux-gnu/libnss_nis-2.15.so
7f263d16a000-7f263d181000 r-xp 00000000 08:03 21761730                   /lib/x86_64-linux-gnu/libnsl-2.15.so
7f263d181000-7f263d380000 ---p 00017000 08:03 21761730                   /lib/x86_64-linux-gnu/libnsl-2.15.so
7f263d380000-7f263d381000 r--p 00016000 08:03 21761730                   /lib/x86_64-linux-gnu/libnsl-2.15.so
7f263d381000-7f263d382000 rw-p 00017000 08:03 21761730                   /lib/x86_64-linux-gnu/libnsl-2.15.so
7f263d382000-7f263d384000 rw-p 00000000 00:00 0 
7f263d384000-7f263d38c000 r-xp 00000000 08:03 21758082                   /lib/x86_64-linux-gnu/libnss_compat-2.15.so
7f263d38c000-7f263d58b000 ---p 00008000 08:03 21758082                   /lib/x86_64-linux-gnu/libnss_compat-2.15.so
7f263d58b000-7f263d58c000 r--p 00007000 08:03 21758082                   /lib/x86_64-linux-gnu/libnss_compat-2.15.so
7f263d58c000-7f263d58d000 rw-p 00008000 08:03 21758082                   /lib/x86_64-linux-gnu/libnss_compat-2.15.so
7f263d58d000-7f263d5b9000 r-xp 00000000 08:03 18618873                   /usr/lib/jvm/java-6-openjdk-amd64/jre/lib/amd64/libjava.so
7f263d5b9000-7f263d7b8000 ---p 0002c000 08:03 18618873                   /usr/lib/jvm/java-6-openjdk-amd64/jre/lib/amd64/libjava.so
7f263d7b8000-7f263d7b9000 r--p 0002b000 08:03 18618873                   /usr/lib/jvm/java-6-openjdk-amd64/jre/lib/amd64/libjava.so
7f263d7b9000-7f263d7bc000 rw-p 0002c000 08:03 18618873                   /usr/lib/jvm/java-6-openjdk-amd64/jre/lib/amd64/libjava.so
7f263d7bc000-7f263d7ca000 r-xp 00000000 08:03 18618872                   /usr/lib/jvm/java-6-openjdk-amd64/jre/lib/amd64/libverify.so
7f263d7ca000-7f263d9c9000 ---p 0000e000 08:03 18618872                   /usr/lib/jvm/java-6-openjdk-amd64/jre/lib/amd64/libverify.so
7f263d9c9000-7f263d9cb000 r--p 0000d000 08:03 18618872                   /usr/lib/jvm/java-6-openjdk-amd64/jre/lib/amd64/libverify.so
7f263d9cb000-7f263d9cc000 rw-p 0000f000 08:03 18618872                   /usr/lib/jvm/java-6-openjdk-amd64/jre/lib/amd64/libverify.so
7f263d9cc000-7f263d9d3000 r-xp 00000000 08:03 21758075                   /lib/x86_64-linux-gnu/librt-2.15.so
7f263d9d3000-7f263dbd2000 ---p 00007000 08:03 21758075                   /lib/x86_64-linux-gnu/librt-2.15.so
7f263dbd2000-7f263dbd3000 r--p 00006000 08:03 21758075                   /lib/x86_64-linux-gnu/librt-2.15.so
7f263dbd3000-7f263dbd4000 rw-p 00007000 08:03 21758075                   /lib/x86_64-linux-gnu/librt-2.15.so
7f263dbd4000-7f263dbe9000 r-xp 00000000 08:03 21761542                   /lib/x86_64-linux-gnu/libgcc_s.so.1
7f263dbe9000-7f263dde8000 ---p 00015000 08:03 21761542                   /lib/x86_64-linux-gnu/libgcc_s.so.1
7f263dde8000-7f263dde9000 r--p 00014000 08:03 21761542                   /lib/x86_64-linux-gnu/libgcc_s.so.1
7f263dde9000-7f263ddea000 rw-p 00015000 08:03 21761542                   /lib/x86_64-linux-gnu/libgcc_s.so.1
7f263ddea000-7f263dee3000 r-xp 00000000 08:03 21758079                   /lib/x86_64-linux-gnu/libm-2.15.so
7f263dee3000-7f263e0e2000 ---p 000f9000 08:03 21758079                   /lib/x86_64-linux-gnu/libm-2.15.so
7f263e0e2000-7f263e0e3000 r--p 000f8000 08:03 21758079                   /lib/x86_64-linux-gnu/libm-2.15.so
7f263e0e3000-7f263e0e4000 rw-p 000f9000 08:03 21758079                   /lib/x86_64-linux-gnu/libm-2.15.so
7f263e0e4000-7f263e1c6000 r-xp 00000000 08:03 18488773                   /usr/lib/x86_64-linux-gnu/libstdc++.so.6.0.16
7f263e1c6000-7f263e3c5000 ---p 000e2000 08:03 18488773                   /usr/lib/x86_64-linux-gnu/libstdc++.so.6.0.16
7f263e3c5000-7f263e3cd000 r--p 000e1000 08:03 18488773                   /usr/lib/x86_64-linux-gnu/libstdc++.so.6.0.16
7f263e3cd000-7f263e3cf000 rw-p 000e9000 08:03 18488773                   /usr/lib/x86_64-linux-gnu/libstdc++.so.6.0.16
7f263e3cf000-7f263e3e4000 rw-p 00000000 00:00 0 
7f263e3e4000-7f263ece8000 r-xp 00000000 08:03 18618878                   /usr/lib/jvm/java-6-openjdk-amd64/jre/lib/amd64/server/libjvm.so
7f263ece8000-7f263eee8000 ---p 00904000 08:03 18618878                   /usr/lib/jvm/java-6-openjdk-amd64/jre/lib/amd64/server/libjvm.so
7f263eee8000-7f263ef68000 r--p 00904000 08:03 18618878                   /usr/lib/jvm/java-6-openjdk-amd64/jre/lib/amd64/server/libjvm.so
7f263ef68000-7f263ef83000 rw-p 00984000 08:03 18618878                   /usr/lib/jvm/java-6-openjdk-amd64/jre/lib/amd64/server/libjvm.so
7f263ef83000-7f263efac000 rw-p 00000000 00:00 0 
7f263efac000-7f263efc2000 r-xp 00000000 08:03 21761632                   /lib/x86_64-linux-gnu/libz.so.1.2.3.4
7f263efc2000-7f263f1c1000 ---p 00016000 08:03 21761632                   /lib/x86_64-linux-gnu/libz.so.1.2.3.4
7f263f1c1000-7f263f1c2000 r--p 00015000 08:03 21761632                   /lib/x86_64-linux-gnu/libz.so.1.2.3.4
7f263f1c2000-7f263f1c3000 rw-p 00016000 08:03 21761632                   /lib/x86_64-linux-gnu/libz.so.1.2.3.4
7f263f1c3000-7f263f378000 r-xp 00000000 08:03 21757975                   /lib/x86_64-linux-gnu/libc-2.15.so
7f263f378000-7f263f577000 ---p 001b5000 08:03 21757975                   /lib/x86_64-linux-gnu/libc-2.15.so
7f263f577000-7f263f57b000 r--p 001b4000 08:03 21757975                   /lib/x86_64-linux-gnu/libc-2.15.so
7f263f57b000-7f263f57d000 rw-p 001b8000 08:03 21757975                   /lib/x86_64-linux-gnu/libc-2.15.so
7f263f57d000-7f263f582000 rw-p 00000000 00:00 0 
7f263f582000-7f263f584000 r-xp 00000000 08:03 21757964                   /lib/x86_64-linux-gnu/libdl-2.15.so
7f263f584000-7f263f784000 ---p 00002000 08:03 21757964                   /lib/x86_64-linux-gnu/libdl-2.15.so
7f263f784000-7f263f785000 r--p 00002000 08:03 21757964                   /lib/x86_64-linux-gnu/libdl-2.15.so
7f263f785000-7f263f786000 rw-p 00003000 08:03 21757964                   /lib/x86_64-linux-gnu/libdl-2.15.so
7f263f786000-7f263f78a000 r-xp 00000000 08:03 18618855                   /usr/lib/jvm/java-6-openjdk-amd64/jre/lib/amd64/jli/libjli.so
7f263f78a000-7f263f989000 ---p 00004000 08:03 18618855                   /usr/lib/jvm/java-6-openjdk-amd64/jre/lib/amd64/jli/libjli.so
7f263f989000-7f263f98a000 r--p 00003000 08:03 18618855                   /usr/lib/jvm/java-6-openjdk-amd64/jre/lib/amd64/jli/libjli.so
7f263f98a000-7f263f98b000 rw-p 00004000 08:03 18618855                   /usr/lib/jvm/java-6-openjdk-amd64/jre/lib/amd64/jli/libjli.so
7f263f98b000-7f263f9a3000 r-xp 00000000 08:03 21758073                   /lib/x86_64-linux-gnu/libpthread-2.15.so
7f263f9a3000-7f263fba2000 ---p 00018000 08:03 21758073                   /lib/x86_64-linux-gnu/libpthread-2.15.so
7f263fba2000-7f263fba3000 r--p 00017000 08:03 21758073                   /lib/x86_64-linux-gnu/libpthread-2.15.so
7f263fba3000-7f263fba4000 rw-p 00018000 08:03 21758073                   /lib/x86_64-linux-gnu/libpthread-2.15.so
7f263fba4000-7f263fba8000 rw-p 00000000 00:00 0 
7f263fba8000-7f263fbca000 r-xp 00000000 08:03 21758085                   /lib/x86_64-linux-gnu/ld-2.15.so
7f263fbca000-7f263fbcb000 r--s 00000000 08:03 19927134                   /var/cache/fontconfig/e7071f4a29fa870f4323321c154eba04-le64.cache-3
7f263fbcb000-7f263fbcc000 r--s 00000000 08:03 19927107                   /var/cache/fontconfig/0d8c3b2ac0904cb8a57a757ad11a4a08-le64.cache-3
7f263fbcc000-7f263fbd1000 r--s 00000000 08:03 19927110                   /var/cache/fontconfig/3047814df9a2f067bd2d96a2b9c36e5a-le64.cache-3
7f263fbd1000-7f263fbd2000 r--s 00000000 08:03 19927115                   /var/cache/fontconfig/56cf4f4769d0f4abc89a4895d7bd3ae1-le64.cache-3
7f263fbd2000-7f263fbd7000 r--s 00000000 08:03 19927125                   /var/cache/fontconfig/b47c4e1ecd0709278f4910c18777a504-le64.cache-3
7f263fbd7000-7f263fbda000 r--s 00000000 08:03 19927196                   /var/cache/fontconfig/e13b20fdb08344e0e664864cc2ede53d-le64.cache-3
7f263fbda000-7f263fbde000 r--s 00000000 08:03 19927452                   /var/cache/fontconfig/7ef2298fde41cc6eeb7af42e48b7d293-le64.cache-3
7f263fbde000-7f263fbe1000 r--s 0007d000 08:03 18618443                   /usr/lib/jvm/java-6-openjdk-common/jre/lib/jsse.jar
7f263fbe1000-7f263fbe8000 r--s 00073000 08:03 15597691                   /home/arwilczek90/workspace/Elements/lib/lwjgl.jar
7f263fbe8000-7f263fbf2000 rw-p 00000000 00:00 0 
7f263fbf2000-7f263fca8000 rw-p 00000000 00:00 0 
7f263fca8000-7f263fcab000 ---p 00000000 00:00 0 
7f263fcab000-7f263fdae000 rw-p 00000000 00:00 0 
7f263fdae000-7f263fdaf000 r--s 00000000 08:03 19927126                   /var/cache/fontconfig/b9d506c9ac06c20b433354fa67a72993-le64.cache-3
7f263fdaf000-7f263fdb1000 r--s 0000f000 08:03 18618803                   /usr/lib/jvm/java-6-openjdk-common/jre/lib/ext/pulse-java.jar
7f263fdb1000-7f263fdb4000 r--s 00077000 08:03 18618797                   /usr/lib/jvm/java-6-openjdk-common/jre/lib/ext/localedata.jar
7f263fdb4000-7f263fdb5000 r--s 00007000 08:03 18748229                   /usr/share/java/java-atk-wrapper.jar
7f263fdb5000-7f263fdb7000 r--s 00001000 08:03 18618801                   /usr/lib/jvm/java-6-openjdk-common/jre/lib/ext/dnsns.jar
7f263fdb7000-7f263fdbb000 r--s 00038000 08:03 18618795                   /usr/lib/jvm/java-6-openjdk-common/jre/lib/ext/sunpkcs11.jar
7f263fdbb000-7f263fdbe000 r--s 00031000 08:03 18618799                   /usr/lib/jvm/java-6-openjdk-common/jre/lib/ext/sunjce_provider.jar
7f263fdbe000-7f263fdc6000 rw-s 00000000 08:03 8126549                    /tmp/hsperfdata_arwilczek90/10804 (deleted)
7f263fdc6000-7f263fdc7000 rw-p 00000000 00:00 0 
7f263fdc7000-7f263fdc8000 ---p 00000000 00:00 0 
7f263fdc8000-7f263fdca000 rw-p 00000000 00:00 0 
7f263fdca000-7f263fdcb000 r--p 00022000 08:03 21758085                   /lib/x86_64-linux-gnu/ld-2.15.so
7f263fdcb000-7f263fdcd000 rw-p 00023000 08:03 21758085                   /lib/x86_64-linux-gnu/ld-2.15.so
7fffe17b0000-7fffe17d1000 rw-p 00000000 00:00 0                          [stack]
7fffe17ff000-7fffe1800000 r-xp 00000000 00:00 0                          [vdso]
ffffffffff600000-ffffffffff601000 r-xp 00000000 00:00 0                  [vsyscall]

VM Arguments:
jvm_args: -Djava.library.path=/home/arwilczek90/workspace/Elements/lib/slick:/home/arwilczek90/workspace/Elements/lib/slick -Dfile.encoding=UTF-8 
java_command: com.hack.elements.view.Main
Launcher Type: SUN_STANDARD

Environment Variables:
PATH=/usr/lib/lightdm/lightdm:/usr/local/sbin:/usr/local/bin:/usr/sbin:/usr/bin:/sbin:/bin:/usr/games
LD_LIBRARY_PATH=/usr/lib/jvm/java-6-openjdk-amd64/jre/lib/amd64/server:/usr/lib/jvm/java-6-openjdk-amd64/jre/lib/amd64:/usr/lib/jvm/java-6-openjdk-amd64/jre/../lib/amd64
SHELL=/bin/bash
DISPLAY=:0.0

Signal Handlers:
SIGSEGV: [libjvm.so+0x784310], sa_mask[0]=0x7ffbfeff, sa_flags=0x10000004
SIGBUS: [libjvm.so+0x784310], sa_mask[0]=0x7ffbfeff, sa_flags=0x10000004
SIGFPE: [libjvm.so+0x648580], sa_mask[0]=0x7ffbfeff, sa_flags=0x10000004
SIGPIPE: [libjvm.so+0x648580], sa_mask[0]=0x7ffbfeff, sa_flags=0x10000004
SIGXFSZ: [libjvm.so+0x648580], sa_mask[0]=0x7ffbfeff, sa_flags=0x10000004
SIGILL: [libjvm.so+0x648580], sa_mask[0]=0x7ffbfeff, sa_flags=0x10000004
SIGUSR1: SIG_DFL, sa_mask[0]=0x00000000, sa_flags=0x00000000
SIGUSR2: [libjvm.so+0x648730], sa_mask[0]=0x00000004, sa_flags=0x10000004
SIGHUP: [libjvm.so+0x64b250], sa_mask[0]=0x7ffbfeff, sa_flags=0x10000004
SIGINT: [libjvm.so+0x64b250], sa_mask[0]=0x7ffbfeff, sa_flags=0x10000004
SIGTERM: [libjvm.so+0x64b250], sa_mask[0]=0x7ffbfeff, sa_flags=0x10000004
SIGQUIT: [libjvm.so+0x64b250], sa_mask[0]=0x7ffbfeff, sa_flags=0x10000004


---------------  S Y S T E M  ---------------

OS:Ubuntu 12.04 (precise)
uname:Linux 3.2.0-32-generic #51-Ubuntu SMP Wed Sep 26 21:33:09 UTC 2012 x86_64
libc:glibc 2.15 NPTL 2.15 
rlimit: STACK 8192k, CORE 0k, NPROC 59545, NOFILE 4096, AS infinity
load average:1.37 1.40 1.65

/proc/meminfo:
MemTotal:        7639648 kB
MemFree:         4136548 kB
Buffers:          108996 kB
Cached:          1118956 kB
SwapCached:            0 kB
Active:          2350296 kB
Inactive:         694568 kB
Active(anon):    1817740 kB
Inactive(anon):    15000 kB
Active(file):     532556 kB
Inactive(file):   679568 kB
Unevictable:          20 kB
Mlocked:              20 kB
SwapTotal:       3818492 kB
SwapFree:        3818492 kB
Dirty:               128 kB
Writeback:             0 kB
AnonPages:       1817000 kB
Mapped:           322120 kB
Shmem:             15832 kB
Slab:              92816 kB
SReclaimable:      61556 kB
SUnreclaim:        31260 kB
KernelStack:        4640 kB
PageTables:        37376 kB
NFS_Unstable:          0 kB
Bounce:                0 kB
WritebackTmp:          0 kB
CommitLimit:     7638316 kB
Committed_AS:    4841712 kB
VmallocTotal:   34359738367 kB
VmallocUsed:      116912 kB
VmallocChunk:   34359619344 kB
HardwareCorrupted:     0 kB
AnonHugePages:         0 kB
HugePages_Total:       0
HugePages_Free:        0
HugePages_Rsvd:        0
HugePages_Surp:        0
Hugepagesize:       2048 kB
DirectMap4k:      282624 kB
DirectMap2M:     5464064 kB
DirectMap1G:     2097152 kB


CPU:total 4 (4 cores per cpu, 1 threads per core) family 18 model 1 stepping 0, cmov, cx8, fxsr, mmx, sse, sse2, sse3, popcnt, mmxext, 3dnowpref, lzcnt, sse4a

Memory: 4k page, physical 7639648k(4136548k free), swap 3818492k(3818492k free)

vm_info: OpenJDK 64-Bit Server VM (20.0-b12) for linux-amd64 JRE (1.6.0_24-b24), built on Sep  2 2012 19:50:47 by "buildd" with gcc 4.6.3

time: Sat Oct 13 17:50:14 2012
elapsed time: 333 seconds

