#
# A fatal error has been detected by the Java Runtime Environment:
#
#  SIGSEGV (0xb) at pc=0x00007f43722d3c58, pid=15391, tid=139927681480448
#
# JRE version: 6.0_24-b24
# Java VM: OpenJDK 64-Bit Server VM (20.0-b12 mixed mode linux-amd64 compressed oops)
# Derivative: IcedTea6 1.11.4
# Distribution: Ubuntu 12.04 LTS, package 6b24-1.11.4-1ubuntu0.12.04.1
# Problematic frame:
# C  [libX11.so.6+0x33c58]  XQueryExtension+0x28
#
# If you would like to submit a bug report, please include
# instructions how to reproduce the bug and visit:
#   https://bugs.launchpad.net/ubuntu/+source/openjdk-6/
#

---------------  T H R E A D  ---------------

Current thread (0x00007f437c070000):  VMThread [stack: 0x00007f4373afb000,0x00007f4373bfc000] [id=15401]

siginfo:si_signo=SIGSEGV: si_errno=0, si_code=1 (SEGV_MAPERR), si_addr=0x000000007c2714f8

Registers:
RAX=0x00007f4360000bd0, RBX=0x000000007c270b90, RCX=0x00007f4373bfa858, RDX=0x00007f4373bfa854
RSP=0x00007f4373bfa7f0, RBP=0x00007f4370291932, RSI=0x00007f4370291932, RDI=0x000000007c270b90
R8 =0x00007f4373bfa85c, R9 =0x0000000000000010, R10=0x00007f43828fdfa8, R11=0x0000000000000000
R12=0x0000000000000000, R13=0x00007f4370291932, R14=0x00007f4360000bd0, R15=0x0000000000000000
RIP=0x00007f43722d3c58, EFLAGS=0x0000000000010206, CSGSFS=0x0000000000000033, ERR=0x0000000000000004
  TRAPNO=0x000000000000000e

Top of Stack: (sp=0x00007f4373bfa7f0)
0x00007f4373bfa7f0:   0000000000000000 0000003000000003
0x00007f4373bfa800:   0000006e0000005b 0000007c00000077
0x00007f4373bfa810:   00000000ffffffff 000000007c270b90
0x00007f4373bfa820:   00007f4370291932 0000000000000000
0x00007f4373bfa830:   00007f4370291932 00007f4360000bd0
0x00007f4373bfa840:   0000000000000000 00007f43722c7c55
0x00007f4373bfa850:   00007f438314a048 00007f43703ca520
0x00007f4373bfa860:   00007f43703ca520 000000007c270b90
0x00007f4373bfa870:   00007f437c189370 00007f43725e102b
0x00007f4373bfa880:   00007f4382550790 000000110000002c
0x00007f4373bfa890:   00007f4373bfa910 0000000000000000
0x00007f4373bfa8a0:   00007f4373bfa910 000000007c270b90
0x00007f4373bfa8b0:   0000000000000000 00007f438314a048
0x00007f4373bfa8c0:   00007f43703e3d50 00007f4370238119
0x00007f4373bfa8d0:   0000000000000000 000000000000002c
0x00007f4373bfa8e0:   00007f4373bfa910 00007f4373bfa930
0x00007f4373bfa8f0:   0000000000000000 00007f438314a048
0x00007f4373bfa900:   00007f437c2706f0 00007f437022eb42
0x00007f4373bfa910:   00007f4373bfab00 00007f43702918b1
0x00007f4373bfa920:   00007f4373bfab00 00007f4382f3692d
0x00007f4373bfa930:   00007f438314b2c8 00007f438314b858
0x00007f4373bfa940:   00007f438312c000 00007f437c006a00
0x00007f4373bfa950:   00007f437c007510 00007f437c006eb0
0x00007f4373bfa960:   00007f437c007a10 00007f437c00c6f0
0x00007f4373bfa970:   00007f437c112fa0 00007f437c113480
0x00007f4373bfa980:   00007f438312b000 00007f437c26d2a0
0x00007f4373bfa990:   00007f437c2673e0 00007f437c267880
0x00007f4373bfa9a0:   00007f437c26d770 00007f437c26dc10
0x00007f4373bfa9b0:   00007f437c26e0b0 00007f437c0fb730
0x00007f4373bfa9c0:   00007f437c0fdd60 00007f437c0025e0
0x00007f4373bfa9d0:   00007f437c001ec0 000000000065c5f0
0x00007f4373bfa9e0:   000000000065cb60 000000000065d570 

Instructions: (pc=0x00007f43722d3c58)
0x00007f43722d3c38:   24 d8 48 89 fb 4c 89 64 24 e0 4c 89 6c 24 e8 48
0x00007f43722d3c48:   89 f5 4c 89 74 24 f0 4c 89 7c 24 f8 48 83 ec 58
0x00007f43722d3c58:   48 8b 87 68 09 00 00 49 89 d4 49 89 cd 4d 89 c6
0x00007f43722d3c68:   48 85 c0 74 02 ff 10 ba 08 00 00 00 be 62 00 00 

Register to memory mapping:

RAX=0x00007f4360000bd0 is an unknown value
RBX=0x000000007c270b90 is an unknown value
RCX=0x00007f4373bfa858 is an unknown value
RDX=0x00007f4373bfa854 is an unknown value
RSP=0x00007f4373bfa7f0 is an unknown value
RBP=0x00007f4370291932: <offset 0x96932> in /usr/lib/fglrx/libGL.so.1 at 0x00007f43701fb000
RSI=0x00007f4370291932: <offset 0x96932> in /usr/lib/fglrx/libGL.so.1 at 0x00007f43701fb000
RDI=0x000000007c270b90 is an unknown value
R8 =0x00007f4373bfa85c is an unknown value
R9 =0x0000000000000010 is an unknown value
R10=0x00007f43828fdfa8: <offset 0x3bbfa8> in /lib/x86_64-linux-gnu/libc.so.6 at 0x00007f4382542000
R11=0x0000000000000000 is an unknown value
R12=0x0000000000000000 is an unknown value
R13=0x00007f4370291932: <offset 0x96932> in /usr/lib/fglrx/libGL.so.1 at 0x00007f43701fb000
R14=0x00007f4360000bd0 is an unknown value
R15=0x0000000000000000 is an unknown value


Stack: [0x00007f4373afb000,0x00007f4373bfc000],  sp=0x00007f4373bfa7f0,  free space=1021k
Native frames: (J=compiled Java code, j=interpreted, Vv=VM code, C=native code)
C  [libX11.so.6+0x33c58]  XQueryExtension+0x28

VM_Operation (0x00007f43831266a0): Exit, mode: safepoint, requested by thread 0x00007f437c008800


---------------  P R O C E S S  ---------------

Java Threads: ( => current thread )
  0x00007f437cb38800 JavaThread "Thread-2" daemon [_thread_blocked, id=15412, stack(0x00007f43691d9000,0x00007f43692da000)]
  0x00007f437c26c000 JavaThread "AWT-XAWT" daemon [_thread_in_native, id=15411, stack(0x00007f4370b56000,0x00007f4370c57000)]
  0x00007f437c141000 JavaThread "Java2D Disposer" daemon [_thread_blocked, id=15409, stack(0x00007f4371081000,0x00007f4371182000)]
  0x00007f437c09e800 JavaThread "Low Memory Detector" daemon [_thread_blocked, id=15407, stack(0x00007f4372e12000,0x00007f4372f13000)]
  0x00007f437c09c000 JavaThread "C2 CompilerThread1" daemon [_thread_blocked, id=15406, stack(0x00007f4372f13000,0x00007f4373014000)]
  0x00007f437c099800 JavaThread "C2 CompilerThread0" daemon [_thread_blocked, id=15405, stack(0x00007f4373014000,0x00007f4373115000)]
  0x00007f437c098000 JavaThread "Signal Dispatcher" daemon [_thread_blocked, id=15404, stack(0x00007f4373115000,0x00007f4373216000)]
  0x00007f437c079000 JavaThread "Finalizer" daemon [_thread_blocked, id=15403, stack(0x00007f43738f9000,0x00007f43739fa000)]
  0x00007f437c077000 JavaThread "Reference Handler" daemon [_thread_blocked, id=15402, stack(0x00007f43739fa000,0x00007f4373afb000)]
  0x00007f437c008800 JavaThread "main" [_thread_blocked, id=15396, stack(0x00007f4383027000,0x00007f4383128000)]

Other Threads:
=>0x00007f437c070000 VMThread [stack: 0x00007f4373afb000,0x00007f4373bfc000] [id=15401]

VM state:at safepoint (shutting down)

VM Mutex/Monitor currently owned by a thread:  ([mutex/lock_event])
[0x00007f437c004dd0] Threads_lock - owner thread: 0x00007f437c070000

Heap
 PSYoungGen      total 30976K, used 10540K [0x00000000d9200000, 0x00000000db420000, 0x0000000100000000)
  eden space 29248K, 30% used [0x00000000d9200000,0x00000000d9aa7100,0x00000000dae90000)
  from space 1728K, 97% used [0x00000000daf40000,0x00000000db0e4020,0x00000000db0f0000)
  to   space 1984K, 0% used [0x00000000db230000,0x00000000db230000,0x00000000db420000)
 PSOldGen        total 79616K, used 0K [0x000000008b600000, 0x00000000903c0000, 0x00000000d9200000)
  object space 79616K, 0% used [0x000000008b600000,0x000000008b600000,0x00000000903c0000)
 PSPermGen       total 21248K, used 11518K [0x0000000081000000, 0x00000000824c0000, 0x000000008b600000)
  object space 21248K, 54% used [0x0000000081000000,0x0000000081b3fbe8,0x00000000824c0000)

Code Cache  [0x00007f4378df8000, 0x00007f4379068000, 0x00007f437bdf8000)
 total_blobs=853 nmethods=368 adapters=439 free_code_cache=48860352 largest_free_block=36864

Dynamic libraries:
00400000-00409000 r-xp 00000000 08:03 18618890                           /usr/lib/jvm/java-6-openjdk-amd64/jre/bin/java
00608000-00609000 r--p 00008000 08:03 18618890                           /usr/lib/jvm/java-6-openjdk-amd64/jre/bin/java
00609000-0060a000 rw-p 00009000 08:03 18618890                           /usr/lib/jvm/java-6-openjdk-amd64/jre/bin/java
0065c000-0067d000 rw-p 00000000 00:00 0                                  [heap]
81000000-824c0000 rw-p 00000000 00:00 0 
824c0000-8b600000 rw-p 00000000 00:00 0 
8b600000-903c0000 rw-p 00000000 00:00 0 
903c0000-d9200000 rw-p 00000000 00:00 0 
d9200000-db420000 rw-p 00000000 00:00 0 
db420000-db8e0000 ---p 00000000 00:00 0 
db8e0000-100000000 rw-p 00000000 00:00 0 
7f432c000000-7f432c021000 rw-p 00000000 00:00 0 
7f432c021000-7f4330000000 ---p 00000000 00:00 0 
7f4330000000-7f4330021000 rw-p 00000000 00:00 0 
7f4330021000-7f4334000000 ---p 00000000 00:00 0 
7f4334000000-7f4334021000 rw-p 00000000 00:00 0 
7f4334021000-7f4338000000 ---p 00000000 00:00 0 
7f4338000000-7f4338021000 rw-p 00000000 00:00 0 
7f4338021000-7f433c000000 ---p 00000000 00:00 0 
7f433c000000-7f433c021000 rw-p 00000000 00:00 0 
7f433c021000-7f4340000000 ---p 00000000 00:00 0 
7f4340000000-7f4340021000 rw-p 00000000 00:00 0 
7f4340021000-7f4344000000 ---p 00000000 00:00 0 
7f4344000000-7f4344c4d000 rw-p 00000000 00:00 0 
7f4344c4d000-7f4348000000 ---p 00000000 00:00 0 
7f4348000000-7f4348021000 rw-p 00000000 00:00 0 
7f4348021000-7f434c000000 ---p 00000000 00:00 0 
7f434c000000-7f434c021000 rw-p 00000000 00:00 0 
7f434c021000-7f4350000000 ---p 00000000 00:00 0 
7f4350000000-7f4353a5d000 rw-p 00000000 00:00 0 
7f4353a5d000-7f4354000000 ---p 00000000 00:00 0 
7f4354000000-7f4354021000 rw-p 00000000 00:00 0 
7f4354021000-7f4358000000 ---p 00000000 00:00 0 
7f4358000000-7f4358021000 rw-p 00000000 00:00 0 
7f4358021000-7f435c000000 ---p 00000000 00:00 0 
7f435c000000-7f435c021000 rw-p 00000000 00:00 0 
7f435c021000-7f4360000000 ---p 00000000 00:00 0 
7f4360000000-7f4360021000 rw-p 00000000 00:00 0 
7f4360021000-7f4364000000 ---p 00000000 00:00 0 
7f4364000000-7f4364021000 rw-p 00000000 00:00 0 
7f4364021000-7f4368000000 ---p 00000000 00:00 0 
7f4368ed4000-7f4368ed7000 ---p 00000000 00:00 0 
7f4368ed7000-7f4368fd5000 rw-p 00000000 00:00 0 
7f4368fd5000-7f4368fd8000 ---p 00000000 00:00 0 
7f4368fd8000-7f43690d6000 rw-p 00000000 00:00 0 
7f43690d6000-7f43690d9000 r-xp 00000000 08:03 15602613                   /home/arwilczek90/workspace/Elements/lib/slick/libjinput-linux64.so
7f43690d9000-7f43691d8000 ---p 00003000 08:03 15602613                   /home/arwilczek90/workspace/Elements/lib/slick/libjinput-linux64.so
7f43691d8000-7f43691d9000 rw-p 00002000 08:03 15602613                   /home/arwilczek90/workspace/Elements/lib/slick/libjinput-linux64.so
7f43691d9000-7f43691dc000 ---p 00000000 00:00 0 
7f43691dc000-7f43692da000 rw-p 00000000 00:00 0 
7f43692da000-7f43699da000 rw-s 00006000 00:05 10225                      /dev/ati/card0
7f43699da000-7f43699dc000 r-xp 00000000 08:03 18488267                   /usr/lib/x86_64-linux-gnu/libXinerama.so.1.0.0
7f43699dc000-7f4369bdb000 ---p 00002000 08:03 18488267                   /usr/lib/x86_64-linux-gnu/libXinerama.so.1.0.0
7f4369bdb000-7f4369bdc000 r--p 00001000 08:03 18488267                   /usr/lib/x86_64-linux-gnu/libXinerama.so.1.0.0
7f4369bdc000-7f4369bdd000 rw-p 00002000 08:03 18488267                   /usr/lib/x86_64-linux-gnu/libXinerama.so.1.0.0
7f4369bdd000-7f4369c18000 r-xp 00000000 08:03 19009508                   /usr/lib/fglrx/libatiadlxx.so
7f4369c18000-7f4369d18000 ---p 0003b000 08:03 19009508                   /usr/lib/fglrx/libatiadlxx.so
7f4369d18000-7f4369d21000 rw-p 0003b000 08:03 19009508                   /usr/lib/fglrx/libatiadlxx.so
7f4369d21000-7f4369d32000 rw-p 00000000 00:00 0 
7f4369d32000-7f436bc8c000 r-xp 00000000 08:03 19009510                   /usr/lib/fglrx/dri/fglrx_dri.so
7f436bc8c000-7f436bd8c000 ---p 01f5a000 08:03 19009510                   /usr/lib/fglrx/dri/fglrx_dri.so
7f436bd8c000-7f436beda000 rwxp 01f5a000 08:03 19009510                   /usr/lib/fglrx/dri/fglrx_dri.so
7f436beda000-7f436c000000 rwxp 00000000 00:00 0 
7f436c000000-7f436c021000 rw-p 00000000 00:00 0 
7f436c021000-7f4370000000 ---p 00000000 00:00 0 
7f437005d000-7f437005f000 r--s 00015000 08:03 15598514                   /home/arwilczek90/workspace/Elements/lib/slick/lib/tinylinepp.jar
7f437005f000-7f4370067000 r--s 00067000 08:03 15598510                   /home/arwilczek90/workspace/Elements/lib/slick/lib/slick-sources.jar
7f4370067000-7f437006c000 r--s 0002f000 08:03 15598498                   /home/arwilczek90/workspace/Elements/lib/slick/lib/jinput.jar
7f437006c000-7f437006e000 r--s 00008000 08:03 15598497                   /home/arwilczek90/workspace/Elements/lib/slick/lib/ibxm.jar
7f437006e000-7f4370071000 r--s 0005b000 08:03 15598496                   /home/arwilczek90/workspace/Elements/lib/slick/lib/hiero.jar
7f4370071000-7f4370072000 r--s 00007000 08:03 15597697                   /home/arwilczek90/workspace/Elements/lib/slick/applet/lwjgl_util_applet.jar
7f43700b2000-7f43700f2000 rw-s f0300000 00:05 10225                      /dev/ati/card0
7f43700f2000-7f43700f9000 r-xp 00000000 08:03 19009532                   /usr/lib/fglrx/libatiuki.so.1.0
7f43700f9000-7f43701f9000 ---p 00007000 08:03 19009532                   /usr/lib/fglrx/libatiuki.so.1.0
7f43701f9000-7f43701fa000 rw-p 00007000 08:03 19009532                   /usr/lib/fglrx/libatiuki.so.1.0
7f43701fa000-7f43701fb000 rw-p 00000000 00:00 0 
7f43701fb000-7f43702be000 r-xp 00000000 08:03 19009512                   /usr/lib/fglrx/libGL.so.1.2
7f43702be000-7f43703bd000 ---p 000c3000 08:03 19009512                   /usr/lib/fglrx/libGL.so.1.2
7f43703bd000-7f43703e4000 rwxp 000c2000 08:03 19009512                   /usr/lib/fglrx/libGL.so.1.2
7f43703e4000-7f4370404000 rwxp 00000000 00:00 0 
7f4370404000-7f4370405000 r-xp 00000000 08:03 18618886                   /usr/lib/jvm/java-6-openjdk-amd64/jre/lib/amd64/libjawt.so
7f4370405000-7f4370604000 ---p 00001000 08:03 18618886                   /usr/lib/jvm/java-6-openjdk-amd64/jre/lib/amd64/libjawt.so
7f4370604000-7f4370605000 r--p 00000000 08:03 18618886                   /usr/lib/jvm/java-6-openjdk-amd64/jre/lib/amd64/libjawt.so
7f4370605000-7f4370606000 rw-p 00001000 08:03 18618886                   /usr/lib/jvm/java-6-openjdk-amd64/jre/lib/amd64/libjawt.so
7f4370606000-7f437060a000 r-xp 00000000 08:03 18488287                   /usr/lib/x86_64-linux-gnu/libXxf86vm.so.1.0.0
7f437060a000-7f4370809000 ---p 00004000 08:03 18488287                   /usr/lib/x86_64-linux-gnu/libXxf86vm.so.1.0.0
7f4370809000-7f437080a000 r--p 00003000 08:03 18488287                   /usr/lib/x86_64-linux-gnu/libXxf86vm.so.1.0.0
7f437080a000-7f437080b000 rw-p 00004000 08:03 18488287                   /usr/lib/x86_64-linux-gnu/libXxf86vm.so.1.0.0
7f437080b000-7f4370813000 r-xp 00000000 08:03 18488277                   /usr/lib/x86_64-linux-gnu/libXrandr.so.2.2.0
7f4370813000-7f4370a12000 ---p 00008000 08:03 18488277                   /usr/lib/x86_64-linux-gnu/libXrandr.so.2.2.0
7f4370a12000-7f4370a13000 r--p 00007000 08:03 18488277                   /usr/lib/x86_64-linux-gnu/libXrandr.so.2.2.0
7f4370a13000-7f4370a14000 rw-p 00008000 08:03 18488277                   /usr/lib/x86_64-linux-gnu/libXrandr.so.2.2.0
7f4370a14000-7f4370a54000 r-xp 00000000 08:03 15602617                   /home/arwilczek90/workspace/Elements/lib/slick/liblwjgl64.so
7f4370a54000-7f4370b54000 ---p 00040000 08:03 15602617                   /home/arwilczek90/workspace/Elements/lib/slick/liblwjgl64.so
7f4370b54000-7f4370b56000 rw-p 00040000 08:03 15602617                   /home/arwilczek90/workspace/Elements/lib/slick/liblwjgl64.so
7f4370b56000-7f4370b59000 ---p 00000000 00:00 0 
7f4370b59000-7f4370c57000 rw-p 00000000 00:00 0 
7f4370c57000-7f4370c5c000 r-xp 00000000 08:03 18488261                   /usr/lib/x86_64-linux-gnu/libXfixes.so.3.1.0
7f4370c5c000-7f4370e5b000 ---p 00005000 08:03 18488261                   /usr/lib/x86_64-linux-gnu/libXfixes.so.3.1.0
7f4370e5b000-7f4370e5c000 r--p 00004000 08:03 18488261                   /usr/lib/x86_64-linux-gnu/libXfixes.so.3.1.0
7f4370e5c000-7f4370e5d000 rw-p 00005000 08:03 18488261                   /usr/lib/x86_64-linux-gnu/libXfixes.so.3.1.0
7f4370e5d000-7f4370e66000 r-xp 00000000 08:03 18488253                   /usr/lib/x86_64-linux-gnu/libXcursor.so.1.0.2
7f4370e66000-7f4371065000 ---p 00009000 08:03 18488253                   /usr/lib/x86_64-linux-gnu/libXcursor.so.1.0.2
7f4371065000-7f4371066000 r--p 00008000 08:03 18488253                   /usr/lib/x86_64-linux-gnu/libXcursor.so.1.0.2
7f4371066000-7f4371067000 rw-p 00009000 08:03 18488253                   /usr/lib/x86_64-linux-gnu/libXcursor.so.1.0.2
7f4371067000-7f437106a000 r--s 00015000 08:03 15598512                   /home/arwilczek90/workspace/Elements/lib/slick/lib/slick-util.jar
7f437106a000-7f437106b000 r--s 00000000 08:03 15598509                   /home/arwilczek90/workspace/Elements/lib/slick/lib/slick-examples.jar
7f437106b000-7f437106c000 r--s 00003000 08:03 15598508                   /home/arwilczek90/workspace/Elements/lib/slick/lib/scalar.jar
7f437106c000-7f437106f000 r--s 00017000 08:03 15598507                   /home/arwilczek90/workspace/Elements/lib/slick/lib/pedigree.jar
7f437106f000-7f437107a000 r--s 00093000 08:03 15598513                   /home/arwilczek90/workspace/Elements/lib/slick/lib/slick.jar
7f437107a000-7f4371081000 r--s 00073000 08:03 15598502                   /home/arwilczek90/workspace/Elements/lib/slick/lib/lwjgl.jar
7f4371081000-7f4371084000 ---p 00000000 00:00 0 
7f4371084000-7f4371182000 rw-p 00000000 00:00 0 
7f4371182000-7f4371218000 r-xp 00000000 08:03 18488439                   /usr/lib/x86_64-linux-gnu/libfreetype.so.6.8.0
7f4371218000-7f4371417000 ---p 00096000 08:03 18488439                   /usr/lib/x86_64-linux-gnu/libfreetype.so.6.8.0
7f4371417000-7f437141d000 r--p 00095000 08:03 18488439                   /usr/lib/x86_64-linux-gnu/libfreetype.so.6.8.0
7f437141d000-7f437141e000 rw-p 0009b000 08:03 18488439                   /usr/lib/x86_64-linux-gnu/libfreetype.so.6.8.0
7f437141e000-7f4371458000 r-xp 00000000 08:03 18618871                   /usr/lib/jvm/java-6-openjdk-amd64/jre/lib/amd64/libfontmanager.so
7f4371458000-7f4371657000 ---p 0003a000 08:03 18618871                   /usr/lib/jvm/java-6-openjdk-amd64/jre/lib/amd64/libfontmanager.so
7f4371657000-7f4371659000 r--p 00039000 08:03 18618871                   /usr/lib/jvm/java-6-openjdk-amd64/jre/lib/amd64/libfontmanager.so
7f4371659000-7f437165a000 rw-p 0003b000 08:03 18618871                   /usr/lib/jvm/java-6-openjdk-amd64/jre/lib/amd64/libfontmanager.so
7f437165a000-7f437165f000 r-xp 00000000 08:03 18488257                   /usr/lib/x86_64-linux-gnu/libXdmcp.so.6.0.0
7f437165f000-7f437185e000 ---p 00005000 08:03 18488257                   /usr/lib/x86_64-linux-gnu/libXdmcp.so.6.0.0
7f437185e000-7f437185f000 r--p 00004000 08:03 18488257                   /usr/lib/x86_64-linux-gnu/libXdmcp.so.6.0.0
7f437185f000-7f4371860000 rw-p 00005000 08:03 18488257                   /usr/lib/x86_64-linux-gnu/libXdmcp.so.6.0.0
7f4371860000-7f4371862000 r-xp 00000000 08:03 18488246                   /usr/lib/x86_64-linux-gnu/libXau.so.6.0.0
7f4371862000-7f4371a61000 ---p 00002000 08:03 18488246                   /usr/lib/x86_64-linux-gnu/libXau.so.6.0.0
7f4371a61000-7f4371a62000 r--p 00001000 08:03 18488246                   /usr/lib/x86_64-linux-gnu/libXau.so.6.0.0
7f4371a62000-7f4371a63000 rw-p 00002000 08:03 18488246                   /usr/lib/x86_64-linux-gnu/libXau.so.6.0.0
7f4371a63000-7f4371a80000 r-xp 00000000 08:03 18488845                   /usr/lib/x86_64-linux-gnu/libxcb.so.1.1.0
7f4371a80000-7f4371c7f000 ---p 0001d000 08:03 18488845                   /usr/lib/x86_64-linux-gnu/libxcb.so.1.1.0
7f4371c7f000-7f4371c80000 r--p 0001c000 08:03 18488845                   /usr/lib/x86_64-linux-gnu/libxcb.so.1.1.0
7f4371c80000-7f4371c81000 rw-p 0001d000 08:03 18488845                   /usr/lib/x86_64-linux-gnu/libxcb.so.1.1.0
7f4371c81000-7f4371c8f000 r-xp 00000000 08:03 18488265                   /usr/lib/x86_64-linux-gnu/libXi.so.6.1.0
7f4371c8f000-7f4371e8e000 ---p 0000e000 08:03 18488265                   /usr/lib/x86_64-linux-gnu/libXi.so.6.1.0
7f4371e8e000-7f4371e8f000 r--p 0000d000 08:03 18488265                   /usr/lib/x86_64-linux-gnu/libXi.so.6.1.0
7f4371e8f000-7f4371e90000 rw-p 0000e000 08:03 18488265                   /usr/lib/x86_64-linux-gnu/libXi.so.6.1.0
7f4371e90000-7f4371e95000 r-xp 00000000 08:03 18488283                   /usr/lib/x86_64-linux-gnu/libXtst.so.6.1.0
7f4371e95000-7f4372094000 ---p 00005000 08:03 18488283                   /usr/lib/x86_64-linux-gnu/libXtst.so.6.1.0
7f4372094000-7f4372095000 r--p 00004000 08:03 18488283                   /usr/lib/x86_64-linux-gnu/libXtst.so.6.1.0
7f4372095000-7f4372096000 rw-p 00005000 08:03 18488283                   /usr/lib/x86_64-linux-gnu/libXtst.so.6.1.0
7f4372096000-7f437209f000 r-xp 00000000 08:03 18488279                   /usr/lib/x86_64-linux-gnu/libXrender.so.1.3.0
7f437209f000-7f437229e000 ---p 00009000 08:03 18488279                   /usr/lib/x86_64-linux-gnu/libXrender.so.1.3.0
7f437229e000-7f437229f000 r--p 00008000 08:03 18488279                   /usr/lib/x86_64-linux-gnu/libXrender.so.1.3.0
7f437229f000-7f43722a0000 rw-p 00009000 08:03 18488279                   /usr/lib/x86_64-linux-gnu/libXrender.so.1.3.0
7f43722a0000-7f43723cf000 r-xp 00000000 08:03 18488244                   /usr/lib/x86_64-linux-gnu/libX11.so.6.3.0
7f43723cf000-7f43725cf000 ---p 0012f000 08:03 18488244                   /usr/lib/x86_64-linux-gnu/libX11.so.6.3.0
7f43725cf000-7f43725d0000 r--p 0012f000 08:03 18488244                   /usr/lib/x86_64-linux-gnu/libX11.so.6.3.0
7f43725d0000-7f43725d4000 rw-p 00130000 08:03 18488244                   /usr/lib/x86_64-linux-gnu/libX11.so.6.3.0
7f43725d4000-7f43725e4000 r-xp 00000000 08:03 18488259                   /usr/lib/x86_64-linux-gnu/libXext.so.6.4.0
7f43725e4000-7f43727e3000 ---p 00010000 08:03 18488259                   /usr/lib/x86_64-linux-gnu/libXext.so.6.4.0
7f43727e3000-7f43727e4000 r--p 0000f000 08:03 18488259                   /usr/lib/x86_64-linux-gnu/libXext.so.6.4.0
7f43727e4000-7f43727e5000 rw-p 00010000 08:03 18488259                   /usr/lib/x86_64-linux-gnu/libXext.so.6.4.0
7f43727e5000-7f4372830000 r-xp 00000000 08:03 18618972                   /usr/lib/jvm/java-6-openjdk-amd64/jre/lib/amd64/xawt/libmawt.so
7f4372830000-7f4372a30000 ---p 0004b000 08:03 18618972                   /usr/lib/jvm/java-6-openjdk-amd64/jre/lib/amd64/xawt/libmawt.so
7f4372a30000-7f4372a31000 r--p 0004b000 08:03 18618972                   /usr/lib/jvm/java-6-openjdk-amd64/jre/lib/amd64/xawt/libmawt.so
7f4372a31000-7f4372a34000 rw-p 0004c000 08:03 18618972                   /usr/lib/jvm/java-6-openjdk-amd64/jre/lib/amd64/xawt/libmawt.so
7f4372a34000-7f4372a35000 rw-p 00000000 00:00 0 
7f4372a35000-7f4372ae1000 r-xp 00000000 08:03 18618874                   /usr/lib/jvm/java-6-openjdk-amd64/jre/lib/amd64/libawt.so
7f4372ae1000-7f4372ce0000 ---p 000ac000 08:03 18618874                   /usr/lib/jvm/java-6-openjdk-amd64/jre/lib/amd64/libawt.so
7f4372ce0000-7f4372ce1000 r--p 000ab000 08:03 18618874                   /usr/lib/jvm/java-6-openjdk-amd64/jre/lib/amd64/libawt.so
7f4372ce1000-7f4372cec000 rw-p 000ac000 08:03 18618874                   /usr/lib/jvm/java-6-openjdk-amd64/jre/lib/amd64/libawt.so
7f4372cec000-7f4372d11000 rw-p 00000000 00:00 0 
7f4372d11000-7f4372d12000 ---p 00000000 00:00 0 
7f4372d12000-7f4372e12000 rw-p 00000000 00:00 0 
7f4372e12000-7f4372e15000 ---p 00000000 00:00 0 
7f4372e15000-7f4372f13000 rw-p 00000000 00:00 0 
7f4372f13000-7f4372f16000 ---p 00000000 00:00 0 
7f4372f16000-7f4373014000 rw-p 00000000 00:00 0 
7f4373014000-7f4373017000 ---p 00000000 00:00 0 
7f4373017000-7f4373115000 rw-p 00000000 00:00 0 
7f4373115000-7f4373118000 ---p 00000000 00:00 0 
7f4373118000-7f4373216000 rw-p 00000000 00:00 0 
7f4373216000-7f43738f9000 r--p 00000000 08:03 18487587                   /usr/lib/locale/locale-archive
7f43738f9000-7f43738fc000 ---p 00000000 00:00 0 
7f43738fc000-7f43739fa000 rw-p 00000000 00:00 0 
7f43739fa000-7f43739fd000 ---p 00000000 00:00 0 
7f43739fd000-7f4373afb000 rw-p 00000000 00:00 0 
7f4373afb000-7f4373afc000 ---p 00000000 00:00 0 
7f4373afc000-7f4374000000 rw-p 00000000 00:00 0 
7f4374000000-7f4374021000 rw-p 00000000 00:00 0 
7f4374021000-7f4378000000 ---p 00000000 00:00 0 
7f4378000000-7f4378002000 r--s 00004000 08:03 15598506                   /home/arwilczek90/workspace/Elements/lib/slick/lib/packulike.jar
7f4378002000-7f4378003000 r--s 00043000 08:03 15598505                   /home/arwilczek90/workspace/Elements/lib/slick/lib/natives-win32.jar
7f4378003000-7f4378005000 r--s 00033000 08:03 15598504                   /home/arwilczek90/workspace/Elements/lib/slick/lib/natives-mac.jar
7f4378005000-7f4378006000 r--s 0003d000 08:03 15598503                   /home/arwilczek90/workspace/Elements/lib/slick/lib/natives-linux.jar
7f4378006000-7f4378008000 r--s 0000d000 08:03 15598501                   /home/arwilczek90/workspace/Elements/lib/slick/lib/jorbis-0.0.15.jar
7f4378008000-7f4378009000 r--s 00001000 08:03 15598500                   /home/arwilczek90/workspace/Elements/lib/slick/lib/jogg-0.0.7.jar
7f4378009000-7f437800b000 rw-s 00002000 00:05 10225                      /dev/ati/card0
7f437800b000-7f4378016000 r--s 00093000 08:03 15597692                   /home/arwilczek90/workspace/Elements/lib/slick.jar
7f4378016000-7f437801d000 r--s 000fb000 08:03 18618812                   /usr/lib/jvm/java-6-openjdk-common/jre/lib/resources.jar
7f437801d000-7f437801e000 r--s 00000000 08:03 19927127                   /var/cache/fontconfig/c05880de57d1f5e948fdfacc138775d9-le64.cache-3
7f437801e000-7f4378027000 r--s 00000000 08:03 19927122                   /var/cache/fontconfig/945677eb7aeaf62f1d50efc3fb3ec7d8-le64.cache-3
7f4378027000-7f4378029000 r--s 00000000 08:03 19927123                   /var/cache/fontconfig/99e8ed0e538f840c565b6ed5dad60d56-le64.cache-3
7f4378029000-7f437802d000 r--s 00000000 08:03 19927109                   /var/cache/fontconfig/2cd17615ca594fa2959ae173292e504c-le64.cache-3
7f437802d000-7f437802e000 r--s 00000000 08:03 19927134                   /var/cache/fontconfig/e7071f4a29fa870f4323321c154eba04-le64.cache-3
7f437802e000-7f437802f000 r--s 00000000 08:03 19927107                   /var/cache/fontconfig/0d8c3b2ac0904cb8a57a757ad11a4a08-le64.cache-3
7f437802f000-7f4378035000 r--s 00000000 08:03 19927124                   /var/cache/fontconfig/a755afe4a08bf5b97852ceb7400b47bc-le64.cache-3
7f4378035000-7f437803e000 r--s 00000000 08:03 19927460                   /var/cache/fontconfig/6d41288fd70b0be22e8c3a91e032eec0-le64.cache-3
7f437803e000-7f437804e000 r--s 00000000 08:03 19927106                   /var/cache/fontconfig/04aabc0a78ac019cf9454389977116d2-le64.cache-3
7f437804e000-7f4378051000 r--s 00000000 08:03 19927112                   /var/cache/fontconfig/385c0604a188198f04d133e54aba7fe7-le64.cache-3
7f4378051000-7f437807f000 r--s 00000000 08:03 19927454                   /var/cache/fontconfig/365b55f210c0a22e9a19e35191240f32-le64.cache-3
7f437807f000-7f4378084000 r--s 00000000 08:03 19927110                   /var/cache/fontconfig/3047814df9a2f067bd2d96a2b9c36e5a-le64.cache-3
7f4378084000-7f4378094000 r--s 00000000 08:03 19927130                   /var/cache/fontconfig/d52a8644073d54c13679302ca1180695-le64.cache-3
7f4378094000-7f4378095000 r--s 00000000 08:03 19927127                   /var/cache/fontconfig/c05880de57d1f5e948fdfacc138775d9-le64.cache-3
7f4378095000-7f437809e000 r--s 00000000 08:03 19927122                   /var/cache/fontconfig/945677eb7aeaf62f1d50efc3fb3ec7d8-le64.cache-3
7f437809e000-7f43780a0000 r--s 00000000 08:03 19927123                   /var/cache/fontconfig/99e8ed0e538f840c565b6ed5dad60d56-le64.cache-3
7f43780a0000-7f43780a4000 r--s 00000000 08:03 19927109                   /var/cache/fontconfig/2cd17615ca594fa2959ae173292e504c-le64.cache-3
7f43780a4000-7f43780a5000 r--s 00000000 08:03 19927134                   /var/cache/fontconfig/e7071f4a29fa870f4323321c154eba04-le64.cache-3
7f43780a5000-7f43780a6000 r--s 00000000 08:03 19927107                   /var/cache/fontconfig/0d8c3b2ac0904cb8a57a757ad11a4a08-le64.cache-3
7f43780a6000-7f43780ac000 r--s 00000000 08:03 19927124                   /var/cache/fontconfig/a755afe4a08bf5b97852ceb7400b47bc-le64.cache-3
7f43780ac000-7f43780b5000 r--s 00000000 08:03 19927460                   /var/cache/fontconfig/6d41288fd70b0be22e8c3a91e032eec0-le64.cache-3
7f43780b5000-7f43780c5000 r--s 00000000 08:03 19927106                   /var/cache/fontconfig/04aabc0a78ac019cf9454389977116d2-le64.cache-3
7f43780c5000-7f43780c8000 r--s 00000000 08:03 19927112                   /var/cache/fontconfig/385c0604a188198f04d133e54aba7fe7-le64.cache-3
7f43780c8000-7f43780c9000 r--s 00000000 08:03 19927113                   /var/cache/fontconfig/4794a0821666d79190d59a36cb4f44b5-le64.cache-3
7f43780c9000-7f43780cc000 r--s 00000000 08:03 19927121                   /var/cache/fontconfig/8801497958630a81b71ace7c5f9b32a8-le64.cache-3
7f43780cc000-7f43780fa000 r--s 00000000 08:03 19927454                   /var/cache/fontconfig/365b55f210c0a22e9a19e35191240f32-le64.cache-3
7f43780fa000-7f43781fb000 rw-p 00000000 00:00 0 
7f43781fb000-7f437838d000 r--s 037bf000 08:03 18618843                   /usr/lib/jvm/java-6-openjdk-amd64/jre/lib/rt.jar
7f437838d000-7f437838e000 ---p 00000000 00:00 0 
7f437838e000-7f437848e000 rw-p 00000000 00:00 0 
7f437848e000-7f437848f000 ---p 00000000 00:00 0 
7f437848f000-7f437858f000 rw-p 00000000 00:00 0 
7f437858f000-7f4378590000 ---p 00000000 00:00 0 
7f4378590000-7f4378690000 rw-p 00000000 00:00 0 
7f4378690000-7f4378691000 ---p 00000000 00:00 0 
7f4378691000-7f43787b8000 rw-p 00000000 00:00 0 
7f43787b8000-7f43789ff000 rw-p 00000000 00:00 0 
7f43789ff000-7f4378a0a000 rw-p 00000000 00:00 0 
7f4378a0a000-7f4378a52000 rw-p 00000000 00:00 0 
7f4378a52000-7f4378a79000 rw-p 00000000 00:00 0 
7f4378a79000-7f4378cc0000 rw-p 00000000 00:00 0 
7f4378cc0000-7f4378cd2000 rw-p 00000000 00:00 0 
7f4378cd2000-7f4378cd4000 ---p 00000000 00:00 0 
7f4378cd4000-7f4378df7000 rw-p 00000000 00:00 0 
7f4378df7000-7f4378df8000 rw-p 00000000 00:00 0 
7f4378df8000-7f4379068000 rwxp 00000000 00:00 0 
7f4379068000-7f437bdf8000 rw-p 00000000 00:00 0 
7f437bdf8000-7f437bdff000 r-xp 00000000 08:03 18618888                   /usr/lib/jvm/java-6-openjdk-amd64/jre/lib/amd64/libzip.so
7f437bdff000-7f437bffe000 ---p 00007000 08:03 18618888                   /usr/lib/jvm/java-6-openjdk-amd64/jre/lib/amd64/libzip.so
7f437bffe000-7f437bfff000 r--p 00006000 08:03 18618888                   /usr/lib/jvm/java-6-openjdk-amd64/jre/lib/amd64/libzip.so
7f437bfff000-7f437c000000 rw-p 00007000 08:03 18618888                   /usr/lib/jvm/java-6-openjdk-amd64/jre/lib/amd64/libzip.so
7f437c000000-7f437cdb0000 rw-p 00000000 00:00 0 
7f437cdb0000-7f4380000000 ---p 00000000 00:00 0 
7f4380000000-7f4380001000 r--s 00001000 08:03 15598499                   /home/arwilczek90/workspace/Elements/lib/slick/lib/jnlp.jar
7f4380001000-7f4380004000 r--s 00000000 08:03 19927121                   /var/cache/fontconfig/8801497958630a81b71ace7c5f9b32a8-le64.cache-3
7f4380004000-7f4380005000 r--s 00000000 08:03 19927115                   /var/cache/fontconfig/56cf4f4769d0f4abc89a4895d7bd3ae1-le64.cache-3
7f4380005000-7f4380006000 r--s 00000000 08:03 19927126                   /var/cache/fontconfig/b9d506c9ac06c20b433354fa67a72993-le64.cache-3
7f4380006000-7f438000b000 r--s 00000000 08:03 19927125                   /var/cache/fontconfig/b47c4e1ecd0709278f4910c18777a504-le64.cache-3
7f438000b000-7f438000e000 r--s 00000000 08:03 19927196                   /var/cache/fontconfig/e13b20fdb08344e0e664864cc2ede53d-le64.cache-3
7f438000e000-7f4380012000 r--s 00000000 08:03 19927452                   /var/cache/fontconfig/7ef2298fde41cc6eeb7af42e48b7d293-le64.cache-3
7f4380012000-7f4380022000 r--s 00000000 08:03 19927130                   /var/cache/fontconfig/d52a8644073d54c13679302ca1180695-le64.cache-3
7f4380022000-7f4380088000 rw-p 00000000 00:00 0 
7f4380088000-7f43800d0000 rw-p 00000000 00:00 0 
7f43800d0000-7f43800dc000 r-xp 00000000 08:03 21758081                   /lib/x86_64-linux-gnu/libnss_files-2.15.so
7f43800dc000-7f43802db000 ---p 0000c000 08:03 21758081                   /lib/x86_64-linux-gnu/libnss_files-2.15.so
7f43802db000-7f43802dc000 r--p 0000b000 08:03 21758081                   /lib/x86_64-linux-gnu/libnss_files-2.15.so
7f43802dc000-7f43802dd000 rw-p 0000c000 08:03 21758081                   /lib/x86_64-linux-gnu/libnss_files-2.15.so
7f43802dd000-7f43802e7000 r-xp 00000000 08:03 21758077                   /lib/x86_64-linux-gnu/libnss_nis-2.15.so
7f43802e7000-7f43804e7000 ---p 0000a000 08:03 21758077                   /lib/x86_64-linux-gnu/libnss_nis-2.15.so
7f43804e7000-7f43804e8000 r--p 0000a000 08:03 21758077                   /lib/x86_64-linux-gnu/libnss_nis-2.15.so
7f43804e8000-7f43804e9000 rw-p 0000b000 08:03 21758077                   /lib/x86_64-linux-gnu/libnss_nis-2.15.so
7f43804e9000-7f4380500000 r-xp 00000000 08:03 21761730                   /lib/x86_64-linux-gnu/libnsl-2.15.so
7f4380500000-7f43806ff000 ---p 00017000 08:03 21761730                   /lib/x86_64-linux-gnu/libnsl-2.15.so
7f43806ff000-7f4380700000 r--p 00016000 08:03 21761730                   /lib/x86_64-linux-gnu/libnsl-2.15.so
7f4380700000-7f4380701000 rw-p 00017000 08:03 21761730                   /lib/x86_64-linux-gnu/libnsl-2.15.so
7f4380701000-7f4380703000 rw-p 00000000 00:00 0 
7f4380703000-7f438070b000 r-xp 00000000 08:03 21758082                   /lib/x86_64-linux-gnu/libnss_compat-2.15.so
7f438070b000-7f438090a000 ---p 00008000 08:03 21758082                   /lib/x86_64-linux-gnu/libnss_compat-2.15.so
7f438090a000-7f438090b000 r--p 00007000 08:03 21758082                   /lib/x86_64-linux-gnu/libnss_compat-2.15.so
7f438090b000-7f438090c000 rw-p 00008000 08:03 21758082                   /lib/x86_64-linux-gnu/libnss_compat-2.15.so
7f438090c000-7f4380938000 r-xp 00000000 08:03 18618873                   /usr/lib/jvm/java-6-openjdk-amd64/jre/lib/amd64/libjava.so
7f4380938000-7f4380b37000 ---p 0002c000 08:03 18618873                   /usr/lib/jvm/java-6-openjdk-amd64/jre/lib/amd64/libjava.so
7f4380b37000-7f4380b38000 r--p 0002b000 08:03 18618873                   /usr/lib/jvm/java-6-openjdk-amd64/jre/lib/amd64/libjava.so
7f4380b38000-7f4380b3b000 rw-p 0002c000 08:03 18618873                   /usr/lib/jvm/java-6-openjdk-amd64/jre/lib/amd64/libjava.so
7f4380b3b000-7f4380b49000 r-xp 00000000 08:03 18618872                   /usr/lib/jvm/java-6-openjdk-amd64/jre/lib/amd64/libverify.so
7f4380b49000-7f4380d48000 ---p 0000e000 08:03 18618872                   /usr/lib/jvm/java-6-openjdk-amd64/jre/lib/amd64/libverify.so
7f4380d48000-7f4380d4a000 r--p 0000d000 08:03 18618872                   /usr/lib/jvm/java-6-openjdk-amd64/jre/lib/amd64/libverify.so
7f4380d4a000-7f4380d4b000 rw-p 0000f000 08:03 18618872                   /usr/lib/jvm/java-6-openjdk-amd64/jre/lib/amd64/libverify.so
7f4380d4b000-7f4380d52000 r-xp 00000000 08:03 21758075                   /lib/x86_64-linux-gnu/librt-2.15.so
7f4380d52000-7f4380f51000 ---p 00007000 08:03 21758075                   /lib/x86_64-linux-gnu/librt-2.15.so
7f4380f51000-7f4380f52000 r--p 00006000 08:03 21758075                   /lib/x86_64-linux-gnu/librt-2.15.so
7f4380f52000-7f4380f53000 rw-p 00007000 08:03 21758075                   /lib/x86_64-linux-gnu/librt-2.15.so
7f4380f53000-7f4380f68000 r-xp 00000000 08:03 21761542                   /lib/x86_64-linux-gnu/libgcc_s.so.1
7f4380f68000-7f4381167000 ---p 00015000 08:03 21761542                   /lib/x86_64-linux-gnu/libgcc_s.so.1
7f4381167000-7f4381168000 r--p 00014000 08:03 21761542                   /lib/x86_64-linux-gnu/libgcc_s.so.1
7f4381168000-7f4381169000 rw-p 00015000 08:03 21761542                   /lib/x86_64-linux-gnu/libgcc_s.so.1
7f4381169000-7f4381262000 r-xp 00000000 08:03 21758079                   /lib/x86_64-linux-gnu/libm-2.15.so
7f4381262000-7f4381461000 ---p 000f9000 08:03 21758079                   /lib/x86_64-linux-gnu/libm-2.15.so
7f4381461000-7f4381462000 r--p 000f8000 08:03 21758079                   /lib/x86_64-linux-gnu/libm-2.15.so
7f4381462000-7f4381463000 rw-p 000f9000 08:03 21758079                   /lib/x86_64-linux-gnu/libm-2.15.so
7f4381463000-7f4381545000 r-xp 00000000 08:03 18488773                   /usr/lib/x86_64-linux-gnu/libstdc++.so.6.0.16
7f4381545000-7f4381744000 ---p 000e2000 08:03 18488773                   /usr/lib/x86_64-linux-gnu/libstdc++.so.6.0.16
7f4381744000-7f438174c000 r--p 000e1000 08:03 18488773                   /usr/lib/x86_64-linux-gnu/libstdc++.so.6.0.16
7f438174c000-7f438174e000 rw-p 000e9000 08:03 18488773                   /usr/lib/x86_64-linux-gnu/libstdc++.so.6.0.16
7f438174e000-7f4381763000 rw-p 00000000 00:00 0 
7f4381763000-7f4382067000 r-xp 00000000 08:03 18618878                   /usr/lib/jvm/java-6-openjdk-amd64/jre/lib/amd64/server/libjvm.so
7f4382067000-7f4382267000 ---p 00904000 08:03 18618878                   /usr/lib/jvm/java-6-openjdk-amd64/jre/lib/amd64/server/libjvm.so
7f4382267000-7f43822e7000 r--p 00904000 08:03 18618878                   /usr/lib/jvm/java-6-openjdk-amd64/jre/lib/amd64/server/libjvm.so
7f43822e7000-7f4382302000 rw-p 00984000 08:03 18618878                   /usr/lib/jvm/java-6-openjdk-amd64/jre/lib/amd64/server/libjvm.so
7f4382302000-7f438232b000 rw-p 00000000 00:00 0 
7f438232b000-7f4382341000 r-xp 00000000 08:03 21761632                   /lib/x86_64-linux-gnu/libz.so.1.2.3.4
7f4382341000-7f4382540000 ---p 00016000 08:03 21761632                   /lib/x86_64-linux-gnu/libz.so.1.2.3.4
7f4382540000-7f4382541000 r--p 00015000 08:03 21761632                   /lib/x86_64-linux-gnu/libz.so.1.2.3.4
7f4382541000-7f4382542000 rw-p 00016000 08:03 21761632                   /lib/x86_64-linux-gnu/libz.so.1.2.3.4
7f4382542000-7f43826f7000 r-xp 00000000 08:03 21757975                   /lib/x86_64-linux-gnu/libc-2.15.so
7f43826f7000-7f43828f6000 ---p 001b5000 08:03 21757975                   /lib/x86_64-linux-gnu/libc-2.15.so
7f43828f6000-7f43828fa000 r--p 001b4000 08:03 21757975                   /lib/x86_64-linux-gnu/libc-2.15.so
7f43828fa000-7f43828fc000 rw-p 001b8000 08:03 21757975                   /lib/x86_64-linux-gnu/libc-2.15.so
7f43828fc000-7f4382901000 rw-p 00000000 00:00 0 
7f4382901000-7f4382903000 r-xp 00000000 08:03 21757964                   /lib/x86_64-linux-gnu/libdl-2.15.so
7f4382903000-7f4382b03000 ---p 00002000 08:03 21757964                   /lib/x86_64-linux-gnu/libdl-2.15.so
7f4382b03000-7f4382b04000 r--p 00002000 08:03 21757964                   /lib/x86_64-linux-gnu/libdl-2.15.so
7f4382b04000-7f4382b05000 rw-p 00003000 08:03 21757964                   /lib/x86_64-linux-gnu/libdl-2.15.so
7f4382b05000-7f4382b09000 r-xp 00000000 08:03 18618855                   /usr/lib/jvm/java-6-openjdk-amd64/jre/lib/amd64/jli/libjli.so
7f4382b09000-7f4382d08000 ---p 00004000 08:03 18618855                   /usr/lib/jvm/java-6-openjdk-amd64/jre/lib/amd64/jli/libjli.so
7f4382d08000-7f4382d09000 r--p 00003000 08:03 18618855                   /usr/lib/jvm/java-6-openjdk-amd64/jre/lib/amd64/jli/libjli.so
7f4382d09000-7f4382d0a000 rw-p 00004000 08:03 18618855                   /usr/lib/jvm/java-6-openjdk-amd64/jre/lib/amd64/jli/libjli.so
7f4382d0a000-7f4382d22000 r-xp 00000000 08:03 21758073                   /lib/x86_64-linux-gnu/libpthread-2.15.so
7f4382d22000-7f4382f21000 ---p 00018000 08:03 21758073                   /lib/x86_64-linux-gnu/libpthread-2.15.so
7f4382f21000-7f4382f22000 r--p 00017000 08:03 21758073                   /lib/x86_64-linux-gnu/libpthread-2.15.so
7f4382f22000-7f4382f23000 rw-p 00018000 08:03 21758073                   /lib/x86_64-linux-gnu/libpthread-2.15.so
7f4382f23000-7f4382f27000 rw-p 00000000 00:00 0 
7f4382f27000-7f4382f49000 r-xp 00000000 08:03 21758085                   /lib/x86_64-linux-gnu/ld-2.15.so
7f4382f49000-7f4382f4a000 rw-s 00005000 00:05 10225                      /dev/ati/card0
7f4382f4a000-7f4382f4b000 r--s 00000000 08:03 19927113                   /var/cache/fontconfig/4794a0821666d79190d59a36cb4f44b5-le64.cache-3
7f4382f4b000-7f4382f50000 r--s 00000000 08:03 19927110                   /var/cache/fontconfig/3047814df9a2f067bd2d96a2b9c36e5a-le64.cache-3
7f4382f50000-7f4382f51000 r--s 00000000 08:03 19927115                   /var/cache/fontconfig/56cf4f4769d0f4abc89a4895d7bd3ae1-le64.cache-3
7f4382f51000-7f4382f56000 r--s 00000000 08:03 19927125                   /var/cache/fontconfig/b47c4e1ecd0709278f4910c18777a504-le64.cache-3
7f4382f56000-7f4382f59000 r--s 00000000 08:03 19927196                   /var/cache/fontconfig/e13b20fdb08344e0e664864cc2ede53d-le64.cache-3
7f4382f59000-7f4382f5d000 r--s 00000000 08:03 19927452                   /var/cache/fontconfig/7ef2298fde41cc6eeb7af42e48b7d293-le64.cache-3
7f4382f5d000-7f4382f60000 r--s 0007d000 08:03 18618443                   /usr/lib/jvm/java-6-openjdk-common/jre/lib/jsse.jar
7f4382f60000-7f4382f67000 r--s 00073000 08:03 15597691                   /home/arwilczek90/workspace/Elements/lib/lwjgl.jar
7f4382f67000-7f4382f71000 rw-p 00000000 00:00 0 
7f4382f71000-7f4383027000 rw-p 00000000 00:00 0 
7f4383027000-7f438302a000 ---p 00000000 00:00 0 
7f438302a000-7f438312d000 rw-p 00000000 00:00 0 
7f438312d000-7f438312e000 r--s 00000000 08:03 19927126                   /var/cache/fontconfig/b9d506c9ac06c20b433354fa67a72993-le64.cache-3
7f438312e000-7f4383130000 r--s 0000f000 08:03 18618803                   /usr/lib/jvm/java-6-openjdk-common/jre/lib/ext/pulse-java.jar
7f4383130000-7f4383133000 r--s 00077000 08:03 18618797                   /usr/lib/jvm/java-6-openjdk-common/jre/lib/ext/localedata.jar
7f4383133000-7f4383134000 r--s 00007000 08:03 18748229                   /usr/share/java/java-atk-wrapper.jar
7f4383134000-7f4383136000 r--s 00001000 08:03 18618801                   /usr/lib/jvm/java-6-openjdk-common/jre/lib/ext/dnsns.jar
7f4383136000-7f438313a000 r--s 00038000 08:03 18618795                   /usr/lib/jvm/java-6-openjdk-common/jre/lib/ext/sunpkcs11.jar
7f438313a000-7f438313d000 r--s 00031000 08:03 18618799                   /usr/lib/jvm/java-6-openjdk-common/jre/lib/ext/sunjce_provider.jar
7f438313d000-7f4383145000 rw-s 00000000 08:03 8126541                    /tmp/hsperfdata_arwilczek90/15391 (deleted)
7f4383145000-7f4383146000 rw-p 00000000 00:00 0 
7f4383146000-7f4383147000 ---p 00000000 00:00 0 
7f4383147000-7f4383149000 rw-p 00000000 00:00 0 
7f4383149000-7f438314a000 r--p 00022000 08:03 21758085                   /lib/x86_64-linux-gnu/ld-2.15.so
7f438314a000-7f438314c000 rw-p 00023000 08:03 21758085                   /lib/x86_64-linux-gnu/ld-2.15.so
7fff8d878000-7fff8d899000 rw-p 00000000 00:00 0                          [stack]
7fff8d970000-7fff8d971000 r-xp 00000000 00:00 0                          [vdso]
ffffffffff600000-ffffffffff601000 r-xp 00000000 00:00 0                  [vsyscall]

VM Arguments:
jvm_args: -Djava.library.path=/home/arwilczek90/workspace/Elements/lib/slick:/home/arwilczek90/workspace/Elements/lib/slick -Dfile.encoding=UTF-8 
java_command: com.hack.elements.view.Main
Launcher Type: SUN_STANDARD

Environment Variables:
PATH=/usr/lib/lightdm/lightdm:/usr/local/sbin:/usr/local/bin:/usr/sbin:/usr/bin:/sbin:/bin:/usr/games
LD_LIBRARY_PATH=/usr/lib/jvm/java-6-openjdk-amd64/jre/lib/amd64/server:/usr/lib/jvm/java-6-openjdk-amd64/jre/lib/amd64:/usr/lib/jvm/java-6-openjdk-amd64/jre/../lib/amd64
SHELL=/bin/bash
DISPLAY=:0.0

Signal Handlers:
SIGSEGV: [libjvm.so+0x784310], sa_mask[0]=0x7ffbfeff, sa_flags=0x10000004
SIGBUS: [libjvm.so+0x784310], sa_mask[0]=0x7ffbfeff, sa_flags=0x10000004
SIGFPE: [libjvm.so+0x648580], sa_mask[0]=0x7ffbfeff, sa_flags=0x10000004
SIGPIPE: [libjvm.so+0x648580], sa_mask[0]=0x7ffbfeff, sa_flags=0x10000004
SIGXFSZ: [libjvm.so+0x648580], sa_mask[0]=0x7ffbfeff, sa_flags=0x10000004
SIGILL: [libjvm.so+0x648580], sa_mask[0]=0x7ffbfeff, sa_flags=0x10000004
SIGUSR1: SIG_DFL, sa_mask[0]=0x00000000, sa_flags=0x00000000
SIGUSR2: [libjvm.so+0x648730], sa_mask[0]=0x00000004, sa_flags=0x10000004
SIGHUP: [libjvm.so+0x64b250], sa_mask[0]=0x7ffbfeff, sa_flags=0x10000004
SIGINT: [libjvm.so+0x64b250], sa_mask[0]=0x7ffbfeff, sa_flags=0x10000004
SIGTERM: [libjvm.so+0x64b250], sa_mask[0]=0x7ffbfeff, sa_flags=0x10000004
SIGQUIT: [libjvm.so+0x64b250], sa_mask[0]=0x7ffbfeff, sa_flags=0x10000004


---------------  S Y S T E M  ---------------

OS:Ubuntu 12.04 (precise)
uname:Linux 3.2.0-32-generic #51-Ubuntu SMP Wed Sep 26 21:33:09 UTC 2012 x86_64
libc:glibc 2.15 NPTL 2.15 
rlimit: STACK 8192k, CORE 0k, NPROC 59545, NOFILE 4096, AS infinity
load average:2.29 1.48 1.07

/proc/meminfo:
MemTotal:        7639648 kB
MemFree:         4147052 kB
Buffers:          122972 kB
Cached:          1217460 kB
SwapCached:            0 kB
Active:          2253780 kB
Inactive:         744196 kB
Active(anon):    1658008 kB
Inactive(anon):    15400 kB
Active(file):     595772 kB
Inactive(file):   728796 kB
Unevictable:          20 kB
Mlocked:              20 kB
SwapTotal:       3818492 kB
SwapFree:        3818492 kB
Dirty:               504 kB
Writeback:             0 kB
AnonPages:       1657620 kB
Mapped:           304840 kB
Shmem:             15868 kB
Slab:             106360 kB
SReclaimable:      75592 kB
SUnreclaim:        30768 kB
KernelStack:        4328 kB
PageTables:        34424 kB
NFS_Unstable:          0 kB
Bounce:                0 kB
WritebackTmp:          0 kB
CommitLimit:     7638316 kB
Committed_AS:    4353320 kB
VmallocTotal:   34359738367 kB
VmallocUsed:      116912 kB
VmallocChunk:   34359619344 kB
HardwareCorrupted:     0 kB
AnonHugePages:         0 kB
HugePages_Total:       0
HugePages_Free:        0
HugePages_Rsvd:        0
HugePages_Surp:        0
Hugepagesize:       2048 kB
DirectMap4k:      329728 kB
DirectMap2M:     5416960 kB
DirectMap1G:     2097152 kB


CPU:total 4 (4 cores per cpu, 1 threads per core) family 18 model 1 stepping 0, cmov, cx8, fxsr, mmx, sse, sse2, sse3, popcnt, mmxext, 3dnowpref, lzcnt, sse4a

Memory: 4k page, physical 7639648k(4147052k free), swap 3818492k(3818492k free)

vm_info: OpenJDK 64-Bit Server VM (20.0-b12) for linux-amd64 JRE (1.6.0_24-b24), built on Sep  2 2012 19:50:47 by "buildd" with gcc 4.6.3

time: Sat Oct 13 21:05:15 2012
elapsed time: 2776 seconds

