#
# A fatal error has been detected by the Java Runtime Environment:
#
#  SIGSEGV (0xb) at pc=0x00007f5a80cffc58, pid=17853, tid=140026831091456
#
# JRE version: 6.0_24-b24
# Java VM: OpenJDK 64-Bit Server VM (20.0-b12 mixed mode linux-amd64 compressed oops)
# Derivative: IcedTea6 1.11.4
# Distribution: Ubuntu 12.04 LTS, package 6b24-1.11.4-1ubuntu0.12.04.1
# Problematic frame:
# C  [libX11.so.6+0x33c58]  XQueryExtension+0x28
#
# If you would like to submit a bug report, please include
# instructions how to reproduce the bug and visit:
#   https://bugs.launchpad.net/ubuntu/+source/openjdk-6/
#

---------------  T H R E A D  ---------------

Current thread (0x00007f5a84070000):  VMThread [stack: 0x00007f5a8976b000,0x00007f5a8986c000] [id=17863]

siginfo:si_signo=SIGSEGV: si_errno=0, si_code=1 (SEGV_MAPERR), si_addr=0xffffffff841fa678

Registers:
RAX=0x00007f5a5c0008c0, RBX=0xffffffff841f9d10, RCX=0x00007f5a8986a958, RDX=0x00007f5a8986a954
RSP=0x00007f5a8986a8f0, RBP=0x00007f5a7adc4932, RSI=0x00007f5a7adc4932, RDI=0xffffffff841f9d10
R8 =0x00007f5a8986a95c, R9 =0x0000000000000000, R10=0x00007f5a8d451fa8, R11=0x00007f5a8d0d1ca0
R12=0x0000000000000000, R13=0x00007f5a7adc4932, R14=0x00007f5a5c0008c0, R15=0x0000000000000000
RIP=0x00007f5a80cffc58, EFLAGS=0x0000000000010206, CSGSFS=0x0000000000000033, ERR=0x0000000000000005
  TRAPNO=0x000000000000000e

Top of Stack: (sp=0x00007f5a8986a8f0)
0x00007f5a8986a8f0:   00007f5a8d0a4790 00007f5a8dc809e8
0x00007f5a8986a900:   00007f5a8109e3e0 00007f5a8109e3f8
0x00007f5a8986a910:   00000000ffffffff ffffffff841f9d10
0x00007f5a8986a920:   00007f5a7adc4932 0000000000000000
0x00007f5a8986a930:   00007f5a7adc4932 00007f5a5c0008c0
0x00007f5a8986a940:   0000000000000000 00007f5a80cf3c55
0x00007f5a8986a950:   00007f5a8dc9e048 00007f5a7aefd520
0x00007f5a8986a960:   00007f5a7aefd520 ffffffff841f9d10
0x00007f5a8986a970:   00007f5a84185370 00007f5a8823802b
0x00007f5a8986a980:   00007f5a8d0a4790 000000110000002c
0x00007f5a8986a990:   00007f5a8986aa10 0000000000000000
0x00007f5a8986a9a0:   00007f5a8986aa10 ffffffff841f9d10
0x00007f5a8986a9b0:   0000000000000000 00007f5a8dc9e048
0x00007f5a8986a9c0:   00007f5a7af16d50 00007f5a7ad6b119
0x00007f5a8986a9d0:   0000000000000000 000000000000002c
0x00007f5a8986a9e0:   00007f5a8986aa10 00007f5a8986aa30
0x00007f5a8986a9f0:   0000000000000000 00007f5a8dc9e048
0x00007f5a8986aa00:   00007f5a841f9870 00007f5a7ad61b42
0x00007f5a8986aa10:   00007f5a8986ac00 00007f5a7adc48b1
0x00007f5a8986aa20:   00007f5a8986ac00 00007f5a8da8a92d
0x00007f5a8986aa30:   00007f5a8dc9f2c8 00007f5a8dc9f858
0x00007f5a8986aa40:   00007f5a8dc80000 00007f5a84006a00
0x00007f5a8986aa50:   00007f5a84007510 00007f5a84006eb0
0x00007f5a8986aa60:   00007f5a84007a10 00007f5a8400c6f0
0x00007f5a8986aa70:   00007f5a841274a0 00007f5a84148670
0x00007f5a8986aa80:   00007f5a8dc7f000 00007f5a841f6420
0x00007f5a8986aa90:   00007f5a841eeb40 00007f5a841eefe0
0x00007f5a8986aaa0:   00007f5a841f68f0 00007f5a841f6d90
0x00007f5a8986aab0:   00007f5a841f7230 00007f5a840fc0d0
0x00007f5a8986aac0:   00007f5a840fbc00 00007f5a840025e0
0x00007f5a8986aad0:   00007f5a84001ec0 0000000000bea5f0
0x00007f5a8986aae0:   0000000000beab60 0000000000beb570 

Instructions: (pc=0x00007f5a80cffc58)
0x00007f5a80cffc38:   24 d8 48 89 fb 4c 89 64 24 e0 4c 89 6c 24 e8 48
0x00007f5a80cffc48:   89 f5 4c 89 74 24 f0 4c 89 7c 24 f8 48 83 ec 58
0x00007f5a80cffc58:   48 8b 87 68 09 00 00 49 89 d4 49 89 cd 4d 89 c6
0x00007f5a80cffc68:   48 85 c0 74 02 ff 10 ba 08 00 00 00 be 62 00 00 

Register to memory mapping:

RAX=0x00007f5a5c0008c0 is an unknown value
RBX=0xffffffff841f9d10 is an unknown value
RCX=0x00007f5a8986a958 is an unknown value
RDX=0x00007f5a8986a954 is an unknown value
RSP=0x00007f5a8986a8f0 is an unknown value
RBP=0x00007f5a7adc4932: <offset 0x96932> in /usr/lib/fglrx/libGL.so.1 at 0x00007f5a7ad2e000
RSI=0x00007f5a7adc4932: <offset 0x96932> in /usr/lib/fglrx/libGL.so.1 at 0x00007f5a7ad2e000
RDI=0xffffffff841f9d10 is an unknown value
R8 =0x00007f5a8986a95c is an unknown value
R9 =0x0000000000000000 is an unknown value
R10=0x00007f5a8d451fa8: <offset 0x3bbfa8> in /lib/x86_64-linux-gnu/libc.so.6 at 0x00007f5a8d096000
R11=0x00007f5a8d0d1ca0: __cxa_finalize+0 in /lib/x86_64-linux-gnu/libc.so.6 at 0x00007f5a8d096000
R12=0x0000000000000000 is an unknown value
R13=0x00007f5a7adc4932: <offset 0x96932> in /usr/lib/fglrx/libGL.so.1 at 0x00007f5a7ad2e000
R14=0x00007f5a5c0008c0 is an unknown value
R15=0x0000000000000000 is an unknown value


Stack: [0x00007f5a8976b000,0x00007f5a8986c000],  sp=0x00007f5a8986a8f0,  free space=1022k
Native frames: (J=compiled Java code, j=interpreted, Vv=VM code, C=native code)
C  [libX11.so.6+0x33c58]  XQueryExtension+0x28

VM_Operation (0x00007f5a732fd6e0): Exit, mode: safepoint, requested by thread 0x00007f5a58007800


---------------  P R O C E S S  ---------------

Java Threads: ( => current thread )
  0x00007f5a58007800 JavaThread "SIGTERM handler" daemon [_thread_blocked, id=17900, stack(0x00007f5a731fe000,0x00007f5a732ff000)]
  0x00007f5a84ac2800 JavaThread "Thread-2" daemon [_thread_blocked, id=17874, stack(0x00007f5a78464000,0x00007f5a78565000)]
  0x00007f5a841f5800 JavaThread "AWT-XAWT" daemon [_thread_blocked, id=17872, stack(0x00007f5a7b689000,0x00007f5a7b78a000)]
  0x00007f5a84157800 JavaThread "Java2D Disposer" daemon [_thread_blocked, id=17871, stack(0x00007f5a7bc63000,0x00007f5a7bd64000)]
  0x00007f5a8409e800 JavaThread "Low Memory Detector" daemon [_thread_blocked, id=17869, stack(0x00007f5a88a82000,0x00007f5a88b83000)]
  0x00007f5a8409c000 JavaThread "C2 CompilerThread1" daemon [_thread_blocked, id=17868, stack(0x00007f5a88b83000,0x00007f5a88c84000)]
  0x00007f5a84099800 JavaThread "C2 CompilerThread0" daemon [_thread_blocked, id=17867, stack(0x00007f5a88c84000,0x00007f5a88d85000)]
  0x00007f5a84079000 JavaThread "Finalizer" daemon [_thread_blocked, id=17865, stack(0x00007f5a89569000,0x00007f5a8966a000)]
  0x00007f5a84077000 JavaThread "Reference Handler" daemon [_thread_blocked, id=17864, stack(0x00007f5a8966a000,0x00007f5a8976b000)]
  0x00007f5a84008800 JavaThread "main" [_thread_blocked, id=17858, stack(0x00007f5a8db7b000,0x00007f5a8dc7c000)]

Other Threads:
=>0x00007f5a84070000 VMThread [stack: 0x00007f5a8976b000,0x00007f5a8986c000] [id=17863]

VM state:at safepoint (shutting down)

VM Mutex/Monitor currently owned by a thread:  ([mutex/lock_event])
[0x00007f5a84004dd0] Threads_lock - owner thread: 0x00007f5a84070000

Heap
 PSYoungGen      total 34880K, used 18873K [0x00000000d9200000, 0x00000000db8e0000, 0x0000000100000000)
  eden space 29952K, 63% used [0x00000000d9200000,0x00000000da46e528,0x00000000daf40000)
  from space 4928K, 0% used [0x00000000db410000,0x00000000db410000,0x00000000db8e0000)
  to   space 4928K, 0% used [0x00000000daf40000,0x00000000daf40000,0x00000000db410000)
 PSOldGen        total 79616K, used 0K [0x000000008b600000, 0x00000000903c0000, 0x00000000d9200000)
  object space 79616K, 0% used [0x000000008b600000,0x000000008b600000,0x00000000903c0000)
 PSPermGen       total 21248K, used 11344K [0x0000000081000000, 0x00000000824c0000, 0x000000008b600000)
  object space 21248K, 53% used [0x0000000081000000,0x0000000081b14140,0x00000000824c0000)

Code Cache  [0x00007f5a81000000, 0x00007f5a81270000, 0x00007f5a84000000)
 total_blobs=686 nmethods=206 adapters=434 free_code_cache=49375232 largest_free_block=7040

Dynamic libraries:
00400000-00409000 r-xp 00000000 08:03 18618890                           /usr/lib/jvm/java-6-openjdk-amd64/jre/bin/java
00608000-00609000 r--p 00008000 08:03 18618890                           /usr/lib/jvm/java-6-openjdk-amd64/jre/bin/java
00609000-0060a000 rw-p 00009000 08:03 18618890                           /usr/lib/jvm/java-6-openjdk-amd64/jre/bin/java
00bea000-00c0b000 rw-p 00000000 00:00 0                                  [heap]
81000000-824c0000 rw-p 00000000 00:00 0 
824c0000-8b600000 rw-p 00000000 00:00 0 
8b600000-903c0000 rw-p 00000000 00:00 0 
903c0000-d9200000 rw-p 00000000 00:00 0 
d9200000-db8e0000 rw-p 00000000 00:00 0 
db8e0000-100000000 rw-p 00000000 00:00 0 
7f5a24000000-7f5a24021000 rw-p 00000000 00:00 0 
7f5a24021000-7f5a28000000 ---p 00000000 00:00 0 
7f5a2beff000-7f5a2bf02000 ---p 00000000 00:00 0 
7f5a2bf02000-7f5a2c000000 rw-p 00000000 00:00 0 
7f5a2c000000-7f5a2c021000 rw-p 00000000 00:00 0 
7f5a2c021000-7f5a30000000 ---p 00000000 00:00 0 
7f5a30000000-7f5a30021000 rw-p 00000000 00:00 0 
7f5a30021000-7f5a34000000 ---p 00000000 00:00 0 
7f5a34000000-7f5a34021000 rw-p 00000000 00:00 0 
7f5a34021000-7f5a38000000 ---p 00000000 00:00 0 
7f5a38000000-7f5a38021000 rw-p 00000000 00:00 0 
7f5a38021000-7f5a3c000000 ---p 00000000 00:00 0 
7f5a3c000000-7f5a3c021000 rw-p 00000000 00:00 0 
7f5a3c021000-7f5a40000000 ---p 00000000 00:00 0 
7f5a40000000-7f5a40021000 rw-p 00000000 00:00 0 
7f5a40021000-7f5a44000000 ---p 00000000 00:00 0 
7f5a44000000-7f5a44021000 rw-p 00000000 00:00 0 
7f5a44021000-7f5a48000000 ---p 00000000 00:00 0 
7f5a48000000-7f5a48021000 rw-p 00000000 00:00 0 
7f5a48021000-7f5a4c000000 ---p 00000000 00:00 0 
7f5a4c000000-7f5a4c3c5000 rw-p 00000000 00:00 0 
7f5a4c3c5000-7f5a50000000 ---p 00000000 00:00 0 
7f5a50000000-7f5a50aaf000 rw-p 00000000 00:00 0 
7f5a50aaf000-7f5a54000000 ---p 00000000 00:00 0 
7f5a54000000-7f5a54021000 rw-p 00000000 00:00 0 
7f5a54021000-7f5a58000000 ---p 00000000 00:00 0 
7f5a58000000-7f5a58021000 rw-p 00000000 00:00 0 
7f5a58021000-7f5a5c000000 ---p 00000000 00:00 0 
7f5a5c000000-7f5a5c021000 rw-p 00000000 00:00 0 
7f5a5c021000-7f5a60000000 ---p 00000000 00:00 0 
7f5a60000000-7f5a60021000 rw-p 00000000 00:00 0 
7f5a60021000-7f5a64000000 ---p 00000000 00:00 0 
7f5a64000000-7f5a64021000 rw-p 00000000 00:00 0 
7f5a64021000-7f5a68000000 ---p 00000000 00:00 0 
7f5a6c000000-7f5a6c021000 rw-p 00000000 00:00 0 
7f5a6c021000-7f5a70000000 ---p 00000000 00:00 0 
7f5a72ffc000-7f5a72fff000 ---p 00000000 00:00 0 
7f5a72fff000-7f5a730fd000 rw-p 00000000 00:00 0 
7f5a730fd000-7f5a73100000 ---p 00000000 00:00 0 
7f5a73100000-7f5a731fe000 rw-p 00000000 00:00 0 
7f5a731fe000-7f5a73201000 ---p 00000000 00:00 0 
7f5a73201000-7f5a732ff000 rw-p 00000000 00:00 0 
7f5a732ff000-7f5a733ff000 rw-s 3bb79000 00:05 10225                      /dev/ati/card0
7f5a733ff000-7f5a734ff000 rw-s 3bb78000 00:05 10225                      /dev/ati/card0
7f5a734ff000-7f5a736ff000 rw-s 3bb74000 00:05 10225                      /dev/ati/card0
7f5a73700000-7f5a73800000 rw-s 3bb77000 00:05 10225                      /dev/ati/card0
7f5a73800000-7f5a73900000 rw-s 3bb76000 00:05 10225                      /dev/ati/card0
7f5a73900000-7f5a74000000 rw-s 00006000 00:05 10225                      /dev/ati/card0
7f5a74000000-7f5a74021000 rw-p 00000000 00:00 0 
7f5a74021000-7f5a78000000 ---p 00000000 00:00 0 
7f5a7805f000-7f5a7815f000 rw-s 3bb72000 00:05 10225                      /dev/ati/card0
7f5a7815f000-7f5a78361000 rw-p 00000000 00:00 0 
7f5a78361000-7f5a78364000 r-xp 00000000 08:03 15602613                   /home/arwilczek90/workspace/Elements/lib/slick/libjinput-linux64.so
7f5a78364000-7f5a78463000 ---p 00003000 08:03 15602613                   /home/arwilczek90/workspace/Elements/lib/slick/libjinput-linux64.so
7f5a78463000-7f5a78464000 rw-p 00002000 08:03 15602613                   /home/arwilczek90/workspace/Elements/lib/slick/libjinput-linux64.so
7f5a78464000-7f5a78467000 ---p 00000000 00:00 0 
7f5a78467000-7f5a78565000 rw-p 00000000 00:00 0 
7f5a78565000-7f5a785a5000 rw-s 0002a000 00:05 10225                      /dev/ati/card0
7f5a785a5000-7f5a785a7000 r-xp 00000000 08:03 18488267                   /usr/lib/x86_64-linux-gnu/libXinerama.so.1.0.0
7f5a785a7000-7f5a787a6000 ---p 00002000 08:03 18488267                   /usr/lib/x86_64-linux-gnu/libXinerama.so.1.0.0
7f5a787a6000-7f5a787a7000 r--p 00001000 08:03 18488267                   /usr/lib/x86_64-linux-gnu/libXinerama.so.1.0.0
7f5a787a7000-7f5a787a8000 rw-p 00002000 08:03 18488267                   /usr/lib/x86_64-linux-gnu/libXinerama.so.1.0.0
7f5a787a8000-7f5a787e3000 r-xp 00000000 08:03 19009508                   /usr/lib/fglrx/libatiadlxx.so
7f5a787e3000-7f5a788e3000 ---p 0003b000 08:03 19009508                   /usr/lib/fglrx/libatiadlxx.so
7f5a788e3000-7f5a788ec000 rw-p 0003b000 08:03 19009508                   /usr/lib/fglrx/libatiadlxx.so
7f5a788ec000-7f5a788fd000 rw-p 00000000 00:00 0 
7f5a78917000-7f5a78957000 rw-s f0300000 00:05 10225                      /dev/ati/card0
7f5a78957000-7f5a7895e000 r-xp 00000000 08:03 19009532                   /usr/lib/fglrx/libatiuki.so.1.0
7f5a7895e000-7f5a78a5e000 ---p 00007000 08:03 19009532                   /usr/lib/fglrx/libatiuki.so.1.0
7f5a78a5e000-7f5a78a5f000 rw-p 00007000 08:03 19009532                   /usr/lib/fglrx/libatiuki.so.1.0
7f5a78a5f000-7f5a78a60000 rw-p 00000000 00:00 0 
7f5a78a60000-7f5a7a9ba000 r-xp 00000000 08:03 19009510                   /usr/lib/fglrx/dri/fglrx_dri.so
7f5a7a9ba000-7f5a7aaba000 ---p 01f5a000 08:03 19009510                   /usr/lib/fglrx/dri/fglrx_dri.so
7f5a7aaba000-7f5a7ac08000 rwxp 01f5a000 08:03 19009510                   /usr/lib/fglrx/dri/fglrx_dri.so
7f5a7ac08000-7f5a7ad2e000 rwxp 00000000 00:00 0 
7f5a7ad2e000-7f5a7adf1000 r-xp 00000000 08:03 19009512                   /usr/lib/fglrx/libGL.so.1.2
7f5a7adf1000-7f5a7aef0000 ---p 000c3000 08:03 19009512                   /usr/lib/fglrx/libGL.so.1.2
7f5a7aef0000-7f5a7af17000 rwxp 000c2000 08:03 19009512                   /usr/lib/fglrx/libGL.so.1.2
7f5a7af17000-7f5a7af37000 rwxp 00000000 00:00 0 
7f5a7af37000-7f5a7af38000 r-xp 00000000 08:03 18618886                   /usr/lib/jvm/java-6-openjdk-amd64/jre/lib/amd64/libjawt.so
7f5a7af38000-7f5a7b137000 ---p 00001000 08:03 18618886                   /usr/lib/jvm/java-6-openjdk-amd64/jre/lib/amd64/libjawt.so
7f5a7b137000-7f5a7b138000 r--p 00000000 08:03 18618886                   /usr/lib/jvm/java-6-openjdk-amd64/jre/lib/amd64/libjawt.so
7f5a7b138000-7f5a7b139000 rw-p 00001000 08:03 18618886                   /usr/lib/jvm/java-6-openjdk-amd64/jre/lib/amd64/libjawt.so
7f5a7b139000-7f5a7b13d000 r-xp 00000000 08:03 18488287                   /usr/lib/x86_64-linux-gnu/libXxf86vm.so.1.0.0
7f5a7b13d000-7f5a7b33c000 ---p 00004000 08:03 18488287                   /usr/lib/x86_64-linux-gnu/libXxf86vm.so.1.0.0
7f5a7b33c000-7f5a7b33d000 r--p 00003000 08:03 18488287                   /usr/lib/x86_64-linux-gnu/libXxf86vm.so.1.0.0
7f5a7b33d000-7f5a7b33e000 rw-p 00004000 08:03 18488287                   /usr/lib/x86_64-linux-gnu/libXxf86vm.so.1.0.0
7f5a7b33e000-7f5a7b346000 r-xp 00000000 08:03 18488277                   /usr/lib/x86_64-linux-gnu/libXrandr.so.2.2.0
7f5a7b346000-7f5a7b545000 ---p 00008000 08:03 18488277                   /usr/lib/x86_64-linux-gnu/libXrandr.so.2.2.0
7f5a7b545000-7f5a7b546000 r--p 00007000 08:03 18488277                   /usr/lib/x86_64-linux-gnu/libXrandr.so.2.2.0
7f5a7b546000-7f5a7b547000 rw-p 00008000 08:03 18488277                   /usr/lib/x86_64-linux-gnu/libXrandr.so.2.2.0
7f5a7b547000-7f5a7b587000 r-xp 00000000 08:03 15602617                   /home/arwilczek90/workspace/Elements/lib/slick/liblwjgl64.so
7f5a7b587000-7f5a7b687000 ---p 00040000 08:03 15602617                   /home/arwilczek90/workspace/Elements/lib/slick/liblwjgl64.so
7f5a7b687000-7f5a7b689000 rw-p 00040000 08:03 15602617                   /home/arwilczek90/workspace/Elements/lib/slick/liblwjgl64.so
7f5a7b689000-7f5a7b68c000 ---p 00000000 00:00 0 
7f5a7b68c000-7f5a7b78a000 rw-p 00000000 00:00 0 
7f5a7b78a000-7f5a7b78b000 r--s 00000000 08:03 19927127                   /var/cache/fontconfig/c05880de57d1f5e948fdfacc138775d9-le64.cache-3
7f5a7b78b000-7f5a7b794000 r--s 00000000 08:03 19927122                   /var/cache/fontconfig/945677eb7aeaf62f1d50efc3fb3ec7d8-le64.cache-3
7f5a7b794000-7f5a7b796000 r--s 00000000 08:03 19927123                   /var/cache/fontconfig/99e8ed0e538f840c565b6ed5dad60d56-le64.cache-3
7f5a7b796000-7f5a7b79a000 r--s 00000000 08:03 19927109                   /var/cache/fontconfig/2cd17615ca594fa2959ae173292e504c-le64.cache-3
7f5a7b79a000-7f5a7b79b000 r--s 00000000 08:03 19927134                   /var/cache/fontconfig/e7071f4a29fa870f4323321c154eba04-le64.cache-3
7f5a7b79b000-7f5a7b79c000 r--s 00000000 08:03 19927107                   /var/cache/fontconfig/0d8c3b2ac0904cb8a57a757ad11a4a08-le64.cache-3
7f5a7b79c000-7f5a7b7a2000 r--s 00000000 08:03 19927124                   /var/cache/fontconfig/a755afe4a08bf5b97852ceb7400b47bc-le64.cache-3
7f5a7b7a2000-7f5a7b7ab000 r--s 00000000 08:03 19927460                   /var/cache/fontconfig/6d41288fd70b0be22e8c3a91e032eec0-le64.cache-3
7f5a7b7ab000-7f5a7b7bb000 r--s 00000000 08:03 19927106                   /var/cache/fontconfig/04aabc0a78ac019cf9454389977116d2-le64.cache-3
7f5a7b7bb000-7f5a7b7e9000 r--s 00000000 08:03 19927454                   /var/cache/fontconfig/365b55f210c0a22e9a19e35191240f32-le64.cache-3
7f5a7b7f5000-7f5a7b7f7000 r--s 00015000 08:03 15598514                   /home/arwilczek90/workspace/Elements/lib/slick/lib/tinylinepp.jar
7f5a7b7f7000-7f5a7b7fa000 r--s 00015000 08:03 15598512                   /home/arwilczek90/workspace/Elements/lib/slick/lib/slick-util.jar
7f5a7b7fa000-7f5a7b802000 r--s 00067000 08:03 15598510                   /home/arwilczek90/workspace/Elements/lib/slick/lib/slick-sources.jar
7f5a7b802000-7f5a7b803000 r--s 00000000 08:03 15598509                   /home/arwilczek90/workspace/Elements/lib/slick/lib/slick-examples.jar
7f5a7b803000-7f5a7b804000 r--s 00003000 08:03 15598508                   /home/arwilczek90/workspace/Elements/lib/slick/lib/scalar.jar
7f5a7b804000-7f5a7b807000 r--s 00017000 08:03 15598507                   /home/arwilczek90/workspace/Elements/lib/slick/lib/pedigree.jar
7f5a7b807000-7f5a7b812000 r--s 00093000 08:03 15598513                   /home/arwilczek90/workspace/Elements/lib/slick/lib/slick.jar
7f5a7b812000-7f5a7b814000 r--s 00004000 08:03 15598506                   /home/arwilczek90/workspace/Elements/lib/slick/lib/packulike.jar
7f5a7b814000-7f5a7b815000 r--s 00043000 08:03 15598505                   /home/arwilczek90/workspace/Elements/lib/slick/lib/natives-win32.jar
7f5a7b815000-7f5a7b817000 r--s 00033000 08:03 15598504                   /home/arwilczek90/workspace/Elements/lib/slick/lib/natives-mac.jar
7f5a7b817000-7f5a7b818000 r--s 0003d000 08:03 15598503                   /home/arwilczek90/workspace/Elements/lib/slick/lib/natives-linux.jar
7f5a7b818000-7f5a7b81f000 r--s 00073000 08:03 15598502                   /home/arwilczek90/workspace/Elements/lib/slick/lib/lwjgl.jar
7f5a7b81f000-7f5a7b821000 r--s 0000d000 08:03 15598501                   /home/arwilczek90/workspace/Elements/lib/slick/lib/jorbis-0.0.15.jar
7f5a7b821000-7f5a7b822000 r--s 00001000 08:03 15598500                   /home/arwilczek90/workspace/Elements/lib/slick/lib/jogg-0.0.7.jar
7f5a7b822000-7f5a7b827000 r-xp 00000000 08:03 18488261                   /usr/lib/x86_64-linux-gnu/libXfixes.so.3.1.0
7f5a7b827000-7f5a7ba26000 ---p 00005000 08:03 18488261                   /usr/lib/x86_64-linux-gnu/libXfixes.so.3.1.0
7f5a7ba26000-7f5a7ba27000 r--p 00004000 08:03 18488261                   /usr/lib/x86_64-linux-gnu/libXfixes.so.3.1.0
7f5a7ba27000-7f5a7ba28000 rw-p 00005000 08:03 18488261                   /usr/lib/x86_64-linux-gnu/libXfixes.so.3.1.0
7f5a7ba28000-7f5a7ba31000 r-xp 00000000 08:03 18488253                   /usr/lib/x86_64-linux-gnu/libXcursor.so.1.0.2
7f5a7ba31000-7f5a7bc30000 ---p 00009000 08:03 18488253                   /usr/lib/x86_64-linux-gnu/libXcursor.so.1.0.2
7f5a7bc30000-7f5a7bc31000 r--p 00008000 08:03 18488253                   /usr/lib/x86_64-linux-gnu/libXcursor.so.1.0.2
7f5a7bc31000-7f5a7bc32000 rw-p 00009000 08:03 18488253                   /usr/lib/x86_64-linux-gnu/libXcursor.so.1.0.2
7f5a7bc32000-7f5a7bc33000 r--s 00001000 08:03 15598499                   /home/arwilczek90/workspace/Elements/lib/slick/lib/jnlp.jar
7f5a7bc33000-7f5a7bc38000 r--s 0002f000 08:03 15598498                   /home/arwilczek90/workspace/Elements/lib/slick/lib/jinput.jar
7f5a7bc38000-7f5a7bc3a000 r--s 00008000 08:03 15598497                   /home/arwilczek90/workspace/Elements/lib/slick/lib/ibxm.jar
7f5a7bc3a000-7f5a7bc3d000 r--s 0005b000 08:03 15598496                   /home/arwilczek90/workspace/Elements/lib/slick/lib/hiero.jar
7f5a7bc3d000-7f5a7bc3e000 r--s 00007000 08:03 15597697                   /home/arwilczek90/workspace/Elements/lib/slick/applet/lwjgl_util_applet.jar
7f5a7bc3e000-7f5a7bc3f000 rw-s 00005000 00:05 10225                      /dev/ati/card0
7f5a7bc3f000-7f5a7bc41000 rw-s 00002000 00:05 10225                      /dev/ati/card0
7f5a7bc41000-7f5a7bc4c000 r--s 00093000 08:03 15597692                   /home/arwilczek90/workspace/Elements/lib/slick.jar
7f5a7bc4c000-7f5a7bc53000 r--s 000fb000 08:03 18618812                   /usr/lib/jvm/java-6-openjdk-common/jre/lib/resources.jar
7f5a7bc53000-7f5a7bc56000 r--s 00000000 08:03 19927112                   /var/cache/fontconfig/385c0604a188198f04d133e54aba7fe7-le64.cache-3
7f5a7bc56000-7f5a7bc59000 r--s 00000000 08:03 19927121                   /var/cache/fontconfig/8801497958630a81b71ace7c5f9b32a8-le64.cache-3
7f5a7bc59000-7f5a7bc5e000 r--s 00000000 08:03 19927110                   /var/cache/fontconfig/3047814df9a2f067bd2d96a2b9c36e5a-le64.cache-3
7f5a7bc5e000-7f5a7bc63000 r--s 00000000 08:03 19927125                   /var/cache/fontconfig/b47c4e1ecd0709278f4910c18777a504-le64.cache-3
7f5a7bc63000-7f5a7bc66000 ---p 00000000 00:00 0 
7f5a7bc66000-7f5a7bd64000 rw-p 00000000 00:00 0 
7f5a7bd64000-7f5a7bdfa000 r-xp 00000000 08:03 18488439                   /usr/lib/x86_64-linux-gnu/libfreetype.so.6.8.0
7f5a7bdfa000-7f5a7bff9000 ---p 00096000 08:03 18488439                   /usr/lib/x86_64-linux-gnu/libfreetype.so.6.8.0
7f5a7bff9000-7f5a7bfff000 r--p 00095000 08:03 18488439                   /usr/lib/x86_64-linux-gnu/libfreetype.so.6.8.0
7f5a7bfff000-7f5a7c000000 rw-p 0009b000 08:03 18488439                   /usr/lib/x86_64-linux-gnu/libfreetype.so.6.8.0
7f5a7c000000-7f5a7c021000 rw-p 00000000 00:00 0 
7f5a7c021000-7f5a80000000 ---p 00000000 00:00 0 
7f5a80000000-7f5a80006000 r--s 00000000 08:03 19927124                   /var/cache/fontconfig/a755afe4a08bf5b97852ceb7400b47bc-le64.cache-3
7f5a80006000-7f5a8000f000 r--s 00000000 08:03 19927460                   /var/cache/fontconfig/6d41288fd70b0be22e8c3a91e032eec0-le64.cache-3
7f5a8000f000-7f5a8001f000 r--s 00000000 08:03 19927106                   /var/cache/fontconfig/04aabc0a78ac019cf9454389977116d2-le64.cache-3
7f5a8001f000-7f5a80022000 r--s 00000000 08:03 19927112                   /var/cache/fontconfig/385c0604a188198f04d133e54aba7fe7-le64.cache-3
7f5a80022000-7f5a80023000 r--s 00000000 08:03 19927113                   /var/cache/fontconfig/4794a0821666d79190d59a36cb4f44b5-le64.cache-3
7f5a80023000-7f5a80026000 r--s 00000000 08:03 19927121                   /var/cache/fontconfig/8801497958630a81b71ace7c5f9b32a8-le64.cache-3
7f5a80026000-7f5a80054000 r--s 00000000 08:03 19927454                   /var/cache/fontconfig/365b55f210c0a22e9a19e35191240f32-le64.cache-3
7f5a80054000-7f5a8008e000 r-xp 00000000 08:03 18618871                   /usr/lib/jvm/java-6-openjdk-amd64/jre/lib/amd64/libfontmanager.so
7f5a8008e000-7f5a8028d000 ---p 0003a000 08:03 18618871                   /usr/lib/jvm/java-6-openjdk-amd64/jre/lib/amd64/libfontmanager.so
7f5a8028d000-7f5a8028f000 r--p 00039000 08:03 18618871                   /usr/lib/jvm/java-6-openjdk-amd64/jre/lib/amd64/libfontmanager.so
7f5a8028f000-7f5a80290000 rw-p 0003b000 08:03 18618871                   /usr/lib/jvm/java-6-openjdk-amd64/jre/lib/amd64/libfontmanager.so
7f5a80290000-7f5a80295000 r-xp 00000000 08:03 18488257                   /usr/lib/x86_64-linux-gnu/libXdmcp.so.6.0.0
7f5a80295000-7f5a80494000 ---p 00005000 08:03 18488257                   /usr/lib/x86_64-linux-gnu/libXdmcp.so.6.0.0
7f5a80494000-7f5a80495000 r--p 00004000 08:03 18488257                   /usr/lib/x86_64-linux-gnu/libXdmcp.so.6.0.0
7f5a80495000-7f5a80496000 rw-p 00005000 08:03 18488257                   /usr/lib/x86_64-linux-gnu/libXdmcp.so.6.0.0
7f5a80496000-7f5a80498000 r-xp 00000000 08:03 18488246                   /usr/lib/x86_64-linux-gnu/libXau.so.6.0.0
7f5a80498000-7f5a80697000 ---p 00002000 08:03 18488246                   /usr/lib/x86_64-linux-gnu/libXau.so.6.0.0
7f5a80697000-7f5a80698000 r--p 00001000 08:03 18488246                   /usr/lib/x86_64-linux-gnu/libXau.so.6.0.0
7f5a80698000-7f5a80699000 rw-p 00002000 08:03 18488246                   /usr/lib/x86_64-linux-gnu/libXau.so.6.0.0
7f5a80699000-7f5a806b6000 r-xp 00000000 08:03 18488845                   /usr/lib/x86_64-linux-gnu/libxcb.so.1.1.0
7f5a806b6000-7f5a808b5000 ---p 0001d000 08:03 18488845                   /usr/lib/x86_64-linux-gnu/libxcb.so.1.1.0
7f5a808b5000-7f5a808b6000 r--p 0001c000 08:03 18488845                   /usr/lib/x86_64-linux-gnu/libxcb.so.1.1.0
7f5a808b6000-7f5a808b7000 rw-p 0001d000 08:03 18488845                   /usr/lib/x86_64-linux-gnu/libxcb.so.1.1.0
7f5a808b7000-7f5a808c5000 r-xp 00000000 08:03 18488265                   /usr/lib/x86_64-linux-gnu/libXi.so.6.1.0
7f5a808c5000-7f5a80ac4000 ---p 0000e000 08:03 18488265                   /usr/lib/x86_64-linux-gnu/libXi.so.6.1.0
7f5a80ac4000-7f5a80ac5000 r--p 0000d000 08:03 18488265                   /usr/lib/x86_64-linux-gnu/libXi.so.6.1.0
7f5a80ac5000-7f5a80ac6000 rw-p 0000e000 08:03 18488265                   /usr/lib/x86_64-linux-gnu/libXi.so.6.1.0
7f5a80ac6000-7f5a80acb000 r-xp 00000000 08:03 18488283                   /usr/lib/x86_64-linux-gnu/libXtst.so.6.1.0
7f5a80acb000-7f5a80cca000 ---p 00005000 08:03 18488283                   /usr/lib/x86_64-linux-gnu/libXtst.so.6.1.0
7f5a80cca000-7f5a80ccb000 r--p 00004000 08:03 18488283                   /usr/lib/x86_64-linux-gnu/libXtst.so.6.1.0
7f5a80ccb000-7f5a80ccc000 rw-p 00005000 08:03 18488283                   /usr/lib/x86_64-linux-gnu/libXtst.so.6.1.0
7f5a80ccc000-7f5a80dfb000 r-xp 00000000 08:03 18488244                   /usr/lib/x86_64-linux-gnu/libX11.so.6.3.0
7f5a80dfb000-7f5a80ffb000 ---p 0012f000 08:03 18488244                   /usr/lib/x86_64-linux-gnu/libX11.so.6.3.0
7f5a80ffb000-7f5a80ffc000 r--p 0012f000 08:03 18488244                   /usr/lib/x86_64-linux-gnu/libX11.so.6.3.0
7f5a80ffc000-7f5a81000000 rw-p 00130000 08:03 18488244                   /usr/lib/x86_64-linux-gnu/libX11.so.6.3.0
7f5a81000000-7f5a81270000 rwxp 00000000 00:00 0 
7f5a81270000-7f5a84d59000 rw-p 00000000 00:00 0 
7f5a84d59000-7f5a88000000 ---p 00000000 00:00 0 
7f5a88000000-7f5a88001000 r--s 00000000 08:03 19927113                   /var/cache/fontconfig/4794a0821666d79190d59a36cb4f44b5-le64.cache-3
7f5a88001000-7f5a88002000 r--s 00000000 08:03 19927115                   /var/cache/fontconfig/56cf4f4769d0f4abc89a4895d7bd3ae1-le64.cache-3
7f5a88002000-7f5a88003000 r--s 00000000 08:03 19927126                   /var/cache/fontconfig/b9d506c9ac06c20b433354fa67a72993-le64.cache-3
7f5a88003000-7f5a88013000 r--s 00000000 08:03 19927130                   /var/cache/fontconfig/d52a8644073d54c13679302ca1180695-le64.cache-3
7f5a88013000-7f5a88017000 r--s 00000000 08:03 19927452                   /var/cache/fontconfig/7ef2298fde41cc6eeb7af42e48b7d293-le64.cache-3
7f5a88017000-7f5a88018000 r--s 00000000 08:03 19927127                   /var/cache/fontconfig/c05880de57d1f5e948fdfacc138775d9-le64.cache-3
7f5a88018000-7f5a88021000 r--s 00000000 08:03 19927122                   /var/cache/fontconfig/945677eb7aeaf62f1d50efc3fb3ec7d8-le64.cache-3
7f5a88021000-7f5a8802a000 r-xp 00000000 08:03 18488279                   /usr/lib/x86_64-linux-gnu/libXrender.so.1.3.0
7f5a8802a000-7f5a88229000 ---p 00009000 08:03 18488279                   /usr/lib/x86_64-linux-gnu/libXrender.so.1.3.0
7f5a88229000-7f5a8822a000 r--p 00008000 08:03 18488279                   /usr/lib/x86_64-linux-gnu/libXrender.so.1.3.0
7f5a8822a000-7f5a8822b000 rw-p 00009000 08:03 18488279                   /usr/lib/x86_64-linux-gnu/libXrender.so.1.3.0
7f5a8822b000-7f5a8823b000 r-xp 00000000 08:03 18488259                   /usr/lib/x86_64-linux-gnu/libXext.so.6.4.0
7f5a8823b000-7f5a8843a000 ---p 00010000 08:03 18488259                   /usr/lib/x86_64-linux-gnu/libXext.so.6.4.0
7f5a8843a000-7f5a8843b000 r--p 0000f000 08:03 18488259                   /usr/lib/x86_64-linux-gnu/libXext.so.6.4.0
7f5a8843b000-7f5a8843c000 rw-p 00010000 08:03 18488259                   /usr/lib/x86_64-linux-gnu/libXext.so.6.4.0
7f5a8843c000-7f5a88487000 r-xp 00000000 08:03 18618972                   /usr/lib/jvm/java-6-openjdk-amd64/jre/lib/amd64/xawt/libmawt.so
7f5a88487000-7f5a88687000 ---p 0004b000 08:03 18618972                   /usr/lib/jvm/java-6-openjdk-amd64/jre/lib/amd64/xawt/libmawt.so
7f5a88687000-7f5a88688000 r--p 0004b000 08:03 18618972                   /usr/lib/jvm/java-6-openjdk-amd64/jre/lib/amd64/xawt/libmawt.so
7f5a88688000-7f5a8868b000 rw-p 0004c000 08:03 18618972                   /usr/lib/jvm/java-6-openjdk-amd64/jre/lib/amd64/xawt/libmawt.so
7f5a8868b000-7f5a8868c000 rw-p 00000000 00:00 0 
7f5a8868c000-7f5a88738000 r-xp 00000000 08:03 18618874                   /usr/lib/jvm/java-6-openjdk-amd64/jre/lib/amd64/libawt.so
7f5a88738000-7f5a88937000 ---p 000ac000 08:03 18618874                   /usr/lib/jvm/java-6-openjdk-amd64/jre/lib/amd64/libawt.so
7f5a88937000-7f5a88938000 r--p 000ab000 08:03 18618874                   /usr/lib/jvm/java-6-openjdk-amd64/jre/lib/amd64/libawt.so
7f5a88938000-7f5a88943000 rw-p 000ac000 08:03 18618874                   /usr/lib/jvm/java-6-openjdk-amd64/jre/lib/amd64/libawt.so
7f5a88943000-7f5a88968000 rw-p 00000000 00:00 0 
7f5a88968000-7f5a8896b000 r--s 0007d000 08:03 18618443                   /usr/lib/jvm/java-6-openjdk-common/jre/lib/jsse.jar
7f5a8896b000-7f5a88972000 r--s 00073000 08:03 15597691                   /home/arwilczek90/workspace/Elements/lib/lwjgl.jar
7f5a88972000-7f5a88974000 r--s 0000f000 08:03 18618803                   /usr/lib/jvm/java-6-openjdk-common/jre/lib/ext/pulse-java.jar
7f5a88974000-7f5a88977000 r--s 00077000 08:03 18618797                   /usr/lib/jvm/java-6-openjdk-common/jre/lib/ext/localedata.jar
7f5a88977000-7f5a88978000 r--s 00007000 08:03 18748229                   /usr/share/java/java-atk-wrapper.jar
7f5a88978000-7f5a8897a000 r--s 00001000 08:03 18618801                   /usr/lib/jvm/java-6-openjdk-common/jre/lib/ext/dnsns.jar
7f5a8897a000-7f5a8897e000 r--s 00038000 08:03 18618795                   /usr/lib/jvm/java-6-openjdk-common/jre/lib/ext/sunpkcs11.jar
7f5a8897e000-7f5a88981000 r--s 00031000 08:03 18618799                   /usr/lib/jvm/java-6-openjdk-common/jre/lib/ext/sunjce_provider.jar
7f5a88981000-7f5a88982000 ---p 00000000 00:00 0 
7f5a88982000-7f5a88a82000 rw-p 00000000 00:00 0 
7f5a88a82000-7f5a88a85000 ---p 00000000 00:00 0 
7f5a88a85000-7f5a88b83000 rw-p 00000000 00:00 0 
7f5a88b83000-7f5a88b86000 ---p 00000000 00:00 0 
7f5a88b86000-7f5a88c84000 rw-p 00000000 00:00 0 
7f5a88c84000-7f5a88c87000 ---p 00000000 00:00 0 
7f5a88c87000-7f5a88d85000 rw-p 00000000 00:00 0 
7f5a88d85000-7f5a88d88000 ---p 00000000 00:00 0 
7f5a88d88000-7f5a88e86000 rw-p 00000000 00:00 0 
7f5a88e86000-7f5a89569000 r--p 00000000 08:03 18487587                   /usr/lib/locale/locale-archive
7f5a89569000-7f5a8956c000 ---p 00000000 00:00 0 
7f5a8956c000-7f5a8966a000 rw-p 00000000 00:00 0 
7f5a8966a000-7f5a8966d000 ---p 00000000 00:00 0 
7f5a8966d000-7f5a8976b000 rw-p 00000000 00:00 0 
7f5a8976b000-7f5a8976c000 ---p 00000000 00:00 0 
7f5a8976c000-7f5a89da4000 rw-p 00000000 00:00 0 
7f5a89da4000-7f5a89f36000 r--s 037bf000 08:03 18618843                   /usr/lib/jvm/java-6-openjdk-amd64/jre/lib/rt.jar
7f5a89f36000-7f5a89f5e000 rw-p 00000000 00:00 0 
7f5a89f5e000-7f5a89f5f000 ---p 00000000 00:00 0 
7f5a89f5f000-7f5a8a05f000 rw-p 00000000 00:00 0 
7f5a8a05f000-7f5a8a060000 ---p 00000000 00:00 0 
7f5a8a060000-7f5a8a160000 rw-p 00000000 00:00 0 
7f5a8a160000-7f5a8a161000 ---p 00000000 00:00 0 
7f5a8a161000-7f5a8a261000 rw-p 00000000 00:00 0 
7f5a8a261000-7f5a8a262000 ---p 00000000 00:00 0 
7f5a8a262000-7f5a8a36d000 rw-p 00000000 00:00 0 
7f5a8a36d000-7f5a8a3b5000 rw-p 00000000 00:00 0 
7f5a8a3b5000-7f5a8a3dc000 rw-p 00000000 00:00 0 
7f5a8a3dc000-7f5a8a623000 rw-p 00000000 00:00 0 
7f5a8a623000-7f5a8a62e000 rw-p 00000000 00:00 0 
7f5a8a62e000-7f5a8a676000 rw-p 00000000 00:00 0 
7f5a8a676000-7f5a8a69d000 rw-p 00000000 00:00 0 
7f5a8a69d000-7f5a8a8e4000 rw-p 00000000 00:00 0 
7f5a8a8e4000-7f5a8a8f8000 rw-p 00000000 00:00 0 
7f5a8a8f8000-7f5a8aa1b000 rw-p 00000000 00:00 0 
7f5a8aa1b000-7f5a8aa1c000 rw-p 00000000 00:00 0 
7f5a8aa1c000-7f5a8aa23000 r-xp 00000000 08:03 18618888                   /usr/lib/jvm/java-6-openjdk-amd64/jre/lib/amd64/libzip.so
7f5a8aa23000-7f5a8ac22000 ---p 00007000 08:03 18618888                   /usr/lib/jvm/java-6-openjdk-amd64/jre/lib/amd64/libzip.so
7f5a8ac22000-7f5a8ac23000 r--p 00006000 08:03 18618888                   /usr/lib/jvm/java-6-openjdk-amd64/jre/lib/amd64/libzip.so
7f5a8ac23000-7f5a8ac24000 rw-p 00007000 08:03 18618888                   /usr/lib/jvm/java-6-openjdk-amd64/jre/lib/amd64/libzip.so
7f5a8ac24000-7f5a8ac30000 r-xp 00000000 08:03 21758081                   /lib/x86_64-linux-gnu/libnss_files-2.15.so
7f5a8ac30000-7f5a8ae2f000 ---p 0000c000 08:03 21758081                   /lib/x86_64-linux-gnu/libnss_files-2.15.so
7f5a8ae2f000-7f5a8ae30000 r--p 0000b000 08:03 21758081                   /lib/x86_64-linux-gnu/libnss_files-2.15.so
7f5a8ae30000-7f5a8ae31000 rw-p 0000c000 08:03 21758081                   /lib/x86_64-linux-gnu/libnss_files-2.15.so
7f5a8ae31000-7f5a8ae3b000 r-xp 00000000 08:03 21758077                   /lib/x86_64-linux-gnu/libnss_nis-2.15.so
7f5a8ae3b000-7f5a8b03b000 ---p 0000a000 08:03 21758077                   /lib/x86_64-linux-gnu/libnss_nis-2.15.so
7f5a8b03b000-7f5a8b03c000 r--p 0000a000 08:03 21758077                   /lib/x86_64-linux-gnu/libnss_nis-2.15.so
7f5a8b03c000-7f5a8b03d000 rw-p 0000b000 08:03 21758077                   /lib/x86_64-linux-gnu/libnss_nis-2.15.so
7f5a8b03d000-7f5a8b054000 r-xp 00000000 08:03 21761730                   /lib/x86_64-linux-gnu/libnsl-2.15.so
7f5a8b054000-7f5a8b253000 ---p 00017000 08:03 21761730                   /lib/x86_64-linux-gnu/libnsl-2.15.so
7f5a8b253000-7f5a8b254000 r--p 00016000 08:03 21761730                   /lib/x86_64-linux-gnu/libnsl-2.15.so
7f5a8b254000-7f5a8b255000 rw-p 00017000 08:03 21761730                   /lib/x86_64-linux-gnu/libnsl-2.15.so
7f5a8b255000-7f5a8b257000 rw-p 00000000 00:00 0 
7f5a8b257000-7f5a8b25f000 r-xp 00000000 08:03 21758082                   /lib/x86_64-linux-gnu/libnss_compat-2.15.so
7f5a8b25f000-7f5a8b45e000 ---p 00008000 08:03 21758082                   /lib/x86_64-linux-gnu/libnss_compat-2.15.so
7f5a8b45e000-7f5a8b45f000 r--p 00007000 08:03 21758082                   /lib/x86_64-linux-gnu/libnss_compat-2.15.so
7f5a8b45f000-7f5a8b460000 rw-p 00008000 08:03 21758082                   /lib/x86_64-linux-gnu/libnss_compat-2.15.so
7f5a8b460000-7f5a8b48c000 r-xp 00000000 08:03 18618873                   /usr/lib/jvm/java-6-openjdk-amd64/jre/lib/amd64/libjava.so
7f5a8b48c000-7f5a8b68b000 ---p 0002c000 08:03 18618873                   /usr/lib/jvm/java-6-openjdk-amd64/jre/lib/amd64/libjava.so
7f5a8b68b000-7f5a8b68c000 r--p 0002b000 08:03 18618873                   /usr/lib/jvm/java-6-openjdk-amd64/jre/lib/amd64/libjava.so
7f5a8b68c000-7f5a8b68f000 rw-p 0002c000 08:03 18618873                   /usr/lib/jvm/java-6-openjdk-amd64/jre/lib/amd64/libjava.so
7f5a8b68f000-7f5a8b69d000 r-xp 00000000 08:03 18618872                   /usr/lib/jvm/java-6-openjdk-amd64/jre/lib/amd64/libverify.so
7f5a8b69d000-7f5a8b89c000 ---p 0000e000 08:03 18618872                   /usr/lib/jvm/java-6-openjdk-amd64/jre/lib/amd64/libverify.so
7f5a8b89c000-7f5a8b89e000 r--p 0000d000 08:03 18618872                   /usr/lib/jvm/java-6-openjdk-amd64/jre/lib/amd64/libverify.so
7f5a8b89e000-7f5a8b89f000 rw-p 0000f000 08:03 18618872                   /usr/lib/jvm/java-6-openjdk-amd64/jre/lib/amd64/libverify.so
7f5a8b89f000-7f5a8b8a6000 r-xp 00000000 08:03 21758075                   /lib/x86_64-linux-gnu/librt-2.15.so
7f5a8b8a6000-7f5a8baa5000 ---p 00007000 08:03 21758075                   /lib/x86_64-linux-gnu/librt-2.15.so
7f5a8baa5000-7f5a8baa6000 r--p 00006000 08:03 21758075                   /lib/x86_64-linux-gnu/librt-2.15.so
7f5a8baa6000-7f5a8baa7000 rw-p 00007000 08:03 21758075                   /lib/x86_64-linux-gnu/librt-2.15.so
7f5a8baa7000-7f5a8babc000 r-xp 00000000 08:03 21761542                   /lib/x86_64-linux-gnu/libgcc_s.so.1
7f5a8babc000-7f5a8bcbb000 ---p 00015000 08:03 21761542                   /lib/x86_64-linux-gnu/libgcc_s.so.1
7f5a8bcbb000-7f5a8bcbc000 r--p 00014000 08:03 21761542                   /lib/x86_64-linux-gnu/libgcc_s.so.1
7f5a8bcbc000-7f5a8bcbd000 rw-p 00015000 08:03 21761542                   /lib/x86_64-linux-gnu/libgcc_s.so.1
7f5a8bcbd000-7f5a8bdb6000 r-xp 00000000 08:03 21758079                   /lib/x86_64-linux-gnu/libm-2.15.so
7f5a8bdb6000-7f5a8bfb5000 ---p 000f9000 08:03 21758079                   /lib/x86_64-linux-gnu/libm-2.15.so
7f5a8bfb5000-7f5a8bfb6000 r--p 000f8000 08:03 21758079                   /lib/x86_64-linux-gnu/libm-2.15.so
7f5a8bfb6000-7f5a8bfb7000 rw-p 000f9000 08:03 21758079                   /lib/x86_64-linux-gnu/libm-2.15.so
7f5a8bfb7000-7f5a8c099000 r-xp 00000000 08:03 18488773                   /usr/lib/x86_64-linux-gnu/libstdc++.so.6.0.16
7f5a8c099000-7f5a8c298000 ---p 000e2000 08:03 18488773                   /usr/lib/x86_64-linux-gnu/libstdc++.so.6.0.16
7f5a8c298000-7f5a8c2a0000 r--p 000e1000 08:03 18488773                   /usr/lib/x86_64-linux-gnu/libstdc++.so.6.0.16
7f5a8c2a0000-7f5a8c2a2000 rw-p 000e9000 08:03 18488773                   /usr/lib/x86_64-linux-gnu/libstdc++.so.6.0.16
7f5a8c2a2000-7f5a8c2b7000 rw-p 00000000 00:00 0 
7f5a8c2b7000-7f5a8cbbb000 r-xp 00000000 08:03 18618878                   /usr/lib/jvm/java-6-openjdk-amd64/jre/lib/amd64/server/libjvm.so
7f5a8cbbb000-7f5a8cdbb000 ---p 00904000 08:03 18618878                   /usr/lib/jvm/java-6-openjdk-amd64/jre/lib/amd64/server/libjvm.so
7f5a8cdbb000-7f5a8ce3b000 r--p 00904000 08:03 18618878                   /usr/lib/jvm/java-6-openjdk-amd64/jre/lib/amd64/server/libjvm.so
7f5a8ce3b000-7f5a8ce56000 rw-p 00984000 08:03 18618878                   /usr/lib/jvm/java-6-openjdk-amd64/jre/lib/amd64/server/libjvm.so
7f5a8ce56000-7f5a8ce7f000 rw-p 00000000 00:00 0 
7f5a8ce7f000-7f5a8ce95000 r-xp 00000000 08:03 21761632                   /lib/x86_64-linux-gnu/libz.so.1.2.3.4
7f5a8ce95000-7f5a8d094000 ---p 00016000 08:03 21761632                   /lib/x86_64-linux-gnu/libz.so.1.2.3.4
7f5a8d094000-7f5a8d095000 r--p 00015000 08:03 21761632                   /lib/x86_64-linux-gnu/libz.so.1.2.3.4
7f5a8d095000-7f5a8d096000 rw-p 00016000 08:03 21761632                   /lib/x86_64-linux-gnu/libz.so.1.2.3.4
7f5a8d096000-7f5a8d24b000 r-xp 00000000 08:03 21757975                   /lib/x86_64-linux-gnu/libc-2.15.so
7f5a8d24b000-7f5a8d44a000 ---p 001b5000 08:03 21757975                   /lib/x86_64-linux-gnu/libc-2.15.so
7f5a8d44a000-7f5a8d44e000 r--p 001b4000 08:03 21757975                   /lib/x86_64-linux-gnu/libc-2.15.so
7f5a8d44e000-7f5a8d450000 rw-p 001b8000 08:03 21757975                   /lib/x86_64-linux-gnu/libc-2.15.so
7f5a8d450000-7f5a8d455000 rw-p 00000000 00:00 0 
7f5a8d455000-7f5a8d457000 r-xp 00000000 08:03 21757964                   /lib/x86_64-linux-gnu/libdl-2.15.so
7f5a8d457000-7f5a8d657000 ---p 00002000 08:03 21757964                   /lib/x86_64-linux-gnu/libdl-2.15.so
7f5a8d657000-7f5a8d658000 r--p 00002000 08:03 21757964                   /lib/x86_64-linux-gnu/libdl-2.15.so
7f5a8d658000-7f5a8d659000 rw-p 00003000 08:03 21757964                   /lib/x86_64-linux-gnu/libdl-2.15.so
7f5a8d659000-7f5a8d65d000 r-xp 00000000 08:03 18618855                   /usr/lib/jvm/java-6-openjdk-amd64/jre/lib/amd64/jli/libjli.so
7f5a8d65d000-7f5a8d85c000 ---p 00004000 08:03 18618855                   /usr/lib/jvm/java-6-openjdk-amd64/jre/lib/amd64/jli/libjli.so
7f5a8d85c000-7f5a8d85d000 r--p 00003000 08:03 18618855                   /usr/lib/jvm/java-6-openjdk-amd64/jre/lib/amd64/jli/libjli.so
7f5a8d85d000-7f5a8d85e000 rw-p 00004000 08:03 18618855                   /usr/lib/jvm/java-6-openjdk-amd64/jre/lib/amd64/jli/libjli.so
7f5a8d85e000-7f5a8d876000 r-xp 00000000 08:03 21758073                   /lib/x86_64-linux-gnu/libpthread-2.15.so
7f5a8d876000-7f5a8da75000 ---p 00018000 08:03 21758073                   /lib/x86_64-linux-gnu/libpthread-2.15.so
7f5a8da75000-7f5a8da76000 r--p 00017000 08:03 21758073                   /lib/x86_64-linux-gnu/libpthread-2.15.so
7f5a8da76000-7f5a8da77000 rw-p 00018000 08:03 21758073                   /lib/x86_64-linux-gnu/libpthread-2.15.so
7f5a8da77000-7f5a8da7b000 rw-p 00000000 00:00 0 
7f5a8da7b000-7f5a8da9d000 r-xp 00000000 08:03 21758085                   /lib/x86_64-linux-gnu/ld-2.15.so
7f5a8da9d000-7f5a8daa0000 r--s 00000000 08:03 19927196                   /var/cache/fontconfig/e13b20fdb08344e0e664864cc2ede53d-le64.cache-3
7f5a8daa0000-7f5a8daa2000 r--s 00000000 08:03 19927123                   /var/cache/fontconfig/99e8ed0e538f840c565b6ed5dad60d56-le64.cache-3
7f5a8daa2000-7f5a8daa6000 r--s 00000000 08:03 19927109                   /var/cache/fontconfig/2cd17615ca594fa2959ae173292e504c-le64.cache-3
7f5a8daa6000-7f5a8daab000 r--s 00000000 08:03 19927110                   /var/cache/fontconfig/3047814df9a2f067bd2d96a2b9c36e5a-le64.cache-3
7f5a8daab000-7f5a8dabb000 r--s 00000000 08:03 19927130                   /var/cache/fontconfig/d52a8644073d54c13679302ca1180695-le64.cache-3
7f5a8dabb000-7f5a8dac5000 rw-p 00000000 00:00 0 
7f5a8dac5000-7f5a8db7b000 rw-p 00000000 00:00 0 
7f5a8db7b000-7f5a8db7e000 ---p 00000000 00:00 0 
7f5a8db7e000-7f5a8dc81000 rw-p 00000000 00:00 0 
7f5a8dc81000-7f5a8dc82000 r--s 00000000 08:03 19927134                   /var/cache/fontconfig/e7071f4a29fa870f4323321c154eba04-le64.cache-3
7f5a8dc82000-7f5a8dc83000 r--s 00000000 08:03 19927107                   /var/cache/fontconfig/0d8c3b2ac0904cb8a57a757ad11a4a08-le64.cache-3
7f5a8dc83000-7f5a8dc84000 r--s 00000000 08:03 19927115                   /var/cache/fontconfig/56cf4f4769d0f4abc89a4895d7bd3ae1-le64.cache-3
7f5a8dc84000-7f5a8dc85000 r--s 00000000 08:03 19927126                   /var/cache/fontconfig/b9d506c9ac06c20b433354fa67a72993-le64.cache-3
7f5a8dc85000-7f5a8dc8a000 r--s 00000000 08:03 19927125                   /var/cache/fontconfig/b47c4e1ecd0709278f4910c18777a504-le64.cache-3
7f5a8dc8a000-7f5a8dc8d000 r--s 00000000 08:03 19927196                   /var/cache/fontconfig/e13b20fdb08344e0e664864cc2ede53d-le64.cache-3
7f5a8dc8d000-7f5a8dc91000 r--s 00000000 08:03 19927452                   /var/cache/fontconfig/7ef2298fde41cc6eeb7af42e48b7d293-le64.cache-3
7f5a8dc91000-7f5a8dc99000 rw-s 00000000 08:03 8126514                    /tmp/hsperfdata_arwilczek90/17853 (deleted)
7f5a8dc99000-7f5a8dc9a000 rw-p 00000000 00:00 0 
7f5a8dc9a000-7f5a8dc9b000 ---p 00000000 00:00 0 
7f5a8dc9b000-7f5a8dc9d000 rw-p 00000000 00:00 0 
7f5a8dc9d000-7f5a8dc9e000 r--p 00022000 08:03 21758085                   /lib/x86_64-linux-gnu/ld-2.15.so
7f5a8dc9e000-7f5a8dca0000 rw-p 00023000 08:03 21758085                   /lib/x86_64-linux-gnu/ld-2.15.so
7fff1926f000-7fff19290000 rw-p 00000000 00:00 0                          [stack]
7fff192ef000-7fff192f0000 r-xp 00000000 00:00 0                          [vdso]
ffffffffff600000-ffffffffff601000 r-xp 00000000 00:00 0                  [vsyscall]

VM Arguments:
jvm_args: -Djava.library.path=/home/arwilczek90/workspace/Elements/lib/slick:/home/arwilczek90/workspace/Elements/lib/slick -Dfile.encoding=UTF-8 
java_command: com.hack.elements.view.Main
Launcher Type: SUN_STANDARD

Environment Variables:
PATH=/usr/lib/lightdm/lightdm:/usr/local/sbin:/usr/local/bin:/usr/sbin:/usr/bin:/sbin:/bin:/usr/games
LD_LIBRARY_PATH=/usr/lib/jvm/java-6-openjdk-amd64/jre/lib/amd64/server:/usr/lib/jvm/java-6-openjdk-amd64/jre/lib/amd64:/usr/lib/jvm/java-6-openjdk-amd64/jre/../lib/amd64
SHELL=/bin/bash
DISPLAY=:0.0

Signal Handlers:
SIGSEGV: [libjvm.so+0x784310], sa_mask[0]=0x7ffbfeff, sa_flags=0x10000004
SIGBUS: [libjvm.so+0x784310], sa_mask[0]=0x7ffbfeff, sa_flags=0x10000004
SIGFPE: [libjvm.so+0x648580], sa_mask[0]=0x7ffbfeff, sa_flags=0x10000004
SIGPIPE: [libjvm.so+0x648580], sa_mask[0]=0x7ffbfeff, sa_flags=0x10000004
SIGXFSZ: [libjvm.so+0x648580], sa_mask[0]=0x7ffbfeff, sa_flags=0x10000004
SIGILL: [libjvm.so+0x648580], sa_mask[0]=0x7ffbfeff, sa_flags=0x10000004
SIGUSR1: SIG_DFL, sa_mask[0]=0x00000000, sa_flags=0x00000000
SIGUSR2: [libjvm.so+0x648730], sa_mask[0]=0x00000004, sa_flags=0x10000004
SIGHUP: [libjvm.so+0x64b250], sa_mask[0]=0x7ffbfeff, sa_flags=0x10000004
SIGINT: [libjvm.so+0x64b250], sa_mask[0]=0x7ffbfeff, sa_flags=0x10000004
SIGTERM: [libjvm.so+0x64b250], sa_mask[0]=0x7ffbfeff, sa_flags=0x10000004
SIGQUIT: [libjvm.so+0x64b250], sa_mask[0]=0x7ffbfeff, sa_flags=0x10000004


---------------  S Y S T E M  ---------------

OS:Ubuntu 12.04 (precise)
uname:Linux 3.2.0-32-generic #51-Ubuntu SMP Wed Sep 26 21:33:09 UTC 2012 x86_64
libc:glibc 2.15 NPTL 2.15 
rlimit: STACK 8192k, CORE 0k, NPROC 59545, NOFILE 4096, AS infinity
load average:0.70 0.70 0.59

/proc/meminfo:
MemTotal:        7639648 kB
MemFree:         3977192 kB
Buffers:          128604 kB
Cached:          1222496 kB
SwapCached:            0 kB
Active:          2415556 kB
Inactive:         748836 kB
Active(anon):    1813760 kB
Inactive(anon):    15456 kB
Active(file):     601796 kB
Inactive(file):   733380 kB
Unevictable:          20 kB
Mlocked:              20 kB
SwapTotal:       3818492 kB
SwapFree:        3818492 kB
Dirty:                72 kB
Writeback:             0 kB
AnonPages:       1813356 kB
Mapped:           317612 kB
Shmem:             15924 kB
Slab:             106556 kB
SReclaimable:      76064 kB
SUnreclaim:        30492 kB
KernelStack:        4096 kB
PageTables:        34836 kB
NFS_Unstable:          0 kB
Bounce:                0 kB
WritebackTmp:          0 kB
CommitLimit:     7638316 kB
Committed_AS:    4340776 kB
VmallocTotal:   34359738367 kB
VmallocUsed:      116912 kB
VmallocChunk:   34359619344 kB
HardwareCorrupted:     0 kB
AnonHugePages:         0 kB
HugePages_Total:       0
HugePages_Free:        0
HugePages_Rsvd:        0
HugePages_Surp:        0
Hugepagesize:       2048 kB
DirectMap4k:      329728 kB
DirectMap2M:     5416960 kB
DirectMap1G:     2097152 kB


CPU:total 4 (4 cores per cpu, 1 threads per core) family 18 model 1 stepping 0, cmov, cx8, fxsr, mmx, sse, sse2, sse3, popcnt, mmxext, 3dnowpref, lzcnt, sse4a

Memory: 4k page, physical 7639648k(3977192k free), swap 3818492k(3818492k free)

vm_info: OpenJDK 64-Bit Server VM (20.0-b12) for linux-amd64 JRE (1.6.0_24-b24), built on Sep  2 2012 19:50:47 by "buildd" with gcc 4.6.3

time: Sat Oct 13 23:00:56 2012
elapsed time: 171 seconds

